[35m[Appium][39m Welcome to Appium v1.8.1
[35m[Appium][39m Non-default server args:
[35m[Appium][39m   port: 55106
[35m[Appium][39m   loglevel: info
[35m[Appium][39m   chromeDriverPort: 55107
[35m[Appium][39m   tmpDir: C:\Users\marco\AppData\Local\Temp\\Katalon\Appium\Temp1551196191068
[35m[Appium][39m Appium REST http interface listener started on 0.0.0.0:55106
[35m[HTTP][39m [37m-->[39m [37mGET[39m [37m/wd/hub/status[39m
[35m[HTTP][39m [90m{}[39m
[35m[HTTP][39m [37m<-- GET /wd/hub/status [39m[32m200[39m [90m47 ms - 83[39m
[35m[HTTP][39m [90m[39m
[35m[HTTP][39m [37m-->[39m [37mPOST[39m [37m/wd/hub/session[39m
[35m[HTTP][39m [90m{"desiredCapabilities":{"app":"C:\\Users\\MSA-testautomation\\59.apk","autoGrantPermissions":true,"automationName":"uiautomator2","deviceName":"samsung SM-G935F (Android 8.0.0)","fullReset":false,"newCommandTimeout":1800,"noReset":true,"platform":"ANDROID","platformName":"Android","udid":"9885f7504651473733"},"capabilities":{"desiredCapabilities":{"app":"C:\\Users\\MSA-testautomation\\59.apk","autoGrantPermissions":true,"automationName":"uiautomator2","deviceName":"samsung SM-G935F (Android 8.0.0)","fullReset":false,"newCommandTimeout":1800,"noReset":true,"platform":"ANDROID","platformName":"Android","udid":"9885f7504651473733"},"firstMatch":[{"platformName":"android"}]}}[39m
[35m[Appium][39m Could not parse W3C capabilities: 'deviceName' can't be blank. Falling back to JSONWP protocol.
[35m[Appium][39m The following capabilities were provided in the JSONWP desired capabilities that are missing in W3C capabilities: ["app","autoGrantPermissions","automationName","deviceName","fullReset","newCommandTimeout","noReset","platform","platformName","udid"]. Falling back to JSONWP protocol.
[35m[Appium][39m Creating new AndroidUiautomator2Driver (v1.12.0) session
[35m[Appium][39m Capabilities:
[35m[Appium][39m   app: C:\Users\MSA-testautomation\59.apk
[35m[Appium][39m   autoGrantPermissions: true
[35m[Appium][39m   automationName: uiautomator2
[35m[Appium][39m   deviceName: samsung SM-G935F (Android 8.0.0)
[35m[Appium][39m   fullReset: false
[35m[Appium][39m   newCommandTimeout: 1800
[35m[Appium][39m   noReset: true
[35m[Appium][39m   platform: ANDROID
[35m[Appium][39m   platformName: Android
[35m[Appium][39m   udid: 9885f7504651473733
[35m[BaseDriver][39m The following capabilities were provided, but are not recognized by appium: platform.
[35m[BaseDriver][39m Session created with session id: eb0ba6a6-c3f0-40a6-be36-d1050bf68686
[35m[BaseDriver][39m Using local app 'C:\Users\MSA-testautomation\59.apk'
[35m[AndroidDriver][39m Java version is: 1.8.0_181
[35m[ADB][39m Checking whether adb is present
[35m[ADB][39m Found 1 'build-tools' folders under 'C:\Users\marco\.katalon\tools\android_sdk' (newest first):
[35m[ADB][39m     C:/Users/marco/.katalon/tools/android_sdk/build-tools/28.0.3
[35m[ADB][39m Using adb.exe from C:\Users\marco\.katalon\tools\android_sdk\platform-tools\adb.exe
[35m[AndroidDriver][39m Retrieving device list
[35m[AndroidDriver][39m Using device: 9885f7504651473733
[35m[ADB][39m Using the alternative activity name detection method because of: Could not find apkanalyzer.bat in C:\Users\marco\.katalon\tools\android_sdk\platform-tools\apkanalyzer.bat,C:\Users\marco\.katalon\tools\android_sdk\emulator\apkanalyzer.bat,C:\Users\marco\.katalon\tools\android_sdk\tools\apkanalyzer.bat,C:\Users\marco\.katalon\tools\android_sdk\tools\bin\apkanalyzer.bat,C:\Users\marco\.katalon\tools\android_sdk\build-tools\28.0.3\apkanalyzer.bat. Do you have the Android SDK installed at 'C:\Users\marco\.katalon\tools\android_sdk'?
[35m[ADB][39m Checking whether aapt is present
[35m[ADB][39m Using aapt.exe from C:\Users\marco\.katalon\tools\android_sdk\build-tools\28.0.3\aapt.exe
[35m[ADB][39m Extracting package and launch activity from manifest
[35m[ADB][39m Package name: 'it.sky.msa'
[35m[ADB][39m Main activity name: 'it.sky.msa.welcome.SplashActivity'
[35m[ADB][39m Getting device platform version
[35m[ADB][39m Using apksigner.bat from C:\Users\marco\.katalon\tools\android_sdk\build-tools\28.0.3\apksigner.bat
[35m[ADB][39m Checking whether zipalign is present
[35m[ADB][39m Using zipalign.exe from C:\Users\marco\.katalon\tools\android_sdk\build-tools\28.0.3\zipalign.exe
[35m[ADB][39m io.appium.uiautomator2.server was successfully uninstalled
[35m[ADB][39m io.appium.uiautomator2.server.test was successfully uninstalled
[35m[AndroidDriver][39m setDeviceLanguageCountry requires language or country.
[35m[AndroidDriver][39m Got language: 'null' and country: 'null'
[35m[ADB][39m Successfully extracted 218 strings from 'C:\Users\MSA-testautomation\59.apk' resources for '(default)' configuration
[35m[UiAutomator2][39m Starting uiautomator2 server 1.12.0
[35m[UiAutomator2][39m Using UIAutomator2 server from 'C:\Users\marco\AppData\Roaming\npm\node_modules\appium\node_modules\appium-uiautomator2-server\apks\appium-uiautomator2-server-v1.12.0.apk' and test from 'C:\Users\marco\AppData\Roaming\npm\node_modules\appium\node_modules\appium-uiautomator2-server\apks\appium-uiautomator2-server-debug-androidTest.apk'
[35m[UiAutomator2][39m Running command: 'adb -s 9885f7504651473733 shell am instrument -w io.appium.uiautomator2.server.test/android.support.test.runner.AndroidJUnitRunner'
[35m[UiAutomator2][39m Waiting up to 20000ms for UiAutomator2 to be online...
[35m[AndroidDriver][39m Screen already unlocked, doing nothing
[35m[UiAutomator2][39m UiAutomator2 did not start the activity we were waiting for, 'it.sky.msa/it.sky.msa.welcome.SplashActivity'. Starting it ourselves
[35m[Appium][39m New AndroidUiautomator2Driver session created successfully, session eb0ba6a6-c3f0-40a6-be36-d1050bf68686 added to master session list
[35m[HTTP][39m [37m<-- POST /wd/hub/session [39m[32m200[39m [90m27492 ms - 1133[39m
[35m[HTTP][39m [90m[39m
[35m[HTTP][39m [37m-->[39m [37mGET[39m [37m/wd/hub/status[39m
[35m[HTTP][39m [90m{}[39m
[35m[HTTP][39m [37m<-- GET /wd/hub/status [39m[32m200[39m [90m49 ms - 55[39m
[35m[HTTP][39m [90m[39m
[35m[HTTP][39m [37m-->[39m [37mPOST[39m [37m/wd/hub/session/eb0ba6a6-c3f0-40a6-be36-d1050bf68686/timeouts[39m
[35m[HTTP][39m [90m{"type":"implicit","ms":30000}[39m
[35m[HTTP][39m [37m<-- POST /wd/hub/session/eb0ba6a6-c3f0-40a6-be36-d1050bf68686/timeouts [39m[33m400[39m [90m16 ms - 5204[39m
[35m[HTTP][39m [90m[39m
[35m[HTTP][39m [37m-->[39m [37mGET[39m [37m/wd/hub/session/eb0ba6a6-c3f0-40a6-be36-d1050bf68686/window/current/size[39m
[35m[HTTP][39m [90m{}[39m
[35m[W3C][39m Driver proxy active, passing request on via HTTP proxy
[35m[JSONWP Proxy][39m Replacing sessionId 89e74ea1-fccf-418a-a405-defb01999815 with eb0ba6a6-c3f0-40a6-be36-d1050bf68686
[35m[HTTP][39m [37m<-- GET /wd/hub/session/eb0ba6a6-c3f0-40a6-be36-d1050bf68686/window/current/size [39m[32m200[39m [90m57 ms - 100[39m
[35m[HTTP][39m [90m[39m
[35m[HTTP][39m [37m-->[39m [37mPOST[39m [37m/wd/hub/session/eb0ba6a6-c3f0-40a6-be36-d1050bf68686/elements[39m
[35m[HTTP][39m [90m{"using":"-android uiautomator","value":"new UiSelector().className(\"android.widget.TextView\").text(\"Guida TV\").resourceId(\"it.sky.msa:id/title\").instance(5)"}[39m
[35m[HTTP][39m [37m<-- POST /wd/hub/session/eb0ba6a6-c3f0-40a6-be36-d1050bf68686/elements [39m[32m200[39m [90m56 ms - 74[39m
[35m[HTTP][39m [90m[39m
[35m[HTTP][39m [37m-->[39m [37mPOST[39m [37m/wd/hub/session/eb0ba6a6-c3f0-40a6-be36-d1050bf68686/elements[39m
[35m[HTTP][39m [90m{"using":"-android uiautomator","value":"new UiSelector().className(\"android.widget.TextView\").text(\"Guida TV\").resourceId(\"it.sky.msa:id/title\").instance(5)"}[39m
[35m[HTTP][39m [37m<-- POST /wd/hub/session/eb0ba6a6-c3f0-40a6-be36-d1050bf68686/elements [39m[32m200[39m [90m34 ms - 74[39m
[35m[HTTP][39m [90m[39m
[35m[HTTP][39m [37m-->[39m [37mPOST[39m [37m/wd/hub/session/eb0ba6a6-c3f0-40a6-be36-d1050bf68686/elements[39m
[35m[HTTP][39m [90m{"using":"-android uiautomator","value":"new UiSelector().className(\"android.widget.TextView\").text(\"Guida TV\").resourceId(\"it.sky.msa:id/title\").instance(5)"}[39m
[35m[HTTP][39m [37m<-- POST /wd/hub/session/eb0ba6a6-c3f0-40a6-be36-d1050bf68686/elements [39m[32m200[39m [90m90 ms - 74[39m
[35m[HTTP][39m [90m[39m
[35m[HTTP][39m [37m-->[39m [37mPOST[39m [37m/wd/hub/session/eb0ba6a6-c3f0-40a6-be36-d1050bf68686/elements[39m
[35m[HTTP][39m [90m{"using":"-android uiautomator","value":"new UiSelector().className(\"android.widget.TextView\").text(\"Guida TV\").resourceId(\"it.sky.msa:id/title\").instance(5)"}[39m
[35m[HTTP][39m [37m<-- POST /wd/hub/session/eb0ba6a6-c3f0-40a6-be36-d1050bf68686/elements [39m[32m200[39m [90m44 ms - 74[39m
[35m[HTTP][39m [90m[39m
[35m[HTTP][39m [37m-->[39m [37mPOST[39m [37m/wd/hub/session/eb0ba6a6-c3f0-40a6-be36-d1050bf68686/elements[39m
[35m[HTTP][39m [90m{"using":"-android uiautomator","value":"new UiSelector().className(\"android.widget.TextView\").text(\"Guida TV\").resourceId(\"it.sky.msa:id/title\").instance(5)"}[39m
[35m[HTTP][39m [37m<-- POST /wd/hub/session/eb0ba6a6-c3f0-40a6-be36-d1050bf68686/elements [39m[32m200[39m [90m40 ms - 74[39m
[35m[HTTP][39m [90m[39m
[35m[HTTP][39m [37m-->[39m [37mPOST[39m [37m/wd/hub/session/eb0ba6a6-c3f0-40a6-be36-d1050bf68686/elements[39m
[35m[HTTP][39m [90m{"using":"-android uiautomator","value":"new UiSelector().className(\"android.widget.TextView\").text(\"Guida TV\").resourceId(\"it.sky.msa:id/title\").instance(5)"}[39m
[35m[HTTP][39m [37m<-- POST /wd/hub/session/eb0ba6a6-c3f0-40a6-be36-d1050bf68686/elements [39m[32m200[39m [90m84 ms - 74[39m
[35m[HTTP][39m [90m[39m
[35m[HTTP][39m [37m-->[39m [37mPOST[39m [37m/wd/hub/session/eb0ba6a6-c3f0-40a6-be36-d1050bf68686/elements[39m
[35m[HTTP][39m [90m{"using":"-android uiautomator","value":"new UiSelector().className(\"android.widget.TextView\").text(\"Guida TV\").resourceId(\"it.sky.msa:id/title\").instance(5)"}[39m
[35m[HTTP][39m [37m<-- POST /wd/hub/session/eb0ba6a6-c3f0-40a6-be36-d1050bf68686/elements [39m[32m200[39m [90m71 ms - 74[39m
[35m[HTTP][39m [90m[39m
[35m[HTTP][39m [37m-->[39m [37mPOST[39m [37m/wd/hub/session/eb0ba6a6-c3f0-40a6-be36-d1050bf68686/elements[39m
[35m[HTTP][39m [90m{"using":"-android uiautomator","value":"new UiSelector().className(\"android.widget.TextView\").text(\"Guida TV\").resourceId(\"it.sky.msa:id/title\").instance(5)"}[39m
[35m[HTTP][39m [37m<-- POST /wd/hub/session/eb0ba6a6-c3f0-40a6-be36-d1050bf68686/elements [39m[32m200[39m [90m58 ms - 74[39m
[35m[HTTP][39m [90m[39m
[35m[HTTP][39m [37m-->[39m [37mPOST[39m [37m/wd/hub/session/eb0ba6a6-c3f0-40a6-be36-d1050bf68686/elements[39m
[35m[HTTP][39m [90m{"using":"-android uiautomator","value":"new UiSelector().className(\"android.widget.TextView\").text(\"Guida TV\").resourceId(\"it.sky.msa:id/title\").instance(5)"}[39m
[35m[HTTP][39m [37m<-- POST /wd/hub/session/eb0ba6a6-c3f0-40a6-be36-d1050bf68686/elements [39m[32m200[39m [90m69 ms - 74[39m
[35m[HTTP][39m [90m[39m
[35m[HTTP][39m [37m-->[39m [37mPOST[39m [37m/wd/hub/session/eb0ba6a6-c3f0-40a6-be36-d1050bf68686/elements[39m
[35m[HTTP][39m [90m{"using":"-android uiautomator","value":"new UiSelector().className(\"android.widget.TextView\").text(\"Guida TV\").resourceId(\"it.sky.msa:id/title\").instance(5)"}[39m
[35m[HTTP][39m [37m<-- POST /wd/hub/session/eb0ba6a6-c3f0-40a6-be36-d1050bf68686/elements [39m[32m200[39m [90m65 ms - 74[39m
[35m[HTTP][39m [90m[39m
[35m[HTTP][39m [37m-->[39m [37mPOST[39m [37m/wd/hub/session/eb0ba6a6-c3f0-40a6-be36-d1050bf68686/elements[39m
[35m[HTTP][39m [90m{"using":"-android uiautomator","value":"new UiSelector().className(\"android.widget.TextView\").text(\"Guida TV\").resourceId(\"it.sky.msa:id/title\").instance(5)"}[39m
[35m[HTTP][39m [37m<-- POST /wd/hub/session/eb0ba6a6-c3f0-40a6-be36-d1050bf68686/elements [39m[32m200[39m [90m69 ms - 74[39m
[35m[HTTP][39m [90m[39m
[35m[HTTP][39m [37m-->[39m [37mPOST[39m [37m/wd/hub/session/eb0ba6a6-c3f0-40a6-be36-d1050bf68686/elements[39m
[35m[HTTP][39m [90m{"using":"-android uiautomator","value":"new UiSelector().className(\"android.widget.TextView\").text(\"Guida TV\").resourceId(\"it.sky.msa:id/title\").instance(5)"}[39m
[35m[HTTP][39m [37m<-- POST /wd/hub/session/eb0ba6a6-c3f0-40a6-be36-d1050bf68686/elements [39m[32m200[39m [90m67 ms - 74[39m
[35m[HTTP][39m [90m[39m
[35m[HTTP][39m [37m-->[39m [37mPOST[39m [37m/wd/hub/session/eb0ba6a6-c3f0-40a6-be36-d1050bf68686/elements[39m
[35m[HTTP][39m [90m{"using":"-android uiautomator","value":"new UiSelector().className(\"android.widget.TextView\").text(\"Guida TV\").resourceId(\"it.sky.msa:id/title\").instance(5)"}[39m
[35m[HTTP][39m [37m<-- POST /wd/hub/session/eb0ba6a6-c3f0-40a6-be36-d1050bf68686/elements [39m[32m200[39m [90m72 ms - 74[39m
[35m[HTTP][39m [90m[39m
[35m[HTTP][39m [37m-->[39m [37mPOST[39m [37m/wd/hub/session/eb0ba6a6-c3f0-40a6-be36-d1050bf68686/elements[39m
[35m[HTTP][39m [90m{"using":"-android uiautomator","value":"new UiSelector().className(\"android.widget.TextView\").text(\"Guida TV\").resourceId(\"it.sky.msa:id/title\").instance(5)"}[39m
[35m[HTTP][39m [37m<-- POST /wd/hub/session/eb0ba6a6-c3f0-40a6-be36-d1050bf68686/elements [39m[32m200[39m [90m80 ms - 74[39m
[35m[HTTP][39m [90m[39m
[35m[HTTP][39m [37m-->[39m [37mPOST[39m [37m/wd/hub/session/eb0ba6a6-c3f0-40a6-be36-d1050bf68686/elements[39m
[35m[HTTP][39m [90m{"using":"-android uiautomator","value":"new UiSelector().className(\"android.widget.TextView\").text(\"Guida TV\").resourceId(\"it.sky.msa:id/title\").instance(5)"}[39m
[35m[HTTP][39m [37m<-- POST /wd/hub/session/eb0ba6a6-c3f0-40a6-be36-d1050bf68686/elements [39m[32m200[39m [90m76 ms - 74[39m
[35m[HTTP][39m [90m[39m
[35m[HTTP][39m [37m-->[39m [37mPOST[39m [37m/wd/hub/session/eb0ba6a6-c3f0-40a6-be36-d1050bf68686/elements[39m
[35m[HTTP][39m [90m{"using":"-android uiautomator","value":"new UiSelector().className(\"android.widget.TextView\").text(\"Guida TV\").resourceId(\"it.sky.msa:id/title\").instance(5)"}[39m
[35m[HTTP][39m [37m<-- POST /wd/hub/session/eb0ba6a6-c3f0-40a6-be36-d1050bf68686/elements [39m[32m200[39m [90m74 ms - 74[39m
[35m[HTTP][39m [90m[39m
[35m[HTTP][39m [37m-->[39m [37mPOST[39m [37m/wd/hub/session/eb0ba6a6-c3f0-40a6-be36-d1050bf68686/elements[39m
[35m[HTTP][39m [90m{"using":"-android uiautomator","value":"new UiSelector().className(\"android.widget.TextView\").text(\"Guida TV\").resourceId(\"it.sky.msa:id/title\").instance(5)"}[39m
[35m[HTTP][39m [37m<-- POST /wd/hub/session/eb0ba6a6-c3f0-40a6-be36-d1050bf68686/elements [39m[32m200[39m [90m70 ms - 74[39m
[35m[HTTP][39m [90m[39m
[35m[HTTP][39m [37m-->[39m [37mPOST[39m [37m/wd/hub/session/eb0ba6a6-c3f0-40a6-be36-d1050bf68686/elements[39m
[35m[HTTP][39m [90m{"using":"-android uiautomator","value":"new UiSelector().className(\"android.widget.TextView\").text(\"Guida TV\").resourceId(\"it.sky.msa:id/title\").instance(5)"}[39m
[35m[HTTP][39m [37m<-- POST /wd/hub/session/eb0ba6a6-c3f0-40a6-be36-d1050bf68686/elements [39m[32m200[39m [90m88 ms - 74[39m
[35m[HTTP][39m [90m[39m
[35m[HTTP][39m [37m-->[39m [37mPOST[39m [37m/wd/hub/session/eb0ba6a6-c3f0-40a6-be36-d1050bf68686/elements[39m
[35m[HTTP][39m [90m{"using":"-android uiautomator","value":"new UiSelector().className(\"android.widget.TextView\").text(\"Guida TV\").resourceId(\"it.sky.msa:id/title\").instance(5)"}[39m
[35m[HTTP][39m [37m<-- POST /wd/hub/session/eb0ba6a6-c3f0-40a6-be36-d1050bf68686/elements [39m[32m200[39m [90m66 ms - 74[39m
[35m[HTTP][39m [90m[39m
[35m[HTTP][39m [37m-->[39m [37mPOST[39m [37m/wd/hub/session/eb0ba6a6-c3f0-40a6-be36-d1050bf68686/elements[39m
[35m[HTTP][39m [90m{"using":"-android uiautomator","value":"new UiSelector().className(\"android.widget.TextView\").text(\"Guida TV\").resourceId(\"it.sky.msa:id/title\").instance(5)"}[39m
[35m[HTTP][39m [37m<-- POST /wd/hub/session/eb0ba6a6-c3f0-40a6-be36-d1050bf68686/elements [39m[32m200[39m [90m57 ms - 74[39m
[35m[HTTP][39m [90m[39m
[35m[HTTP][39m [37m-->[39m [37mPOST[39m [37m/wd/hub/session/eb0ba6a6-c3f0-40a6-be36-d1050bf68686/elements[39m
[35m[HTTP][39m [90m{"using":"-android uiautomator","value":"new UiSelector().className(\"android.widget.TextView\").text(\"Guida TV\").resourceId(\"it.sky.msa:id/title\").instance(5)"}[39m
[35m[HTTP][39m [37m<-- POST /wd/hub/session/eb0ba6a6-c3f0-40a6-be36-d1050bf68686/elements [39m[32m200[39m [90m75 ms - 74[39m
[35m[HTTP][39m [90m[39m
[35m[HTTP][39m [37m-->[39m [37mPOST[39m [37m/wd/hub/session/eb0ba6a6-c3f0-40a6-be36-d1050bf68686/elements[39m
[35m[HTTP][39m [90m{"using":"-android uiautomator","value":"new UiSelector().className(\"android.widget.TextView\").text(\"Guida TV\").resourceId(\"it.sky.msa:id/title\").instance(5)"}[39m
[35m[HTTP][39m [37m<-- POST /wd/hub/session/eb0ba6a6-c3f0-40a6-be36-d1050bf68686/elements [39m[32m200[39m [90m73 ms - 74[39m
[35m[HTTP][39m [90m[39m
[35m[HTTP][39m [37m-->[39m [37mPOST[39m [37m/wd/hub/session/eb0ba6a6-c3f0-40a6-be36-d1050bf68686/elements[39m
[35m[HTTP][39m [90m{"using":"-android uiautomator","value":"new UiSelector().className(\"android.widget.TextView\").text(\"Guida TV\").resourceId(\"it.sky.msa:id/title\").instance(5)"}[39m
[35m[HTTP][39m [37m<-- POST /wd/hub/session/eb0ba6a6-c3f0-40a6-be36-d1050bf68686/elements [39m[32m200[39m [90m47 ms - 74[39m
[35m[HTTP][39m [90m[39m
[35m[HTTP][39m [37m-->[39m [37mPOST[39m [37m/wd/hub/session/eb0ba6a6-c3f0-40a6-be36-d1050bf68686/elements[39m
[35m[HTTP][39m [90m{"using":"-android uiautomator","value":"new UiSelector().className(\"android.widget.TextView\").text(\"Guida TV\").resourceId(\"it.sky.msa:id/title\").instance(5)"}[39m
[35m[HTTP][39m [37m<-- POST /wd/hub/session/eb0ba6a6-c3f0-40a6-be36-d1050bf68686/elements [39m[32m200[39m [90m841 ms - 124[39m
[35m[HTTP][39m [90m[39m
[35m[HTTP][39m [37m-->[39m [37mGET[39m [37m/wd/hub/session/eb0ba6a6-c3f0-40a6-be36-d1050bf68686[39m
[35m[HTTP][39m [90m{}[39m
[35m[HTTP][39m [37m<-- GET /wd/hub/session/eb0ba6a6-c3f0-40a6-be36-d1050bf68686 [39m[32m200[39m [90m61 ms - 1133[39m
[35m[HTTP][39m [90m[39m
[35m[HTTP][39m [37m-->[39m [37mGET[39m [37m/wd/hub/session/eb0ba6a6-c3f0-40a6-be36-d1050bf68686[39m
[35m[HTTP][39m [90m{}[39m
[35m[HTTP][39m [37m<-- GET /wd/hub/session/eb0ba6a6-c3f0-40a6-be36-d1050bf68686 [39m[32m200[39m [90m29 ms - 1133[39m
[35m[HTTP][39m [90m[39m
[35m[HTTP][39m [37m-->[39m [37mGET[39m [37m/wd/hub/session/eb0ba6a6-c3f0-40a6-be36-d1050bf68686[39m
[35m[HTTP][39m [90m{}[39m
[35m[HTTP][39m [37m<-- GET /wd/hub/session/eb0ba6a6-c3f0-40a6-be36-d1050bf68686 [39m[32m200[39m [90m28 ms - 1133[39m
[35m[HTTP][39m [90m[39m
[35m[HTTP][39m [37m-->[39m [37mGET[39m [37m/wd/hub/session/eb0ba6a6-c3f0-40a6-be36-d1050bf68686[39m
[35m[HTTP][39m [90m{}[39m
[35m[HTTP][39m [37m<-- GET /wd/hub/session/eb0ba6a6-c3f0-40a6-be36-d1050bf68686 [39m[32m200[39m [90m27 ms - 1133[39m
[35m[HTTP][39m [90m[39m
[35m[HTTP][39m [37m-->[39m [37mGET[39m [37m/wd/hub/session/eb0ba6a6-c3f0-40a6-be36-d1050bf68686/element/b13eeb2d-351d-482b-953d-7d069ef4e58f/location[39m
[35m[HTTP][39m [90m{}[39m
[35m[W3C][39m Driver proxy active, passing request on via HTTP proxy
[35m[JSONWP Proxy][39m Replacing sessionId 89e74ea1-fccf-418a-a405-defb01999815 with eb0ba6a6-c3f0-40a6-be36-d1050bf68686
[35m[HTTP][39m [37m<-- GET /wd/hub/session/eb0ba6a6-c3f0-40a6-be36-d1050bf68686/element/b13eeb2d-351d-482b-953d-7d069ef4e58f/location [39m[32m200[39m [90m68 ms - 90[39m
[35m[HTTP][39m [90m[39m
[35m[HTTP][39m [37m-->[39m [37mPOST[39m [37m/wd/hub/session/eb0ba6a6-c3f0-40a6-be36-d1050bf68686/touch/perform[39m
[35m[HTTP][39m [90m{"actions":[{"action":"tap","options":{"element":"b13eeb2d-351d-482b-953d-7d069ef4e58f","x":1,"y":1}}]}[39m
[35m[UiAutomator2][39m calling get location: b13eeb2d-351d-482b-953d-7d069ef4e58f
[35m[HTTP][39m [37m<-- POST /wd/hub/session/eb0ba6a6-c3f0-40a6-be36-d1050bf68686/touch/perform [39m[32m200[39m [90m1096 ms - 76[39m
[35m[HTTP][39m [90m[39m
[35m[HTTP][39m [37m-->[39m [37mGET[39m [37m/wd/hub/session/eb0ba6a6-c3f0-40a6-be36-d1050bf68686/window/current/size[39m
[35m[HTTP][39m [90m{}[39m
[35m[W3C][39m Driver proxy active, passing request on via HTTP proxy
[35m[JSONWP Proxy][39m Replacing sessionId 89e74ea1-fccf-418a-a405-defb01999815 with eb0ba6a6-c3f0-40a6-be36-d1050bf68686
[35m[HTTP][39m [37m<-- GET /wd/hub/session/eb0ba6a6-c3f0-40a6-be36-d1050bf68686/window/current/size [39m[32m200[39m [90m84 ms - 100[39m
[35m[HTTP][39m [90m[39m
[35m[HTTP][39m [37m-->[39m [37mPOST[39m [37m/wd/hub/session/eb0ba6a6-c3f0-40a6-be36-d1050bf68686/elements[39m
[35m[HTTP][39m [90m{"using":"-android uiautomator","value":"new UiSelector().className(\"android.widget.TextView\").text(\"GUIDA TV\").resourceId(\"it.sky.msa:id/headerTitle\").instance(0)"}[39m
[35m[HTTP][39m [37m<-- POST /wd/hub/session/eb0ba6a6-c3f0-40a6-be36-d1050bf68686/elements [39m[32m200[39m [90m1269 ms - 124[39m
[35m[HTTP][39m [90m[39m
[35m[HTTP][39m [37m-->[39m [37mGET[39m [37m/wd/hub/session/eb0ba6a6-c3f0-40a6-be36-d1050bf68686[39m
[35m[HTTP][39m [90m{}[39m
[35m[HTTP][39m [37m<-- GET /wd/hub/session/eb0ba6a6-c3f0-40a6-be36-d1050bf68686 [39m[32m200[39m [90m30 ms - 1133[39m
[35m[HTTP][39m [90m[39m
[35m[HTTP][39m [37m-->[39m [37mGET[39m [37m/wd/hub/session/eb0ba6a6-c3f0-40a6-be36-d1050bf68686[39m
[35m[HTTP][39m [90m{}[39m
[35m[HTTP][39m [37m<-- GET /wd/hub/session/eb0ba6a6-c3f0-40a6-be36-d1050bf68686 [39m[32m200[39m [90m26 ms - 1133[39m
[35m[HTTP][39m [90m[39m
[35m[HTTP][39m [37m-->[39m [37mGET[39m [37m/wd/hub/session/eb0ba6a6-c3f0-40a6-be36-d1050bf68686[39m
[35m[HTTP][39m [90m{}[39m
[35m[HTTP][39m [37m<-- GET /wd/hub/session/eb0ba6a6-c3f0-40a6-be36-d1050bf68686 [39m[32m200[39m [90m28 ms - 1133[39m
[35m[HTTP][39m [90m[39m
[35m[HTTP][39m [37m-->[39m [37mGET[39m [37m/wd/hub/session/eb0ba6a6-c3f0-40a6-be36-d1050bf68686[39m
[35m[HTTP][39m [90m{}[39m
[35m[HTTP][39m [37m<-- GET /wd/hub/session/eb0ba6a6-c3f0-40a6-be36-d1050bf68686 [39m[32m200[39m [90m25 ms - 1133[39m
[35m[HTTP][39m [90m[39m
[35m[HTTP][39m [37m-->[39m [37mGET[39m [37m/wd/hub/session/eb0ba6a6-c3f0-40a6-be36-d1050bf68686/element/85061928-aa66-4702-b40e-32ba384ecae4/location[39m
[35m[HTTP][39m [90m{}[39m
[35m[W3C][39m Driver proxy active, passing request on via HTTP proxy
[35m[JSONWP Proxy][39m Replacing sessionId 89e74ea1-fccf-418a-a405-defb01999815 with eb0ba6a6-c3f0-40a6-be36-d1050bf68686
[35m[HTTP][39m [37m<-- GET /wd/hub/session/eb0ba6a6-c3f0-40a6-be36-d1050bf68686/element/85061928-aa66-4702-b40e-32ba384ecae4/location [39m[32m200[39m [90m61 ms - 88[39m
[35m[HTTP][39m [90m[39m
[35m[HTTP][39m [37m-->[39m [37mGET[39m [37m/wd/hub/session/eb0ba6a6-c3f0-40a6-be36-d1050bf68686/window/current/size[39m
[35m[HTTP][39m [90m{}[39m
[35m[W3C][39m Driver proxy active, passing request on via HTTP proxy
[35m[JSONWP Proxy][39m Replacing sessionId 89e74ea1-fccf-418a-a405-defb01999815 with eb0ba6a6-c3f0-40a6-be36-d1050bf68686
[35m[HTTP][39m [37m<-- GET /wd/hub/session/eb0ba6a6-c3f0-40a6-be36-d1050bf68686/window/current/size [39m[32m200[39m [90m58 ms - 100[39m
[35m[HTTP][39m [90m[39m
[35m[HTTP][39m [37m-->[39m [37mPOST[39m [37m/wd/hub/session/eb0ba6a6-c3f0-40a6-be36-d1050bf68686/elements[39m
[35m[HTTP][39m [90m{"using":"-android uiautomator","value":"new UiSelector().className(\"android.widget.ImageView\").resourceId(\"it.sky.msa:id/heroImageImageView\").instance(0)"}[39m
[35m[HTTP][39m [37m<-- POST /wd/hub/session/eb0ba6a6-c3f0-40a6-be36-d1050bf68686/elements [39m[32m200[39m [90m160 ms - 124[39m
[35m[HTTP][39m [90m[39m
[35m[HTTP][39m [37m-->[39m [37mGET[39m [37m/wd/hub/session/eb0ba6a6-c3f0-40a6-be36-d1050bf68686[39m
[35m[HTTP][39m [90m{}[39m
[35m[HTTP][39m [37m<-- GET /wd/hub/session/eb0ba6a6-c3f0-40a6-be36-d1050bf68686 [39m[32m200[39m [90m25 ms - 1133[39m
[35m[HTTP][39m [90m[39m
[35m[HTTP][39m [37m-->[39m [37mGET[39m [37m/wd/hub/session/eb0ba6a6-c3f0-40a6-be36-d1050bf68686[39m
[35m[HTTP][39m [90m{}[39m
[35m[HTTP][39m [37m<-- GET /wd/hub/session/eb0ba6a6-c3f0-40a6-be36-d1050bf68686 [39m[32m200[39m [90m26 ms - 1133[39m
[35m[HTTP][39m [90m[39m
[35m[HTTP][39m [37m-->[39m [37mGET[39m [37m/wd/hub/session/eb0ba6a6-c3f0-40a6-be36-d1050bf68686[39m
[35m[HTTP][39m [90m{}[39m
[35m[HTTP][39m [37m<-- GET /wd/hub/session/eb0ba6a6-c3f0-40a6-be36-d1050bf68686 [39m[32m200[39m [90m30 ms - 1133[39m
[35m[HTTP][39m [90m[39m
[35m[HTTP][39m [37m-->[39m [37mGET[39m [37m/wd/hub/session/eb0ba6a6-c3f0-40a6-be36-d1050bf68686[39m
[35m[HTTP][39m [90m{}[39m
[35m[HTTP][39m [37m<-- GET /wd/hub/session/eb0ba6a6-c3f0-40a6-be36-d1050bf68686 [39m[32m200[39m [90m36 ms - 1133[39m
[35m[HTTP][39m [90m[39m
[35m[HTTP][39m [37m-->[39m [37mGET[39m [37m/wd/hub/session/eb0ba6a6-c3f0-40a6-be36-d1050bf68686/element/573cf21d-7e1e-45fe-ab50-0072c69e0404/location[39m
[35m[HTTP][39m [90m{}[39m
[35m[W3C][39m Driver proxy active, passing request on via HTTP proxy
[35m[JSONWP Proxy][39m Replacing sessionId 89e74ea1-fccf-418a-a405-defb01999815 with eb0ba6a6-c3f0-40a6-be36-d1050bf68686
[35m[HTTP][39m [37m<-- GET /wd/hub/session/eb0ba6a6-c3f0-40a6-be36-d1050bf68686/element/573cf21d-7e1e-45fe-ab50-0072c69e0404/location [39m[32m200[39m [90m80 ms - 87[39m
[35m[HTTP][39m [90m[39m
[35m[HTTP][39m [37m-->[39m [37mGET[39m [37m/wd/hub/session/eb0ba6a6-c3f0-40a6-be36-d1050bf68686/element/573cf21d-7e1e-45fe-ab50-0072c69e0404/attribute/resourceId[39m
[35m[HTTP][39m [90m{}[39m
[35m[HTTP][39m [37m<-- GET /wd/hub/session/eb0ba6a6-c3f0-40a6-be36-d1050bf68686/element/573cf21d-7e1e-45fe-ab50-0072c69e0404/attribute/resourceId [39m[32m200[39m [90m77 ms - 106[39m
[35m[HTTP][39m [90m[39m
[35m[HTTP][39m [37m-->[39m [37mGET[39m [37m/wd/hub/session/eb0ba6a6-c3f0-40a6-be36-d1050bf68686/window/current/size[39m
[35m[HTTP][39m [90m{}[39m
[35m[W3C][39m Driver proxy active, passing request on via HTTP proxy
[35m[JSONWP Proxy][39m Replacing sessionId 89e74ea1-fccf-418a-a405-defb01999815 with eb0ba6a6-c3f0-40a6-be36-d1050bf68686
[35m[HTTP][39m [37m<-- GET /wd/hub/session/eb0ba6a6-c3f0-40a6-be36-d1050bf68686/window/current/size [39m[32m200[39m [90m45 ms - 100[39m
[35m[HTTP][39m [90m[39m
[35m[HTTP][39m [37m-->[39m [37mPOST[39m [37m/wd/hub/session/eb0ba6a6-c3f0-40a6-be36-d1050bf68686/elements[39m
[35m[HTTP][39m [90m{"using":"-android uiautomator","value":"new UiSelector().className(\"android.widget.TextView\").text(\"IN EVIDENZA\").resourceId(\"it.sky.msa:id/heroPromoTextView\").instance(6)"}[39m
[35m[HTTP][39m [37m<-- POST /wd/hub/session/eb0ba6a6-c3f0-40a6-be36-d1050bf68686/elements [39m[32m200[39m [90m170 ms - 124[39m
[35m[HTTP][39m [90m[39m
[35m[HTTP][39m [37m-->[39m [37mGET[39m [37m/wd/hub/session/eb0ba6a6-c3f0-40a6-be36-d1050bf68686[39m
[35m[HTTP][39m [90m{}[39m
[35m[HTTP][39m [37m<-- GET /wd/hub/session/eb0ba6a6-c3f0-40a6-be36-d1050bf68686 [39m[32m200[39m [90m24 ms - 1133[39m
[35m[HTTP][39m [90m[39m
[35m[HTTP][39m [37m-->[39m [37mGET[39m [37m/wd/hub/session/eb0ba6a6-c3f0-40a6-be36-d1050bf68686[39m
[35m[HTTP][39m [90m{}[39m
[35m[HTTP][39m [37m<-- GET /wd/hub/session/eb0ba6a6-c3f0-40a6-be36-d1050bf68686 [39m[32m200[39m [90m23 ms - 1133[39m
[35m[HTTP][39m [90m[39m
[35m[HTTP][39m [37m-->[39m [37mGET[39m [37m/wd/hub/session/eb0ba6a6-c3f0-40a6-be36-d1050bf68686[39m
[35m[HTTP][39m [90m{}[39m
[35m[HTTP][39m [37m<-- GET /wd/hub/session/eb0ba6a6-c3f0-40a6-be36-d1050bf68686 [39m[32m200[39m [90m24 ms - 1133[39m
[35m[HTTP][39m [90m[39m
[35m[HTTP][39m [37m-->[39m [37mGET[39m [37m/wd/hub/session/eb0ba6a6-c3f0-40a6-be36-d1050bf68686[39m
[35m[HTTP][39m [90m{}[39m
[35m[HTTP][39m [37m<-- GET /wd/hub/session/eb0ba6a6-c3f0-40a6-be36-d1050bf68686 [39m[32m200[39m [90m27 ms - 1133[39m
[35m[HTTP][39m [90m[39m
[35m[HTTP][39m [37m-->[39m [37mGET[39m [37m/wd/hub/session/eb0ba6a6-c3f0-40a6-be36-d1050bf68686/element/f54101e0-f78c-4e23-8c9a-7113c8d369a8/location[39m
[35m[HTTP][39m [90m{}[39m
[35m[W3C][39m Driver proxy active, passing request on via HTTP proxy
[35m[JSONWP Proxy][39m Replacing sessionId 89e74ea1-fccf-418a-a405-defb01999815 with eb0ba6a6-c3f0-40a6-be36-d1050bf68686
[35m[HTTP][39m [37m<-- GET /wd/hub/session/eb0ba6a6-c3f0-40a6-be36-d1050bf68686/element/f54101e0-f78c-4e23-8c9a-7113c8d369a8/location [39m[32m200[39m [90m61 ms - 88[39m
[35m[HTTP][39m [90m[39m
[35m[HTTP][39m [37m-->[39m [37mGET[39m [37m/wd/hub/session/eb0ba6a6-c3f0-40a6-be36-d1050bf68686/element/f54101e0-f78c-4e23-8c9a-7113c8d369a8/text[39m
[35m[HTTP][39m [90m{}[39m
[35m[W3C][39m Driver proxy active, passing request on via HTTP proxy
[35m[JSONWP Proxy][39m Replacing sessionId 89e74ea1-fccf-418a-a405-defb01999815 with eb0ba6a6-c3f0-40a6-be36-d1050bf68686
[35m[HTTP][39m [37m<-- GET /wd/hub/session/eb0ba6a6-c3f0-40a6-be36-d1050bf68686/element/f54101e0-f78c-4e23-8c9a-7113c8d369a8/text [39m[32m200[39m [90m82 ms - 85[39m
[35m[HTTP][39m [90m[39m
[35m[HTTP][39m [37m-->[39m [37mGET[39m [37m/wd/hub/session/eb0ba6a6-c3f0-40a6-be36-d1050bf68686/window/current/size[39m
[35m[HTTP][39m [90m{}[39m
[35m[W3C][39m Driver proxy active, passing request on via HTTP proxy
[35m[JSONWP Proxy][39m Replacing sessionId 89e74ea1-fccf-418a-a405-defb01999815 with eb0ba6a6-c3f0-40a6-be36-d1050bf68686
[35m[HTTP][39m [37m<-- GET /wd/hub/session/eb0ba6a6-c3f0-40a6-be36-d1050bf68686/window/current/size [39m[32m200[39m [90m31 ms - 100[39m
[35m[HTTP][39m [90m[39m
[35m[HTTP][39m [37m-->[39m [37mPOST[39m [37m/wd/hub/session/eb0ba6a6-c3f0-40a6-be36-d1050bf68686/elements[39m
[35m[HTTP][39m [90m{"using":"-android uiautomator","value":"new UiSelector().className(\"android.widget.TextView\").resourceId(\"it.sky.msa:id/heroTitleTextView\").instance(7)"}[39m
[35m[HTTP][39m [37m<-- POST /wd/hub/session/eb0ba6a6-c3f0-40a6-be36-d1050bf68686/elements [39m[32m200[39m [90m109 ms - 124[39m
[35m[HTTP][39m [90m[39m
[35m[HTTP][39m [37m-->[39m [37mGET[39m [37m/wd/hub/session/eb0ba6a6-c3f0-40a6-be36-d1050bf68686[39m
[35m[HTTP][39m [90m{}[39m
[35m[HTTP][39m [37m<-- GET /wd/hub/session/eb0ba6a6-c3f0-40a6-be36-d1050bf68686 [39m[32m200[39m [90m27 ms - 1133[39m
[35m[HTTP][39m [90m[39m
[35m[HTTP][39m [37m-->[39m [37mGET[39m [37m/wd/hub/session/eb0ba6a6-c3f0-40a6-be36-d1050bf68686[39m
[35m[HTTP][39m [90m{}[39m
[35m[HTTP][39m [37m<-- GET /wd/hub/session/eb0ba6a6-c3f0-40a6-be36-d1050bf68686 [39m[32m200[39m [90m25 ms - 1133[39m
[35m[HTTP][39m [90m[39m
[35m[HTTP][39m [37m-->[39m [37mGET[39m [37m/wd/hub/session/eb0ba6a6-c3f0-40a6-be36-d1050bf68686[39m
[35m[HTTP][39m [90m{}[39m
[35m[HTTP][39m [37m<-- GET /wd/hub/session/eb0ba6a6-c3f0-40a6-be36-d1050bf68686 [39m[32m200[39m [90m27 ms - 1133[39m
[35m[HTTP][39m [90m[39m
[35m[HTTP][39m [37m-->[39m [37mGET[39m [37m/wd/hub/session/eb0ba6a6-c3f0-40a6-be36-d1050bf68686[39m
[35m[HTTP][39m [90m{}[39m
[35m[HTTP][39m [37m<-- GET /wd/hub/session/eb0ba6a6-c3f0-40a6-be36-d1050bf68686 [39m[32m200[39m [90m25 ms - 1133[39m
[35m[HTTP][39m [90m[39m
[35m[HTTP][39m [37m-->[39m [37mGET[39m [37m/wd/hub/session/eb0ba6a6-c3f0-40a6-be36-d1050bf68686/element/a24e5179-36c8-4231-8878-2410e4ae4bae/location[39m
[35m[HTTP][39m [90m{}[39m
[35m[W3C][39m Driver proxy active, passing request on via HTTP proxy
[35m[JSONWP Proxy][39m Replacing sessionId 89e74ea1-fccf-418a-a405-defb01999815 with eb0ba6a6-c3f0-40a6-be36-d1050bf68686
[35m[HTTP][39m [37m<-- GET /wd/hub/session/eb0ba6a6-c3f0-40a6-be36-d1050bf68686/element/a24e5179-36c8-4231-8878-2410e4ae4bae/location [39m[32m200[39m [90m59 ms - 88[39m
[35m[HTTP][39m [90m[39m
[35m[HTTP][39m [37m-->[39m [37mGET[39m [37m/wd/hub/session/eb0ba6a6-c3f0-40a6-be36-d1050bf68686/window/current/size[39m
[35m[HTTP][39m [90m{}[39m
[35m[W3C][39m Driver proxy active, passing request on via HTTP proxy
[35m[JSONWP Proxy][39m Replacing sessionId 89e74ea1-fccf-418a-a405-defb01999815 with eb0ba6a6-c3f0-40a6-be36-d1050bf68686
[35m[HTTP][39m [37m<-- GET /wd/hub/session/eb0ba6a6-c3f0-40a6-be36-d1050bf68686/window/current/size [39m[32m200[39m [90m30 ms - 100[39m
[35m[HTTP][39m [90m[39m
[35m[HTTP][39m [37m-->[39m [37mPOST[39m [37m/wd/hub/session/eb0ba6a6-c3f0-40a6-be36-d1050bf68686/elements[39m
[35m[HTTP][39m [90m{"using":"-android uiautomator","value":"new UiSelector().className(\"android.widget.TextView\").resourceId(\"it.sky.msa:id/heroCaptionTextView\").instance(8)"}[39m
[35m[HTTP][39m [37m<-- POST /wd/hub/session/eb0ba6a6-c3f0-40a6-be36-d1050bf68686/elements [39m[32m200[39m [90m118 ms - 124[39m
[35m[HTTP][39m [90m[39m
[35m[HTTP][39m [37m-->[39m [37mGET[39m [37m/wd/hub/session/eb0ba6a6-c3f0-40a6-be36-d1050bf68686[39m
[35m[HTTP][39m [90m{}[39m
[35m[HTTP][39m [37m<-- GET /wd/hub/session/eb0ba6a6-c3f0-40a6-be36-d1050bf68686 [39m[32m200[39m [90m29 ms - 1133[39m
[35m[HTTP][39m [90m[39m
[35m[HTTP][39m [37m-->[39m [37mGET[39m [37m/wd/hub/session/eb0ba6a6-c3f0-40a6-be36-d1050bf68686[39m
[35m[HTTP][39m [90m{}[39m
[35m[HTTP][39m [37m<-- GET /wd/hub/session/eb0ba6a6-c3f0-40a6-be36-d1050bf68686 [39m[32m200[39m [90m27 ms - 1133[39m
[35m[HTTP][39m [90m[39m
[35m[HTTP][39m [37m-->[39m [37mGET[39m [37m/wd/hub/session/eb0ba6a6-c3f0-40a6-be36-d1050bf68686[39m
[35m[HTTP][39m [90m{}[39m
[35m[HTTP][39m [37m<-- GET /wd/hub/session/eb0ba6a6-c3f0-40a6-be36-d1050bf68686 [39m[32m200[39m [90m27 ms - 1133[39m
[35m[HTTP][39m [90m[39m
[35m[HTTP][39m [37m-->[39m [37mGET[39m [37m/wd/hub/session/eb0ba6a6-c3f0-40a6-be36-d1050bf68686[39m
[35m[HTTP][39m [90m{}[39m
[35m[HTTP][39m [37m<-- GET /wd/hub/session/eb0ba6a6-c3f0-40a6-be36-d1050bf68686 [39m[32m200[39m [90m27 ms - 1133[39m
[35m[HTTP][39m [90m[39m
[35m[HTTP][39m [37m-->[39m [37mGET[39m [37m/wd/hub/session/eb0ba6a6-c3f0-40a6-be36-d1050bf68686/element/d6ed24dc-039f-4982-bcaf-26d8553149ae/location[39m
[35m[HTTP][39m [90m{}[39m
[35m[W3C][39m Driver proxy active, passing request on via HTTP proxy
[35m[JSONWP Proxy][39m Replacing sessionId 89e74ea1-fccf-418a-a405-defb01999815 with eb0ba6a6-c3f0-40a6-be36-d1050bf68686
[35m[HTTP][39m [37m<-- GET /wd/hub/session/eb0ba6a6-c3f0-40a6-be36-d1050bf68686/element/d6ed24dc-039f-4982-bcaf-26d8553149ae/location [39m[32m200[39m [90m59 ms - 89[39m
[35m[HTTP][39m [90m[39m
[35m[HTTP][39m [37m-->[39m [37mGET[39m [37m/wd/hub/session/eb0ba6a6-c3f0-40a6-be36-d1050bf68686/window/current/size[39m
[35m[HTTP][39m [90m{}[39m
[35m[W3C][39m Driver proxy active, passing request on via HTTP proxy
[35m[JSONWP Proxy][39m Replacing sessionId 89e74ea1-fccf-418a-a405-defb01999815 with eb0ba6a6-c3f0-40a6-be36-d1050bf68686
[35m[HTTP][39m [37m<-- GET /wd/hub/session/eb0ba6a6-c3f0-40a6-be36-d1050bf68686/window/current/size [39m[32m200[39m [90m32 ms - 100[39m
[35m[HTTP][39m [90m[39m
[35m[HTTP][39m [37m-->[39m [37mPOST[39m [37m/wd/hub/session/eb0ba6a6-c3f0-40a6-be36-d1050bf68686/elements[39m
[35m[HTTP][39m [90m{"using":"-android uiautomator","value":"new UiSelector().className(\"android.widget.TextView\").resourceId(\"it.sky.msa:id/heroCaptionTextView\").instance(8)"}[39m
[35m[HTTP][39m [37m<-- POST /wd/hub/session/eb0ba6a6-c3f0-40a6-be36-d1050bf68686/elements [39m[32m200[39m [90m92 ms - 124[39m
[35m[HTTP][39m [90m[39m
[35m[HTTP][39m [37m-->[39m [37mGET[39m [37m/wd/hub/session/eb0ba6a6-c3f0-40a6-be36-d1050bf68686[39m
[35m[HTTP][39m [90m{}[39m
[35m[HTTP][39m [37m<-- GET /wd/hub/session/eb0ba6a6-c3f0-40a6-be36-d1050bf68686 [39m[32m200[39m [90m25 ms - 1133[39m
[35m[HTTP][39m [90m[39m
[35m[HTTP][39m [37m-->[39m [37mGET[39m [37m/wd/hub/session/eb0ba6a6-c3f0-40a6-be36-d1050bf68686[39m
[35m[HTTP][39m [90m{}[39m
[35m[HTTP][39m [37m<-- GET /wd/hub/session/eb0ba6a6-c3f0-40a6-be36-d1050bf68686 [39m[32m200[39m [90m25 ms - 1133[39m
[35m[HTTP][39m [90m[39m
[35m[HTTP][39m [37m-->[39m [37mGET[39m [37m/wd/hub/session/eb0ba6a6-c3f0-40a6-be36-d1050bf68686[39m
[35m[HTTP][39m [90m{}[39m
[35m[HTTP][39m [37m<-- GET /wd/hub/session/eb0ba6a6-c3f0-40a6-be36-d1050bf68686 [39m[32m200[39m [90m26 ms - 1133[39m
[35m[HTTP][39m [90m[39m
[35m[HTTP][39m [37m-->[39m [37mGET[39m [37m/wd/hub/session/eb0ba6a6-c3f0-40a6-be36-d1050bf68686[39m
[35m[HTTP][39m [90m{}[39m
[35m[HTTP][39m [37m<-- GET /wd/hub/session/eb0ba6a6-c3f0-40a6-be36-d1050bf68686 [39m[32m200[39m [90m22 ms - 1133[39m
[35m[HTTP][39m [90m[39m
[35m[HTTP][39m [37m-->[39m [37mGET[39m [37m/wd/hub/session/eb0ba6a6-c3f0-40a6-be36-d1050bf68686/element/0bbe4d36-51b5-48b8-9791-ae6d5facb56f/location[39m
[35m[HTTP][39m [90m{}[39m
[35m[W3C][39m Driver proxy active, passing request on via HTTP proxy
[35m[JSONWP Proxy][39m Replacing sessionId 89e74ea1-fccf-418a-a405-defb01999815 with eb0ba6a6-c3f0-40a6-be36-d1050bf68686
[35m[HTTP][39m [37m<-- GET /wd/hub/session/eb0ba6a6-c3f0-40a6-be36-d1050bf68686/element/0bbe4d36-51b5-48b8-9791-ae6d5facb56f/location [39m[32m200[39m [90m58 ms - 89[39m
[35m[HTTP][39m [90m[39m
[35m[HTTP][39m [37m-->[39m [37mGET[39m [37m/wd/hub/session/eb0ba6a6-c3f0-40a6-be36-d1050bf68686/element/0bbe4d36-51b5-48b8-9791-ae6d5facb56f/text[39m
[35m[HTTP][39m [90m{}[39m
[35m[W3C][39m Driver proxy active, passing request on via HTTP proxy
[35m[JSONWP Proxy][39m Replacing sessionId 89e74ea1-fccf-418a-a405-defb01999815 with eb0ba6a6-c3f0-40a6-be36-d1050bf68686
[35m[HTTP][39m [37m<-- GET /wd/hub/session/eb0ba6a6-c3f0-40a6-be36-d1050bf68686/element/0bbe4d36-51b5-48b8-9791-ae6d5facb56f/text [39m[32m200[39m [90m91 ms - 89[39m
[35m[HTTP][39m [90m[39m
[35m[HTTP][39m [37m-->[39m [37mGET[39m [37m/wd/hub/session/eb0ba6a6-c3f0-40a6-be36-d1050bf68686/context[39m
[35m[HTTP][39m [90m{}[39m
[35m[HTTP][39m [37m<-- GET /wd/hub/session/eb0ba6a6-c3f0-40a6-be36-d1050bf68686/context [39m[32m200[39m [90m3 ms - 84[39m
[35m[HTTP][39m [90m[39m
[35m[HTTP][39m [37m-->[39m [37mGET[39m [37m/wd/hub/session/eb0ba6a6-c3f0-40a6-be36-d1050bf68686/contexts[39m
[35m[HTTP][39m [90m{}[39m
[35m[HTTP][39m [37m<-- GET /wd/hub/session/eb0ba6a6-c3f0-40a6-be36-d1050bf68686/contexts [39m[32m200[39m [90m110 ms - 86[39m
[35m[HTTP][39m [90m[39m
[35m[HTTP][39m [37m-->[39m [37mPOST[39m [37m/wd/hub/session/eb0ba6a6-c3f0-40a6-be36-d1050bf68686/context[39m
[35m[HTTP][39m [90m{"name":"NATIVE_APP"}[39m
[35m[HTTP][39m [37m<-- POST /wd/hub/session/eb0ba6a6-c3f0-40a6-be36-d1050bf68686/context [39m[32m200[39m [90m102 ms - 76[39m
[35m[HTTP][39m [90m[39m
[35m[HTTP][39m [37m-->[39m [37mPOST[39m [37m/wd/hub/session/eb0ba6a6-c3f0-40a6-be36-d1050bf68686/touch/perform[39m
[35m[HTTP][39m [90m{"actions":[{"action":"press","options":{"x":200,"y":300}},{"action":"wait","options":{"ms":500}},{"action":"moveTo","options":{"x":400,"y":300}}]}[39m
[35m[HTTP][39m [37m<-- POST /wd/hub/session/eb0ba6a6-c3f0-40a6-be36-d1050bf68686/touch/perform [39m[32m200[39m [90m2160 ms - 76[39m
[35m[HTTP][39m [90m[39m
[35m[HTTP][39m [37m-->[39m [37mPOST[39m [37m/wd/hub/session/eb0ba6a6-c3f0-40a6-be36-d1050bf68686/context[39m
[35m[HTTP][39m [90m{"name":"NATIVE_APP"}[39m
[35m[HTTP][39m [37m<-- POST /wd/hub/session/eb0ba6a6-c3f0-40a6-be36-d1050bf68686/context [39m[32m200[39m [90m91 ms - 76[39m
[35m[HTTP][39m [90m[39m
[35m[HTTP][39m [37m-->[39m [37mGET[39m [37m/wd/hub/session/eb0ba6a6-c3f0-40a6-be36-d1050bf68686/window/current/size[39m
[35m[HTTP][39m [90m{}[39m
[35m[W3C][39m Driver proxy active, passing request on via HTTP proxy
[35m[JSONWP Proxy][39m Replacing sessionId 89e74ea1-fccf-418a-a405-defb01999815 with eb0ba6a6-c3f0-40a6-be36-d1050bf68686
[35m[HTTP][39m [37m<-- GET /wd/hub/session/eb0ba6a6-c3f0-40a6-be36-d1050bf68686/window/current/size [39m[32m200[39m [90m61 ms - 100[39m
[35m[HTTP][39m [90m[39m
[35m[HTTP][39m [37m-->[39m [37mPOST[39m [37m/wd/hub/session/eb0ba6a6-c3f0-40a6-be36-d1050bf68686/elements[39m
[35m[HTTP][39m [90m{"using":"-android uiautomator","value":"new UiSelector().className(\"android.widget.TextView\").text(\"Scelti per te questa settimana\").resourceId(\"it.sky.msa:id/categoryTitle\").instance(6)"}[39m
[35m[HTTP][39m [37m<-- POST /wd/hub/session/eb0ba6a6-c3f0-40a6-be36-d1050bf68686/elements [39m[32m200[39m [90m117 ms - 124[39m
[35m[HTTP][39m [90m[39m
[35m[HTTP][39m [37m-->[39m [37mGET[39m [37m/wd/hub/session/eb0ba6a6-c3f0-40a6-be36-d1050bf68686[39m
[35m[HTTP][39m [90m{}[39m
[35m[HTTP][39m [37m<-- GET /wd/hub/session/eb0ba6a6-c3f0-40a6-be36-d1050bf68686 [39m[32m200[39m [90m26 ms - 1133[39m
[35m[HTTP][39m [90m[39m
[35m[HTTP][39m [37m-->[39m [37mGET[39m [37m/wd/hub/session/eb0ba6a6-c3f0-40a6-be36-d1050bf68686[39m
[35m[HTTP][39m [90m{}[39m
[35m[HTTP][39m [37m<-- GET /wd/hub/session/eb0ba6a6-c3f0-40a6-be36-d1050bf68686 [39m[32m200[39m [90m27 ms - 1133[39m
[35m[HTTP][39m [90m[39m
[35m[HTTP][39m [37m-->[39m [37mGET[39m [37m/wd/hub/session/eb0ba6a6-c3f0-40a6-be36-d1050bf68686[39m
[35m[HTTP][39m [90m{}[39m
[35m[HTTP][39m [37m<-- GET /wd/hub/session/eb0ba6a6-c3f0-40a6-be36-d1050bf68686 [39m[32m200[39m [90m23 ms - 1133[39m
[35m[HTTP][39m [90m[39m
[35m[HTTP][39m [37m-->[39m [37mGET[39m [37m/wd/hub/session/eb0ba6a6-c3f0-40a6-be36-d1050bf68686[39m
[35m[HTTP][39m [90m{}[39m
[35m[HTTP][39m [37m<-- GET /wd/hub/session/eb0ba6a6-c3f0-40a6-be36-d1050bf68686 [39m[32m200[39m [90m22 ms - 1133[39m
[35m[HTTP][39m [90m[39m
[35m[HTTP][39m [37m-->[39m [37mGET[39m [37m/wd/hub/session/eb0ba6a6-c3f0-40a6-be36-d1050bf68686/element/a2ca7155-cdc3-495e-8e1b-474de3316896/location[39m
[35m[HTTP][39m [90m{}[39m
[35m[W3C][39m Driver proxy active, passing request on via HTTP proxy
[35m[JSONWP Proxy][39m Replacing sessionId 89e74ea1-fccf-418a-a405-defb01999815 with eb0ba6a6-c3f0-40a6-be36-d1050bf68686
[35m[HTTP][39m [37m<-- GET /wd/hub/session/eb0ba6a6-c3f0-40a6-be36-d1050bf68686/element/a2ca7155-cdc3-495e-8e1b-474de3316896/location [39m[32m200[39m [90m57 ms - 89[39m
[35m[HTTP][39m [90m[39m
[35m[HTTP][39m [37m-->[39m [37mGET[39m [37m/wd/hub/session/eb0ba6a6-c3f0-40a6-be36-d1050bf68686/element/a2ca7155-cdc3-495e-8e1b-474de3316896/text[39m
[35m[HTTP][39m [90m{}[39m
[35m[W3C][39m Driver proxy active, passing request on via HTTP proxy
[35m[JSONWP Proxy][39m Replacing sessionId 89e74ea1-fccf-418a-a405-defb01999815 with eb0ba6a6-c3f0-40a6-be36-d1050bf68686
[35m[HTTP][39m [37m<-- GET /wd/hub/session/eb0ba6a6-c3f0-40a6-be36-d1050bf68686/element/a2ca7155-cdc3-495e-8e1b-474de3316896/text [39m[32m200[39m [90m70 ms - 104[39m
[35m[HTTP][39m [90m[39m
[35m[HTTP][39m [37m-->[39m [37mGET[39m [37m/wd/hub/session/eb0ba6a6-c3f0-40a6-be36-d1050bf68686/window/current/size[39m
[35m[HTTP][39m [90m{}[39m
[35m[W3C][39m Driver proxy active, passing request on via HTTP proxy
[35m[JSONWP Proxy][39m Replacing sessionId 89e74ea1-fccf-418a-a405-defb01999815 with eb0ba6a6-c3f0-40a6-be36-d1050bf68686
[35m[HTTP][39m [37m<-- GET /wd/hub/session/eb0ba6a6-c3f0-40a6-be36-d1050bf68686/window/current/size [39m[32m200[39m [90m35 ms - 100[39m
[35m[HTTP][39m [90m[39m
[35m[HTTP][39m [37m-->[39m [37mPOST[39m [37m/wd/hub/session/eb0ba6a6-c3f0-40a6-be36-d1050bf68686/elements[39m
[35m[HTTP][39m [90m{"using":"-android uiautomator","value":"new UiSelector().className(\"android.widget.TextView\").text(\"Scelti per te questa settimana\").resourceId(\"it.sky.msa:id/categoryTitle\").instance(6)"}[39m
[35m[HTTP][39m [37m<-- POST /wd/hub/session/eb0ba6a6-c3f0-40a6-be36-d1050bf68686/elements [39m[32m200[39m [90m100 ms - 124[39m
[35m[HTTP][39m [90m[39m
[35m[HTTP][39m [37m-->[39m [37mGET[39m [37m/wd/hub/session/eb0ba6a6-c3f0-40a6-be36-d1050bf68686[39m
[35m[HTTP][39m [90m{}[39m
[35m[HTTP][39m [37m<-- GET /wd/hub/session/eb0ba6a6-c3f0-40a6-be36-d1050bf68686 [39m[32m200[39m [90m28 ms - 1133[39m
[35m[HTTP][39m [90m[39m
[35m[HTTP][39m [37m-->[39m [37mGET[39m [37m/wd/hub/session/eb0ba6a6-c3f0-40a6-be36-d1050bf68686[39m
[35m[HTTP][39m [90m{}[39m
[35m[HTTP][39m [37m<-- GET /wd/hub/session/eb0ba6a6-c3f0-40a6-be36-d1050bf68686 [39m[32m200[39m [90m26 ms - 1133[39m
[35m[HTTP][39m [90m[39m
[35m[HTTP][39m [37m-->[39m [37mGET[39m [37m/wd/hub/session/eb0ba6a6-c3f0-40a6-be36-d1050bf68686[39m
[35m[HTTP][39m [90m{}[39m
[35m[HTTP][39m [37m<-- GET /wd/hub/session/eb0ba6a6-c3f0-40a6-be36-d1050bf68686 [39m[32m200[39m [90m26 ms - 1133[39m
[35m[HTTP][39m [90m[39m
[35m[HTTP][39m [37m-->[39m [37mGET[39m [37m/wd/hub/session/eb0ba6a6-c3f0-40a6-be36-d1050bf68686[39m
[35m[HTTP][39m [90m{}[39m
[35m[HTTP][39m [37m<-- GET /wd/hub/session/eb0ba6a6-c3f0-40a6-be36-d1050bf68686 [39m[32m200[39m [90m24 ms - 1133[39m
[35m[HTTP][39m [90m[39m
[35m[HTTP][39m [37m-->[39m [37mGET[39m [37m/wd/hub/session/eb0ba6a6-c3f0-40a6-be36-d1050bf68686/element/954304ee-6d4f-4682-a9ac-62568957500f/location[39m
[35m[HTTP][39m [90m{}[39m
[35m[W3C][39m Driver proxy active, passing request on via HTTP proxy
[35m[JSONWP Proxy][39m Replacing sessionId 89e74ea1-fccf-418a-a405-defb01999815 with eb0ba6a6-c3f0-40a6-be36-d1050bf68686
[35m[HTTP][39m [37m<-- GET /wd/hub/session/eb0ba6a6-c3f0-40a6-be36-d1050bf68686/element/954304ee-6d4f-4682-a9ac-62568957500f/location [39m[32m200[39m [90m52 ms - 89[39m
[35m[HTTP][39m [90m[39m
[35m[HTTP][39m [37m-->[39m [37mGET[39m [37m/wd/hub/session/eb0ba6a6-c3f0-40a6-be36-d1050bf68686/element/954304ee-6d4f-4682-a9ac-62568957500f/text[39m
[35m[HTTP][39m [90m{}[39m
[35m[W3C][39m Driver proxy active, passing request on via HTTP proxy
[35m[JSONWP Proxy][39m Replacing sessionId 89e74ea1-fccf-418a-a405-defb01999815 with eb0ba6a6-c3f0-40a6-be36-d1050bf68686
[35m[HTTP][39m [37m<-- GET /wd/hub/session/eb0ba6a6-c3f0-40a6-be36-d1050bf68686/element/954304ee-6d4f-4682-a9ac-62568957500f/text [39m[32m200[39m [90m71 ms - 104[39m
[35m[HTTP][39m [90m[39m
[35m[HTTP][39m [37m-->[39m [37mGET[39m [37m/wd/hub/session/eb0ba6a6-c3f0-40a6-be36-d1050bf68686/context[39m
[35m[HTTP][39m [90m{}[39m
[35m[HTTP][39m [37m<-- GET /wd/hub/session/eb0ba6a6-c3f0-40a6-be36-d1050bf68686/context [39m[32m200[39m [90m2 ms - 84[39m
[35m[HTTP][39m [90m[39m
[35m[HTTP][39m [37m-->[39m [37mGET[39m [37m/wd/hub/session/eb0ba6a6-c3f0-40a6-be36-d1050bf68686/contexts[39m
[35m[HTTP][39m [90m{}[39m
[35m[HTTP][39m [37m<-- GET /wd/hub/session/eb0ba6a6-c3f0-40a6-be36-d1050bf68686/contexts [39m[32m200[39m [90m96 ms - 86[39m
[35m[HTTP][39m [90m[39m
[35m[HTTP][39m [37m-->[39m [37mPOST[39m [37m/wd/hub/session/eb0ba6a6-c3f0-40a6-be36-d1050bf68686/context[39m
[35m[HTTP][39m [90m{"name":"NATIVE_APP"}[39m
[35m[HTTP][39m [37m<-- POST /wd/hub/session/eb0ba6a6-c3f0-40a6-be36-d1050bf68686/context [39m[32m200[39m [90m156 ms - 76[39m
[35m[HTTP][39m [90m[39m
[35m[HTTP][39m [37m-->[39m [37mPOST[39m [37m/wd/hub/session/eb0ba6a6-c3f0-40a6-be36-d1050bf68686/touch/perform[39m
[35m[HTTP][39m [90m{"actions":[{"action":"press","options":{"x":0,"y":0}},{"action":"wait","options":{"ms":500}},{"action":"moveTo","options":{"x":100,"y":0}}]}[39m
[35m[HTTP][39m [37m<-- POST /wd/hub/session/eb0ba6a6-c3f0-40a6-be36-d1050bf68686/touch/perform [39m[32m200[39m [90m2154 ms - 76[39m
[35m[HTTP][39m [90m[39m
[35m[HTTP][39m [37m-->[39m [37mPOST[39m [37m/wd/hub/session/eb0ba6a6-c3f0-40a6-be36-d1050bf68686/context[39m
[35m[HTTP][39m [90m{"name":"NATIVE_APP"}[39m
[35m[HTTP][39m [37m<-- POST /wd/hub/session/eb0ba6a6-c3f0-40a6-be36-d1050bf68686/context [39m[32m200[39m [90m99 ms - 76[39m
[35m[HTTP][39m [90m[39m
[35m[HTTP][39m [37m-->[39m [37mGET[39m [37m/wd/hub/session/eb0ba6a6-c3f0-40a6-be36-d1050bf68686/context[39m
[35m[HTTP][39m [90m{}[39m
[35m[HTTP][39m [37m<-- GET /wd/hub/session/eb0ba6a6-c3f0-40a6-be36-d1050bf68686/context [39m[32m200[39m [90m3 ms - 84[39m
[35m[HTTP][39m [90m[39m
[35m[HTTP][39m [37m-->[39m [37mGET[39m [37m/wd/hub/session/eb0ba6a6-c3f0-40a6-be36-d1050bf68686/contexts[39m
[35m[HTTP][39m [90m{}[39m
[35m[HTTP][39m [37m<-- GET /wd/hub/session/eb0ba6a6-c3f0-40a6-be36-d1050bf68686/contexts [39m[32m200[39m [90m143 ms - 86[39m
[35m[HTTP][39m [90m[39m
[35m[HTTP][39m [37m-->[39m [37mPOST[39m [37m/wd/hub/session/eb0ba6a6-c3f0-40a6-be36-d1050bf68686/context[39m
[35m[HTTP][39m [90m{"name":"NATIVE_APP"}[39m
[35m[HTTP][39m [37m<-- POST /wd/hub/session/eb0ba6a6-c3f0-40a6-be36-d1050bf68686/context [39m[32m200[39m [90m145 ms - 76[39m
[35m[HTTP][39m [90m[39m
[35m[HTTP][39m [37m-->[39m [37mPOST[39m [37m/wd/hub/session/eb0ba6a6-c3f0-40a6-be36-d1050bf68686/touch/perform[39m
[35m[HTTP][39m [90m{"actions":[{"action":"press","options":{"x":0,"y":0}},{"action":"wait","options":{"ms":500}},{"action":"moveTo","options":{"x":-100,"y":0}}]}[39m
[35m[HTTP][39m [37m<-- POST /wd/hub/session/eb0ba6a6-c3f0-40a6-be36-d1050bf68686/touch/perform [39m[32m200[39m [90m2114 ms - 76[39m
[35m[HTTP][39m [90m[39m
[35m[HTTP][39m [37m-->[39m [37mPOST[39m [37m/wd/hub/session/eb0ba6a6-c3f0-40a6-be36-d1050bf68686/context[39m
[35m[HTTP][39m [90m{"name":"NATIVE_APP"}[39m
[35m[HTTP][39m [37m<-- POST /wd/hub/session/eb0ba6a6-c3f0-40a6-be36-d1050bf68686/context [39m[32m200[39m [90m98 ms - 76[39m
[35m[HTTP][39m [90m[39m
[35m[HTTP][39m [37m-->[39m [37mGET[39m [37m/wd/hub/session/eb0ba6a6-c3f0-40a6-be36-d1050bf68686/window/current/size[39m
[35m[HTTP][39m [90m{}[39m
[35m[W3C][39m Driver proxy active, passing request on via HTTP proxy
[35m[JSONWP Proxy][39m Replacing sessionId 89e74ea1-fccf-418a-a405-defb01999815 with eb0ba6a6-c3f0-40a6-be36-d1050bf68686
[35m[HTTP][39m [37m<-- GET /wd/hub/session/eb0ba6a6-c3f0-40a6-be36-d1050bf68686/window/current/size [39m[32m200[39m [90m64 ms - 100[39m
[35m[HTTP][39m [90m[39m
[35m[HTTP][39m [37m-->[39m [37mPOST[39m [37m/wd/hub/session/eb0ba6a6-c3f0-40a6-be36-d1050bf68686/elements[39m
[35m[HTTP][39m [90m{"using":"-android uiautomator","value":"new UiSelector().className(\"android.widget.TextView\").resourceId(\"it.sky.msa:id/categoryTitle\")"}[39m
[35m[HTTP][39m [37m<-- POST /wd/hub/session/eb0ba6a6-c3f0-40a6-be36-d1050bf68686/elements [39m[32m200[39m [90m190 ms - 124[39m
[35m[HTTP][39m [90m[39m
[35m[HTTP][39m [37m-->[39m [37mGET[39m [37m/wd/hub/session/eb0ba6a6-c3f0-40a6-be36-d1050bf68686[39m
[35m[HTTP][39m [90m{}[39m
[35m[HTTP][39m [37m<-- GET /wd/hub/session/eb0ba6a6-c3f0-40a6-be36-d1050bf68686 [39m[32m200[39m [90m37 ms - 1133[39m
[35m[HTTP][39m [90m[39m
[35m[HTTP][39m [37m-->[39m [37mGET[39m [37m/wd/hub/session/eb0ba6a6-c3f0-40a6-be36-d1050bf68686[39m
[35m[HTTP][39m [90m{}[39m
[35m[HTTP][39m [37m<-- GET /wd/hub/session/eb0ba6a6-c3f0-40a6-be36-d1050bf68686 [39m[32m200[39m [90m32 ms - 1133[39m
[35m[HTTP][39m [90m[39m
[35m[HTTP][39m [37m-->[39m [37mGET[39m [37m/wd/hub/session/eb0ba6a6-c3f0-40a6-be36-d1050bf68686[39m
[35m[HTTP][39m [90m{}[39m
[35m[HTTP][39m [37m<-- GET /wd/hub/session/eb0ba6a6-c3f0-40a6-be36-d1050bf68686 [39m[32m200[39m [90m32 ms - 1133[39m
[35m[HTTP][39m [90m[39m
[35m[HTTP][39m [37m-->[39m [37mGET[39m [37m/wd/hub/session/eb0ba6a6-c3f0-40a6-be36-d1050bf68686[39m
[35m[HTTP][39m [90m{}[39m
[35m[HTTP][39m [37m<-- GET /wd/hub/session/eb0ba6a6-c3f0-40a6-be36-d1050bf68686 [39m[32m200[39m [90m28 ms - 1133[39m
[35m[HTTP][39m [90m[39m
[35m[HTTP][39m [37m-->[39m [37mGET[39m [37m/wd/hub/session/eb0ba6a6-c3f0-40a6-be36-d1050bf68686/element/e70464f9-015a-4e73-893b-2896af311006/location[39m
[35m[HTTP][39m [90m{}[39m
[35m[W3C][39m Driver proxy active, passing request on via HTTP proxy
[35m[JSONWP Proxy][39m Replacing sessionId 89e74ea1-fccf-418a-a405-defb01999815 with eb0ba6a6-c3f0-40a6-be36-d1050bf68686
[35m[HTTP][39m [37m<-- GET /wd/hub/session/eb0ba6a6-c3f0-40a6-be36-d1050bf68686/element/e70464f9-015a-4e73-893b-2896af311006/location [39m[32m200[39m [90m61 ms - 89[39m
[35m[HTTP][39m [90m[39m
[35m[HTTP][39m [37m-->[39m [37mGET[39m [37m/wd/hub/session/eb0ba6a6-c3f0-40a6-be36-d1050bf68686/element/e70464f9-015a-4e73-893b-2896af311006/text[39m
[35m[HTTP][39m [90m{}[39m
[35m[W3C][39m Driver proxy active, passing request on via HTTP proxy
[35m[JSONWP Proxy][39m Replacing sessionId 89e74ea1-fccf-418a-a405-defb01999815 with eb0ba6a6-c3f0-40a6-be36-d1050bf68686
[35m[HTTP][39m [37m<-- GET /wd/hub/session/eb0ba6a6-c3f0-40a6-be36-d1050bf68686/element/e70464f9-015a-4e73-893b-2896af311006/text [39m[32m200[39m [90m86 ms - 104[39m
[35m[HTTP][39m [90m[39m
[35m[HTTP][39m [37m-->[39m [37mGET[39m [37m/wd/hub/session/eb0ba6a6-c3f0-40a6-be36-d1050bf68686/window/current/size[39m
[35m[HTTP][39m [90m{}[39m
[35m[W3C][39m Driver proxy active, passing request on via HTTP proxy
[35m[JSONWP Proxy][39m Replacing sessionId 89e74ea1-fccf-418a-a405-defb01999815 with eb0ba6a6-c3f0-40a6-be36-d1050bf68686
[35m[HTTP][39m [37m<-- GET /wd/hub/session/eb0ba6a6-c3f0-40a6-be36-d1050bf68686/window/current/size [39m[32m200[39m [90m59 ms - 100[39m
[35m[HTTP][39m [90m[39m
[35m[HTTP][39m [37m-->[39m [37mPOST[39m [37m/wd/hub/session/eb0ba6a6-c3f0-40a6-be36-d1050bf68686/elements[39m
[35m[HTTP][39m [90m{"using":"-android uiautomator","value":"new UiSelector().className(\"android.widget.Button\").text(\"Vedi tutti\").resourceId(\"it.sky.msa:id/showAllCategoryButton\").instance(0)"}[39m
[35m[HTTP][39m [37m<-- POST /wd/hub/session/eb0ba6a6-c3f0-40a6-be36-d1050bf68686/elements [39m[32m200[39m [90m116 ms - 124[39m
[35m[HTTP][39m [90m[39m
[35m[HTTP][39m [37m-->[39m [37mGET[39m [37m/wd/hub/session/eb0ba6a6-c3f0-40a6-be36-d1050bf68686[39m
[35m[HTTP][39m [90m{}[39m
[35m[HTTP][39m [37m<-- GET /wd/hub/session/eb0ba6a6-c3f0-40a6-be36-d1050bf68686 [39m[32m200[39m [90m24 ms - 1133[39m
[35m[HTTP][39m [90m[39m
[35m[HTTP][39m [37m-->[39m [37mGET[39m [37m/wd/hub/session/eb0ba6a6-c3f0-40a6-be36-d1050bf68686[39m
[35m[HTTP][39m [90m{}[39m
[35m[HTTP][39m [37m<-- GET /wd/hub/session/eb0ba6a6-c3f0-40a6-be36-d1050bf68686 [39m[32m200[39m [90m25 ms - 1133[39m
[35m[HTTP][39m [90m[39m
[35m[HTTP][39m [37m-->[39m [37mGET[39m [37m/wd/hub/session/eb0ba6a6-c3f0-40a6-be36-d1050bf68686[39m
[35m[HTTP][39m [90m{}[39m
[35m[HTTP][39m [37m<-- GET /wd/hub/session/eb0ba6a6-c3f0-40a6-be36-d1050bf68686 [39m[32m200[39m [90m26 ms - 1133[39m
[35m[HTTP][39m [90m[39m
[35m[HTTP][39m [37m-->[39m [37mGET[39m [37m/wd/hub/session/eb0ba6a6-c3f0-40a6-be36-d1050bf68686[39m
[35m[HTTP][39m [90m{}[39m
[35m[HTTP][39m [37m<-- GET /wd/hub/session/eb0ba6a6-c3f0-40a6-be36-d1050bf68686 [39m[32m200[39m [90m24 ms - 1133[39m
[35m[HTTP][39m [90m[39m
[35m[HTTP][39m [37m-->[39m [37mGET[39m [37m/wd/hub/session/eb0ba6a6-c3f0-40a6-be36-d1050bf68686/element/a22e6e21-75f6-466c-b393-cc4fbd43117a/location[39m
[35m[HTTP][39m [90m{}[39m
[35m[W3C][39m Driver proxy active, passing request on via HTTP proxy
[35m[JSONWP Proxy][39m Replacing sessionId 89e74ea1-fccf-418a-a405-defb01999815 with eb0ba6a6-c3f0-40a6-be36-d1050bf68686
[35m[HTTP][39m [37m<-- GET /wd/hub/session/eb0ba6a6-c3f0-40a6-be36-d1050bf68686/element/a22e6e21-75f6-466c-b393-cc4fbd43117a/location [39m[32m200[39m [90m52 ms - 90[39m
[35m[HTTP][39m [90m[39m
[35m[HTTP][39m [37m-->[39m [37mPOST[39m [37m/wd/hub/session/eb0ba6a6-c3f0-40a6-be36-d1050bf68686/touch/perform[39m
[35m[HTTP][39m [90m{"actions":[{"action":"tap","options":{"element":"a22e6e21-75f6-466c-b393-cc4fbd43117a","x":1,"y":1}}]}[39m
[35m[UiAutomator2][39m calling get location: a22e6e21-75f6-466c-b393-cc4fbd43117a
[35m[HTTP][39m [37m<-- POST /wd/hub/session/eb0ba6a6-c3f0-40a6-be36-d1050bf68686/touch/perform [39m[32m200[39m [90m932 ms - 76[39m
[35m[HTTP][39m [90m[39m
[35m[HTTP][39m [37m-->[39m [37mGET[39m [37m/wd/hub/session/eb0ba6a6-c3f0-40a6-be36-d1050bf68686/window/current/size[39m
[35m[HTTP][39m [90m{}[39m
[35m[W3C][39m Driver proxy active, passing request on via HTTP proxy
[35m[JSONWP Proxy][39m Replacing sessionId 89e74ea1-fccf-418a-a405-defb01999815 with eb0ba6a6-c3f0-40a6-be36-d1050bf68686
[35m[HTTP][39m [37m<-- GET /wd/hub/session/eb0ba6a6-c3f0-40a6-be36-d1050bf68686/window/current/size [39m[32m200[39m [90m43 ms - 100[39m
[35m[HTTP][39m [90m[39m
[35m[HTTP][39m [37m-->[39m [37mPOST[39m [37m/wd/hub/session/eb0ba6a6-c3f0-40a6-be36-d1050bf68686/elements[39m
[35m[HTTP][39m [90m{"using":"-android uiautomator","value":"new UiSelector().className(\"android.widget.TextView\").resourceId(\"it.sky.msa:id/toolbarTitle\")"}[39m
[35m[HTTP][39m [37m<-- POST /wd/hub/session/eb0ba6a6-c3f0-40a6-be36-d1050bf68686/elements [39m[32m200[39m [90m97 ms - 124[39m
[35m[HTTP][39m [90m[39m
[35m[HTTP][39m [37m-->[39m [37mGET[39m [37m/wd/hub/session/eb0ba6a6-c3f0-40a6-be36-d1050bf68686[39m
[35m[HTTP][39m [90m{}[39m
[35m[HTTP][39m [37m<-- GET /wd/hub/session/eb0ba6a6-c3f0-40a6-be36-d1050bf68686 [39m[32m200[39m [90m21 ms - 1133[39m
[35m[HTTP][39m [90m[39m
[35m[HTTP][39m [37m-->[39m [37mGET[39m [37m/wd/hub/session/eb0ba6a6-c3f0-40a6-be36-d1050bf68686[39m
[35m[HTTP][39m [90m{}[39m
[35m[HTTP][39m [37m<-- GET /wd/hub/session/eb0ba6a6-c3f0-40a6-be36-d1050bf68686 [39m[32m200[39m [90m30 ms - 1133[39m
[35m[HTTP][39m [90m[39m
[35m[HTTP][39m [37m-->[39m [37mGET[39m [37m/wd/hub/session/eb0ba6a6-c3f0-40a6-be36-d1050bf68686[39m
[35m[HTTP][39m [90m{}[39m
[35m[HTTP][39m [37m<-- GET /wd/hub/session/eb0ba6a6-c3f0-40a6-be36-d1050bf68686 [39m[32m200[39m [90m25 ms - 1133[39m
[35m[HTTP][39m [90m[39m
[35m[HTTP][39m [37m-->[39m [37mGET[39m [37m/wd/hub/session/eb0ba6a6-c3f0-40a6-be36-d1050bf68686[39m
[35m[HTTP][39m [90m{}[39m
[35m[HTTP][39m [37m<-- GET /wd/hub/session/eb0ba6a6-c3f0-40a6-be36-d1050bf68686 [39m[32m200[39m [90m35 ms - 1133[39m
[35m[HTTP][39m [90m[39m
[35m[HTTP][39m [37m-->[39m [37mGET[39m [37m/wd/hub/session/eb0ba6a6-c3f0-40a6-be36-d1050bf68686/element/02da3504-2c47-4afe-bd3e-77ad88f571ad/location[39m
[35m[HTTP][39m [90m{}[39m
[35m[W3C][39m Driver proxy active, passing request on via HTTP proxy
[35m[JSONWP Proxy][39m Replacing sessionId 89e74ea1-fccf-418a-a405-defb01999815 with eb0ba6a6-c3f0-40a6-be36-d1050bf68686
[35m[HTTP][39m [37m<-- GET /wd/hub/session/eb0ba6a6-c3f0-40a6-be36-d1050bf68686/element/02da3504-2c47-4afe-bd3e-77ad88f571ad/location [39m[32m200[39m [90m53 ms - 89[39m
[35m[HTTP][39m [90m[39m
[35m[HTTP][39m [37m-->[39m [37mGET[39m [37m/wd/hub/session/eb0ba6a6-c3f0-40a6-be36-d1050bf68686/element/02da3504-2c47-4afe-bd3e-77ad88f571ad/text[39m
[35m[HTTP][39m [90m{}[39m
[35m[W3C][39m Driver proxy active, passing request on via HTTP proxy
[35m[JSONWP Proxy][39m Replacing sessionId 89e74ea1-fccf-418a-a405-defb01999815 with eb0ba6a6-c3f0-40a6-be36-d1050bf68686
[35m[HTTP][39m [37m<-- GET /wd/hub/session/eb0ba6a6-c3f0-40a6-be36-d1050bf68686/element/02da3504-2c47-4afe-bd3e-77ad88f571ad/text [39m[32m200[39m [90m57 ms - 104[39m
[35m[HTTP][39m [90m[39m
[35m[HTTP][39m [37m-->[39m [37mGET[39m [37m/wd/hub/session/eb0ba6a6-c3f0-40a6-be36-d1050bf68686/window/current/size[39m
[35m[HTTP][39m [90m{}[39m
[35m[W3C][39m Driver proxy active, passing request on via HTTP proxy
[35m[JSONWP Proxy][39m Replacing sessionId 89e74ea1-fccf-418a-a405-defb01999815 with eb0ba6a6-c3f0-40a6-be36-d1050bf68686
[35m[HTTP][39m [37m<-- GET /wd/hub/session/eb0ba6a6-c3f0-40a6-be36-d1050bf68686/window/current/size [39m[32m200[39m [90m56 ms - 100[39m
[35m[HTTP][39m [90m[39m
[35m[HTTP][39m [37m-->[39m [37mPOST[39m [37m/wd/hub/session/eb0ba6a6-c3f0-40a6-be36-d1050bf68686/elements[39m
[35m[HTTP][39m [90m{"using":"-android uiautomator","value":"new UiSelector().className(\"android.widget.ImageButton\").instance(0)"}[39m
[35m[HTTP][39m [37m<-- POST /wd/hub/session/eb0ba6a6-c3f0-40a6-be36-d1050bf68686/elements [39m[32m200[39m [90m448 ms - 124[39m
[35m[HTTP][39m [90m[39m
[35m[HTTP][39m [37m-->[39m [37mGET[39m [37m/wd/hub/session/eb0ba6a6-c3f0-40a6-be36-d1050bf68686[39m
[35m[HTTP][39m [90m{}[39m
[35m[HTTP][39m [37m<-- GET /wd/hub/session/eb0ba6a6-c3f0-40a6-be36-d1050bf68686 [39m[32m200[39m [90m26 ms - 1133[39m
[35m[HTTP][39m [90m[39m
[35m[HTTP][39m [37m-->[39m [37mGET[39m [37m/wd/hub/session/eb0ba6a6-c3f0-40a6-be36-d1050bf68686[39m
[35m[HTTP][39m [90m{}[39m
[35m[HTTP][39m [37m<-- GET /wd/hub/session/eb0ba6a6-c3f0-40a6-be36-d1050bf68686 [39m[32m200[39m [90m25 ms - 1133[39m
[35m[HTTP][39m [90m[39m
[35m[HTTP][39m [37m-->[39m [37mGET[39m [37m/wd/hub/session/eb0ba6a6-c3f0-40a6-be36-d1050bf68686[39m
[35m[HTTP][39m [90m{}[39m
[35m[HTTP][39m [37m<-- GET /wd/hub/session/eb0ba6a6-c3f0-40a6-be36-d1050bf68686 [39m[32m200[39m [90m23 ms - 1133[39m
[35m[HTTP][39m [90m[39m
[35m[HTTP][39m [37m-->[39m [37mGET[39m [37m/wd/hub/session/eb0ba6a6-c3f0-40a6-be36-d1050bf68686[39m
[35m[HTTP][39m [90m{}[39m
[35m[HTTP][39m [37m<-- GET /wd/hub/session/eb0ba6a6-c3f0-40a6-be36-d1050bf68686 [39m[32m200[39m [90m23 ms - 1133[39m
[35m[HTTP][39m [90m[39m
[35m[HTTP][39m [37m-->[39m [37mGET[39m [37m/wd/hub/session/eb0ba6a6-c3f0-40a6-be36-d1050bf68686/element/8fd58984-6f2f-4030-8ae0-5d29c93ad093/location[39m
[35m[HTTP][39m [90m{}[39m
[35m[W3C][39m Driver proxy active, passing request on via HTTP proxy
[35m[JSONWP Proxy][39m Replacing sessionId 89e74ea1-fccf-418a-a405-defb01999815 with eb0ba6a6-c3f0-40a6-be36-d1050bf68686
[35m[HTTP][39m [37m<-- GET /wd/hub/session/eb0ba6a6-c3f0-40a6-be36-d1050bf68686/element/8fd58984-6f2f-4030-8ae0-5d29c93ad093/location [39m[32m200[39m [90m60 ms - 86[39m
[35m[HTTP][39m [90m[39m
[35m[HTTP][39m [37m-->[39m [37mPOST[39m [37m/wd/hub/session/eb0ba6a6-c3f0-40a6-be36-d1050bf68686/touch/perform[39m
[35m[HTTP][39m [90m{"actions":[{"action":"tap","options":{"element":"8fd58984-6f2f-4030-8ae0-5d29c93ad093","x":1,"y":1}}]}[39m
[35m[UiAutomator2][39m calling get location: 8fd58984-6f2f-4030-8ae0-5d29c93ad093
[35m[HTTP][39m [37m<-- POST /wd/hub/session/eb0ba6a6-c3f0-40a6-be36-d1050bf68686/touch/perform [39m[32m200[39m [90m948 ms - 76[39m
[35m[HTTP][39m [90m[39m
[35m[HTTP][39m [37m-->[39m [37mDELETE[39m [37m/wd/hub/session/eb0ba6a6-c3f0-40a6-be36-d1050bf68686[39m
[35m[HTTP][39m [90m{}[39m
[35m[Appium][39m Removing session eb0ba6a6-c3f0-40a6-be36-d1050bf68686 from our master session list
[35m[HTTP][39m [37m<-- DELETE /wd/hub/session/eb0ba6a6-c3f0-40a6-be36-d1050bf68686 [39m[32m200[39m [90m280 ms - 76[39m
[35m[HTTP][39m [90m[39m
