[35m[Appium][39m Welcome to Appium v1.8.1
[35m[Appium][39m Non-default server args:
[35m[Appium][39m   port: 64469
[35m[Appium][39m   loglevel: info
[35m[Appium][39m   chromeDriverPort: 64470
[35m[Appium][39m   tmpDir: C:\Users\marco\AppData\Local\Temp\\Katalon\Appium\Temp1551188560473
[35m[Appium][39m Appium REST http interface listener started on 0.0.0.0:64469
[35m[HTTP][39m [37m-->[39m [37mGET[39m [37m/wd/hub/status[39m
[35m[HTTP][39m [90m{}[39m
[35m[HTTP][39m [37m<-- GET /wd/hub/status [39m[32m200[39m [90m49 ms - 83[39m
[35m[HTTP][39m [90m[39m
[35m[HTTP][39m [37m-->[39m [37mPOST[39m [37m/wd/hub/session[39m
[35m[HTTP][39m [90m{"desiredCapabilities":{"app":"C:\\Users\\MSA-testautomation\\59.apk","autoGrantPermissions":true,"automationName":"uiautomator2","deviceName":"samsung SM-G935F (Android 8.0.0)","fullReset":false,"newCommandTimeout":1800,"noReset":true,"platform":"ANDROID","platformName":"Android","udid":"9885f7504651473733"},"capabilities":{"desiredCapabilities":{"app":"C:\\Users\\MSA-testautomation\\59.apk","autoGrantPermissions":true,"automationName":"uiautomator2","deviceName":"samsung SM-G935F (Android 8.0.0)","fullReset":false,"newCommandTimeout":1800,"noReset":true,"platform":"ANDROID","platformName":"Android","udid":"9885f7504651473733"},"firstMatch":[{"platformName":"android"}]}}[39m
[35m[Appium][39m Could not parse W3C capabilities: 'deviceName' can't be blank. Falling back to JSONWP protocol.
[35m[Appium][39m The following capabilities were provided in the JSONWP desired capabilities that are missing in W3C capabilities: ["app","autoGrantPermissions","automationName","deviceName","fullReset","newCommandTimeout","noReset","platform","platformName","udid"]. Falling back to JSONWP protocol.
[35m[Appium][39m Creating new AndroidUiautomator2Driver (v1.12.0) session
[35m[Appium][39m Capabilities:
[35m[Appium][39m   app: C:\Users\MSA-testautomation\59.apk
[35m[Appium][39m   autoGrantPermissions: true
[35m[Appium][39m   automationName: uiautomator2
[35m[Appium][39m   deviceName: samsung SM-G935F (Android 8.0.0)
[35m[Appium][39m   fullReset: false
[35m[Appium][39m   newCommandTimeout: 1800
[35m[Appium][39m   noReset: true
[35m[Appium][39m   platform: ANDROID
[35m[Appium][39m   platformName: Android
[35m[Appium][39m   udid: 9885f7504651473733
[35m[BaseDriver][39m The following capabilities were provided, but are not recognized by appium: platform.
[35m[BaseDriver][39m Session created with session id: 65be0f8d-01e2-4b7c-bcfa-75623e620e06
[35m[BaseDriver][39m Using local app 'C:\Users\MSA-testautomation\59.apk'
[35m[AndroidDriver][39m Java version is: 1.8.0_181
[35m[ADB][39m Checking whether adb is present
[35m[ADB][39m Found 1 'build-tools' folders under 'C:\Users\marco\.katalon\tools\android_sdk' (newest first):
[35m[ADB][39m     C:/Users/marco/.katalon/tools/android_sdk/build-tools/28.0.3
[35m[ADB][39m Using adb.exe from C:\Users\marco\.katalon\tools\android_sdk\platform-tools\adb.exe
[35m[AndroidDriver][39m Retrieving device list
[35m[AndroidDriver][39m Using device: 9885f7504651473733
[35m[ADB][39m Using the alternative activity name detection method because of: Could not find apkanalyzer.bat in C:\Users\marco\.katalon\tools\android_sdk\platform-tools\apkanalyzer.bat,C:\Users\marco\.katalon\tools\android_sdk\emulator\apkanalyzer.bat,C:\Users\marco\.katalon\tools\android_sdk\tools\apkanalyzer.bat,C:\Users\marco\.katalon\tools\android_sdk\tools\bin\apkanalyzer.bat,C:\Users\marco\.katalon\tools\android_sdk\build-tools\28.0.3\apkanalyzer.bat. Do you have the Android SDK installed at 'C:\Users\marco\.katalon\tools\android_sdk'?
[35m[ADB][39m Checking whether aapt is present
[35m[ADB][39m Using aapt.exe from C:\Users\marco\.katalon\tools\android_sdk\build-tools\28.0.3\aapt.exe
[35m[ADB][39m Extracting package and launch activity from manifest
[35m[ADB][39m Package name: 'it.sky.msa'
[35m[ADB][39m Main activity name: 'it.sky.msa.welcome.SplashActivity'
[35m[ADB][39m Getting device platform version
[35m[ADB][39m Using apksigner.bat from C:\Users\marco\.katalon\tools\android_sdk\build-tools\28.0.3\apksigner.bat
[35m[ADB][39m Checking whether zipalign is present
[35m[ADB][39m Using zipalign.exe from C:\Users\marco\.katalon\tools\android_sdk\build-tools\28.0.3\zipalign.exe
[35m[ADB][39m io.appium.uiautomator2.server was successfully uninstalled
[35m[ADB][39m io.appium.uiautomator2.server.test was successfully uninstalled
[35m[AndroidDriver][39m setDeviceLanguageCountry requires language or country.
[35m[AndroidDriver][39m Got language: 'null' and country: 'null'
[35m[ADB][39m Successfully extracted 218 strings from 'C:\Users\MSA-testautomation\59.apk' resources for '(default)' configuration
[35m[UiAutomator2][39m Starting uiautomator2 server 1.12.0
[35m[UiAutomator2][39m Using UIAutomator2 server from 'C:\Users\marco\AppData\Roaming\npm\node_modules\appium\node_modules\appium-uiautomator2-server\apks\appium-uiautomator2-server-v1.12.0.apk' and test from 'C:\Users\marco\AppData\Roaming\npm\node_modules\appium\node_modules\appium-uiautomator2-server\apks\appium-uiautomator2-server-debug-androidTest.apk'
[35m[UiAutomator2][39m Running command: 'adb -s 9885f7504651473733 shell am instrument -w io.appium.uiautomator2.server.test/android.support.test.runner.AndroidJUnitRunner'
[35m[UiAutomator2][39m Waiting up to 20000ms for UiAutomator2 to be online...
[35m[AndroidDriver][39m Screen already unlocked, doing nothing
[35m[UiAutomator2][39m UiAutomator2 did not start the activity we were waiting for, 'it.sky.msa/it.sky.msa.welcome.SplashActivity'. Starting it ourselves
[35m[Appium][39m New AndroidUiautomator2Driver session created successfully, session 65be0f8d-01e2-4b7c-bcfa-75623e620e06 added to master session list
[35m[HTTP][39m [37m<-- POST /wd/hub/session [39m[32m200[39m [90m21169 ms - 1133[39m
[35m[HTTP][39m [90m[39m
[35m[HTTP][39m [37m-->[39m [37mGET[39m [37m/wd/hub/status[39m
[35m[HTTP][39m [90m{}[39m
[35m[HTTP][39m [37m<-- GET /wd/hub/status [39m[32m200[39m [90m49 ms - 55[39m
[35m[HTTP][39m [90m[39m
[35m[HTTP][39m [37m-->[39m [37mPOST[39m [37m/wd/hub/session/65be0f8d-01e2-4b7c-bcfa-75623e620e06/timeouts[39m
[35m[HTTP][39m [90m{"type":"implicit","ms":30000}[39m
[35m[HTTP][39m [37m<-- POST /wd/hub/session/65be0f8d-01e2-4b7c-bcfa-75623e620e06/timeouts [39m[33m400[39m [90m26 ms - 5204[39m
[35m[HTTP][39m [90m[39m
[35m[HTTP][39m [37m-->[39m [37mGET[39m [37m/wd/hub/session/65be0f8d-01e2-4b7c-bcfa-75623e620e06/window/current/size[39m
[35m[HTTP][39m [90m{}[39m
[35m[W3C][39m Driver proxy active, passing request on via HTTP proxy
[35m[JSONWP Proxy][39m Replacing sessionId f6ddc181-c875-4d21-8013-1258e50ab72b with 65be0f8d-01e2-4b7c-bcfa-75623e620e06
[35m[HTTP][39m [37m<-- GET /wd/hub/session/65be0f8d-01e2-4b7c-bcfa-75623e620e06/window/current/size [39m[32m200[39m [90m71 ms - 100[39m
[35m[HTTP][39m [90m[39m
[35m[HTTP][39m [37m-->[39m [37mPOST[39m [37m/wd/hub/session/65be0f8d-01e2-4b7c-bcfa-75623e620e06/elements[39m
[35m[HTTP][39m [90m{"using":"-android uiautomator","value":"new UiSelector().className(\"android.widget.TextView\").text(\"Guida TV\").resourceId(\"it.sky.msa:id/title\").instance(5)"}[39m
[35m[HTTP][39m [37m<-- POST /wd/hub/session/65be0f8d-01e2-4b7c-bcfa-75623e620e06/elements [39m[32m200[39m [90m81 ms - 74[39m
[35m[HTTP][39m [90m[39m
[35m[HTTP][39m [37m-->[39m [37mPOST[39m [37m/wd/hub/session/65be0f8d-01e2-4b7c-bcfa-75623e620e06/elements[39m
[35m[HTTP][39m [90m{"using":"-android uiautomator","value":"new UiSelector().className(\"android.widget.TextView\").text(\"Guida TV\").resourceId(\"it.sky.msa:id/title\").instance(5)"}[39m
[35m[HTTP][39m [37m<-- POST /wd/hub/session/65be0f8d-01e2-4b7c-bcfa-75623e620e06/elements [39m[32m200[39m [90m92 ms - 74[39m
[35m[HTTP][39m [90m[39m
[35m[HTTP][39m [37m-->[39m [37mPOST[39m [37m/wd/hub/session/65be0f8d-01e2-4b7c-bcfa-75623e620e06/elements[39m
[35m[HTTP][39m [90m{"using":"-android uiautomator","value":"new UiSelector().className(\"android.widget.TextView\").text(\"Guida TV\").resourceId(\"it.sky.msa:id/title\").instance(5)"}[39m
[35m[HTTP][39m [37m<-- POST /wd/hub/session/65be0f8d-01e2-4b7c-bcfa-75623e620e06/elements [39m[32m200[39m [90m76 ms - 74[39m
[35m[HTTP][39m [90m[39m
[35m[HTTP][39m [37m-->[39m [37mPOST[39m [37m/wd/hub/session/65be0f8d-01e2-4b7c-bcfa-75623e620e06/elements[39m
[35m[HTTP][39m [90m{"using":"-android uiautomator","value":"new UiSelector().className(\"android.widget.TextView\").text(\"Guida TV\").resourceId(\"it.sky.msa:id/title\").instance(5)"}[39m
[35m[HTTP][39m [37m<-- POST /wd/hub/session/65be0f8d-01e2-4b7c-bcfa-75623e620e06/elements [39m[32m200[39m [90m78 ms - 74[39m
[35m[HTTP][39m [90m[39m
[35m[HTTP][39m [37m-->[39m [37mPOST[39m [37m/wd/hub/session/65be0f8d-01e2-4b7c-bcfa-75623e620e06/elements[39m
[35m[HTTP][39m [90m{"using":"-android uiautomator","value":"new UiSelector().className(\"android.widget.TextView\").text(\"Guida TV\").resourceId(\"it.sky.msa:id/title\").instance(5)"}[39m
[35m[HTTP][39m [37m<-- POST /wd/hub/session/65be0f8d-01e2-4b7c-bcfa-75623e620e06/elements [39m[32m200[39m [90m53 ms - 74[39m
[35m[HTTP][39m [90m[39m
[35m[HTTP][39m [37m-->[39m [37mPOST[39m [37m/wd/hub/session/65be0f8d-01e2-4b7c-bcfa-75623e620e06/elements[39m
[35m[HTTP][39m [90m{"using":"-android uiautomator","value":"new UiSelector().className(\"android.widget.TextView\").text(\"Guida TV\").resourceId(\"it.sky.msa:id/title\").instance(5)"}[39m
[35m[HTTP][39m [37m<-- POST /wd/hub/session/65be0f8d-01e2-4b7c-bcfa-75623e620e06/elements [39m[32m200[39m [90m73 ms - 74[39m
[35m[HTTP][39m [90m[39m
[35m[HTTP][39m [37m-->[39m [37mPOST[39m [37m/wd/hub/session/65be0f8d-01e2-4b7c-bcfa-75623e620e06/elements[39m
[35m[HTTP][39m [90m{"using":"-android uiautomator","value":"new UiSelector().className(\"android.widget.TextView\").text(\"Guida TV\").resourceId(\"it.sky.msa:id/title\").instance(5)"}[39m
[35m[HTTP][39m [37m<-- POST /wd/hub/session/65be0f8d-01e2-4b7c-bcfa-75623e620e06/elements [39m[32m200[39m [90m54 ms - 74[39m
[35m[HTTP][39m [90m[39m
[35m[HTTP][39m [37m-->[39m [37mPOST[39m [37m/wd/hub/session/65be0f8d-01e2-4b7c-bcfa-75623e620e06/elements[39m
[35m[HTTP][39m [90m{"using":"-android uiautomator","value":"new UiSelector().className(\"android.widget.TextView\").text(\"Guida TV\").resourceId(\"it.sky.msa:id/title\").instance(5)"}[39m
[35m[HTTP][39m [37m<-- POST /wd/hub/session/65be0f8d-01e2-4b7c-bcfa-75623e620e06/elements [39m[32m200[39m [90m68 ms - 74[39m
[35m[HTTP][39m [90m[39m
[35m[HTTP][39m [37m-->[39m [37mPOST[39m [37m/wd/hub/session/65be0f8d-01e2-4b7c-bcfa-75623e620e06/elements[39m
[35m[HTTP][39m [90m{"using":"-android uiautomator","value":"new UiSelector().className(\"android.widget.TextView\").text(\"Guida TV\").resourceId(\"it.sky.msa:id/title\").instance(5)"}[39m
[35m[HTTP][39m [37m<-- POST /wd/hub/session/65be0f8d-01e2-4b7c-bcfa-75623e620e06/elements [39m[32m200[39m [90m43 ms - 74[39m
[35m[HTTP][39m [90m[39m
[35m[HTTP][39m [37m-->[39m [37mPOST[39m [37m/wd/hub/session/65be0f8d-01e2-4b7c-bcfa-75623e620e06/elements[39m
[35m[HTTP][39m [90m{"using":"-android uiautomator","value":"new UiSelector().className(\"android.widget.TextView\").text(\"Guida TV\").resourceId(\"it.sky.msa:id/title\").instance(5)"}[39m
[35m[HTTP][39m [37m<-- POST /wd/hub/session/65be0f8d-01e2-4b7c-bcfa-75623e620e06/elements [39m[32m200[39m [90m55 ms - 74[39m
[35m[HTTP][39m [90m[39m
[35m[HTTP][39m [37m-->[39m [37mPOST[39m [37m/wd/hub/session/65be0f8d-01e2-4b7c-bcfa-75623e620e06/elements[39m
[35m[HTTP][39m [90m{"using":"-android uiautomator","value":"new UiSelector().className(\"android.widget.TextView\").text(\"Guida TV\").resourceId(\"it.sky.msa:id/title\").instance(5)"}[39m
[35m[HTTP][39m [37m<-- POST /wd/hub/session/65be0f8d-01e2-4b7c-bcfa-75623e620e06/elements [39m[32m200[39m [90m89 ms - 74[39m
[35m[HTTP][39m [90m[39m
[35m[HTTP][39m [37m-->[39m [37mPOST[39m [37m/wd/hub/session/65be0f8d-01e2-4b7c-bcfa-75623e620e06/elements[39m
[35m[HTTP][39m [90m{"using":"-android uiautomator","value":"new UiSelector().className(\"android.widget.TextView\").text(\"Guida TV\").resourceId(\"it.sky.msa:id/title\").instance(5)"}[39m
[35m[HTTP][39m [37m<-- POST /wd/hub/session/65be0f8d-01e2-4b7c-bcfa-75623e620e06/elements [39m[32m200[39m [90m87 ms - 74[39m
[35m[HTTP][39m [90m[39m
[35m[HTTP][39m [37m-->[39m [37mPOST[39m [37m/wd/hub/session/65be0f8d-01e2-4b7c-bcfa-75623e620e06/elements[39m
[35m[HTTP][39m [90m{"using":"-android uiautomator","value":"new UiSelector().className(\"android.widget.TextView\").text(\"Guida TV\").resourceId(\"it.sky.msa:id/title\").instance(5)"}[39m
[35m[HTTP][39m [37m<-- POST /wd/hub/session/65be0f8d-01e2-4b7c-bcfa-75623e620e06/elements [39m[32m200[39m [90m70 ms - 74[39m
[35m[HTTP][39m [90m[39m
[35m[HTTP][39m [37m-->[39m [37mPOST[39m [37m/wd/hub/session/65be0f8d-01e2-4b7c-bcfa-75623e620e06/elements[39m
[35m[HTTP][39m [90m{"using":"-android uiautomator","value":"new UiSelector().className(\"android.widget.TextView\").text(\"Guida TV\").resourceId(\"it.sky.msa:id/title\").instance(5)"}[39m
[35m[HTTP][39m [37m<-- POST /wd/hub/session/65be0f8d-01e2-4b7c-bcfa-75623e620e06/elements [39m[32m200[39m [90m97 ms - 74[39m
[35m[HTTP][39m [90m[39m
[35m[HTTP][39m [37m-->[39m [37mPOST[39m [37m/wd/hub/session/65be0f8d-01e2-4b7c-bcfa-75623e620e06/elements[39m
[35m[HTTP][39m [90m{"using":"-android uiautomator","value":"new UiSelector().className(\"android.widget.TextView\").text(\"Guida TV\").resourceId(\"it.sky.msa:id/title\").instance(5)"}[39m
[35m[HTTP][39m [37m<-- POST /wd/hub/session/65be0f8d-01e2-4b7c-bcfa-75623e620e06/elements [39m[32m200[39m [90m79 ms - 74[39m
[35m[HTTP][39m [90m[39m
[35m[HTTP][39m [37m-->[39m [37mPOST[39m [37m/wd/hub/session/65be0f8d-01e2-4b7c-bcfa-75623e620e06/elements[39m
[35m[HTTP][39m [90m{"using":"-android uiautomator","value":"new UiSelector().className(\"android.widget.TextView\").text(\"Guida TV\").resourceId(\"it.sky.msa:id/title\").instance(5)"}[39m
[35m[HTTP][39m [37m<-- POST /wd/hub/session/65be0f8d-01e2-4b7c-bcfa-75623e620e06/elements [39m[32m200[39m [90m70 ms - 74[39m
[35m[HTTP][39m [90m[39m
[35m[HTTP][39m [37m-->[39m [37mPOST[39m [37m/wd/hub/session/65be0f8d-01e2-4b7c-bcfa-75623e620e06/elements[39m
[35m[HTTP][39m [90m{"using":"-android uiautomator","value":"new UiSelector().className(\"android.widget.TextView\").text(\"Guida TV\").resourceId(\"it.sky.msa:id/title\").instance(5)"}[39m
[35m[HTTP][39m [37m<-- POST /wd/hub/session/65be0f8d-01e2-4b7c-bcfa-75623e620e06/elements [39m[32m200[39m [90m73 ms - 74[39m
[35m[HTTP][39m [90m[39m
[35m[HTTP][39m [37m-->[39m [37mPOST[39m [37m/wd/hub/session/65be0f8d-01e2-4b7c-bcfa-75623e620e06/elements[39m
[35m[HTTP][39m [90m{"using":"-android uiautomator","value":"new UiSelector().className(\"android.widget.TextView\").text(\"Guida TV\").resourceId(\"it.sky.msa:id/title\").instance(5)"}[39m
[35m[HTTP][39m [37m<-- POST /wd/hub/session/65be0f8d-01e2-4b7c-bcfa-75623e620e06/elements [39m[32m200[39m [90m75 ms - 74[39m
[35m[HTTP][39m [90m[39m
[35m[HTTP][39m [37m-->[39m [37mPOST[39m [37m/wd/hub/session/65be0f8d-01e2-4b7c-bcfa-75623e620e06/elements[39m
[35m[HTTP][39m [90m{"using":"-android uiautomator","value":"new UiSelector().className(\"android.widget.TextView\").text(\"Guida TV\").resourceId(\"it.sky.msa:id/title\").instance(5)"}[39m
[35m[HTTP][39m [37m<-- POST /wd/hub/session/65be0f8d-01e2-4b7c-bcfa-75623e620e06/elements [39m[32m200[39m [90m66 ms - 74[39m
[35m[HTTP][39m [90m[39m
[35m[HTTP][39m [37m-->[39m [37mPOST[39m [37m/wd/hub/session/65be0f8d-01e2-4b7c-bcfa-75623e620e06/elements[39m
[35m[HTTP][39m [90m{"using":"-android uiautomator","value":"new UiSelector().className(\"android.widget.TextView\").text(\"Guida TV\").resourceId(\"it.sky.msa:id/title\").instance(5)"}[39m
[35m[HTTP][39m [37m<-- POST /wd/hub/session/65be0f8d-01e2-4b7c-bcfa-75623e620e06/elements [39m[32m200[39m [90m81 ms - 74[39m
[35m[HTTP][39m [90m[39m
[35m[HTTP][39m [37m-->[39m [37mPOST[39m [37m/wd/hub/session/65be0f8d-01e2-4b7c-bcfa-75623e620e06/elements[39m
[35m[HTTP][39m [90m{"using":"-android uiautomator","value":"new UiSelector().className(\"android.widget.TextView\").text(\"Guida TV\").resourceId(\"it.sky.msa:id/title\").instance(5)"}[39m
[35m[HTTP][39m [37m<-- POST /wd/hub/session/65be0f8d-01e2-4b7c-bcfa-75623e620e06/elements [39m[32m200[39m [90m88 ms - 74[39m
[35m[HTTP][39m [90m[39m
[35m[HTTP][39m [37m-->[39m [37mPOST[39m [37m/wd/hub/session/65be0f8d-01e2-4b7c-bcfa-75623e620e06/elements[39m
[35m[HTTP][39m [90m{"using":"-android uiautomator","value":"new UiSelector().className(\"android.widget.TextView\").text(\"Guida TV\").resourceId(\"it.sky.msa:id/title\").instance(5)"}[39m
[35m[HTTP][39m [37m<-- POST /wd/hub/session/65be0f8d-01e2-4b7c-bcfa-75623e620e06/elements [39m[32m200[39m [90m73 ms - 74[39m
[35m[HTTP][39m [90m[39m
[35m[HTTP][39m [37m-->[39m [37mPOST[39m [37m/wd/hub/session/65be0f8d-01e2-4b7c-bcfa-75623e620e06/elements[39m
[35m[HTTP][39m [90m{"using":"-android uiautomator","value":"new UiSelector().className(\"android.widget.TextView\").text(\"Guida TV\").resourceId(\"it.sky.msa:id/title\").instance(5)"}[39m
[35m[HTTP][39m [37m<-- POST /wd/hub/session/65be0f8d-01e2-4b7c-bcfa-75623e620e06/elements [39m[32m200[39m [90m82 ms - 74[39m
[35m[HTTP][39m [90m[39m
[35m[HTTP][39m [37m-->[39m [37mPOST[39m [37m/wd/hub/session/65be0f8d-01e2-4b7c-bcfa-75623e620e06/elements[39m
[35m[HTTP][39m [90m{"using":"-android uiautomator","value":"new UiSelector().className(\"android.widget.TextView\").text(\"Guida TV\").resourceId(\"it.sky.msa:id/title\").instance(5)"}[39m
[35m[HTTP][39m [37m<-- POST /wd/hub/session/65be0f8d-01e2-4b7c-bcfa-75623e620e06/elements [39m[32m200[39m [90m76 ms - 74[39m
[35m[HTTP][39m [90m[39m
[35m[HTTP][39m [37m-->[39m [37mPOST[39m [37m/wd/hub/session/65be0f8d-01e2-4b7c-bcfa-75623e620e06/elements[39m
[35m[HTTP][39m [90m{"using":"-android uiautomator","value":"new UiSelector().className(\"android.widget.TextView\").text(\"Guida TV\").resourceId(\"it.sky.msa:id/title\").instance(5)"}[39m
[35m[HTTP][39m [37m<-- POST /wd/hub/session/65be0f8d-01e2-4b7c-bcfa-75623e620e06/elements [39m[32m200[39m [90m173 ms - 74[39m
[35m[HTTP][39m [90m[39m
[35m[HTTP][39m [37m-->[39m [37mPOST[39m [37m/wd/hub/session/65be0f8d-01e2-4b7c-bcfa-75623e620e06/elements[39m
[35m[HTTP][39m [90m{"using":"-android uiautomator","value":"new UiSelector().className(\"android.widget.TextView\").text(\"Guida TV\").resourceId(\"it.sky.msa:id/title\").instance(5)"}[39m
[35m[HTTP][39m [37m<-- POST /wd/hub/session/65be0f8d-01e2-4b7c-bcfa-75623e620e06/elements [39m[32m200[39m [90m737 ms - 124[39m
[35m[HTTP][39m [90m[39m
[35m[HTTP][39m [37m-->[39m [37mGET[39m [37m/wd/hub/session/65be0f8d-01e2-4b7c-bcfa-75623e620e06[39m
[35m[HTTP][39m [90m{}[39m
[35m[HTTP][39m [37m<-- GET /wd/hub/session/65be0f8d-01e2-4b7c-bcfa-75623e620e06 [39m[32m200[39m [90m27 ms - 1133[39m
[35m[HTTP][39m [90m[39m
[35m[HTTP][39m [37m-->[39m [37mGET[39m [37m/wd/hub/session/65be0f8d-01e2-4b7c-bcfa-75623e620e06[39m
[35m[HTTP][39m [90m{}[39m
[35m[HTTP][39m [37m<-- GET /wd/hub/session/65be0f8d-01e2-4b7c-bcfa-75623e620e06 [39m[32m200[39m [90m34 ms - 1133[39m
[35m[HTTP][39m [90m[39m
[35m[HTTP][39m [37m-->[39m [37mGET[39m [37m/wd/hub/session/65be0f8d-01e2-4b7c-bcfa-75623e620e06[39m
[35m[HTTP][39m [90m{}[39m
[35m[HTTP][39m [37m<-- GET /wd/hub/session/65be0f8d-01e2-4b7c-bcfa-75623e620e06 [39m[32m200[39m [90m34 ms - 1133[39m
[35m[HTTP][39m [90m[39m
[35m[HTTP][39m [37m-->[39m [37mGET[39m [37m/wd/hub/session/65be0f8d-01e2-4b7c-bcfa-75623e620e06[39m
[35m[HTTP][39m [90m{}[39m
[35m[HTTP][39m [37m<-- GET /wd/hub/session/65be0f8d-01e2-4b7c-bcfa-75623e620e06 [39m[32m200[39m [90m32 ms - 1133[39m
[35m[HTTP][39m [90m[39m
[35m[HTTP][39m [37m-->[39m [37mGET[39m [37m/wd/hub/session/65be0f8d-01e2-4b7c-bcfa-75623e620e06/element/49228a50-56bf-4488-8294-9d6f1389da42/location[39m
[35m[HTTP][39m [90m{}[39m
[35m[W3C][39m Driver proxy active, passing request on via HTTP proxy
[35m[JSONWP Proxy][39m Replacing sessionId f6ddc181-c875-4d21-8013-1258e50ab72b with 65be0f8d-01e2-4b7c-bcfa-75623e620e06
[35m[HTTP][39m [37m<-- GET /wd/hub/session/65be0f8d-01e2-4b7c-bcfa-75623e620e06/element/49228a50-56bf-4488-8294-9d6f1389da42/location [39m[32m200[39m [90m102 ms - 90[39m
[35m[HTTP][39m [90m[39m
[35m[HTTP][39m [37m-->[39m [37mPOST[39m [37m/wd/hub/session/65be0f8d-01e2-4b7c-bcfa-75623e620e06/touch/perform[39m
[35m[HTTP][39m [90m{"actions":[{"action":"tap","options":{"element":"49228a50-56bf-4488-8294-9d6f1389da42","x":1,"y":1}}]}[39m
[35m[UiAutomator2][39m calling get location: 49228a50-56bf-4488-8294-9d6f1389da42
[35m[HTTP][39m [37m<-- POST /wd/hub/session/65be0f8d-01e2-4b7c-bcfa-75623e620e06/touch/perform [39m[32m200[39m [90m1176 ms - 76[39m
[35m[HTTP][39m [90m[39m
[35m[HTTP][39m [37m-->[39m [37mGET[39m [37m/wd/hub/session/65be0f8d-01e2-4b7c-bcfa-75623e620e06/window/current/size[39m
[35m[HTTP][39m [90m{}[39m
[35m[W3C][39m Driver proxy active, passing request on via HTTP proxy
[35m[JSONWP Proxy][39m Replacing sessionId f6ddc181-c875-4d21-8013-1258e50ab72b with 65be0f8d-01e2-4b7c-bcfa-75623e620e06
[35m[HTTP][39m [37m<-- GET /wd/hub/session/65be0f8d-01e2-4b7c-bcfa-75623e620e06/window/current/size [39m[32m200[39m [90m40 ms - 100[39m
[35m[HTTP][39m [90m[39m
[35m[HTTP][39m [37m-->[39m [37mPOST[39m [37m/wd/hub/session/65be0f8d-01e2-4b7c-bcfa-75623e620e06/elements[39m
[35m[HTTP][39m [90m{"using":"-android uiautomator","value":"new UiSelector().className(\"android.widget.TextView\").text(\"GUIDA TV\").resourceId(\"it.sky.msa:id/headerTitle\").instance(0)"}[39m
[35m[HTTP][39m [37m<-- POST /wd/hub/session/65be0f8d-01e2-4b7c-bcfa-75623e620e06/elements [39m[32m200[39m [90m1139 ms - 124[39m
[35m[HTTP][39m [90m[39m
[35m[HTTP][39m [37m-->[39m [37mGET[39m [37m/wd/hub/session/65be0f8d-01e2-4b7c-bcfa-75623e620e06[39m
[35m[HTTP][39m [90m{}[39m
[35m[HTTP][39m [37m<-- GET /wd/hub/session/65be0f8d-01e2-4b7c-bcfa-75623e620e06 [39m[32m200[39m [90m38 ms - 1133[39m
[35m[HTTP][39m [90m[39m
[35m[HTTP][39m [37m-->[39m [37mGET[39m [37m/wd/hub/session/65be0f8d-01e2-4b7c-bcfa-75623e620e06[39m
[35m[HTTP][39m [90m{}[39m
[35m[HTTP][39m [37m<-- GET /wd/hub/session/65be0f8d-01e2-4b7c-bcfa-75623e620e06 [39m[32m200[39m [90m28 ms - 1133[39m
[35m[HTTP][39m [90m[39m
[35m[HTTP][39m [37m-->[39m [37mGET[39m [37m/wd/hub/session/65be0f8d-01e2-4b7c-bcfa-75623e620e06[39m
[35m[HTTP][39m [90m{}[39m
[35m[HTTP][39m [37m<-- GET /wd/hub/session/65be0f8d-01e2-4b7c-bcfa-75623e620e06 [39m[32m200[39m [90m23 ms - 1133[39m
[35m[HTTP][39m [90m[39m
[35m[HTTP][39m [37m-->[39m [37mGET[39m [37m/wd/hub/session/65be0f8d-01e2-4b7c-bcfa-75623e620e06[39m
[35m[HTTP][39m [90m{}[39m
[35m[HTTP][39m [37m<-- GET /wd/hub/session/65be0f8d-01e2-4b7c-bcfa-75623e620e06 [39m[32m200[39m [90m29 ms - 1133[39m
[35m[HTTP][39m [90m[39m
[35m[HTTP][39m [37m-->[39m [37mGET[39m [37m/wd/hub/session/65be0f8d-01e2-4b7c-bcfa-75623e620e06/element/a611e843-ae86-4e32-a807-4c8cbaae4e26/location[39m
[35m[HTTP][39m [90m{}[39m
[35m[W3C][39m Driver proxy active, passing request on via HTTP proxy
[35m[JSONWP Proxy][39m Replacing sessionId f6ddc181-c875-4d21-8013-1258e50ab72b with 65be0f8d-01e2-4b7c-bcfa-75623e620e06
[35m[HTTP][39m [37m<-- GET /wd/hub/session/65be0f8d-01e2-4b7c-bcfa-75623e620e06/element/a611e843-ae86-4e32-a807-4c8cbaae4e26/location [39m[32m200[39m [90m61 ms - 88[39m
[35m[HTTP][39m [90m[39m
[35m[HTTP][39m [37m-->[39m [37mGET[39m [37m/wd/hub/session/65be0f8d-01e2-4b7c-bcfa-75623e620e06/window/current/size[39m
[35m[HTTP][39m [90m{}[39m
[35m[W3C][39m Driver proxy active, passing request on via HTTP proxy
[35m[JSONWP Proxy][39m Replacing sessionId f6ddc181-c875-4d21-8013-1258e50ab72b with 65be0f8d-01e2-4b7c-bcfa-75623e620e06
[35m[HTTP][39m [37m<-- GET /wd/hub/session/65be0f8d-01e2-4b7c-bcfa-75623e620e06/window/current/size [39m[32m200[39m [90m38 ms - 100[39m
[35m[HTTP][39m [90m[39m
[35m[HTTP][39m [37m-->[39m [37mPOST[39m [37m/wd/hub/session/65be0f8d-01e2-4b7c-bcfa-75623e620e06/elements[39m
[35m[HTTP][39m [90m{"using":"-android uiautomator","value":"new UiSelector().className(\"android.widget.ImageView\").resourceId(\"it.sky.msa:id/heroImageImageView\").instance(0)"}[39m
[35m[HTTP][39m [37m<-- POST /wd/hub/session/65be0f8d-01e2-4b7c-bcfa-75623e620e06/elements [39m[32m200[39m [90m152 ms - 124[39m
[35m[HTTP][39m [90m[39m
[35m[HTTP][39m [37m-->[39m [37mGET[39m [37m/wd/hub/session/65be0f8d-01e2-4b7c-bcfa-75623e620e06[39m
[35m[HTTP][39m [90m{}[39m
[35m[HTTP][39m [37m<-- GET /wd/hub/session/65be0f8d-01e2-4b7c-bcfa-75623e620e06 [39m[32m200[39m [90m37 ms - 1133[39m
[35m[HTTP][39m [90m[39m
[35m[HTTP][39m [37m-->[39m [37mGET[39m [37m/wd/hub/session/65be0f8d-01e2-4b7c-bcfa-75623e620e06[39m
[35m[HTTP][39m [90m{}[39m
[35m[HTTP][39m [37m<-- GET /wd/hub/session/65be0f8d-01e2-4b7c-bcfa-75623e620e06 [39m[32m200[39m [90m28 ms - 1133[39m
[35m[HTTP][39m [90m[39m
[35m[HTTP][39m [37m-->[39m [37mGET[39m [37m/wd/hub/session/65be0f8d-01e2-4b7c-bcfa-75623e620e06[39m
[35m[HTTP][39m [90m{}[39m
[35m[HTTP][39m [37m<-- GET /wd/hub/session/65be0f8d-01e2-4b7c-bcfa-75623e620e06 [39m[32m200[39m [90m27 ms - 1133[39m
[35m[HTTP][39m [90m[39m
[35m[HTTP][39m [37m-->[39m [37mGET[39m [37m/wd/hub/session/65be0f8d-01e2-4b7c-bcfa-75623e620e06[39m
[35m[HTTP][39m [90m{}[39m
[35m[HTTP][39m [37m<-- GET /wd/hub/session/65be0f8d-01e2-4b7c-bcfa-75623e620e06 [39m[32m200[39m [90m27 ms - 1133[39m
[35m[HTTP][39m [90m[39m
[35m[HTTP][39m [37m-->[39m [37mGET[39m [37m/wd/hub/session/65be0f8d-01e2-4b7c-bcfa-75623e620e06/element/891f2b67-da99-4411-949d-3d528bee35f0/location[39m
[35m[HTTP][39m [90m{}[39m
[35m[W3C][39m Driver proxy active, passing request on via HTTP proxy
[35m[JSONWP Proxy][39m Replacing sessionId f6ddc181-c875-4d21-8013-1258e50ab72b with 65be0f8d-01e2-4b7c-bcfa-75623e620e06
[35m[HTTP][39m [37m<-- GET /wd/hub/session/65be0f8d-01e2-4b7c-bcfa-75623e620e06/element/891f2b67-da99-4411-949d-3d528bee35f0/location [39m[32m200[39m [90m63 ms - 87[39m
[35m[HTTP][39m [90m[39m
[35m[HTTP][39m [37m-->[39m [37mGET[39m [37m/wd/hub/session/65be0f8d-01e2-4b7c-bcfa-75623e620e06/element/891f2b67-da99-4411-949d-3d528bee35f0/attribute/resourceId[39m
[35m[HTTP][39m [90m{}[39m
[35m[HTTP][39m [37m<-- GET /wd/hub/session/65be0f8d-01e2-4b7c-bcfa-75623e620e06/element/891f2b67-da99-4411-949d-3d528bee35f0/attribute/resourceId [39m[32m200[39m [90m59 ms - 106[39m
[35m[HTTP][39m [90m[39m
[35m[HTTP][39m [37m-->[39m [37mGET[39m [37m/wd/hub/session/65be0f8d-01e2-4b7c-bcfa-75623e620e06/window/current/size[39m
[35m[HTTP][39m [90m{}[39m
[35m[W3C][39m Driver proxy active, passing request on via HTTP proxy
[35m[JSONWP Proxy][39m Replacing sessionId f6ddc181-c875-4d21-8013-1258e50ab72b with 65be0f8d-01e2-4b7c-bcfa-75623e620e06
[35m[HTTP][39m [37m<-- GET /wd/hub/session/65be0f8d-01e2-4b7c-bcfa-75623e620e06/window/current/size [39m[32m200[39m [90m35 ms - 100[39m
[35m[HTTP][39m [90m[39m
[35m[HTTP][39m [37m-->[39m [37mPOST[39m [37m/wd/hub/session/65be0f8d-01e2-4b7c-bcfa-75623e620e06/elements[39m
[35m[HTTP][39m [90m{"using":"-android uiautomator","value":"new UiSelector().className(\"android.widget.TextView\").text(\"IN EVIDENZA\").resourceId(\"it.sky.msa:id/heroPromoTextView\").instance(6)"}[39m
[35m[HTTP][39m [37m<-- POST /wd/hub/session/65be0f8d-01e2-4b7c-bcfa-75623e620e06/elements [39m[32m200[39m [90m149 ms - 124[39m
[35m[HTTP][39m [90m[39m
[35m[HTTP][39m [37m-->[39m [37mGET[39m [37m/wd/hub/session/65be0f8d-01e2-4b7c-bcfa-75623e620e06[39m
[35m[HTTP][39m [90m{}[39m
[35m[HTTP][39m [37m<-- GET /wd/hub/session/65be0f8d-01e2-4b7c-bcfa-75623e620e06 [39m[32m200[39m [90m27 ms - 1133[39m
[35m[HTTP][39m [90m[39m
[35m[HTTP][39m [37m-->[39m [37mGET[39m [37m/wd/hub/session/65be0f8d-01e2-4b7c-bcfa-75623e620e06[39m
[35m[HTTP][39m [90m{}[39m
[35m[HTTP][39m [37m<-- GET /wd/hub/session/65be0f8d-01e2-4b7c-bcfa-75623e620e06 [39m[32m200[39m [90m25 ms - 1133[39m
[35m[HTTP][39m [90m[39m
[35m[HTTP][39m [37m-->[39m [37mGET[39m [37m/wd/hub/session/65be0f8d-01e2-4b7c-bcfa-75623e620e06[39m
[35m[HTTP][39m [90m{}[39m
[35m[HTTP][39m [37m<-- GET /wd/hub/session/65be0f8d-01e2-4b7c-bcfa-75623e620e06 [39m[32m200[39m [90m23 ms - 1133[39m
[35m[HTTP][39m [90m[39m
[35m[HTTP][39m [37m-->[39m [37mGET[39m [37m/wd/hub/session/65be0f8d-01e2-4b7c-bcfa-75623e620e06[39m
[35m[HTTP][39m [90m{}[39m
[35m[HTTP][39m [37m<-- GET /wd/hub/session/65be0f8d-01e2-4b7c-bcfa-75623e620e06 [39m[32m200[39m [90m27 ms - 1133[39m
[35m[HTTP][39m [90m[39m
[35m[HTTP][39m [37m-->[39m [37mGET[39m [37m/wd/hub/session/65be0f8d-01e2-4b7c-bcfa-75623e620e06/element/4b61daad-0578-44b5-bc81-2f87792dad79/location[39m
[35m[HTTP][39m [90m{}[39m
[35m[W3C][39m Driver proxy active, passing request on via HTTP proxy
[35m[JSONWP Proxy][39m Replacing sessionId f6ddc181-c875-4d21-8013-1258e50ab72b with 65be0f8d-01e2-4b7c-bcfa-75623e620e06
[35m[HTTP][39m [37m<-- GET /wd/hub/session/65be0f8d-01e2-4b7c-bcfa-75623e620e06/element/4b61daad-0578-44b5-bc81-2f87792dad79/location [39m[32m200[39m [90m54 ms - 88[39m
[35m[HTTP][39m [90m[39m
[35m[HTTP][39m [37m-->[39m [37mGET[39m [37m/wd/hub/session/65be0f8d-01e2-4b7c-bcfa-75623e620e06/element/4b61daad-0578-44b5-bc81-2f87792dad79/text[39m
[35m[HTTP][39m [90m{}[39m
[35m[W3C][39m Driver proxy active, passing request on via HTTP proxy
[35m[JSONWP Proxy][39m Replacing sessionId f6ddc181-c875-4d21-8013-1258e50ab72b with 65be0f8d-01e2-4b7c-bcfa-75623e620e06
[35m[HTTP][39m [37m<-- GET /wd/hub/session/65be0f8d-01e2-4b7c-bcfa-75623e620e06/element/4b61daad-0578-44b5-bc81-2f87792dad79/text [39m[32m200[39m [90m101 ms - 85[39m
[35m[HTTP][39m [90m[39m
[35m[HTTP][39m [37m-->[39m [37mGET[39m [37m/wd/hub/session/65be0f8d-01e2-4b7c-bcfa-75623e620e06/window/current/size[39m
[35m[HTTP][39m [90m{}[39m
[35m[W3C][39m Driver proxy active, passing request on via HTTP proxy
[35m[JSONWP Proxy][39m Replacing sessionId f6ddc181-c875-4d21-8013-1258e50ab72b with 65be0f8d-01e2-4b7c-bcfa-75623e620e06
[35m[HTTP][39m [37m<-- GET /wd/hub/session/65be0f8d-01e2-4b7c-bcfa-75623e620e06/window/current/size [39m[32m200[39m [90m32 ms - 100[39m
[35m[HTTP][39m [90m[39m
[35m[HTTP][39m [37m-->[39m [37mPOST[39m [37m/wd/hub/session/65be0f8d-01e2-4b7c-bcfa-75623e620e06/elements[39m
[35m[HTTP][39m [90m{"using":"-android uiautomator","value":"new UiSelector().className(\"android.widget.TextView\").resourceId(\"it.sky.msa:id/heroTitleTextView\").instance(7)"}[39m
[35m[HTTP][39m [37m<-- POST /wd/hub/session/65be0f8d-01e2-4b7c-bcfa-75623e620e06/elements [39m[32m200[39m [90m142 ms - 124[39m
[35m[HTTP][39m [90m[39m
[35m[HTTP][39m [37m-->[39m [37mGET[39m [37m/wd/hub/session/65be0f8d-01e2-4b7c-bcfa-75623e620e06[39m
[35m[HTTP][39m [90m{}[39m
[35m[HTTP][39m [37m<-- GET /wd/hub/session/65be0f8d-01e2-4b7c-bcfa-75623e620e06 [39m[32m200[39m [90m24 ms - 1133[39m
[35m[HTTP][39m [90m[39m
[35m[HTTP][39m [37m-->[39m [37mGET[39m [37m/wd/hub/session/65be0f8d-01e2-4b7c-bcfa-75623e620e06[39m
[35m[HTTP][39m [90m{}[39m
[35m[HTTP][39m [37m<-- GET /wd/hub/session/65be0f8d-01e2-4b7c-bcfa-75623e620e06 [39m[32m200[39m [90m32 ms - 1133[39m
[35m[HTTP][39m [90m[39m
[35m[HTTP][39m [37m-->[39m [37mGET[39m [37m/wd/hub/session/65be0f8d-01e2-4b7c-bcfa-75623e620e06[39m
[35m[HTTP][39m [90m{}[39m
[35m[HTTP][39m [37m<-- GET /wd/hub/session/65be0f8d-01e2-4b7c-bcfa-75623e620e06 [39m[32m200[39m [90m26 ms - 1133[39m
[35m[HTTP][39m [90m[39m
[35m[HTTP][39m [37m-->[39m [37mGET[39m [37m/wd/hub/session/65be0f8d-01e2-4b7c-bcfa-75623e620e06[39m
[35m[HTTP][39m [90m{}[39m
[35m[HTTP][39m [37m<-- GET /wd/hub/session/65be0f8d-01e2-4b7c-bcfa-75623e620e06 [39m[32m200[39m [90m26 ms - 1133[39m
[35m[HTTP][39m [90m[39m
[35m[HTTP][39m [37m-->[39m [37mGET[39m [37m/wd/hub/session/65be0f8d-01e2-4b7c-bcfa-75623e620e06/element/f9299221-340a-4b5f-9163-536326f42f4e/location[39m
[35m[HTTP][39m [90m{}[39m
[35m[W3C][39m Driver proxy active, passing request on via HTTP proxy
[35m[JSONWP Proxy][39m Replacing sessionId f6ddc181-c875-4d21-8013-1258e50ab72b with 65be0f8d-01e2-4b7c-bcfa-75623e620e06
[35m[HTTP][39m [37m<-- GET /wd/hub/session/65be0f8d-01e2-4b7c-bcfa-75623e620e06/element/f9299221-340a-4b5f-9163-536326f42f4e/location [39m[32m200[39m [90m51 ms - 88[39m
[35m[HTTP][39m [90m[39m
[35m[HTTP][39m [37m-->[39m [37mGET[39m [37m/wd/hub/session/65be0f8d-01e2-4b7c-bcfa-75623e620e06/window/current/size[39m
[35m[HTTP][39m [90m{}[39m
[35m[W3C][39m Driver proxy active, passing request on via HTTP proxy
[35m[JSONWP Proxy][39m Replacing sessionId f6ddc181-c875-4d21-8013-1258e50ab72b with 65be0f8d-01e2-4b7c-bcfa-75623e620e06
[35m[HTTP][39m [37m<-- GET /wd/hub/session/65be0f8d-01e2-4b7c-bcfa-75623e620e06/window/current/size [39m[32m200[39m [90m30 ms - 100[39m
[35m[HTTP][39m [90m[39m
[35m[HTTP][39m [37m-->[39m [37mPOST[39m [37m/wd/hub/session/65be0f8d-01e2-4b7c-bcfa-75623e620e06/elements[39m
[35m[HTTP][39m [90m{"using":"-android uiautomator","value":"new UiSelector().className(\"android.widget.TextView\").resourceId(\"it.sky.msa:id/heroCaptionTextView\").instance(8)"}[39m
[35m[HTTP][39m [37m<-- POST /wd/hub/session/65be0f8d-01e2-4b7c-bcfa-75623e620e06/elements [39m[32m200[39m [90m137 ms - 124[39m
[35m[HTTP][39m [90m[39m
[35m[HTTP][39m [37m-->[39m [37mGET[39m [37m/wd/hub/session/65be0f8d-01e2-4b7c-bcfa-75623e620e06[39m
[35m[HTTP][39m [90m{}[39m
[35m[HTTP][39m [37m<-- GET /wd/hub/session/65be0f8d-01e2-4b7c-bcfa-75623e620e06 [39m[32m200[39m [90m26 ms - 1133[39m
[35m[HTTP][39m [90m[39m
[35m[HTTP][39m [37m-->[39m [37mGET[39m [37m/wd/hub/session/65be0f8d-01e2-4b7c-bcfa-75623e620e06[39m
[35m[HTTP][39m [90m{}[39m
[35m[HTTP][39m [37m<-- GET /wd/hub/session/65be0f8d-01e2-4b7c-bcfa-75623e620e06 [39m[32m200[39m [90m26 ms - 1133[39m
[35m[HTTP][39m [90m[39m
[35m[HTTP][39m [37m-->[39m [37mGET[39m [37m/wd/hub/session/65be0f8d-01e2-4b7c-bcfa-75623e620e06[39m
[35m[HTTP][39m [90m{}[39m
[35m[HTTP][39m [37m<-- GET /wd/hub/session/65be0f8d-01e2-4b7c-bcfa-75623e620e06 [39m[32m200[39m [90m29 ms - 1133[39m
[35m[HTTP][39m [90m[39m
[35m[HTTP][39m [37m-->[39m [37mGET[39m [37m/wd/hub/session/65be0f8d-01e2-4b7c-bcfa-75623e620e06[39m
[35m[HTTP][39m [90m{}[39m
[35m[HTTP][39m [37m<-- GET /wd/hub/session/65be0f8d-01e2-4b7c-bcfa-75623e620e06 [39m[32m200[39m [90m32 ms - 1133[39m
[35m[HTTP][39m [90m[39m
[35m[HTTP][39m [37m-->[39m [37mGET[39m [37m/wd/hub/session/65be0f8d-01e2-4b7c-bcfa-75623e620e06/element/696cb171-59c8-417c-ba5a-86ccac43f75c/location[39m
[35m[HTTP][39m [90m{}[39m
[35m[W3C][39m Driver proxy active, passing request on via HTTP proxy
[35m[JSONWP Proxy][39m Replacing sessionId f6ddc181-c875-4d21-8013-1258e50ab72b with 65be0f8d-01e2-4b7c-bcfa-75623e620e06
[35m[HTTP][39m [37m<-- GET /wd/hub/session/65be0f8d-01e2-4b7c-bcfa-75623e620e06/element/696cb171-59c8-417c-ba5a-86ccac43f75c/location [39m[32m200[39m [90m57 ms - 89[39m
[35m[HTTP][39m [90m[39m
[35m[HTTP][39m [37m-->[39m [37mGET[39m [37m/wd/hub/session/65be0f8d-01e2-4b7c-bcfa-75623e620e06/window/current/size[39m
[35m[HTTP][39m [90m{}[39m
[35m[W3C][39m Driver proxy active, passing request on via HTTP proxy
[35m[JSONWP Proxy][39m Replacing sessionId f6ddc181-c875-4d21-8013-1258e50ab72b with 65be0f8d-01e2-4b7c-bcfa-75623e620e06
[35m[HTTP][39m [37m<-- GET /wd/hub/session/65be0f8d-01e2-4b7c-bcfa-75623e620e06/window/current/size [39m[32m200[39m [90m35 ms - 100[39m
[35m[HTTP][39m [90m[39m
[35m[HTTP][39m [37m-->[39m [37mPOST[39m [37m/wd/hub/session/65be0f8d-01e2-4b7c-bcfa-75623e620e06/elements[39m
[35m[HTTP][39m [90m{"using":"-android uiautomator","value":"new UiSelector().className(\"android.widget.TextView\").resourceId(\"it.sky.msa:id/heroCaptionTextView\").instance(8)"}[39m
[35m[HTTP][39m [37m<-- POST /wd/hub/session/65be0f8d-01e2-4b7c-bcfa-75623e620e06/elements [39m[32m200[39m [90m141 ms - 124[39m
[35m[HTTP][39m [90m[39m
[35m[HTTP][39m [37m-->[39m [37mGET[39m [37m/wd/hub/session/65be0f8d-01e2-4b7c-bcfa-75623e620e06[39m
[35m[HTTP][39m [90m{}[39m
[35m[HTTP][39m [37m<-- GET /wd/hub/session/65be0f8d-01e2-4b7c-bcfa-75623e620e06 [39m[32m200[39m [90m30 ms - 1133[39m
[35m[HTTP][39m [90m[39m
[35m[HTTP][39m [37m-->[39m [37mGET[39m [37m/wd/hub/session/65be0f8d-01e2-4b7c-bcfa-75623e620e06[39m
[35m[HTTP][39m [90m{}[39m
[35m[HTTP][39m [37m<-- GET /wd/hub/session/65be0f8d-01e2-4b7c-bcfa-75623e620e06 [39m[32m200[39m [90m32 ms - 1133[39m
[35m[HTTP][39m [90m[39m
[35m[HTTP][39m [37m-->[39m [37mGET[39m [37m/wd/hub/session/65be0f8d-01e2-4b7c-bcfa-75623e620e06[39m
[35m[HTTP][39m [90m{}[39m
[35m[HTTP][39m [37m<-- GET /wd/hub/session/65be0f8d-01e2-4b7c-bcfa-75623e620e06 [39m[32m200[39m [90m24 ms - 1133[39m
[35m[HTTP][39m [90m[39m
[35m[HTTP][39m [37m-->[39m [37mGET[39m [37m/wd/hub/session/65be0f8d-01e2-4b7c-bcfa-75623e620e06[39m
[35m[HTTP][39m [90m{}[39m
[35m[HTTP][39m [37m<-- GET /wd/hub/session/65be0f8d-01e2-4b7c-bcfa-75623e620e06 [39m[32m200[39m [90m24 ms - 1133[39m
[35m[HTTP][39m [90m[39m
[35m[HTTP][39m [37m-->[39m [37mGET[39m [37m/wd/hub/session/65be0f8d-01e2-4b7c-bcfa-75623e620e06/element/ec408c75-db5e-437e-a759-2e7be6960a75/location[39m
[35m[HTTP][39m [90m{}[39m
[35m[W3C][39m Driver proxy active, passing request on via HTTP proxy
[35m[JSONWP Proxy][39m Replacing sessionId f6ddc181-c875-4d21-8013-1258e50ab72b with 65be0f8d-01e2-4b7c-bcfa-75623e620e06
[35m[HTTP][39m [37m<-- GET /wd/hub/session/65be0f8d-01e2-4b7c-bcfa-75623e620e06/element/ec408c75-db5e-437e-a759-2e7be6960a75/location [39m[32m200[39m [90m55 ms - 89[39m
[35m[HTTP][39m [90m[39m
[35m[HTTP][39m [37m-->[39m [37mGET[39m [37m/wd/hub/session/65be0f8d-01e2-4b7c-bcfa-75623e620e06/element/ec408c75-db5e-437e-a759-2e7be6960a75/text[39m
[35m[HTTP][39m [90m{}[39m
[35m[W3C][39m Driver proxy active, passing request on via HTTP proxy
[35m[JSONWP Proxy][39m Replacing sessionId f6ddc181-c875-4d21-8013-1258e50ab72b with 65be0f8d-01e2-4b7c-bcfa-75623e620e06
[35m[HTTP][39m [37m<-- GET /wd/hub/session/65be0f8d-01e2-4b7c-bcfa-75623e620e06/element/ec408c75-db5e-437e-a759-2e7be6960a75/text [39m[32m200[39m [90m83 ms - 89[39m
[35m[HTTP][39m [90m[39m
[35m[HTTP][39m [37m-->[39m [37mGET[39m [37m/wd/hub/session/65be0f8d-01e2-4b7c-bcfa-75623e620e06/context[39m
[35m[HTTP][39m [90m{}[39m
[35m[HTTP][39m [37m<-- GET /wd/hub/session/65be0f8d-01e2-4b7c-bcfa-75623e620e06/context [39m[32m200[39m [90m2 ms - 84[39m
[35m[HTTP][39m [90m[39m
[35m[HTTP][39m [37m-->[39m [37mGET[39m [37m/wd/hub/session/65be0f8d-01e2-4b7c-bcfa-75623e620e06/contexts[39m
[35m[HTTP][39m [90m{}[39m
[35m[HTTP][39m [37m<-- GET /wd/hub/session/65be0f8d-01e2-4b7c-bcfa-75623e620e06/contexts [39m[32m200[39m [90m86 ms - 86[39m
[35m[HTTP][39m [90m[39m
[35m[HTTP][39m [37m-->[39m [37mPOST[39m [37m/wd/hub/session/65be0f8d-01e2-4b7c-bcfa-75623e620e06/context[39m
[35m[HTTP][39m [90m{"name":"NATIVE_APP"}[39m
[35m[HTTP][39m [37m<-- POST /wd/hub/session/65be0f8d-01e2-4b7c-bcfa-75623e620e06/context [39m[32m200[39m [90m88 ms - 76[39m
[35m[HTTP][39m [90m[39m
[35m[HTTP][39m [37m-->[39m [37mPOST[39m [37m/wd/hub/session/65be0f8d-01e2-4b7c-bcfa-75623e620e06/touch/perform[39m
[35m[HTTP][39m [90m{"actions":[{"action":"press","options":{"x":0,"y":0}},{"action":"wait","options":{"ms":500}},{"action":"moveTo","options":{"x":0,"y":50}}]}[39m
[35m[HTTP][39m [37m<-- POST /wd/hub/session/65be0f8d-01e2-4b7c-bcfa-75623e620e06/touch/perform [39m[32m200[39m [90m2108 ms - 76[39m
[35m[HTTP][39m [90m[39m
[35m[HTTP][39m [37m-->[39m [37mPOST[39m [37m/wd/hub/session/65be0f8d-01e2-4b7c-bcfa-75623e620e06/context[39m
[35m[HTTP][39m [90m{"name":"NATIVE_APP"}[39m
[35m[HTTP][39m [37m<-- POST /wd/hub/session/65be0f8d-01e2-4b7c-bcfa-75623e620e06/context [39m[32m200[39m [90m91 ms - 76[39m
[35m[HTTP][39m [90m[39m
[35m[HTTP][39m [37m-->[39m [37mGET[39m [37m/wd/hub/session/65be0f8d-01e2-4b7c-bcfa-75623e620e06/window/current/size[39m
[35m[HTTP][39m [90m{}[39m
[35m[W3C][39m Driver proxy active, passing request on via HTTP proxy
[35m[JSONWP Proxy][39m Replacing sessionId f6ddc181-c875-4d21-8013-1258e50ab72b with 65be0f8d-01e2-4b7c-bcfa-75623e620e06
[35m[HTTP][39m [37m<-- GET /wd/hub/session/65be0f8d-01e2-4b7c-bcfa-75623e620e06/window/current/size [39m[32m200[39m [90m30 ms - 100[39m
[35m[HTTP][39m [90m[39m
[35m[HTTP][39m [37m-->[39m [37mPOST[39m [37m/wd/hub/session/65be0f8d-01e2-4b7c-bcfa-75623e620e06/elements[39m
[35m[HTTP][39m [90m{"using":"-android uiautomator","value":"new UiSelector().className(\"android.widget.TextView\").text(\"Scelti per te questa settimana\").resourceId(\"it.sky.msa:id/categoryTitle\").instance(6)"}[39m
[35m[HTTP][39m [37m<-- POST /wd/hub/session/65be0f8d-01e2-4b7c-bcfa-75623e620e06/elements [39m[32m200[39m [90m144 ms - 124[39m
[35m[HTTP][39m [90m[39m
[35m[HTTP][39m [37m-->[39m [37mGET[39m [37m/wd/hub/session/65be0f8d-01e2-4b7c-bcfa-75623e620e06[39m
[35m[HTTP][39m [90m{}[39m
[35m[HTTP][39m [37m<-- GET /wd/hub/session/65be0f8d-01e2-4b7c-bcfa-75623e620e06 [39m[32m200[39m [90m26 ms - 1133[39m
[35m[HTTP][39m [90m[39m
[35m[HTTP][39m [37m-->[39m [37mGET[39m [37m/wd/hub/session/65be0f8d-01e2-4b7c-bcfa-75623e620e06[39m
[35m[HTTP][39m [90m{}[39m
[35m[HTTP][39m [37m<-- GET /wd/hub/session/65be0f8d-01e2-4b7c-bcfa-75623e620e06 [39m[32m200[39m [90m25 ms - 1133[39m
[35m[HTTP][39m [90m[39m
[35m[HTTP][39m [37m-->[39m [37mGET[39m [37m/wd/hub/session/65be0f8d-01e2-4b7c-bcfa-75623e620e06[39m
[35m[HTTP][39m [90m{}[39m
[35m[HTTP][39m [37m<-- GET /wd/hub/session/65be0f8d-01e2-4b7c-bcfa-75623e620e06 [39m[32m200[39m [90m25 ms - 1133[39m
[35m[HTTP][39m [90m[39m
[35m[HTTP][39m [37m-->[39m [37mGET[39m [37m/wd/hub/session/65be0f8d-01e2-4b7c-bcfa-75623e620e06[39m
[35m[HTTP][39m [90m{}[39m
[35m[HTTP][39m [37m<-- GET /wd/hub/session/65be0f8d-01e2-4b7c-bcfa-75623e620e06 [39m[32m200[39m [90m24 ms - 1133[39m
[35m[HTTP][39m [90m[39m
[35m[HTTP][39m [37m-->[39m [37mGET[39m [37m/wd/hub/session/65be0f8d-01e2-4b7c-bcfa-75623e620e06/element/65e2f4bf-2b80-402b-946a-68786bef86e9/location[39m
[35m[HTTP][39m [90m{}[39m
[35m[W3C][39m Driver proxy active, passing request on via HTTP proxy
[35m[JSONWP Proxy][39m Replacing sessionId f6ddc181-c875-4d21-8013-1258e50ab72b with 65be0f8d-01e2-4b7c-bcfa-75623e620e06
[35m[HTTP][39m [37m<-- GET /wd/hub/session/65be0f8d-01e2-4b7c-bcfa-75623e620e06/element/65e2f4bf-2b80-402b-946a-68786bef86e9/location [39m[32m200[39m [90m56 ms - 89[39m
[35m[HTTP][39m [90m[39m
[35m[HTTP][39m [37m-->[39m [37mGET[39m [37m/wd/hub/session/65be0f8d-01e2-4b7c-bcfa-75623e620e06/element/65e2f4bf-2b80-402b-946a-68786bef86e9/text[39m
[35m[HTTP][39m [90m{}[39m
[35m[W3C][39m Driver proxy active, passing request on via HTTP proxy
[35m[JSONWP Proxy][39m Replacing sessionId f6ddc181-c875-4d21-8013-1258e50ab72b with 65be0f8d-01e2-4b7c-bcfa-75623e620e06
[35m[HTTP][39m [37m<-- GET /wd/hub/session/65be0f8d-01e2-4b7c-bcfa-75623e620e06/element/65e2f4bf-2b80-402b-946a-68786bef86e9/text [39m[32m200[39m [90m77 ms - 104[39m
[35m[HTTP][39m [90m[39m
[35m[HTTP][39m [37m-->[39m [37mGET[39m [37m/wd/hub/session/65be0f8d-01e2-4b7c-bcfa-75623e620e06/window/current/size[39m
[35m[HTTP][39m [90m{}[39m
[35m[W3C][39m Driver proxy active, passing request on via HTTP proxy
[35m[JSONWP Proxy][39m Replacing sessionId f6ddc181-c875-4d21-8013-1258e50ab72b with 65be0f8d-01e2-4b7c-bcfa-75623e620e06
[35m[HTTP][39m [37m<-- GET /wd/hub/session/65be0f8d-01e2-4b7c-bcfa-75623e620e06/window/current/size [39m[32m200[39m [90m42 ms - 100[39m
[35m[HTTP][39m [90m[39m
[35m[HTTP][39m [37m-->[39m [37mPOST[39m [37m/wd/hub/session/65be0f8d-01e2-4b7c-bcfa-75623e620e06/elements[39m
[35m[HTTP][39m [90m{"using":"-android uiautomator","value":"new UiSelector().className(\"android.widget.TextView\").text(\"Scelti per te questa settimana\").resourceId(\"it.sky.msa:id/categoryTitle\").instance(6)"}[39m
[35m[HTTP][39m [37m<-- POST /wd/hub/session/65be0f8d-01e2-4b7c-bcfa-75623e620e06/elements [39m[32m200[39m [90m130 ms - 124[39m
[35m[HTTP][39m [90m[39m
[35m[HTTP][39m [37m-->[39m [37mGET[39m [37m/wd/hub/session/65be0f8d-01e2-4b7c-bcfa-75623e620e06[39m
[35m[HTTP][39m [90m{}[39m
[35m[HTTP][39m [37m<-- GET /wd/hub/session/65be0f8d-01e2-4b7c-bcfa-75623e620e06 [39m[32m200[39m [90m27 ms - 1133[39m
[35m[HTTP][39m [90m[39m
[35m[HTTP][39m [37m-->[39m [37mGET[39m [37m/wd/hub/session/65be0f8d-01e2-4b7c-bcfa-75623e620e06[39m
[35m[HTTP][39m [90m{}[39m
[35m[HTTP][39m [37m<-- GET /wd/hub/session/65be0f8d-01e2-4b7c-bcfa-75623e620e06 [39m[32m200[39m [90m23 ms - 1133[39m
[35m[HTTP][39m [90m[39m
[35m[HTTP][39m [37m-->[39m [37mGET[39m [37m/wd/hub/session/65be0f8d-01e2-4b7c-bcfa-75623e620e06[39m
[35m[HTTP][39m [90m{}[39m
[35m[HTTP][39m [37m<-- GET /wd/hub/session/65be0f8d-01e2-4b7c-bcfa-75623e620e06 [39m[32m200[39m [90m25 ms - 1133[39m
[35m[HTTP][39m [90m[39m
[35m[HTTP][39m [37m-->[39m [37mGET[39m [37m/wd/hub/session/65be0f8d-01e2-4b7c-bcfa-75623e620e06[39m
[35m[HTTP][39m [90m{}[39m
[35m[HTTP][39m [37m<-- GET /wd/hub/session/65be0f8d-01e2-4b7c-bcfa-75623e620e06 [39m[32m200[39m [90m25 ms - 1133[39m
[35m[HTTP][39m [90m[39m
[35m[HTTP][39m [37m-->[39m [37mGET[39m [37m/wd/hub/session/65be0f8d-01e2-4b7c-bcfa-75623e620e06/element/9517d691-0bd3-4771-85ad-97108ed352a2/location[39m
[35m[HTTP][39m [90m{}[39m
[35m[W3C][39m Driver proxy active, passing request on via HTTP proxy
[35m[JSONWP Proxy][39m Replacing sessionId f6ddc181-c875-4d21-8013-1258e50ab72b with 65be0f8d-01e2-4b7c-bcfa-75623e620e06
[35m[HTTP][39m [37m<-- GET /wd/hub/session/65be0f8d-01e2-4b7c-bcfa-75623e620e06/element/9517d691-0bd3-4771-85ad-97108ed352a2/location [39m[32m200[39m [90m51 ms - 89[39m
[35m[HTTP][39m [90m[39m
[35m[HTTP][39m [37m-->[39m [37mGET[39m [37m/wd/hub/session/65be0f8d-01e2-4b7c-bcfa-75623e620e06/element/9517d691-0bd3-4771-85ad-97108ed352a2/text[39m
[35m[HTTP][39m [90m{}[39m
[35m[W3C][39m Driver proxy active, passing request on via HTTP proxy
[35m[JSONWP Proxy][39m Replacing sessionId f6ddc181-c875-4d21-8013-1258e50ab72b with 65be0f8d-01e2-4b7c-bcfa-75623e620e06
[35m[HTTP][39m [37m<-- GET /wd/hub/session/65be0f8d-01e2-4b7c-bcfa-75623e620e06/element/9517d691-0bd3-4771-85ad-97108ed352a2/text [39m[32m200[39m [90m65 ms - 104[39m
[35m[HTTP][39m [90m[39m
[35m[HTTP][39m [37m-->[39m [37mGET[39m [37m/wd/hub/session/65be0f8d-01e2-4b7c-bcfa-75623e620e06/context[39m
[35m[HTTP][39m [90m{}[39m
[35m[HTTP][39m [37m<-- GET /wd/hub/session/65be0f8d-01e2-4b7c-bcfa-75623e620e06/context [39m[32m200[39m [90m3 ms - 84[39m
[35m[HTTP][39m [90m[39m
[35m[HTTP][39m [37m-->[39m [37mGET[39m [37m/wd/hub/session/65be0f8d-01e2-4b7c-bcfa-75623e620e06/contexts[39m
[35m[HTTP][39m [90m{}[39m
[35m[HTTP][39m [37m<-- GET /wd/hub/session/65be0f8d-01e2-4b7c-bcfa-75623e620e06/contexts [39m[32m200[39m [90m102 ms - 86[39m
[35m[HTTP][39m [90m[39m
[35m[HTTP][39m [37m-->[39m [37mPOST[39m [37m/wd/hub/session/65be0f8d-01e2-4b7c-bcfa-75623e620e06/context[39m
[35m[HTTP][39m [90m{"name":"NATIVE_APP"}[39m
[35m[HTTP][39m [37m<-- POST /wd/hub/session/65be0f8d-01e2-4b7c-bcfa-75623e620e06/context [39m[32m200[39m [90m162 ms - 76[39m
[35m[HTTP][39m [90m[39m
[35m[HTTP][39m [37m-->[39m [37mPOST[39m [37m/wd/hub/session/65be0f8d-01e2-4b7c-bcfa-75623e620e06/touch/perform[39m
[35m[HTTP][39m [90m{"actions":[{"action":"press","options":{"x":0,"y":0}},{"action":"wait","options":{"ms":500}},{"action":"moveTo","options":{"x":100,"y":0}}]}[39m
[35m[HTTP][39m [37m<-- POST /wd/hub/session/65be0f8d-01e2-4b7c-bcfa-75623e620e06/touch/perform [39m[32m200[39m [90m2145 ms - 76[39m
[35m[HTTP][39m [90m[39m
[35m[HTTP][39m [37m-->[39m [37mPOST[39m [37m/wd/hub/session/65be0f8d-01e2-4b7c-bcfa-75623e620e06/context[39m
[35m[HTTP][39m [90m{"name":"NATIVE_APP"}[39m
[35m[HTTP][39m [37m<-- POST /wd/hub/session/65be0f8d-01e2-4b7c-bcfa-75623e620e06/context [39m[32m200[39m [90m97 ms - 76[39m
[35m[HTTP][39m [90m[39m
[35m[HTTP][39m [37m-->[39m [37mGET[39m [37m/wd/hub/session/65be0f8d-01e2-4b7c-bcfa-75623e620e06/context[39m
[35m[HTTP][39m [90m{}[39m
[35m[HTTP][39m [37m<-- GET /wd/hub/session/65be0f8d-01e2-4b7c-bcfa-75623e620e06/context [39m[32m200[39m [90m3 ms - 84[39m
[35m[HTTP][39m [90m[39m
[35m[HTTP][39m [37m-->[39m [37mGET[39m [37m/wd/hub/session/65be0f8d-01e2-4b7c-bcfa-75623e620e06/contexts[39m
[35m[HTTP][39m [90m{}[39m
[35m[HTTP][39m [37m<-- GET /wd/hub/session/65be0f8d-01e2-4b7c-bcfa-75623e620e06/contexts [39m[32m200[39m [90m123 ms - 86[39m
[35m[HTTP][39m [90m[39m
[35m[HTTP][39m [37m-->[39m [37mPOST[39m [37m/wd/hub/session/65be0f8d-01e2-4b7c-bcfa-75623e620e06/context[39m
[35m[HTTP][39m [90m{"name":"NATIVE_APP"}[39m
[35m[HTTP][39m [37m<-- POST /wd/hub/session/65be0f8d-01e2-4b7c-bcfa-75623e620e06/context [39m[32m200[39m [90m141 ms - 76[39m
[35m[HTTP][39m [90m[39m
[35m[HTTP][39m [37m-->[39m [37mPOST[39m [37m/wd/hub/session/65be0f8d-01e2-4b7c-bcfa-75623e620e06/touch/perform[39m
[35m[HTTP][39m [90m{"actions":[{"action":"press","options":{"x":0,"y":0}},{"action":"wait","options":{"ms":500}},{"action":"moveTo","options":{"x":-100,"y":0}}]}[39m
[35m[HTTP][39m [37m<-- POST /wd/hub/session/65be0f8d-01e2-4b7c-bcfa-75623e620e06/touch/perform [39m[32m200[39m [90m2147 ms - 76[39m
[35m[HTTP][39m [90m[39m
[35m[HTTP][39m [37m-->[39m [37mPOST[39m [37m/wd/hub/session/65be0f8d-01e2-4b7c-bcfa-75623e620e06/context[39m
[35m[HTTP][39m [90m{"name":"NATIVE_APP"}[39m
[35m[HTTP][39m [37m<-- POST /wd/hub/session/65be0f8d-01e2-4b7c-bcfa-75623e620e06/context [39m[32m200[39m [90m104 ms - 76[39m
[35m[HTTP][39m [90m[39m
[35m[HTTP][39m [37m-->[39m [37mDELETE[39m [37m/wd/hub/session/65be0f8d-01e2-4b7c-bcfa-75623e620e06[39m
[35m[HTTP][39m [90m{}[39m
[35m[Appium][39m Removing session 65be0f8d-01e2-4b7c-bcfa-75623e620e06 from our master session list
[35m[HTTP][39m [37m<-- DELETE /wd/hub/session/65be0f8d-01e2-4b7c-bcfa-75623e620e06 [39m[32m200[39m [90m353 ms - 76[39m
[35m[HTTP][39m [90m[39m
