[35m[Appium][39m Welcome to Appium v1.8.1
[35m[Appium][39m Non-default server args:
[35m[Appium][39m   port: 54686
[35m[Appium][39m   loglevel: info
[35m[Appium][39m   chromeDriverPort: 54687
[35m[Appium][39m   tmpDir: C:\Users\marco\AppData\Local\Temp\\Katalon\Appium\Temp1551196093205
[35m[Appium][39m Appium REST http interface listener started on 0.0.0.0:54686
[35m[HTTP][39m [37m-->[39m [37mGET[39m [37m/wd/hub/status[39m
[35m[HTTP][39m [90m{}[39m
[35m[HTTP][39m [37m<-- GET /wd/hub/status [39m[32m200[39m [90m55 ms - 83[39m
[35m[HTTP][39m [90m[39m
[35m[HTTP][39m [37m-->[39m [37mPOST[39m [37m/wd/hub/session[39m
[35m[HTTP][39m [90m{"desiredCapabilities":{"app":"C:\\Users\\MSA-testautomation\\59.apk","autoGrantPermissions":true,"automationName":"uiautomator2","deviceName":"samsung SM-G935F (Android 8.0.0)","fullReset":false,"newCommandTimeout":1800,"noReset":true,"platform":"ANDROID","platformName":"Android","udid":"9885f7504651473733"},"capabilities":{"desiredCapabilities":{"app":"C:\\Users\\MSA-testautomation\\59.apk","autoGrantPermissions":true,"automationName":"uiautomator2","deviceName":"samsung SM-G935F (Android 8.0.0)","fullReset":false,"newCommandTimeout":1800,"noReset":true,"platform":"ANDROID","platformName":"Android","udid":"9885f7504651473733"},"firstMatch":[{"platformName":"android"}]}}[39m
[35m[Appium][39m Could not parse W3C capabilities: 'deviceName' can't be blank. Falling back to JSONWP protocol.
[35m[Appium][39m The following capabilities were provided in the JSONWP desired capabilities that are missing in W3C capabilities: ["app","autoGrantPermissions","automationName","deviceName","fullReset","newCommandTimeout","noReset","platform","platformName","udid"]. Falling back to JSONWP protocol.
[35m[Appium][39m Creating new AndroidUiautomator2Driver (v1.12.0) session
[35m[Appium][39m Capabilities:
[35m[Appium][39m   app: C:\Users\MSA-testautomation\59.apk
[35m[Appium][39m   autoGrantPermissions: true
[35m[Appium][39m   automationName: uiautomator2
[35m[Appium][39m   deviceName: samsung SM-G935F (Android 8.0.0)
[35m[Appium][39m   fullReset: false
[35m[Appium][39m   newCommandTimeout: 1800
[35m[Appium][39m   noReset: true
[35m[Appium][39m   platform: ANDROID
[35m[Appium][39m   platformName: Android
[35m[Appium][39m   udid: 9885f7504651473733
[35m[BaseDriver][39m The following capabilities were provided, but are not recognized by appium: platform.
[35m[BaseDriver][39m Session created with session id: 6cfa13ba-9737-47ca-a159-923c6ea821a4
[35m[BaseDriver][39m Using local app 'C:\Users\MSA-testautomation\59.apk'
[35m[AndroidDriver][39m Java version is: 1.8.0_181
[35m[ADB][39m Checking whether adb is present
[35m[ADB][39m Found 1 'build-tools' folders under 'C:\Users\marco\.katalon\tools\android_sdk' (newest first):
[35m[ADB][39m     C:/Users/marco/.katalon/tools/android_sdk/build-tools/28.0.3
[35m[ADB][39m Using adb.exe from C:\Users\marco\.katalon\tools\android_sdk\platform-tools\adb.exe
[35m[AndroidDriver][39m Retrieving device list
[35m[AndroidDriver][39m Using device: 9885f7504651473733
[35m[ADB][39m Using the alternative activity name detection method because of: Could not find apkanalyzer.bat in C:\Users\marco\.katalon\tools\android_sdk\platform-tools\apkanalyzer.bat,C:\Users\marco\.katalon\tools\android_sdk\emulator\apkanalyzer.bat,C:\Users\marco\.katalon\tools\android_sdk\tools\apkanalyzer.bat,C:\Users\marco\.katalon\tools\android_sdk\tools\bin\apkanalyzer.bat,C:\Users\marco\.katalon\tools\android_sdk\build-tools\28.0.3\apkanalyzer.bat. Do you have the Android SDK installed at 'C:\Users\marco\.katalon\tools\android_sdk'?
[35m[ADB][39m Checking whether aapt is present
[35m[ADB][39m Using aapt.exe from C:\Users\marco\.katalon\tools\android_sdk\build-tools\28.0.3\aapt.exe
[35m[ADB][39m Extracting package and launch activity from manifest
[35m[ADB][39m Package name: 'it.sky.msa'
[35m[ADB][39m Main activity name: 'it.sky.msa.welcome.SplashActivity'
[35m[ADB][39m Getting device platform version
[35m[ADB][39m Using apksigner.bat from C:\Users\marco\.katalon\tools\android_sdk\build-tools\28.0.3\apksigner.bat
[35m[ADB][39m Checking whether zipalign is present
[35m[ADB][39m Using zipalign.exe from C:\Users\marco\.katalon\tools\android_sdk\build-tools\28.0.3\zipalign.exe
[35m[ADB][39m io.appium.uiautomator2.server was successfully uninstalled
[35m[ADB][39m io.appium.uiautomator2.server.test was successfully uninstalled
[35m[AndroidDriver][39m setDeviceLanguageCountry requires language or country.
[35m[AndroidDriver][39m Got language: 'null' and country: 'null'
[35m[ADB][39m Successfully extracted 218 strings from 'C:\Users\MSA-testautomation\59.apk' resources for '(default)' configuration
[35m[UiAutomator2][39m Starting uiautomator2 server 1.12.0
[35m[UiAutomator2][39m Using UIAutomator2 server from 'C:\Users\marco\AppData\Roaming\npm\node_modules\appium\node_modules\appium-uiautomator2-server\apks\appium-uiautomator2-server-v1.12.0.apk' and test from 'C:\Users\marco\AppData\Roaming\npm\node_modules\appium\node_modules\appium-uiautomator2-server\apks\appium-uiautomator2-server-debug-androidTest.apk'
[35m[UiAutomator2][39m Running command: 'adb -s 9885f7504651473733 shell am instrument -w io.appium.uiautomator2.server.test/android.support.test.runner.AndroidJUnitRunner'
[35m[UiAutomator2][39m Waiting up to 20000ms for UiAutomator2 to be online...
[35m[AndroidDriver][39m Screen already unlocked, doing nothing
[35m[UiAutomator2][39m UiAutomator2 did not start the activity we were waiting for, 'it.sky.msa/it.sky.msa.welcome.SplashActivity'. Starting it ourselves
[35m[Appium][39m New AndroidUiautomator2Driver session created successfully, session 6cfa13ba-9737-47ca-a159-923c6ea821a4 added to master session list
[35m[HTTP][39m [37m<-- POST /wd/hub/session [39m[32m200[39m [90m21112 ms - 1133[39m
[35m[HTTP][39m [90m[39m
[35m[HTTP][39m [37m-->[39m [37mGET[39m [37m/wd/hub/status[39m
[35m[HTTP][39m [90m{}[39m
[35m[HTTP][39m [37m<-- GET /wd/hub/status [39m[32m200[39m [90m50 ms - 55[39m
[35m[HTTP][39m [90m[39m
[35m[HTTP][39m [37m-->[39m [37mPOST[39m [37m/wd/hub/session/6cfa13ba-9737-47ca-a159-923c6ea821a4/timeouts[39m
[35m[HTTP][39m [90m{"type":"implicit","ms":30000}[39m
[35m[HTTP][39m [37m<-- POST /wd/hub/session/6cfa13ba-9737-47ca-a159-923c6ea821a4/timeouts [39m[33m400[39m [90m16 ms - 5204[39m
[35m[HTTP][39m [90m[39m
[35m[HTTP][39m [37m-->[39m [37mGET[39m [37m/wd/hub/session/6cfa13ba-9737-47ca-a159-923c6ea821a4/window/current/size[39m
[35m[HTTP][39m [90m{}[39m
[35m[W3C][39m Driver proxy active, passing request on via HTTP proxy
[35m[JSONWP Proxy][39m Replacing sessionId cdec9144-ceb6-49fa-98d4-22f073719fbf with 6cfa13ba-9737-47ca-a159-923c6ea821a4
[35m[HTTP][39m [37m<-- GET /wd/hub/session/6cfa13ba-9737-47ca-a159-923c6ea821a4/window/current/size [39m[32m200[39m [90m70 ms - 100[39m
[35m[HTTP][39m [90m[39m
[35m[HTTP][39m [37m-->[39m [37mPOST[39m [37m/wd/hub/session/6cfa13ba-9737-47ca-a159-923c6ea821a4/elements[39m
[35m[HTTP][39m [90m{"using":"-android uiautomator","value":"new UiSelector().className(\"android.widget.TextView\").text(\"Guida TV\").resourceId(\"it.sky.msa:id/title\").instance(5)"}[39m
[35m[HTTP][39m [37m<-- POST /wd/hub/session/6cfa13ba-9737-47ca-a159-923c6ea821a4/elements [39m[32m200[39m [90m152 ms - 74[39m
[35m[HTTP][39m [90m[39m
[35m[HTTP][39m [37m-->[39m [37mPOST[39m [37m/wd/hub/session/6cfa13ba-9737-47ca-a159-923c6ea821a4/elements[39m
[35m[HTTP][39m [90m{"using":"-android uiautomator","value":"new UiSelector().className(\"android.widget.TextView\").text(\"Guida TV\").resourceId(\"it.sky.msa:id/title\").instance(5)"}[39m
[35m[HTTP][39m [37m<-- POST /wd/hub/session/6cfa13ba-9737-47ca-a159-923c6ea821a4/elements [39m[32m200[39m [90m75 ms - 74[39m
[35m[HTTP][39m [90m[39m
[35m[HTTP][39m [37m-->[39m [37mPOST[39m [37m/wd/hub/session/6cfa13ba-9737-47ca-a159-923c6ea821a4/elements[39m
[35m[HTTP][39m [90m{"using":"-android uiautomator","value":"new UiSelector().className(\"android.widget.TextView\").text(\"Guida TV\").resourceId(\"it.sky.msa:id/title\").instance(5)"}[39m
[35m[HTTP][39m [37m<-- POST /wd/hub/session/6cfa13ba-9737-47ca-a159-923c6ea821a4/elements [39m[32m200[39m [90m76 ms - 74[39m
[35m[HTTP][39m [90m[39m
[35m[HTTP][39m [37m-->[39m [37mPOST[39m [37m/wd/hub/session/6cfa13ba-9737-47ca-a159-923c6ea821a4/elements[39m
[35m[HTTP][39m [90m{"using":"-android uiautomator","value":"new UiSelector().className(\"android.widget.TextView\").text(\"Guida TV\").resourceId(\"it.sky.msa:id/title\").instance(5)"}[39m
[35m[HTTP][39m [37m<-- POST /wd/hub/session/6cfa13ba-9737-47ca-a159-923c6ea821a4/elements [39m[32m200[39m [90m76 ms - 74[39m
[35m[HTTP][39m [90m[39m
[35m[HTTP][39m [37m-->[39m [37mPOST[39m [37m/wd/hub/session/6cfa13ba-9737-47ca-a159-923c6ea821a4/elements[39m
[35m[HTTP][39m [90m{"using":"-android uiautomator","value":"new UiSelector().className(\"android.widget.TextView\").text(\"Guida TV\").resourceId(\"it.sky.msa:id/title\").instance(5)"}[39m
[35m[HTTP][39m [37m<-- POST /wd/hub/session/6cfa13ba-9737-47ca-a159-923c6ea821a4/elements [39m[32m200[39m [90m64 ms - 74[39m
[35m[HTTP][39m [90m[39m
[35m[HTTP][39m [37m-->[39m [37mPOST[39m [37m/wd/hub/session/6cfa13ba-9737-47ca-a159-923c6ea821a4/elements[39m
[35m[HTTP][39m [90m{"using":"-android uiautomator","value":"new UiSelector().className(\"android.widget.TextView\").text(\"Guida TV\").resourceId(\"it.sky.msa:id/title\").instance(5)"}[39m
[35m[HTTP][39m [37m<-- POST /wd/hub/session/6cfa13ba-9737-47ca-a159-923c6ea821a4/elements [39m[32m200[39m [90m74 ms - 74[39m
[35m[HTTP][39m [90m[39m
[35m[HTTP][39m [37m-->[39m [37mPOST[39m [37m/wd/hub/session/6cfa13ba-9737-47ca-a159-923c6ea821a4/elements[39m
[35m[HTTP][39m [90m{"using":"-android uiautomator","value":"new UiSelector().className(\"android.widget.TextView\").text(\"Guida TV\").resourceId(\"it.sky.msa:id/title\").instance(5)"}[39m
[35m[HTTP][39m [37m<-- POST /wd/hub/session/6cfa13ba-9737-47ca-a159-923c6ea821a4/elements [39m[32m200[39m [90m70 ms - 74[39m
[35m[HTTP][39m [90m[39m
[35m[HTTP][39m [37m-->[39m [37mPOST[39m [37m/wd/hub/session/6cfa13ba-9737-47ca-a159-923c6ea821a4/elements[39m
[35m[HTTP][39m [90m{"using":"-android uiautomator","value":"new UiSelector().className(\"android.widget.TextView\").text(\"Guida TV\").resourceId(\"it.sky.msa:id/title\").instance(5)"}[39m
[35m[HTTP][39m [37m<-- POST /wd/hub/session/6cfa13ba-9737-47ca-a159-923c6ea821a4/elements [39m[32m200[39m [90m56 ms - 74[39m
[35m[HTTP][39m [90m[39m
[35m[HTTP][39m [37m-->[39m [37mPOST[39m [37m/wd/hub/session/6cfa13ba-9737-47ca-a159-923c6ea821a4/elements[39m
[35m[HTTP][39m [90m{"using":"-android uiautomator","value":"new UiSelector().className(\"android.widget.TextView\").text(\"Guida TV\").resourceId(\"it.sky.msa:id/title\").instance(5)"}[39m
[35m[HTTP][39m [37m<-- POST /wd/hub/session/6cfa13ba-9737-47ca-a159-923c6ea821a4/elements [39m[32m200[39m [90m58 ms - 74[39m
[35m[HTTP][39m [90m[39m
[35m[HTTP][39m [37m-->[39m [37mPOST[39m [37m/wd/hub/session/6cfa13ba-9737-47ca-a159-923c6ea821a4/elements[39m
[35m[HTTP][39m [90m{"using":"-android uiautomator","value":"new UiSelector().className(\"android.widget.TextView\").text(\"Guida TV\").resourceId(\"it.sky.msa:id/title\").instance(5)"}[39m
[35m[HTTP][39m [37m<-- POST /wd/hub/session/6cfa13ba-9737-47ca-a159-923c6ea821a4/elements [39m[32m200[39m [90m69 ms - 74[39m
[35m[HTTP][39m [90m[39m
[35m[HTTP][39m [37m-->[39m [37mPOST[39m [37m/wd/hub/session/6cfa13ba-9737-47ca-a159-923c6ea821a4/elements[39m
[35m[HTTP][39m [90m{"using":"-android uiautomator","value":"new UiSelector().className(\"android.widget.TextView\").text(\"Guida TV\").resourceId(\"it.sky.msa:id/title\").instance(5)"}[39m
[35m[HTTP][39m [37m<-- POST /wd/hub/session/6cfa13ba-9737-47ca-a159-923c6ea821a4/elements [39m[32m200[39m [90m74 ms - 74[39m
[35m[HTTP][39m [90m[39m
[35m[HTTP][39m [37m-->[39m [37mPOST[39m [37m/wd/hub/session/6cfa13ba-9737-47ca-a159-923c6ea821a4/elements[39m
[35m[HTTP][39m [90m{"using":"-android uiautomator","value":"new UiSelector().className(\"android.widget.TextView\").text(\"Guida TV\").resourceId(\"it.sky.msa:id/title\").instance(5)"}[39m
[35m[HTTP][39m [37m<-- POST /wd/hub/session/6cfa13ba-9737-47ca-a159-923c6ea821a4/elements [39m[32m200[39m [90m74 ms - 74[39m
[35m[HTTP][39m [90m[39m
[35m[HTTP][39m [37m-->[39m [37mPOST[39m [37m/wd/hub/session/6cfa13ba-9737-47ca-a159-923c6ea821a4/elements[39m
[35m[HTTP][39m [90m{"using":"-android uiautomator","value":"new UiSelector().className(\"android.widget.TextView\").text(\"Guida TV\").resourceId(\"it.sky.msa:id/title\").instance(5)"}[39m
[35m[HTTP][39m [37m<-- POST /wd/hub/session/6cfa13ba-9737-47ca-a159-923c6ea821a4/elements [39m[32m200[39m [90m76 ms - 74[39m
[35m[HTTP][39m [90m[39m
[35m[HTTP][39m [37m-->[39m [37mPOST[39m [37m/wd/hub/session/6cfa13ba-9737-47ca-a159-923c6ea821a4/elements[39m
[35m[HTTP][39m [90m{"using":"-android uiautomator","value":"new UiSelector().className(\"android.widget.TextView\").text(\"Guida TV\").resourceId(\"it.sky.msa:id/title\").instance(5)"}[39m
[35m[HTTP][39m [37m<-- POST /wd/hub/session/6cfa13ba-9737-47ca-a159-923c6ea821a4/elements [39m[32m200[39m [90m78 ms - 74[39m
[35m[HTTP][39m [90m[39m
[35m[HTTP][39m [37m-->[39m [37mPOST[39m [37m/wd/hub/session/6cfa13ba-9737-47ca-a159-923c6ea821a4/elements[39m
[35m[HTTP][39m [90m{"using":"-android uiautomator","value":"new UiSelector().className(\"android.widget.TextView\").text(\"Guida TV\").resourceId(\"it.sky.msa:id/title\").instance(5)"}[39m
[35m[HTTP][39m [37m<-- POST /wd/hub/session/6cfa13ba-9737-47ca-a159-923c6ea821a4/elements [39m[32m200[39m [90m73 ms - 74[39m
[35m[HTTP][39m [90m[39m
[35m[HTTP][39m [37m-->[39m [37mPOST[39m [37m/wd/hub/session/6cfa13ba-9737-47ca-a159-923c6ea821a4/elements[39m
[35m[HTTP][39m [90m{"using":"-android uiautomator","value":"new UiSelector().className(\"android.widget.TextView\").text(\"Guida TV\").resourceId(\"it.sky.msa:id/title\").instance(5)"}[39m
[35m[HTTP][39m [37m<-- POST /wd/hub/session/6cfa13ba-9737-47ca-a159-923c6ea821a4/elements [39m[32m200[39m [90m65 ms - 74[39m
[35m[HTTP][39m [90m[39m
[35m[HTTP][39m [37m-->[39m [37mPOST[39m [37m/wd/hub/session/6cfa13ba-9737-47ca-a159-923c6ea821a4/elements[39m
[35m[HTTP][39m [90m{"using":"-android uiautomator","value":"new UiSelector().className(\"android.widget.TextView\").text(\"Guida TV\").resourceId(\"it.sky.msa:id/title\").instance(5)"}[39m
[35m[HTTP][39m [37m<-- POST /wd/hub/session/6cfa13ba-9737-47ca-a159-923c6ea821a4/elements [39m[32m200[39m [90m70 ms - 74[39m
[35m[HTTP][39m [90m[39m
[35m[HTTP][39m [37m-->[39m [37mPOST[39m [37m/wd/hub/session/6cfa13ba-9737-47ca-a159-923c6ea821a4/elements[39m
[35m[HTTP][39m [90m{"using":"-android uiautomator","value":"new UiSelector().className(\"android.widget.TextView\").text(\"Guida TV\").resourceId(\"it.sky.msa:id/title\").instance(5)"}[39m
[35m[HTTP][39m [37m<-- POST /wd/hub/session/6cfa13ba-9737-47ca-a159-923c6ea821a4/elements [39m[32m200[39m [90m80 ms - 74[39m
[35m[HTTP][39m [90m[39m
[35m[HTTP][39m [37m-->[39m [37mPOST[39m [37m/wd/hub/session/6cfa13ba-9737-47ca-a159-923c6ea821a4/elements[39m
[35m[HTTP][39m [90m{"using":"-android uiautomator","value":"new UiSelector().className(\"android.widget.TextView\").text(\"Guida TV\").resourceId(\"it.sky.msa:id/title\").instance(5)"}[39m
[35m[HTTP][39m [37m<-- POST /wd/hub/session/6cfa13ba-9737-47ca-a159-923c6ea821a4/elements [39m[32m200[39m [90m96 ms - 74[39m
[35m[HTTP][39m [90m[39m
[35m[HTTP][39m [37m-->[39m [37mPOST[39m [37m/wd/hub/session/6cfa13ba-9737-47ca-a159-923c6ea821a4/elements[39m
[35m[HTTP][39m [90m{"using":"-android uiautomator","value":"new UiSelector().className(\"android.widget.TextView\").text(\"Guida TV\").resourceId(\"it.sky.msa:id/title\").instance(5)"}[39m
[35m[HTTP][39m [37m<-- POST /wd/hub/session/6cfa13ba-9737-47ca-a159-923c6ea821a4/elements [39m[32m200[39m [90m83 ms - 74[39m
[35m[HTTP][39m [90m[39m
[35m[HTTP][39m [37m-->[39m [37mPOST[39m [37m/wd/hub/session/6cfa13ba-9737-47ca-a159-923c6ea821a4/elements[39m
[35m[HTTP][39m [90m{"using":"-android uiautomator","value":"new UiSelector().className(\"android.widget.TextView\").text(\"Guida TV\").resourceId(\"it.sky.msa:id/title\").instance(5)"}[39m
[35m[HTTP][39m [37m<-- POST /wd/hub/session/6cfa13ba-9737-47ca-a159-923c6ea821a4/elements [39m[32m200[39m [90m68 ms - 74[39m
[35m[HTTP][39m [90m[39m
[35m[HTTP][39m [37m-->[39m [37mPOST[39m [37m/wd/hub/session/6cfa13ba-9737-47ca-a159-923c6ea821a4/elements[39m
[35m[HTTP][39m [90m{"using":"-android uiautomator","value":"new UiSelector().className(\"android.widget.TextView\").text(\"Guida TV\").resourceId(\"it.sky.msa:id/title\").instance(5)"}[39m
[35m[HTTP][39m [37m<-- POST /wd/hub/session/6cfa13ba-9737-47ca-a159-923c6ea821a4/elements [39m[32m200[39m [90m75 ms - 74[39m
[35m[HTTP][39m [90m[39m
[35m[HTTP][39m [37m-->[39m [37mPOST[39m [37m/wd/hub/session/6cfa13ba-9737-47ca-a159-923c6ea821a4/elements[39m
[35m[HTTP][39m [90m{"using":"-android uiautomator","value":"new UiSelector().className(\"android.widget.TextView\").text(\"Guida TV\").resourceId(\"it.sky.msa:id/title\").instance(5)"}[39m
[35m[HTTP][39m [37m<-- POST /wd/hub/session/6cfa13ba-9737-47ca-a159-923c6ea821a4/elements [39m[32m200[39m [90m66 ms - 74[39m
[35m[HTTP][39m [90m[39m
[35m[HTTP][39m [37m-->[39m [37mPOST[39m [37m/wd/hub/session/6cfa13ba-9737-47ca-a159-923c6ea821a4/elements[39m
[35m[HTTP][39m [90m{"using":"-android uiautomator","value":"new UiSelector().className(\"android.widget.TextView\").text(\"Guida TV\").resourceId(\"it.sky.msa:id/title\").instance(5)"}[39m
[35m[HTTP][39m [37m<-- POST /wd/hub/session/6cfa13ba-9737-47ca-a159-923c6ea821a4/elements [39m[32m200[39m [90m38 ms - 74[39m
[35m[HTTP][39m [90m[39m
[35m[HTTP][39m [37m-->[39m [37mPOST[39m [37m/wd/hub/session/6cfa13ba-9737-47ca-a159-923c6ea821a4/elements[39m
[35m[HTTP][39m [90m{"using":"-android uiautomator","value":"new UiSelector().className(\"android.widget.TextView\").text(\"Guida TV\").resourceId(\"it.sky.msa:id/title\").instance(5)"}[39m
[35m[HTTP][39m [37m<-- POST /wd/hub/session/6cfa13ba-9737-47ca-a159-923c6ea821a4/elements [39m[32m200[39m [90m871 ms - 124[39m
[35m[HTTP][39m [90m[39m
[35m[HTTP][39m [37m-->[39m [37mGET[39m [37m/wd/hub/session/6cfa13ba-9737-47ca-a159-923c6ea821a4[39m
[35m[HTTP][39m [90m{}[39m
[35m[HTTP][39m [37m<-- GET /wd/hub/session/6cfa13ba-9737-47ca-a159-923c6ea821a4 [39m[32m200[39m [90m43 ms - 1133[39m
[35m[HTTP][39m [90m[39m
[35m[HTTP][39m [37m-->[39m [37mGET[39m [37m/wd/hub/session/6cfa13ba-9737-47ca-a159-923c6ea821a4[39m
[35m[HTTP][39m [90m{}[39m
[35m[HTTP][39m [37m<-- GET /wd/hub/session/6cfa13ba-9737-47ca-a159-923c6ea821a4 [39m[32m200[39m [90m27 ms - 1133[39m
[35m[HTTP][39m [90m[39m
[35m[HTTP][39m [37m-->[39m [37mGET[39m [37m/wd/hub/session/6cfa13ba-9737-47ca-a159-923c6ea821a4[39m
[35m[HTTP][39m [90m{}[39m
[35m[HTTP][39m [37m<-- GET /wd/hub/session/6cfa13ba-9737-47ca-a159-923c6ea821a4 [39m[32m200[39m [90m25 ms - 1133[39m
[35m[HTTP][39m [90m[39m
[35m[HTTP][39m [37m-->[39m [37mGET[39m [37m/wd/hub/session/6cfa13ba-9737-47ca-a159-923c6ea821a4[39m
[35m[HTTP][39m [90m{}[39m
[35m[HTTP][39m [37m<-- GET /wd/hub/session/6cfa13ba-9737-47ca-a159-923c6ea821a4 [39m[32m200[39m [90m46 ms - 1133[39m
[35m[HTTP][39m [90m[39m
[35m[HTTP][39m [37m-->[39m [37mGET[39m [37m/wd/hub/session/6cfa13ba-9737-47ca-a159-923c6ea821a4/element/532c10bb-78f1-4199-8c89-3e36562cdfc6/location[39m
[35m[HTTP][39m [90m{}[39m
[35m[W3C][39m Driver proxy active, passing request on via HTTP proxy
[35m[JSONWP Proxy][39m Replacing sessionId cdec9144-ceb6-49fa-98d4-22f073719fbf with 6cfa13ba-9737-47ca-a159-923c6ea821a4
[35m[HTTP][39m [37m<-- GET /wd/hub/session/6cfa13ba-9737-47ca-a159-923c6ea821a4/element/532c10bb-78f1-4199-8c89-3e36562cdfc6/location [39m[32m200[39m [90m90 ms - 90[39m
[35m[HTTP][39m [90m[39m
[35m[HTTP][39m [37m-->[39m [37mPOST[39m [37m/wd/hub/session/6cfa13ba-9737-47ca-a159-923c6ea821a4/touch/perform[39m
[35m[HTTP][39m [90m{"actions":[{"action":"tap","options":{"element":"532c10bb-78f1-4199-8c89-3e36562cdfc6","x":1,"y":1}}]}[39m
[35m[UiAutomator2][39m calling get location: 532c10bb-78f1-4199-8c89-3e36562cdfc6
[35m[HTTP][39m [37m<-- POST /wd/hub/session/6cfa13ba-9737-47ca-a159-923c6ea821a4/touch/perform [39m[32m200[39m [90m1143 ms - 76[39m
[35m[HTTP][39m [90m[39m
[35m[HTTP][39m [37m-->[39m [37mGET[39m [37m/wd/hub/session/6cfa13ba-9737-47ca-a159-923c6ea821a4/window/current/size[39m
[35m[HTTP][39m [90m{}[39m
[35m[W3C][39m Driver proxy active, passing request on via HTTP proxy
[35m[JSONWP Proxy][39m Replacing sessionId cdec9144-ceb6-49fa-98d4-22f073719fbf with 6cfa13ba-9737-47ca-a159-923c6ea821a4
[35m[HTTP][39m [37m<-- GET /wd/hub/session/6cfa13ba-9737-47ca-a159-923c6ea821a4/window/current/size [39m[32m200[39m [90m48 ms - 100[39m
[35m[HTTP][39m [90m[39m
[35m[HTTP][39m [37m-->[39m [37mPOST[39m [37m/wd/hub/session/6cfa13ba-9737-47ca-a159-923c6ea821a4/elements[39m
[35m[HTTP][39m [90m{"using":"-android uiautomator","value":"new UiSelector().className(\"android.widget.TextView\").text(\"GUIDA TV\").resourceId(\"it.sky.msa:id/headerTitle\").instance(0)"}[39m
[35m[HTTP][39m [37m<-- POST /wd/hub/session/6cfa13ba-9737-47ca-a159-923c6ea821a4/elements [39m[32m200[39m [90m969 ms - 124[39m
[35m[HTTP][39m [90m[39m
[35m[HTTP][39m [37m-->[39m [37mGET[39m [37m/wd/hub/session/6cfa13ba-9737-47ca-a159-923c6ea821a4[39m
[35m[HTTP][39m [90m{}[39m
[35m[HTTP][39m [37m<-- GET /wd/hub/session/6cfa13ba-9737-47ca-a159-923c6ea821a4 [39m[32m200[39m [90m28 ms - 1133[39m
[35m[HTTP][39m [90m[39m
[35m[HTTP][39m [37m-->[39m [37mGET[39m [37m/wd/hub/session/6cfa13ba-9737-47ca-a159-923c6ea821a4[39m
[35m[HTTP][39m [90m{}[39m
[35m[HTTP][39m [37m<-- GET /wd/hub/session/6cfa13ba-9737-47ca-a159-923c6ea821a4 [39m[32m200[39m [90m36 ms - 1133[39m
[35m[HTTP][39m [90m[39m
[35m[HTTP][39m [37m-->[39m [37mGET[39m [37m/wd/hub/session/6cfa13ba-9737-47ca-a159-923c6ea821a4[39m
[35m[HTTP][39m [90m{}[39m
[35m[HTTP][39m [37m<-- GET /wd/hub/session/6cfa13ba-9737-47ca-a159-923c6ea821a4 [39m[32m200[39m [90m29 ms - 1133[39m
[35m[HTTP][39m [90m[39m
[35m[HTTP][39m [37m-->[39m [37mGET[39m [37m/wd/hub/session/6cfa13ba-9737-47ca-a159-923c6ea821a4[39m
[35m[HTTP][39m [90m{}[39m
[35m[HTTP][39m [37m<-- GET /wd/hub/session/6cfa13ba-9737-47ca-a159-923c6ea821a4 [39m[32m200[39m [90m23 ms - 1133[39m
[35m[HTTP][39m [90m[39m
[35m[HTTP][39m [37m-->[39m [37mGET[39m [37m/wd/hub/session/6cfa13ba-9737-47ca-a159-923c6ea821a4/element/13826e66-987a-45d6-aec1-a47dfd2d5af6/location[39m
[35m[HTTP][39m [90m{}[39m
[35m[W3C][39m Driver proxy active, passing request on via HTTP proxy
[35m[JSONWP Proxy][39m Replacing sessionId cdec9144-ceb6-49fa-98d4-22f073719fbf with 6cfa13ba-9737-47ca-a159-923c6ea821a4
[35m[HTTP][39m [37m<-- GET /wd/hub/session/6cfa13ba-9737-47ca-a159-923c6ea821a4/element/13826e66-987a-45d6-aec1-a47dfd2d5af6/location [39m[32m200[39m [90m65 ms - 88[39m
[35m[HTTP][39m [90m[39m
[35m[HTTP][39m [37m-->[39m [37mGET[39m [37m/wd/hub/session/6cfa13ba-9737-47ca-a159-923c6ea821a4/window/current/size[39m
[35m[HTTP][39m [90m{}[39m
[35m[W3C][39m Driver proxy active, passing request on via HTTP proxy
[35m[JSONWP Proxy][39m Replacing sessionId cdec9144-ceb6-49fa-98d4-22f073719fbf with 6cfa13ba-9737-47ca-a159-923c6ea821a4
[35m[HTTP][39m [37m<-- GET /wd/hub/session/6cfa13ba-9737-47ca-a159-923c6ea821a4/window/current/size [39m[32m200[39m [90m37 ms - 100[39m
[35m[HTTP][39m [90m[39m
[35m[HTTP][39m [37m-->[39m [37mPOST[39m [37m/wd/hub/session/6cfa13ba-9737-47ca-a159-923c6ea821a4/elements[39m
[35m[HTTP][39m [90m{"using":"-android uiautomator","value":"new UiSelector().className(\"android.widget.ImageView\").resourceId(\"it.sky.msa:id/heroImageImageView\").instance(0)"}[39m
[35m[HTTP][39m [37m<-- POST /wd/hub/session/6cfa13ba-9737-47ca-a159-923c6ea821a4/elements [39m[32m200[39m [90m147 ms - 124[39m
[35m[HTTP][39m [90m[39m
[35m[HTTP][39m [37m-->[39m [37mGET[39m [37m/wd/hub/session/6cfa13ba-9737-47ca-a159-923c6ea821a4[39m
[35m[HTTP][39m [90m{}[39m
[35m[HTTP][39m [37m<-- GET /wd/hub/session/6cfa13ba-9737-47ca-a159-923c6ea821a4 [39m[32m200[39m [90m27 ms - 1133[39m
[35m[HTTP][39m [90m[39m
[35m[HTTP][39m [37m-->[39m [37mGET[39m [37m/wd/hub/session/6cfa13ba-9737-47ca-a159-923c6ea821a4[39m
[35m[HTTP][39m [90m{}[39m
[35m[HTTP][39m [37m<-- GET /wd/hub/session/6cfa13ba-9737-47ca-a159-923c6ea821a4 [39m[32m200[39m [90m28 ms - 1133[39m
[35m[HTTP][39m [90m[39m
[35m[HTTP][39m [37m-->[39m [37mGET[39m [37m/wd/hub/session/6cfa13ba-9737-47ca-a159-923c6ea821a4[39m
[35m[HTTP][39m [90m{}[39m
[35m[HTTP][39m [37m<-- GET /wd/hub/session/6cfa13ba-9737-47ca-a159-923c6ea821a4 [39m[32m200[39m [90m26 ms - 1133[39m
[35m[HTTP][39m [90m[39m
[35m[HTTP][39m [37m-->[39m [37mGET[39m [37m/wd/hub/session/6cfa13ba-9737-47ca-a159-923c6ea821a4[39m
[35m[HTTP][39m [90m{}[39m
[35m[HTTP][39m [37m<-- GET /wd/hub/session/6cfa13ba-9737-47ca-a159-923c6ea821a4 [39m[32m200[39m [90m29 ms - 1133[39m
[35m[HTTP][39m [90m[39m
[35m[HTTP][39m [37m-->[39m [37mGET[39m [37m/wd/hub/session/6cfa13ba-9737-47ca-a159-923c6ea821a4/element/9dbcc36b-b980-4670-89e7-941033852667/location[39m
[35m[HTTP][39m [90m{}[39m
[35m[W3C][39m Driver proxy active, passing request on via HTTP proxy
[35m[JSONWP Proxy][39m Replacing sessionId cdec9144-ceb6-49fa-98d4-22f073719fbf with 6cfa13ba-9737-47ca-a159-923c6ea821a4
[35m[HTTP][39m [37m<-- GET /wd/hub/session/6cfa13ba-9737-47ca-a159-923c6ea821a4/element/9dbcc36b-b980-4670-89e7-941033852667/location [39m[32m200[39m [90m68 ms - 87[39m
[35m[HTTP][39m [90m[39m
[35m[HTTP][39m [37m-->[39m [37mGET[39m [37m/wd/hub/session/6cfa13ba-9737-47ca-a159-923c6ea821a4/element/9dbcc36b-b980-4670-89e7-941033852667/attribute/resourceId[39m
[35m[HTTP][39m [90m{}[39m
[35m[HTTP][39m [37m<-- GET /wd/hub/session/6cfa13ba-9737-47ca-a159-923c6ea821a4/element/9dbcc36b-b980-4670-89e7-941033852667/attribute/resourceId [39m[32m200[39m [90m62 ms - 106[39m
[35m[HTTP][39m [90m[39m
[35m[HTTP][39m [37m-->[39m [37mGET[39m [37m/wd/hub/session/6cfa13ba-9737-47ca-a159-923c6ea821a4/window/current/size[39m
[35m[HTTP][39m [90m{}[39m
[35m[W3C][39m Driver proxy active, passing request on via HTTP proxy
[35m[JSONWP Proxy][39m Replacing sessionId cdec9144-ceb6-49fa-98d4-22f073719fbf with 6cfa13ba-9737-47ca-a159-923c6ea821a4
[35m[HTTP][39m [37m<-- GET /wd/hub/session/6cfa13ba-9737-47ca-a159-923c6ea821a4/window/current/size [39m[32m200[39m [90m31 ms - 100[39m
[35m[HTTP][39m [90m[39m
[35m[HTTP][39m [37m-->[39m [37mPOST[39m [37m/wd/hub/session/6cfa13ba-9737-47ca-a159-923c6ea821a4/elements[39m
[35m[HTTP][39m [90m{"using":"-android uiautomator","value":"new UiSelector().className(\"android.widget.TextView\").text(\"IN EVIDENZA\").resourceId(\"it.sky.msa:id/heroPromoTextView\").instance(6)"}[39m
[35m[HTTP][39m [37m<-- POST /wd/hub/session/6cfa13ba-9737-47ca-a159-923c6ea821a4/elements [39m[32m200[39m [90m178 ms - 124[39m
[35m[HTTP][39m [90m[39m
[35m[HTTP][39m [37m-->[39m [37mGET[39m [37m/wd/hub/session/6cfa13ba-9737-47ca-a159-923c6ea821a4[39m
[35m[HTTP][39m [90m{}[39m
[35m[HTTP][39m [37m<-- GET /wd/hub/session/6cfa13ba-9737-47ca-a159-923c6ea821a4 [39m[32m200[39m [90m24 ms - 1133[39m
[35m[HTTP][39m [90m[39m
[35m[HTTP][39m [37m-->[39m [37mGET[39m [37m/wd/hub/session/6cfa13ba-9737-47ca-a159-923c6ea821a4[39m
[35m[HTTP][39m [90m{}[39m
[35m[HTTP][39m [37m<-- GET /wd/hub/session/6cfa13ba-9737-47ca-a159-923c6ea821a4 [39m[32m200[39m [90m28 ms - 1133[39m
[35m[HTTP][39m [90m[39m
[35m[HTTP][39m [37m-->[39m [37mGET[39m [37m/wd/hub/session/6cfa13ba-9737-47ca-a159-923c6ea821a4[39m
[35m[HTTP][39m [90m{}[39m
[35m[HTTP][39m [37m<-- GET /wd/hub/session/6cfa13ba-9737-47ca-a159-923c6ea821a4 [39m[32m200[39m [90m26 ms - 1133[39m
[35m[HTTP][39m [90m[39m
[35m[HTTP][39m [37m-->[39m [37mGET[39m [37m/wd/hub/session/6cfa13ba-9737-47ca-a159-923c6ea821a4[39m
[35m[HTTP][39m [90m{}[39m
[35m[HTTP][39m [37m<-- GET /wd/hub/session/6cfa13ba-9737-47ca-a159-923c6ea821a4 [39m[32m200[39m [90m28 ms - 1133[39m
[35m[HTTP][39m [90m[39m
[35m[HTTP][39m [37m-->[39m [37mGET[39m [37m/wd/hub/session/6cfa13ba-9737-47ca-a159-923c6ea821a4/element/979c0ee2-7589-4777-ba5b-74c91611ae53/location[39m
[35m[HTTP][39m [90m{}[39m
[35m[W3C][39m Driver proxy active, passing request on via HTTP proxy
[35m[JSONWP Proxy][39m Replacing sessionId cdec9144-ceb6-49fa-98d4-22f073719fbf with 6cfa13ba-9737-47ca-a159-923c6ea821a4
[35m[HTTP][39m [37m<-- GET /wd/hub/session/6cfa13ba-9737-47ca-a159-923c6ea821a4/element/979c0ee2-7589-4777-ba5b-74c91611ae53/location [39m[32m200[39m [90m55 ms - 88[39m
[35m[HTTP][39m [90m[39m
[35m[HTTP][39m [37m-->[39m [37mGET[39m [37m/wd/hub/session/6cfa13ba-9737-47ca-a159-923c6ea821a4/element/979c0ee2-7589-4777-ba5b-74c91611ae53/text[39m
[35m[HTTP][39m [90m{}[39m
[35m[W3C][39m Driver proxy active, passing request on via HTTP proxy
[35m[JSONWP Proxy][39m Replacing sessionId cdec9144-ceb6-49fa-98d4-22f073719fbf with 6cfa13ba-9737-47ca-a159-923c6ea821a4
[35m[HTTP][39m [37m<-- GET /wd/hub/session/6cfa13ba-9737-47ca-a159-923c6ea821a4/element/979c0ee2-7589-4777-ba5b-74c91611ae53/text [39m[32m200[39m [90m77 ms - 85[39m
[35m[HTTP][39m [90m[39m
[35m[HTTP][39m [37m-->[39m [37mGET[39m [37m/wd/hub/session/6cfa13ba-9737-47ca-a159-923c6ea821a4/window/current/size[39m
[35m[HTTP][39m [90m{}[39m
[35m[W3C][39m Driver proxy active, passing request on via HTTP proxy
[35m[JSONWP Proxy][39m Replacing sessionId cdec9144-ceb6-49fa-98d4-22f073719fbf with 6cfa13ba-9737-47ca-a159-923c6ea821a4
[35m[HTTP][39m [37m<-- GET /wd/hub/session/6cfa13ba-9737-47ca-a159-923c6ea821a4/window/current/size [39m[32m200[39m [90m29 ms - 100[39m
[35m[HTTP][39m [90m[39m
[35m[HTTP][39m [37m-->[39m [37mPOST[39m [37m/wd/hub/session/6cfa13ba-9737-47ca-a159-923c6ea821a4/elements[39m
[35m[HTTP][39m [90m{"using":"-android uiautomator","value":"new UiSelector().className(\"android.widget.TextView\").resourceId(\"it.sky.msa:id/heroTitleTextView\").instance(7)"}[39m
[35m[HTTP][39m [37m<-- POST /wd/hub/session/6cfa13ba-9737-47ca-a159-923c6ea821a4/elements [39m[32m200[39m [90m106 ms - 124[39m
[35m[HTTP][39m [90m[39m
[35m[HTTP][39m [37m-->[39m [37mGET[39m [37m/wd/hub/session/6cfa13ba-9737-47ca-a159-923c6ea821a4[39m
[35m[HTTP][39m [90m{}[39m
[35m[HTTP][39m [37m<-- GET /wd/hub/session/6cfa13ba-9737-47ca-a159-923c6ea821a4 [39m[32m200[39m [90m28 ms - 1133[39m
[35m[HTTP][39m [90m[39m
[35m[HTTP][39m [37m-->[39m [37mGET[39m [37m/wd/hub/session/6cfa13ba-9737-47ca-a159-923c6ea821a4[39m
[35m[HTTP][39m [90m{}[39m
[35m[HTTP][39m [37m<-- GET /wd/hub/session/6cfa13ba-9737-47ca-a159-923c6ea821a4 [39m[32m200[39m [90m27 ms - 1133[39m
[35m[HTTP][39m [90m[39m
[35m[HTTP][39m [37m-->[39m [37mGET[39m [37m/wd/hub/session/6cfa13ba-9737-47ca-a159-923c6ea821a4[39m
[35m[HTTP][39m [90m{}[39m
[35m[HTTP][39m [37m<-- GET /wd/hub/session/6cfa13ba-9737-47ca-a159-923c6ea821a4 [39m[32m200[39m [90m23 ms - 1133[39m
[35m[HTTP][39m [90m[39m
[35m[HTTP][39m [37m-->[39m [37mGET[39m [37m/wd/hub/session/6cfa13ba-9737-47ca-a159-923c6ea821a4[39m
[35m[HTTP][39m [90m{}[39m
[35m[HTTP][39m [37m<-- GET /wd/hub/session/6cfa13ba-9737-47ca-a159-923c6ea821a4 [39m[32m200[39m [90m24 ms - 1133[39m
[35m[HTTP][39m [90m[39m
[35m[HTTP][39m [37m-->[39m [37mGET[39m [37m/wd/hub/session/6cfa13ba-9737-47ca-a159-923c6ea821a4/element/037514de-1018-4736-8993-e357ffe50a61/location[39m
[35m[HTTP][39m [90m{}[39m
[35m[W3C][39m Driver proxy active, passing request on via HTTP proxy
[35m[JSONWP Proxy][39m Replacing sessionId cdec9144-ceb6-49fa-98d4-22f073719fbf with 6cfa13ba-9737-47ca-a159-923c6ea821a4
[35m[HTTP][39m [37m<-- GET /wd/hub/session/6cfa13ba-9737-47ca-a159-923c6ea821a4/element/037514de-1018-4736-8993-e357ffe50a61/location [39m[32m200[39m [90m50 ms - 88[39m
[35m[HTTP][39m [90m[39m
[35m[HTTP][39m [37m-->[39m [37mGET[39m [37m/wd/hub/session/6cfa13ba-9737-47ca-a159-923c6ea821a4/window/current/size[39m
[35m[HTTP][39m [90m{}[39m
[35m[W3C][39m Driver proxy active, passing request on via HTTP proxy
[35m[JSONWP Proxy][39m Replacing sessionId cdec9144-ceb6-49fa-98d4-22f073719fbf with 6cfa13ba-9737-47ca-a159-923c6ea821a4
[35m[HTTP][39m [37m<-- GET /wd/hub/session/6cfa13ba-9737-47ca-a159-923c6ea821a4/window/current/size [39m[32m200[39m [90m41 ms - 100[39m
[35m[HTTP][39m [90m[39m
[35m[HTTP][39m [37m-->[39m [37mPOST[39m [37m/wd/hub/session/6cfa13ba-9737-47ca-a159-923c6ea821a4/elements[39m
[35m[HTTP][39m [90m{"using":"-android uiautomator","value":"new UiSelector().className(\"android.widget.TextView\").resourceId(\"it.sky.msa:id/heroCaptionTextView\").instance(8)"}[39m
[35m[HTTP][39m [37m<-- POST /wd/hub/session/6cfa13ba-9737-47ca-a159-923c6ea821a4/elements [39m[32m200[39m [90m121 ms - 124[39m
[35m[HTTP][39m [90m[39m
[35m[HTTP][39m [37m-->[39m [37mGET[39m [37m/wd/hub/session/6cfa13ba-9737-47ca-a159-923c6ea821a4[39m
[35m[HTTP][39m [90m{}[39m
[35m[HTTP][39m [37m<-- GET /wd/hub/session/6cfa13ba-9737-47ca-a159-923c6ea821a4 [39m[32m200[39m [90m34 ms - 1133[39m
[35m[HTTP][39m [90m[39m
[35m[HTTP][39m [37m-->[39m [37mGET[39m [37m/wd/hub/session/6cfa13ba-9737-47ca-a159-923c6ea821a4[39m
[35m[HTTP][39m [90m{}[39m
[35m[HTTP][39m [37m<-- GET /wd/hub/session/6cfa13ba-9737-47ca-a159-923c6ea821a4 [39m[32m200[39m [90m27 ms - 1133[39m
[35m[HTTP][39m [90m[39m
[35m[HTTP][39m [37m-->[39m [37mGET[39m [37m/wd/hub/session/6cfa13ba-9737-47ca-a159-923c6ea821a4[39m
[35m[HTTP][39m [90m{}[39m
[35m[HTTP][39m [37m<-- GET /wd/hub/session/6cfa13ba-9737-47ca-a159-923c6ea821a4 [39m[32m200[39m [90m26 ms - 1133[39m
[35m[HTTP][39m [90m[39m
[35m[HTTP][39m [37m-->[39m [37mGET[39m [37m/wd/hub/session/6cfa13ba-9737-47ca-a159-923c6ea821a4[39m
[35m[HTTP][39m [90m{}[39m
[35m[HTTP][39m [37m<-- GET /wd/hub/session/6cfa13ba-9737-47ca-a159-923c6ea821a4 [39m[32m200[39m [90m28 ms - 1133[39m
[35m[HTTP][39m [90m[39m
[35m[HTTP][39m [37m-->[39m [37mGET[39m [37m/wd/hub/session/6cfa13ba-9737-47ca-a159-923c6ea821a4/element/a69a6232-9cb7-47c6-88a3-b9ad1290218d/location[39m
[35m[HTTP][39m [90m{}[39m
[35m[W3C][39m Driver proxy active, passing request on via HTTP proxy
[35m[JSONWP Proxy][39m Replacing sessionId cdec9144-ceb6-49fa-98d4-22f073719fbf with 6cfa13ba-9737-47ca-a159-923c6ea821a4
[35m[HTTP][39m [37m<-- GET /wd/hub/session/6cfa13ba-9737-47ca-a159-923c6ea821a4/element/a69a6232-9cb7-47c6-88a3-b9ad1290218d/location [39m[32m200[39m [90m59 ms - 89[39m
[35m[HTTP][39m [90m[39m
[35m[HTTP][39m [37m-->[39m [37mGET[39m [37m/wd/hub/session/6cfa13ba-9737-47ca-a159-923c6ea821a4/window/current/size[39m
[35m[HTTP][39m [90m{}[39m
[35m[W3C][39m Driver proxy active, passing request on via HTTP proxy
[35m[JSONWP Proxy][39m Replacing sessionId cdec9144-ceb6-49fa-98d4-22f073719fbf with 6cfa13ba-9737-47ca-a159-923c6ea821a4
[35m[HTTP][39m [37m<-- GET /wd/hub/session/6cfa13ba-9737-47ca-a159-923c6ea821a4/window/current/size [39m[32m200[39m [90m32 ms - 100[39m
[35m[HTTP][39m [90m[39m
[35m[HTTP][39m [37m-->[39m [37mPOST[39m [37m/wd/hub/session/6cfa13ba-9737-47ca-a159-923c6ea821a4/elements[39m
[35m[HTTP][39m [90m{"using":"-android uiautomator","value":"new UiSelector().className(\"android.widget.TextView\").resourceId(\"it.sky.msa:id/heroCaptionTextView\").instance(8)"}[39m
[35m[HTTP][39m [37m<-- POST /wd/hub/session/6cfa13ba-9737-47ca-a159-923c6ea821a4/elements [39m[32m200[39m [90m120 ms - 124[39m
[35m[HTTP][39m [90m[39m
[35m[HTTP][39m [37m-->[39m [37mGET[39m [37m/wd/hub/session/6cfa13ba-9737-47ca-a159-923c6ea821a4[39m
[35m[HTTP][39m [90m{}[39m
[35m[HTTP][39m [37m<-- GET /wd/hub/session/6cfa13ba-9737-47ca-a159-923c6ea821a4 [39m[32m200[39m [90m23 ms - 1133[39m
[35m[HTTP][39m [90m[39m
[35m[HTTP][39m [37m-->[39m [37mGET[39m [37m/wd/hub/session/6cfa13ba-9737-47ca-a159-923c6ea821a4[39m
[35m[HTTP][39m [90m{}[39m
[35m[HTTP][39m [37m<-- GET /wd/hub/session/6cfa13ba-9737-47ca-a159-923c6ea821a4 [39m[32m200[39m [90m24 ms - 1133[39m
[35m[HTTP][39m [90m[39m
[35m[HTTP][39m [37m-->[39m [37mGET[39m [37m/wd/hub/session/6cfa13ba-9737-47ca-a159-923c6ea821a4[39m
[35m[HTTP][39m [90m{}[39m
[35m[HTTP][39m [37m<-- GET /wd/hub/session/6cfa13ba-9737-47ca-a159-923c6ea821a4 [39m[32m200[39m [90m26 ms - 1133[39m
[35m[HTTP][39m [90m[39m
[35m[HTTP][39m [37m-->[39m [37mGET[39m [37m/wd/hub/session/6cfa13ba-9737-47ca-a159-923c6ea821a4[39m
[35m[HTTP][39m [90m{}[39m
[35m[HTTP][39m [37m<-- GET /wd/hub/session/6cfa13ba-9737-47ca-a159-923c6ea821a4 [39m[32m200[39m [90m25 ms - 1133[39m
[35m[HTTP][39m [90m[39m
[35m[HTTP][39m [37m-->[39m [37mGET[39m [37m/wd/hub/session/6cfa13ba-9737-47ca-a159-923c6ea821a4/element/363d021d-cb4d-4b9b-a3d1-d2c8bc2f0238/location[39m
[35m[HTTP][39m [90m{}[39m
[35m[W3C][39m Driver proxy active, passing request on via HTTP proxy
[35m[JSONWP Proxy][39m Replacing sessionId cdec9144-ceb6-49fa-98d4-22f073719fbf with 6cfa13ba-9737-47ca-a159-923c6ea821a4
[35m[HTTP][39m [37m<-- GET /wd/hub/session/6cfa13ba-9737-47ca-a159-923c6ea821a4/element/363d021d-cb4d-4b9b-a3d1-d2c8bc2f0238/location [39m[32m200[39m [90m71 ms - 89[39m
[35m[HTTP][39m [90m[39m
[35m[HTTP][39m [37m-->[39m [37mGET[39m [37m/wd/hub/session/6cfa13ba-9737-47ca-a159-923c6ea821a4/element/363d021d-cb4d-4b9b-a3d1-d2c8bc2f0238/text[39m
[35m[HTTP][39m [90m{}[39m
[35m[W3C][39m Driver proxy active, passing request on via HTTP proxy
[35m[JSONWP Proxy][39m Replacing sessionId cdec9144-ceb6-49fa-98d4-22f073719fbf with 6cfa13ba-9737-47ca-a159-923c6ea821a4
[35m[HTTP][39m [37m<-- GET /wd/hub/session/6cfa13ba-9737-47ca-a159-923c6ea821a4/element/363d021d-cb4d-4b9b-a3d1-d2c8bc2f0238/text [39m[32m200[39m [90m83 ms - 89[39m
[35m[HTTP][39m [90m[39m
[35m[HTTP][39m [37m-->[39m [37mGET[39m [37m/wd/hub/session/6cfa13ba-9737-47ca-a159-923c6ea821a4/context[39m
[35m[HTTP][39m [90m{}[39m
[35m[HTTP][39m [37m<-- GET /wd/hub/session/6cfa13ba-9737-47ca-a159-923c6ea821a4/context [39m[32m200[39m [90m2 ms - 84[39m
[35m[HTTP][39m [90m[39m
[35m[HTTP][39m [37m-->[39m [37mGET[39m [37m/wd/hub/session/6cfa13ba-9737-47ca-a159-923c6ea821a4/contexts[39m
[35m[HTTP][39m [90m{}[39m
[35m[HTTP][39m [37m<-- GET /wd/hub/session/6cfa13ba-9737-47ca-a159-923c6ea821a4/contexts [39m[32m200[39m [90m105 ms - 86[39m
[35m[HTTP][39m [90m[39m
[35m[HTTP][39m [37m-->[39m [37mPOST[39m [37m/wd/hub/session/6cfa13ba-9737-47ca-a159-923c6ea821a4/context[39m
[35m[HTTP][39m [90m{"name":"NATIVE_APP"}[39m
[35m[HTTP][39m [37m<-- POST /wd/hub/session/6cfa13ba-9737-47ca-a159-923c6ea821a4/context [39m[32m200[39m [90m98 ms - 76[39m
[35m[HTTP][39m [90m[39m
[35m[HTTP][39m [37m-->[39m [37mPOST[39m [37m/wd/hub/session/6cfa13ba-9737-47ca-a159-923c6ea821a4/touch/perform[39m
[35m[HTTP][39m [90m{"actions":[{"action":"press","options":{"x":200,"y":300}},{"action":"wait","options":{"ms":500}},{"action":"moveTo","options":{"x":200,"y":300}}]}[39m
[35m[HTTP][39m [37m<-- POST /wd/hub/session/6cfa13ba-9737-47ca-a159-923c6ea821a4/touch/perform [39m[32m200[39m [90m2147 ms - 76[39m
[35m[HTTP][39m [90m[39m
[35m[HTTP][39m [37m-->[39m [37mPOST[39m [37m/wd/hub/session/6cfa13ba-9737-47ca-a159-923c6ea821a4/context[39m
[35m[HTTP][39m [90m{"name":"NATIVE_APP"}[39m
[35m[HTTP][39m [37m<-- POST /wd/hub/session/6cfa13ba-9737-47ca-a159-923c6ea821a4/context [39m[32m200[39m [90m97 ms - 76[39m
[35m[HTTP][39m [90m[39m
[35m[HTTP][39m [37m-->[39m [37mGET[39m [37m/wd/hub/session/6cfa13ba-9737-47ca-a159-923c6ea821a4/window/current/size[39m
[35m[HTTP][39m [90m{}[39m
[35m[W3C][39m Driver proxy active, passing request on via HTTP proxy
[35m[JSONWP Proxy][39m Replacing sessionId cdec9144-ceb6-49fa-98d4-22f073719fbf with 6cfa13ba-9737-47ca-a159-923c6ea821a4
[35m[HTTP][39m [37m<-- GET /wd/hub/session/6cfa13ba-9737-47ca-a159-923c6ea821a4/window/current/size [39m[32m200[39m [90m30 ms - 100[39m
[35m[HTTP][39m [90m[39m
[35m[HTTP][39m [37m-->[39m [37mPOST[39m [37m/wd/hub/session/6cfa13ba-9737-47ca-a159-923c6ea821a4/elements[39m
[35m[HTTP][39m [90m{"using":"-android uiautomator","value":"new UiSelector().className(\"android.widget.TextView\").text(\"Scelti per te questa settimana\").resourceId(\"it.sky.msa:id/categoryTitle\").instance(6)"}[39m
[35m[HTTP][39m [37m<-- POST /wd/hub/session/6cfa13ba-9737-47ca-a159-923c6ea821a4/elements [39m[32m200[39m [90m977 ms - 124[39m
[35m[HTTP][39m [90m[39m
[35m[HTTP][39m [37m-->[39m [37mGET[39m [37m/wd/hub/session/6cfa13ba-9737-47ca-a159-923c6ea821a4[39m
[35m[HTTP][39m [90m{}[39m
[35m[HTTP][39m [37m<-- GET /wd/hub/session/6cfa13ba-9737-47ca-a159-923c6ea821a4 [39m[32m200[39m [90m37 ms - 1133[39m
[35m[HTTP][39m [90m[39m
[35m[HTTP][39m [37m-->[39m [37mGET[39m [37m/wd/hub/session/6cfa13ba-9737-47ca-a159-923c6ea821a4[39m
[35m[HTTP][39m [90m{}[39m
[35m[HTTP][39m [37m<-- GET /wd/hub/session/6cfa13ba-9737-47ca-a159-923c6ea821a4 [39m[32m200[39m [90m26 ms - 1133[39m
[35m[HTTP][39m [90m[39m
[35m[HTTP][39m [37m-->[39m [37mGET[39m [37m/wd/hub/session/6cfa13ba-9737-47ca-a159-923c6ea821a4[39m
[35m[HTTP][39m [90m{}[39m
[35m[HTTP][39m [37m<-- GET /wd/hub/session/6cfa13ba-9737-47ca-a159-923c6ea821a4 [39m[32m200[39m [90m25 ms - 1133[39m
[35m[HTTP][39m [90m[39m
[35m[HTTP][39m [37m-->[39m [37mGET[39m [37m/wd/hub/session/6cfa13ba-9737-47ca-a159-923c6ea821a4[39m
[35m[HTTP][39m [90m{}[39m
[35m[HTTP][39m [37m<-- GET /wd/hub/session/6cfa13ba-9737-47ca-a159-923c6ea821a4 [39m[32m200[39m [90m24 ms - 1133[39m
[35m[HTTP][39m [90m[39m
[35m[HTTP][39m [37m-->[39m [37mGET[39m [37m/wd/hub/session/6cfa13ba-9737-47ca-a159-923c6ea821a4/element/8d8f50d5-3761-40f3-8422-92807c69178c/location[39m
[35m[HTTP][39m [90m{}[39m
[35m[W3C][39m Driver proxy active, passing request on via HTTP proxy
[35m[JSONWP Proxy][39m Replacing sessionId cdec9144-ceb6-49fa-98d4-22f073719fbf with 6cfa13ba-9737-47ca-a159-923c6ea821a4
[35m[HTTP][39m [37m<-- GET /wd/hub/session/6cfa13ba-9737-47ca-a159-923c6ea821a4/element/8d8f50d5-3761-40f3-8422-92807c69178c/location [39m[32m200[39m [90m57 ms - 89[39m
[35m[HTTP][39m [90m[39m
[35m[HTTP][39m [37m-->[39m [37mGET[39m [37m/wd/hub/session/6cfa13ba-9737-47ca-a159-923c6ea821a4/element/8d8f50d5-3761-40f3-8422-92807c69178c/text[39m
[35m[HTTP][39m [90m{}[39m
[35m[W3C][39m Driver proxy active, passing request on via HTTP proxy
[35m[JSONWP Proxy][39m Replacing sessionId cdec9144-ceb6-49fa-98d4-22f073719fbf with 6cfa13ba-9737-47ca-a159-923c6ea821a4
[35m[HTTP][39m [37m<-- GET /wd/hub/session/6cfa13ba-9737-47ca-a159-923c6ea821a4/element/8d8f50d5-3761-40f3-8422-92807c69178c/text [39m[32m200[39m [90m66 ms - 104[39m
[35m[HTTP][39m [90m[39m
[35m[HTTP][39m [37m-->[39m [37mGET[39m [37m/wd/hub/session/6cfa13ba-9737-47ca-a159-923c6ea821a4/window/current/size[39m
[35m[HTTP][39m [90m{}[39m
[35m[W3C][39m Driver proxy active, passing request on via HTTP proxy
[35m[JSONWP Proxy][39m Replacing sessionId cdec9144-ceb6-49fa-98d4-22f073719fbf with 6cfa13ba-9737-47ca-a159-923c6ea821a4
[35m[HTTP][39m [37m<-- GET /wd/hub/session/6cfa13ba-9737-47ca-a159-923c6ea821a4/window/current/size [39m[32m200[39m [90m36 ms - 100[39m
[35m[HTTP][39m [90m[39m
[35m[HTTP][39m [37m-->[39m [37mPOST[39m [37m/wd/hub/session/6cfa13ba-9737-47ca-a159-923c6ea821a4/elements[39m
[35m[HTTP][39m [90m{"using":"-android uiautomator","value":"new UiSelector().className(\"android.widget.TextView\").text(\"Scelti per te questa settimana\").resourceId(\"it.sky.msa:id/categoryTitle\").instance(6)"}[39m
[35m[HTTP][39m [37m<-- POST /wd/hub/session/6cfa13ba-9737-47ca-a159-923c6ea821a4/elements [39m[32m200[39m [90m118 ms - 124[39m
[35m[HTTP][39m [90m[39m
[35m[HTTP][39m [37m-->[39m [37mGET[39m [37m/wd/hub/session/6cfa13ba-9737-47ca-a159-923c6ea821a4[39m
[35m[HTTP][39m [90m{}[39m
[35m[HTTP][39m [37m<-- GET /wd/hub/session/6cfa13ba-9737-47ca-a159-923c6ea821a4 [39m[32m200[39m [90m31 ms - 1133[39m
[35m[HTTP][39m [90m[39m
[35m[HTTP][39m [37m-->[39m [37mGET[39m [37m/wd/hub/session/6cfa13ba-9737-47ca-a159-923c6ea821a4[39m
[35m[HTTP][39m [90m{}[39m
[35m[HTTP][39m [37m<-- GET /wd/hub/session/6cfa13ba-9737-47ca-a159-923c6ea821a4 [39m[32m200[39m [90m32 ms - 1133[39m
[35m[HTTP][39m [90m[39m
[35m[HTTP][39m [37m-->[39m [37mGET[39m [37m/wd/hub/session/6cfa13ba-9737-47ca-a159-923c6ea821a4[39m
[35m[HTTP][39m [90m{}[39m
[35m[HTTP][39m [37m<-- GET /wd/hub/session/6cfa13ba-9737-47ca-a159-923c6ea821a4 [39m[32m200[39m [90m29 ms - 1133[39m
[35m[HTTP][39m [90m[39m
[35m[HTTP][39m [37m-->[39m [37mGET[39m [37m/wd/hub/session/6cfa13ba-9737-47ca-a159-923c6ea821a4[39m
[35m[HTTP][39m [90m{}[39m
[35m[HTTP][39m [37m<-- GET /wd/hub/session/6cfa13ba-9737-47ca-a159-923c6ea821a4 [39m[32m200[39m [90m29 ms - 1133[39m
[35m[HTTP][39m [90m[39m
[35m[HTTP][39m [37m-->[39m [37mGET[39m [37m/wd/hub/session/6cfa13ba-9737-47ca-a159-923c6ea821a4/element/6b4b3fdd-3954-4918-8fd8-5ddf837e5a17/location[39m
[35m[HTTP][39m [90m{}[39m
[35m[W3C][39m Driver proxy active, passing request on via HTTP proxy
[35m[JSONWP Proxy][39m Replacing sessionId cdec9144-ceb6-49fa-98d4-22f073719fbf with 6cfa13ba-9737-47ca-a159-923c6ea821a4
[35m[HTTP][39m [37m<-- GET /wd/hub/session/6cfa13ba-9737-47ca-a159-923c6ea821a4/element/6b4b3fdd-3954-4918-8fd8-5ddf837e5a17/location [39m[32m200[39m [90m78 ms - 89[39m
[35m[HTTP][39m [90m[39m
[35m[HTTP][39m [37m-->[39m [37mGET[39m [37m/wd/hub/session/6cfa13ba-9737-47ca-a159-923c6ea821a4/element/6b4b3fdd-3954-4918-8fd8-5ddf837e5a17/text[39m
[35m[HTTP][39m [90m{}[39m
[35m[W3C][39m Driver proxy active, passing request on via HTTP proxy
[35m[JSONWP Proxy][39m Replacing sessionId cdec9144-ceb6-49fa-98d4-22f073719fbf with 6cfa13ba-9737-47ca-a159-923c6ea821a4
[35m[HTTP][39m [37m<-- GET /wd/hub/session/6cfa13ba-9737-47ca-a159-923c6ea821a4/element/6b4b3fdd-3954-4918-8fd8-5ddf837e5a17/text [39m[32m200[39m [90m77 ms - 104[39m
[35m[HTTP][39m [90m[39m
[35m[HTTP][39m [37m-->[39m [37mGET[39m [37m/wd/hub/session/6cfa13ba-9737-47ca-a159-923c6ea821a4/context[39m
[35m[HTTP][39m [90m{}[39m
[35m[HTTP][39m [37m<-- GET /wd/hub/session/6cfa13ba-9737-47ca-a159-923c6ea821a4/context [39m[32m200[39m [90m2 ms - 84[39m
[35m[HTTP][39m [90m[39m
[35m[HTTP][39m [37m-->[39m [37mGET[39m [37m/wd/hub/session/6cfa13ba-9737-47ca-a159-923c6ea821a4/contexts[39m
[35m[HTTP][39m [90m{}[39m
[35m[HTTP][39m [37m<-- GET /wd/hub/session/6cfa13ba-9737-47ca-a159-923c6ea821a4/contexts [39m[32m200[39m [90m96 ms - 86[39m
[35m[HTTP][39m [90m[39m
[35m[HTTP][39m [37m-->[39m [37mPOST[39m [37m/wd/hub/session/6cfa13ba-9737-47ca-a159-923c6ea821a4/context[39m
[35m[HTTP][39m [90m{"name":"NATIVE_APP"}[39m
[35m[HTTP][39m [37m<-- POST /wd/hub/session/6cfa13ba-9737-47ca-a159-923c6ea821a4/context [39m[32m200[39m [90m151 ms - 76[39m
[35m[HTTP][39m [90m[39m
[35m[HTTP][39m [37m-->[39m [37mPOST[39m [37m/wd/hub/session/6cfa13ba-9737-47ca-a159-923c6ea821a4/touch/perform[39m
[35m[HTTP][39m [90m{"actions":[{"action":"press","options":{"x":0,"y":0}},{"action":"wait","options":{"ms":500}},{"action":"moveTo","options":{"x":100,"y":0}}]}[39m
[35m[HTTP][39m [37m<-- POST /wd/hub/session/6cfa13ba-9737-47ca-a159-923c6ea821a4/touch/perform [39m[32m200[39m [90m2139 ms - 76[39m
[35m[HTTP][39m [90m[39m
[35m[HTTP][39m [37m-->[39m [37mPOST[39m [37m/wd/hub/session/6cfa13ba-9737-47ca-a159-923c6ea821a4/context[39m
[35m[HTTP][39m [90m{"name":"NATIVE_APP"}[39m
[35m[HTTP][39m [37m<-- POST /wd/hub/session/6cfa13ba-9737-47ca-a159-923c6ea821a4/context [39m[32m200[39m [90m87 ms - 76[39m
[35m[HTTP][39m [90m[39m
[35m[HTTP][39m [37m-->[39m [37mGET[39m [37m/wd/hub/session/6cfa13ba-9737-47ca-a159-923c6ea821a4/context[39m
[35m[HTTP][39m [90m{}[39m
[35m[HTTP][39m [37m<-- GET /wd/hub/session/6cfa13ba-9737-47ca-a159-923c6ea821a4/context [39m[32m200[39m [90m2 ms - 84[39m
[35m[HTTP][39m [90m[39m
[35m[HTTP][39m [37m-->[39m [37mGET[39m [37m/wd/hub/session/6cfa13ba-9737-47ca-a159-923c6ea821a4/contexts[39m
[35m[HTTP][39m [90m{}[39m
[35m[HTTP][39m [37m<-- GET /wd/hub/session/6cfa13ba-9737-47ca-a159-923c6ea821a4/contexts [39m[32m200[39m [90m196 ms - 86[39m
[35m[HTTP][39m [90m[39m
[35m[HTTP][39m [37m-->[39m [37mPOST[39m [37m/wd/hub/session/6cfa13ba-9737-47ca-a159-923c6ea821a4/context[39m
[35m[HTTP][39m [90m{"name":"NATIVE_APP"}[39m
[35m[HTTP][39m [37m<-- POST /wd/hub/session/6cfa13ba-9737-47ca-a159-923c6ea821a4/context [39m[32m200[39m [90m116 ms - 76[39m
[35m[HTTP][39m [90m[39m
[35m[HTTP][39m [37m-->[39m [37mPOST[39m [37m/wd/hub/session/6cfa13ba-9737-47ca-a159-923c6ea821a4/touch/perform[39m
[35m[HTTP][39m [90m{"actions":[{"action":"press","options":{"x":0,"y":0}},{"action":"wait","options":{"ms":500}},{"action":"moveTo","options":{"x":-100,"y":0}}]}[39m
[35m[HTTP][39m [37m<-- POST /wd/hub/session/6cfa13ba-9737-47ca-a159-923c6ea821a4/touch/perform [39m[32m200[39m [90m2124 ms - 76[39m
[35m[HTTP][39m [90m[39m
[35m[HTTP][39m [37m-->[39m [37mPOST[39m [37m/wd/hub/session/6cfa13ba-9737-47ca-a159-923c6ea821a4/context[39m
[35m[HTTP][39m [90m{"name":"NATIVE_APP"}[39m
[35m[HTTP][39m [37m<-- POST /wd/hub/session/6cfa13ba-9737-47ca-a159-923c6ea821a4/context [39m[32m200[39m [90m84 ms - 76[39m
[35m[HTTP][39m [90m[39m
[35m[HTTP][39m [37m-->[39m [37mGET[39m [37m/wd/hub/session/6cfa13ba-9737-47ca-a159-923c6ea821a4/window/current/size[39m
[35m[HTTP][39m [90m{}[39m
[35m[W3C][39m Driver proxy active, passing request on via HTTP proxy
[35m[JSONWP Proxy][39m Replacing sessionId cdec9144-ceb6-49fa-98d4-22f073719fbf with 6cfa13ba-9737-47ca-a159-923c6ea821a4
[35m[HTTP][39m [37m<-- GET /wd/hub/session/6cfa13ba-9737-47ca-a159-923c6ea821a4/window/current/size [39m[32m200[39m [90m57 ms - 100[39m
[35m[HTTP][39m [90m[39m
[35m[HTTP][39m [37m-->[39m [37mPOST[39m [37m/wd/hub/session/6cfa13ba-9737-47ca-a159-923c6ea821a4/elements[39m
[35m[HTTP][39m [90m{"using":"-android uiautomator","value":"new UiSelector().className(\"android.widget.TextView\").resourceId(\"it.sky.msa:id/categoryTitle\")"}[39m
[35m[HTTP][39m [37m<-- POST /wd/hub/session/6cfa13ba-9737-47ca-a159-923c6ea821a4/elements [39m[32m200[39m [90m138 ms - 124[39m
[35m[HTTP][39m [90m[39m
[35m[HTTP][39m [37m-->[39m [37mGET[39m [37m/wd/hub/session/6cfa13ba-9737-47ca-a159-923c6ea821a4[39m
[35m[HTTP][39m [90m{}[39m
[35m[HTTP][39m [37m<-- GET /wd/hub/session/6cfa13ba-9737-47ca-a159-923c6ea821a4 [39m[32m200[39m [90m25 ms - 1133[39m
[35m[HTTP][39m [90m[39m
[35m[HTTP][39m [37m-->[39m [37mGET[39m [37m/wd/hub/session/6cfa13ba-9737-47ca-a159-923c6ea821a4[39m
[35m[HTTP][39m [90m{}[39m
[35m[HTTP][39m [37m<-- GET /wd/hub/session/6cfa13ba-9737-47ca-a159-923c6ea821a4 [39m[32m200[39m [90m25 ms - 1133[39m
[35m[HTTP][39m [90m[39m
[35m[HTTP][39m [37m-->[39m [37mGET[39m [37m/wd/hub/session/6cfa13ba-9737-47ca-a159-923c6ea821a4[39m
[35m[HTTP][39m [90m{}[39m
[35m[HTTP][39m [37m<-- GET /wd/hub/session/6cfa13ba-9737-47ca-a159-923c6ea821a4 [39m[32m200[39m [90m25 ms - 1133[39m
[35m[HTTP][39m [90m[39m
[35m[HTTP][39m [37m-->[39m [37mGET[39m [37m/wd/hub/session/6cfa13ba-9737-47ca-a159-923c6ea821a4[39m
[35m[HTTP][39m [90m{}[39m
[35m[HTTP][39m [37m<-- GET /wd/hub/session/6cfa13ba-9737-47ca-a159-923c6ea821a4 [39m[32m200[39m [90m24 ms - 1133[39m
[35m[HTTP][39m [90m[39m
[35m[HTTP][39m [37m-->[39m [37mGET[39m [37m/wd/hub/session/6cfa13ba-9737-47ca-a159-923c6ea821a4/element/ae770c12-fc07-408e-98ae-34dcd868c321/location[39m
[35m[HTTP][39m [90m{}[39m
[35m[W3C][39m Driver proxy active, passing request on via HTTP proxy
[35m[JSONWP Proxy][39m Replacing sessionId cdec9144-ceb6-49fa-98d4-22f073719fbf with 6cfa13ba-9737-47ca-a159-923c6ea821a4
[35m[HTTP][39m [37m<-- GET /wd/hub/session/6cfa13ba-9737-47ca-a159-923c6ea821a4/element/ae770c12-fc07-408e-98ae-34dcd868c321/location [39m[32m200[39m [90m56 ms - 89[39m
[35m[HTTP][39m [90m[39m
[35m[HTTP][39m [37m-->[39m [37mGET[39m [37m/wd/hub/session/6cfa13ba-9737-47ca-a159-923c6ea821a4/element/ae770c12-fc07-408e-98ae-34dcd868c321/text[39m
[35m[HTTP][39m [90m{}[39m
[35m[W3C][39m Driver proxy active, passing request on via HTTP proxy
[35m[JSONWP Proxy][39m Replacing sessionId cdec9144-ceb6-49fa-98d4-22f073719fbf with 6cfa13ba-9737-47ca-a159-923c6ea821a4
[35m[HTTP][39m [37m<-- GET /wd/hub/session/6cfa13ba-9737-47ca-a159-923c6ea821a4/element/ae770c12-fc07-408e-98ae-34dcd868c321/text [39m[32m200[39m [90m80 ms - 104[39m
[35m[HTTP][39m [90m[39m
[35m[HTTP][39m [37m-->[39m [37mGET[39m [37m/wd/hub/session/6cfa13ba-9737-47ca-a159-923c6ea821a4/window/current/size[39m
[35m[HTTP][39m [90m{}[39m
[35m[W3C][39m Driver proxy active, passing request on via HTTP proxy
[35m[JSONWP Proxy][39m Replacing sessionId cdec9144-ceb6-49fa-98d4-22f073719fbf with 6cfa13ba-9737-47ca-a159-923c6ea821a4
[35m[HTTP][39m [37m<-- GET /wd/hub/session/6cfa13ba-9737-47ca-a159-923c6ea821a4/window/current/size [39m[32m200[39m [90m42 ms - 100[39m
[35m[HTTP][39m [90m[39m
[35m[HTTP][39m [37m-->[39m [37mPOST[39m [37m/wd/hub/session/6cfa13ba-9737-47ca-a159-923c6ea821a4/elements[39m
[35m[HTTP][39m [90m{"using":"-android uiautomator","value":"new UiSelector().className(\"android.widget.Button\").text(\"Vedi tutti\").resourceId(\"it.sky.msa:id/showAllCategoryButton\").instance(0)"}[39m
[35m[HTTP][39m [37m<-- POST /wd/hub/session/6cfa13ba-9737-47ca-a159-923c6ea821a4/elements [39m[32m200[39m [90m129 ms - 124[39m
[35m[HTTP][39m [90m[39m
[35m[HTTP][39m [37m-->[39m [37mGET[39m [37m/wd/hub/session/6cfa13ba-9737-47ca-a159-923c6ea821a4[39m
[35m[HTTP][39m [90m{}[39m
[35m[HTTP][39m [37m<-- GET /wd/hub/session/6cfa13ba-9737-47ca-a159-923c6ea821a4 [39m[32m200[39m [90m25 ms - 1133[39m
[35m[HTTP][39m [90m[39m
[35m[HTTP][39m [37m-->[39m [37mGET[39m [37m/wd/hub/session/6cfa13ba-9737-47ca-a159-923c6ea821a4[39m
[35m[HTTP][39m [90m{}[39m
[35m[HTTP][39m [37m<-- GET /wd/hub/session/6cfa13ba-9737-47ca-a159-923c6ea821a4 [39m[32m200[39m [90m21 ms - 1133[39m
[35m[HTTP][39m [90m[39m
[35m[HTTP][39m [37m-->[39m [37mGET[39m [37m/wd/hub/session/6cfa13ba-9737-47ca-a159-923c6ea821a4[39m
[35m[HTTP][39m [90m{}[39m
[35m[HTTP][39m [37m<-- GET /wd/hub/session/6cfa13ba-9737-47ca-a159-923c6ea821a4 [39m[32m200[39m [90m23 ms - 1133[39m
[35m[HTTP][39m [90m[39m
[35m[HTTP][39m [37m-->[39m [37mGET[39m [37m/wd/hub/session/6cfa13ba-9737-47ca-a159-923c6ea821a4[39m
[35m[HTTP][39m [90m{}[39m
[35m[HTTP][39m [37m<-- GET /wd/hub/session/6cfa13ba-9737-47ca-a159-923c6ea821a4 [39m[32m200[39m [90m23 ms - 1133[39m
[35m[HTTP][39m [90m[39m
[35m[HTTP][39m [37m-->[39m [37mGET[39m [37m/wd/hub/session/6cfa13ba-9737-47ca-a159-923c6ea821a4/element/badb9213-eea3-4d81-8726-677544f370d9/location[39m
[35m[HTTP][39m [90m{}[39m
[35m[W3C][39m Driver proxy active, passing request on via HTTP proxy
[35m[JSONWP Proxy][39m Replacing sessionId cdec9144-ceb6-49fa-98d4-22f073719fbf with 6cfa13ba-9737-47ca-a159-923c6ea821a4
[35m[HTTP][39m [37m<-- GET /wd/hub/session/6cfa13ba-9737-47ca-a159-923c6ea821a4/element/badb9213-eea3-4d81-8726-677544f370d9/location [39m[32m200[39m [90m53 ms - 90[39m
[35m[HTTP][39m [90m[39m
[35m[HTTP][39m [37m-->[39m [37mPOST[39m [37m/wd/hub/session/6cfa13ba-9737-47ca-a159-923c6ea821a4/touch/perform[39m
[35m[HTTP][39m [90m{"actions":[{"action":"tap","options":{"element":"badb9213-eea3-4d81-8726-677544f370d9","x":1,"y":1}}]}[39m
[35m[UiAutomator2][39m calling get location: badb9213-eea3-4d81-8726-677544f370d9
[35m[HTTP][39m [37m<-- POST /wd/hub/session/6cfa13ba-9737-47ca-a159-923c6ea821a4/touch/perform [39m[32m200[39m [90m965 ms - 76[39m
[35m[HTTP][39m [90m[39m
[35m[HTTP][39m [37m-->[39m [37mGET[39m [37m/wd/hub/session/6cfa13ba-9737-47ca-a159-923c6ea821a4/window/current/size[39m
[35m[HTTP][39m [90m{}[39m
[35m[W3C][39m Driver proxy active, passing request on via HTTP proxy
[35m[JSONWP Proxy][39m Replacing sessionId cdec9144-ceb6-49fa-98d4-22f073719fbf with 6cfa13ba-9737-47ca-a159-923c6ea821a4
[35m[HTTP][39m [37m<-- GET /wd/hub/session/6cfa13ba-9737-47ca-a159-923c6ea821a4/window/current/size [39m[32m200[39m [90m54 ms - 100[39m
[35m[HTTP][39m [90m[39m
[35m[HTTP][39m [37m-->[39m [37mPOST[39m [37m/wd/hub/session/6cfa13ba-9737-47ca-a159-923c6ea821a4/elements[39m
[35m[HTTP][39m [90m{"using":"-android uiautomator","value":"new UiSelector().className(\"android.widget.TextView\").resourceId(\"it.sky.msa:id/toolbarTitle\")"}[39m
[35m[HTTP][39m [37m<-- POST /wd/hub/session/6cfa13ba-9737-47ca-a159-923c6ea821a4/elements [39m[32m200[39m [90m104 ms - 124[39m
[35m[HTTP][39m [90m[39m
[35m[HTTP][39m [37m-->[39m [37mGET[39m [37m/wd/hub/session/6cfa13ba-9737-47ca-a159-923c6ea821a4[39m
[35m[HTTP][39m [90m{}[39m
[35m[HTTP][39m [37m<-- GET /wd/hub/session/6cfa13ba-9737-47ca-a159-923c6ea821a4 [39m[32m200[39m [90m25 ms - 1133[39m
[35m[HTTP][39m [90m[39m
[35m[HTTP][39m [37m-->[39m [37mGET[39m [37m/wd/hub/session/6cfa13ba-9737-47ca-a159-923c6ea821a4[39m
[35m[HTTP][39m [90m{}[39m
[35m[HTTP][39m [37m<-- GET /wd/hub/session/6cfa13ba-9737-47ca-a159-923c6ea821a4 [39m[32m200[39m [90m24 ms - 1133[39m
[35m[HTTP][39m [90m[39m
[35m[HTTP][39m [37m-->[39m [37mGET[39m [37m/wd/hub/session/6cfa13ba-9737-47ca-a159-923c6ea821a4[39m
[35m[HTTP][39m [90m{}[39m
[35m[HTTP][39m [37m<-- GET /wd/hub/session/6cfa13ba-9737-47ca-a159-923c6ea821a4 [39m[32m200[39m [90m36 ms - 1133[39m
[35m[HTTP][39m [90m[39m
[35m[HTTP][39m [37m-->[39m [37mGET[39m [37m/wd/hub/session/6cfa13ba-9737-47ca-a159-923c6ea821a4[39m
[35m[HTTP][39m [90m{}[39m
[35m[HTTP][39m [37m<-- GET /wd/hub/session/6cfa13ba-9737-47ca-a159-923c6ea821a4 [39m[32m200[39m [90m27 ms - 1133[39m
[35m[HTTP][39m [90m[39m
[35m[HTTP][39m [37m-->[39m [37mGET[39m [37m/wd/hub/session/6cfa13ba-9737-47ca-a159-923c6ea821a4/element/04a12204-0339-43c8-a1f1-49c0d34313fa/location[39m
[35m[HTTP][39m [90m{}[39m
[35m[W3C][39m Driver proxy active, passing request on via HTTP proxy
[35m[JSONWP Proxy][39m Replacing sessionId cdec9144-ceb6-49fa-98d4-22f073719fbf with 6cfa13ba-9737-47ca-a159-923c6ea821a4
[35m[HTTP][39m [37m<-- GET /wd/hub/session/6cfa13ba-9737-47ca-a159-923c6ea821a4/element/04a12204-0339-43c8-a1f1-49c0d34313fa/location [39m[32m200[39m [90m44 ms - 89[39m
[35m[HTTP][39m [90m[39m
[35m[HTTP][39m [37m-->[39m [37mGET[39m [37m/wd/hub/session/6cfa13ba-9737-47ca-a159-923c6ea821a4/element/04a12204-0339-43c8-a1f1-49c0d34313fa/text[39m
[35m[HTTP][39m [90m{}[39m
[35m[W3C][39m Driver proxy active, passing request on via HTTP proxy
[35m[JSONWP Proxy][39m Replacing sessionId cdec9144-ceb6-49fa-98d4-22f073719fbf with 6cfa13ba-9737-47ca-a159-923c6ea821a4
[35m[HTTP][39m [37m<-- GET /wd/hub/session/6cfa13ba-9737-47ca-a159-923c6ea821a4/element/04a12204-0339-43c8-a1f1-49c0d34313fa/text [39m[32m200[39m [90m60 ms - 104[39m
[35m[HTTP][39m [90m[39m
[35m[HTTP][39m [37m-->[39m [37mGET[39m [37m/wd/hub/session/6cfa13ba-9737-47ca-a159-923c6ea821a4/window/current/size[39m
[35m[HTTP][39m [90m{}[39m
[35m[W3C][39m Driver proxy active, passing request on via HTTP proxy
[35m[JSONWP Proxy][39m Replacing sessionId cdec9144-ceb6-49fa-98d4-22f073719fbf with 6cfa13ba-9737-47ca-a159-923c6ea821a4
[35m[HTTP][39m [37m<-- GET /wd/hub/session/6cfa13ba-9737-47ca-a159-923c6ea821a4/window/current/size [39m[32m200[39m [90m50 ms - 100[39m
[35m[HTTP][39m [90m[39m
[35m[HTTP][39m [37m-->[39m [37mPOST[39m [37m/wd/hub/session/6cfa13ba-9737-47ca-a159-923c6ea821a4/elements[39m
[35m[HTTP][39m [90m{"using":"-android uiautomator","value":"new UiSelector().className(\"android.widget.ImageButton\").instance(0)"}[39m
[35m[HTTP][39m [37m<-- POST /wd/hub/session/6cfa13ba-9737-47ca-a159-923c6ea821a4/elements [39m[32m200[39m [90m406 ms - 124[39m
[35m[HTTP][39m [90m[39m
[35m[HTTP][39m [37m-->[39m [37mGET[39m [37m/wd/hub/session/6cfa13ba-9737-47ca-a159-923c6ea821a4[39m
[35m[HTTP][39m [90m{}[39m
[35m[HTTP][39m [37m<-- GET /wd/hub/session/6cfa13ba-9737-47ca-a159-923c6ea821a4 [39m[32m200[39m [90m29 ms - 1133[39m
[35m[HTTP][39m [90m[39m
[35m[HTTP][39m [37m-->[39m [37mGET[39m [37m/wd/hub/session/6cfa13ba-9737-47ca-a159-923c6ea821a4[39m
[35m[HTTP][39m [90m{}[39m
[35m[HTTP][39m [37m<-- GET /wd/hub/session/6cfa13ba-9737-47ca-a159-923c6ea821a4 [39m[32m200[39m [90m27 ms - 1133[39m
[35m[HTTP][39m [90m[39m
[35m[HTTP][39m [37m-->[39m [37mGET[39m [37m/wd/hub/session/6cfa13ba-9737-47ca-a159-923c6ea821a4[39m
[35m[HTTP][39m [90m{}[39m
[35m[HTTP][39m [37m<-- GET /wd/hub/session/6cfa13ba-9737-47ca-a159-923c6ea821a4 [39m[32m200[39m [90m24 ms - 1133[39m
[35m[HTTP][39m [90m[39m
[35m[HTTP][39m [37m-->[39m [37mGET[39m [37m/wd/hub/session/6cfa13ba-9737-47ca-a159-923c6ea821a4[39m
[35m[HTTP][39m [90m{}[39m
[35m[HTTP][39m [37m<-- GET /wd/hub/session/6cfa13ba-9737-47ca-a159-923c6ea821a4 [39m[32m200[39m [90m33 ms - 1133[39m
[35m[HTTP][39m [90m[39m
[35m[HTTP][39m [37m-->[39m [37mGET[39m [37m/wd/hub/session/6cfa13ba-9737-47ca-a159-923c6ea821a4/element/52e2efeb-5a2e-4840-b5fd-e03a537a68ab/location[39m
[35m[HTTP][39m [90m{}[39m
[35m[W3C][39m Driver proxy active, passing request on via HTTP proxy
[35m[JSONWP Proxy][39m Replacing sessionId cdec9144-ceb6-49fa-98d4-22f073719fbf with 6cfa13ba-9737-47ca-a159-923c6ea821a4
[35m[HTTP][39m [37m<-- GET /wd/hub/session/6cfa13ba-9737-47ca-a159-923c6ea821a4/element/52e2efeb-5a2e-4840-b5fd-e03a537a68ab/location [39m[32m200[39m [90m51 ms - 86[39m
[35m[HTTP][39m [90m[39m
[35m[HTTP][39m [37m-->[39m [37mPOST[39m [37m/wd/hub/session/6cfa13ba-9737-47ca-a159-923c6ea821a4/touch/perform[39m
[35m[HTTP][39m [90m{"actions":[{"action":"tap","options":{"element":"52e2efeb-5a2e-4840-b5fd-e03a537a68ab","x":1,"y":1}}]}[39m
[35m[UiAutomator2][39m calling get location: 52e2efeb-5a2e-4840-b5fd-e03a537a68ab
[35m[HTTP][39m [37m<-- POST /wd/hub/session/6cfa13ba-9737-47ca-a159-923c6ea821a4/touch/perform [39m[32m200[39m [90m938 ms - 76[39m
[35m[HTTP][39m [90m[39m
[35m[HTTP][39m [37m-->[39m [37mDELETE[39m [37m/wd/hub/session/6cfa13ba-9737-47ca-a159-923c6ea821a4[39m
[35m[HTTP][39m [90m{}[39m
[35m[Appium][39m Removing session 6cfa13ba-9737-47ca-a159-923c6ea821a4 from our master session list
[35m[HTTP][39m [37m<-- DELETE /wd/hub/session/6cfa13ba-9737-47ca-a159-923c6ea821a4 [39m[32m200[39m [90m283 ms - 76[39m
[35m[HTTP][39m [90m[39m
