[35m[Appium][39m Welcome to Appium v1.8.1
[35m[Appium][39m Non-default server args:
[35m[Appium][39m   port: 61541
[35m[Appium][39m   loglevel: info
[35m[Appium][39m   chromeDriverPort: 61542
[35m[Appium][39m   tmpDir: C:\Users\marco\AppData\Local\Temp\\Katalon\Appium\Temp1551278145058
[35m[Appium][39m Appium REST http interface listener started on 0.0.0.0:61541
[35m[HTTP][39m [37m-->[39m [37mGET[39m [37m/wd/hub/status[39m
[35m[HTTP][39m [90m{}[39m
[35m[HTTP][39m [37m<-- GET /wd/hub/status [39m[32m200[39m [90m49 ms - 83[39m
[35m[HTTP][39m [90m[39m
[35m[HTTP][39m [37m-->[39m [37mPOST[39m [37m/wd/hub/session[39m
[35m[HTTP][39m [90m{"desiredCapabilities":{"app":"C:\\Users\\MSA-testautomation\\59.apk","autoGrantPermissions":true,"automationName":"uiautomator2","deviceName":"samsung SM-G935F (Android 8.0.0)","fullReset":false,"newCommandTimeout":1800,"noReset":true,"platform":"ANDROID","platformName":"Android","udid":"9885f7504651473733"},"capabilities":{"desiredCapabilities":{"app":"C:\\Users\\MSA-testautomation\\59.apk","autoGrantPermissions":true,"automationName":"uiautomator2","deviceName":"samsung SM-G935F (Android 8.0.0)","fullReset":false,"newCommandTimeout":1800,"noReset":true,"platform":"ANDROID","platformName":"Android","udid":"9885f7504651473733"},"firstMatch":[{"platformName":"android"}]}}[39m
[35m[Appium][39m Could not parse W3C capabilities: 'deviceName' can't be blank. Falling back to JSONWP protocol.
[35m[Appium][39m The following capabilities were provided in the JSONWP desired capabilities that are missing in W3C capabilities: ["app","autoGrantPermissions","automationName","deviceName","fullReset","newCommandTimeout","noReset","platform","platformName","udid"]. Falling back to JSONWP protocol.
[35m[Appium][39m Creating new AndroidUiautomator2Driver (v1.12.0) session
[35m[Appium][39m Capabilities:
[35m[Appium][39m   app: C:\Users\MSA-testautomation\59.apk
[35m[Appium][39m   autoGrantPermissions: true
[35m[Appium][39m   automationName: uiautomator2
[35m[Appium][39m   deviceName: samsung SM-G935F (Android 8.0.0)
[35m[Appium][39m   fullReset: false
[35m[Appium][39m   newCommandTimeout: 1800
[35m[Appium][39m   noReset: true
[35m[Appium][39m   platform: ANDROID
[35m[Appium][39m   platformName: Android
[35m[Appium][39m   udid: 9885f7504651473733
[35m[BaseDriver][39m The following capabilities were provided, but are not recognized by appium: platform.
[35m[BaseDriver][39m Session created with session id: d14f4b32-fd56-4fb9-bc17-02481a91337d
[35m[BaseDriver][39m Using local app 'C:\Users\MSA-testautomation\59.apk'
[35m[AndroidDriver][39m Java version is: 1.8.0_181
[35m[ADB][39m Checking whether adb is present
[35m[ADB][39m Found 1 'build-tools' folders under 'C:\Users\marco\.katalon\tools\android_sdk' (newest first):
[35m[ADB][39m     C:/Users/marco/.katalon/tools/android_sdk/build-tools/28.0.3
[35m[ADB][39m Using adb.exe from C:\Users\marco\.katalon\tools\android_sdk\platform-tools\adb.exe
[35m[AndroidDriver][39m Retrieving device list
[35m[AndroidDriver][39m Using device: 9885f7504651473733
[35m[ADB][39m Using the alternative activity name detection method because of: Could not find apkanalyzer.bat in C:\Users\marco\.katalon\tools\android_sdk\platform-tools\apkanalyzer.bat,C:\Users\marco\.katalon\tools\android_sdk\emulator\apkanalyzer.bat,C:\Users\marco\.katalon\tools\android_sdk\tools\apkanalyzer.bat,C:\Users\marco\.katalon\tools\android_sdk\tools\bin\apkanalyzer.bat,C:\Users\marco\.katalon\tools\android_sdk\build-tools\28.0.3\apkanalyzer.bat. Do you have the Android SDK installed at 'C:\Users\marco\.katalon\tools\android_sdk'?
[35m[ADB][39m Checking whether aapt is present
[35m[ADB][39m Using aapt.exe from C:\Users\marco\.katalon\tools\android_sdk\build-tools\28.0.3\aapt.exe
[35m[ADB][39m Extracting package and launch activity from manifest
[35m[ADB][39m Package name: 'it.sky.msa'
[35m[ADB][39m Main activity name: 'it.sky.msa.welcome.SplashActivity'
[35m[ADB][39m Getting device platform version
[35m[ADB][39m Using apksigner.bat from C:\Users\marco\.katalon\tools\android_sdk\build-tools\28.0.3\apksigner.bat
[35m[ADB][39m Checking whether zipalign is present
[35m[ADB][39m Using zipalign.exe from C:\Users\marco\.katalon\tools\android_sdk\build-tools\28.0.3\zipalign.exe
[35m[ADB][39m io.appium.uiautomator2.server was successfully uninstalled
[35m[ADB][39m io.appium.uiautomator2.server.test was successfully uninstalled
[35m[AndroidDriver][39m setDeviceLanguageCountry requires language or country.
[35m[AndroidDriver][39m Got language: 'null' and country: 'null'
[35m[ADB][39m Successfully extracted 218 strings from 'C:\Users\MSA-testautomation\59.apk' resources for '(default)' configuration
[35m[UiAutomator2][39m Starting uiautomator2 server 1.12.0
[35m[UiAutomator2][39m Using UIAutomator2 server from 'C:\Users\marco\AppData\Roaming\npm\node_modules\appium\node_modules\appium-uiautomator2-server\apks\appium-uiautomator2-server-v1.12.0.apk' and test from 'C:\Users\marco\AppData\Roaming\npm\node_modules\appium\node_modules\appium-uiautomator2-server\apks\appium-uiautomator2-server-debug-androidTest.apk'
[35m[UiAutomator2][39m Running command: 'adb -s 9885f7504651473733 shell am instrument -w io.appium.uiautomator2.server.test/android.support.test.runner.AndroidJUnitRunner'
[35m[UiAutomator2][39m Waiting up to 20000ms for UiAutomator2 to be online...
[35m[AndroidDriver][39m Screen already unlocked, doing nothing
[35m[UiAutomator2][39m UiAutomator2 did not start the activity we were waiting for, 'it.sky.msa/it.sky.msa.welcome.SplashActivity'. Starting it ourselves
[35m[Appium][39m New AndroidUiautomator2Driver session created successfully, session d14f4b32-fd56-4fb9-bc17-02481a91337d added to master session list
[35m[HTTP][39m [37m<-- POST /wd/hub/session [39m[32m200[39m [90m21022 ms - 1133[39m
[35m[HTTP][39m [90m[39m
[35m[HTTP][39m [37m-->[39m [37mGET[39m [37m/wd/hub/status[39m
[35m[HTTP][39m [90m{}[39m
[35m[HTTP][39m [37m<-- GET /wd/hub/status [39m[32m200[39m [90m46 ms - 55[39m
[35m[HTTP][39m [90m[39m
[35m[HTTP][39m [37m-->[39m [37mPOST[39m [37m/wd/hub/session/d14f4b32-fd56-4fb9-bc17-02481a91337d/timeouts[39m
[35m[HTTP][39m [90m{"type":"implicit","ms":60000}[39m
[35m[HTTP][39m [37m<-- POST /wd/hub/session/d14f4b32-fd56-4fb9-bc17-02481a91337d/timeouts [39m[33m400[39m [90m17 ms - 5204[39m
[35m[HTTP][39m [90m[39m
[35m[HTTP][39m [37m-->[39m [37mGET[39m [37m/wd/hub/session/d14f4b32-fd56-4fb9-bc17-02481a91337d/window/current/size[39m
[35m[HTTP][39m [90m{}[39m
[35m[W3C][39m Driver proxy active, passing request on via HTTP proxy
[35m[JSONWP Proxy][39m Replacing sessionId 4cb83cf9-b6d4-4a7e-865d-0a6dbb376870 with d14f4b32-fd56-4fb9-bc17-02481a91337d
[35m[HTTP][39m [37m<-- GET /wd/hub/session/d14f4b32-fd56-4fb9-bc17-02481a91337d/window/current/size [39m[32m200[39m [90m45 ms - 100[39m
[35m[HTTP][39m [90m[39m
[35m[HTTP][39m [37m-->[39m [37mPOST[39m [37m/wd/hub/session/d14f4b32-fd56-4fb9-bc17-02481a91337d/elements[39m
[35m[HTTP][39m [90m{"using":"-android uiautomator","value":"new UiSelector().className(\"android.widget.TextView\").text(\"Home\").resourceId(\"it.sky.msa:id/title\").instance(4)"}[39m
[35m[HTTP][39m [37m<-- POST /wd/hub/session/d14f4b32-fd56-4fb9-bc17-02481a91337d/elements [39m[32m200[39m [90m829 ms - 74[39m
[35m[HTTP][39m [90m[39m
[35m[HTTP][39m [37m-->[39m [37mPOST[39m [37m/wd/hub/session/d14f4b32-fd56-4fb9-bc17-02481a91337d/elements[39m
[35m[HTTP][39m [90m{"using":"-android uiautomator","value":"new UiSelector().className(\"android.widget.TextView\").text(\"Home\").resourceId(\"it.sky.msa:id/title\").instance(4)"}[39m
[35m[HTTP][39m [37m<-- POST /wd/hub/session/d14f4b32-fd56-4fb9-bc17-02481a91337d/elements [39m[32m200[39m [90m101 ms - 74[39m
[35m[HTTP][39m [90m[39m
[35m[HTTP][39m [37m-->[39m [37mPOST[39m [37m/wd/hub/session/d14f4b32-fd56-4fb9-bc17-02481a91337d/elements[39m
[35m[HTTP][39m [90m{"using":"-android uiautomator","value":"new UiSelector().className(\"android.widget.TextView\").text(\"Home\").resourceId(\"it.sky.msa:id/title\").instance(4)"}[39m
[35m[HTTP][39m [37m<-- POST /wd/hub/session/d14f4b32-fd56-4fb9-bc17-02481a91337d/elements [39m[32m200[39m [90m61 ms - 74[39m
[35m[HTTP][39m [90m[39m
[35m[HTTP][39m [37m-->[39m [37mPOST[39m [37m/wd/hub/session/d14f4b32-fd56-4fb9-bc17-02481a91337d/elements[39m
[35m[HTTP][39m [90m{"using":"-android uiautomator","value":"new UiSelector().className(\"android.widget.TextView\").text(\"Home\").resourceId(\"it.sky.msa:id/title\").instance(4)"}[39m
[35m[HTTP][39m [37m<-- POST /wd/hub/session/d14f4b32-fd56-4fb9-bc17-02481a91337d/elements [39m[32m200[39m [90m63 ms - 74[39m
[35m[HTTP][39m [90m[39m
[35m[HTTP][39m [37m-->[39m [37mPOST[39m [37m/wd/hub/session/d14f4b32-fd56-4fb9-bc17-02481a91337d/elements[39m
[35m[HTTP][39m [90m{"using":"-android uiautomator","value":"new UiSelector().className(\"android.widget.TextView\").text(\"Home\").resourceId(\"it.sky.msa:id/title\").instance(4)"}[39m
[35m[HTTP][39m [37m<-- POST /wd/hub/session/d14f4b32-fd56-4fb9-bc17-02481a91337d/elements [39m[32m200[39m [90m73 ms - 74[39m
[35m[HTTP][39m [90m[39m
[35m[HTTP][39m [37m-->[39m [37mPOST[39m [37m/wd/hub/session/d14f4b32-fd56-4fb9-bc17-02481a91337d/elements[39m
[35m[HTTP][39m [90m{"using":"-android uiautomator","value":"new UiSelector().className(\"android.widget.TextView\").text(\"Home\").resourceId(\"it.sky.msa:id/title\").instance(4)"}[39m
[35m[HTTP][39m [37m<-- POST /wd/hub/session/d14f4b32-fd56-4fb9-bc17-02481a91337d/elements [39m[32m200[39m [90m68 ms - 74[39m
[35m[HTTP][39m [90m[39m
[35m[HTTP][39m [37m-->[39m [37mPOST[39m [37m/wd/hub/session/d14f4b32-fd56-4fb9-bc17-02481a91337d/elements[39m
[35m[HTTP][39m [90m{"using":"-android uiautomator","value":"new UiSelector().className(\"android.widget.TextView\").text(\"Home\").resourceId(\"it.sky.msa:id/title\").instance(4)"}[39m
[35m[HTTP][39m [37m<-- POST /wd/hub/session/d14f4b32-fd56-4fb9-bc17-02481a91337d/elements [39m[32m200[39m [90m69 ms - 74[39m
[35m[HTTP][39m [90m[39m
[35m[HTTP][39m [37m-->[39m [37mPOST[39m [37m/wd/hub/session/d14f4b32-fd56-4fb9-bc17-02481a91337d/elements[39m
[35m[HTTP][39m [90m{"using":"-android uiautomator","value":"new UiSelector().className(\"android.widget.TextView\").text(\"Home\").resourceId(\"it.sky.msa:id/title\").instance(4)"}[39m
[35m[HTTP][39m [37m<-- POST /wd/hub/session/d14f4b32-fd56-4fb9-bc17-02481a91337d/elements [39m[32m200[39m [90m72 ms - 74[39m
[35m[HTTP][39m [90m[39m
[35m[HTTP][39m [37m-->[39m [37mPOST[39m [37m/wd/hub/session/d14f4b32-fd56-4fb9-bc17-02481a91337d/elements[39m
[35m[HTTP][39m [90m{"using":"-android uiautomator","value":"new UiSelector().className(\"android.widget.TextView\").text(\"Home\").resourceId(\"it.sky.msa:id/title\").instance(4)"}[39m
[35m[HTTP][39m [37m<-- POST /wd/hub/session/d14f4b32-fd56-4fb9-bc17-02481a91337d/elements [39m[32m200[39m [90m52 ms - 74[39m
[35m[HTTP][39m [90m[39m
[35m[HTTP][39m [37m-->[39m [37mPOST[39m [37m/wd/hub/session/d14f4b32-fd56-4fb9-bc17-02481a91337d/elements[39m
[35m[HTTP][39m [90m{"using":"-android uiautomator","value":"new UiSelector().className(\"android.widget.TextView\").text(\"Home\").resourceId(\"it.sky.msa:id/title\").instance(4)"}[39m
[35m[HTTP][39m [37m<-- POST /wd/hub/session/d14f4b32-fd56-4fb9-bc17-02481a91337d/elements [39m[32m200[39m [90m60 ms - 74[39m
[35m[HTTP][39m [90m[39m
[35m[HTTP][39m [37m-->[39m [37mPOST[39m [37m/wd/hub/session/d14f4b32-fd56-4fb9-bc17-02481a91337d/elements[39m
[35m[HTTP][39m [90m{"using":"-android uiautomator","value":"new UiSelector().className(\"android.widget.TextView\").text(\"Home\").resourceId(\"it.sky.msa:id/title\").instance(4)"}[39m
[35m[HTTP][39m [37m<-- POST /wd/hub/session/d14f4b32-fd56-4fb9-bc17-02481a91337d/elements [39m[32m200[39m [90m73 ms - 74[39m
[35m[HTTP][39m [90m[39m
[35m[HTTP][39m [37m-->[39m [37mPOST[39m [37m/wd/hub/session/d14f4b32-fd56-4fb9-bc17-02481a91337d/elements[39m
[35m[HTTP][39m [90m{"using":"-android uiautomator","value":"new UiSelector().className(\"android.widget.TextView\").text(\"Home\").resourceId(\"it.sky.msa:id/title\").instance(4)"}[39m
[35m[HTTP][39m [37m<-- POST /wd/hub/session/d14f4b32-fd56-4fb9-bc17-02481a91337d/elements [39m[32m200[39m [90m83 ms - 74[39m
[35m[HTTP][39m [90m[39m
[35m[HTTP][39m [37m-->[39m [37mPOST[39m [37m/wd/hub/session/d14f4b32-fd56-4fb9-bc17-02481a91337d/elements[39m
[35m[HTTP][39m [90m{"using":"-android uiautomator","value":"new UiSelector().className(\"android.widget.TextView\").text(\"Home\").resourceId(\"it.sky.msa:id/title\").instance(4)"}[39m
[35m[HTTP][39m [37m<-- POST /wd/hub/session/d14f4b32-fd56-4fb9-bc17-02481a91337d/elements [39m[32m200[39m [90m73 ms - 74[39m
[35m[HTTP][39m [90m[39m
[35m[HTTP][39m [37m-->[39m [37mPOST[39m [37m/wd/hub/session/d14f4b32-fd56-4fb9-bc17-02481a91337d/elements[39m
[35m[HTTP][39m [90m{"using":"-android uiautomator","value":"new UiSelector().className(\"android.widget.TextView\").text(\"Home\").resourceId(\"it.sky.msa:id/title\").instance(4)"}[39m
[35m[HTTP][39m [37m<-- POST /wd/hub/session/d14f4b32-fd56-4fb9-bc17-02481a91337d/elements [39m[32m200[39m [90m69 ms - 74[39m
[35m[HTTP][39m [90m[39m
[35m[HTTP][39m [37m-->[39m [37mPOST[39m [37m/wd/hub/session/d14f4b32-fd56-4fb9-bc17-02481a91337d/elements[39m
[35m[HTTP][39m [90m{"using":"-android uiautomator","value":"new UiSelector().className(\"android.widget.TextView\").text(\"Home\").resourceId(\"it.sky.msa:id/title\").instance(4)"}[39m
[35m[HTTP][39m [37m<-- POST /wd/hub/session/d14f4b32-fd56-4fb9-bc17-02481a91337d/elements [39m[32m200[39m [90m66 ms - 74[39m
[35m[HTTP][39m [90m[39m
[35m[HTTP][39m [37m-->[39m [37mPOST[39m [37m/wd/hub/session/d14f4b32-fd56-4fb9-bc17-02481a91337d/elements[39m
[35m[HTTP][39m [90m{"using":"-android uiautomator","value":"new UiSelector().className(\"android.widget.TextView\").text(\"Home\").resourceId(\"it.sky.msa:id/title\").instance(4)"}[39m
[35m[HTTP][39m [37m<-- POST /wd/hub/session/d14f4b32-fd56-4fb9-bc17-02481a91337d/elements [39m[32m200[39m [90m64 ms - 74[39m
[35m[HTTP][39m [90m[39m
[35m[HTTP][39m [37m-->[39m [37mPOST[39m [37m/wd/hub/session/d14f4b32-fd56-4fb9-bc17-02481a91337d/elements[39m
[35m[HTTP][39m [90m{"using":"-android uiautomator","value":"new UiSelector().className(\"android.widget.TextView\").text(\"Home\").resourceId(\"it.sky.msa:id/title\").instance(4)"}[39m
[35m[HTTP][39m [37m<-- POST /wd/hub/session/d14f4b32-fd56-4fb9-bc17-02481a91337d/elements [39m[32m200[39m [90m65 ms - 74[39m
[35m[HTTP][39m [90m[39m
[35m[HTTP][39m [37m-->[39m [37mPOST[39m [37m/wd/hub/session/d14f4b32-fd56-4fb9-bc17-02481a91337d/elements[39m
[35m[HTTP][39m [90m{"using":"-android uiautomator","value":"new UiSelector().className(\"android.widget.TextView\").text(\"Home\").resourceId(\"it.sky.msa:id/title\").instance(4)"}[39m
[35m[HTTP][39m [37m<-- POST /wd/hub/session/d14f4b32-fd56-4fb9-bc17-02481a91337d/elements [39m[32m200[39m [90m71 ms - 74[39m
[35m[HTTP][39m [90m[39m
[35m[HTTP][39m [37m-->[39m [37mPOST[39m [37m/wd/hub/session/d14f4b32-fd56-4fb9-bc17-02481a91337d/elements[39m
[35m[HTTP][39m [90m{"using":"-android uiautomator","value":"new UiSelector().className(\"android.widget.TextView\").text(\"Home\").resourceId(\"it.sky.msa:id/title\").instance(4)"}[39m
[35m[HTTP][39m [37m<-- POST /wd/hub/session/d14f4b32-fd56-4fb9-bc17-02481a91337d/elements [39m[32m200[39m [90m155 ms - 74[39m
[35m[HTTP][39m [90m[39m
[35m[HTTP][39m [37m-->[39m [37mPOST[39m [37m/wd/hub/session/d14f4b32-fd56-4fb9-bc17-02481a91337d/elements[39m
[35m[HTTP][39m [90m{"using":"-android uiautomator","value":"new UiSelector().className(\"android.widget.TextView\").text(\"Home\").resourceId(\"it.sky.msa:id/title\").instance(4)"}[39m
[35m[HTTP][39m [37m<-- POST /wd/hub/session/d14f4b32-fd56-4fb9-bc17-02481a91337d/elements [39m[32m200[39m [90m771 ms - 124[39m
[35m[HTTP][39m [90m[39m
[35m[HTTP][39m [37m-->[39m [37mGET[39m [37m/wd/hub/session/d14f4b32-fd56-4fb9-bc17-02481a91337d[39m
[35m[HTTP][39m [90m{}[39m
[35m[HTTP][39m [37m<-- GET /wd/hub/session/d14f4b32-fd56-4fb9-bc17-02481a91337d [39m[32m200[39m [90m34 ms - 1133[39m
[35m[HTTP][39m [90m[39m
[35m[HTTP][39m [37m-->[39m [37mGET[39m [37m/wd/hub/session/d14f4b32-fd56-4fb9-bc17-02481a91337d[39m
[35m[HTTP][39m [90m{}[39m
[35m[HTTP][39m [37m<-- GET /wd/hub/session/d14f4b32-fd56-4fb9-bc17-02481a91337d [39m[32m200[39m [90m34 ms - 1133[39m
[35m[HTTP][39m [90m[39m
[35m[HTTP][39m [37m-->[39m [37mGET[39m [37m/wd/hub/session/d14f4b32-fd56-4fb9-bc17-02481a91337d[39m
[35m[HTTP][39m [90m{}[39m
[35m[HTTP][39m [37m<-- GET /wd/hub/session/d14f4b32-fd56-4fb9-bc17-02481a91337d [39m[32m200[39m [90m31 ms - 1133[39m
[35m[HTTP][39m [90m[39m
[35m[HTTP][39m [37m-->[39m [37mGET[39m [37m/wd/hub/session/d14f4b32-fd56-4fb9-bc17-02481a91337d[39m
[35m[HTTP][39m [90m{}[39m
[35m[HTTP][39m [37m<-- GET /wd/hub/session/d14f4b32-fd56-4fb9-bc17-02481a91337d [39m[32m200[39m [90m36 ms - 1133[39m
[35m[HTTP][39m [90m[39m
[35m[HTTP][39m [37m-->[39m [37mGET[39m [37m/wd/hub/session/d14f4b32-fd56-4fb9-bc17-02481a91337d/element/7bbd861c-244d-42af-91e8-71a532ee302f/location[39m
[35m[HTTP][39m [90m{}[39m
[35m[W3C][39m Driver proxy active, passing request on via HTTP proxy
[35m[JSONWP Proxy][39m Replacing sessionId 4cb83cf9-b6d4-4a7e-865d-0a6dbb376870 with d14f4b32-fd56-4fb9-bc17-02481a91337d
[35m[HTTP][39m [37m<-- GET /wd/hub/session/d14f4b32-fd56-4fb9-bc17-02481a91337d/element/7bbd861c-244d-42af-91e8-71a532ee302f/location [39m[32m200[39m [90m110 ms - 89[39m
[35m[HTTP][39m [90m[39m
[35m[HTTP][39m [37m-->[39m [37mGET[39m [37m/wd/hub/session/d14f4b32-fd56-4fb9-bc17-02481a91337d/window/current/size[39m
[35m[HTTP][39m [90m{}[39m
[35m[W3C][39m Driver proxy active, passing request on via HTTP proxy
[35m[JSONWP Proxy][39m Replacing sessionId 4cb83cf9-b6d4-4a7e-865d-0a6dbb376870 with d14f4b32-fd56-4fb9-bc17-02481a91337d
[35m[HTTP][39m [37m<-- GET /wd/hub/session/d14f4b32-fd56-4fb9-bc17-02481a91337d/window/current/size [39m[32m200[39m [90m37 ms - 100[39m
[35m[HTTP][39m [90m[39m
[35m[HTTP][39m [37m-->[39m [37mPOST[39m [37m/wd/hub/session/d14f4b32-fd56-4fb9-bc17-02481a91337d/elements[39m
[35m[HTTP][39m [90m{"using":"-android uiautomator","value":"new UiSelector().className(\"android.widget.TextView\").text(\"Guida TV\").resourceId(\"it.sky.msa:id/title\").instance(5)"}[39m
[35m[HTTP][39m [37m<-- POST /wd/hub/session/d14f4b32-fd56-4fb9-bc17-02481a91337d/elements [39m[32m200[39m [90m137 ms - 124[39m
[35m[HTTP][39m [90m[39m
[35m[HTTP][39m [37m-->[39m [37mGET[39m [37m/wd/hub/session/d14f4b32-fd56-4fb9-bc17-02481a91337d[39m
[35m[HTTP][39m [90m{}[39m
[35m[HTTP][39m [37m<-- GET /wd/hub/session/d14f4b32-fd56-4fb9-bc17-02481a91337d [39m[32m200[39m [90m28 ms - 1133[39m
[35m[HTTP][39m [90m[39m
[35m[HTTP][39m [37m-->[39m [37mGET[39m [37m/wd/hub/session/d14f4b32-fd56-4fb9-bc17-02481a91337d[39m
[35m[HTTP][39m [90m{}[39m
[35m[HTTP][39m [37m<-- GET /wd/hub/session/d14f4b32-fd56-4fb9-bc17-02481a91337d [39m[32m200[39m [90m29 ms - 1133[39m
[35m[HTTP][39m [90m[39m
[35m[HTTP][39m [37m-->[39m [37mGET[39m [37m/wd/hub/session/d14f4b32-fd56-4fb9-bc17-02481a91337d[39m
[35m[HTTP][39m [90m{}[39m
[35m[HTTP][39m [37m<-- GET /wd/hub/session/d14f4b32-fd56-4fb9-bc17-02481a91337d [39m[32m200[39m [90m25 ms - 1133[39m
[35m[HTTP][39m [90m[39m
[35m[HTTP][39m [37m-->[39m [37mGET[39m [37m/wd/hub/session/d14f4b32-fd56-4fb9-bc17-02481a91337d[39m
[35m[HTTP][39m [90m{}[39m
[35m[HTTP][39m [37m<-- GET /wd/hub/session/d14f4b32-fd56-4fb9-bc17-02481a91337d [39m[32m200[39m [90m26 ms - 1133[39m
[35m[HTTP][39m [90m[39m
[35m[HTTP][39m [37m-->[39m [37mGET[39m [37m/wd/hub/session/d14f4b32-fd56-4fb9-bc17-02481a91337d/element/2fbbb8b1-15b0-43bf-9e53-d610b54648b4/location[39m
[35m[HTTP][39m [90m{}[39m
[35m[W3C][39m Driver proxy active, passing request on via HTTP proxy
[35m[JSONWP Proxy][39m Replacing sessionId 4cb83cf9-b6d4-4a7e-865d-0a6dbb376870 with d14f4b32-fd56-4fb9-bc17-02481a91337d
[35m[HTTP][39m [37m<-- GET /wd/hub/session/d14f4b32-fd56-4fb9-bc17-02481a91337d/element/2fbbb8b1-15b0-43bf-9e53-d610b54648b4/location [39m[32m200[39m [90m66 ms - 90[39m
[35m[HTTP][39m [90m[39m
[35m[HTTP][39m [37m-->[39m [37mPOST[39m [37m/wd/hub/session/d14f4b32-fd56-4fb9-bc17-02481a91337d/touch/perform[39m
[35m[HTTP][39m [90m{"actions":[{"action":"tap","options":{"element":"2fbbb8b1-15b0-43bf-9e53-d610b54648b4","x":1,"y":1}}]}[39m
[35m[UiAutomator2][39m calling get location: 2fbbb8b1-15b0-43bf-9e53-d610b54648b4
[35m[HTTP][39m [37m<-- POST /wd/hub/session/d14f4b32-fd56-4fb9-bc17-02481a91337d/touch/perform [39m[32m200[39m [90m1164 ms - 76[39m
[35m[HTTP][39m [90m[39m
[35m[HTTP][39m [37m-->[39m [37mGET[39m [37m/wd/hub/session/d14f4b32-fd56-4fb9-bc17-02481a91337d/window/current/size[39m
[35m[HTTP][39m [90m{}[39m
[35m[W3C][39m Driver proxy active, passing request on via HTTP proxy
[35m[JSONWP Proxy][39m Replacing sessionId 4cb83cf9-b6d4-4a7e-865d-0a6dbb376870 with d14f4b32-fd56-4fb9-bc17-02481a91337d
[35m[HTTP][39m [37m<-- GET /wd/hub/session/d14f4b32-fd56-4fb9-bc17-02481a91337d/window/current/size [39m[32m200[39m [90m51 ms - 100[39m
[35m[HTTP][39m [90m[39m
[35m[HTTP][39m [37m-->[39m [37mPOST[39m [37m/wd/hub/session/d14f4b32-fd56-4fb9-bc17-02481a91337d/elements[39m
[35m[HTTP][39m [90m{"using":"-android uiautomator","value":"new UiSelector().className(\"android.widget.ImageView\").resourceId(\"it.sky.msa:id/heroImageImageView\").packageName(\"it.sky.msa\").instance(0)"}[39m
[35m[HTTP][39m [37m<-- POST /wd/hub/session/d14f4b32-fd56-4fb9-bc17-02481a91337d/elements [39m[32m200[39m [90m113 ms - 74[39m
[35m[HTTP][39m [90m[39m
[35m[HTTP][39m [37m-->[39m [37mPOST[39m [37m/wd/hub/session/d14f4b32-fd56-4fb9-bc17-02481a91337d/elements[39m
[35m[HTTP][39m [90m{"using":"-android uiautomator","value":"new UiSelector().className(\"android.widget.ImageView\").resourceId(\"it.sky.msa:id/heroImageImageView\").packageName(\"it.sky.msa\").instance(0)"}[39m
[35m[HTTP][39m [37m<-- POST /wd/hub/session/d14f4b32-fd56-4fb9-bc17-02481a91337d/elements [39m[32m200[39m [90m133 ms - 74[39m
[35m[HTTP][39m [90m[39m
[35m[HTTP][39m [37m-->[39m [37mPOST[39m [37m/wd/hub/session/d14f4b32-fd56-4fb9-bc17-02481a91337d/elements[39m
[35m[HTTP][39m [90m{"using":"-android uiautomator","value":"new UiSelector().className(\"android.widget.ImageView\").resourceId(\"it.sky.msa:id/heroImageImageView\").packageName(\"it.sky.msa\").instance(0)"}[39m
[35m[HTTP][39m [37m<-- POST /wd/hub/session/d14f4b32-fd56-4fb9-bc17-02481a91337d/elements [39m[32m200[39m [90m1153 ms - 74[39m
[35m[HTTP][39m [90m[39m
[35m[HTTP][39m [37m-->[39m [37mPOST[39m [37m/wd/hub/session/d14f4b32-fd56-4fb9-bc17-02481a91337d/elements[39m
[35m[HTTP][39m [90m{"using":"-android uiautomator","value":"new UiSelector().className(\"android.widget.ImageView\").resourceId(\"it.sky.msa:id/heroImageImageView\").packageName(\"it.sky.msa\").instance(0)"}[39m
[35m[HTTP][39m [37m<-- POST /wd/hub/session/d14f4b32-fd56-4fb9-bc17-02481a91337d/elements [39m[32m200[39m [90m962 ms - 124[39m
[35m[HTTP][39m [90m[39m
[35m[HTTP][39m [37m-->[39m [37mGET[39m [37m/wd/hub/session/d14f4b32-fd56-4fb9-bc17-02481a91337d[39m
[35m[HTTP][39m [90m{}[39m
[35m[HTTP][39m [37m<-- GET /wd/hub/session/d14f4b32-fd56-4fb9-bc17-02481a91337d [39m[32m200[39m [90m34 ms - 1133[39m
[35m[HTTP][39m [90m[39m
[35m[HTTP][39m [37m-->[39m [37mGET[39m [37m/wd/hub/session/d14f4b32-fd56-4fb9-bc17-02481a91337d[39m
[35m[HTTP][39m [90m{}[39m
[35m[HTTP][39m [37m<-- GET /wd/hub/session/d14f4b32-fd56-4fb9-bc17-02481a91337d [39m[32m200[39m [90m40 ms - 1133[39m
[35m[HTTP][39m [90m[39m
[35m[HTTP][39m [37m-->[39m [37mGET[39m [37m/wd/hub/session/d14f4b32-fd56-4fb9-bc17-02481a91337d[39m
[35m[HTTP][39m [90m{}[39m
[35m[HTTP][39m [37m<-- GET /wd/hub/session/d14f4b32-fd56-4fb9-bc17-02481a91337d [39m[32m200[39m [90m37 ms - 1133[39m
[35m[HTTP][39m [90m[39m
[35m[HTTP][39m [37m-->[39m [37mGET[39m [37m/wd/hub/session/d14f4b32-fd56-4fb9-bc17-02481a91337d[39m
[35m[HTTP][39m [90m{}[39m
[35m[HTTP][39m [37m<-- GET /wd/hub/session/d14f4b32-fd56-4fb9-bc17-02481a91337d [39m[32m200[39m [90m32 ms - 1133[39m
[35m[HTTP][39m [90m[39m
[35m[HTTP][39m [37m-->[39m [37mGET[39m [37m/wd/hub/session/d14f4b32-fd56-4fb9-bc17-02481a91337d/element/5dbae874-23e4-4852-9129-dc57c38c363e/location[39m
[35m[HTTP][39m [90m{}[39m
[35m[W3C][39m Driver proxy active, passing request on via HTTP proxy
[35m[JSONWP Proxy][39m Replacing sessionId 4cb83cf9-b6d4-4a7e-865d-0a6dbb376870 with d14f4b32-fd56-4fb9-bc17-02481a91337d
[35m[HTTP][39m [37m<-- GET /wd/hub/session/d14f4b32-fd56-4fb9-bc17-02481a91337d/element/5dbae874-23e4-4852-9129-dc57c38c363e/location [39m[32m200[39m [90m65 ms - 87[39m
[35m[HTTP][39m [90m[39m
[35m[HTTP][39m [37m-->[39m [37mGET[39m [37m/wd/hub/session/d14f4b32-fd56-4fb9-bc17-02481a91337d/window/current/size[39m
[35m[HTTP][39m [90m{}[39m
[35m[W3C][39m Driver proxy active, passing request on via HTTP proxy
[35m[JSONWP Proxy][39m Replacing sessionId 4cb83cf9-b6d4-4a7e-865d-0a6dbb376870 with d14f4b32-fd56-4fb9-bc17-02481a91337d
[35m[HTTP][39m [37m<-- GET /wd/hub/session/d14f4b32-fd56-4fb9-bc17-02481a91337d/window/current/size [39m[32m200[39m [90m38 ms - 100[39m
[35m[HTTP][39m [90m[39m
[35m[HTTP][39m [37m-->[39m [37mPOST[39m [37m/wd/hub/session/d14f4b32-fd56-4fb9-bc17-02481a91337d/elements[39m
[35m[HTTP][39m [90m{"using":"-android uiautomator","value":"new UiSelector().className(\"android.widget.TextView\").text(\"GUIDA TV\").resourceId(\"it.sky.msa:id/headerTitle\").instance(0)"}[39m
[35m[HTTP][39m [37m<-- POST /wd/hub/session/d14f4b32-fd56-4fb9-bc17-02481a91337d/elements [39m[32m200[39m [90m155 ms - 124[39m
[35m[HTTP][39m [90m[39m
[35m[HTTP][39m [37m-->[39m [37mGET[39m [37m/wd/hub/session/d14f4b32-fd56-4fb9-bc17-02481a91337d[39m
[35m[HTTP][39m [90m{}[39m
[35m[HTTP][39m [37m<-- GET /wd/hub/session/d14f4b32-fd56-4fb9-bc17-02481a91337d [39m[32m200[39m [90m37 ms - 1133[39m
[35m[HTTP][39m [90m[39m
[35m[HTTP][39m [37m-->[39m [37mGET[39m [37m/wd/hub/session/d14f4b32-fd56-4fb9-bc17-02481a91337d[39m
[35m[HTTP][39m [90m{}[39m
[35m[HTTP][39m [37m<-- GET /wd/hub/session/d14f4b32-fd56-4fb9-bc17-02481a91337d [39m[32m200[39m [90m27 ms - 1133[39m
[35m[HTTP][39m [90m[39m
[35m[HTTP][39m [37m-->[39m [37mGET[39m [37m/wd/hub/session/d14f4b32-fd56-4fb9-bc17-02481a91337d[39m
[35m[HTTP][39m [90m{}[39m
[35m[HTTP][39m [37m<-- GET /wd/hub/session/d14f4b32-fd56-4fb9-bc17-02481a91337d [39m[32m200[39m [90m25 ms - 1133[39m
[35m[HTTP][39m [90m[39m
[35m[HTTP][39m [37m-->[39m [37mGET[39m [37m/wd/hub/session/d14f4b32-fd56-4fb9-bc17-02481a91337d[39m
[35m[HTTP][39m [90m{}[39m
[35m[HTTP][39m [37m<-- GET /wd/hub/session/d14f4b32-fd56-4fb9-bc17-02481a91337d [39m[32m200[39m [90m26 ms - 1133[39m
[35m[HTTP][39m [90m[39m
[35m[HTTP][39m [37m-->[39m [37mGET[39m [37m/wd/hub/session/d14f4b32-fd56-4fb9-bc17-02481a91337d/element/81a01ff8-cfab-4238-b2a6-cf261e6e596a/location[39m
[35m[HTTP][39m [90m{}[39m
[35m[W3C][39m Driver proxy active, passing request on via HTTP proxy
[35m[JSONWP Proxy][39m Replacing sessionId 4cb83cf9-b6d4-4a7e-865d-0a6dbb376870 with d14f4b32-fd56-4fb9-bc17-02481a91337d
[35m[HTTP][39m [37m<-- GET /wd/hub/session/d14f4b32-fd56-4fb9-bc17-02481a91337d/element/81a01ff8-cfab-4238-b2a6-cf261e6e596a/location [39m[32m200[39m [90m51 ms - 88[39m
[35m[HTTP][39m [90m[39m
[35m[HTTP][39m [37m-->[39m [37mGET[39m [37m/wd/hub/session/d14f4b32-fd56-4fb9-bc17-02481a91337d/window/current/size[39m
[35m[HTTP][39m [90m{}[39m
[35m[W3C][39m Driver proxy active, passing request on via HTTP proxy
[35m[JSONWP Proxy][39m Replacing sessionId 4cb83cf9-b6d4-4a7e-865d-0a6dbb376870 with d14f4b32-fd56-4fb9-bc17-02481a91337d
[35m[HTTP][39m [37m<-- GET /wd/hub/session/d14f4b32-fd56-4fb9-bc17-02481a91337d/window/current/size [39m[32m200[39m [90m45 ms - 100[39m
[35m[HTTP][39m [90m[39m
[35m[HTTP][39m [37m-->[39m [37mPOST[39m [37m/wd/hub/session/d14f4b32-fd56-4fb9-bc17-02481a91337d/elements[39m
[35m[HTTP][39m [90m{"using":"-android uiautomator","value":"new UiSelector().className(\"android.widget.TextView\").text(\"Scelti per te questa settimana\").resourceId(\"it.sky.msa:id/categoryTitle\").packageName(\"it.sky.msa\").instance(6)"}[39m
[35m[HTTP][39m [37m<-- POST /wd/hub/session/d14f4b32-fd56-4fb9-bc17-02481a91337d/elements [39m[32m200[39m [90m154 ms - 124[39m
[35m[HTTP][39m [90m[39m
[35m[HTTP][39m [37m-->[39m [37mGET[39m [37m/wd/hub/session/d14f4b32-fd56-4fb9-bc17-02481a91337d[39m
[35m[HTTP][39m [90m{}[39m
[35m[HTTP][39m [37m<-- GET /wd/hub/session/d14f4b32-fd56-4fb9-bc17-02481a91337d [39m[32m200[39m [90m26 ms - 1133[39m
[35m[HTTP][39m [90m[39m
[35m[HTTP][39m [37m-->[39m [37mGET[39m [37m/wd/hub/session/d14f4b32-fd56-4fb9-bc17-02481a91337d[39m
[35m[HTTP][39m [90m{}[39m
[35m[HTTP][39m [37m<-- GET /wd/hub/session/d14f4b32-fd56-4fb9-bc17-02481a91337d [39m[32m200[39m [90m30 ms - 1133[39m
[35m[HTTP][39m [90m[39m
[35m[HTTP][39m [37m-->[39m [37mGET[39m [37m/wd/hub/session/d14f4b32-fd56-4fb9-bc17-02481a91337d[39m
[35m[HTTP][39m [90m{}[39m
[35m[HTTP][39m [37m<-- GET /wd/hub/session/d14f4b32-fd56-4fb9-bc17-02481a91337d [39m[32m200[39m [90m24 ms - 1133[39m
[35m[HTTP][39m [90m[39m
[35m[HTTP][39m [37m-->[39m [37mGET[39m [37m/wd/hub/session/d14f4b32-fd56-4fb9-bc17-02481a91337d[39m
[35m[HTTP][39m [90m{}[39m
[35m[HTTP][39m [37m<-- GET /wd/hub/session/d14f4b32-fd56-4fb9-bc17-02481a91337d [39m[32m200[39m [90m26 ms - 1133[39m
[35m[HTTP][39m [90m[39m
[35m[HTTP][39m [37m-->[39m [37mGET[39m [37m/wd/hub/session/d14f4b32-fd56-4fb9-bc17-02481a91337d/element/8addd393-2e8f-4e1e-8ec7-9bf56e3cae7b/location[39m
[35m[HTTP][39m [90m{}[39m
[35m[W3C][39m Driver proxy active, passing request on via HTTP proxy
[35m[JSONWP Proxy][39m Replacing sessionId 4cb83cf9-b6d4-4a7e-865d-0a6dbb376870 with d14f4b32-fd56-4fb9-bc17-02481a91337d
[35m[HTTP][39m [37m<-- GET /wd/hub/session/d14f4b32-fd56-4fb9-bc17-02481a91337d/element/8addd393-2e8f-4e1e-8ec7-9bf56e3cae7b/location [39m[32m200[39m [90m66 ms - 89[39m
[35m[HTTP][39m [90m[39m
[35m[HTTP][39m [37m-->[39m [37mGET[39m [37m/wd/hub/session/d14f4b32-fd56-4fb9-bc17-02481a91337d/window/current/size[39m
[35m[HTTP][39m [90m{}[39m
[35m[W3C][39m Driver proxy active, passing request on via HTTP proxy
[35m[JSONWP Proxy][39m Replacing sessionId 4cb83cf9-b6d4-4a7e-865d-0a6dbb376870 with d14f4b32-fd56-4fb9-bc17-02481a91337d
[35m[HTTP][39m [37m<-- GET /wd/hub/session/d14f4b32-fd56-4fb9-bc17-02481a91337d/window/current/size [39m[32m200[39m [90m32 ms - 100[39m
[35m[HTTP][39m [90m[39m
[35m[HTTP][39m [37m-->[39m [37mPOST[39m [37m/wd/hub/session/d14f4b32-fd56-4fb9-bc17-02481a91337d/elements[39m
[35m[HTTP][39m [90m{"using":"-android uiautomator","value":"new UiSelector().className(\"android.widget.TextView\").text(\"Programmazione\").packageName(\"it.sky.msa\").instance(1)"}[39m
[35m[HTTP][39m [37m<-- POST /wd/hub/session/d14f4b32-fd56-4fb9-bc17-02481a91337d/elements [39m[32m200[39m [90m131 ms - 124[39m
[35m[HTTP][39m [90m[39m
[35m[HTTP][39m [37m-->[39m [37mGET[39m [37m/wd/hub/session/d14f4b32-fd56-4fb9-bc17-02481a91337d[39m
[35m[HTTP][39m [90m{}[39m
[35m[HTTP][39m [37m<-- GET /wd/hub/session/d14f4b32-fd56-4fb9-bc17-02481a91337d [39m[32m200[39m [90m25 ms - 1133[39m
[35m[HTTP][39m [90m[39m
[35m[HTTP][39m [37m-->[39m [37mGET[39m [37m/wd/hub/session/d14f4b32-fd56-4fb9-bc17-02481a91337d[39m
[35m[HTTP][39m [90m{}[39m
[35m[HTTP][39m [37m<-- GET /wd/hub/session/d14f4b32-fd56-4fb9-bc17-02481a91337d [39m[32m200[39m [90m29 ms - 1133[39m
[35m[HTTP][39m [90m[39m
[35m[HTTP][39m [37m-->[39m [37mGET[39m [37m/wd/hub/session/d14f4b32-fd56-4fb9-bc17-02481a91337d[39m
[35m[HTTP][39m [90m{}[39m
[35m[HTTP][39m [37m<-- GET /wd/hub/session/d14f4b32-fd56-4fb9-bc17-02481a91337d [39m[32m200[39m [90m27 ms - 1133[39m
[35m[HTTP][39m [90m[39m
[35m[HTTP][39m [37m-->[39m [37mGET[39m [37m/wd/hub/session/d14f4b32-fd56-4fb9-bc17-02481a91337d[39m
[35m[HTTP][39m [90m{}[39m
[35m[HTTP][39m [37m<-- GET /wd/hub/session/d14f4b32-fd56-4fb9-bc17-02481a91337d [39m[32m200[39m [90m25 ms - 1133[39m
[35m[HTTP][39m [90m[39m
[35m[HTTP][39m [37m-->[39m [37mGET[39m [37m/wd/hub/session/d14f4b32-fd56-4fb9-bc17-02481a91337d/element/4ed6be78-daf4-4609-aceb-cbbcb78669f7/location[39m
[35m[HTTP][39m [90m{}[39m
[35m[W3C][39m Driver proxy active, passing request on via HTTP proxy
[35m[JSONWP Proxy][39m Replacing sessionId 4cb83cf9-b6d4-4a7e-865d-0a6dbb376870 with d14f4b32-fd56-4fb9-bc17-02481a91337d
[35m[HTTP][39m [37m<-- GET /wd/hub/session/d14f4b32-fd56-4fb9-bc17-02481a91337d/element/4ed6be78-daf4-4609-aceb-cbbcb78669f7/location [39m[32m200[39m [90m702 ms - 88[39m
[35m[HTTP][39m [90m[39m
[35m[HTTP][39m [37m-->[39m [37mGET[39m [37m/wd/hub/session/d14f4b32-fd56-4fb9-bc17-02481a91337d/window/current/size[39m
[35m[HTTP][39m [90m{}[39m
[35m[W3C][39m Driver proxy active, passing request on via HTTP proxy
[35m[JSONWP Proxy][39m Replacing sessionId 4cb83cf9-b6d4-4a7e-865d-0a6dbb376870 with d14f4b32-fd56-4fb9-bc17-02481a91337d
[35m[HTTP][39m [37m<-- GET /wd/hub/session/d14f4b32-fd56-4fb9-bc17-02481a91337d/window/current/size [39m[32m200[39m [90m37 ms - 100[39m
[35m[HTTP][39m [90m[39m
[35m[HTTP][39m [37m-->[39m [37mPOST[39m [37m/wd/hub/session/d14f4b32-fd56-4fb9-bc17-02481a91337d/elements[39m
[35m[HTTP][39m [90m{"using":"-android uiautomator","value":"new UiSelector().className(\"android.widget.ImageView\").resourceId(\"it.sky.msa:id/imageView6\").instance(2)"}[39m
[35m[HTTP][39m [37m<-- POST /wd/hub/session/d14f4b32-fd56-4fb9-bc17-02481a91337d/elements [39m[32m200[39m [90m107 ms - 124[39m
[35m[HTTP][39m [90m[39m
[35m[HTTP][39m [37m-->[39m [37mGET[39m [37m/wd/hub/session/d14f4b32-fd56-4fb9-bc17-02481a91337d[39m
[35m[HTTP][39m [90m{}[39m
[35m[HTTP][39m [37m<-- GET /wd/hub/session/d14f4b32-fd56-4fb9-bc17-02481a91337d [39m[32m200[39m [90m25 ms - 1133[39m
[35m[HTTP][39m [90m[39m
[35m[HTTP][39m [37m-->[39m [37mGET[39m [37m/wd/hub/session/d14f4b32-fd56-4fb9-bc17-02481a91337d[39m
[35m[HTTP][39m [90m{}[39m
[35m[HTTP][39m [37m<-- GET /wd/hub/session/d14f4b32-fd56-4fb9-bc17-02481a91337d [39m[32m200[39m [90m25 ms - 1133[39m
[35m[HTTP][39m [90m[39m
[35m[HTTP][39m [37m-->[39m [37mGET[39m [37m/wd/hub/session/d14f4b32-fd56-4fb9-bc17-02481a91337d[39m
[35m[HTTP][39m [90m{}[39m
[35m[HTTP][39m [37m<-- GET /wd/hub/session/d14f4b32-fd56-4fb9-bc17-02481a91337d [39m[32m200[39m [90m23 ms - 1133[39m
[35m[HTTP][39m [90m[39m
[35m[HTTP][39m [37m-->[39m [37mGET[39m [37m/wd/hub/session/d14f4b32-fd56-4fb9-bc17-02481a91337d[39m
[35m[HTTP][39m [90m{}[39m
[35m[HTTP][39m [37m<-- GET /wd/hub/session/d14f4b32-fd56-4fb9-bc17-02481a91337d [39m[32m200[39m [90m30 ms - 1133[39m
[35m[HTTP][39m [90m[39m
[35m[HTTP][39m [37m-->[39m [37mGET[39m [37m/wd/hub/session/d14f4b32-fd56-4fb9-bc17-02481a91337d/element/6f2bb3dd-7d6c-4d79-bc1f-c7a459eba0ad/location[39m
[35m[HTTP][39m [90m{}[39m
[35m[W3C][39m Driver proxy active, passing request on via HTTP proxy
[35m[JSONWP Proxy][39m Replacing sessionId 4cb83cf9-b6d4-4a7e-865d-0a6dbb376870 with d14f4b32-fd56-4fb9-bc17-02481a91337d
[35m[HTTP][39m [37m<-- GET /wd/hub/session/d14f4b32-fd56-4fb9-bc17-02481a91337d/element/6f2bb3dd-7d6c-4d79-bc1f-c7a459eba0ad/location [39m[32m200[39m [90m67 ms - 88[39m
[35m[HTTP][39m [90m[39m
[35m[HTTP][39m [37m-->[39m [37mGET[39m [37m/wd/hub/session/d14f4b32-fd56-4fb9-bc17-02481a91337d/window/current/size[39m
[35m[HTTP][39m [90m{}[39m
[35m[W3C][39m Driver proxy active, passing request on via HTTP proxy
[35m[JSONWP Proxy][39m Replacing sessionId 4cb83cf9-b6d4-4a7e-865d-0a6dbb376870 with d14f4b32-fd56-4fb9-bc17-02481a91337d
[35m[HTTP][39m [37m<-- GET /wd/hub/session/d14f4b32-fd56-4fb9-bc17-02481a91337d/window/current/size [39m[32m200[39m [90m33 ms - 100[39m
[35m[HTTP][39m [90m[39m
[35m[HTTP][39m [37m-->[39m [37mPOST[39m [37m/wd/hub/session/d14f4b32-fd56-4fb9-bc17-02481a91337d/elements[39m
[35m[HTTP][39m [90m{"using":"-android uiautomator","value":"new UiSelector().className(\"android.widget.ImageView\").resourceId(\"it.sky.msa:id/imageView7\").instance(1)"}[39m
[35m[HTTP][39m [37m<-- POST /wd/hub/session/d14f4b32-fd56-4fb9-bc17-02481a91337d/elements [39m[32m200[39m [90m622 ms - 124[39m
[35m[HTTP][39m [90m[39m
[35m[HTTP][39m [37m-->[39m [37mGET[39m [37m/wd/hub/session/d14f4b32-fd56-4fb9-bc17-02481a91337d[39m
[35m[HTTP][39m [90m{}[39m
[35m[HTTP][39m [37m<-- GET /wd/hub/session/d14f4b32-fd56-4fb9-bc17-02481a91337d [39m[32m200[39m [90m29 ms - 1133[39m
[35m[HTTP][39m [90m[39m
[35m[HTTP][39m [37m-->[39m [37mGET[39m [37m/wd/hub/session/d14f4b32-fd56-4fb9-bc17-02481a91337d[39m
[35m[HTTP][39m [90m{}[39m
[35m[HTTP][39m [37m<-- GET /wd/hub/session/d14f4b32-fd56-4fb9-bc17-02481a91337d [39m[32m200[39m [90m26 ms - 1133[39m
[35m[HTTP][39m [90m[39m
[35m[HTTP][39m [37m-->[39m [37mGET[39m [37m/wd/hub/session/d14f4b32-fd56-4fb9-bc17-02481a91337d[39m
[35m[HTTP][39m [90m{}[39m
[35m[HTTP][39m [37m<-- GET /wd/hub/session/d14f4b32-fd56-4fb9-bc17-02481a91337d [39m[32m200[39m [90m25 ms - 1133[39m
[35m[HTTP][39m [90m[39m
[35m[HTTP][39m [37m-->[39m [37mGET[39m [37m/wd/hub/session/d14f4b32-fd56-4fb9-bc17-02481a91337d[39m
[35m[HTTP][39m [90m{}[39m
[35m[HTTP][39m [37m<-- GET /wd/hub/session/d14f4b32-fd56-4fb9-bc17-02481a91337d [39m[32m200[39m [90m26 ms - 1133[39m
[35m[HTTP][39m [90m[39m
[35m[HTTP][39m [37m-->[39m [37mGET[39m [37m/wd/hub/session/d14f4b32-fd56-4fb9-bc17-02481a91337d/element/70f8af45-5a12-4ae2-a9b3-1ba392f8a66b/location[39m
[35m[HTTP][39m [90m{}[39m
[35m[W3C][39m Driver proxy active, passing request on via HTTP proxy
[35m[JSONWP Proxy][39m Replacing sessionId 4cb83cf9-b6d4-4a7e-865d-0a6dbb376870 with d14f4b32-fd56-4fb9-bc17-02481a91337d
[35m[HTTP][39m [37m<-- GET /wd/hub/session/d14f4b32-fd56-4fb9-bc17-02481a91337d/element/70f8af45-5a12-4ae2-a9b3-1ba392f8a66b/location [39m[32m200[39m [90m52 ms - 89[39m
[35m[HTTP][39m [90m[39m
[35m[HTTP][39m [37m-->[39m [37mGET[39m [37m/wd/hub/session/d14f4b32-fd56-4fb9-bc17-02481a91337d/window/current/size[39m
[35m[HTTP][39m [90m{}[39m
[35m[W3C][39m Driver proxy active, passing request on via HTTP proxy
[35m[JSONWP Proxy][39m Replacing sessionId 4cb83cf9-b6d4-4a7e-865d-0a6dbb376870 with d14f4b32-fd56-4fb9-bc17-02481a91337d
[35m[HTTP][39m [37m<-- GET /wd/hub/session/d14f4b32-fd56-4fb9-bc17-02481a91337d/window/current/size [39m[32m200[39m [90m31 ms - 100[39m
[35m[HTTP][39m [90m[39m
[35m[HTTP][39m [37m-->[39m [37mPOST[39m [37m/wd/hub/session/d14f4b32-fd56-4fb9-bc17-02481a91337d/elements[39m
[35m[HTTP][39m [90m{"using":"-android uiautomator","value":"new UiSelector().className(\"android.widget.ImageView\").resourceId(\"it.sky.msa:id/imageView5\").instance(0)"}[39m
[35m[HTTP][39m [37m<-- POST /wd/hub/session/d14f4b32-fd56-4fb9-bc17-02481a91337d/elements [39m[32m200[39m [90m110 ms - 124[39m
[35m[HTTP][39m [90m[39m
[35m[HTTP][39m [37m-->[39m [37mGET[39m [37m/wd/hub/session/d14f4b32-fd56-4fb9-bc17-02481a91337d[39m
[35m[HTTP][39m [90m{}[39m
[35m[HTTP][39m [37m<-- GET /wd/hub/session/d14f4b32-fd56-4fb9-bc17-02481a91337d [39m[32m200[39m [90m24 ms - 1133[39m
[35m[HTTP][39m [90m[39m
[35m[HTTP][39m [37m-->[39m [37mGET[39m [37m/wd/hub/session/d14f4b32-fd56-4fb9-bc17-02481a91337d[39m
[35m[HTTP][39m [90m{}[39m
[35m[HTTP][39m [37m<-- GET /wd/hub/session/d14f4b32-fd56-4fb9-bc17-02481a91337d [39m[32m200[39m [90m23 ms - 1133[39m
[35m[HTTP][39m [90m[39m
[35m[HTTP][39m [37m-->[39m [37mGET[39m [37m/wd/hub/session/d14f4b32-fd56-4fb9-bc17-02481a91337d[39m
[35m[HTTP][39m [90m{}[39m
[35m[HTTP][39m [37m<-- GET /wd/hub/session/d14f4b32-fd56-4fb9-bc17-02481a91337d [39m[32m200[39m [90m21 ms - 1133[39m
[35m[HTTP][39m [90m[39m
[35m[HTTP][39m [37m-->[39m [37mGET[39m [37m/wd/hub/session/d14f4b32-fd56-4fb9-bc17-02481a91337d[39m
[35m[HTTP][39m [90m{}[39m
[35m[HTTP][39m [37m<-- GET /wd/hub/session/d14f4b32-fd56-4fb9-bc17-02481a91337d [39m[32m200[39m [90m25 ms - 1133[39m
[35m[HTTP][39m [90m[39m
[35m[HTTP][39m [37m-->[39m [37mGET[39m [37m/wd/hub/session/d14f4b32-fd56-4fb9-bc17-02481a91337d/element/5d89f00c-f7ba-416d-b11a-783caa627705/location[39m
[35m[HTTP][39m [90m{}[39m
[35m[W3C][39m Driver proxy active, passing request on via HTTP proxy
[35m[JSONWP Proxy][39m Replacing sessionId 4cb83cf9-b6d4-4a7e-865d-0a6dbb376870 with d14f4b32-fd56-4fb9-bc17-02481a91337d
[35m[HTTP][39m [37m<-- GET /wd/hub/session/d14f4b32-fd56-4fb9-bc17-02481a91337d/element/5d89f00c-f7ba-416d-b11a-783caa627705/location [39m[32m200[39m [90m50 ms - 89[39m
[35m[HTTP][39m [90m[39m
[35m[HTTP][39m [37m-->[39m [37mGET[39m [37m/wd/hub/session/d14f4b32-fd56-4fb9-bc17-02481a91337d/window/current/size[39m
[35m[HTTP][39m [90m{}[39m
[35m[W3C][39m Driver proxy active, passing request on via HTTP proxy
[35m[JSONWP Proxy][39m Replacing sessionId 4cb83cf9-b6d4-4a7e-865d-0a6dbb376870 with d14f4b32-fd56-4fb9-bc17-02481a91337d
[35m[HTTP][39m [37m<-- GET /wd/hub/session/d14f4b32-fd56-4fb9-bc17-02481a91337d/window/current/size [39m[32m200[39m [90m37 ms - 100[39m
[35m[HTTP][39m [90m[39m
[35m[HTTP][39m [37m-->[39m [37mPOST[39m [37m/wd/hub/session/d14f4b32-fd56-4fb9-bc17-02481a91337d/elements[39m
[35m[HTTP][39m [90m{"using":"-android uiautomator","value":"new UiSelector().className(\"android.widget.TextView\").text(\"GUIDA TV\").resourceId(\"it.sky.msa:id/headerTitle\").instance(0)"}[39m
[35m[HTTP][39m [37m<-- POST /wd/hub/session/d14f4b32-fd56-4fb9-bc17-02481a91337d/elements [39m[32m200[39m [90m118 ms - 124[39m
[35m[HTTP][39m [90m[39m
[35m[HTTP][39m [37m-->[39m [37mGET[39m [37m/wd/hub/session/d14f4b32-fd56-4fb9-bc17-02481a91337d[39m
[35m[HTTP][39m [90m{}[39m
[35m[HTTP][39m [37m<-- GET /wd/hub/session/d14f4b32-fd56-4fb9-bc17-02481a91337d [39m[32m200[39m [90m23 ms - 1133[39m
[35m[HTTP][39m [90m[39m
[35m[HTTP][39m [37m-->[39m [37mGET[39m [37m/wd/hub/session/d14f4b32-fd56-4fb9-bc17-02481a91337d[39m
[35m[HTTP][39m [90m{}[39m
[35m[HTTP][39m [37m<-- GET /wd/hub/session/d14f4b32-fd56-4fb9-bc17-02481a91337d [39m[32m200[39m [90m24 ms - 1133[39m
[35m[HTTP][39m [90m[39m
[35m[HTTP][39m [37m-->[39m [37mGET[39m [37m/wd/hub/session/d14f4b32-fd56-4fb9-bc17-02481a91337d[39m
[35m[HTTP][39m [90m{}[39m
[35m[HTTP][39m [37m<-- GET /wd/hub/session/d14f4b32-fd56-4fb9-bc17-02481a91337d [39m[32m200[39m [90m22 ms - 1133[39m
[35m[HTTP][39m [90m[39m
[35m[HTTP][39m [37m-->[39m [37mGET[39m [37m/wd/hub/session/d14f4b32-fd56-4fb9-bc17-02481a91337d[39m
[35m[HTTP][39m [90m{}[39m
[35m[HTTP][39m [37m<-- GET /wd/hub/session/d14f4b32-fd56-4fb9-bc17-02481a91337d [39m[32m200[39m [90m24 ms - 1133[39m
[35m[HTTP][39m [90m[39m
[35m[HTTP][39m [37m-->[39m [37mGET[39m [37m/wd/hub/session/d14f4b32-fd56-4fb9-bc17-02481a91337d/element/067717dc-45f3-4c2a-b00a-cda69d4261e7/location[39m
[35m[HTTP][39m [90m{}[39m
[35m[W3C][39m Driver proxy active, passing request on via HTTP proxy
[35m[JSONWP Proxy][39m Replacing sessionId 4cb83cf9-b6d4-4a7e-865d-0a6dbb376870 with d14f4b32-fd56-4fb9-bc17-02481a91337d
[35m[HTTP][39m [37m<-- GET /wd/hub/session/d14f4b32-fd56-4fb9-bc17-02481a91337d/element/067717dc-45f3-4c2a-b00a-cda69d4261e7/location [39m[32m200[39m [90m55 ms - 88[39m
[35m[HTTP][39m [90m[39m
[35m[HTTP][39m [37m-->[39m [37mGET[39m [37m/wd/hub/session/d14f4b32-fd56-4fb9-bc17-02481a91337d/element/067717dc-45f3-4c2a-b00a-cda69d4261e7/text[39m
[35m[HTTP][39m [90m{}[39m
[35m[W3C][39m Driver proxy active, passing request on via HTTP proxy
[35m[JSONWP Proxy][39m Replacing sessionId 4cb83cf9-b6d4-4a7e-865d-0a6dbb376870 with d14f4b32-fd56-4fb9-bc17-02481a91337d
[35m[HTTP][39m [37m<-- GET /wd/hub/session/d14f4b32-fd56-4fb9-bc17-02481a91337d/element/067717dc-45f3-4c2a-b00a-cda69d4261e7/text [39m[32m200[39m [90m68 ms - 82[39m
[35m[HTTP][39m [90m[39m
[35m[HTTP][39m [37m-->[39m [37mGET[39m [37m/wd/hub/session/d14f4b32-fd56-4fb9-bc17-02481a91337d/window/current/size[39m
[35m[HTTP][39m [90m{}[39m
[35m[W3C][39m Driver proxy active, passing request on via HTTP proxy
[35m[JSONWP Proxy][39m Replacing sessionId 4cb83cf9-b6d4-4a7e-865d-0a6dbb376870 with d14f4b32-fd56-4fb9-bc17-02481a91337d
[35m[HTTP][39m [37m<-- GET /wd/hub/session/d14f4b32-fd56-4fb9-bc17-02481a91337d/window/current/size [39m[32m200[39m [90m31 ms - 100[39m
[35m[HTTP][39m [90m[39m
[35m[HTTP][39m [37m-->[39m [37mPOST[39m [37m/wd/hub/session/d14f4b32-fd56-4fb9-bc17-02481a91337d/elements[39m
[35m[HTTP][39m [90m{"using":"-android uiautomator","value":"new UiSelector().className(\"android.widget.TextView\").text(\"Sky On Demand\").packageName(\"it.sky.msa\").instance(2)"}[39m
[35m[HTTP][39m [37m<-- POST /wd/hub/session/d14f4b32-fd56-4fb9-bc17-02481a91337d/elements [39m[32m200[39m [90m121 ms - 124[39m
[35m[HTTP][39m [90m[39m
[35m[HTTP][39m [37m-->[39m [37mGET[39m [37m/wd/hub/session/d14f4b32-fd56-4fb9-bc17-02481a91337d[39m
[35m[HTTP][39m [90m{}[39m
[35m[HTTP][39m [37m<-- GET /wd/hub/session/d14f4b32-fd56-4fb9-bc17-02481a91337d [39m[32m200[39m [90m22 ms - 1133[39m
[35m[HTTP][39m [90m[39m
[35m[HTTP][39m [37m-->[39m [37mGET[39m [37m/wd/hub/session/d14f4b32-fd56-4fb9-bc17-02481a91337d[39m
[35m[HTTP][39m [90m{}[39m
[35m[HTTP][39m [37m<-- GET /wd/hub/session/d14f4b32-fd56-4fb9-bc17-02481a91337d [39m[32m200[39m [90m20 ms - 1133[39m
[35m[HTTP][39m [90m[39m
[35m[HTTP][39m [37m-->[39m [37mGET[39m [37m/wd/hub/session/d14f4b32-fd56-4fb9-bc17-02481a91337d[39m
[35m[HTTP][39m [90m{}[39m
[35m[HTTP][39m [37m<-- GET /wd/hub/session/d14f4b32-fd56-4fb9-bc17-02481a91337d [39m[32m200[39m [90m24 ms - 1133[39m
[35m[HTTP][39m [90m[39m
[35m[HTTP][39m [37m-->[39m [37mGET[39m [37m/wd/hub/session/d14f4b32-fd56-4fb9-bc17-02481a91337d[39m
[35m[HTTP][39m [90m{}[39m
[35m[HTTP][39m [37m<-- GET /wd/hub/session/d14f4b32-fd56-4fb9-bc17-02481a91337d [39m[32m200[39m [90m23 ms - 1133[39m
[35m[HTTP][39m [90m[39m
[35m[HTTP][39m [37m-->[39m [37mGET[39m [37m/wd/hub/session/d14f4b32-fd56-4fb9-bc17-02481a91337d/element/36ca802c-ed7f-4b2f-8812-d545644dce30/location[39m
[35m[HTTP][39m [90m{}[39m
[35m[W3C][39m Driver proxy active, passing request on via HTTP proxy
[35m[JSONWP Proxy][39m Replacing sessionId 4cb83cf9-b6d4-4a7e-865d-0a6dbb376870 with d14f4b32-fd56-4fb9-bc17-02481a91337d
[35m[HTTP][39m [37m<-- GET /wd/hub/session/d14f4b32-fd56-4fb9-bc17-02481a91337d/element/36ca802c-ed7f-4b2f-8812-d545644dce30/location [39m[32m200[39m [90m47 ms - 89[39m
[35m[HTTP][39m [90m[39m
[35m[HTTP][39m [37m-->[39m [37mPOST[39m [37m/wd/hub/session/d14f4b32-fd56-4fb9-bc17-02481a91337d/touch/perform[39m
[35m[HTTP][39m [90m{"actions":[{"action":"tap","options":{"element":"36ca802c-ed7f-4b2f-8812-d545644dce30","x":1,"y":1}}]}[39m
[35m[UiAutomator2][39m calling get location: 36ca802c-ed7f-4b2f-8812-d545644dce30
[35m[HTTP][39m [37m<-- POST /wd/hub/session/d14f4b32-fd56-4fb9-bc17-02481a91337d/touch/perform [39m[32m200[39m [90m832 ms - 76[39m
[35m[HTTP][39m [90m[39m
[35m[HTTP][39m [37m-->[39m [37mGET[39m [37m/wd/hub/session/d14f4b32-fd56-4fb9-bc17-02481a91337d/window/current/size[39m
[35m[HTTP][39m [90m{}[39m
[35m[W3C][39m Driver proxy active, passing request on via HTTP proxy
[35m[JSONWP Proxy][39m Replacing sessionId 4cb83cf9-b6d4-4a7e-865d-0a6dbb376870 with d14f4b32-fd56-4fb9-bc17-02481a91337d
[35m[HTTP][39m [37m<-- GET /wd/hub/session/d14f4b32-fd56-4fb9-bc17-02481a91337d/window/current/size [39m[32m200[39m [90m35 ms - 100[39m
[35m[HTTP][39m [90m[39m
[35m[HTTP][39m [37m-->[39m [37mPOST[39m [37m/wd/hub/session/d14f4b32-fd56-4fb9-bc17-02481a91337d/elements[39m
[35m[HTTP][39m [90m{"using":"-android uiautomator","value":"new UiSelector().className(\"android.widget.TextView\").text(\"SCELTI PER TE\").resourceId(\"it.sky.msa:id/categoryTitle\").instance(5)"}[39m
[35m[HTTP][39m [37m<-- POST /wd/hub/session/d14f4b32-fd56-4fb9-bc17-02481a91337d/elements [39m[32m200[39m [90m145 ms - 124[39m
[35m[HTTP][39m [90m[39m
[35m[HTTP][39m [37m-->[39m [37mGET[39m [37m/wd/hub/session/d14f4b32-fd56-4fb9-bc17-02481a91337d[39m
[35m[HTTP][39m [90m{}[39m
[35m[HTTP][39m [37m<-- GET /wd/hub/session/d14f4b32-fd56-4fb9-bc17-02481a91337d [39m[32m200[39m [90m26 ms - 1133[39m
[35m[HTTP][39m [90m[39m
[35m[HTTP][39m [37m-->[39m [37mGET[39m [37m/wd/hub/session/d14f4b32-fd56-4fb9-bc17-02481a91337d[39m
[35m[HTTP][39m [90m{}[39m
[35m[HTTP][39m [37m<-- GET /wd/hub/session/d14f4b32-fd56-4fb9-bc17-02481a91337d [39m[32m200[39m [90m27 ms - 1133[39m
[35m[HTTP][39m [90m[39m
[35m[HTTP][39m [37m-->[39m [37mGET[39m [37m/wd/hub/session/d14f4b32-fd56-4fb9-bc17-02481a91337d[39m
[35m[HTTP][39m [90m{}[39m
[35m[HTTP][39m [37m<-- GET /wd/hub/session/d14f4b32-fd56-4fb9-bc17-02481a91337d [39m[32m200[39m [90m28 ms - 1133[39m
[35m[HTTP][39m [90m[39m
[35m[HTTP][39m [37m-->[39m [37mGET[39m [37m/wd/hub/session/d14f4b32-fd56-4fb9-bc17-02481a91337d[39m
[35m[HTTP][39m [90m{}[39m
[35m[HTTP][39m [37m<-- GET /wd/hub/session/d14f4b32-fd56-4fb9-bc17-02481a91337d [39m[32m200[39m [90m25 ms - 1133[39m
[35m[HTTP][39m [90m[39m
[35m[HTTP][39m [37m-->[39m [37mGET[39m [37m/wd/hub/session/d14f4b32-fd56-4fb9-bc17-02481a91337d/element/0c7e52a3-6b6f-43d7-93cb-1271e922a2d3/location[39m
[35m[HTTP][39m [90m{}[39m
[35m[W3C][39m Driver proxy active, passing request on via HTTP proxy
[35m[JSONWP Proxy][39m Replacing sessionId 4cb83cf9-b6d4-4a7e-865d-0a6dbb376870 with d14f4b32-fd56-4fb9-bc17-02481a91337d
[35m[HTTP][39m [37m<-- GET /wd/hub/session/d14f4b32-fd56-4fb9-bc17-02481a91337d/element/0c7e52a3-6b6f-43d7-93cb-1271e922a2d3/location [39m[32m200[39m [90m56 ms - 89[39m
[35m[HTTP][39m [90m[39m
[35m[HTTP][39m [37m-->[39m [37mGET[39m [37m/wd/hub/session/d14f4b32-fd56-4fb9-bc17-02481a91337d/window/current/size[39m
[35m[HTTP][39m [90m{}[39m
[35m[W3C][39m Driver proxy active, passing request on via HTTP proxy
[35m[JSONWP Proxy][39m Replacing sessionId 4cb83cf9-b6d4-4a7e-865d-0a6dbb376870 with d14f4b32-fd56-4fb9-bc17-02481a91337d
[35m[HTTP][39m [37m<-- GET /wd/hub/session/d14f4b32-fd56-4fb9-bc17-02481a91337d/window/current/size [39m[32m200[39m [90m30 ms - 100[39m
[35m[HTTP][39m [90m[39m
[35m[HTTP][39m [37m-->[39m [37mPOST[39m [37m/wd/hub/session/d14f4b32-fd56-4fb9-bc17-02481a91337d/elements[39m
[35m[HTTP][39m [90m{"using":"-android uiautomator","value":"new UiSelector().className(\"android.widget.TextView\").text(\"Sky On Demand\").packageName(\"it.sky.msa\").instance(2)"}[39m
[35m[HTTP][39m [37m<-- POST /wd/hub/session/d14f4b32-fd56-4fb9-bc17-02481a91337d/elements [39m[32m200[39m [90m115 ms - 124[39m
[35m[HTTP][39m [90m[39m
[35m[HTTP][39m [37m-->[39m [37mGET[39m [37m/wd/hub/session/d14f4b32-fd56-4fb9-bc17-02481a91337d[39m
[35m[HTTP][39m [90m{}[39m
[35m[HTTP][39m [37m<-- GET /wd/hub/session/d14f4b32-fd56-4fb9-bc17-02481a91337d [39m[32m200[39m [90m28 ms - 1133[39m
[35m[HTTP][39m [90m[39m
[35m[HTTP][39m [37m-->[39m [37mGET[39m [37m/wd/hub/session/d14f4b32-fd56-4fb9-bc17-02481a91337d[39m
[35m[HTTP][39m [90m{}[39m
[35m[HTTP][39m [37m<-- GET /wd/hub/session/d14f4b32-fd56-4fb9-bc17-02481a91337d [39m[32m200[39m [90m36 ms - 1133[39m
[35m[HTTP][39m [90m[39m
[35m[HTTP][39m [37m-->[39m [37mGET[39m [37m/wd/hub/session/d14f4b32-fd56-4fb9-bc17-02481a91337d[39m
[35m[HTTP][39m [90m{}[39m
[35m[HTTP][39m [37m<-- GET /wd/hub/session/d14f4b32-fd56-4fb9-bc17-02481a91337d [39m[32m200[39m [90m25 ms - 1133[39m
[35m[HTTP][39m [90m[39m
[35m[HTTP][39m [37m-->[39m [37mGET[39m [37m/wd/hub/session/d14f4b32-fd56-4fb9-bc17-02481a91337d[39m
[35m[HTTP][39m [90m{}[39m
[35m[HTTP][39m [37m<-- GET /wd/hub/session/d14f4b32-fd56-4fb9-bc17-02481a91337d [39m[32m200[39m [90m25 ms - 1133[39m
[35m[HTTP][39m [90m[39m
[35m[HTTP][39m [37m-->[39m [37mGET[39m [37m/wd/hub/session/d14f4b32-fd56-4fb9-bc17-02481a91337d/element/f2a99225-49c9-4c2d-b380-f81d32b50841/location[39m
[35m[HTTP][39m [90m{}[39m
[35m[W3C][39m Driver proxy active, passing request on via HTTP proxy
[35m[JSONWP Proxy][39m Replacing sessionId 4cb83cf9-b6d4-4a7e-865d-0a6dbb376870 with d14f4b32-fd56-4fb9-bc17-02481a91337d
[35m[HTTP][39m [37m<-- GET /wd/hub/session/d14f4b32-fd56-4fb9-bc17-02481a91337d/element/f2a99225-49c9-4c2d-b380-f81d32b50841/location [39m[32m200[39m [90m53 ms - 89[39m
[35m[HTTP][39m [90m[39m
[35m[HTTP][39m [37m-->[39m [37mGET[39m [37m/wd/hub/session/d14f4b32-fd56-4fb9-bc17-02481a91337d/window/current/size[39m
[35m[HTTP][39m [90m{}[39m
[35m[W3C][39m Driver proxy active, passing request on via HTTP proxy
[35m[JSONWP Proxy][39m Replacing sessionId 4cb83cf9-b6d4-4a7e-865d-0a6dbb376870 with d14f4b32-fd56-4fb9-bc17-02481a91337d
[35m[HTTP][39m [37m<-- GET /wd/hub/session/d14f4b32-fd56-4fb9-bc17-02481a91337d/window/current/size [39m[32m200[39m [90m29 ms - 100[39m
[35m[HTTP][39m [90m[39m
[35m[HTTP][39m [37m-->[39m [37mPOST[39m [37m/wd/hub/session/d14f4b32-fd56-4fb9-bc17-02481a91337d/elements[39m
[35m[HTTP][39m [90m{"using":"-android uiautomator","value":"new UiSelector().className(\"android.widget.TextView\").text(\"Programmazione\").packageName(\"it.sky.msa\").instance(1)"}[39m
[35m[HTTP][39m [37m<-- POST /wd/hub/session/d14f4b32-fd56-4fb9-bc17-02481a91337d/elements [39m[32m200[39m [90m109 ms - 124[39m
[35m[HTTP][39m [90m[39m
[35m[HTTP][39m [37m-->[39m [37mGET[39m [37m/wd/hub/session/d14f4b32-fd56-4fb9-bc17-02481a91337d[39m
[35m[HTTP][39m [90m{}[39m
[35m[HTTP][39m [37m<-- GET /wd/hub/session/d14f4b32-fd56-4fb9-bc17-02481a91337d [39m[32m200[39m [90m24 ms - 1133[39m
[35m[HTTP][39m [90m[39m
[35m[HTTP][39m [37m-->[39m [37mGET[39m [37m/wd/hub/session/d14f4b32-fd56-4fb9-bc17-02481a91337d[39m
[35m[HTTP][39m [90m{}[39m
[35m[HTTP][39m [37m<-- GET /wd/hub/session/d14f4b32-fd56-4fb9-bc17-02481a91337d [39m[32m200[39m [90m31 ms - 1133[39m
[35m[HTTP][39m [90m[39m
[35m[HTTP][39m [37m-->[39m [37mGET[39m [37m/wd/hub/session/d14f4b32-fd56-4fb9-bc17-02481a91337d[39m
[35m[HTTP][39m [90m{}[39m
[35m[HTTP][39m [37m<-- GET /wd/hub/session/d14f4b32-fd56-4fb9-bc17-02481a91337d [39m[32m200[39m [90m26 ms - 1133[39m
[35m[HTTP][39m [90m[39m
[35m[HTTP][39m [37m-->[39m [37mGET[39m [37m/wd/hub/session/d14f4b32-fd56-4fb9-bc17-02481a91337d[39m
[35m[HTTP][39m [90m{}[39m
[35m[HTTP][39m [37m<-- GET /wd/hub/session/d14f4b32-fd56-4fb9-bc17-02481a91337d [39m[32m200[39m [90m25 ms - 1133[39m
[35m[HTTP][39m [90m[39m
[35m[HTTP][39m [37m-->[39m [37mGET[39m [37m/wd/hub/session/d14f4b32-fd56-4fb9-bc17-02481a91337d/element/8bdba4ad-4c28-415e-8700-1bcc8d88f73e/location[39m
[35m[HTTP][39m [90m{}[39m
[35m[W3C][39m Driver proxy active, passing request on via HTTP proxy
[35m[JSONWP Proxy][39m Replacing sessionId 4cb83cf9-b6d4-4a7e-865d-0a6dbb376870 with d14f4b32-fd56-4fb9-bc17-02481a91337d
[35m[HTTP][39m [37m<-- GET /wd/hub/session/d14f4b32-fd56-4fb9-bc17-02481a91337d/element/8bdba4ad-4c28-415e-8700-1bcc8d88f73e/location [39m[32m200[39m [90m51 ms - 88[39m
[35m[HTTP][39m [90m[39m
[35m[HTTP][39m [37m-->[39m [37mPOST[39m [37m/wd/hub/session/d14f4b32-fd56-4fb9-bc17-02481a91337d/touch/perform[39m
[35m[HTTP][39m [90m{"actions":[{"action":"tap","options":{"element":"8bdba4ad-4c28-415e-8700-1bcc8d88f73e","x":1,"y":1}}]}[39m
[35m[UiAutomator2][39m calling get location: 8bdba4ad-4c28-415e-8700-1bcc8d88f73e
[35m[HTTP][39m [37m<-- POST /wd/hub/session/d14f4b32-fd56-4fb9-bc17-02481a91337d/touch/perform [39m[32m200[39m [90m830 ms - 76[39m
[35m[HTTP][39m [90m[39m
[35m[HTTP][39m [37m-->[39m [37mGET[39m [37m/wd/hub/session/d14f4b32-fd56-4fb9-bc17-02481a91337d/window/current/size[39m
[35m[HTTP][39m [90m{}[39m
[35m[W3C][39m Driver proxy active, passing request on via HTTP proxy
[35m[JSONWP Proxy][39m Replacing sessionId 4cb83cf9-b6d4-4a7e-865d-0a6dbb376870 with d14f4b32-fd56-4fb9-bc17-02481a91337d
[35m[HTTP][39m [37m<-- GET /wd/hub/session/d14f4b32-fd56-4fb9-bc17-02481a91337d/window/current/size [39m[32m200[39m [90m28 ms - 100[39m
[35m[HTTP][39m [90m[39m
[35m[HTTP][39m [37m-->[39m [37mPOST[39m [37m/wd/hub/session/d14f4b32-fd56-4fb9-bc17-02481a91337d/elements[39m
[35m[HTTP][39m [90m{"using":"-android uiautomator","value":"new UiSelector().className(\"android.widget.TextView\").text(\"Scelti per te questa settimana\").resourceId(\"it.sky.msa:id/categoryTitle\").packageName(\"it.sky.msa\").instance(6)"}[39m
[35m[HTTP][39m [37m<-- POST /wd/hub/session/d14f4b32-fd56-4fb9-bc17-02481a91337d/elements [39m[32m200[39m [90m112 ms - 124[39m
[35m[HTTP][39m [90m[39m
[35m[HTTP][39m [37m-->[39m [37mGET[39m [37m/wd/hub/session/d14f4b32-fd56-4fb9-bc17-02481a91337d[39m
[35m[HTTP][39m [90m{}[39m
[35m[HTTP][39m [37m<-- GET /wd/hub/session/d14f4b32-fd56-4fb9-bc17-02481a91337d [39m[32m200[39m [90m26 ms - 1133[39m
[35m[HTTP][39m [90m[39m
[35m[HTTP][39m [37m-->[39m [37mGET[39m [37m/wd/hub/session/d14f4b32-fd56-4fb9-bc17-02481a91337d[39m
[35m[HTTP][39m [90m{}[39m
[35m[HTTP][39m [37m<-- GET /wd/hub/session/d14f4b32-fd56-4fb9-bc17-02481a91337d [39m[32m200[39m [90m21 ms - 1133[39m
[35m[HTTP][39m [90m[39m
[35m[HTTP][39m [37m-->[39m [37mGET[39m [37m/wd/hub/session/d14f4b32-fd56-4fb9-bc17-02481a91337d[39m
[35m[HTTP][39m [90m{}[39m
[35m[HTTP][39m [37m<-- GET /wd/hub/session/d14f4b32-fd56-4fb9-bc17-02481a91337d [39m[32m200[39m [90m20 ms - 1133[39m
[35m[HTTP][39m [90m[39m
[35m[HTTP][39m [37m-->[39m [37mGET[39m [37m/wd/hub/session/d14f4b32-fd56-4fb9-bc17-02481a91337d[39m
[35m[HTTP][39m [90m{}[39m
[35m[HTTP][39m [37m<-- GET /wd/hub/session/d14f4b32-fd56-4fb9-bc17-02481a91337d [39m[32m200[39m [90m25 ms - 1133[39m
[35m[HTTP][39m [90m[39m
[35m[HTTP][39m [37m-->[39m [37mGET[39m [37m/wd/hub/session/d14f4b32-fd56-4fb9-bc17-02481a91337d/element/675e1248-cbb0-4704-84c1-9dfee069a5a7/location[39m
[35m[HTTP][39m [90m{}[39m
[35m[W3C][39m Driver proxy active, passing request on via HTTP proxy
[35m[JSONWP Proxy][39m Replacing sessionId 4cb83cf9-b6d4-4a7e-865d-0a6dbb376870 with d14f4b32-fd56-4fb9-bc17-02481a91337d
[35m[HTTP][39m [37m<-- GET /wd/hub/session/d14f4b32-fd56-4fb9-bc17-02481a91337d/element/675e1248-cbb0-4704-84c1-9dfee069a5a7/location [39m[32m200[39m [90m75 ms - 89[39m
[35m[HTTP][39m [90m[39m
[35m[HTTP][39m [37m-->[39m [37mGET[39m [37m/wd/hub/session/d14f4b32-fd56-4fb9-bc17-02481a91337d/window/current/size[39m
[35m[HTTP][39m [90m{}[39m
[35m[W3C][39m Driver proxy active, passing request on via HTTP proxy
[35m[JSONWP Proxy][39m Replacing sessionId 4cb83cf9-b6d4-4a7e-865d-0a6dbb376870 with d14f4b32-fd56-4fb9-bc17-02481a91337d
[35m[HTTP][39m [37m<-- GET /wd/hub/session/d14f4b32-fd56-4fb9-bc17-02481a91337d/window/current/size [39m[32m200[39m [90m61 ms - 100[39m
[35m[HTTP][39m [90m[39m
[35m[HTTP][39m [37m-->[39m [37mPOST[39m [37m/wd/hub/session/d14f4b32-fd56-4fb9-bc17-02481a91337d/elements[39m
[35m[HTTP][39m [90m{"using":"-android uiautomator","value":"new UiSelector().className(\"android.widget.ImageView\").resourceId(\"it.sky.msa:id/heroImageImageView\").packageName(\"it.sky.msa\").instance(0)"}[39m
[35m[HTTP][39m [37m<-- POST /wd/hub/session/d14f4b32-fd56-4fb9-bc17-02481a91337d/elements [39m[32m200[39m [90m137 ms - 124[39m
[35m[HTTP][39m [90m[39m
[35m[HTTP][39m [37m-->[39m [37mGET[39m [37m/wd/hub/session/d14f4b32-fd56-4fb9-bc17-02481a91337d[39m
[35m[HTTP][39m [90m{}[39m
[35m[HTTP][39m [37m<-- GET /wd/hub/session/d14f4b32-fd56-4fb9-bc17-02481a91337d [39m[32m200[39m [90m25 ms - 1133[39m
[35m[HTTP][39m [90m[39m
[35m[HTTP][39m [37m-->[39m [37mGET[39m [37m/wd/hub/session/d14f4b32-fd56-4fb9-bc17-02481a91337d[39m
[35m[HTTP][39m [90m{}[39m
[35m[HTTP][39m [37m<-- GET /wd/hub/session/d14f4b32-fd56-4fb9-bc17-02481a91337d [39m[32m200[39m [90m24 ms - 1133[39m
[35m[HTTP][39m [90m[39m
[35m[HTTP][39m [37m-->[39m [37mGET[39m [37m/wd/hub/session/d14f4b32-fd56-4fb9-bc17-02481a91337d[39m
[35m[HTTP][39m [90m{}[39m
[35m[HTTP][39m [37m<-- GET /wd/hub/session/d14f4b32-fd56-4fb9-bc17-02481a91337d [39m[32m200[39m [90m26 ms - 1133[39m
[35m[HTTP][39m [90m[39m
[35m[HTTP][39m [37m-->[39m [37mGET[39m [37m/wd/hub/session/d14f4b32-fd56-4fb9-bc17-02481a91337d[39m
[35m[HTTP][39m [90m{}[39m
[35m[HTTP][39m [37m<-- GET /wd/hub/session/d14f4b32-fd56-4fb9-bc17-02481a91337d [39m[32m200[39m [90m27 ms - 1133[39m
[35m[HTTP][39m [90m[39m
[35m[HTTP][39m [37m-->[39m [37mGET[39m [37m/wd/hub/session/d14f4b32-fd56-4fb9-bc17-02481a91337d/element/00779048-35f2-4167-ba84-82fc2fffea20/location[39m
[35m[HTTP][39m [90m{}[39m
[35m[W3C][39m Driver proxy active, passing request on via HTTP proxy
[35m[JSONWP Proxy][39m Replacing sessionId 4cb83cf9-b6d4-4a7e-865d-0a6dbb376870 with d14f4b32-fd56-4fb9-bc17-02481a91337d
[35m[HTTP][39m [37m<-- GET /wd/hub/session/d14f4b32-fd56-4fb9-bc17-02481a91337d/element/00779048-35f2-4167-ba84-82fc2fffea20/location [39m[32m200[39m [90m46 ms - 87[39m
[35m[HTTP][39m [90m[39m
[35m[HTTP][39m [37m-->[39m [37mGET[39m [37m/wd/hub/session/d14f4b32-fd56-4fb9-bc17-02481a91337d/element/00779048-35f2-4167-ba84-82fc2fffea20/attribute/resourceId[39m
[35m[HTTP][39m [90m{}[39m
[35m[HTTP][39m [37m<-- GET /wd/hub/session/d14f4b32-fd56-4fb9-bc17-02481a91337d/element/00779048-35f2-4167-ba84-82fc2fffea20/attribute/resourceId [39m[32m200[39m [90m117 ms - 106[39m
[35m[HTTP][39m [90m[39m
[35m[HTTP][39m [37m-->[39m [37mGET[39m [37m/wd/hub/session/d14f4b32-fd56-4fb9-bc17-02481a91337d/window/current/size[39m
[35m[HTTP][39m [90m{}[39m
[35m[W3C][39m Driver proxy active, passing request on via HTTP proxy
[35m[JSONWP Proxy][39m Replacing sessionId 4cb83cf9-b6d4-4a7e-865d-0a6dbb376870 with d14f4b32-fd56-4fb9-bc17-02481a91337d
[35m[HTTP][39m [37m<-- GET /wd/hub/session/d14f4b32-fd56-4fb9-bc17-02481a91337d/window/current/size [39m[32m200[39m [90m40 ms - 100[39m
[35m[HTTP][39m [90m[39m
[35m[HTTP][39m [37m-->[39m [37mPOST[39m [37m/wd/hub/session/d14f4b32-fd56-4fb9-bc17-02481a91337d/elements[39m
[35m[HTTP][39m [90m{"using":"-android uiautomator","value":"new UiSelector().className(\"android.widget.TextView\").text(\"IN EVIDENZA\").resourceId(\"it.sky.msa:id/heroPromoTextView\").instance(6)"}[39m
[35m[HTTP][39m [37m<-- POST /wd/hub/session/d14f4b32-fd56-4fb9-bc17-02481a91337d/elements [39m[32m200[39m [90m103 ms - 124[39m
[35m[HTTP][39m [90m[39m
[35m[HTTP][39m [37m-->[39m [37mGET[39m [37m/wd/hub/session/d14f4b32-fd56-4fb9-bc17-02481a91337d[39m
[35m[HTTP][39m [90m{}[39m
[35m[HTTP][39m [37m<-- GET /wd/hub/session/d14f4b32-fd56-4fb9-bc17-02481a91337d [39m[32m200[39m [90m22 ms - 1133[39m
[35m[HTTP][39m [90m[39m
[35m[HTTP][39m [37m-->[39m [37mGET[39m [37m/wd/hub/session/d14f4b32-fd56-4fb9-bc17-02481a91337d[39m
[35m[HTTP][39m [90m{}[39m
[35m[HTTP][39m [37m<-- GET /wd/hub/session/d14f4b32-fd56-4fb9-bc17-02481a91337d [39m[32m200[39m [90m20 ms - 1133[39m
[35m[HTTP][39m [90m[39m
[35m[HTTP][39m [37m-->[39m [37mGET[39m [37m/wd/hub/session/d14f4b32-fd56-4fb9-bc17-02481a91337d[39m
[35m[HTTP][39m [90m{}[39m
[35m[HTTP][39m [37m<-- GET /wd/hub/session/d14f4b32-fd56-4fb9-bc17-02481a91337d [39m[32m200[39m [90m23 ms - 1133[39m
[35m[HTTP][39m [90m[39m
[35m[HTTP][39m [37m-->[39m [37mGET[39m [37m/wd/hub/session/d14f4b32-fd56-4fb9-bc17-02481a91337d[39m
[35m[HTTP][39m [90m{}[39m
[35m[HTTP][39m [37m<-- GET /wd/hub/session/d14f4b32-fd56-4fb9-bc17-02481a91337d [39m[32m200[39m [90m29 ms - 1133[39m
[35m[HTTP][39m [90m[39m
[35m[HTTP][39m [37m-->[39m [37mGET[39m [37m/wd/hub/session/d14f4b32-fd56-4fb9-bc17-02481a91337d/element/556c3c7a-c8b2-486a-a159-198594f8efee/location[39m
[35m[HTTP][39m [90m{}[39m
[35m[W3C][39m Driver proxy active, passing request on via HTTP proxy
[35m[JSONWP Proxy][39m Replacing sessionId 4cb83cf9-b6d4-4a7e-865d-0a6dbb376870 with d14f4b32-fd56-4fb9-bc17-02481a91337d
[35m[HTTP][39m [37m<-- GET /wd/hub/session/d14f4b32-fd56-4fb9-bc17-02481a91337d/element/556c3c7a-c8b2-486a-a159-198594f8efee/location [39m[32m200[39m [90m57 ms - 88[39m
[35m[HTTP][39m [90m[39m
[35m[HTTP][39m [37m-->[39m [37mGET[39m [37m/wd/hub/session/d14f4b32-fd56-4fb9-bc17-02481a91337d/element/556c3c7a-c8b2-486a-a159-198594f8efee/text[39m
[35m[HTTP][39m [90m{}[39m
[35m[W3C][39m Driver proxy active, passing request on via HTTP proxy
[35m[JSONWP Proxy][39m Replacing sessionId 4cb83cf9-b6d4-4a7e-865d-0a6dbb376870 with d14f4b32-fd56-4fb9-bc17-02481a91337d
[35m[HTTP][39m [37m<-- GET /wd/hub/session/d14f4b32-fd56-4fb9-bc17-02481a91337d/element/556c3c7a-c8b2-486a-a159-198594f8efee/text [39m[32m200[39m [90m98 ms - 85[39m
[35m[HTTP][39m [90m[39m
[35m[HTTP][39m [37m-->[39m [37mGET[39m [37m/wd/hub/session/d14f4b32-fd56-4fb9-bc17-02481a91337d/window/current/size[39m
[35m[HTTP][39m [90m{}[39m
[35m[W3C][39m Driver proxy active, passing request on via HTTP proxy
[35m[JSONWP Proxy][39m Replacing sessionId 4cb83cf9-b6d4-4a7e-865d-0a6dbb376870 with d14f4b32-fd56-4fb9-bc17-02481a91337d
[35m[HTTP][39m [37m<-- GET /wd/hub/session/d14f4b32-fd56-4fb9-bc17-02481a91337d/window/current/size [39m[32m200[39m [90m47 ms - 100[39m
[35m[HTTP][39m [90m[39m
[35m[HTTP][39m [37m-->[39m [37mPOST[39m [37m/wd/hub/session/d14f4b32-fd56-4fb9-bc17-02481a91337d/elements[39m
[35m[HTTP][39m [90m{"using":"-android uiautomator","value":"new UiSelector().className(\"android.widget.TextView\").resourceId(\"it.sky.msa:id/heroTitleTextView\").instance(7)"}[39m
[35m[HTTP][39m [37m<-- POST /wd/hub/session/d14f4b32-fd56-4fb9-bc17-02481a91337d/elements [39m[32m200[39m [90m110 ms - 124[39m
[35m[HTTP][39m [90m[39m
[35m[HTTP][39m [37m-->[39m [37mGET[39m [37m/wd/hub/session/d14f4b32-fd56-4fb9-bc17-02481a91337d[39m
[35m[HTTP][39m [90m{}[39m
[35m[HTTP][39m [37m<-- GET /wd/hub/session/d14f4b32-fd56-4fb9-bc17-02481a91337d [39m[32m200[39m [90m30 ms - 1133[39m
[35m[HTTP][39m [90m[39m
[35m[HTTP][39m [37m-->[39m [37mGET[39m [37m/wd/hub/session/d14f4b32-fd56-4fb9-bc17-02481a91337d[39m
[35m[HTTP][39m [90m{}[39m
[35m[HTTP][39m [37m<-- GET /wd/hub/session/d14f4b32-fd56-4fb9-bc17-02481a91337d [39m[32m200[39m [90m29 ms - 1133[39m
[35m[HTTP][39m [90m[39m
[35m[HTTP][39m [37m-->[39m [37mGET[39m [37m/wd/hub/session/d14f4b32-fd56-4fb9-bc17-02481a91337d[39m
[35m[HTTP][39m [90m{}[39m
[35m[HTTP][39m [37m<-- GET /wd/hub/session/d14f4b32-fd56-4fb9-bc17-02481a91337d [39m[32m200[39m [90m30 ms - 1133[39m
[35m[HTTP][39m [90m[39m
[35m[HTTP][39m [37m-->[39m [37mGET[39m [37m/wd/hub/session/d14f4b32-fd56-4fb9-bc17-02481a91337d[39m
[35m[HTTP][39m [90m{}[39m
[35m[HTTP][39m [37m<-- GET /wd/hub/session/d14f4b32-fd56-4fb9-bc17-02481a91337d [39m[32m200[39m [90m38 ms - 1133[39m
[35m[HTTP][39m [90m[39m
[35m[HTTP][39m [37m-->[39m [37mGET[39m [37m/wd/hub/session/d14f4b32-fd56-4fb9-bc17-02481a91337d/element/fcbd9e0d-1c9c-4c75-8dda-7d578a555949/location[39m
[35m[HTTP][39m [90m{}[39m
[35m[W3C][39m Driver proxy active, passing request on via HTTP proxy
[35m[JSONWP Proxy][39m Replacing sessionId 4cb83cf9-b6d4-4a7e-865d-0a6dbb376870 with d14f4b32-fd56-4fb9-bc17-02481a91337d
[35m[HTTP][39m [37m<-- GET /wd/hub/session/d14f4b32-fd56-4fb9-bc17-02481a91337d/element/fcbd9e0d-1c9c-4c75-8dda-7d578a555949/location [39m[32m200[39m [90m68 ms - 88[39m
[35m[HTTP][39m [90m[39m
[35m[HTTP][39m [37m-->[39m [37mGET[39m [37m/wd/hub/session/d14f4b32-fd56-4fb9-bc17-02481a91337d/window/current/size[39m
[35m[HTTP][39m [90m{}[39m
[35m[W3C][39m Driver proxy active, passing request on via HTTP proxy
[35m[JSONWP Proxy][39m Replacing sessionId 4cb83cf9-b6d4-4a7e-865d-0a6dbb376870 with d14f4b32-fd56-4fb9-bc17-02481a91337d
[35m[HTTP][39m [37m<-- GET /wd/hub/session/d14f4b32-fd56-4fb9-bc17-02481a91337d/window/current/size [39m[32m200[39m [90m32 ms - 100[39m
[35m[HTTP][39m [90m[39m
[35m[HTTP][39m [37m-->[39m [37mPOST[39m [37m/wd/hub/session/d14f4b32-fd56-4fb9-bc17-02481a91337d/elements[39m
[35m[HTTP][39m [90m{"using":"-android uiautomator","value":"new UiSelector().className(\"android.widget.TextView\").resourceId(\"it.sky.msa:id/heroCaptionTextView\").instance(8)"}[39m
[35m[HTTP][39m [37m<-- POST /wd/hub/session/d14f4b32-fd56-4fb9-bc17-02481a91337d/elements [39m[32m200[39m [90m80 ms - 124[39m
[35m[HTTP][39m [90m[39m
[35m[HTTP][39m [37m-->[39m [37mGET[39m [37m/wd/hub/session/d14f4b32-fd56-4fb9-bc17-02481a91337d[39m
[35m[HTTP][39m [90m{}[39m
[35m[HTTP][39m [37m<-- GET /wd/hub/session/d14f4b32-fd56-4fb9-bc17-02481a91337d [39m[32m200[39m [90m25 ms - 1133[39m
[35m[HTTP][39m [90m[39m
[35m[HTTP][39m [37m-->[39m [37mGET[39m [37m/wd/hub/session/d14f4b32-fd56-4fb9-bc17-02481a91337d[39m
[35m[HTTP][39m [90m{}[39m
[35m[HTTP][39m [37m<-- GET /wd/hub/session/d14f4b32-fd56-4fb9-bc17-02481a91337d [39m[32m200[39m [90m24 ms - 1133[39m
[35m[HTTP][39m [90m[39m
[35m[HTTP][39m [37m-->[39m [37mGET[39m [37m/wd/hub/session/d14f4b32-fd56-4fb9-bc17-02481a91337d[39m
[35m[HTTP][39m [90m{}[39m
[35m[HTTP][39m [37m<-- GET /wd/hub/session/d14f4b32-fd56-4fb9-bc17-02481a91337d [39m[32m200[39m [90m31 ms - 1133[39m
[35m[HTTP][39m [90m[39m
[35m[HTTP][39m [37m-->[39m [37mGET[39m [37m/wd/hub/session/d14f4b32-fd56-4fb9-bc17-02481a91337d[39m
[35m[HTTP][39m [90m{}[39m
[35m[HTTP][39m [37m<-- GET /wd/hub/session/d14f4b32-fd56-4fb9-bc17-02481a91337d [39m[32m200[39m [90m27 ms - 1133[39m
[35m[HTTP][39m [90m[39m
[35m[HTTP][39m [37m-->[39m [37mGET[39m [37m/wd/hub/session/d14f4b32-fd56-4fb9-bc17-02481a91337d/element/41f6ffce-8c73-4807-a87f-8ca1cda6bc92/location[39m
[35m[HTTP][39m [90m{}[39m
[35m[W3C][39m Driver proxy active, passing request on via HTTP proxy
[35m[JSONWP Proxy][39m Replacing sessionId 4cb83cf9-b6d4-4a7e-865d-0a6dbb376870 with d14f4b32-fd56-4fb9-bc17-02481a91337d
[35m[HTTP][39m [37m<-- GET /wd/hub/session/d14f4b32-fd56-4fb9-bc17-02481a91337d/element/41f6ffce-8c73-4807-a87f-8ca1cda6bc92/location [39m[32m200[39m [90m50 ms - 89[39m
[35m[HTTP][39m [90m[39m
[35m[HTTP][39m [37m-->[39m [37mGET[39m [37m/wd/hub/session/d14f4b32-fd56-4fb9-bc17-02481a91337d/window/current/size[39m
[35m[HTTP][39m [90m{}[39m
[35m[W3C][39m Driver proxy active, passing request on via HTTP proxy
[35m[JSONWP Proxy][39m Replacing sessionId 4cb83cf9-b6d4-4a7e-865d-0a6dbb376870 with d14f4b32-fd56-4fb9-bc17-02481a91337d
[35m[HTTP][39m [37m<-- GET /wd/hub/session/d14f4b32-fd56-4fb9-bc17-02481a91337d/window/current/size [39m[32m200[39m [90m31 ms - 100[39m
[35m[HTTP][39m [90m[39m
[35m[HTTP][39m [37m-->[39m [37mPOST[39m [37m/wd/hub/session/d14f4b32-fd56-4fb9-bc17-02481a91337d/elements[39m
[35m[HTTP][39m [90m{"using":"-android uiautomator","value":"new UiSelector().className(\"android.widget.ImageView\").resourceId(\"it.sky.msa:id/heroChannelLogoImageView\").packageName(\"it.sky.msa\").instance(1)"}[39m
[35m[HTTP][39m [37m<-- POST /wd/hub/session/d14f4b32-fd56-4fb9-bc17-02481a91337d/elements [39m[32m200[39m [90m98 ms - 124[39m
[35m[HTTP][39m [90m[39m
[35m[HTTP][39m [37m-->[39m [37mGET[39m [37m/wd/hub/session/d14f4b32-fd56-4fb9-bc17-02481a91337d[39m
[35m[HTTP][39m [90m{}[39m
[35m[HTTP][39m [37m<-- GET /wd/hub/session/d14f4b32-fd56-4fb9-bc17-02481a91337d [39m[32m200[39m [90m28 ms - 1133[39m
[35m[HTTP][39m [90m[39m
[35m[HTTP][39m [37m-->[39m [37mGET[39m [37m/wd/hub/session/d14f4b32-fd56-4fb9-bc17-02481a91337d[39m
[35m[HTTP][39m [90m{}[39m
[35m[HTTP][39m [37m<-- GET /wd/hub/session/d14f4b32-fd56-4fb9-bc17-02481a91337d [39m[32m200[39m [90m25 ms - 1133[39m
[35m[HTTP][39m [90m[39m
[35m[HTTP][39m [37m-->[39m [37mGET[39m [37m/wd/hub/session/d14f4b32-fd56-4fb9-bc17-02481a91337d[39m
[35m[HTTP][39m [90m{}[39m
[35m[HTTP][39m [37m<-- GET /wd/hub/session/d14f4b32-fd56-4fb9-bc17-02481a91337d [39m[32m200[39m [90m26 ms - 1133[39m
[35m[HTTP][39m [90m[39m
[35m[HTTP][39m [37m-->[39m [37mGET[39m [37m/wd/hub/session/d14f4b32-fd56-4fb9-bc17-02481a91337d[39m
[35m[HTTP][39m [90m{}[39m
[35m[HTTP][39m [37m<-- GET /wd/hub/session/d14f4b32-fd56-4fb9-bc17-02481a91337d [39m[32m200[39m [90m24 ms - 1133[39m
[35m[HTTP][39m [90m[39m
[35m[HTTP][39m [37m-->[39m [37mGET[39m [37m/wd/hub/session/d14f4b32-fd56-4fb9-bc17-02481a91337d/element/082b54fe-04e2-4b1e-b525-89af864f9cf9/location[39m
[35m[HTTP][39m [90m{}[39m
[35m[W3C][39m Driver proxy active, passing request on via HTTP proxy
[35m[JSONWP Proxy][39m Replacing sessionId 4cb83cf9-b6d4-4a7e-865d-0a6dbb376870 with d14f4b32-fd56-4fb9-bc17-02481a91337d
[35m[HTTP][39m [37m<-- GET /wd/hub/session/d14f4b32-fd56-4fb9-bc17-02481a91337d/element/082b54fe-04e2-4b1e-b525-89af864f9cf9/location [39m[32m200[39m [90m55 ms - 89[39m
[35m[HTTP][39m [90m[39m
[35m[HTTP][39m [37m-->[39m [37mGET[39m [37m/wd/hub/session/d14f4b32-fd56-4fb9-bc17-02481a91337d/element/082b54fe-04e2-4b1e-b525-89af864f9cf9/attribute/resourceId[39m
[35m[HTTP][39m [90m{}[39m
[35m[HTTP][39m [37m<-- GET /wd/hub/session/d14f4b32-fd56-4fb9-bc17-02481a91337d/element/082b54fe-04e2-4b1e-b525-89af864f9cf9/attribute/resourceId [39m[32m200[39m [90m54 ms - 112[39m
[35m[HTTP][39m [90m[39m
[35m[HTTP][39m [37m-->[39m [37mGET[39m [37m/wd/hub/session/d14f4b32-fd56-4fb9-bc17-02481a91337d/context[39m
[35m[HTTP][39m [90m{}[39m
[35m[HTTP][39m [37m<-- GET /wd/hub/session/d14f4b32-fd56-4fb9-bc17-02481a91337d/context [39m[32m200[39m [90m2 ms - 84[39m
[35m[HTTP][39m [90m[39m
[35m[HTTP][39m [37m-->[39m [37mGET[39m [37m/wd/hub/session/d14f4b32-fd56-4fb9-bc17-02481a91337d/contexts[39m
[35m[HTTP][39m [90m{}[39m
[35m[HTTP][39m [37m<-- GET /wd/hub/session/d14f4b32-fd56-4fb9-bc17-02481a91337d/contexts [39m[32m200[39m [90m104 ms - 86[39m
[35m[HTTP][39m [90m[39m
[35m[HTTP][39m [37m-->[39m [37mPOST[39m [37m/wd/hub/session/d14f4b32-fd56-4fb9-bc17-02481a91337d/context[39m
[35m[HTTP][39m [90m{"name":"NATIVE_APP"}[39m
[35m[HTTP][39m [37m<-- POST /wd/hub/session/d14f4b32-fd56-4fb9-bc17-02481a91337d/context [39m[32m200[39m [90m84 ms - 76[39m
[35m[HTTP][39m [90m[39m
[35m[HTTP][39m [37m-->[39m [37mPOST[39m [37m/wd/hub/session/d14f4b32-fd56-4fb9-bc17-02481a91337d/touch/perform[39m
[35m[HTTP][39m [90m{"actions":[{"action":"press","options":{"x":0,"y":1750}},{"action":"wait","options":{"ms":500}},{"action":"moveTo","options":{"x":0,"y":200}}]}[39m
[35m[HTTP][39m [37m<-- POST /wd/hub/session/d14f4b32-fd56-4fb9-bc17-02481a91337d/touch/perform [39m[32m200[39m [90m2182 ms - 76[39m
[35m[HTTP][39m [90m[39m
[35m[HTTP][39m [37m-->[39m [37mPOST[39m [37m/wd/hub/session/d14f4b32-fd56-4fb9-bc17-02481a91337d/context[39m
[35m[HTTP][39m [90m{"name":"NATIVE_APP"}[39m
[35m[HTTP][39m [37m<-- POST /wd/hub/session/d14f4b32-fd56-4fb9-bc17-02481a91337d/context [39m[32m200[39m [90m98 ms - 76[39m
[35m[HTTP][39m [90m[39m
[35m[HTTP][39m [37m-->[39m [37mDELETE[39m [37m/wd/hub/session/d14f4b32-fd56-4fb9-bc17-02481a91337d[39m
[35m[HTTP][39m [90m{}[39m
[35m[Appium][39m Removing session d14f4b32-fd56-4fb9-bc17-02481a91337d from our master session list
[35m[HTTP][39m [37m<-- DELETE /wd/hub/session/d14f4b32-fd56-4fb9-bc17-02481a91337d [39m[32m200[39m [90m317 ms - 76[39m
[35m[HTTP][39m [90m[39m
