[35m[Appium][39m Welcome to Appium v1.8.1
[35m[Appium][39m Non-default server args:
[35m[Appium][39m   port: 49198
[35m[Appium][39m   loglevel: info
[35m[Appium][39m   chromeDriverPort: 49199
[35m[Appium][39m   tmpDir: C:\Users\marco\AppData\Local\Temp\\Katalon\Appium\Temp1551274893963
[35m[Appium][39m Appium REST http interface listener started on 0.0.0.0:49198
[35m[HTTP][39m [37m-->[39m [37mGET[39m [37m/wd/hub/status[39m
[35m[HTTP][39m [90m{}[39m
[35m[HTTP][39m [37m<-- GET /wd/hub/status [39m[32m200[39m [90m53 ms - 83[39m
[35m[HTTP][39m [90m[39m
[35m[HTTP][39m [37m-->[39m [37mPOST[39m [37m/wd/hub/session[39m
[35m[HTTP][39m [90m{"desiredCapabilities":{"app":"C:\\Users\\MSA-testautomation\\59.apk","autoGrantPermissions":true,"automationName":"uiautomator2","deviceName":"samsung SM-G935F (Android 8.0.0)","fullReset":false,"newCommandTimeout":1800,"noReset":true,"platform":"ANDROID","platformName":"Android","udid":"9885f7504651473733"},"capabilities":{"desiredCapabilities":{"app":"C:\\Users\\MSA-testautomation\\59.apk","autoGrantPermissions":true,"automationName":"uiautomator2","deviceName":"samsung SM-G935F (Android 8.0.0)","fullReset":false,"newCommandTimeout":1800,"noReset":true,"platform":"ANDROID","platformName":"Android","udid":"9885f7504651473733"},"firstMatch":[{"platformName":"android"}]}}[39m
[35m[Appium][39m Could not parse W3C capabilities: 'deviceName' can't be blank. Falling back to JSONWP protocol.
[35m[Appium][39m The following capabilities were provided in the JSONWP desired capabilities that are missing in W3C capabilities: ["app","autoGrantPermissions","automationName","deviceName","fullReset","newCommandTimeout","noReset","platform","platformName","udid"]. Falling back to JSONWP protocol.
[35m[Appium][39m Creating new AndroidUiautomator2Driver (v1.12.0) session
[35m[Appium][39m Capabilities:
[35m[Appium][39m   app: C:\Users\MSA-testautomation\59.apk
[35m[Appium][39m   autoGrantPermissions: true
[35m[Appium][39m   automationName: uiautomator2
[35m[Appium][39m   deviceName: samsung SM-G935F (Android 8.0.0)
[35m[Appium][39m   fullReset: false
[35m[Appium][39m   newCommandTimeout: 1800
[35m[Appium][39m   noReset: true
[35m[Appium][39m   platform: ANDROID
[35m[Appium][39m   platformName: Android
[35m[Appium][39m   udid: 9885f7504651473733
[35m[BaseDriver][39m The following capabilities were provided, but are not recognized by appium: platform.
[35m[BaseDriver][39m Session created with session id: 2de0362a-2285-4ab2-9f95-f5a6726d1119
[35m[BaseDriver][39m Using local app 'C:\Users\MSA-testautomation\59.apk'
[35m[AndroidDriver][39m Java version is: 1.8.0_181
[35m[ADB][39m Checking whether adb is present
[35m[ADB][39m Found 1 'build-tools' folders under 'C:\Users\marco\.katalon\tools\android_sdk' (newest first):
[35m[ADB][39m     C:/Users/marco/.katalon/tools/android_sdk/build-tools/28.0.3
[35m[ADB][39m Using adb.exe from C:\Users\marco\.katalon\tools\android_sdk\platform-tools\adb.exe
[35m[AndroidDriver][39m Retrieving device list
[35m[AndroidDriver][39m Using device: 9885f7504651473733
[35m[ADB][39m Using the alternative activity name detection method because of: Could not find apkanalyzer.bat in C:\Users\marco\.katalon\tools\android_sdk\platform-tools\apkanalyzer.bat,C:\Users\marco\.katalon\tools\android_sdk\emulator\apkanalyzer.bat,C:\Users\marco\.katalon\tools\android_sdk\tools\apkanalyzer.bat,C:\Users\marco\.katalon\tools\android_sdk\tools\bin\apkanalyzer.bat,C:\Users\marco\.katalon\tools\android_sdk\build-tools\28.0.3\apkanalyzer.bat. Do you have the Android SDK installed at 'C:\Users\marco\.katalon\tools\android_sdk'?
[35m[ADB][39m Checking whether aapt is present
[35m[ADB][39m Using aapt.exe from C:\Users\marco\.katalon\tools\android_sdk\build-tools\28.0.3\aapt.exe
[35m[ADB][39m Extracting package and launch activity from manifest
[35m[ADB][39m Package name: 'it.sky.msa'
[35m[ADB][39m Main activity name: 'it.sky.msa.welcome.SplashActivity'
[35m[ADB][39m Getting device platform version
[35m[ADB][39m Using apksigner.bat from C:\Users\marco\.katalon\tools\android_sdk\build-tools\28.0.3\apksigner.bat
[35m[ADB][39m Checking whether zipalign is present
[35m[ADB][39m Using zipalign.exe from C:\Users\marco\.katalon\tools\android_sdk\build-tools\28.0.3\zipalign.exe
[35m[ADB][39m io.appium.uiautomator2.server was successfully uninstalled
[35m[ADB][39m io.appium.uiautomator2.server.test was successfully uninstalled
[35m[AndroidDriver][39m setDeviceLanguageCountry requires language or country.
[35m[AndroidDriver][39m Got language: 'null' and country: 'null'
[35m[ADB][39m Successfully extracted 218 strings from 'C:\Users\MSA-testautomation\59.apk' resources for '(default)' configuration
[35m[UiAutomator2][39m Starting uiautomator2 server 1.12.0
[35m[UiAutomator2][39m Using UIAutomator2 server from 'C:\Users\marco\AppData\Roaming\npm\node_modules\appium\node_modules\appium-uiautomator2-server\apks\appium-uiautomator2-server-v1.12.0.apk' and test from 'C:\Users\marco\AppData\Roaming\npm\node_modules\appium\node_modules\appium-uiautomator2-server\apks\appium-uiautomator2-server-debug-androidTest.apk'
[35m[UiAutomator2][39m Running command: 'adb -s 9885f7504651473733 shell am instrument -w io.appium.uiautomator2.server.test/android.support.test.runner.AndroidJUnitRunner'
[35m[UiAutomator2][39m Waiting up to 20000ms for UiAutomator2 to be online...
[35m[AndroidDriver][39m Screen already unlocked, doing nothing
[35m[UiAutomator2][39m UiAutomator2 did not start the activity we were waiting for, 'it.sky.msa/it.sky.msa.welcome.SplashActivity'. Starting it ourselves
[35m[Appium][39m New AndroidUiautomator2Driver session created successfully, session 2de0362a-2285-4ab2-9f95-f5a6726d1119 added to master session list
[35m[HTTP][39m [37m<-- POST /wd/hub/session [39m[32m200[39m [90m21842 ms - 1133[39m
[35m[HTTP][39m [90m[39m
[35m[HTTP][39m [37m-->[39m [37mGET[39m [37m/wd/hub/status[39m
[35m[HTTP][39m [90m{}[39m
[35m[HTTP][39m [37m<-- GET /wd/hub/status [39m[32m200[39m [90m47 ms - 55[39m
[35m[HTTP][39m [90m[39m
[35m[HTTP][39m [37m-->[39m [37mPOST[39m [37m/wd/hub/session/2de0362a-2285-4ab2-9f95-f5a6726d1119/timeouts[39m
[35m[HTTP][39m [90m{"type":"implicit","ms":60000}[39m
[35m[HTTP][39m [37m<-- POST /wd/hub/session/2de0362a-2285-4ab2-9f95-f5a6726d1119/timeouts [39m[33m400[39m [90m14 ms - 5204[39m
[35m[HTTP][39m [90m[39m
[35m[HTTP][39m [37m-->[39m [37mGET[39m [37m/wd/hub/session/2de0362a-2285-4ab2-9f95-f5a6726d1119/window/current/size[39m
[35m[HTTP][39m [90m{}[39m
[35m[W3C][39m Driver proxy active, passing request on via HTTP proxy
[35m[JSONWP Proxy][39m Replacing sessionId e2a44bbd-07e9-4257-99ca-caa9d49d779d with 2de0362a-2285-4ab2-9f95-f5a6726d1119
[35m[HTTP][39m [37m<-- GET /wd/hub/session/2de0362a-2285-4ab2-9f95-f5a6726d1119/window/current/size [39m[32m200[39m [90m112 ms - 100[39m
[35m[HTTP][39m [90m[39m
[35m[HTTP][39m [37m-->[39m [37mPOST[39m [37m/wd/hub/session/2de0362a-2285-4ab2-9f95-f5a6726d1119/elements[39m
[35m[HTTP][39m [90m{"using":"-android uiautomator","value":"new UiSelector().className(\"android.widget.TextView\").text(\"Home\").resourceId(\"it.sky.msa:id/title\").instance(4)"}[39m
[35m[HTTP][39m [37m<-- POST /wd/hub/session/2de0362a-2285-4ab2-9f95-f5a6726d1119/elements [39m[32m200[39m [90m196 ms - 74[39m
[35m[HTTP][39m [90m[39m
[35m[HTTP][39m [37m-->[39m [37mPOST[39m [37m/wd/hub/session/2de0362a-2285-4ab2-9f95-f5a6726d1119/elements[39m
[35m[HTTP][39m [90m{"using":"-android uiautomator","value":"new UiSelector().className(\"android.widget.TextView\").text(\"Home\").resourceId(\"it.sky.msa:id/title\").instance(4)"}[39m
[35m[HTTP][39m [37m<-- POST /wd/hub/session/2de0362a-2285-4ab2-9f95-f5a6726d1119/elements [39m[32m200[39m [90m68 ms - 74[39m
[35m[HTTP][39m [90m[39m
[35m[HTTP][39m [37m-->[39m [37mPOST[39m [37m/wd/hub/session/2de0362a-2285-4ab2-9f95-f5a6726d1119/elements[39m
[35m[HTTP][39m [90m{"using":"-android uiautomator","value":"new UiSelector().className(\"android.widget.TextView\").text(\"Home\").resourceId(\"it.sky.msa:id/title\").instance(4)"}[39m
[35m[HTTP][39m [37m<-- POST /wd/hub/session/2de0362a-2285-4ab2-9f95-f5a6726d1119/elements [39m[32m200[39m [90m58 ms - 74[39m
[35m[HTTP][39m [90m[39m
[35m[HTTP][39m [37m-->[39m [37mPOST[39m [37m/wd/hub/session/2de0362a-2285-4ab2-9f95-f5a6726d1119/elements[39m
[35m[HTTP][39m [90m{"using":"-android uiautomator","value":"new UiSelector().className(\"android.widget.TextView\").text(\"Home\").resourceId(\"it.sky.msa:id/title\").instance(4)"}[39m
[35m[HTTP][39m [37m<-- POST /wd/hub/session/2de0362a-2285-4ab2-9f95-f5a6726d1119/elements [39m[32m200[39m [90m74 ms - 74[39m
[35m[HTTP][39m [90m[39m
[35m[HTTP][39m [37m-->[39m [37mPOST[39m [37m/wd/hub/session/2de0362a-2285-4ab2-9f95-f5a6726d1119/elements[39m
[35m[HTTP][39m [90m{"using":"-android uiautomator","value":"new UiSelector().className(\"android.widget.TextView\").text(\"Home\").resourceId(\"it.sky.msa:id/title\").instance(4)"}[39m
[35m[HTTP][39m [37m<-- POST /wd/hub/session/2de0362a-2285-4ab2-9f95-f5a6726d1119/elements [39m[32m200[39m [90m68 ms - 74[39m
[35m[HTTP][39m [90m[39m
[35m[HTTP][39m [37m-->[39m [37mPOST[39m [37m/wd/hub/session/2de0362a-2285-4ab2-9f95-f5a6726d1119/elements[39m
[35m[HTTP][39m [90m{"using":"-android uiautomator","value":"new UiSelector().className(\"android.widget.TextView\").text(\"Home\").resourceId(\"it.sky.msa:id/title\").instance(4)"}[39m
[35m[HTTP][39m [37m<-- POST /wd/hub/session/2de0362a-2285-4ab2-9f95-f5a6726d1119/elements [39m[32m200[39m [90m62 ms - 74[39m
[35m[HTTP][39m [90m[39m
[35m[HTTP][39m [37m-->[39m [37mPOST[39m [37m/wd/hub/session/2de0362a-2285-4ab2-9f95-f5a6726d1119/elements[39m
[35m[HTTP][39m [90m{"using":"-android uiautomator","value":"new UiSelector().className(\"android.widget.TextView\").text(\"Home\").resourceId(\"it.sky.msa:id/title\").instance(4)"}[39m
[35m[HTTP][39m [37m<-- POST /wd/hub/session/2de0362a-2285-4ab2-9f95-f5a6726d1119/elements [39m[32m200[39m [90m75 ms - 74[39m
[35m[HTTP][39m [90m[39m
[35m[HTTP][39m [37m-->[39m [37mPOST[39m [37m/wd/hub/session/2de0362a-2285-4ab2-9f95-f5a6726d1119/elements[39m
[35m[HTTP][39m [90m{"using":"-android uiautomator","value":"new UiSelector().className(\"android.widget.TextView\").text(\"Home\").resourceId(\"it.sky.msa:id/title\").instance(4)"}[39m
[35m[HTTP][39m [37m<-- POST /wd/hub/session/2de0362a-2285-4ab2-9f95-f5a6726d1119/elements [39m[32m200[39m [90m56 ms - 74[39m
[35m[HTTP][39m [90m[39m
[35m[HTTP][39m [37m-->[39m [37mPOST[39m [37m/wd/hub/session/2de0362a-2285-4ab2-9f95-f5a6726d1119/elements[39m
[35m[HTTP][39m [90m{"using":"-android uiautomator","value":"new UiSelector().className(\"android.widget.TextView\").text(\"Home\").resourceId(\"it.sky.msa:id/title\").instance(4)"}[39m
[35m[HTTP][39m [37m<-- POST /wd/hub/session/2de0362a-2285-4ab2-9f95-f5a6726d1119/elements [39m[32m200[39m [90m53 ms - 74[39m
[35m[HTTP][39m [90m[39m
[35m[HTTP][39m [37m-->[39m [37mPOST[39m [37m/wd/hub/session/2de0362a-2285-4ab2-9f95-f5a6726d1119/elements[39m
[35m[HTTP][39m [90m{"using":"-android uiautomator","value":"new UiSelector().className(\"android.widget.TextView\").text(\"Home\").resourceId(\"it.sky.msa:id/title\").instance(4)"}[39m
[35m[HTTP][39m [37m<-- POST /wd/hub/session/2de0362a-2285-4ab2-9f95-f5a6726d1119/elements [39m[32m200[39m [90m54 ms - 74[39m
[35m[HTTP][39m [90m[39m
[35m[HTTP][39m [37m-->[39m [37mPOST[39m [37m/wd/hub/session/2de0362a-2285-4ab2-9f95-f5a6726d1119/elements[39m
[35m[HTTP][39m [90m{"using":"-android uiautomator","value":"new UiSelector().className(\"android.widget.TextView\").text(\"Home\").resourceId(\"it.sky.msa:id/title\").instance(4)"}[39m
[35m[HTTP][39m [37m<-- POST /wd/hub/session/2de0362a-2285-4ab2-9f95-f5a6726d1119/elements [39m[32m200[39m [90m78 ms - 74[39m
[35m[HTTP][39m [90m[39m
[35m[HTTP][39m [37m-->[39m [37mPOST[39m [37m/wd/hub/session/2de0362a-2285-4ab2-9f95-f5a6726d1119/elements[39m
[35m[HTTP][39m [90m{"using":"-android uiautomator","value":"new UiSelector().className(\"android.widget.TextView\").text(\"Home\").resourceId(\"it.sky.msa:id/title\").instance(4)"}[39m
[35m[HTTP][39m [37m<-- POST /wd/hub/session/2de0362a-2285-4ab2-9f95-f5a6726d1119/elements [39m[32m200[39m [90m73 ms - 74[39m
[35m[HTTP][39m [90m[39m
[35m[HTTP][39m [37m-->[39m [37mPOST[39m [37m/wd/hub/session/2de0362a-2285-4ab2-9f95-f5a6726d1119/elements[39m
[35m[HTTP][39m [90m{"using":"-android uiautomator","value":"new UiSelector().className(\"android.widget.TextView\").text(\"Home\").resourceId(\"it.sky.msa:id/title\").instance(4)"}[39m
[35m[HTTP][39m [37m<-- POST /wd/hub/session/2de0362a-2285-4ab2-9f95-f5a6726d1119/elements [39m[32m200[39m [90m75 ms - 74[39m
[35m[HTTP][39m [90m[39m
[35m[HTTP][39m [37m-->[39m [37mPOST[39m [37m/wd/hub/session/2de0362a-2285-4ab2-9f95-f5a6726d1119/elements[39m
[35m[HTTP][39m [90m{"using":"-android uiautomator","value":"new UiSelector().className(\"android.widget.TextView\").text(\"Home\").resourceId(\"it.sky.msa:id/title\").instance(4)"}[39m
[35m[HTTP][39m [37m<-- POST /wd/hub/session/2de0362a-2285-4ab2-9f95-f5a6726d1119/elements [39m[32m200[39m [90m83 ms - 74[39m
[35m[HTTP][39m [90m[39m
[35m[HTTP][39m [37m-->[39m [37mPOST[39m [37m/wd/hub/session/2de0362a-2285-4ab2-9f95-f5a6726d1119/elements[39m
[35m[HTTP][39m [90m{"using":"-android uiautomator","value":"new UiSelector().className(\"android.widget.TextView\").text(\"Home\").resourceId(\"it.sky.msa:id/title\").instance(4)"}[39m
[35m[HTTP][39m [37m<-- POST /wd/hub/session/2de0362a-2285-4ab2-9f95-f5a6726d1119/elements [39m[32m200[39m [90m68 ms - 74[39m
[35m[HTTP][39m [90m[39m
[35m[HTTP][39m [37m-->[39m [37mPOST[39m [37m/wd/hub/session/2de0362a-2285-4ab2-9f95-f5a6726d1119/elements[39m
[35m[HTTP][39m [90m{"using":"-android uiautomator","value":"new UiSelector().className(\"android.widget.TextView\").text(\"Home\").resourceId(\"it.sky.msa:id/title\").instance(4)"}[39m
[35m[HTTP][39m [37m<-- POST /wd/hub/session/2de0362a-2285-4ab2-9f95-f5a6726d1119/elements [39m[32m200[39m [90m69 ms - 74[39m
[35m[HTTP][39m [90m[39m
[35m[HTTP][39m [37m-->[39m [37mPOST[39m [37m/wd/hub/session/2de0362a-2285-4ab2-9f95-f5a6726d1119/elements[39m
[35m[HTTP][39m [90m{"using":"-android uiautomator","value":"new UiSelector().className(\"android.widget.TextView\").text(\"Home\").resourceId(\"it.sky.msa:id/title\").instance(4)"}[39m
[35m[HTTP][39m [37m<-- POST /wd/hub/session/2de0362a-2285-4ab2-9f95-f5a6726d1119/elements [39m[32m200[39m [90m61 ms - 74[39m
[35m[HTTP][39m [90m[39m
[35m[HTTP][39m [37m-->[39m [37mPOST[39m [37m/wd/hub/session/2de0362a-2285-4ab2-9f95-f5a6726d1119/elements[39m
[35m[HTTP][39m [90m{"using":"-android uiautomator","value":"new UiSelector().className(\"android.widget.TextView\").text(\"Home\").resourceId(\"it.sky.msa:id/title\").instance(4)"}[39m
[35m[HTTP][39m [37m<-- POST /wd/hub/session/2de0362a-2285-4ab2-9f95-f5a6726d1119/elements [39m[32m200[39m [90m70 ms - 74[39m
[35m[HTTP][39m [90m[39m
[35m[HTTP][39m [37m-->[39m [37mPOST[39m [37m/wd/hub/session/2de0362a-2285-4ab2-9f95-f5a6726d1119/elements[39m
[35m[HTTP][39m [90m{"using":"-android uiautomator","value":"new UiSelector().className(\"android.widget.TextView\").text(\"Home\").resourceId(\"it.sky.msa:id/title\").instance(4)"}[39m
[35m[HTTP][39m [37m<-- POST /wd/hub/session/2de0362a-2285-4ab2-9f95-f5a6726d1119/elements [39m[32m200[39m [90m76 ms - 74[39m
[35m[HTTP][39m [90m[39m
[35m[HTTP][39m [37m-->[39m [37mPOST[39m [37m/wd/hub/session/2de0362a-2285-4ab2-9f95-f5a6726d1119/elements[39m
[35m[HTTP][39m [90m{"using":"-android uiautomator","value":"new UiSelector().className(\"android.widget.TextView\").text(\"Home\").resourceId(\"it.sky.msa:id/title\").instance(4)"}[39m
[35m[HTTP][39m [37m<-- POST /wd/hub/session/2de0362a-2285-4ab2-9f95-f5a6726d1119/elements [39m[32m200[39m [90m76 ms - 74[39m
[35m[HTTP][39m [90m[39m
[35m[HTTP][39m [37m-->[39m [37mPOST[39m [37m/wd/hub/session/2de0362a-2285-4ab2-9f95-f5a6726d1119/elements[39m
[35m[HTTP][39m [90m{"using":"-android uiautomator","value":"new UiSelector().className(\"android.widget.TextView\").text(\"Home\").resourceId(\"it.sky.msa:id/title\").instance(4)"}[39m
[35m[HTTP][39m [37m<-- POST /wd/hub/session/2de0362a-2285-4ab2-9f95-f5a6726d1119/elements [39m[32m200[39m [90m83 ms - 74[39m
[35m[HTTP][39m [90m[39m
[35m[HTTP][39m [37m-->[39m [37mPOST[39m [37m/wd/hub/session/2de0362a-2285-4ab2-9f95-f5a6726d1119/elements[39m
[35m[HTTP][39m [90m{"using":"-android uiautomator","value":"new UiSelector().className(\"android.widget.TextView\").text(\"Home\").resourceId(\"it.sky.msa:id/title\").instance(4)"}[39m
[35m[HTTP][39m [37m<-- POST /wd/hub/session/2de0362a-2285-4ab2-9f95-f5a6726d1119/elements [39m[32m200[39m [90m70 ms - 74[39m
[35m[HTTP][39m [90m[39m
[35m[HTTP][39m [37m-->[39m [37mPOST[39m [37m/wd/hub/session/2de0362a-2285-4ab2-9f95-f5a6726d1119/elements[39m
[35m[HTTP][39m [90m{"using":"-android uiautomator","value":"new UiSelector().className(\"android.widget.TextView\").text(\"Home\").resourceId(\"it.sky.msa:id/title\").instance(4)"}[39m
[35m[HTTP][39m [37m<-- POST /wd/hub/session/2de0362a-2285-4ab2-9f95-f5a6726d1119/elements [39m[32m200[39m [90m69 ms - 74[39m
[35m[HTTP][39m [90m[39m
[35m[HTTP][39m [37m-->[39m [37mPOST[39m [37m/wd/hub/session/2de0362a-2285-4ab2-9f95-f5a6726d1119/elements[39m
[35m[HTTP][39m [90m{"using":"-android uiautomator","value":"new UiSelector().className(\"android.widget.TextView\").text(\"Home\").resourceId(\"it.sky.msa:id/title\").instance(4)"}[39m
[35m[HTTP][39m [37m<-- POST /wd/hub/session/2de0362a-2285-4ab2-9f95-f5a6726d1119/elements [39m[32m200[39m [90m67 ms - 74[39m
[35m[HTTP][39m [90m[39m
[35m[HTTP][39m [37m-->[39m [37mPOST[39m [37m/wd/hub/session/2de0362a-2285-4ab2-9f95-f5a6726d1119/elements[39m
[35m[HTTP][39m [90m{"using":"-android uiautomator","value":"new UiSelector().className(\"android.widget.TextView\").text(\"Home\").resourceId(\"it.sky.msa:id/title\").instance(4)"}[39m
[35m[HTTP][39m [37m<-- POST /wd/hub/session/2de0362a-2285-4ab2-9f95-f5a6726d1119/elements [39m[32m200[39m [90m75 ms - 74[39m
[35m[HTTP][39m [90m[39m
[35m[HTTP][39m [37m-->[39m [37mPOST[39m [37m/wd/hub/session/2de0362a-2285-4ab2-9f95-f5a6726d1119/elements[39m
[35m[HTTP][39m [90m{"using":"-android uiautomator","value":"new UiSelector().className(\"android.widget.TextView\").text(\"Home\").resourceId(\"it.sky.msa:id/title\").instance(4)"}[39m
[35m[HTTP][39m [37m<-- POST /wd/hub/session/2de0362a-2285-4ab2-9f95-f5a6726d1119/elements [39m[32m200[39m [90m70 ms - 74[39m
[35m[HTTP][39m [90m[39m
[35m[HTTP][39m [37m-->[39m [37mPOST[39m [37m/wd/hub/session/2de0362a-2285-4ab2-9f95-f5a6726d1119/elements[39m
[35m[HTTP][39m [90m{"using":"-android uiautomator","value":"new UiSelector().className(\"android.widget.TextView\").text(\"Home\").resourceId(\"it.sky.msa:id/title\").instance(4)"}[39m
[35m[HTTP][39m [37m<-- POST /wd/hub/session/2de0362a-2285-4ab2-9f95-f5a6726d1119/elements [39m[32m200[39m [90m65 ms - 74[39m
[35m[HTTP][39m [90m[39m
[35m[HTTP][39m [37m-->[39m [37mPOST[39m [37m/wd/hub/session/2de0362a-2285-4ab2-9f95-f5a6726d1119/elements[39m
[35m[HTTP][39m [90m{"using":"-android uiautomator","value":"new UiSelector().className(\"android.widget.TextView\").text(\"Home\").resourceId(\"it.sky.msa:id/title\").instance(4)"}[39m
[35m[HTTP][39m [37m<-- POST /wd/hub/session/2de0362a-2285-4ab2-9f95-f5a6726d1119/elements [39m[32m200[39m [90m66 ms - 74[39m
[35m[HTTP][39m [90m[39m
[35m[HTTP][39m [37m-->[39m [37mPOST[39m [37m/wd/hub/session/2de0362a-2285-4ab2-9f95-f5a6726d1119/elements[39m
[35m[HTTP][39m [90m{"using":"-android uiautomator","value":"new UiSelector().className(\"android.widget.TextView\").text(\"Home\").resourceId(\"it.sky.msa:id/title\").instance(4)"}[39m
[35m[HTTP][39m [37m<-- POST /wd/hub/session/2de0362a-2285-4ab2-9f95-f5a6726d1119/elements [39m[32m200[39m [90m64 ms - 74[39m
[35m[HTTP][39m [90m[39m
[35m[HTTP][39m [37m-->[39m [37mPOST[39m [37m/wd/hub/session/2de0362a-2285-4ab2-9f95-f5a6726d1119/elements[39m
[35m[HTTP][39m [90m{"using":"-android uiautomator","value":"new UiSelector().className(\"android.widget.TextView\").text(\"Home\").resourceId(\"it.sky.msa:id/title\").instance(4)"}[39m
[35m[HTTP][39m [37m<-- POST /wd/hub/session/2de0362a-2285-4ab2-9f95-f5a6726d1119/elements [39m[32m200[39m [90m60 ms - 74[39m
[35m[HTTP][39m [90m[39m
[35m[HTTP][39m [37m-->[39m [37mPOST[39m [37m/wd/hub/session/2de0362a-2285-4ab2-9f95-f5a6726d1119/elements[39m
[35m[HTTP][39m [90m{"using":"-android uiautomator","value":"new UiSelector().className(\"android.widget.TextView\").text(\"Home\").resourceId(\"it.sky.msa:id/title\").instance(4)"}[39m
[35m[HTTP][39m [37m<-- POST /wd/hub/session/2de0362a-2285-4ab2-9f95-f5a6726d1119/elements [39m[32m200[39m [90m66 ms - 74[39m
[35m[HTTP][39m [90m[39m
[35m[HTTP][39m [37m-->[39m [37mPOST[39m [37m/wd/hub/session/2de0362a-2285-4ab2-9f95-f5a6726d1119/elements[39m
[35m[HTTP][39m [90m{"using":"-android uiautomator","value":"new UiSelector().className(\"android.widget.TextView\").text(\"Home\").resourceId(\"it.sky.msa:id/title\").instance(4)"}[39m
[35m[HTTP][39m [37m<-- POST /wd/hub/session/2de0362a-2285-4ab2-9f95-f5a6726d1119/elements [39m[32m200[39m [90m61 ms - 74[39m
[35m[HTTP][39m [90m[39m
[35m[HTTP][39m [37m-->[39m [37mPOST[39m [37m/wd/hub/session/2de0362a-2285-4ab2-9f95-f5a6726d1119/elements[39m
[35m[HTTP][39m [90m{"using":"-android uiautomator","value":"new UiSelector().className(\"android.widget.TextView\").text(\"Home\").resourceId(\"it.sky.msa:id/title\").instance(4)"}[39m
[35m[HTTP][39m [37m<-- POST /wd/hub/session/2de0362a-2285-4ab2-9f95-f5a6726d1119/elements [39m[32m200[39m [90m910 ms - 124[39m
[35m[HTTP][39m [90m[39m
[35m[HTTP][39m [37m-->[39m [37mGET[39m [37m/wd/hub/session/2de0362a-2285-4ab2-9f95-f5a6726d1119[39m
[35m[HTTP][39m [90m{}[39m
[35m[HTTP][39m [37m<-- GET /wd/hub/session/2de0362a-2285-4ab2-9f95-f5a6726d1119 [39m[32m200[39m [90m31 ms - 1133[39m
[35m[HTTP][39m [90m[39m
[35m[HTTP][39m [37m-->[39m [37mGET[39m [37m/wd/hub/session/2de0362a-2285-4ab2-9f95-f5a6726d1119[39m
[35m[HTTP][39m [90m{}[39m
[35m[HTTP][39m [37m<-- GET /wd/hub/session/2de0362a-2285-4ab2-9f95-f5a6726d1119 [39m[32m200[39m [90m31 ms - 1133[39m
[35m[HTTP][39m [90m[39m
[35m[HTTP][39m [37m-->[39m [37mGET[39m [37m/wd/hub/session/2de0362a-2285-4ab2-9f95-f5a6726d1119[39m
[35m[HTTP][39m [90m{}[39m
[35m[HTTP][39m [37m<-- GET /wd/hub/session/2de0362a-2285-4ab2-9f95-f5a6726d1119 [39m[32m200[39m [90m25 ms - 1133[39m
[35m[HTTP][39m [90m[39m
[35m[HTTP][39m [37m-->[39m [37mGET[39m [37m/wd/hub/session/2de0362a-2285-4ab2-9f95-f5a6726d1119[39m
[35m[HTTP][39m [90m{}[39m
[35m[HTTP][39m [37m<-- GET /wd/hub/session/2de0362a-2285-4ab2-9f95-f5a6726d1119 [39m[32m200[39m [90m30 ms - 1133[39m
[35m[HTTP][39m [90m[39m
[35m[HTTP][39m [37m-->[39m [37mGET[39m [37m/wd/hub/session/2de0362a-2285-4ab2-9f95-f5a6726d1119/element/85c71de6-b131-45ca-b68d-5fd07dafb48e/location[39m
[35m[HTTP][39m [90m{}[39m
[35m[W3C][39m Driver proxy active, passing request on via HTTP proxy
[35m[JSONWP Proxy][39m Replacing sessionId e2a44bbd-07e9-4257-99ca-caa9d49d779d with 2de0362a-2285-4ab2-9f95-f5a6726d1119
[35m[HTTP][39m [37m<-- GET /wd/hub/session/2de0362a-2285-4ab2-9f95-f5a6726d1119/element/85c71de6-b131-45ca-b68d-5fd07dafb48e/location [39m[32m200[39m [90m70 ms - 89[39m
[35m[HTTP][39m [90m[39m
[35m[HTTP][39m [37m-->[39m [37mGET[39m [37m/wd/hub/session/2de0362a-2285-4ab2-9f95-f5a6726d1119/window/current/size[39m
[35m[HTTP][39m [90m{}[39m
[35m[W3C][39m Driver proxy active, passing request on via HTTP proxy
[35m[JSONWP Proxy][39m Replacing sessionId e2a44bbd-07e9-4257-99ca-caa9d49d779d with 2de0362a-2285-4ab2-9f95-f5a6726d1119
[35m[HTTP][39m [37m<-- GET /wd/hub/session/2de0362a-2285-4ab2-9f95-f5a6726d1119/window/current/size [39m[32m200[39m [90m48 ms - 100[39m
[35m[HTTP][39m [90m[39m
[35m[HTTP][39m [37m-->[39m [37mPOST[39m [37m/wd/hub/session/2de0362a-2285-4ab2-9f95-f5a6726d1119/elements[39m
[35m[HTTP][39m [90m{"using":"-android uiautomator","value":"new UiSelector().className(\"android.widget.TextView\").text(\"Guida TV\").resourceId(\"it.sky.msa:id/title\").instance(5)"}[39m
[35m[HTTP][39m [37m<-- POST /wd/hub/session/2de0362a-2285-4ab2-9f95-f5a6726d1119/elements [39m[32m200[39m [90m138 ms - 124[39m
[35m[HTTP][39m [90m[39m
[35m[HTTP][39m [37m-->[39m [37mGET[39m [37m/wd/hub/session/2de0362a-2285-4ab2-9f95-f5a6726d1119[39m
[35m[HTTP][39m [90m{}[39m
[35m[HTTP][39m [37m<-- GET /wd/hub/session/2de0362a-2285-4ab2-9f95-f5a6726d1119 [39m[32m200[39m [90m31 ms - 1133[39m
[35m[HTTP][39m [90m[39m
[35m[HTTP][39m [37m-->[39m [37mGET[39m [37m/wd/hub/session/2de0362a-2285-4ab2-9f95-f5a6726d1119[39m
[35m[HTTP][39m [90m{}[39m
[35m[HTTP][39m [37m<-- GET /wd/hub/session/2de0362a-2285-4ab2-9f95-f5a6726d1119 [39m[32m200[39m [90m27 ms - 1133[39m
[35m[HTTP][39m [90m[39m
[35m[HTTP][39m [37m-->[39m [37mGET[39m [37m/wd/hub/session/2de0362a-2285-4ab2-9f95-f5a6726d1119[39m
[35m[HTTP][39m [90m{}[39m
[35m[HTTP][39m [37m<-- GET /wd/hub/session/2de0362a-2285-4ab2-9f95-f5a6726d1119 [39m[32m200[39m [90m29 ms - 1133[39m
[35m[HTTP][39m [90m[39m
[35m[HTTP][39m [37m-->[39m [37mGET[39m [37m/wd/hub/session/2de0362a-2285-4ab2-9f95-f5a6726d1119[39m
[35m[HTTP][39m [90m{}[39m
[35m[HTTP][39m [37m<-- GET /wd/hub/session/2de0362a-2285-4ab2-9f95-f5a6726d1119 [39m[32m200[39m [90m26 ms - 1133[39m
[35m[HTTP][39m [90m[39m
[35m[HTTP][39m [37m-->[39m [37mGET[39m [37m/wd/hub/session/2de0362a-2285-4ab2-9f95-f5a6726d1119/element/d3307490-25ba-4137-b486-bf993f533eb5/location[39m
[35m[HTTP][39m [90m{}[39m
[35m[W3C][39m Driver proxy active, passing request on via HTTP proxy
[35m[JSONWP Proxy][39m Replacing sessionId e2a44bbd-07e9-4257-99ca-caa9d49d779d with 2de0362a-2285-4ab2-9f95-f5a6726d1119
[35m[HTTP][39m [37m<-- GET /wd/hub/session/2de0362a-2285-4ab2-9f95-f5a6726d1119/element/d3307490-25ba-4137-b486-bf993f533eb5/location [39m[32m200[39m [90m78 ms - 90[39m
[35m[HTTP][39m [90m[39m
[35m[HTTP][39m [37m-->[39m [37mPOST[39m [37m/wd/hub/session/2de0362a-2285-4ab2-9f95-f5a6726d1119/touch/perform[39m
[35m[HTTP][39m [90m{"actions":[{"action":"tap","options":{"element":"d3307490-25ba-4137-b486-bf993f533eb5","x":1,"y":1}}]}[39m
[35m[UiAutomator2][39m calling get location: d3307490-25ba-4137-b486-bf993f533eb5
[35m[HTTP][39m [37m<-- POST /wd/hub/session/2de0362a-2285-4ab2-9f95-f5a6726d1119/touch/perform [39m[32m200[39m [90m1100 ms - 76[39m
[35m[HTTP][39m [90m[39m
[35m[HTTP][39m [37m-->[39m [37mGET[39m [37m/wd/hub/session/2de0362a-2285-4ab2-9f95-f5a6726d1119/window/current/size[39m
[35m[HTTP][39m [90m{}[39m
[35m[W3C][39m Driver proxy active, passing request on via HTTP proxy
[35m[JSONWP Proxy][39m Replacing sessionId e2a44bbd-07e9-4257-99ca-caa9d49d779d with 2de0362a-2285-4ab2-9f95-f5a6726d1119
[35m[HTTP][39m [37m<-- GET /wd/hub/session/2de0362a-2285-4ab2-9f95-f5a6726d1119/window/current/size [39m[32m200[39m [90m35 ms - 100[39m
[35m[HTTP][39m [90m[39m
[35m[HTTP][39m [37m-->[39m [37mPOST[39m [37m/wd/hub/session/2de0362a-2285-4ab2-9f95-f5a6726d1119/elements[39m
[35m[HTTP][39m [90m{"using":"-android uiautomator","value":"new UiSelector().className(\"android.widget.ImageView\").resourceId(\"it.sky.msa:id/heroImageImageView\").instance(0)"}[39m
[35m[HTTP][39m [37m<-- POST /wd/hub/session/2de0362a-2285-4ab2-9f95-f5a6726d1119/elements [39m[32m200[39m [90m115 ms - 74[39m
[35m[HTTP][39m [90m[39m
[35m[HTTP][39m [37m-->[39m [37mPOST[39m [37m/wd/hub/session/2de0362a-2285-4ab2-9f95-f5a6726d1119/elements[39m
[35m[HTTP][39m [90m{"using":"-android uiautomator","value":"new UiSelector().className(\"android.widget.ImageView\").resourceId(\"it.sky.msa:id/heroImageImageView\").instance(0)"}[39m
[35m[HTTP][39m [37m<-- POST /wd/hub/session/2de0362a-2285-4ab2-9f95-f5a6726d1119/elements [39m[32m200[39m [90m100 ms - 74[39m
[35m[HTTP][39m [90m[39m
[35m[HTTP][39m [37m-->[39m [37mPOST[39m [37m/wd/hub/session/2de0362a-2285-4ab2-9f95-f5a6726d1119/elements[39m
[35m[HTTP][39m [90m{"using":"-android uiautomator","value":"new UiSelector().className(\"android.widget.ImageView\").resourceId(\"it.sky.msa:id/heroImageImageView\").instance(0)"}[39m
[35m[HTTP][39m [37m<-- POST /wd/hub/session/2de0362a-2285-4ab2-9f95-f5a6726d1119/elements [39m[32m200[39m [90m89 ms - 74[39m
[35m[HTTP][39m [90m[39m
[35m[HTTP][39m [37m-->[39m [37mPOST[39m [37m/wd/hub/session/2de0362a-2285-4ab2-9f95-f5a6726d1119/elements[39m
[35m[HTTP][39m [90m{"using":"-android uiautomator","value":"new UiSelector().className(\"android.widget.ImageView\").resourceId(\"it.sky.msa:id/heroImageImageView\").instance(0)"}[39m
[35m[HTTP][39m [37m<-- POST /wd/hub/session/2de0362a-2285-4ab2-9f95-f5a6726d1119/elements [39m[32m200[39m [90m120 ms - 74[39m
[35m[HTTP][39m [90m[39m
[35m[HTTP][39m [37m-->[39m [37mPOST[39m [37m/wd/hub/session/2de0362a-2285-4ab2-9f95-f5a6726d1119/elements[39m
[35m[HTTP][39m [90m{"using":"-android uiautomator","value":"new UiSelector().className(\"android.widget.ImageView\").resourceId(\"it.sky.msa:id/heroImageImageView\").instance(0)"}[39m
[35m[HTTP][39m [37m<-- POST /wd/hub/session/2de0362a-2285-4ab2-9f95-f5a6726d1119/elements [39m[32m200[39m [90m93 ms - 74[39m
[35m[HTTP][39m [90m[39m
[35m[HTTP][39m [37m-->[39m [37mPOST[39m [37m/wd/hub/session/2de0362a-2285-4ab2-9f95-f5a6726d1119/elements[39m
[35m[HTTP][39m [90m{"using":"-android uiautomator","value":"new UiSelector().className(\"android.widget.ImageView\").resourceId(\"it.sky.msa:id/heroImageImageView\").instance(0)"}[39m
[35m[HTTP][39m [37m<-- POST /wd/hub/session/2de0362a-2285-4ab2-9f95-f5a6726d1119/elements [39m[32m200[39m [90m89 ms - 74[39m
[35m[HTTP][39m [90m[39m
[35m[HTTP][39m [37m-->[39m [37mPOST[39m [37m/wd/hub/session/2de0362a-2285-4ab2-9f95-f5a6726d1119/elements[39m
[35m[HTTP][39m [90m{"using":"-android uiautomator","value":"new UiSelector().className(\"android.widget.ImageView\").resourceId(\"it.sky.msa:id/heroImageImageView\").instance(0)"}[39m
[35m[HTTP][39m [37m<-- POST /wd/hub/session/2de0362a-2285-4ab2-9f95-f5a6726d1119/elements [39m[32m200[39m [90m810 ms - 74[39m
[35m[HTTP][39m [90m[39m
[35m[HTTP][39m [37m-->[39m [37mPOST[39m [37m/wd/hub/session/2de0362a-2285-4ab2-9f95-f5a6726d1119/elements[39m
[35m[HTTP][39m [90m{"using":"-android uiautomator","value":"new UiSelector().className(\"android.widget.ImageView\").resourceId(\"it.sky.msa:id/heroImageImageView\").instance(0)"}[39m
[35m[HTTP][39m [37m<-- POST /wd/hub/session/2de0362a-2285-4ab2-9f95-f5a6726d1119/elements [39m[32m200[39m [90m827 ms - 124[39m
[35m[HTTP][39m [90m[39m
[35m[HTTP][39m [37m-->[39m [37mGET[39m [37m/wd/hub/session/2de0362a-2285-4ab2-9f95-f5a6726d1119[39m
[35m[HTTP][39m [90m{}[39m
[35m[HTTP][39m [37m<-- GET /wd/hub/session/2de0362a-2285-4ab2-9f95-f5a6726d1119 [39m[32m200[39m [90m27 ms - 1133[39m
[35m[HTTP][39m [90m[39m
[35m[HTTP][39m [37m-->[39m [37mGET[39m [37m/wd/hub/session/2de0362a-2285-4ab2-9f95-f5a6726d1119[39m
[35m[HTTP][39m [90m{}[39m
[35m[HTTP][39m [37m<-- GET /wd/hub/session/2de0362a-2285-4ab2-9f95-f5a6726d1119 [39m[32m200[39m [90m30 ms - 1133[39m
[35m[HTTP][39m [90m[39m
[35m[HTTP][39m [37m-->[39m [37mGET[39m [37m/wd/hub/session/2de0362a-2285-4ab2-9f95-f5a6726d1119[39m
[35m[HTTP][39m [90m{}[39m
[35m[HTTP][39m [37m<-- GET /wd/hub/session/2de0362a-2285-4ab2-9f95-f5a6726d1119 [39m[32m200[39m [90m38 ms - 1133[39m
[35m[HTTP][39m [90m[39m
[35m[HTTP][39m [37m-->[39m [37mGET[39m [37m/wd/hub/session/2de0362a-2285-4ab2-9f95-f5a6726d1119[39m
[35m[HTTP][39m [90m{}[39m
[35m[HTTP][39m [37m<-- GET /wd/hub/session/2de0362a-2285-4ab2-9f95-f5a6726d1119 [39m[32m200[39m [90m28 ms - 1133[39m
[35m[HTTP][39m [90m[39m
[35m[HTTP][39m [37m-->[39m [37mGET[39m [37m/wd/hub/session/2de0362a-2285-4ab2-9f95-f5a6726d1119/element/56d7af0c-0a86-4d42-b556-52edccd79c87/location[39m
[35m[HTTP][39m [90m{}[39m
[35m[W3C][39m Driver proxy active, passing request on via HTTP proxy
[35m[JSONWP Proxy][39m Replacing sessionId e2a44bbd-07e9-4257-99ca-caa9d49d779d with 2de0362a-2285-4ab2-9f95-f5a6726d1119
[35m[HTTP][39m [37m<-- GET /wd/hub/session/2de0362a-2285-4ab2-9f95-f5a6726d1119/element/56d7af0c-0a86-4d42-b556-52edccd79c87/location [39m[32m200[39m [90m59 ms - 87[39m
[35m[HTTP][39m [90m[39m
[35m[HTTP][39m [37m-->[39m [37mGET[39m [37m/wd/hub/session/2de0362a-2285-4ab2-9f95-f5a6726d1119/window/current/size[39m
[35m[HTTP][39m [90m{}[39m
[35m[W3C][39m Driver proxy active, passing request on via HTTP proxy
[35m[JSONWP Proxy][39m Replacing sessionId e2a44bbd-07e9-4257-99ca-caa9d49d779d with 2de0362a-2285-4ab2-9f95-f5a6726d1119
[35m[HTTP][39m [37m<-- GET /wd/hub/session/2de0362a-2285-4ab2-9f95-f5a6726d1119/window/current/size [39m[32m200[39m [90m41 ms - 100[39m
[35m[HTTP][39m [90m[39m
[35m[HTTP][39m [37m-->[39m [37mPOST[39m [37m/wd/hub/session/2de0362a-2285-4ab2-9f95-f5a6726d1119/elements[39m
[35m[HTTP][39m [90m{"using":"-android uiautomator","value":"new UiSelector().className(\"android.widget.TextView\").text(\"GUIDA TV\").resourceId(\"it.sky.msa:id/headerTitle\").instance(0)"}[39m
[35m[HTTP][39m [37m<-- POST /wd/hub/session/2de0362a-2285-4ab2-9f95-f5a6726d1119/elements [39m[32m200[39m [90m140 ms - 124[39m
[35m[HTTP][39m [90m[39m
[35m[HTTP][39m [37m-->[39m [37mGET[39m [37m/wd/hub/session/2de0362a-2285-4ab2-9f95-f5a6726d1119[39m
[35m[HTTP][39m [90m{}[39m
[35m[HTTP][39m [37m<-- GET /wd/hub/session/2de0362a-2285-4ab2-9f95-f5a6726d1119 [39m[32m200[39m [90m35 ms - 1133[39m
[35m[HTTP][39m [90m[39m
[35m[HTTP][39m [37m-->[39m [37mGET[39m [37m/wd/hub/session/2de0362a-2285-4ab2-9f95-f5a6726d1119[39m
[35m[HTTP][39m [90m{}[39m
[35m[HTTP][39m [37m<-- GET /wd/hub/session/2de0362a-2285-4ab2-9f95-f5a6726d1119 [39m[32m200[39m [90m28 ms - 1133[39m
[35m[HTTP][39m [90m[39m
[35m[HTTP][39m [37m-->[39m [37mGET[39m [37m/wd/hub/session/2de0362a-2285-4ab2-9f95-f5a6726d1119[39m
[35m[HTTP][39m [90m{}[39m
[35m[HTTP][39m [37m<-- GET /wd/hub/session/2de0362a-2285-4ab2-9f95-f5a6726d1119 [39m[32m200[39m [90m32 ms - 1133[39m
[35m[HTTP][39m [90m[39m
[35m[HTTP][39m [37m-->[39m [37mGET[39m [37m/wd/hub/session/2de0362a-2285-4ab2-9f95-f5a6726d1119[39m
[35m[HTTP][39m [90m{}[39m
[35m[HTTP][39m [37m<-- GET /wd/hub/session/2de0362a-2285-4ab2-9f95-f5a6726d1119 [39m[32m200[39m [90m27 ms - 1133[39m
[35m[HTTP][39m [90m[39m
[35m[HTTP][39m [37m-->[39m [37mGET[39m [37m/wd/hub/session/2de0362a-2285-4ab2-9f95-f5a6726d1119/element/e7690ead-4aaf-484b-a0e2-7222f9bbddf1/location[39m
[35m[HTTP][39m [90m{}[39m
[35m[W3C][39m Driver proxy active, passing request on via HTTP proxy
[35m[JSONWP Proxy][39m Replacing sessionId e2a44bbd-07e9-4257-99ca-caa9d49d779d with 2de0362a-2285-4ab2-9f95-f5a6726d1119
[35m[HTTP][39m [37m<-- GET /wd/hub/session/2de0362a-2285-4ab2-9f95-f5a6726d1119/element/e7690ead-4aaf-484b-a0e2-7222f9bbddf1/location [39m[32m200[39m [90m58 ms - 88[39m
[35m[HTTP][39m [90m[39m
[35m[HTTP][39m [37m-->[39m [37mGET[39m [37m/wd/hub/session/2de0362a-2285-4ab2-9f95-f5a6726d1119/window/current/size[39m
[35m[HTTP][39m [90m{}[39m
[35m[W3C][39m Driver proxy active, passing request on via HTTP proxy
[35m[JSONWP Proxy][39m Replacing sessionId e2a44bbd-07e9-4257-99ca-caa9d49d779d with 2de0362a-2285-4ab2-9f95-f5a6726d1119
[35m[HTTP][39m [37m<-- GET /wd/hub/session/2de0362a-2285-4ab2-9f95-f5a6726d1119/window/current/size [39m[32m200[39m [90m41 ms - 100[39m
[35m[HTTP][39m [90m[39m
[35m[HTTP][39m [37m-->[39m [37mPOST[39m [37m/wd/hub/session/2de0362a-2285-4ab2-9f95-f5a6726d1119/elements[39m
[35m[HTTP][39m [90m{"using":"-android uiautomator","value":"new UiSelector().className(\"android.widget.TextView\").text(\"Scelti per te questa settimana\").resourceId(\"it.sky.msa:id/categoryTitle\").instance(6)"}[39m
[35m[HTTP][39m [37m<-- POST /wd/hub/session/2de0362a-2285-4ab2-9f95-f5a6726d1119/elements [39m[32m200[39m [90m145 ms - 124[39m
[35m[HTTP][39m [90m[39m
[35m[HTTP][39m [37m-->[39m [37mGET[39m [37m/wd/hub/session/2de0362a-2285-4ab2-9f95-f5a6726d1119[39m
[35m[HTTP][39m [90m{}[39m
[35m[HTTP][39m [37m<-- GET /wd/hub/session/2de0362a-2285-4ab2-9f95-f5a6726d1119 [39m[32m200[39m [90m25 ms - 1133[39m
[35m[HTTP][39m [90m[39m
[35m[HTTP][39m [37m-->[39m [37mGET[39m [37m/wd/hub/session/2de0362a-2285-4ab2-9f95-f5a6726d1119[39m
[35m[HTTP][39m [90m{}[39m
[35m[HTTP][39m [37m<-- GET /wd/hub/session/2de0362a-2285-4ab2-9f95-f5a6726d1119 [39m[32m200[39m [90m65 ms - 1133[39m
[35m[HTTP][39m [90m[39m
[35m[HTTP][39m [37m-->[39m [37mGET[39m [37m/wd/hub/session/2de0362a-2285-4ab2-9f95-f5a6726d1119[39m
[35m[HTTP][39m [90m{}[39m
[35m[HTTP][39m [37m<-- GET /wd/hub/session/2de0362a-2285-4ab2-9f95-f5a6726d1119 [39m[32m200[39m [90m27 ms - 1133[39m
[35m[HTTP][39m [90m[39m
[35m[HTTP][39m [37m-->[39m [37mGET[39m [37m/wd/hub/session/2de0362a-2285-4ab2-9f95-f5a6726d1119[39m
[35m[HTTP][39m [90m{}[39m
[35m[HTTP][39m [37m<-- GET /wd/hub/session/2de0362a-2285-4ab2-9f95-f5a6726d1119 [39m[32m200[39m [90m28 ms - 1133[39m
[35m[HTTP][39m [90m[39m
[35m[HTTP][39m [37m-->[39m [37mGET[39m [37m/wd/hub/session/2de0362a-2285-4ab2-9f95-f5a6726d1119/element/43ed1739-4ae7-4a4d-a014-291378ffaa9e/location[39m
[35m[HTTP][39m [90m{}[39m
[35m[W3C][39m Driver proxy active, passing request on via HTTP proxy
[35m[JSONWP Proxy][39m Replacing sessionId e2a44bbd-07e9-4257-99ca-caa9d49d779d with 2de0362a-2285-4ab2-9f95-f5a6726d1119
[35m[HTTP][39m [37m<-- GET /wd/hub/session/2de0362a-2285-4ab2-9f95-f5a6726d1119/element/43ed1739-4ae7-4a4d-a014-291378ffaa9e/location [39m[32m200[39m [90m68 ms - 89[39m
[35m[HTTP][39m [90m[39m
[35m[HTTP][39m [37m-->[39m [37mGET[39m [37m/wd/hub/session/2de0362a-2285-4ab2-9f95-f5a6726d1119/window/current/size[39m
[35m[HTTP][39m [90m{}[39m
[35m[W3C][39m Driver proxy active, passing request on via HTTP proxy
[35m[JSONWP Proxy][39m Replacing sessionId e2a44bbd-07e9-4257-99ca-caa9d49d779d with 2de0362a-2285-4ab2-9f95-f5a6726d1119
[35m[HTTP][39m [37m<-- GET /wd/hub/session/2de0362a-2285-4ab2-9f95-f5a6726d1119/window/current/size [39m[32m200[39m [90m32 ms - 100[39m
[35m[HTTP][39m [90m[39m
[35m[HTTP][39m [37m-->[39m [37mPOST[39m [37m/wd/hub/session/2de0362a-2285-4ab2-9f95-f5a6726d1119/elements[39m
[35m[HTTP][39m [90m{"using":"-android uiautomator","value":"new UiSelector().className(\"android.widget.TextView\").text(\"Programmazione\").packageName(\"it.sky.msa\").instance(1)"}[39m
[35m[HTTP][39m [37m<-- POST /wd/hub/session/2de0362a-2285-4ab2-9f95-f5a6726d1119/elements [39m[32m200[39m [90m113 ms - 124[39m
[35m[HTTP][39m [90m[39m
[35m[HTTP][39m [37m-->[39m [37mGET[39m [37m/wd/hub/session/2de0362a-2285-4ab2-9f95-f5a6726d1119[39m
[35m[HTTP][39m [90m{}[39m
[35m[HTTP][39m [37m<-- GET /wd/hub/session/2de0362a-2285-4ab2-9f95-f5a6726d1119 [39m[32m200[39m [90m31 ms - 1133[39m
[35m[HTTP][39m [90m[39m
[35m[HTTP][39m [37m-->[39m [37mGET[39m [37m/wd/hub/session/2de0362a-2285-4ab2-9f95-f5a6726d1119[39m
[35m[HTTP][39m [90m{}[39m
[35m[HTTP][39m [37m<-- GET /wd/hub/session/2de0362a-2285-4ab2-9f95-f5a6726d1119 [39m[32m200[39m [90m28 ms - 1133[39m
[35m[HTTP][39m [90m[39m
[35m[HTTP][39m [37m-->[39m [37mGET[39m [37m/wd/hub/session/2de0362a-2285-4ab2-9f95-f5a6726d1119[39m
[35m[HTTP][39m [90m{}[39m
[35m[HTTP][39m [37m<-- GET /wd/hub/session/2de0362a-2285-4ab2-9f95-f5a6726d1119 [39m[32m200[39m [90m32 ms - 1133[39m
[35m[HTTP][39m [90m[39m
[35m[HTTP][39m [37m-->[39m [37mGET[39m [37m/wd/hub/session/2de0362a-2285-4ab2-9f95-f5a6726d1119[39m
[35m[HTTP][39m [90m{}[39m
[35m[HTTP][39m [37m<-- GET /wd/hub/session/2de0362a-2285-4ab2-9f95-f5a6726d1119 [39m[32m200[39m [90m26 ms - 1133[39m
[35m[HTTP][39m [90m[39m
[35m[HTTP][39m [37m-->[39m [37mGET[39m [37m/wd/hub/session/2de0362a-2285-4ab2-9f95-f5a6726d1119/element/3e7e5c37-e67d-4855-a1e1-075a5504ce07/location[39m
[35m[HTTP][39m [90m{}[39m
[35m[W3C][39m Driver proxy active, passing request on via HTTP proxy
[35m[JSONWP Proxy][39m Replacing sessionId e2a44bbd-07e9-4257-99ca-caa9d49d779d with 2de0362a-2285-4ab2-9f95-f5a6726d1119
[35m[HTTP][39m [37m<-- GET /wd/hub/session/2de0362a-2285-4ab2-9f95-f5a6726d1119/element/3e7e5c37-e67d-4855-a1e1-075a5504ce07/location [39m[32m200[39m [90m70 ms - 88[39m
[35m[HTTP][39m [90m[39m
[35m[HTTP][39m [37m-->[39m [37mGET[39m [37m/wd/hub/session/2de0362a-2285-4ab2-9f95-f5a6726d1119/window/current/size[39m
[35m[HTTP][39m [90m{}[39m
[35m[W3C][39m Driver proxy active, passing request on via HTTP proxy
[35m[JSONWP Proxy][39m Replacing sessionId e2a44bbd-07e9-4257-99ca-caa9d49d779d with 2de0362a-2285-4ab2-9f95-f5a6726d1119
[35m[HTTP][39m [37m<-- GET /wd/hub/session/2de0362a-2285-4ab2-9f95-f5a6726d1119/window/current/size [39m[32m200[39m [90m46 ms - 100[39m
[35m[HTTP][39m [90m[39m
[35m[HTTP][39m [37m-->[39m [37mPOST[39m [37m/wd/hub/session/2de0362a-2285-4ab2-9f95-f5a6726d1119/elements[39m
[35m[HTTP][39m [90m{"using":"-android uiautomator","value":"new UiSelector().className(\"android.widget.ImageView\").resourceId(\"it.sky.msa:id/imageView6\").instance(2)"}[39m
[35m[HTTP][39m [37m<-- POST /wd/hub/session/2de0362a-2285-4ab2-9f95-f5a6726d1119/elements [39m[32m200[39m [90m156 ms - 124[39m
[35m[HTTP][39m [90m[39m
[35m[HTTP][39m [37m-->[39m [37mGET[39m [37m/wd/hub/session/2de0362a-2285-4ab2-9f95-f5a6726d1119[39m
[35m[HTTP][39m [90m{}[39m
[35m[HTTP][39m [37m<-- GET /wd/hub/session/2de0362a-2285-4ab2-9f95-f5a6726d1119 [39m[32m200[39m [90m27 ms - 1133[39m
[35m[HTTP][39m [90m[39m
[35m[HTTP][39m [37m-->[39m [37mGET[39m [37m/wd/hub/session/2de0362a-2285-4ab2-9f95-f5a6726d1119[39m
[35m[HTTP][39m [90m{}[39m
[35m[HTTP][39m [37m<-- GET /wd/hub/session/2de0362a-2285-4ab2-9f95-f5a6726d1119 [39m[32m200[39m [90m25 ms - 1133[39m
[35m[HTTP][39m [90m[39m
[35m[HTTP][39m [37m-->[39m [37mGET[39m [37m/wd/hub/session/2de0362a-2285-4ab2-9f95-f5a6726d1119[39m
[35m[HTTP][39m [90m{}[39m
[35m[HTTP][39m [37m<-- GET /wd/hub/session/2de0362a-2285-4ab2-9f95-f5a6726d1119 [39m[32m200[39m [90m24 ms - 1133[39m
[35m[HTTP][39m [90m[39m
[35m[HTTP][39m [37m-->[39m [37mGET[39m [37m/wd/hub/session/2de0362a-2285-4ab2-9f95-f5a6726d1119[39m
[35m[HTTP][39m [90m{}[39m
[35m[HTTP][39m [37m<-- GET /wd/hub/session/2de0362a-2285-4ab2-9f95-f5a6726d1119 [39m[32m200[39m [90m38 ms - 1133[39m
[35m[HTTP][39m [90m[39m
[35m[HTTP][39m [37m-->[39m [37mGET[39m [37m/wd/hub/session/2de0362a-2285-4ab2-9f95-f5a6726d1119/element/8a6ec45e-2c0e-45cf-a3bd-f2f40d76c8e2/location[39m
[35m[HTTP][39m [90m{}[39m
[35m[W3C][39m Driver proxy active, passing request on via HTTP proxy
[35m[JSONWP Proxy][39m Replacing sessionId e2a44bbd-07e9-4257-99ca-caa9d49d779d with 2de0362a-2285-4ab2-9f95-f5a6726d1119
[35m[HTTP][39m [37m<-- GET /wd/hub/session/2de0362a-2285-4ab2-9f95-f5a6726d1119/element/8a6ec45e-2c0e-45cf-a3bd-f2f40d76c8e2/location [39m[32m200[39m [90m63 ms - 88[39m
[35m[HTTP][39m [90m[39m
[35m[HTTP][39m [37m-->[39m [37mGET[39m [37m/wd/hub/session/2de0362a-2285-4ab2-9f95-f5a6726d1119/window/current/size[39m
[35m[HTTP][39m [90m{}[39m
[35m[W3C][39m Driver proxy active, passing request on via HTTP proxy
[35m[JSONWP Proxy][39m Replacing sessionId e2a44bbd-07e9-4257-99ca-caa9d49d779d with 2de0362a-2285-4ab2-9f95-f5a6726d1119
[35m[HTTP][39m [37m<-- GET /wd/hub/session/2de0362a-2285-4ab2-9f95-f5a6726d1119/window/current/size [39m[32m200[39m [90m32 ms - 100[39m
[35m[HTTP][39m [90m[39m
[35m[HTTP][39m [37m-->[39m [37mPOST[39m [37m/wd/hub/session/2de0362a-2285-4ab2-9f95-f5a6726d1119/elements[39m
[35m[HTTP][39m [90m{"using":"-android uiautomator","value":"new UiSelector().className(\"android.widget.ImageView\").resourceId(\"it.sky.msa:id/imageView7\").instance(1)"}[39m
[35m[HTTP][39m [37m<-- POST /wd/hub/session/2de0362a-2285-4ab2-9f95-f5a6726d1119/elements [39m[32m200[39m [90m110 ms - 124[39m
[35m[HTTP][39m [90m[39m
[35m[HTTP][39m [37m-->[39m [37mGET[39m [37m/wd/hub/session/2de0362a-2285-4ab2-9f95-f5a6726d1119[39m
[35m[HTTP][39m [90m{}[39m
[35m[HTTP][39m [37m<-- GET /wd/hub/session/2de0362a-2285-4ab2-9f95-f5a6726d1119 [39m[32m200[39m [90m28 ms - 1133[39m
[35m[HTTP][39m [90m[39m
[35m[HTTP][39m [37m-->[39m [37mGET[39m [37m/wd/hub/session/2de0362a-2285-4ab2-9f95-f5a6726d1119[39m
[35m[HTTP][39m [90m{}[39m
[35m[HTTP][39m [37m<-- GET /wd/hub/session/2de0362a-2285-4ab2-9f95-f5a6726d1119 [39m[32m200[39m [90m23 ms - 1133[39m
[35m[HTTP][39m [90m[39m
[35m[HTTP][39m [37m-->[39m [37mGET[39m [37m/wd/hub/session/2de0362a-2285-4ab2-9f95-f5a6726d1119[39m
[35m[HTTP][39m [90m{}[39m
[35m[HTTP][39m [37m<-- GET /wd/hub/session/2de0362a-2285-4ab2-9f95-f5a6726d1119 [39m[32m200[39m [90m27 ms - 1133[39m
[35m[HTTP][39m [90m[39m
[35m[HTTP][39m [37m-->[39m [37mGET[39m [37m/wd/hub/session/2de0362a-2285-4ab2-9f95-f5a6726d1119[39m
[35m[HTTP][39m [90m{}[39m
[35m[HTTP][39m [37m<-- GET /wd/hub/session/2de0362a-2285-4ab2-9f95-f5a6726d1119 [39m[32m200[39m [90m22 ms - 1133[39m
[35m[HTTP][39m [90m[39m
[35m[HTTP][39m [37m-->[39m [37mGET[39m [37m/wd/hub/session/2de0362a-2285-4ab2-9f95-f5a6726d1119/element/aec2834c-66de-4379-8a66-5efebff47d4b/location[39m
[35m[HTTP][39m [90m{}[39m
[35m[W3C][39m Driver proxy active, passing request on via HTTP proxy
[35m[JSONWP Proxy][39m Replacing sessionId e2a44bbd-07e9-4257-99ca-caa9d49d779d with 2de0362a-2285-4ab2-9f95-f5a6726d1119
[35m[HTTP][39m [37m<-- GET /wd/hub/session/2de0362a-2285-4ab2-9f95-f5a6726d1119/element/aec2834c-66de-4379-8a66-5efebff47d4b/location [39m[32m200[39m [90m52 ms - 89[39m
[35m[HTTP][39m [90m[39m
[35m[HTTP][39m [37m-->[39m [37mGET[39m [37m/wd/hub/session/2de0362a-2285-4ab2-9f95-f5a6726d1119/window/current/size[39m
[35m[HTTP][39m [90m{}[39m
[35m[W3C][39m Driver proxy active, passing request on via HTTP proxy
[35m[JSONWP Proxy][39m Replacing sessionId e2a44bbd-07e9-4257-99ca-caa9d49d779d with 2de0362a-2285-4ab2-9f95-f5a6726d1119
[35m[HTTP][39m [37m<-- GET /wd/hub/session/2de0362a-2285-4ab2-9f95-f5a6726d1119/window/current/size [39m[32m200[39m [90m30 ms - 100[39m
[35m[HTTP][39m [90m[39m
[35m[HTTP][39m [37m-->[39m [37mPOST[39m [37m/wd/hub/session/2de0362a-2285-4ab2-9f95-f5a6726d1119/elements[39m
[35m[HTTP][39m [90m{"using":"-android uiautomator","value":"new UiSelector().className(\"android.widget.ImageView\").resourceId(\"it.sky.msa:id/imageView5\").instance(0)"}[39m
[35m[HTTP][39m [37m<-- POST /wd/hub/session/2de0362a-2285-4ab2-9f95-f5a6726d1119/elements [39m[32m200[39m [90m114 ms - 124[39m
[35m[HTTP][39m [90m[39m
[35m[HTTP][39m [37m-->[39m [37mGET[39m [37m/wd/hub/session/2de0362a-2285-4ab2-9f95-f5a6726d1119[39m
[35m[HTTP][39m [90m{}[39m
[35m[HTTP][39m [37m<-- GET /wd/hub/session/2de0362a-2285-4ab2-9f95-f5a6726d1119 [39m[32m200[39m [90m23 ms - 1133[39m
[35m[HTTP][39m [90m[39m
[35m[HTTP][39m [37m-->[39m [37mGET[39m [37m/wd/hub/session/2de0362a-2285-4ab2-9f95-f5a6726d1119[39m
[35m[HTTP][39m [90m{}[39m
[35m[HTTP][39m [37m<-- GET /wd/hub/session/2de0362a-2285-4ab2-9f95-f5a6726d1119 [39m[32m200[39m [90m26 ms - 1133[39m
[35m[HTTP][39m [90m[39m
[35m[HTTP][39m [37m-->[39m [37mGET[39m [37m/wd/hub/session/2de0362a-2285-4ab2-9f95-f5a6726d1119[39m
[35m[HTTP][39m [90m{}[39m
[35m[HTTP][39m [37m<-- GET /wd/hub/session/2de0362a-2285-4ab2-9f95-f5a6726d1119 [39m[32m200[39m [90m27 ms - 1133[39m
[35m[HTTP][39m [90m[39m
[35m[HTTP][39m [37m-->[39m [37mGET[39m [37m/wd/hub/session/2de0362a-2285-4ab2-9f95-f5a6726d1119[39m
[35m[HTTP][39m [90m{}[39m
[35m[HTTP][39m [37m<-- GET /wd/hub/session/2de0362a-2285-4ab2-9f95-f5a6726d1119 [39m[32m200[39m [90m33 ms - 1133[39m
[35m[HTTP][39m [90m[39m
[35m[HTTP][39m [37m-->[39m [37mGET[39m [37m/wd/hub/session/2de0362a-2285-4ab2-9f95-f5a6726d1119/element/a0e3776c-e5fd-4edd-946e-d10cc0ce74dd/location[39m
[35m[HTTP][39m [90m{}[39m
[35m[W3C][39m Driver proxy active, passing request on via HTTP proxy
[35m[JSONWP Proxy][39m Replacing sessionId e2a44bbd-07e9-4257-99ca-caa9d49d779d with 2de0362a-2285-4ab2-9f95-f5a6726d1119
[35m[HTTP][39m [37m<-- GET /wd/hub/session/2de0362a-2285-4ab2-9f95-f5a6726d1119/element/a0e3776c-e5fd-4edd-946e-d10cc0ce74dd/location [39m[32m200[39m [90m81 ms - 89[39m
[35m[HTTP][39m [90m[39m
[35m[HTTP][39m [37m-->[39m [37mGET[39m [37m/wd/hub/session/2de0362a-2285-4ab2-9f95-f5a6726d1119/window/current/size[39m
[35m[HTTP][39m [90m{}[39m
[35m[W3C][39m Driver proxy active, passing request on via HTTP proxy
[35m[JSONWP Proxy][39m Replacing sessionId e2a44bbd-07e9-4257-99ca-caa9d49d779d with 2de0362a-2285-4ab2-9f95-f5a6726d1119
[35m[HTTP][39m [37m<-- GET /wd/hub/session/2de0362a-2285-4ab2-9f95-f5a6726d1119/window/current/size [39m[32m200[39m [90m29 ms - 100[39m
[35m[HTTP][39m [90m[39m
[35m[HTTP][39m [37m-->[39m [37mPOST[39m [37m/wd/hub/session/2de0362a-2285-4ab2-9f95-f5a6726d1119/elements[39m
[35m[HTTP][39m [90m{"using":"-android uiautomator","value":"new UiSelector().className(\"android.widget.TextView\").text(\"GUIDA TV\").resourceId(\"it.sky.msa:id/headerTitle\").instance(0)"}[39m
[35m[HTTP][39m [37m<-- POST /wd/hub/session/2de0362a-2285-4ab2-9f95-f5a6726d1119/elements [39m[32m200[39m [90m119 ms - 124[39m
[35m[HTTP][39m [90m[39m
[35m[HTTP][39m [37m-->[39m [37mGET[39m [37m/wd/hub/session/2de0362a-2285-4ab2-9f95-f5a6726d1119[39m
[35m[HTTP][39m [90m{}[39m
[35m[HTTP][39m [37m<-- GET /wd/hub/session/2de0362a-2285-4ab2-9f95-f5a6726d1119 [39m[32m200[39m [90m25 ms - 1133[39m
[35m[HTTP][39m [90m[39m
[35m[HTTP][39m [37m-->[39m [37mGET[39m [37m/wd/hub/session/2de0362a-2285-4ab2-9f95-f5a6726d1119[39m
[35m[HTTP][39m [90m{}[39m
[35m[HTTP][39m [37m<-- GET /wd/hub/session/2de0362a-2285-4ab2-9f95-f5a6726d1119 [39m[32m200[39m [90m25 ms - 1133[39m
[35m[HTTP][39m [90m[39m
[35m[HTTP][39m [37m-->[39m [37mGET[39m [37m/wd/hub/session/2de0362a-2285-4ab2-9f95-f5a6726d1119[39m
[35m[HTTP][39m [90m{}[39m
[35m[HTTP][39m [37m<-- GET /wd/hub/session/2de0362a-2285-4ab2-9f95-f5a6726d1119 [39m[32m200[39m [90m22 ms - 1133[39m
[35m[HTTP][39m [90m[39m
[35m[HTTP][39m [37m-->[39m [37mGET[39m [37m/wd/hub/session/2de0362a-2285-4ab2-9f95-f5a6726d1119[39m
[35m[HTTP][39m [90m{}[39m
[35m[HTTP][39m [37m<-- GET /wd/hub/session/2de0362a-2285-4ab2-9f95-f5a6726d1119 [39m[32m200[39m [90m22 ms - 1133[39m
[35m[HTTP][39m [90m[39m
[35m[HTTP][39m [37m-->[39m [37mGET[39m [37m/wd/hub/session/2de0362a-2285-4ab2-9f95-f5a6726d1119/element/6ce18abb-2cd8-4e35-b582-e982a066e728/location[39m
[35m[HTTP][39m [90m{}[39m
[35m[W3C][39m Driver proxy active, passing request on via HTTP proxy
[35m[JSONWP Proxy][39m Replacing sessionId e2a44bbd-07e9-4257-99ca-caa9d49d779d with 2de0362a-2285-4ab2-9f95-f5a6726d1119
[35m[HTTP][39m [37m<-- GET /wd/hub/session/2de0362a-2285-4ab2-9f95-f5a6726d1119/element/6ce18abb-2cd8-4e35-b582-e982a066e728/location [39m[32m200[39m [90m47 ms - 88[39m
[35m[HTTP][39m [90m[39m
[35m[HTTP][39m [37m-->[39m [37mGET[39m [37m/wd/hub/session/2de0362a-2285-4ab2-9f95-f5a6726d1119/element/6ce18abb-2cd8-4e35-b582-e982a066e728/text[39m
[35m[HTTP][39m [90m{}[39m
[35m[W3C][39m Driver proxy active, passing request on via HTTP proxy
[35m[JSONWP Proxy][39m Replacing sessionId e2a44bbd-07e9-4257-99ca-caa9d49d779d with 2de0362a-2285-4ab2-9f95-f5a6726d1119
[35m[HTTP][39m [37m<-- GET /wd/hub/session/2de0362a-2285-4ab2-9f95-f5a6726d1119/element/6ce18abb-2cd8-4e35-b582-e982a066e728/text [39m[32m200[39m [90m58 ms - 82[39m
[35m[HTTP][39m [90m[39m
[35m[HTTP][39m [37m-->[39m [37mGET[39m [37m/wd/hub/session/2de0362a-2285-4ab2-9f95-f5a6726d1119/window/current/size[39m
[35m[HTTP][39m [90m{}[39m
[35m[W3C][39m Driver proxy active, passing request on via HTTP proxy
[35m[JSONWP Proxy][39m Replacing sessionId e2a44bbd-07e9-4257-99ca-caa9d49d779d with 2de0362a-2285-4ab2-9f95-f5a6726d1119
[35m[HTTP][39m [37m<-- GET /wd/hub/session/2de0362a-2285-4ab2-9f95-f5a6726d1119/window/current/size [39m[32m200[39m [90m32 ms - 100[39m
[35m[HTTP][39m [90m[39m
[35m[HTTP][39m [37m-->[39m [37mPOST[39m [37m/wd/hub/session/2de0362a-2285-4ab2-9f95-f5a6726d1119/elements[39m
[35m[HTTP][39m [90m{"using":"-android uiautomator","value":"new UiSelector().className(\"android.widget.TextView\").text(\"Sky On Demand\").packageName(\"it.sky.msa\").instance(2)"}[39m
[35m[HTTP][39m [37m<-- POST /wd/hub/session/2de0362a-2285-4ab2-9f95-f5a6726d1119/elements [39m[32m200[39m [90m106 ms - 124[39m
[35m[HTTP][39m [90m[39m
[35m[HTTP][39m [37m-->[39m [37mGET[39m [37m/wd/hub/session/2de0362a-2285-4ab2-9f95-f5a6726d1119[39m
[35m[HTTP][39m [90m{}[39m
[35m[HTTP][39m [37m<-- GET /wd/hub/session/2de0362a-2285-4ab2-9f95-f5a6726d1119 [39m[32m200[39m [90m23 ms - 1133[39m
[35m[HTTP][39m [90m[39m
[35m[HTTP][39m [37m-->[39m [37mGET[39m [37m/wd/hub/session/2de0362a-2285-4ab2-9f95-f5a6726d1119[39m
[35m[HTTP][39m [90m{}[39m
[35m[HTTP][39m [37m<-- GET /wd/hub/session/2de0362a-2285-4ab2-9f95-f5a6726d1119 [39m[32m200[39m [90m25 ms - 1133[39m
[35m[HTTP][39m [90m[39m
[35m[HTTP][39m [37m-->[39m [37mGET[39m [37m/wd/hub/session/2de0362a-2285-4ab2-9f95-f5a6726d1119[39m
[35m[HTTP][39m [90m{}[39m
[35m[HTTP][39m [37m<-- GET /wd/hub/session/2de0362a-2285-4ab2-9f95-f5a6726d1119 [39m[32m200[39m [90m29 ms - 1133[39m
[35m[HTTP][39m [90m[39m
[35m[HTTP][39m [37m-->[39m [37mGET[39m [37m/wd/hub/session/2de0362a-2285-4ab2-9f95-f5a6726d1119[39m
[35m[HTTP][39m [90m{}[39m
[35m[HTTP][39m [37m<-- GET /wd/hub/session/2de0362a-2285-4ab2-9f95-f5a6726d1119 [39m[32m200[39m [90m22 ms - 1133[39m
[35m[HTTP][39m [90m[39m
[35m[HTTP][39m [37m-->[39m [37mGET[39m [37m/wd/hub/session/2de0362a-2285-4ab2-9f95-f5a6726d1119/element/f8faafee-a6e4-4afd-92e7-21e995618c8f/location[39m
[35m[HTTP][39m [90m{}[39m
[35m[W3C][39m Driver proxy active, passing request on via HTTP proxy
[35m[JSONWP Proxy][39m Replacing sessionId e2a44bbd-07e9-4257-99ca-caa9d49d779d with 2de0362a-2285-4ab2-9f95-f5a6726d1119
[35m[HTTP][39m [37m<-- GET /wd/hub/session/2de0362a-2285-4ab2-9f95-f5a6726d1119/element/f8faafee-a6e4-4afd-92e7-21e995618c8f/location [39m[32m200[39m [90m51 ms - 89[39m
[35m[HTTP][39m [90m[39m
[35m[HTTP][39m [37m-->[39m [37mPOST[39m [37m/wd/hub/session/2de0362a-2285-4ab2-9f95-f5a6726d1119/touch/perform[39m
[35m[HTTP][39m [90m{"actions":[{"action":"tap","options":{"element":"f8faafee-a6e4-4afd-92e7-21e995618c8f","x":1,"y":1}}]}[39m
[35m[UiAutomator2][39m calling get location: f8faafee-a6e4-4afd-92e7-21e995618c8f
[35m[HTTP][39m [37m<-- POST /wd/hub/session/2de0362a-2285-4ab2-9f95-f5a6726d1119/touch/perform [39m[32m200[39m [90m861 ms - 76[39m
[35m[HTTP][39m [90m[39m
[35m[HTTP][39m [37m-->[39m [37mGET[39m [37m/wd/hub/session/2de0362a-2285-4ab2-9f95-f5a6726d1119/window/current/size[39m
[35m[HTTP][39m [90m{}[39m
[35m[W3C][39m Driver proxy active, passing request on via HTTP proxy
[35m[JSONWP Proxy][39m Replacing sessionId e2a44bbd-07e9-4257-99ca-caa9d49d779d with 2de0362a-2285-4ab2-9f95-f5a6726d1119
[35m[HTTP][39m [37m<-- GET /wd/hub/session/2de0362a-2285-4ab2-9f95-f5a6726d1119/window/current/size [39m[32m200[39m [90m54 ms - 100[39m
[35m[HTTP][39m [90m[39m
[35m[HTTP][39m [37m-->[39m [37mPOST[39m [37m/wd/hub/session/2de0362a-2285-4ab2-9f95-f5a6726d1119/elements[39m
[35m[HTTP][39m [90m{"using":"-android uiautomator","value":"new UiSelector().className(\"android.widget.TextView\").text(\"SCELTI PER TE\").resourceId(\"it.sky.msa:id/categoryTitle\").instance(5)"}[39m
[35m[HTTP][39m [37m<-- POST /wd/hub/session/2de0362a-2285-4ab2-9f95-f5a6726d1119/elements [39m[32m200[39m [90m169 ms - 124[39m
[35m[HTTP][39m [90m[39m
[35m[HTTP][39m [37m-->[39m [37mGET[39m [37m/wd/hub/session/2de0362a-2285-4ab2-9f95-f5a6726d1119[39m
[35m[HTTP][39m [90m{}[39m
[35m[HTTP][39m [37m<-- GET /wd/hub/session/2de0362a-2285-4ab2-9f95-f5a6726d1119 [39m[32m200[39m [90m31 ms - 1133[39m
[35m[HTTP][39m [90m[39m
[35m[HTTP][39m [37m-->[39m [37mGET[39m [37m/wd/hub/session/2de0362a-2285-4ab2-9f95-f5a6726d1119[39m
[35m[HTTP][39m [90m{}[39m
[35m[HTTP][39m [37m<-- GET /wd/hub/session/2de0362a-2285-4ab2-9f95-f5a6726d1119 [39m[32m200[39m [90m25 ms - 1133[39m
[35m[HTTP][39m [90m[39m
[35m[HTTP][39m [37m-->[39m [37mGET[39m [37m/wd/hub/session/2de0362a-2285-4ab2-9f95-f5a6726d1119[39m
[35m[HTTP][39m [90m{}[39m
[35m[HTTP][39m [37m<-- GET /wd/hub/session/2de0362a-2285-4ab2-9f95-f5a6726d1119 [39m[32m200[39m [90m32 ms - 1133[39m
[35m[HTTP][39m [90m[39m
[35m[HTTP][39m [37m-->[39m [37mGET[39m [37m/wd/hub/session/2de0362a-2285-4ab2-9f95-f5a6726d1119[39m
[35m[HTTP][39m [90m{}[39m
[35m[HTTP][39m [37m<-- GET /wd/hub/session/2de0362a-2285-4ab2-9f95-f5a6726d1119 [39m[32m200[39m [90m32 ms - 1133[39m
[35m[HTTP][39m [90m[39m
[35m[HTTP][39m [37m-->[39m [37mGET[39m [37m/wd/hub/session/2de0362a-2285-4ab2-9f95-f5a6726d1119/element/c38b5534-ed23-4c1a-801a-425dd37f2de9/location[39m
[35m[HTTP][39m [90m{}[39m
[35m[W3C][39m Driver proxy active, passing request on via HTTP proxy
[35m[JSONWP Proxy][39m Replacing sessionId e2a44bbd-07e9-4257-99ca-caa9d49d779d with 2de0362a-2285-4ab2-9f95-f5a6726d1119
[35m[HTTP][39m [37m<-- GET /wd/hub/session/2de0362a-2285-4ab2-9f95-f5a6726d1119/element/c38b5534-ed23-4c1a-801a-425dd37f2de9/location [39m[32m200[39m [90m91 ms - 89[39m
[35m[HTTP][39m [90m[39m
[35m[HTTP][39m [37m-->[39m [37mGET[39m [37m/wd/hub/session/2de0362a-2285-4ab2-9f95-f5a6726d1119/window/current/size[39m
[35m[HTTP][39m [90m{}[39m
[35m[W3C][39m Driver proxy active, passing request on via HTTP proxy
[35m[JSONWP Proxy][39m Replacing sessionId e2a44bbd-07e9-4257-99ca-caa9d49d779d with 2de0362a-2285-4ab2-9f95-f5a6726d1119
[35m[HTTP][39m [37m<-- GET /wd/hub/session/2de0362a-2285-4ab2-9f95-f5a6726d1119/window/current/size [39m[32m200[39m [90m33 ms - 100[39m
[35m[HTTP][39m [90m[39m
[35m[HTTP][39m [37m-->[39m [37mPOST[39m [37m/wd/hub/session/2de0362a-2285-4ab2-9f95-f5a6726d1119/elements[39m
[35m[HTTP][39m [90m{"using":"-android uiautomator","value":"new UiSelector().className(\"android.widget.TextView\").text(\"Sky On Demand\").packageName(\"it.sky.msa\").instance(2)"}[39m
[35m[HTTP][39m [37m<-- POST /wd/hub/session/2de0362a-2285-4ab2-9f95-f5a6726d1119/elements [39m[32m200[39m [90m130 ms - 124[39m
[35m[HTTP][39m [90m[39m
[35m[HTTP][39m [37m-->[39m [37mGET[39m [37m/wd/hub/session/2de0362a-2285-4ab2-9f95-f5a6726d1119[39m
[35m[HTTP][39m [90m{}[39m
[35m[HTTP][39m [37m<-- GET /wd/hub/session/2de0362a-2285-4ab2-9f95-f5a6726d1119 [39m[32m200[39m [90m25 ms - 1133[39m
[35m[HTTP][39m [90m[39m
[35m[HTTP][39m [37m-->[39m [37mGET[39m [37m/wd/hub/session/2de0362a-2285-4ab2-9f95-f5a6726d1119[39m
[35m[HTTP][39m [90m{}[39m
[35m[HTTP][39m [37m<-- GET /wd/hub/session/2de0362a-2285-4ab2-9f95-f5a6726d1119 [39m[32m200[39m [90m22 ms - 1133[39m
[35m[HTTP][39m [90m[39m
[35m[HTTP][39m [37m-->[39m [37mGET[39m [37m/wd/hub/session/2de0362a-2285-4ab2-9f95-f5a6726d1119[39m
[35m[HTTP][39m [90m{}[39m
[35m[HTTP][39m [37m<-- GET /wd/hub/session/2de0362a-2285-4ab2-9f95-f5a6726d1119 [39m[32m200[39m [90m25 ms - 1133[39m
[35m[HTTP][39m [90m[39m
[35m[HTTP][39m [37m-->[39m [37mGET[39m [37m/wd/hub/session/2de0362a-2285-4ab2-9f95-f5a6726d1119[39m
[35m[HTTP][39m [90m{}[39m
[35m[HTTP][39m [37m<-- GET /wd/hub/session/2de0362a-2285-4ab2-9f95-f5a6726d1119 [39m[32m200[39m [90m23 ms - 1133[39m
[35m[HTTP][39m [90m[39m
[35m[HTTP][39m [37m-->[39m [37mGET[39m [37m/wd/hub/session/2de0362a-2285-4ab2-9f95-f5a6726d1119/element/7e70a585-558c-4c0c-bd17-c31ad1787833/location[39m
[35m[HTTP][39m [90m{}[39m
[35m[W3C][39m Driver proxy active, passing request on via HTTP proxy
[35m[JSONWP Proxy][39m Replacing sessionId e2a44bbd-07e9-4257-99ca-caa9d49d779d with 2de0362a-2285-4ab2-9f95-f5a6726d1119
[35m[HTTP][39m [37m<-- GET /wd/hub/session/2de0362a-2285-4ab2-9f95-f5a6726d1119/element/7e70a585-558c-4c0c-bd17-c31ad1787833/location [39m[32m200[39m [90m63 ms - 89[39m
[35m[HTTP][39m [90m[39m
[35m[HTTP][39m [37m-->[39m [37mGET[39m [37m/wd/hub/session/2de0362a-2285-4ab2-9f95-f5a6726d1119/window/current/size[39m
[35m[HTTP][39m [90m{}[39m
[35m[W3C][39m Driver proxy active, passing request on via HTTP proxy
[35m[JSONWP Proxy][39m Replacing sessionId e2a44bbd-07e9-4257-99ca-caa9d49d779d with 2de0362a-2285-4ab2-9f95-f5a6726d1119
[35m[HTTP][39m [37m<-- GET /wd/hub/session/2de0362a-2285-4ab2-9f95-f5a6726d1119/window/current/size [39m[32m200[39m [90m30 ms - 100[39m
[35m[HTTP][39m [90m[39m
[35m[HTTP][39m [37m-->[39m [37mPOST[39m [37m/wd/hub/session/2de0362a-2285-4ab2-9f95-f5a6726d1119/elements[39m
[35m[HTTP][39m [90m{"using":"-android uiautomator","value":"new UiSelector().className(\"android.widget.TextView\").text(\"Programmazione\").packageName(\"it.sky.msa\").instance(1)"}[39m
[35m[HTTP][39m [37m<-- POST /wd/hub/session/2de0362a-2285-4ab2-9f95-f5a6726d1119/elements [39m[32m200[39m [90m110 ms - 124[39m
[35m[HTTP][39m [90m[39m
[35m[HTTP][39m [37m-->[39m [37mGET[39m [37m/wd/hub/session/2de0362a-2285-4ab2-9f95-f5a6726d1119[39m
[35m[HTTP][39m [90m{}[39m
[35m[HTTP][39m [37m<-- GET /wd/hub/session/2de0362a-2285-4ab2-9f95-f5a6726d1119 [39m[32m200[39m [90m27 ms - 1133[39m
[35m[HTTP][39m [90m[39m
[35m[HTTP][39m [37m-->[39m [37mGET[39m [37m/wd/hub/session/2de0362a-2285-4ab2-9f95-f5a6726d1119[39m
[35m[HTTP][39m [90m{}[39m
[35m[HTTP][39m [37m<-- GET /wd/hub/session/2de0362a-2285-4ab2-9f95-f5a6726d1119 [39m[32m200[39m [90m27 ms - 1133[39m
[35m[HTTP][39m [90m[39m
[35m[HTTP][39m [37m-->[39m [37mGET[39m [37m/wd/hub/session/2de0362a-2285-4ab2-9f95-f5a6726d1119[39m
[35m[HTTP][39m [90m{}[39m
[35m[HTTP][39m [37m<-- GET /wd/hub/session/2de0362a-2285-4ab2-9f95-f5a6726d1119 [39m[32m200[39m [90m23 ms - 1133[39m
[35m[HTTP][39m [90m[39m
[35m[HTTP][39m [37m-->[39m [37mGET[39m [37m/wd/hub/session/2de0362a-2285-4ab2-9f95-f5a6726d1119[39m
[35m[HTTP][39m [90m{}[39m
[35m[HTTP][39m [37m<-- GET /wd/hub/session/2de0362a-2285-4ab2-9f95-f5a6726d1119 [39m[32m200[39m [90m34 ms - 1133[39m
[35m[HTTP][39m [90m[39m
[35m[HTTP][39m [37m-->[39m [37mGET[39m [37m/wd/hub/session/2de0362a-2285-4ab2-9f95-f5a6726d1119/element/ab1bf186-fc00-498d-9148-8c4f42fca1ad/location[39m
[35m[HTTP][39m [90m{}[39m
[35m[W3C][39m Driver proxy active, passing request on via HTTP proxy
[35m[JSONWP Proxy][39m Replacing sessionId e2a44bbd-07e9-4257-99ca-caa9d49d779d with 2de0362a-2285-4ab2-9f95-f5a6726d1119
[35m[HTTP][39m [37m<-- GET /wd/hub/session/2de0362a-2285-4ab2-9f95-f5a6726d1119/element/ab1bf186-fc00-498d-9148-8c4f42fca1ad/location [39m[32m200[39m [90m50 ms - 88[39m
[35m[HTTP][39m [90m[39m
[35m[HTTP][39m [37m-->[39m [37mPOST[39m [37m/wd/hub/session/2de0362a-2285-4ab2-9f95-f5a6726d1119/touch/perform[39m
[35m[HTTP][39m [90m{"actions":[{"action":"tap","options":{"element":"ab1bf186-fc00-498d-9148-8c4f42fca1ad","x":1,"y":1}}]}[39m
[35m[UiAutomator2][39m calling get location: ab1bf186-fc00-498d-9148-8c4f42fca1ad
[35m[HTTP][39m [37m<-- POST /wd/hub/session/2de0362a-2285-4ab2-9f95-f5a6726d1119/touch/perform [39m[32m200[39m [90m844 ms - 76[39m
[35m[HTTP][39m [90m[39m
[35m[HTTP][39m [37m-->[39m [37mGET[39m [37m/wd/hub/session/2de0362a-2285-4ab2-9f95-f5a6726d1119/window/current/size[39m
[35m[HTTP][39m [90m{}[39m
[35m[W3C][39m Driver proxy active, passing request on via HTTP proxy
[35m[JSONWP Proxy][39m Replacing sessionId e2a44bbd-07e9-4257-99ca-caa9d49d779d with 2de0362a-2285-4ab2-9f95-f5a6726d1119
[35m[HTTP][39m [37m<-- GET /wd/hub/session/2de0362a-2285-4ab2-9f95-f5a6726d1119/window/current/size [39m[32m200[39m [90m44 ms - 100[39m
[35m[HTTP][39m [90m[39m
[35m[HTTP][39m [37m-->[39m [37mPOST[39m [37m/wd/hub/session/2de0362a-2285-4ab2-9f95-f5a6726d1119/elements[39m
[35m[HTTP][39m [90m{"using":"-android uiautomator","value":"new UiSelector().className(\"android.widget.TextView\").text(\"Scelti per te questa settimana\").resourceId(\"it.sky.msa:id/categoryTitle\").instance(6)"}[39m
[35m[HTTP][39m [37m<-- POST /wd/hub/session/2de0362a-2285-4ab2-9f95-f5a6726d1119/elements [39m[32m200[39m [90m131 ms - 124[39m
[35m[HTTP][39m [90m[39m
[35m[HTTP][39m [37m-->[39m [37mGET[39m [37m/wd/hub/session/2de0362a-2285-4ab2-9f95-f5a6726d1119[39m
[35m[HTTP][39m [90m{}[39m
[35m[HTTP][39m [37m<-- GET /wd/hub/session/2de0362a-2285-4ab2-9f95-f5a6726d1119 [39m[32m200[39m [90m21 ms - 1133[39m
[35m[HTTP][39m [90m[39m
[35m[HTTP][39m [37m-->[39m [37mGET[39m [37m/wd/hub/session/2de0362a-2285-4ab2-9f95-f5a6726d1119[39m
[35m[HTTP][39m [90m{}[39m
[35m[HTTP][39m [37m<-- GET /wd/hub/session/2de0362a-2285-4ab2-9f95-f5a6726d1119 [39m[32m200[39m [90m20 ms - 1133[39m
[35m[HTTP][39m [90m[39m
[35m[HTTP][39m [37m-->[39m [37mGET[39m [37m/wd/hub/session/2de0362a-2285-4ab2-9f95-f5a6726d1119[39m
[35m[HTTP][39m [90m{}[39m
[35m[HTTP][39m [37m<-- GET /wd/hub/session/2de0362a-2285-4ab2-9f95-f5a6726d1119 [39m[32m200[39m [90m20 ms - 1133[39m
[35m[HTTP][39m [90m[39m
[35m[HTTP][39m [37m-->[39m [37mGET[39m [37m/wd/hub/session/2de0362a-2285-4ab2-9f95-f5a6726d1119[39m
[35m[HTTP][39m [90m{}[39m
[35m[HTTP][39m [37m<-- GET /wd/hub/session/2de0362a-2285-4ab2-9f95-f5a6726d1119 [39m[32m200[39m [90m22 ms - 1133[39m
[35m[HTTP][39m [90m[39m
[35m[HTTP][39m [37m-->[39m [37mGET[39m [37m/wd/hub/session/2de0362a-2285-4ab2-9f95-f5a6726d1119/element/c18b1698-59c7-4c80-891f-8a56e85c722b/location[39m
[35m[HTTP][39m [90m{}[39m
[35m[W3C][39m Driver proxy active, passing request on via HTTP proxy
[35m[JSONWP Proxy][39m Replacing sessionId e2a44bbd-07e9-4257-99ca-caa9d49d779d with 2de0362a-2285-4ab2-9f95-f5a6726d1119
[35m[HTTP][39m [37m<-- GET /wd/hub/session/2de0362a-2285-4ab2-9f95-f5a6726d1119/element/c18b1698-59c7-4c80-891f-8a56e85c722b/location [39m[32m200[39m [90m45 ms - 89[39m
[35m[HTTP][39m [90m[39m
[35m[HTTP][39m [37m-->[39m [37mDELETE[39m [37m/wd/hub/session/2de0362a-2285-4ab2-9f95-f5a6726d1119[39m
[35m[HTTP][39m [90m{}[39m
[35m[Appium][39m Removing session 2de0362a-2285-4ab2-9f95-f5a6726d1119 from our master session list
[35m[HTTP][39m [37m<-- DELETE /wd/hub/session/2de0362a-2285-4ab2-9f95-f5a6726d1119 [39m[32m200[39m [90m252 ms - 76[39m
[35m[HTTP][39m [90m[39m
