[35m[Appium][39m Welcome to Appium v1.8.1
[35m[Appium][39m Non-default server args:
[35m[Appium][39m   port: 56886
[35m[Appium][39m   loglevel: info
[35m[Appium][39m   chromeDriverPort: 56887
[35m[Appium][39m   tmpDir: C:\Users\marco\AppData\Local\Temp\\Katalon\Appium\Temp1551196876789
[35m[Appium][39m Appium REST http interface listener started on 0.0.0.0:56886
[35m[HTTP][39m [37m-->[39m [37mGET[39m [37m/wd/hub/status[39m
[35m[HTTP][39m [90m{}[39m
[35m[HTTP][39m [37m<-- GET /wd/hub/status [39m[32m200[39m [90m58 ms - 83[39m
[35m[HTTP][39m [90m[39m
[35m[HTTP][39m [37m-->[39m [37mPOST[39m [37m/wd/hub/session[39m
[35m[HTTP][39m [90m{"desiredCapabilities":{"app":"C:\\Users\\MSA-testautomation\\59.apk","autoGrantPermissions":true,"automationName":"uiautomator2","deviceName":"samsung SM-G935F (Android 8.0.0)","fullReset":false,"newCommandTimeout":1800,"noReset":true,"platform":"ANDROID","platformName":"Android","udid":"9885f7504651473733"},"capabilities":{"desiredCapabilities":{"app":"C:\\Users\\MSA-testautomation\\59.apk","autoGrantPermissions":true,"automationName":"uiautomator2","deviceName":"samsung SM-G935F (Android 8.0.0)","fullReset":false,"newCommandTimeout":1800,"noReset":true,"platform":"ANDROID","platformName":"Android","udid":"9885f7504651473733"},"firstMatch":[{"platformName":"android"}]}}[39m
[35m[Appium][39m Could not parse W3C capabilities: 'deviceName' can't be blank. Falling back to JSONWP protocol.
[35m[Appium][39m The following capabilities were provided in the JSONWP desired capabilities that are missing in W3C capabilities: ["app","autoGrantPermissions","automationName","deviceName","fullReset","newCommandTimeout","noReset","platform","platformName","udid"]. Falling back to JSONWP protocol.
[35m[Appium][39m Creating new AndroidUiautomator2Driver (v1.12.0) session
[35m[Appium][39m Capabilities:
[35m[Appium][39m   app: C:\Users\MSA-testautomation\59.apk
[35m[Appium][39m   autoGrantPermissions: true
[35m[Appium][39m   automationName: uiautomator2
[35m[Appium][39m   deviceName: samsung SM-G935F (Android 8.0.0)
[35m[Appium][39m   fullReset: false
[35m[Appium][39m   newCommandTimeout: 1800
[35m[Appium][39m   noReset: true
[35m[Appium][39m   platform: ANDROID
[35m[Appium][39m   platformName: Android
[35m[Appium][39m   udid: 9885f7504651473733
[35m[BaseDriver][39m The following capabilities were provided, but are not recognized by appium: platform.
[35m[BaseDriver][39m Session created with session id: 245e39c0-7381-4057-97dd-2ef37a8705ac
[35m[BaseDriver][39m Using local app 'C:\Users\MSA-testautomation\59.apk'
[35m[AndroidDriver][39m Java version is: 1.8.0_181
[35m[ADB][39m Checking whether adb is present
[35m[ADB][39m Found 1 'build-tools' folders under 'C:\Users\marco\.katalon\tools\android_sdk' (newest first):
[35m[ADB][39m     C:/Users/marco/.katalon/tools/android_sdk/build-tools/28.0.3
[35m[ADB][39m Using adb.exe from C:\Users\marco\.katalon\tools\android_sdk\platform-tools\adb.exe
[35m[AndroidDriver][39m Retrieving device list
[35m[AndroidDriver][39m Using device: 9885f7504651473733
[35m[ADB][39m Using the alternative activity name detection method because of: Could not find apkanalyzer.bat in C:\Users\marco\.katalon\tools\android_sdk\platform-tools\apkanalyzer.bat,C:\Users\marco\.katalon\tools\android_sdk\emulator\apkanalyzer.bat,C:\Users\marco\.katalon\tools\android_sdk\tools\apkanalyzer.bat,C:\Users\marco\.katalon\tools\android_sdk\tools\bin\apkanalyzer.bat,C:\Users\marco\.katalon\tools\android_sdk\build-tools\28.0.3\apkanalyzer.bat. Do you have the Android SDK installed at 'C:\Users\marco\.katalon\tools\android_sdk'?
[35m[ADB][39m Checking whether aapt is present
[35m[ADB][39m Using aapt.exe from C:\Users\marco\.katalon\tools\android_sdk\build-tools\28.0.3\aapt.exe
[35m[ADB][39m Extracting package and launch activity from manifest
[35m[ADB][39m Package name: 'it.sky.msa'
[35m[ADB][39m Main activity name: 'it.sky.msa.welcome.SplashActivity'
[35m[ADB][39m Getting device platform version
[35m[ADB][39m Using apksigner.bat from C:\Users\marco\.katalon\tools\android_sdk\build-tools\28.0.3\apksigner.bat
[35m[ADB][39m Checking whether zipalign is present
[35m[ADB][39m Using zipalign.exe from C:\Users\marco\.katalon\tools\android_sdk\build-tools\28.0.3\zipalign.exe
[35m[ADB][39m io.appium.uiautomator2.server was successfully uninstalled
[35m[ADB][39m io.appium.uiautomator2.server.test was successfully uninstalled
[35m[AndroidDriver][39m setDeviceLanguageCountry requires language or country.
[35m[AndroidDriver][39m Got language: 'null' and country: 'null'
[35m[ADB][39m Successfully extracted 218 strings from 'C:\Users\MSA-testautomation\59.apk' resources for '(default)' configuration
[35m[UiAutomator2][39m Starting uiautomator2 server 1.12.0
[35m[UiAutomator2][39m Using UIAutomator2 server from 'C:\Users\marco\AppData\Roaming\npm\node_modules\appium\node_modules\appium-uiautomator2-server\apks\appium-uiautomator2-server-v1.12.0.apk' and test from 'C:\Users\marco\AppData\Roaming\npm\node_modules\appium\node_modules\appium-uiautomator2-server\apks\appium-uiautomator2-server-debug-androidTest.apk'
[35m[UiAutomator2][39m Running command: 'adb -s 9885f7504651473733 shell am instrument -w io.appium.uiautomator2.server.test/android.support.test.runner.AndroidJUnitRunner'
[35m[UiAutomator2][39m Waiting up to 20000ms for UiAutomator2 to be online...
[35m[AndroidDriver][39m Screen already unlocked, doing nothing
[35m[UiAutomator2][39m UiAutomator2 did not start the activity we were waiting for, 'it.sky.msa/it.sky.msa.welcome.SplashActivity'. Starting it ourselves
[35m[Appium][39m New AndroidUiautomator2Driver session created successfully, session 245e39c0-7381-4057-97dd-2ef37a8705ac added to master session list
[35m[HTTP][39m [37m<-- POST /wd/hub/session [39m[32m200[39m [90m21428 ms - 1133[39m
[35m[HTTP][39m [90m[39m
[35m[HTTP][39m [37m-->[39m [37mGET[39m [37m/wd/hub/status[39m
[35m[HTTP][39m [90m{}[39m
[35m[HTTP][39m [37m<-- GET /wd/hub/status [39m[32m200[39m [90m51 ms - 55[39m
[35m[HTTP][39m [90m[39m
[35m[HTTP][39m [37m-->[39m [37mPOST[39m [37m/wd/hub/session/245e39c0-7381-4057-97dd-2ef37a8705ac/timeouts[39m
[35m[HTTP][39m [90m{"type":"implicit","ms":30000}[39m
[35m[HTTP][39m [37m<-- POST /wd/hub/session/245e39c0-7381-4057-97dd-2ef37a8705ac/timeouts [39m[33m400[39m [90m19 ms - 5204[39m
[35m[HTTP][39m [90m[39m
[35m[HTTP][39m [37m-->[39m [37mGET[39m [37m/wd/hub/session/245e39c0-7381-4057-97dd-2ef37a8705ac/window/current/size[39m
[35m[HTTP][39m [90m{}[39m
[35m[W3C][39m Driver proxy active, passing request on via HTTP proxy
[35m[JSONWP Proxy][39m Replacing sessionId 951dec99-32aa-4137-82c3-d9e8afa52859 with 245e39c0-7381-4057-97dd-2ef37a8705ac
[35m[HTTP][39m [37m<-- GET /wd/hub/session/245e39c0-7381-4057-97dd-2ef37a8705ac/window/current/size [39m[32m200[39m [90m63 ms - 100[39m
[35m[HTTP][39m [90m[39m
[35m[HTTP][39m [37m-->[39m [37mPOST[39m [37m/wd/hub/session/245e39c0-7381-4057-97dd-2ef37a8705ac/elements[39m
[35m[HTTP][39m [90m{"using":"-android uiautomator","value":"new UiSelector().className(\"android.widget.TextView\").text(\"Guida TV\").resourceId(\"it.sky.msa:id/title\").instance(5)"}[39m
[35m[HTTP][39m [37m<-- POST /wd/hub/session/245e39c0-7381-4057-97dd-2ef37a8705ac/elements [39m[32m200[39m [90m180 ms - 74[39m
[35m[HTTP][39m [90m[39m
[35m[HTTP][39m [37m-->[39m [37mPOST[39m [37m/wd/hub/session/245e39c0-7381-4057-97dd-2ef37a8705ac/elements[39m
[35m[HTTP][39m [90m{"using":"-android uiautomator","value":"new UiSelector().className(\"android.widget.TextView\").text(\"Guida TV\").resourceId(\"it.sky.msa:id/title\").instance(5)"}[39m
[35m[HTTP][39m [37m<-- POST /wd/hub/session/245e39c0-7381-4057-97dd-2ef37a8705ac/elements [39m[32m200[39m [90m88 ms - 74[39m
[35m[HTTP][39m [90m[39m
[35m[HTTP][39m [37m-->[39m [37mPOST[39m [37m/wd/hub/session/245e39c0-7381-4057-97dd-2ef37a8705ac/elements[39m
[35m[HTTP][39m [90m{"using":"-android uiautomator","value":"new UiSelector().className(\"android.widget.TextView\").text(\"Guida TV\").resourceId(\"it.sky.msa:id/title\").instance(5)"}[39m
[35m[HTTP][39m [37m<-- POST /wd/hub/session/245e39c0-7381-4057-97dd-2ef37a8705ac/elements [39m[32m200[39m [90m67 ms - 74[39m
[35m[HTTP][39m [90m[39m
[35m[HTTP][39m [37m-->[39m [37mPOST[39m [37m/wd/hub/session/245e39c0-7381-4057-97dd-2ef37a8705ac/elements[39m
[35m[HTTP][39m [90m{"using":"-android uiautomator","value":"new UiSelector().className(\"android.widget.TextView\").text(\"Guida TV\").resourceId(\"it.sky.msa:id/title\").instance(5)"}[39m
[35m[HTTP][39m [37m<-- POST /wd/hub/session/245e39c0-7381-4057-97dd-2ef37a8705ac/elements [39m[32m200[39m [90m67 ms - 74[39m
[35m[HTTP][39m [90m[39m
[35m[HTTP][39m [37m-->[39m [37mPOST[39m [37m/wd/hub/session/245e39c0-7381-4057-97dd-2ef37a8705ac/elements[39m
[35m[HTTP][39m [90m{"using":"-android uiautomator","value":"new UiSelector().className(\"android.widget.TextView\").text(\"Guida TV\").resourceId(\"it.sky.msa:id/title\").instance(5)"}[39m
[35m[HTTP][39m [37m<-- POST /wd/hub/session/245e39c0-7381-4057-97dd-2ef37a8705ac/elements [39m[32m200[39m [90m68 ms - 74[39m
[35m[HTTP][39m [90m[39m
[35m[HTTP][39m [37m-->[39m [37mPOST[39m [37m/wd/hub/session/245e39c0-7381-4057-97dd-2ef37a8705ac/elements[39m
[35m[HTTP][39m [90m{"using":"-android uiautomator","value":"new UiSelector().className(\"android.widget.TextView\").text(\"Guida TV\").resourceId(\"it.sky.msa:id/title\").instance(5)"}[39m
[35m[HTTP][39m [37m<-- POST /wd/hub/session/245e39c0-7381-4057-97dd-2ef37a8705ac/elements [39m[32m200[39m [90m61 ms - 74[39m
[35m[HTTP][39m [90m[39m
[35m[HTTP][39m [37m-->[39m [37mPOST[39m [37m/wd/hub/session/245e39c0-7381-4057-97dd-2ef37a8705ac/elements[39m
[35m[HTTP][39m [90m{"using":"-android uiautomator","value":"new UiSelector().className(\"android.widget.TextView\").text(\"Guida TV\").resourceId(\"it.sky.msa:id/title\").instance(5)"}[39m
[35m[HTTP][39m [37m<-- POST /wd/hub/session/245e39c0-7381-4057-97dd-2ef37a8705ac/elements [39m[32m200[39m [90m57 ms - 74[39m
[35m[HTTP][39m [90m[39m
[35m[HTTP][39m [37m-->[39m [37mPOST[39m [37m/wd/hub/session/245e39c0-7381-4057-97dd-2ef37a8705ac/elements[39m
[35m[HTTP][39m [90m{"using":"-android uiautomator","value":"new UiSelector().className(\"android.widget.TextView\").text(\"Guida TV\").resourceId(\"it.sky.msa:id/title\").instance(5)"}[39m
[35m[HTTP][39m [37m<-- POST /wd/hub/session/245e39c0-7381-4057-97dd-2ef37a8705ac/elements [39m[32m200[39m [90m64 ms - 74[39m
[35m[HTTP][39m [90m[39m
[35m[HTTP][39m [37m-->[39m [37mPOST[39m [37m/wd/hub/session/245e39c0-7381-4057-97dd-2ef37a8705ac/elements[39m
[35m[HTTP][39m [90m{"using":"-android uiautomator","value":"new UiSelector().className(\"android.widget.TextView\").text(\"Guida TV\").resourceId(\"it.sky.msa:id/title\").instance(5)"}[39m
[35m[HTTP][39m [37m<-- POST /wd/hub/session/245e39c0-7381-4057-97dd-2ef37a8705ac/elements [39m[32m200[39m [90m61 ms - 74[39m
[35m[HTTP][39m [90m[39m
[35m[HTTP][39m [37m-->[39m [37mPOST[39m [37m/wd/hub/session/245e39c0-7381-4057-97dd-2ef37a8705ac/elements[39m
[35m[HTTP][39m [90m{"using":"-android uiautomator","value":"new UiSelector().className(\"android.widget.TextView\").text(\"Guida TV\").resourceId(\"it.sky.msa:id/title\").instance(5)"}[39m
[35m[HTTP][39m [37m<-- POST /wd/hub/session/245e39c0-7381-4057-97dd-2ef37a8705ac/elements [39m[32m200[39m [90m55 ms - 74[39m
[35m[HTTP][39m [90m[39m
[35m[HTTP][39m [37m-->[39m [37mPOST[39m [37m/wd/hub/session/245e39c0-7381-4057-97dd-2ef37a8705ac/elements[39m
[35m[HTTP][39m [90m{"using":"-android uiautomator","value":"new UiSelector().className(\"android.widget.TextView\").text(\"Guida TV\").resourceId(\"it.sky.msa:id/title\").instance(5)"}[39m
[35m[HTTP][39m [37m<-- POST /wd/hub/session/245e39c0-7381-4057-97dd-2ef37a8705ac/elements [39m[32m200[39m [90m73 ms - 74[39m
[35m[HTTP][39m [90m[39m
[35m[HTTP][39m [37m-->[39m [37mPOST[39m [37m/wd/hub/session/245e39c0-7381-4057-97dd-2ef37a8705ac/elements[39m
[35m[HTTP][39m [90m{"using":"-android uiautomator","value":"new UiSelector().className(\"android.widget.TextView\").text(\"Guida TV\").resourceId(\"it.sky.msa:id/title\").instance(5)"}[39m
[35m[HTTP][39m [37m<-- POST /wd/hub/session/245e39c0-7381-4057-97dd-2ef37a8705ac/elements [39m[32m200[39m [90m76 ms - 74[39m
[35m[HTTP][39m [90m[39m
[35m[HTTP][39m [37m-->[39m [37mPOST[39m [37m/wd/hub/session/245e39c0-7381-4057-97dd-2ef37a8705ac/elements[39m
[35m[HTTP][39m [90m{"using":"-android uiautomator","value":"new UiSelector().className(\"android.widget.TextView\").text(\"Guida TV\").resourceId(\"it.sky.msa:id/title\").instance(5)"}[39m
[35m[HTTP][39m [37m<-- POST /wd/hub/session/245e39c0-7381-4057-97dd-2ef37a8705ac/elements [39m[32m200[39m [90m66 ms - 74[39m
[35m[HTTP][39m [90m[39m
[35m[HTTP][39m [37m-->[39m [37mPOST[39m [37m/wd/hub/session/245e39c0-7381-4057-97dd-2ef37a8705ac/elements[39m
[35m[HTTP][39m [90m{"using":"-android uiautomator","value":"new UiSelector().className(\"android.widget.TextView\").text(\"Guida TV\").resourceId(\"it.sky.msa:id/title\").instance(5)"}[39m
[35m[HTTP][39m [37m<-- POST /wd/hub/session/245e39c0-7381-4057-97dd-2ef37a8705ac/elements [39m[32m200[39m [90m93 ms - 74[39m
[35m[HTTP][39m [90m[39m
[35m[HTTP][39m [37m-->[39m [37mPOST[39m [37m/wd/hub/session/245e39c0-7381-4057-97dd-2ef37a8705ac/elements[39m
[35m[HTTP][39m [90m{"using":"-android uiautomator","value":"new UiSelector().className(\"android.widget.TextView\").text(\"Guida TV\").resourceId(\"it.sky.msa:id/title\").instance(5)"}[39m
[35m[HTTP][39m [37m<-- POST /wd/hub/session/245e39c0-7381-4057-97dd-2ef37a8705ac/elements [39m[32m200[39m [90m70 ms - 74[39m
[35m[HTTP][39m [90m[39m
[35m[HTTP][39m [37m-->[39m [37mPOST[39m [37m/wd/hub/session/245e39c0-7381-4057-97dd-2ef37a8705ac/elements[39m
[35m[HTTP][39m [90m{"using":"-android uiautomator","value":"new UiSelector().className(\"android.widget.TextView\").text(\"Guida TV\").resourceId(\"it.sky.msa:id/title\").instance(5)"}[39m
[35m[HTTP][39m [37m<-- POST /wd/hub/session/245e39c0-7381-4057-97dd-2ef37a8705ac/elements [39m[32m200[39m [90m107 ms - 74[39m
[35m[HTTP][39m [90m[39m
[35m[HTTP][39m [37m-->[39m [37mPOST[39m [37m/wd/hub/session/245e39c0-7381-4057-97dd-2ef37a8705ac/elements[39m
[35m[HTTP][39m [90m{"using":"-android uiautomator","value":"new UiSelector().className(\"android.widget.TextView\").text(\"Guida TV\").resourceId(\"it.sky.msa:id/title\").instance(5)"}[39m
[35m[HTTP][39m [37m<-- POST /wd/hub/session/245e39c0-7381-4057-97dd-2ef37a8705ac/elements [39m[32m200[39m [90m899 ms - 124[39m
[35m[HTTP][39m [90m[39m
[35m[HTTP][39m [37m-->[39m [37mGET[39m [37m/wd/hub/session/245e39c0-7381-4057-97dd-2ef37a8705ac[39m
[35m[HTTP][39m [90m{}[39m
[35m[HTTP][39m [37m<-- GET /wd/hub/session/245e39c0-7381-4057-97dd-2ef37a8705ac [39m[32m200[39m [90m34 ms - 1133[39m
[35m[HTTP][39m [90m[39m
[35m[HTTP][39m [37m-->[39m [37mGET[39m [37m/wd/hub/session/245e39c0-7381-4057-97dd-2ef37a8705ac[39m
[35m[HTTP][39m [90m{}[39m
[35m[HTTP][39m [37m<-- GET /wd/hub/session/245e39c0-7381-4057-97dd-2ef37a8705ac [39m[32m200[39m [90m35 ms - 1133[39m
[35m[HTTP][39m [90m[39m
[35m[HTTP][39m [37m-->[39m [37mGET[39m [37m/wd/hub/session/245e39c0-7381-4057-97dd-2ef37a8705ac[39m
[35m[HTTP][39m [90m{}[39m
[35m[HTTP][39m [37m<-- GET /wd/hub/session/245e39c0-7381-4057-97dd-2ef37a8705ac [39m[32m200[39m [90m35 ms - 1133[39m
[35m[HTTP][39m [90m[39m
[35m[HTTP][39m [37m-->[39m [37mGET[39m [37m/wd/hub/session/245e39c0-7381-4057-97dd-2ef37a8705ac[39m
[35m[HTTP][39m [90m{}[39m
[35m[HTTP][39m [37m<-- GET /wd/hub/session/245e39c0-7381-4057-97dd-2ef37a8705ac [39m[32m200[39m [90m36 ms - 1133[39m
[35m[HTTP][39m [90m[39m
[35m[HTTP][39m [37m-->[39m [37mGET[39m [37m/wd/hub/session/245e39c0-7381-4057-97dd-2ef37a8705ac/element/84fae116-f734-48ee-8020-6f93860ade4e/location[39m
[35m[HTTP][39m [90m{}[39m
[35m[W3C][39m Driver proxy active, passing request on via HTTP proxy
[35m[JSONWP Proxy][39m Replacing sessionId 951dec99-32aa-4137-82c3-d9e8afa52859 with 245e39c0-7381-4057-97dd-2ef37a8705ac
[35m[HTTP][39m [37m<-- GET /wd/hub/session/245e39c0-7381-4057-97dd-2ef37a8705ac/element/84fae116-f734-48ee-8020-6f93860ade4e/location [39m[32m200[39m [90m77 ms - 90[39m
[35m[HTTP][39m [90m[39m
[35m[HTTP][39m [37m-->[39m [37mPOST[39m [37m/wd/hub/session/245e39c0-7381-4057-97dd-2ef37a8705ac/touch/perform[39m
[35m[HTTP][39m [90m{"actions":[{"action":"tap","options":{"element":"84fae116-f734-48ee-8020-6f93860ade4e","x":1,"y":1}}]}[39m
[35m[UiAutomator2][39m calling get location: 84fae116-f734-48ee-8020-6f93860ade4e
[35m[HTTP][39m [37m<-- POST /wd/hub/session/245e39c0-7381-4057-97dd-2ef37a8705ac/touch/perform [39m[32m200[39m [90m1138 ms - 76[39m
[35m[HTTP][39m [90m[39m
[35m[HTTP][39m [37m-->[39m [37mGET[39m [37m/wd/hub/session/245e39c0-7381-4057-97dd-2ef37a8705ac/window/current/size[39m
[35m[HTTP][39m [90m{}[39m
[35m[W3C][39m Driver proxy active, passing request on via HTTP proxy
[35m[JSONWP Proxy][39m Replacing sessionId 951dec99-32aa-4137-82c3-d9e8afa52859 with 245e39c0-7381-4057-97dd-2ef37a8705ac
[35m[HTTP][39m [37m<-- GET /wd/hub/session/245e39c0-7381-4057-97dd-2ef37a8705ac/window/current/size [39m[32m200[39m [90m51 ms - 100[39m
[35m[HTTP][39m [90m[39m
[35m[HTTP][39m [37m-->[39m [37mPOST[39m [37m/wd/hub/session/245e39c0-7381-4057-97dd-2ef37a8705ac/elements[39m
[35m[HTTP][39m [90m{"using":"-android uiautomator","value":"new UiSelector().className(\"android.widget.TextView\").text(\"GUIDA TV\").resourceId(\"it.sky.msa:id/headerTitle\").instance(0)"}[39m
[35m[HTTP][39m [37m<-- POST /wd/hub/session/245e39c0-7381-4057-97dd-2ef37a8705ac/elements [39m[32m200[39m [90m1329 ms - 124[39m
[35m[HTTP][39m [90m[39m
[35m[HTTP][39m [37m-->[39m [37mGET[39m [37m/wd/hub/session/245e39c0-7381-4057-97dd-2ef37a8705ac[39m
[35m[HTTP][39m [90m{}[39m
[35m[HTTP][39m [37m<-- GET /wd/hub/session/245e39c0-7381-4057-97dd-2ef37a8705ac [39m[32m200[39m [90m29 ms - 1133[39m
[35m[HTTP][39m [90m[39m
[35m[HTTP][39m [37m-->[39m [37mGET[39m [37m/wd/hub/session/245e39c0-7381-4057-97dd-2ef37a8705ac[39m
[35m[HTTP][39m [90m{}[39m
[35m[HTTP][39m [37m<-- GET /wd/hub/session/245e39c0-7381-4057-97dd-2ef37a8705ac [39m[32m200[39m [90m31 ms - 1133[39m
[35m[HTTP][39m [90m[39m
[35m[HTTP][39m [37m-->[39m [37mGET[39m [37m/wd/hub/session/245e39c0-7381-4057-97dd-2ef37a8705ac[39m
[35m[HTTP][39m [90m{}[39m
[35m[HTTP][39m [37m<-- GET /wd/hub/session/245e39c0-7381-4057-97dd-2ef37a8705ac [39m[32m200[39m [90m29 ms - 1133[39m
[35m[HTTP][39m [90m[39m
[35m[HTTP][39m [37m-->[39m [37mGET[39m [37m/wd/hub/session/245e39c0-7381-4057-97dd-2ef37a8705ac[39m
[35m[HTTP][39m [90m{}[39m
[35m[HTTP][39m [37m<-- GET /wd/hub/session/245e39c0-7381-4057-97dd-2ef37a8705ac [39m[32m200[39m [90m37 ms - 1133[39m
[35m[HTTP][39m [90m[39m
[35m[HTTP][39m [37m-->[39m [37mGET[39m [37m/wd/hub/session/245e39c0-7381-4057-97dd-2ef37a8705ac/element/ca8e70df-7025-4313-9461-7052125fe55c/location[39m
[35m[HTTP][39m [90m{}[39m
[35m[W3C][39m Driver proxy active, passing request on via HTTP proxy
[35m[JSONWP Proxy][39m Replacing sessionId 951dec99-32aa-4137-82c3-d9e8afa52859 with 245e39c0-7381-4057-97dd-2ef37a8705ac
[35m[HTTP][39m [37m<-- GET /wd/hub/session/245e39c0-7381-4057-97dd-2ef37a8705ac/element/ca8e70df-7025-4313-9461-7052125fe55c/location [39m[32m200[39m [90m86 ms - 88[39m
[35m[HTTP][39m [90m[39m
[35m[HTTP][39m [37m-->[39m [37mGET[39m [37m/wd/hub/session/245e39c0-7381-4057-97dd-2ef37a8705ac/window/current/size[39m
[35m[HTTP][39m [90m{}[39m
[35m[W3C][39m Driver proxy active, passing request on via HTTP proxy
[35m[JSONWP Proxy][39m Replacing sessionId 951dec99-32aa-4137-82c3-d9e8afa52859 with 245e39c0-7381-4057-97dd-2ef37a8705ac
[35m[HTTP][39m [37m<-- GET /wd/hub/session/245e39c0-7381-4057-97dd-2ef37a8705ac/window/current/size [39m[32m200[39m [90m37 ms - 100[39m
[35m[HTTP][39m [90m[39m
[35m[HTTP][39m [37m-->[39m [37mPOST[39m [37m/wd/hub/session/245e39c0-7381-4057-97dd-2ef37a8705ac/elements[39m
[35m[HTTP][39m [90m{"using":"-android uiautomator","value":"new UiSelector().className(\"android.widget.ImageView\").resourceId(\"it.sky.msa:id/heroImageImageView\").instance(0)"}[39m
[35m[HTTP][39m [37m<-- POST /wd/hub/session/245e39c0-7381-4057-97dd-2ef37a8705ac/elements [39m[32m200[39m [90m153 ms - 124[39m
[35m[HTTP][39m [90m[39m
[35m[HTTP][39m [37m-->[39m [37mGET[39m [37m/wd/hub/session/245e39c0-7381-4057-97dd-2ef37a8705ac[39m
[35m[HTTP][39m [90m{}[39m
[35m[HTTP][39m [37m<-- GET /wd/hub/session/245e39c0-7381-4057-97dd-2ef37a8705ac [39m[32m200[39m [90m28 ms - 1133[39m
[35m[HTTP][39m [90m[39m
[35m[HTTP][39m [37m-->[39m [37mGET[39m [37m/wd/hub/session/245e39c0-7381-4057-97dd-2ef37a8705ac[39m
[35m[HTTP][39m [90m{}[39m
[35m[HTTP][39m [37m<-- GET /wd/hub/session/245e39c0-7381-4057-97dd-2ef37a8705ac [39m[32m200[39m [90m27 ms - 1133[39m
[35m[HTTP][39m [90m[39m
[35m[HTTP][39m [37m-->[39m [37mGET[39m [37m/wd/hub/session/245e39c0-7381-4057-97dd-2ef37a8705ac[39m
[35m[HTTP][39m [90m{}[39m
[35m[HTTP][39m [37m<-- GET /wd/hub/session/245e39c0-7381-4057-97dd-2ef37a8705ac [39m[32m200[39m [90m27 ms - 1133[39m
[35m[HTTP][39m [90m[39m
[35m[HTTP][39m [37m-->[39m [37mGET[39m [37m/wd/hub/session/245e39c0-7381-4057-97dd-2ef37a8705ac[39m
[35m[HTTP][39m [90m{}[39m
[35m[HTTP][39m [37m<-- GET /wd/hub/session/245e39c0-7381-4057-97dd-2ef37a8705ac [39m[32m200[39m [90m30 ms - 1133[39m
[35m[HTTP][39m [90m[39m
[35m[HTTP][39m [37m-->[39m [37mGET[39m [37m/wd/hub/session/245e39c0-7381-4057-97dd-2ef37a8705ac/element/e4b98556-fd3c-49dc-abf8-54b9daded13d/location[39m
[35m[HTTP][39m [90m{}[39m
[35m[W3C][39m Driver proxy active, passing request on via HTTP proxy
[35m[JSONWP Proxy][39m Replacing sessionId 951dec99-32aa-4137-82c3-d9e8afa52859 with 245e39c0-7381-4057-97dd-2ef37a8705ac
[35m[HTTP][39m [37m<-- GET /wd/hub/session/245e39c0-7381-4057-97dd-2ef37a8705ac/element/e4b98556-fd3c-49dc-abf8-54b9daded13d/location [39m[32m200[39m [90m81 ms - 87[39m
[35m[HTTP][39m [90m[39m
[35m[HTTP][39m [37m-->[39m [37mGET[39m [37m/wd/hub/session/245e39c0-7381-4057-97dd-2ef37a8705ac/element/e4b98556-fd3c-49dc-abf8-54b9daded13d/attribute/resourceId[39m
[35m[HTTP][39m [90m{}[39m
[35m[HTTP][39m [37m<-- GET /wd/hub/session/245e39c0-7381-4057-97dd-2ef37a8705ac/element/e4b98556-fd3c-49dc-abf8-54b9daded13d/attribute/resourceId [39m[32m200[39m [90m98 ms - 106[39m
[35m[HTTP][39m [90m[39m
[35m[HTTP][39m [37m-->[39m [37mGET[39m [37m/wd/hub/session/245e39c0-7381-4057-97dd-2ef37a8705ac/window/current/size[39m
[35m[HTTP][39m [90m{}[39m
[35m[W3C][39m Driver proxy active, passing request on via HTTP proxy
[35m[JSONWP Proxy][39m Replacing sessionId 951dec99-32aa-4137-82c3-d9e8afa52859 with 245e39c0-7381-4057-97dd-2ef37a8705ac
[35m[HTTP][39m [37m<-- GET /wd/hub/session/245e39c0-7381-4057-97dd-2ef37a8705ac/window/current/size [39m[32m200[39m [90m39 ms - 100[39m
[35m[HTTP][39m [90m[39m
[35m[HTTP][39m [37m-->[39m [37mPOST[39m [37m/wd/hub/session/245e39c0-7381-4057-97dd-2ef37a8705ac/elements[39m
[35m[HTTP][39m [90m{"using":"-android uiautomator","value":"new UiSelector().className(\"android.widget.TextView\").text(\"IN EVIDENZA\").resourceId(\"it.sky.msa:id/heroPromoTextView\").instance(6)"}[39m
[35m[HTTP][39m [37m<-- POST /wd/hub/session/245e39c0-7381-4057-97dd-2ef37a8705ac/elements [39m[32m200[39m [90m144 ms - 124[39m
[35m[HTTP][39m [90m[39m
[35m[HTTP][39m [37m-->[39m [37mGET[39m [37m/wd/hub/session/245e39c0-7381-4057-97dd-2ef37a8705ac[39m
[35m[HTTP][39m [90m{}[39m
[35m[HTTP][39m [37m<-- GET /wd/hub/session/245e39c0-7381-4057-97dd-2ef37a8705ac [39m[32m200[39m [90m22 ms - 1133[39m
[35m[HTTP][39m [90m[39m
[35m[HTTP][39m [37m-->[39m [37mGET[39m [37m/wd/hub/session/245e39c0-7381-4057-97dd-2ef37a8705ac[39m
[35m[HTTP][39m [90m{}[39m
[35m[HTTP][39m [37m<-- GET /wd/hub/session/245e39c0-7381-4057-97dd-2ef37a8705ac [39m[32m200[39m [90m26 ms - 1133[39m
[35m[HTTP][39m [90m[39m
[35m[HTTP][39m [37m-->[39m [37mGET[39m [37m/wd/hub/session/245e39c0-7381-4057-97dd-2ef37a8705ac[39m
[35m[HTTP][39m [90m{}[39m
[35m[HTTP][39m [37m<-- GET /wd/hub/session/245e39c0-7381-4057-97dd-2ef37a8705ac [39m[32m200[39m [90m24 ms - 1133[39m
[35m[HTTP][39m [90m[39m
[35m[HTTP][39m [37m-->[39m [37mGET[39m [37m/wd/hub/session/245e39c0-7381-4057-97dd-2ef37a8705ac[39m
[35m[HTTP][39m [90m{}[39m
[35m[HTTP][39m [37m<-- GET /wd/hub/session/245e39c0-7381-4057-97dd-2ef37a8705ac [39m[32m200[39m [90m24 ms - 1133[39m
[35m[HTTP][39m [90m[39m
[35m[HTTP][39m [37m-->[39m [37mGET[39m [37m/wd/hub/session/245e39c0-7381-4057-97dd-2ef37a8705ac/element/1eb3cbb5-0570-4cfd-bcb5-c482b1d2d0b1/location[39m
[35m[HTTP][39m [90m{}[39m
[35m[W3C][39m Driver proxy active, passing request on via HTTP proxy
[35m[JSONWP Proxy][39m Replacing sessionId 951dec99-32aa-4137-82c3-d9e8afa52859 with 245e39c0-7381-4057-97dd-2ef37a8705ac
[35m[HTTP][39m [37m<-- GET /wd/hub/session/245e39c0-7381-4057-97dd-2ef37a8705ac/element/1eb3cbb5-0570-4cfd-bcb5-c482b1d2d0b1/location [39m[32m200[39m [90m58 ms - 88[39m
[35m[HTTP][39m [90m[39m
[35m[HTTP][39m [37m-->[39m [37mGET[39m [37m/wd/hub/session/245e39c0-7381-4057-97dd-2ef37a8705ac/element/1eb3cbb5-0570-4cfd-bcb5-c482b1d2d0b1/text[39m
[35m[HTTP][39m [90m{}[39m
[35m[W3C][39m Driver proxy active, passing request on via HTTP proxy
[35m[JSONWP Proxy][39m Replacing sessionId 951dec99-32aa-4137-82c3-d9e8afa52859 with 245e39c0-7381-4057-97dd-2ef37a8705ac
[35m[HTTP][39m [37m<-- GET /wd/hub/session/245e39c0-7381-4057-97dd-2ef37a8705ac/element/1eb3cbb5-0570-4cfd-bcb5-c482b1d2d0b1/text [39m[32m200[39m [90m84 ms - 85[39m
[35m[HTTP][39m [90m[39m
[35m[HTTP][39m [37m-->[39m [37mGET[39m [37m/wd/hub/session/245e39c0-7381-4057-97dd-2ef37a8705ac/window/current/size[39m
[35m[HTTP][39m [90m{}[39m
[35m[W3C][39m Driver proxy active, passing request on via HTTP proxy
[35m[JSONWP Proxy][39m Replacing sessionId 951dec99-32aa-4137-82c3-d9e8afa52859 with 245e39c0-7381-4057-97dd-2ef37a8705ac
[35m[HTTP][39m [37m<-- GET /wd/hub/session/245e39c0-7381-4057-97dd-2ef37a8705ac/window/current/size [39m[32m200[39m [90m30 ms - 100[39m
[35m[HTTP][39m [90m[39m
[35m[HTTP][39m [37m-->[39m [37mPOST[39m [37m/wd/hub/session/245e39c0-7381-4057-97dd-2ef37a8705ac/elements[39m
[35m[HTTP][39m [90m{"using":"-android uiautomator","value":"new UiSelector().className(\"android.widget.TextView\").resourceId(\"it.sky.msa:id/heroTitleTextView\").instance(7)"}[39m
[35m[HTTP][39m [37m<-- POST /wd/hub/session/245e39c0-7381-4057-97dd-2ef37a8705ac/elements [39m[32m200[39m [90m120 ms - 124[39m
[35m[HTTP][39m [90m[39m
[35m[HTTP][39m [37m-->[39m [37mGET[39m [37m/wd/hub/session/245e39c0-7381-4057-97dd-2ef37a8705ac[39m
[35m[HTTP][39m [90m{}[39m
[35m[HTTP][39m [37m<-- GET /wd/hub/session/245e39c0-7381-4057-97dd-2ef37a8705ac [39m[32m200[39m [90m25 ms - 1133[39m
[35m[HTTP][39m [90m[39m
[35m[HTTP][39m [37m-->[39m [37mGET[39m [37m/wd/hub/session/245e39c0-7381-4057-97dd-2ef37a8705ac[39m
[35m[HTTP][39m [90m{}[39m
[35m[HTTP][39m [37m<-- GET /wd/hub/session/245e39c0-7381-4057-97dd-2ef37a8705ac [39m[32m200[39m [90m23 ms - 1133[39m
[35m[HTTP][39m [90m[39m
[35m[HTTP][39m [37m-->[39m [37mGET[39m [37m/wd/hub/session/245e39c0-7381-4057-97dd-2ef37a8705ac[39m
[35m[HTTP][39m [90m{}[39m
[35m[HTTP][39m [37m<-- GET /wd/hub/session/245e39c0-7381-4057-97dd-2ef37a8705ac [39m[32m200[39m [90m25 ms - 1133[39m
[35m[HTTP][39m [90m[39m
[35m[HTTP][39m [37m-->[39m [37mGET[39m [37m/wd/hub/session/245e39c0-7381-4057-97dd-2ef37a8705ac[39m
[35m[HTTP][39m [90m{}[39m
[35m[HTTP][39m [37m<-- GET /wd/hub/session/245e39c0-7381-4057-97dd-2ef37a8705ac [39m[32m200[39m [90m25 ms - 1133[39m
[35m[HTTP][39m [90m[39m
[35m[HTTP][39m [37m-->[39m [37mGET[39m [37m/wd/hub/session/245e39c0-7381-4057-97dd-2ef37a8705ac/element/c0828aa4-53b2-4c87-afbc-6a512655378b/location[39m
[35m[HTTP][39m [90m{}[39m
[35m[W3C][39m Driver proxy active, passing request on via HTTP proxy
[35m[JSONWP Proxy][39m Replacing sessionId 951dec99-32aa-4137-82c3-d9e8afa52859 with 245e39c0-7381-4057-97dd-2ef37a8705ac
[35m[HTTP][39m [37m<-- GET /wd/hub/session/245e39c0-7381-4057-97dd-2ef37a8705ac/element/c0828aa4-53b2-4c87-afbc-6a512655378b/location [39m[32m200[39m [90m56 ms - 88[39m
[35m[HTTP][39m [90m[39m
[35m[HTTP][39m [37m-->[39m [37mGET[39m [37m/wd/hub/session/245e39c0-7381-4057-97dd-2ef37a8705ac/window/current/size[39m
[35m[HTTP][39m [90m{}[39m
[35m[W3C][39m Driver proxy active, passing request on via HTTP proxy
[35m[JSONWP Proxy][39m Replacing sessionId 951dec99-32aa-4137-82c3-d9e8afa52859 with 245e39c0-7381-4057-97dd-2ef37a8705ac
[35m[HTTP][39m [37m<-- GET /wd/hub/session/245e39c0-7381-4057-97dd-2ef37a8705ac/window/current/size [39m[32m200[39m [90m29 ms - 100[39m
[35m[HTTP][39m [90m[39m
[35m[HTTP][39m [37m-->[39m [37mPOST[39m [37m/wd/hub/session/245e39c0-7381-4057-97dd-2ef37a8705ac/elements[39m
[35m[HTTP][39m [90m{"using":"-android uiautomator","value":"new UiSelector().className(\"android.widget.TextView\").resourceId(\"it.sky.msa:id/heroCaptionTextView\").instance(8)"}[39m
[35m[HTTP][39m [37m<-- POST /wd/hub/session/245e39c0-7381-4057-97dd-2ef37a8705ac/elements [39m[32m200[39m [90m120 ms - 124[39m
[35m[HTTP][39m [90m[39m
[35m[HTTP][39m [37m-->[39m [37mGET[39m [37m/wd/hub/session/245e39c0-7381-4057-97dd-2ef37a8705ac[39m
[35m[HTTP][39m [90m{}[39m
[35m[HTTP][39m [37m<-- GET /wd/hub/session/245e39c0-7381-4057-97dd-2ef37a8705ac [39m[32m200[39m [90m27 ms - 1133[39m
[35m[HTTP][39m [90m[39m
[35m[HTTP][39m [37m-->[39m [37mGET[39m [37m/wd/hub/session/245e39c0-7381-4057-97dd-2ef37a8705ac[39m
[35m[HTTP][39m [90m{}[39m
[35m[HTTP][39m [37m<-- GET /wd/hub/session/245e39c0-7381-4057-97dd-2ef37a8705ac [39m[32m200[39m [90m35 ms - 1133[39m
[35m[HTTP][39m [90m[39m
[35m[HTTP][39m [37m-->[39m [37mGET[39m [37m/wd/hub/session/245e39c0-7381-4057-97dd-2ef37a8705ac[39m
[35m[HTTP][39m [90m{}[39m
[35m[HTTP][39m [37m<-- GET /wd/hub/session/245e39c0-7381-4057-97dd-2ef37a8705ac [39m[32m200[39m [90m27 ms - 1133[39m
[35m[HTTP][39m [90m[39m
[35m[HTTP][39m [37m-->[39m [37mGET[39m [37m/wd/hub/session/245e39c0-7381-4057-97dd-2ef37a8705ac[39m
[35m[HTTP][39m [90m{}[39m
[35m[HTTP][39m [37m<-- GET /wd/hub/session/245e39c0-7381-4057-97dd-2ef37a8705ac [39m[32m200[39m [90m26 ms - 1133[39m
[35m[HTTP][39m [90m[39m
[35m[HTTP][39m [37m-->[39m [37mGET[39m [37m/wd/hub/session/245e39c0-7381-4057-97dd-2ef37a8705ac/element/950a11a1-a568-4e55-8622-d63838a2be86/location[39m
[35m[HTTP][39m [90m{}[39m
[35m[W3C][39m Driver proxy active, passing request on via HTTP proxy
[35m[JSONWP Proxy][39m Replacing sessionId 951dec99-32aa-4137-82c3-d9e8afa52859 with 245e39c0-7381-4057-97dd-2ef37a8705ac
[35m[HTTP][39m [37m<-- GET /wd/hub/session/245e39c0-7381-4057-97dd-2ef37a8705ac/element/950a11a1-a568-4e55-8622-d63838a2be86/location [39m[32m200[39m [90m518 ms - 89[39m
[35m[HTTP][39m [90m[39m
[35m[HTTP][39m [37m-->[39m [37mGET[39m [37m/wd/hub/session/245e39c0-7381-4057-97dd-2ef37a8705ac/window/current/size[39m
[35m[HTTP][39m [90m{}[39m
[35m[W3C][39m Driver proxy active, passing request on via HTTP proxy
[35m[JSONWP Proxy][39m Replacing sessionId 951dec99-32aa-4137-82c3-d9e8afa52859 with 245e39c0-7381-4057-97dd-2ef37a8705ac
[35m[HTTP][39m [37m<-- GET /wd/hub/session/245e39c0-7381-4057-97dd-2ef37a8705ac/window/current/size [39m[32m200[39m [90m34 ms - 100[39m
[35m[HTTP][39m [90m[39m
[35m[HTTP][39m [37m-->[39m [37mPOST[39m [37m/wd/hub/session/245e39c0-7381-4057-97dd-2ef37a8705ac/elements[39m
[35m[HTTP][39m [90m{"using":"-android uiautomator","value":"new UiSelector().className(\"android.widget.TextView\").resourceId(\"it.sky.msa:id/heroCaptionTextView\").instance(8)"}[39m
[35m[HTTP][39m [37m<-- POST /wd/hub/session/245e39c0-7381-4057-97dd-2ef37a8705ac/elements [39m[32m200[39m [90m113 ms - 124[39m
[35m[HTTP][39m [90m[39m
[35m[HTTP][39m [37m-->[39m [37mGET[39m [37m/wd/hub/session/245e39c0-7381-4057-97dd-2ef37a8705ac[39m
[35m[HTTP][39m [90m{}[39m
[35m[HTTP][39m [37m<-- GET /wd/hub/session/245e39c0-7381-4057-97dd-2ef37a8705ac [39m[32m200[39m [90m30 ms - 1133[39m
[35m[HTTP][39m [90m[39m
[35m[HTTP][39m [37m-->[39m [37mGET[39m [37m/wd/hub/session/245e39c0-7381-4057-97dd-2ef37a8705ac[39m
[35m[HTTP][39m [90m{}[39m
[35m[HTTP][39m [37m<-- GET /wd/hub/session/245e39c0-7381-4057-97dd-2ef37a8705ac [39m[32m200[39m [90m27 ms - 1133[39m
[35m[HTTP][39m [90m[39m
[35m[HTTP][39m [37m-->[39m [37mGET[39m [37m/wd/hub/session/245e39c0-7381-4057-97dd-2ef37a8705ac[39m
[35m[HTTP][39m [90m{}[39m
[35m[HTTP][39m [37m<-- GET /wd/hub/session/245e39c0-7381-4057-97dd-2ef37a8705ac [39m[32m200[39m [90m25 ms - 1133[39m
[35m[HTTP][39m [90m[39m
[35m[HTTP][39m [37m-->[39m [37mGET[39m [37m/wd/hub/session/245e39c0-7381-4057-97dd-2ef37a8705ac[39m
[35m[HTTP][39m [90m{}[39m
[35m[HTTP][39m [37m<-- GET /wd/hub/session/245e39c0-7381-4057-97dd-2ef37a8705ac [39m[32m200[39m [90m35 ms - 1133[39m
[35m[HTTP][39m [90m[39m
[35m[HTTP][39m [37m-->[39m [37mGET[39m [37m/wd/hub/session/245e39c0-7381-4057-97dd-2ef37a8705ac/element/dbeab0ac-14ae-4eba-9842-76e5a4160962/location[39m
[35m[HTTP][39m [90m{}[39m
[35m[W3C][39m Driver proxy active, passing request on via HTTP proxy
[35m[JSONWP Proxy][39m Replacing sessionId 951dec99-32aa-4137-82c3-d9e8afa52859 with 245e39c0-7381-4057-97dd-2ef37a8705ac
[35m[HTTP][39m [37m<-- GET /wd/hub/session/245e39c0-7381-4057-97dd-2ef37a8705ac/element/dbeab0ac-14ae-4eba-9842-76e5a4160962/location [39m[32m200[39m [90m84 ms - 89[39m
[35m[HTTP][39m [90m[39m
[35m[HTTP][39m [37m-->[39m [37mGET[39m [37m/wd/hub/session/245e39c0-7381-4057-97dd-2ef37a8705ac/element/dbeab0ac-14ae-4eba-9842-76e5a4160962/text[39m
[35m[HTTP][39m [90m{}[39m
[35m[W3C][39m Driver proxy active, passing request on via HTTP proxy
[35m[JSONWP Proxy][39m Replacing sessionId 951dec99-32aa-4137-82c3-d9e8afa52859 with 245e39c0-7381-4057-97dd-2ef37a8705ac
[35m[HTTP][39m [37m<-- GET /wd/hub/session/245e39c0-7381-4057-97dd-2ef37a8705ac/element/dbeab0ac-14ae-4eba-9842-76e5a4160962/text [39m[32m200[39m [90m87 ms - 89[39m
[35m[HTTP][39m [90m[39m
[35m[HTTP][39m [37m-->[39m [37mGET[39m [37m/wd/hub/session/245e39c0-7381-4057-97dd-2ef37a8705ac/context[39m
[35m[HTTP][39m [90m{}[39m
[35m[HTTP][39m [37m<-- GET /wd/hub/session/245e39c0-7381-4057-97dd-2ef37a8705ac/context [39m[32m200[39m [90m3 ms - 84[39m
[35m[HTTP][39m [90m[39m
[35m[HTTP][39m [37m-->[39m [37mGET[39m [37m/wd/hub/session/245e39c0-7381-4057-97dd-2ef37a8705ac/contexts[39m
[35m[HTTP][39m [90m{}[39m
[35m[HTTP][39m [37m<-- GET /wd/hub/session/245e39c0-7381-4057-97dd-2ef37a8705ac/contexts [39m[32m200[39m [90m97 ms - 86[39m
[35m[HTTP][39m [90m[39m
[35m[HTTP][39m [37m-->[39m [37mPOST[39m [37m/wd/hub/session/245e39c0-7381-4057-97dd-2ef37a8705ac/context[39m
[35m[HTTP][39m [90m{"name":"NATIVE_APP"}[39m
[35m[HTTP][39m [37m<-- POST /wd/hub/session/245e39c0-7381-4057-97dd-2ef37a8705ac/context [39m[32m200[39m [90m89 ms - 76[39m
[35m[HTTP][39m [90m[39m
[35m[HTTP][39m [37m-->[39m [37mPOST[39m [37m/wd/hub/session/245e39c0-7381-4057-97dd-2ef37a8705ac/touch/perform[39m
[35m[HTTP][39m [90m{"actions":[{"action":"press","options":{"x":0,"y":0}},{"action":"wait","options":{"ms":500}},{"action":"moveTo","options":{"x":0,"y":-200}}]}[39m
[35m[HTTP][39m [37m<-- POST /wd/hub/session/245e39c0-7381-4057-97dd-2ef37a8705ac/touch/perform [39m[32m200[39m [90m2096 ms - 76[39m
[35m[HTTP][39m [90m[39m
[35m[HTTP][39m [37m-->[39m [37mPOST[39m [37m/wd/hub/session/245e39c0-7381-4057-97dd-2ef37a8705ac/context[39m
[35m[HTTP][39m [90m{"name":"NATIVE_APP"}[39m
[35m[HTTP][39m [37m<-- POST /wd/hub/session/245e39c0-7381-4057-97dd-2ef37a8705ac/context [39m[32m200[39m [90m105 ms - 76[39m
[35m[HTTP][39m [90m[39m
[35m[HTTP][39m [37m-->[39m [37mGET[39m [37m/wd/hub/session/245e39c0-7381-4057-97dd-2ef37a8705ac/window/current/size[39m
[35m[HTTP][39m [90m{}[39m
[35m[W3C][39m Driver proxy active, passing request on via HTTP proxy
[35m[JSONWP Proxy][39m Replacing sessionId 951dec99-32aa-4137-82c3-d9e8afa52859 with 245e39c0-7381-4057-97dd-2ef37a8705ac
[35m[HTTP][39m [37m<-- GET /wd/hub/session/245e39c0-7381-4057-97dd-2ef37a8705ac/window/current/size [39m[32m200[39m [90m62 ms - 100[39m
[35m[HTTP][39m [90m[39m
[35m[HTTP][39m [37m-->[39m [37mPOST[39m [37m/wd/hub/session/245e39c0-7381-4057-97dd-2ef37a8705ac/elements[39m
[35m[HTTP][39m [90m{"using":"-android uiautomator","value":"new UiSelector().className(\"android.widget.TextView\").text(\"Scelti per te questa settimana\").resourceId(\"it.sky.msa:id/categoryTitle\").instance(6)"}[39m
[35m[HTTP][39m [37m<-- POST /wd/hub/session/245e39c0-7381-4057-97dd-2ef37a8705ac/elements [39m[32m200[39m [90m160 ms - 124[39m
[35m[HTTP][39m [90m[39m
[35m[HTTP][39m [37m-->[39m [37mGET[39m [37m/wd/hub/session/245e39c0-7381-4057-97dd-2ef37a8705ac[39m
[35m[HTTP][39m [90m{}[39m
[35m[HTTP][39m [37m<-- GET /wd/hub/session/245e39c0-7381-4057-97dd-2ef37a8705ac [39m[32m200[39m [90m33 ms - 1133[39m
[35m[HTTP][39m [90m[39m
[35m[HTTP][39m [37m-->[39m [37mGET[39m [37m/wd/hub/session/245e39c0-7381-4057-97dd-2ef37a8705ac[39m
[35m[HTTP][39m [90m{}[39m
[35m[HTTP][39m [37m<-- GET /wd/hub/session/245e39c0-7381-4057-97dd-2ef37a8705ac [39m[32m200[39m [90m29 ms - 1133[39m
[35m[HTTP][39m [90m[39m
[35m[HTTP][39m [37m-->[39m [37mGET[39m [37m/wd/hub/session/245e39c0-7381-4057-97dd-2ef37a8705ac[39m
[35m[HTTP][39m [90m{}[39m
[35m[HTTP][39m [37m<-- GET /wd/hub/session/245e39c0-7381-4057-97dd-2ef37a8705ac [39m[32m200[39m [90m25 ms - 1133[39m
[35m[HTTP][39m [90m[39m
[35m[HTTP][39m [37m-->[39m [37mGET[39m [37m/wd/hub/session/245e39c0-7381-4057-97dd-2ef37a8705ac[39m
[35m[HTTP][39m [90m{}[39m
[35m[HTTP][39m [37m<-- GET /wd/hub/session/245e39c0-7381-4057-97dd-2ef37a8705ac [39m[32m200[39m [90m26 ms - 1133[39m
[35m[HTTP][39m [90m[39m
[35m[HTTP][39m [37m-->[39m [37mGET[39m [37m/wd/hub/session/245e39c0-7381-4057-97dd-2ef37a8705ac/element/853e17a5-f68f-4cac-b5cb-641540b470ed/location[39m
[35m[HTTP][39m [90m{}[39m
[35m[W3C][39m Driver proxy active, passing request on via HTTP proxy
[35m[JSONWP Proxy][39m Replacing sessionId 951dec99-32aa-4137-82c3-d9e8afa52859 with 245e39c0-7381-4057-97dd-2ef37a8705ac
[35m[HTTP][39m [37m<-- GET /wd/hub/session/245e39c0-7381-4057-97dd-2ef37a8705ac/element/853e17a5-f68f-4cac-b5cb-641540b470ed/location [39m[32m200[39m [90m52 ms - 89[39m
[35m[HTTP][39m [90m[39m
[35m[HTTP][39m [37m-->[39m [37mGET[39m [37m/wd/hub/session/245e39c0-7381-4057-97dd-2ef37a8705ac/element/853e17a5-f68f-4cac-b5cb-641540b470ed/text[39m
[35m[HTTP][39m [90m{}[39m
[35m[W3C][39m Driver proxy active, passing request on via HTTP proxy
[35m[JSONWP Proxy][39m Replacing sessionId 951dec99-32aa-4137-82c3-d9e8afa52859 with 245e39c0-7381-4057-97dd-2ef37a8705ac
[35m[HTTP][39m [37m<-- GET /wd/hub/session/245e39c0-7381-4057-97dd-2ef37a8705ac/element/853e17a5-f68f-4cac-b5cb-641540b470ed/text [39m[32m200[39m [90m59 ms - 104[39m
[35m[HTTP][39m [90m[39m
[35m[HTTP][39m [37m-->[39m [37mGET[39m [37m/wd/hub/session/245e39c0-7381-4057-97dd-2ef37a8705ac/window/current/size[39m
[35m[HTTP][39m [90m{}[39m
[35m[W3C][39m Driver proxy active, passing request on via HTTP proxy
[35m[JSONWP Proxy][39m Replacing sessionId 951dec99-32aa-4137-82c3-d9e8afa52859 with 245e39c0-7381-4057-97dd-2ef37a8705ac
[35m[HTTP][39m [37m<-- GET /wd/hub/session/245e39c0-7381-4057-97dd-2ef37a8705ac/window/current/size [39m[32m200[39m [90m32 ms - 100[39m
[35m[HTTP][39m [90m[39m
[35m[HTTP][39m [37m-->[39m [37mPOST[39m [37m/wd/hub/session/245e39c0-7381-4057-97dd-2ef37a8705ac/elements[39m
[35m[HTTP][39m [90m{"using":"-android uiautomator","value":"new UiSelector().className(\"android.widget.TextView\").text(\"Scelti per te questa settimana\").resourceId(\"it.sky.msa:id/categoryTitle\").instance(6)"}[39m
[35m[HTTP][39m [37m<-- POST /wd/hub/session/245e39c0-7381-4057-97dd-2ef37a8705ac/elements [39m[32m200[39m [90m131 ms - 124[39m
[35m[HTTP][39m [90m[39m
[35m[HTTP][39m [37m-->[39m [37mGET[39m [37m/wd/hub/session/245e39c0-7381-4057-97dd-2ef37a8705ac[39m
[35m[HTTP][39m [90m{}[39m
[35m[HTTP][39m [37m<-- GET /wd/hub/session/245e39c0-7381-4057-97dd-2ef37a8705ac [39m[32m200[39m [90m35 ms - 1133[39m
[35m[HTTP][39m [90m[39m
[35m[HTTP][39m [37m-->[39m [37mGET[39m [37m/wd/hub/session/245e39c0-7381-4057-97dd-2ef37a8705ac[39m
[35m[HTTP][39m [90m{}[39m
[35m[HTTP][39m [37m<-- GET /wd/hub/session/245e39c0-7381-4057-97dd-2ef37a8705ac [39m[32m200[39m [90m34 ms - 1133[39m
[35m[HTTP][39m [90m[39m
[35m[HTTP][39m [37m-->[39m [37mGET[39m [37m/wd/hub/session/245e39c0-7381-4057-97dd-2ef37a8705ac[39m
[35m[HTTP][39m [90m{}[39m
[35m[HTTP][39m [37m<-- GET /wd/hub/session/245e39c0-7381-4057-97dd-2ef37a8705ac [39m[32m200[39m [90m24 ms - 1133[39m
[35m[HTTP][39m [90m[39m
[35m[HTTP][39m [37m-->[39m [37mGET[39m [37m/wd/hub/session/245e39c0-7381-4057-97dd-2ef37a8705ac[39m
[35m[HTTP][39m [90m{}[39m
[35m[HTTP][39m [37m<-- GET /wd/hub/session/245e39c0-7381-4057-97dd-2ef37a8705ac [39m[32m200[39m [90m24 ms - 1133[39m
[35m[HTTP][39m [90m[39m
[35m[HTTP][39m [37m-->[39m [37mGET[39m [37m/wd/hub/session/245e39c0-7381-4057-97dd-2ef37a8705ac/element/fb8ce138-606f-4aa9-b23a-050967daf4e8/location[39m
[35m[HTTP][39m [90m{}[39m
[35m[W3C][39m Driver proxy active, passing request on via HTTP proxy
[35m[JSONWP Proxy][39m Replacing sessionId 951dec99-32aa-4137-82c3-d9e8afa52859 with 245e39c0-7381-4057-97dd-2ef37a8705ac
[35m[HTTP][39m [37m<-- GET /wd/hub/session/245e39c0-7381-4057-97dd-2ef37a8705ac/element/fb8ce138-606f-4aa9-b23a-050967daf4e8/location [39m[32m200[39m [90m43 ms - 89[39m
[35m[HTTP][39m [90m[39m
[35m[HTTP][39m [37m-->[39m [37mGET[39m [37m/wd/hub/session/245e39c0-7381-4057-97dd-2ef37a8705ac/element/fb8ce138-606f-4aa9-b23a-050967daf4e8/text[39m
[35m[HTTP][39m [90m{}[39m
[35m[W3C][39m Driver proxy active, passing request on via HTTP proxy
[35m[JSONWP Proxy][39m Replacing sessionId 951dec99-32aa-4137-82c3-d9e8afa52859 with 245e39c0-7381-4057-97dd-2ef37a8705ac
[35m[HTTP][39m [37m<-- GET /wd/hub/session/245e39c0-7381-4057-97dd-2ef37a8705ac/element/fb8ce138-606f-4aa9-b23a-050967daf4e8/text [39m[32m200[39m [90m76 ms - 104[39m
[35m[HTTP][39m [90m[39m
[35m[HTTP][39m [37m-->[39m [37mGET[39m [37m/wd/hub/session/245e39c0-7381-4057-97dd-2ef37a8705ac/context[39m
[35m[HTTP][39m [90m{}[39m
[35m[HTTP][39m [37m<-- GET /wd/hub/session/245e39c0-7381-4057-97dd-2ef37a8705ac/context [39m[32m200[39m [90m1 ms - 84[39m
[35m[HTTP][39m [90m[39m
[35m[HTTP][39m [37m-->[39m [37mGET[39m [37m/wd/hub/session/245e39c0-7381-4057-97dd-2ef37a8705ac/contexts[39m
[35m[HTTP][39m [90m{}[39m
[35m[HTTP][39m [37m<-- GET /wd/hub/session/245e39c0-7381-4057-97dd-2ef37a8705ac/contexts [39m[32m200[39m [90m110 ms - 86[39m
[35m[HTTP][39m [90m[39m
[35m[HTTP][39m [37m-->[39m [37mPOST[39m [37m/wd/hub/session/245e39c0-7381-4057-97dd-2ef37a8705ac/context[39m
[35m[HTTP][39m [90m{"name":"NATIVE_APP"}[39m
[35m[HTTP][39m [37m<-- POST /wd/hub/session/245e39c0-7381-4057-97dd-2ef37a8705ac/context [39m[32m200[39m [90m145 ms - 76[39m
[35m[HTTP][39m [90m[39m
[35m[HTTP][39m [37m-->[39m [37mPOST[39m [37m/wd/hub/session/245e39c0-7381-4057-97dd-2ef37a8705ac/touch/perform[39m
[35m[HTTP][39m [90m{"actions":[{"action":"press","options":{"x":0,"y":0}},{"action":"wait","options":{"ms":500}},{"action":"moveTo","options":{"x":100,"y":0}}]}[39m
[35m[HTTP][39m [37m<-- POST /wd/hub/session/245e39c0-7381-4057-97dd-2ef37a8705ac/touch/perform [39m[32m200[39m [90m2129 ms - 76[39m
[35m[HTTP][39m [90m[39m
[35m[HTTP][39m [37m-->[39m [37mPOST[39m [37m/wd/hub/session/245e39c0-7381-4057-97dd-2ef37a8705ac/context[39m
[35m[HTTP][39m [90m{"name":"NATIVE_APP"}[39m
[35m[HTTP][39m [37m<-- POST /wd/hub/session/245e39c0-7381-4057-97dd-2ef37a8705ac/context [39m[32m200[39m [90m91 ms - 76[39m
[35m[HTTP][39m [90m[39m
[35m[HTTP][39m [37m-->[39m [37mGET[39m [37m/wd/hub/session/245e39c0-7381-4057-97dd-2ef37a8705ac/context[39m
[35m[HTTP][39m [90m{}[39m
[35m[HTTP][39m [37m<-- GET /wd/hub/session/245e39c0-7381-4057-97dd-2ef37a8705ac/context [39m[32m200[39m [90m2 ms - 84[39m
[35m[HTTP][39m [90m[39m
[35m[HTTP][39m [37m-->[39m [37mGET[39m [37m/wd/hub/session/245e39c0-7381-4057-97dd-2ef37a8705ac/contexts[39m
[35m[HTTP][39m [90m{}[39m
[35m[HTTP][39m [37m<-- GET /wd/hub/session/245e39c0-7381-4057-97dd-2ef37a8705ac/contexts [39m[32m200[39m [90m208 ms - 86[39m
[35m[HTTP][39m [90m[39m
[35m[HTTP][39m [37m-->[39m [37mPOST[39m [37m/wd/hub/session/245e39c0-7381-4057-97dd-2ef37a8705ac/context[39m
[35m[HTTP][39m [90m{"name":"NATIVE_APP"}[39m
[35m[HTTP][39m [37m<-- POST /wd/hub/session/245e39c0-7381-4057-97dd-2ef37a8705ac/context [39m[32m200[39m [90m106 ms - 76[39m
[35m[HTTP][39m [90m[39m
[35m[HTTP][39m [37m-->[39m [37mPOST[39m [37m/wd/hub/session/245e39c0-7381-4057-97dd-2ef37a8705ac/touch/perform[39m
[35m[HTTP][39m [90m{"actions":[{"action":"press","options":{"x":0,"y":0}},{"action":"wait","options":{"ms":500}},{"action":"moveTo","options":{"x":-100,"y":0}}]}[39m
[35m[HTTP][39m [37m<-- POST /wd/hub/session/245e39c0-7381-4057-97dd-2ef37a8705ac/touch/perform [39m[32m200[39m [90m2152 ms - 76[39m
[35m[HTTP][39m [90m[39m
[35m[HTTP][39m [37m-->[39m [37mPOST[39m [37m/wd/hub/session/245e39c0-7381-4057-97dd-2ef37a8705ac/context[39m
[35m[HTTP][39m [90m{"name":"NATIVE_APP"}[39m
[35m[HTTP][39m [37m<-- POST /wd/hub/session/245e39c0-7381-4057-97dd-2ef37a8705ac/context [39m[32m200[39m [90m100 ms - 76[39m
[35m[HTTP][39m [90m[39m
[35m[HTTP][39m [37m-->[39m [37mGET[39m [37m/wd/hub/session/245e39c0-7381-4057-97dd-2ef37a8705ac/window/current/size[39m
[35m[HTTP][39m [90m{}[39m
[35m[W3C][39m Driver proxy active, passing request on via HTTP proxy
[35m[JSONWP Proxy][39m Replacing sessionId 951dec99-32aa-4137-82c3-d9e8afa52859 with 245e39c0-7381-4057-97dd-2ef37a8705ac
[35m[HTTP][39m [37m<-- GET /wd/hub/session/245e39c0-7381-4057-97dd-2ef37a8705ac/window/current/size [39m[32m200[39m [90m45 ms - 100[39m
[35m[HTTP][39m [90m[39m
[35m[HTTP][39m [37m-->[39m [37mPOST[39m [37m/wd/hub/session/245e39c0-7381-4057-97dd-2ef37a8705ac/elements[39m
[35m[HTTP][39m [90m{"using":"-android uiautomator","value":"new UiSelector().className(\"android.widget.TextView\").text(\"Scelti per te questa settimana\").resourceId(\"it.sky.msa:id/categoryTitle\").instance(6)"}[39m
[35m[HTTP][39m [37m<-- POST /wd/hub/session/245e39c0-7381-4057-97dd-2ef37a8705ac/elements [39m[32m200[39m [90m132 ms - 124[39m
[35m[HTTP][39m [90m[39m
[35m[HTTP][39m [37m-->[39m [37mGET[39m [37m/wd/hub/session/245e39c0-7381-4057-97dd-2ef37a8705ac[39m
[35m[HTTP][39m [90m{}[39m
[35m[HTTP][39m [37m<-- GET /wd/hub/session/245e39c0-7381-4057-97dd-2ef37a8705ac [39m[32m200[39m [90m22 ms - 1133[39m
[35m[HTTP][39m [90m[39m
[35m[HTTP][39m [37m-->[39m [37mGET[39m [37m/wd/hub/session/245e39c0-7381-4057-97dd-2ef37a8705ac[39m
[35m[HTTP][39m [90m{}[39m
[35m[HTTP][39m [37m<-- GET /wd/hub/session/245e39c0-7381-4057-97dd-2ef37a8705ac [39m[32m200[39m [90m22 ms - 1133[39m
[35m[HTTP][39m [90m[39m
[35m[HTTP][39m [37m-->[39m [37mGET[39m [37m/wd/hub/session/245e39c0-7381-4057-97dd-2ef37a8705ac[39m
[35m[HTTP][39m [90m{}[39m
[35m[HTTP][39m [37m<-- GET /wd/hub/session/245e39c0-7381-4057-97dd-2ef37a8705ac [39m[32m200[39m [90m22 ms - 1133[39m
[35m[HTTP][39m [90m[39m
[35m[HTTP][39m [37m-->[39m [37mGET[39m [37m/wd/hub/session/245e39c0-7381-4057-97dd-2ef37a8705ac[39m
[35m[HTTP][39m [90m{}[39m
[35m[HTTP][39m [37m<-- GET /wd/hub/session/245e39c0-7381-4057-97dd-2ef37a8705ac [39m[32m200[39m [90m25 ms - 1133[39m
[35m[HTTP][39m [90m[39m
[35m[HTTP][39m [37m-->[39m [37mGET[39m [37m/wd/hub/session/245e39c0-7381-4057-97dd-2ef37a8705ac/element/aa710f04-9a15-4474-8858-4c6b3dead145/location[39m
[35m[HTTP][39m [90m{}[39m
[35m[W3C][39m Driver proxy active, passing request on via HTTP proxy
[35m[JSONWP Proxy][39m Replacing sessionId 951dec99-32aa-4137-82c3-d9e8afa52859 with 245e39c0-7381-4057-97dd-2ef37a8705ac
[35m[HTTP][39m [37m<-- GET /wd/hub/session/245e39c0-7381-4057-97dd-2ef37a8705ac/element/aa710f04-9a15-4474-8858-4c6b3dead145/location [39m[32m200[39m [90m68 ms - 89[39m
[35m[HTTP][39m [90m[39m
[35m[HTTP][39m [37m-->[39m [37mGET[39m [37m/wd/hub/session/245e39c0-7381-4057-97dd-2ef37a8705ac/element/aa710f04-9a15-4474-8858-4c6b3dead145/size[39m
[35m[HTTP][39m [90m{}[39m
[35m[W3C][39m Driver proxy active, passing request on via HTTP proxy
[35m[JSONWP Proxy][39m Replacing sessionId 951dec99-32aa-4137-82c3-d9e8afa52859 with 245e39c0-7381-4057-97dd-2ef37a8705ac
[35m[HTTP][39m [37m<-- GET /wd/hub/session/245e39c0-7381-4057-97dd-2ef37a8705ac/element/aa710f04-9a15-4474-8858-4c6b3dead145/size [39m[32m200[39m [90m67 ms - 98[39m
[35m[HTTP][39m [90m[39m
[35m[HTTP][39m [37m-->[39m [37mGET[39m [37m/wd/hub/session/245e39c0-7381-4057-97dd-2ef37a8705ac/window/current/size[39m
[35m[HTTP][39m [90m{}[39m
[35m[W3C][39m Driver proxy active, passing request on via HTTP proxy
[35m[JSONWP Proxy][39m Replacing sessionId 951dec99-32aa-4137-82c3-d9e8afa52859 with 245e39c0-7381-4057-97dd-2ef37a8705ac
[35m[HTTP][39m [37m<-- GET /wd/hub/session/245e39c0-7381-4057-97dd-2ef37a8705ac/window/current/size [39m[32m200[39m [90m50 ms - 100[39m
[35m[HTTP][39m [90m[39m
[35m[HTTP][39m [37m-->[39m [37mPOST[39m [37m/wd/hub/session/245e39c0-7381-4057-97dd-2ef37a8705ac/elements[39m
[35m[HTTP][39m [90m{"using":"-android uiautomator","value":"new UiSelector().className(\"android.widget.TextView\").text(\"Scelti per te questa settimana\").resourceId(\"it.sky.msa:id/categoryTitle\").instance(6)"}[39m
[35m[HTTP][39m [37m<-- POST /wd/hub/session/245e39c0-7381-4057-97dd-2ef37a8705ac/elements [39m[32m200[39m [90m120 ms - 124[39m
[35m[HTTP][39m [90m[39m
[35m[HTTP][39m [37m-->[39m [37mGET[39m [37m/wd/hub/session/245e39c0-7381-4057-97dd-2ef37a8705ac[39m
[35m[HTTP][39m [90m{}[39m
[35m[HTTP][39m [37m<-- GET /wd/hub/session/245e39c0-7381-4057-97dd-2ef37a8705ac [39m[32m200[39m [90m28 ms - 1133[39m
[35m[HTTP][39m [90m[39m
[35m[HTTP][39m [37m-->[39m [37mGET[39m [37m/wd/hub/session/245e39c0-7381-4057-97dd-2ef37a8705ac[39m
[35m[HTTP][39m [90m{}[39m
[35m[HTTP][39m [37m<-- GET /wd/hub/session/245e39c0-7381-4057-97dd-2ef37a8705ac [39m[32m200[39m [90m29 ms - 1133[39m
[35m[HTTP][39m [90m[39m
[35m[HTTP][39m [37m-->[39m [37mGET[39m [37m/wd/hub/session/245e39c0-7381-4057-97dd-2ef37a8705ac[39m
[35m[HTTP][39m [90m{}[39m
[35m[HTTP][39m [37m<-- GET /wd/hub/session/245e39c0-7381-4057-97dd-2ef37a8705ac [39m[32m200[39m [90m29 ms - 1133[39m
[35m[HTTP][39m [90m[39m
[35m[HTTP][39m [37m-->[39m [37mGET[39m [37m/wd/hub/session/245e39c0-7381-4057-97dd-2ef37a8705ac[39m
[35m[HTTP][39m [90m{}[39m
[35m[HTTP][39m [37m<-- GET /wd/hub/session/245e39c0-7381-4057-97dd-2ef37a8705ac [39m[32m200[39m [90m26 ms - 1133[39m
[35m[HTTP][39m [90m[39m
[35m[HTTP][39m [37m-->[39m [37mGET[39m [37m/wd/hub/session/245e39c0-7381-4057-97dd-2ef37a8705ac/element/8d3ab3e9-b369-4316-8d32-90c3e24f33bb/location[39m
[35m[HTTP][39m [90m{}[39m
[35m[W3C][39m Driver proxy active, passing request on via HTTP proxy
[35m[JSONWP Proxy][39m Replacing sessionId 951dec99-32aa-4137-82c3-d9e8afa52859 with 245e39c0-7381-4057-97dd-2ef37a8705ac
[35m[HTTP][39m [37m<-- GET /wd/hub/session/245e39c0-7381-4057-97dd-2ef37a8705ac/element/8d3ab3e9-b369-4316-8d32-90c3e24f33bb/location [39m[32m200[39m [90m57 ms - 89[39m
[35m[HTTP][39m [90m[39m
[35m[HTTP][39m [37m-->[39m [37mGET[39m [37m/wd/hub/session/245e39c0-7381-4057-97dd-2ef37a8705ac/element/8d3ab3e9-b369-4316-8d32-90c3e24f33bb/size[39m
[35m[HTTP][39m [90m{}[39m
[35m[W3C][39m Driver proxy active, passing request on via HTTP proxy
[35m[JSONWP Proxy][39m Replacing sessionId 951dec99-32aa-4137-82c3-d9e8afa52859 with 245e39c0-7381-4057-97dd-2ef37a8705ac
[35m[HTTP][39m [37m<-- GET /wd/hub/session/245e39c0-7381-4057-97dd-2ef37a8705ac/element/8d3ab3e9-b369-4316-8d32-90c3e24f33bb/size [39m[32m200[39m [90m67 ms - 98[39m
[35m[HTTP][39m [90m[39m
[35m[HTTP][39m [37m-->[39m [37mGET[39m [37m/wd/hub/session/245e39c0-7381-4057-97dd-2ef37a8705ac/window/current/size[39m
[35m[HTTP][39m [90m{}[39m
[35m[W3C][39m Driver proxy active, passing request on via HTTP proxy
[35m[JSONWP Proxy][39m Replacing sessionId 951dec99-32aa-4137-82c3-d9e8afa52859 with 245e39c0-7381-4057-97dd-2ef37a8705ac
[35m[HTTP][39m [37m<-- GET /wd/hub/session/245e39c0-7381-4057-97dd-2ef37a8705ac/window/current/size [39m[32m200[39m [90m62 ms - 100[39m
[35m[HTTP][39m [90m[39m
[35m[HTTP][39m [37m-->[39m [37mPOST[39m [37m/wd/hub/session/245e39c0-7381-4057-97dd-2ef37a8705ac/elements[39m
[35m[HTTP][39m [90m{"using":"-android uiautomator","value":"new UiSelector().className(\"android.widget.TextView\").resourceId(\"it.sky.msa:id/categoryTitle\")"}[39m
[35m[HTTP][39m [37m<-- POST /wd/hub/session/245e39c0-7381-4057-97dd-2ef37a8705ac/elements [39m[32m200[39m [90m158 ms - 124[39m
[35m[HTTP][39m [90m[39m
[35m[HTTP][39m [37m-->[39m [37mGET[39m [37m/wd/hub/session/245e39c0-7381-4057-97dd-2ef37a8705ac[39m
[35m[HTTP][39m [90m{}[39m
[35m[HTTP][39m [37m<-- GET /wd/hub/session/245e39c0-7381-4057-97dd-2ef37a8705ac [39m[32m200[39m [90m30 ms - 1133[39m
[35m[HTTP][39m [90m[39m
[35m[HTTP][39m [37m-->[39m [37mGET[39m [37m/wd/hub/session/245e39c0-7381-4057-97dd-2ef37a8705ac[39m
[35m[HTTP][39m [90m{}[39m
[35m[HTTP][39m [37m<-- GET /wd/hub/session/245e39c0-7381-4057-97dd-2ef37a8705ac [39m[32m200[39m [90m27 ms - 1133[39m
[35m[HTTP][39m [90m[39m
[35m[HTTP][39m [37m-->[39m [37mGET[39m [37m/wd/hub/session/245e39c0-7381-4057-97dd-2ef37a8705ac[39m
[35m[HTTP][39m [90m{}[39m
[35m[HTTP][39m [37m<-- GET /wd/hub/session/245e39c0-7381-4057-97dd-2ef37a8705ac [39m[32m200[39m [90m28 ms - 1133[39m
[35m[HTTP][39m [90m[39m
[35m[HTTP][39m [37m-->[39m [37mGET[39m [37m/wd/hub/session/245e39c0-7381-4057-97dd-2ef37a8705ac[39m
[35m[HTTP][39m [90m{}[39m
[35m[HTTP][39m [37m<-- GET /wd/hub/session/245e39c0-7381-4057-97dd-2ef37a8705ac [39m[32m200[39m [90m27 ms - 1133[39m
[35m[HTTP][39m [90m[39m
[35m[HTTP][39m [37m-->[39m [37mGET[39m [37m/wd/hub/session/245e39c0-7381-4057-97dd-2ef37a8705ac/element/a20645eb-6793-4d63-a8f0-c986f6a51b3a/location[39m
[35m[HTTP][39m [90m{}[39m
[35m[W3C][39m Driver proxy active, passing request on via HTTP proxy
[35m[JSONWP Proxy][39m Replacing sessionId 951dec99-32aa-4137-82c3-d9e8afa52859 with 245e39c0-7381-4057-97dd-2ef37a8705ac
[35m[HTTP][39m [37m<-- GET /wd/hub/session/245e39c0-7381-4057-97dd-2ef37a8705ac/element/a20645eb-6793-4d63-a8f0-c986f6a51b3a/location [39m[32m200[39m [90m53 ms - 89[39m
[35m[HTTP][39m [90m[39m
[35m[HTTP][39m [37m-->[39m [37mGET[39m [37m/wd/hub/session/245e39c0-7381-4057-97dd-2ef37a8705ac/element/a20645eb-6793-4d63-a8f0-c986f6a51b3a/text[39m
[35m[HTTP][39m [90m{}[39m
[35m[W3C][39m Driver proxy active, passing request on via HTTP proxy
[35m[JSONWP Proxy][39m Replacing sessionId 951dec99-32aa-4137-82c3-d9e8afa52859 with 245e39c0-7381-4057-97dd-2ef37a8705ac
[35m[HTTP][39m [37m<-- GET /wd/hub/session/245e39c0-7381-4057-97dd-2ef37a8705ac/element/a20645eb-6793-4d63-a8f0-c986f6a51b3a/text [39m[32m200[39m [90m86 ms - 104[39m
[35m[HTTP][39m [90m[39m
[35m[HTTP][39m [37m-->[39m [37mGET[39m [37m/wd/hub/session/245e39c0-7381-4057-97dd-2ef37a8705ac/window/current/size[39m
[35m[HTTP][39m [90m{}[39m
[35m[W3C][39m Driver proxy active, passing request on via HTTP proxy
[35m[JSONWP Proxy][39m Replacing sessionId 951dec99-32aa-4137-82c3-d9e8afa52859 with 245e39c0-7381-4057-97dd-2ef37a8705ac
[35m[HTTP][39m [37m<-- GET /wd/hub/session/245e39c0-7381-4057-97dd-2ef37a8705ac/window/current/size [39m[32m200[39m [90m36 ms - 100[39m
[35m[HTTP][39m [90m[39m
[35m[HTTP][39m [37m-->[39m [37mPOST[39m [37m/wd/hub/session/245e39c0-7381-4057-97dd-2ef37a8705ac/elements[39m
[35m[HTTP][39m [90m{"using":"-android uiautomator","value":"new UiSelector().className(\"android.widget.Button\").text(\"Vedi tutti\").resourceId(\"it.sky.msa:id/showAllCategoryButton\").instance(0)"}[39m
[35m[HTTP][39m [37m<-- POST /wd/hub/session/245e39c0-7381-4057-97dd-2ef37a8705ac/elements [39m[32m200[39m [90m110 ms - 124[39m
[35m[HTTP][39m [90m[39m
[35m[HTTP][39m [37m-->[39m [37mGET[39m [37m/wd/hub/session/245e39c0-7381-4057-97dd-2ef37a8705ac[39m
[35m[HTTP][39m [90m{}[39m
[35m[HTTP][39m [37m<-- GET /wd/hub/session/245e39c0-7381-4057-97dd-2ef37a8705ac [39m[32m200[39m [90m33 ms - 1133[39m
[35m[HTTP][39m [90m[39m
[35m[HTTP][39m [37m-->[39m [37mGET[39m [37m/wd/hub/session/245e39c0-7381-4057-97dd-2ef37a8705ac[39m
[35m[HTTP][39m [90m{}[39m
[35m[HTTP][39m [37m<-- GET /wd/hub/session/245e39c0-7381-4057-97dd-2ef37a8705ac [39m[32m200[39m [90m32 ms - 1133[39m
[35m[HTTP][39m [90m[39m
[35m[HTTP][39m [37m-->[39m [37mGET[39m [37m/wd/hub/session/245e39c0-7381-4057-97dd-2ef37a8705ac[39m
[35m[HTTP][39m [90m{}[39m
[35m[HTTP][39m [37m<-- GET /wd/hub/session/245e39c0-7381-4057-97dd-2ef37a8705ac [39m[32m200[39m [90m33 ms - 1133[39m
[35m[HTTP][39m [90m[39m
[35m[HTTP][39m [37m-->[39m [37mGET[39m [37m/wd/hub/session/245e39c0-7381-4057-97dd-2ef37a8705ac[39m
[35m[HTTP][39m [90m{}[39m
[35m[HTTP][39m [37m<-- GET /wd/hub/session/245e39c0-7381-4057-97dd-2ef37a8705ac [39m[32m200[39m [90m41 ms - 1133[39m
[35m[HTTP][39m [90m[39m
[35m[HTTP][39m [37m-->[39m [37mGET[39m [37m/wd/hub/session/245e39c0-7381-4057-97dd-2ef37a8705ac/element/a321195e-e856-4088-aa5f-bb4215fb23cd/location[39m
[35m[HTTP][39m [90m{}[39m
[35m[W3C][39m Driver proxy active, passing request on via HTTP proxy
[35m[JSONWP Proxy][39m Replacing sessionId 951dec99-32aa-4137-82c3-d9e8afa52859 with 245e39c0-7381-4057-97dd-2ef37a8705ac
[35m[HTTP][39m [37m<-- GET /wd/hub/session/245e39c0-7381-4057-97dd-2ef37a8705ac/element/a321195e-e856-4088-aa5f-bb4215fb23cd/location [39m[32m200[39m [90m52 ms - 90[39m
[35m[HTTP][39m [90m[39m
[35m[HTTP][39m [37m-->[39m [37mPOST[39m [37m/wd/hub/session/245e39c0-7381-4057-97dd-2ef37a8705ac/touch/perform[39m
[35m[HTTP][39m [90m{"actions":[{"action":"tap","options":{"element":"a321195e-e856-4088-aa5f-bb4215fb23cd","x":1,"y":1}}]}[39m
[35m[UiAutomator2][39m calling get location: a321195e-e856-4088-aa5f-bb4215fb23cd
[35m[HTTP][39m [37m<-- POST /wd/hub/session/245e39c0-7381-4057-97dd-2ef37a8705ac/touch/perform [39m[32m200[39m [90m941 ms - 76[39m
[35m[HTTP][39m [90m[39m
[35m[HTTP][39m [37m-->[39m [37mGET[39m [37m/wd/hub/session/245e39c0-7381-4057-97dd-2ef37a8705ac/window/current/size[39m
[35m[HTTP][39m [90m{}[39m
[35m[W3C][39m Driver proxy active, passing request on via HTTP proxy
[35m[JSONWP Proxy][39m Replacing sessionId 951dec99-32aa-4137-82c3-d9e8afa52859 with 245e39c0-7381-4057-97dd-2ef37a8705ac
[35m[HTTP][39m [37m<-- GET /wd/hub/session/245e39c0-7381-4057-97dd-2ef37a8705ac/window/current/size [39m[32m200[39m [90m44 ms - 100[39m
[35m[HTTP][39m [90m[39m
[35m[HTTP][39m [37m-->[39m [37mPOST[39m [37m/wd/hub/session/245e39c0-7381-4057-97dd-2ef37a8705ac/elements[39m
[35m[HTTP][39m [90m{"using":"-android uiautomator","value":"new UiSelector().className(\"android.widget.TextView\").resourceId(\"it.sky.msa:id/toolbarTitle\")"}[39m
[35m[HTTP][39m [37m<-- POST /wd/hub/session/245e39c0-7381-4057-97dd-2ef37a8705ac/elements [39m[32m200[39m [90m87 ms - 124[39m
[35m[HTTP][39m [90m[39m
[35m[HTTP][39m [37m-->[39m [37mGET[39m [37m/wd/hub/session/245e39c0-7381-4057-97dd-2ef37a8705ac[39m
[35m[HTTP][39m [90m{}[39m
[35m[HTTP][39m [37m<-- GET /wd/hub/session/245e39c0-7381-4057-97dd-2ef37a8705ac [39m[32m200[39m [90m26 ms - 1133[39m
[35m[HTTP][39m [90m[39m
[35m[HTTP][39m [37m-->[39m [37mGET[39m [37m/wd/hub/session/245e39c0-7381-4057-97dd-2ef37a8705ac[39m
[35m[HTTP][39m [90m{}[39m
[35m[HTTP][39m [37m<-- GET /wd/hub/session/245e39c0-7381-4057-97dd-2ef37a8705ac [39m[32m200[39m [90m23 ms - 1133[39m
[35m[HTTP][39m [90m[39m
[35m[HTTP][39m [37m-->[39m [37mGET[39m [37m/wd/hub/session/245e39c0-7381-4057-97dd-2ef37a8705ac[39m
[35m[HTTP][39m [90m{}[39m
[35m[HTTP][39m [37m<-- GET /wd/hub/session/245e39c0-7381-4057-97dd-2ef37a8705ac [39m[32m200[39m [90m25 ms - 1133[39m
[35m[HTTP][39m [90m[39m
[35m[HTTP][39m [37m-->[39m [37mGET[39m [37m/wd/hub/session/245e39c0-7381-4057-97dd-2ef37a8705ac[39m
[35m[HTTP][39m [90m{}[39m
[35m[HTTP][39m [37m<-- GET /wd/hub/session/245e39c0-7381-4057-97dd-2ef37a8705ac [39m[32m200[39m [90m28 ms - 1133[39m
[35m[HTTP][39m [90m[39m
[35m[HTTP][39m [37m-->[39m [37mGET[39m [37m/wd/hub/session/245e39c0-7381-4057-97dd-2ef37a8705ac/element/918a331e-2924-49a4-a649-e0297b060004/location[39m
[35m[HTTP][39m [90m{}[39m
[35m[W3C][39m Driver proxy active, passing request on via HTTP proxy
[35m[JSONWP Proxy][39m Replacing sessionId 951dec99-32aa-4137-82c3-d9e8afa52859 with 245e39c0-7381-4057-97dd-2ef37a8705ac
[35m[HTTP][39m [37m<-- GET /wd/hub/session/245e39c0-7381-4057-97dd-2ef37a8705ac/element/918a331e-2924-49a4-a649-e0297b060004/location [39m[32m200[39m [90m46 ms - 89[39m
[35m[HTTP][39m [90m[39m
[35m[HTTP][39m [37m-->[39m [37mGET[39m [37m/wd/hub/session/245e39c0-7381-4057-97dd-2ef37a8705ac/element/918a331e-2924-49a4-a649-e0297b060004/text[39m
[35m[HTTP][39m [90m{}[39m
[35m[W3C][39m Driver proxy active, passing request on via HTTP proxy
[35m[JSONWP Proxy][39m Replacing sessionId 951dec99-32aa-4137-82c3-d9e8afa52859 with 245e39c0-7381-4057-97dd-2ef37a8705ac
[35m[HTTP][39m [37m<-- GET /wd/hub/session/245e39c0-7381-4057-97dd-2ef37a8705ac/element/918a331e-2924-49a4-a649-e0297b060004/text [39m[32m200[39m [90m63 ms - 104[39m
[35m[HTTP][39m [90m[39m
[35m[HTTP][39m [37m-->[39m [37mGET[39m [37m/wd/hub/session/245e39c0-7381-4057-97dd-2ef37a8705ac/window/current/size[39m
[35m[HTTP][39m [90m{}[39m
[35m[W3C][39m Driver proxy active, passing request on via HTTP proxy
[35m[JSONWP Proxy][39m Replacing sessionId 951dec99-32aa-4137-82c3-d9e8afa52859 with 245e39c0-7381-4057-97dd-2ef37a8705ac
[35m[HTTP][39m [37m<-- GET /wd/hub/session/245e39c0-7381-4057-97dd-2ef37a8705ac/window/current/size [39m[32m200[39m [90m77 ms - 100[39m
[35m[HTTP][39m [90m[39m
[35m[HTTP][39m [37m-->[39m [37mPOST[39m [37m/wd/hub/session/245e39c0-7381-4057-97dd-2ef37a8705ac/elements[39m
[35m[HTTP][39m [90m{"using":"-android uiautomator","value":"new UiSelector().className(\"android.widget.ImageButton\").instance(0)"}[39m
[35m[HTTP][39m [37m<-- POST /wd/hub/session/245e39c0-7381-4057-97dd-2ef37a8705ac/elements [39m[32m200[39m [90m333 ms - 124[39m
[35m[HTTP][39m [90m[39m
[35m[HTTP][39m [37m-->[39m [37mGET[39m [37m/wd/hub/session/245e39c0-7381-4057-97dd-2ef37a8705ac[39m
[35m[HTTP][39m [90m{}[39m
[35m[HTTP][39m [37m<-- GET /wd/hub/session/245e39c0-7381-4057-97dd-2ef37a8705ac [39m[32m200[39m [90m25 ms - 1133[39m
[35m[HTTP][39m [90m[39m
[35m[HTTP][39m [37m-->[39m [37mGET[39m [37m/wd/hub/session/245e39c0-7381-4057-97dd-2ef37a8705ac[39m
[35m[HTTP][39m [90m{}[39m
[35m[HTTP][39m [37m<-- GET /wd/hub/session/245e39c0-7381-4057-97dd-2ef37a8705ac [39m[32m200[39m [90m34 ms - 1133[39m
[35m[HTTP][39m [90m[39m
[35m[HTTP][39m [37m-->[39m [37mGET[39m [37m/wd/hub/session/245e39c0-7381-4057-97dd-2ef37a8705ac[39m
[35m[HTTP][39m [90m{}[39m
[35m[HTTP][39m [37m<-- GET /wd/hub/session/245e39c0-7381-4057-97dd-2ef37a8705ac [39m[32m200[39m [90m24 ms - 1133[39m
[35m[HTTP][39m [90m[39m
[35m[HTTP][39m [37m-->[39m [37mGET[39m [37m/wd/hub/session/245e39c0-7381-4057-97dd-2ef37a8705ac[39m
[35m[HTTP][39m [90m{}[39m
[35m[HTTP][39m [37m<-- GET /wd/hub/session/245e39c0-7381-4057-97dd-2ef37a8705ac [39m[32m200[39m [90m27 ms - 1133[39m
[35m[HTTP][39m [90m[39m
[35m[HTTP][39m [37m-->[39m [37mGET[39m [37m/wd/hub/session/245e39c0-7381-4057-97dd-2ef37a8705ac/element/24412b58-38d7-4537-8c22-d7ac20de49b5/location[39m
[35m[HTTP][39m [90m{}[39m
[35m[W3C][39m Driver proxy active, passing request on via HTTP proxy
[35m[JSONWP Proxy][39m Replacing sessionId 951dec99-32aa-4137-82c3-d9e8afa52859 with 245e39c0-7381-4057-97dd-2ef37a8705ac
[35m[HTTP][39m [37m<-- GET /wd/hub/session/245e39c0-7381-4057-97dd-2ef37a8705ac/element/24412b58-38d7-4537-8c22-d7ac20de49b5/location [39m[32m200[39m [90m108 ms - 86[39m
[35m[HTTP][39m [90m[39m
[35m[HTTP][39m [37m-->[39m [37mPOST[39m [37m/wd/hub/session/245e39c0-7381-4057-97dd-2ef37a8705ac/touch/perform[39m
[35m[HTTP][39m [90m{"actions":[{"action":"tap","options":{"element":"24412b58-38d7-4537-8c22-d7ac20de49b5","x":1,"y":1}}]}[39m
[35m[UiAutomator2][39m calling get location: 24412b58-38d7-4537-8c22-d7ac20de49b5
[35m[HTTP][39m [37m<-- POST /wd/hub/session/245e39c0-7381-4057-97dd-2ef37a8705ac/touch/perform [39m[32m200[39m [90m935 ms - 76[39m
[35m[HTTP][39m [90m[39m
[35m[HTTP][39m [37m-->[39m [37mDELETE[39m [37m/wd/hub/session/245e39c0-7381-4057-97dd-2ef37a8705ac[39m
[35m[HTTP][39m [90m{}[39m
[35m[Appium][39m Removing session 245e39c0-7381-4057-97dd-2ef37a8705ac from our master session list
[35m[HTTP][39m [37m<-- DELETE /wd/hub/session/245e39c0-7381-4057-97dd-2ef37a8705ac [39m[32m200[39m [90m279 ms - 76[39m
[35m[HTTP][39m [90m[39m
