<?xml version="1.0" encoding="UTF-8" standalone="no"?>
<!DOCTYPE log SYSTEM "logger.dtd">
<log>
<record>
  <date>2019-02-26T14:54:49</date>
  <millis>1551189289354</millis>
  <sequence>0</sequence>
  <level>START</level>
  <class>com.kms.katalon.core.logging.XmlKeywordLogger</class>
  <method>startSuite</method>
  <thread>1</thread>
  <message>Start Test Suite : Test Suites/Prova</message>
  <nestedLevel>0</nestedLevel>
  <property name="name">Prova</property>
  <property name="description">PreLogin_1_FUNCTIONALITY_StartApp_DTH_Wi-Fi\nLogin_1_LOGIN_Correct_DTH_Wi-Fi</property>
  <property name="id">Test Suites/Prova</property>
</record>
<record>
  <date>2019-02-26T14:54:49</date>
  <millis>1551189289374</millis>
  <sequence>1</sequence>
  <level>RUN_DATA</level>
  <class>com.kms.katalon.core.logging.XmlKeywordLogger</class>
  <method>logMessage</method>
  <thread>1</thread>
  <message>hostName = marco - 10.25.208.80</message>
  <nestedLevel>0</nestedLevel>
  <property name="hostName">marco - 10.25.208.80</property>
</record>
<record>
  <date>2019-02-26T14:54:49</date>
  <millis>1551189289375</millis>
  <sequence>2</sequence>
  <level>RUN_DATA</level>
  <class>com.kms.katalon.core.logging.XmlKeywordLogger</class>
  <method>logMessage</method>
  <thread>1</thread>
  <message>os = Windows 10 64bit</message>
  <nestedLevel>0</nestedLevel>
  <property name="os">Windows 10 64bit</property>
</record>
<record>
  <date>2019-02-26T14:54:49</date>
  <millis>1551189289376</millis>
  <sequence>3</sequence>
  <level>RUN_DATA</level>
  <class>com.kms.katalon.core.logging.XmlKeywordLogger</class>
  <method>logMessage</method>
  <thread>1</thread>
  <message>hostAddress = 10.25.208.80</message>
  <nestedLevel>0</nestedLevel>
  <property name="hostAddress">10.25.208.80</property>
</record>
<record>
  <date>2019-02-26T14:54:49</date>
  <millis>1551189289377</millis>
  <sequence>4</sequence>
  <level>RUN_DATA</level>
  <class>com.kms.katalon.core.logging.XmlKeywordLogger</class>
  <method>logMessage</method>
  <thread>1</thread>
  <message>katalonVersion = 5.10.1.1</message>
  <nestedLevel>0</nestedLevel>
  <property name="katalonVersion">5.10.1.1</property>
</record>
<record>
  <date>2019-02-26T14:54:49</date>
  <millis>1551189289776</millis>
  <sequence>5</sequence>
  <level>START</level>
  <class>com.kms.katalon.core.logging.XmlKeywordLogger</class>
  <method>startTest</method>
  <thread>1</thread>
  <message>Start Test Case : Test Cases/Pre Login/PreLogin_1_FUNCTIONALITY_StartApp_DTH_Wi-Fi</message>
  <nestedLevel>1</nestedLevel>
  <property name="name">Test Cases/Pre Login/PreLogin_1_FUNCTIONALITY_StartApp_DTH_Wi-Fi</property>
  <property name="description">Start msa application.\npath application: C:\\Users\\MSA-testautomation\\59.apk</property>
  <property name="id">Test Cases/Pre Login/PreLogin_1_FUNCTIONALITY_StartApp_DTH_Wi-Fi</property>
  <property name="source">C:\\Users\\marco\\Katalon Studio\\MSA-testautomation\\Test Cases\\Pre Login\\PreLogin_1_FUNCTIONALITY_StartApp_DTH_Wi-Fi.tc</property>
  <property name="isOptional">false</property>
</record>
<record>
  <date>2019-02-26T14:54:50</date>
  <millis>1551189290295</millis>
  <sequence>7</sequence>
  <level>START</level>
  <class>com.kms.katalon.core.logging.XmlKeywordLogger</class>
  <method>startKeyword</method>
  <thread>1</thread>
  <message>Start action : startApplication(\&amp;quot;C:\\Users\\MSA-testautomation\\59.apk\&amp;quot;, false)</message>
  <nestedLevel>1</nestedLevel>
  <property name="startLine">16</property>
  <property name="stepIndex">1</property>
</record>
<record>
  <date>2019-02-26T14:54:55</date>
  <millis>1551189295770</millis>
  <sequence>9</sequence>
  <level>INFO</level>
  <class>com.kms.katalon.core.logging.XmlKeywordLogger</class>
  <method>logMessage</method>
  <thread>1</thread>
  <message>Appium server started on port 49.725</message>
  <nestedLevel>1</nestedLevel>
</record>
<record>
  <date>2019-02-26T14:55:44</date>
  <millis>1551189344937</millis>
  <sequence>11</sequence>
  <level>RUN_DATA</level>
  <class>com.kms.katalon.core.logging.XmlKeywordLogger</class>
  <method>logMessage</method>
  <thread>1</thread>
  <message>appiumVersion = 1.8.1</message>
  <nestedLevel>1</nestedLevel>
  <property name="appiumVersion">1.8.1</property>
</record>
<record>
  <date>2019-02-26T14:55:44</date>
  <millis>1551189344982</millis>
  <sequence>12</sequence>
  <level>RUN_DATA</level>
  <class>com.kms.katalon.core.logging.XmlKeywordLogger</class>
  <method>logMessage</method>
  <thread>1</thread>
  <message>deviceId = 9885f7504651473733</message>
  <nestedLevel>1</nestedLevel>
  <property name="deviceId">9885f7504651473733</property>
</record>
<record>
  <date>2019-02-26T14:55:44</date>
  <millis>1551189344983</millis>
  <sequence>13</sequence>
  <level>RUN_DATA</level>
  <class>com.kms.katalon.core.logging.XmlKeywordLogger</class>
  <method>logMessage</method>
  <thread>1</thread>
  <message>deviceName = samsung SM-G935F (Android 8.0.0)</message>
  <nestedLevel>1</nestedLevel>
  <property name="deviceName">samsung SM-G935F (Android 8.0.0)</property>
</record>
<record>
  <date>2019-02-26T14:55:44</date>
  <millis>1551189344983</millis>
  <sequence>14</sequence>
  <level>RUN_DATA</level>
  <class>com.kms.katalon.core.logging.XmlKeywordLogger</class>
  <method>logMessage</method>
  <thread>1</thread>
  <message>deviceModel = SM-G935F</message>
  <nestedLevel>1</nestedLevel>
  <property name="deviceModel">SM-G935F</property>
</record>
<record>
  <date>2019-02-26T14:55:44</date>
  <millis>1551189344983</millis>
  <sequence>15</sequence>
  <level>RUN_DATA</level>
  <class>com.kms.katalon.core.logging.XmlKeywordLogger</class>
  <method>logMessage</method>
  <thread>1</thread>
  <message>deviceManufacturer = samsung</message>
  <nestedLevel>1</nestedLevel>
  <property name="deviceManufacturer">samsung</property>
</record>
<record>
  <date>2019-02-26T14:55:44</date>
  <millis>1551189344983</millis>
  <sequence>16</sequence>
  <level>RUN_DATA</level>
  <class>com.kms.katalon.core.logging.XmlKeywordLogger</class>
  <method>logMessage</method>
  <thread>1</thread>
  <message>deviceOS = Android</message>
  <nestedLevel>1</nestedLevel>
  <property name="deviceOS">Android</property>
</record>
<record>
  <date>2019-02-26T14:55:44</date>
  <millis>1551189344983</millis>
  <sequence>17</sequence>
  <level>RUN_DATA</level>
  <class>com.kms.katalon.core.logging.XmlKeywordLogger</class>
  <method>logMessage</method>
  <thread>1</thread>
  <message>deviceOSVersion = 8.0.0</message>
  <nestedLevel>1</nestedLevel>
  <property name="deviceOSVersion">8.0.0</property>
</record>
<record>
  <date>2019-02-26T14:55:45</date>
  <millis>1551189345014</millis>
  <sequence>18</sequence>
  <level>PASSED</level>
  <class>com.kms.katalon.core.logging.XmlKeywordLogger</class>
  <method>logMessage</method>
  <thread>1</thread>
  <message>Started app at: &amp;apos;C:\\Users\\MSA-testautomation\\59.apk&amp;apos;</message>
  <nestedLevel>1</nestedLevel>
</record>
<record>
  <date>2019-02-26T14:55:45</date>
  <millis>1551189345014</millis>
  <sequence>19</sequence>
  <level>END</level>
  <class>com.kms.katalon.core.logging.XmlKeywordLogger</class>
  <method>endKeyword</method>
  <thread>1</thread>
  <message>End action : startApplication(\&amp;quot;C:\\Users\\MSA-testautomation\\59.apk\&amp;quot;, false)</message>
  <nestedLevel>1</nestedLevel>
</record>
<record>
  <date>2019-02-26T14:55:45</date>
  <millis>1551189345014</millis>
  <sequence>20</sequence>
  <level>PASSED</level>
  <class>com.kms.katalon.core.logging.XmlKeywordLogger</class>
  <method>logMessage</method>
  <thread>1</thread>
  <message>Test Cases/Pre Login/PreLogin_1_FUNCTIONALITY_StartApp_DTH_Wi-Fi</message>
  <nestedLevel>1</nestedLevel>
</record>
<record>
  <date>2019-02-26T14:55:45</date>
  <millis>1551189345014</millis>
  <sequence>21</sequence>
  <level>END</level>
  <class>com.kms.katalon.core.logging.XmlKeywordLogger</class>
  <method>endTest</method>
  <thread>1</thread>
  <message>End Test Case : Test Cases/Pre Login/PreLogin_1_FUNCTIONALITY_StartApp_DTH_Wi-Fi</message>
  <nestedLevel>0</nestedLevel>
</record>
<record>
  <date>2019-02-26T14:55:45</date>
  <millis>1551189345027</millis>
  <sequence>22</sequence>
  <level>START</level>
  <class>com.kms.katalon.core.logging.XmlKeywordLogger</class>
  <method>startTest</method>
  <thread>1</thread>
  <message>Start Test Case : Test Cases/Guida TV/Guida TV_3_NAVIGATION_GTV_DTH_Wi-Fi</message>
  <nestedLevel>1</nestedLevel>
  <property name="name">Test Cases/Guida TV/Guida TV_3_NAVIGATION_GTV_DTH_Wi-Fi</property>
  <property name="description">Dalla homepage atterro nella sezione di Guida Tv ed effettuo un controolo sulla label della top bar.</property>
  <property name="id">Test Cases/Guida TV/Guida TV_3_NAVIGATION_GTV_DTH_Wi-Fi</property>
  <property name="source">C:\\Users\\marco\\Katalon Studio\\MSA-testautomation\\Test Cases\\Guida TV\\Guida TV_3_NAVIGATION_GTV_DTH_Wi-Fi.tc</property>
  <property name="isOptional">false</property>
</record>
<record>
  <date>2019-02-26T14:55:45</date>
  <millis>1551189345289</millis>
  <sequence>24</sequence>
  <level>START</level>
  <class>com.kms.katalon.core.logging.XmlKeywordLogger</class>
  <method>startKeyword</method>
  <thread>1</thread>
  <message>Start action : tap(findTestObject(\&amp;quot;Bottom Bar Elements/Guida TV\&amp;quot;), 0)</message>
  <nestedLevel>1</nestedLevel>
  <property name="startLine">16</property>
  <property name="stepIndex">1</property>
</record>
<record>
  <date>2019-02-26T14:55:45</date>
  <millis>1551189345358</millis>
  <sequence>28</sequence>
  <level>WARNING</level>
  <class>com.kms.katalon.core.logging.XmlKeywordLogger</class>
  <method>logMessage</method>
  <thread>1</thread>
  <message>Timeout &amp;apos;0&amp;apos; is invalid. Using default page load timeout: &amp;apos;30&amp;apos;</message>
  <nestedLevel>1</nestedLevel>
</record>
<record>
  <date>2019-02-26T14:55:49</date>
  <millis>1551189349664</millis>
  <sequence>29</sequence>
  <level>PASSED</level>
  <class>com.kms.katalon.core.logging.XmlKeywordLogger</class>
  <method>logMessage</method>
  <thread>1</thread>
  <message>Tapped on element &amp;apos;Object Repository/Bottom Bar Elements/Guida TV&amp;apos;</message>
  <nestedLevel>1</nestedLevel>
</record>
<record>
  <date>2019-02-26T14:55:49</date>
  <millis>1551189349665</millis>
  <sequence>30</sequence>
  <level>END</level>
  <class>com.kms.katalon.core.logging.XmlKeywordLogger</class>
  <method>endKeyword</method>
  <thread>1</thread>
  <message>End action : tap(findTestObject(\&amp;quot;Bottom Bar Elements/Guida TV\&amp;quot;), 0)</message>
  <nestedLevel>1</nestedLevel>
</record>
<record>
  <date>2019-02-26T14:55:49</date>
  <millis>1551189349665</millis>
  <sequence>31</sequence>
  <level>START</level>
  <class>com.kms.katalon.core.logging.XmlKeywordLogger</class>
  <method>startKeyword</method>
  <thread>1</thread>
  <message>Start action : delay(5)</message>
  <nestedLevel>1</nestedLevel>
  <property name="startLine">18</property>
  <property name="stepIndex">2</property>
</record>
<record>
  <date>2019-02-26T14:55:54</date>
  <millis>1551189354695</millis>
  <sequence>33</sequence>
  <level>PASSED</level>
  <class>com.kms.katalon.core.logging.XmlKeywordLogger</class>
  <method>logMessage</method>
  <thread>1</thread>
  <message>Delayed 5 second(s)</message>
  <nestedLevel>1</nestedLevel>
</record>
<record>
  <date>2019-02-26T14:55:54</date>
  <millis>1551189354696</millis>
  <sequence>34</sequence>
  <level>END</level>
  <class>com.kms.katalon.core.logging.XmlKeywordLogger</class>
  <method>endKeyword</method>
  <thread>1</thread>
  <message>End action : delay(5)</message>
  <nestedLevel>1</nestedLevel>
</record>
<record>
  <date>2019-02-26T14:55:54</date>
  <millis>1551189354696</millis>
  <sequence>35</sequence>
  <level>START</level>
  <class>com.kms.katalon.core.logging.XmlKeywordLogger</class>
  <method>startKeyword</method>
  <thread>1</thread>
  <message>Start action : verifyElementExist(findTestObject(\&amp;quot;Top Bar elements/GUIDA TV\&amp;quot;), 0)</message>
  <nestedLevel>1</nestedLevel>
  <property name="startLine">20</property>
  <property name="stepIndex">3</property>
</record>
<record>
  <date>2019-02-26T14:55:54</date>
  <millis>1551189354738</millis>
  <sequence>39</sequence>
  <level>WARNING</level>
  <class>com.kms.katalon.core.logging.XmlKeywordLogger</class>
  <method>logMessage</method>
  <thread>1</thread>
  <message>Timeout &amp;apos;0&amp;apos; is invalid. Using default page load timeout: &amp;apos;30&amp;apos;</message>
  <nestedLevel>1</nestedLevel>
</record>
<record>
  <date>2019-02-26T14:55:55</date>
  <millis>1551189355722</millis>
  <sequence>40</sequence>
  <level>PASSED</level>
  <class>com.kms.katalon.core.logging.XmlKeywordLogger</class>
  <method>logMessage</method>
  <thread>1</thread>
  <message>Element &amp;apos;Object Repository/Top Bar elements/GUIDA TV&amp;apos; is exist</message>
  <nestedLevel>1</nestedLevel>
</record>
<record>
  <date>2019-02-26T14:55:55</date>
  <millis>1551189355722</millis>
  <sequence>41</sequence>
  <level>END</level>
  <class>com.kms.katalon.core.logging.XmlKeywordLogger</class>
  <method>endKeyword</method>
  <thread>1</thread>
  <message>End action : verifyElementExist(findTestObject(\&amp;quot;Top Bar elements/GUIDA TV\&amp;quot;), 0)</message>
  <nestedLevel>1</nestedLevel>
</record>
<record>
  <date>2019-02-26T14:55:55</date>
  <millis>1551189355723</millis>
  <sequence>42</sequence>
  <level>PASSED</level>
  <class>com.kms.katalon.core.logging.XmlKeywordLogger</class>
  <method>logMessage</method>
  <thread>1</thread>
  <message>Test Cases/Guida TV/Guida TV_3_NAVIGATION_GTV_DTH_Wi-Fi</message>
  <nestedLevel>1</nestedLevel>
</record>
<record>
  <date>2019-02-26T14:55:55</date>
  <millis>1551189355726</millis>
  <sequence>43</sequence>
  <level>END</level>
  <class>com.kms.katalon.core.logging.XmlKeywordLogger</class>
  <method>endTest</method>
  <thread>1</thread>
  <message>End Test Case : Test Cases/Guida TV/Guida TV_3_NAVIGATION_GTV_DTH_Wi-Fi</message>
  <nestedLevel>0</nestedLevel>
</record>
<record>
  <date>2019-02-26T14:55:55</date>
  <millis>1551189355727</millis>
  <sequence>44</sequence>
  <level>START</level>
  <class>com.kms.katalon.core.logging.XmlKeywordLogger</class>
  <method>startTest</method>
  <thread>1</thread>
  <message>Start Test Case : Test Cases/Guida TV/Guida TV_2_NAVIGATION_Hero_DTH_Wi-Fi</message>
  <nestedLevel>1</nestedLevel>
  <property name="name">Test Cases/Guida TV/Guida TV_2_NAVIGATION_Hero_DTH_Wi-Fi</property>
  <property name="description">Controllo degli elementi presenti nel contenuto in evidenza.</property>
  <property name="id">Test Cases/Guida TV/Guida TV_2_NAVIGATION_Hero_DTH_Wi-Fi</property>
  <property name="source">C:\\Users\\marco\\Katalon Studio\\MSA-testautomation\\Test Cases\\Guida TV\\Guida TV_2_NAVIGATION_Hero_DTH_Wi-Fi.tc</property>
  <property name="isOptional">false</property>
</record>
<record>
  <date>2019-02-26T14:55:56</date>
  <millis>1551189356009</millis>
  <sequence>46</sequence>
  <level>START</level>
  <class>com.kms.katalon.core.logging.XmlKeywordLogger</class>
  <method>startKeyword</method>
  <thread>1</thread>
  <message>Start action : verifyElementAttributeValue(findTestObject(\&amp;quot;Guida Tv/Hero Elements/Immagine\&amp;quot;), \&amp;quot;resource-id\&amp;quot;, \&amp;quot;it.sky.msa:id/heroImageImageView\&amp;quot;, 0)</message>
  <nestedLevel>1</nestedLevel>
  <property name="startLine">17</property>
  <property name="stepIndex">1</property>
  <property name="description">Check se esite l&apos;immagine del contenuto in evidenza.</property>
</record>
<record>
  <date>2019-02-26T14:55:56</date>
  <millis>1551189356028</millis>
  <sequence>51</sequence>
  <level>WARNING</level>
  <class>com.kms.katalon.core.logging.XmlKeywordLogger</class>
  <method>logMessage</method>
  <thread>1</thread>
  <message>Timeout &amp;apos;0&amp;apos; is invalid. Using default page load timeout: &amp;apos;30&amp;apos;</message>
  <nestedLevel>1</nestedLevel>
</record>
<record>
  <date>2019-02-26T14:55:56</date>
  <millis>1551189356483</millis>
  <sequence>52</sequence>
  <level>PASSED</level>
  <class>com.kms.katalon.core.logging.XmlKeywordLogger</class>
  <method>logMessage</method>
  <thread>1</thread>
  <message>Object &amp;apos;Object Repository/Guida Tv/Hero Elements/Immagine&amp;apos; has attribute &amp;apos;resource-id&amp;apos; with value &amp;apos;it.sky.msa:id/heroImageImageView&amp;apos;</message>
  <nestedLevel>1</nestedLevel>
</record>
<record>
  <date>2019-02-26T14:55:56</date>
  <millis>1551189356484</millis>
  <sequence>53</sequence>
  <level>END</level>
  <class>com.kms.katalon.core.logging.XmlKeywordLogger</class>
  <method>endKeyword</method>
  <thread>1</thread>
  <message>End action : verifyElementAttributeValue(findTestObject(\&amp;quot;Guida Tv/Hero Elements/Immagine\&amp;quot;), \&amp;quot;resource-id\&amp;quot;, \&amp;quot;it.sky.msa:id/heroImageImageView\&amp;quot;, 0)</message>
  <nestedLevel>1</nestedLevel>
</record>
<record>
  <date>2019-02-26T14:55:56</date>
  <millis>1551189356484</millis>
  <sequence>54</sequence>
  <level>START</level>
  <class>com.kms.katalon.core.logging.XmlKeywordLogger</class>
  <method>startKeyword</method>
  <thread>1</thread>
  <message>Start action : verifyElementText(findTestObject(\&amp;quot;Guida Tv/Hero Elements/IN EVIDENZA\&amp;quot;), \&amp;quot;IN EVIDENZA\&amp;quot;)</message>
  <nestedLevel>1</nestedLevel>
  <property name="startLine">21</property>
  <property name="stepIndex">2</property>
  <property name="description">Check se esite la label \&quot;IN EVIDENZA\&quot;</property>
</record>
<record>
  <date>2019-02-26T14:55:56</date>
  <millis>1551189356960</millis>
  <sequence>58</sequence>
  <level>PASSED</level>
  <class>com.kms.katalon.core.logging.XmlKeywordLogger</class>
  <method>logMessage</method>
  <thread>1</thread>
  <message>Actual text and expected text of test object &amp;apos;Object Repository/Guida Tv/Hero Elements/IN EVIDENZA&amp;apos; are matched.</message>
  <nestedLevel>1</nestedLevel>
</record>
<record>
  <date>2019-02-26T14:55:56</date>
  <millis>1551189356961</millis>
  <sequence>59</sequence>
  <level>END</level>
  <class>com.kms.katalon.core.logging.XmlKeywordLogger</class>
  <method>endKeyword</method>
  <thread>1</thread>
  <message>End action : verifyElementText(findTestObject(\&amp;quot;Guida Tv/Hero Elements/IN EVIDENZA\&amp;quot;), \&amp;quot;IN EVIDENZA\&amp;quot;)</message>
  <nestedLevel>1</nestedLevel>
</record>
<record>
  <date>2019-02-26T14:55:56</date>
  <millis>1551189356962</millis>
  <sequence>60</sequence>
  <level>START</level>
  <class>com.kms.katalon.core.logging.XmlKeywordLogger</class>
  <method>startKeyword</method>
  <thread>1</thread>
  <message>Start action : verifyElementExist(findTestObject(\&amp;quot;Guida Tv/Hero Elements/Titolo del contenuto\&amp;quot;), 0)</message>
  <nestedLevel>1</nestedLevel>
  <property name="startLine">24</property>
  <property name="stepIndex">3</property>
  <property name="description">Verifica che esiste il titolo del contenuto in evidenza.</property>
</record>
<record>
  <date>2019-02-26T14:55:56</date>
  <millis>1551189356966</millis>
  <sequence>64</sequence>
  <level>WARNING</level>
  <class>com.kms.katalon.core.logging.XmlKeywordLogger</class>
  <method>logMessage</method>
  <thread>1</thread>
  <message>Timeout &amp;apos;0&amp;apos; is invalid. Using default page load timeout: &amp;apos;30&amp;apos;</message>
  <nestedLevel>1</nestedLevel>
</record>
<record>
  <date>2019-02-26T14:55:57</date>
  <millis>1551189357322</millis>
  <sequence>65</sequence>
  <level>PASSED</level>
  <class>com.kms.katalon.core.logging.XmlKeywordLogger</class>
  <method>logMessage</method>
  <thread>1</thread>
  <message>Element &amp;apos;Object Repository/Guida Tv/Hero Elements/Titolo del contenuto&amp;apos; is exist</message>
  <nestedLevel>1</nestedLevel>
</record>
<record>
  <date>2019-02-26T14:55:57</date>
  <millis>1551189357323</millis>
  <sequence>66</sequence>
  <level>END</level>
  <class>com.kms.katalon.core.logging.XmlKeywordLogger</class>
  <method>endKeyword</method>
  <thread>1</thread>
  <message>End action : verifyElementExist(findTestObject(\&amp;quot;Guida Tv/Hero Elements/Titolo del contenuto\&amp;quot;), 0)</message>
  <nestedLevel>1</nestedLevel>
</record>
<record>
  <date>2019-02-26T14:55:57</date>
  <millis>1551189357323</millis>
  <sequence>67</sequence>
  <level>START</level>
  <class>com.kms.katalon.core.logging.XmlKeywordLogger</class>
  <method>startKeyword</method>
  <thread>1</thread>
  <message>Start action : verifyElementExist(findTestObject(\&amp;quot;Guida Tv/Hero Elements/Programmazione\&amp;quot;), 0)</message>
  <nestedLevel>1</nestedLevel>
  <property name="startLine">27</property>
  <property name="stepIndex">4</property>
  <property name="description">Verifica che \u00E8 presente la programmazione del contenuto.</property>
</record>
<record>
  <date>2019-02-26T14:55:57</date>
  <millis>1551189357326</millis>
  <sequence>71</sequence>
  <level>WARNING</level>
  <class>com.kms.katalon.core.logging.XmlKeywordLogger</class>
  <method>logMessage</method>
  <thread>1</thread>
  <message>Timeout &amp;apos;0&amp;apos; is invalid. Using default page load timeout: &amp;apos;30&amp;apos;</message>
  <nestedLevel>1</nestedLevel>
</record>
<record>
  <date>2019-02-26T14:55:57</date>
  <millis>1551189357671</millis>
  <sequence>72</sequence>
  <level>PASSED</level>
  <class>com.kms.katalon.core.logging.XmlKeywordLogger</class>
  <method>logMessage</method>
  <thread>1</thread>
  <message>Element &amp;apos;Object Repository/Guida Tv/Hero Elements/Programmazione&amp;apos; is exist</message>
  <nestedLevel>1</nestedLevel>
</record>
<record>
  <date>2019-02-26T14:55:57</date>
  <millis>1551189357672</millis>
  <sequence>73</sequence>
  <level>END</level>
  <class>com.kms.katalon.core.logging.XmlKeywordLogger</class>
  <method>endKeyword</method>
  <thread>1</thread>
  <message>End action : verifyElementExist(findTestObject(\&amp;quot;Guida Tv/Hero Elements/Programmazione\&amp;quot;), 0)</message>
  <nestedLevel>1</nestedLevel>
</record>
<record>
  <date>2019-02-26T14:55:57</date>
  <millis>1551189357672</millis>
  <sequence>74</sequence>
  <level>START</level>
  <class>com.kms.katalon.core.logging.XmlKeywordLogger</class>
  <method>startKeyword</method>
  <thread>1</thread>
  <message>Start action : getText(findTestObject(\&amp;quot;Guida Tv/Hero Elements/Programmazione\&amp;quot;), 0)</message>
  <nestedLevel>1</nestedLevel>
  <property name="startLine">29</property>
  <property name="stepIndex">5</property>
</record>
<record>
  <date>2019-02-26T14:55:57</date>
  <millis>1551189357688</millis>
  <sequence>78</sequence>
  <level>WARNING</level>
  <class>com.kms.katalon.core.logging.XmlKeywordLogger</class>
  <method>logMessage</method>
  <thread>1</thread>
  <message>Timeout &amp;apos;0&amp;apos; is invalid. Using default page load timeout: &amp;apos;30&amp;apos;</message>
  <nestedLevel>1</nestedLevel>
</record>
<record>
  <date>2019-02-26T14:55:58</date>
  <millis>1551189358648</millis>
  <sequence>79</sequence>
  <level>PASSED</level>
  <class>com.kms.katalon.core.logging.XmlKeywordLogger</class>
  <method>logMessage</method>
  <thread>1</thread>
  <message>Text of element &amp;apos;Object Repository/Guida Tv/Hero Elements/Programmazione&amp;apos; is: &amp;apos;Oggi alle 06:00&amp;apos;</message>
  <nestedLevel>1</nestedLevel>
</record>
<record>
  <date>2019-02-26T14:55:58</date>
  <millis>1551189358648</millis>
  <sequence>80</sequence>
  <level>END</level>
  <class>com.kms.katalon.core.logging.XmlKeywordLogger</class>
  <method>endKeyword</method>
  <thread>1</thread>
  <message>End action : getText(findTestObject(\&amp;quot;Guida Tv/Hero Elements/Programmazione\&amp;quot;), 0)</message>
  <nestedLevel>1</nestedLevel>
</record>
<record>
  <date>2019-02-26T14:55:58</date>
  <millis>1551189358648</millis>
  <sequence>81</sequence>
  <level>PASSED</level>
  <class>com.kms.katalon.core.logging.XmlKeywordLogger</class>
  <method>logMessage</method>
  <thread>1</thread>
  <message>Test Cases/Guida TV/Guida TV_2_NAVIGATION_Hero_DTH_Wi-Fi</message>
  <nestedLevel>1</nestedLevel>
</record>
<record>
  <date>2019-02-26T14:55:58</date>
  <millis>1551189358649</millis>
  <sequence>82</sequence>
  <level>END</level>
  <class>com.kms.katalon.core.logging.XmlKeywordLogger</class>
  <method>endTest</method>
  <thread>1</thread>
  <message>End Test Case : Test Cases/Guida TV/Guida TV_2_NAVIGATION_Hero_DTH_Wi-Fi</message>
  <nestedLevel>0</nestedLevel>
</record>
<record>
  <date>2019-02-26T14:55:58</date>
  <millis>1551189358652</millis>
  <sequence>83</sequence>
  <level>START</level>
  <class>com.kms.katalon.core.logging.XmlKeywordLogger</class>
  <method>startTest</method>
  <thread>1</thread>
  <message>Start Test Case : Test Cases/Guida TV/Guida TV_4_NAVIGATION_SceltiPerTeQuestaSettimana_DTH_Wi-Fi</message>
  <nestedLevel>1</nestedLevel>
  <property name="name">Test Cases/Guida TV/Guida TV_4_NAVIGATION_SceltiPerTeQuestaSettimana_DTH_Wi-Fi</property>
  <property name="description">Navigazione della sezione \&quot;Scelti per te questa settimana\&quot;</property>
  <property name="id">Test Cases/Guida TV/Guida TV_4_NAVIGATION_SceltiPerTeQuestaSettimana_DTH_Wi-Fi</property>
  <property name="source">C:\\Users\\marco\\Katalon Studio\\MSA-testautomation\\Test Cases\\Guida TV\\Guida TV_4_NAVIGATION_SceltiPerTeQuestaSettimana_DTH_Wi-Fi.tc</property>
  <property name="isOptional">false</property>
</record>
<record>
  <date>2019-02-26T14:55:58</date>
  <millis>1551189358893</millis>
  <sequence>85</sequence>
  <level>START</level>
  <class>com.kms.katalon.core.logging.XmlKeywordLogger</class>
  <method>startKeyword</method>
  <thread>1</thread>
  <message>Start action : swipe(0, 0, 0, 10000)</message>
  <nestedLevel>1</nestedLevel>
  <property name="startLine">16</property>
  <property name="stepIndex">1</property>
</record>
<record>
  <date>2019-02-26T14:56:01</date>
  <millis>1551189361253</millis>
  <sequence>86</sequence>
  <level>PASSED</level>
  <class>com.kms.katalon.core.logging.XmlKeywordLogger</class>
  <method>logMessage</method>
  <thread>1</thread>
  <message>Swiped from 0,0 to 0,10.000</message>
  <nestedLevel>1</nestedLevel>
</record>
<record>
  <date>2019-02-26T14:56:01</date>
  <millis>1551189361351</millis>
  <sequence>87</sequence>
  <level>END</level>
  <class>com.kms.katalon.core.logging.XmlKeywordLogger</class>
  <method>endKeyword</method>
  <thread>1</thread>
  <message>End action : swipe(0, 0, 0, 10000)</message>
  <nestedLevel>1</nestedLevel>
</record>
<record>
  <date>2019-02-26T14:56:01</date>
  <millis>1551189361351</millis>
  <sequence>88</sequence>
  <level>START</level>
  <class>com.kms.katalon.core.logging.XmlKeywordLogger</class>
  <method>startKeyword</method>
  <thread>1</thread>
  <message>Start action : getText(findTestObject(\&amp;quot;Guida Tv/Section Elements/Scelti per te questa settimana\&amp;quot;), 0)</message>
  <nestedLevel>1</nestedLevel>
  <property name="startLine">18</property>
  <property name="stepIndex">2</property>
</record>
<record>
  <date>2019-02-26T14:56:01</date>
  <millis>1551189361358</millis>
  <sequence>92</sequence>
  <level>WARNING</level>
  <class>com.kms.katalon.core.logging.XmlKeywordLogger</class>
  <method>logMessage</method>
  <thread>1</thread>
  <message>Timeout &amp;apos;0&amp;apos; is invalid. Using default page load timeout: &amp;apos;30&amp;apos;</message>
  <nestedLevel>1</nestedLevel>
</record>
<record>
  <date>2019-02-26T14:56:01</date>
  <millis>1551189361761</millis>
  <sequence>93</sequence>
  <level>PASSED</level>
  <class>com.kms.katalon.core.logging.XmlKeywordLogger</class>
  <method>logMessage</method>
  <thread>1</thread>
  <message>Text of element &amp;apos;Object Repository/Guida Tv/Section Elements/Scelti per te questa settimana&amp;apos; is: &amp;apos;Scelti per te questa settimana&amp;apos;</message>
  <nestedLevel>1</nestedLevel>
</record>
<record>
  <date>2019-02-26T14:56:01</date>
  <millis>1551189361762</millis>
  <sequence>94</sequence>
  <level>END</level>
  <class>com.kms.katalon.core.logging.XmlKeywordLogger</class>
  <method>endKeyword</method>
  <thread>1</thread>
  <message>End action : getText(findTestObject(\&amp;quot;Guida Tv/Section Elements/Scelti per te questa settimana\&amp;quot;), 0)</message>
  <nestedLevel>1</nestedLevel>
</record>
<record>
  <date>2019-02-26T14:56:01</date>
  <millis>1551189361762</millis>
  <sequence>95</sequence>
  <level>START</level>
  <class>com.kms.katalon.core.logging.XmlKeywordLogger</class>
  <method>startKeyword</method>
  <thread>1</thread>
  <message>Start action : verifyElementText(findTestObject(\&amp;quot;Guida Tv/Section Elements/Scelti per te questa settimana\&amp;quot;), \&amp;quot;Scelti per te questa settimana\&amp;quot;)</message>
  <nestedLevel>1</nestedLevel>
  <property name="startLine">20</property>
  <property name="stepIndex">3</property>
</record>
<record>
  <date>2019-02-26T14:56:02</date>
  <millis>1551189362129</millis>
  <sequence>99</sequence>
  <level>PASSED</level>
  <class>com.kms.katalon.core.logging.XmlKeywordLogger</class>
  <method>logMessage</method>
  <thread>1</thread>
  <message>Actual text and expected text of test object &amp;apos;Object Repository/Guida Tv/Section Elements/Scelti per te questa settimana&amp;apos; are matched.</message>
  <nestedLevel>1</nestedLevel>
</record>
<record>
  <date>2019-02-26T14:56:02</date>
  <millis>1551189362130</millis>
  <sequence>100</sequence>
  <level>END</level>
  <class>com.kms.katalon.core.logging.XmlKeywordLogger</class>
  <method>endKeyword</method>
  <thread>1</thread>
  <message>End action : verifyElementText(findTestObject(\&amp;quot;Guida Tv/Section Elements/Scelti per te questa settimana\&amp;quot;), \&amp;quot;Scelti per te questa settimana\&amp;quot;)</message>
  <nestedLevel>1</nestedLevel>
</record>
<record>
  <date>2019-02-26T14:56:02</date>
  <millis>1551189362130</millis>
  <sequence>101</sequence>
  <level>START</level>
  <class>com.kms.katalon.core.logging.XmlKeywordLogger</class>
  <method>startKeyword</method>
  <thread>1</thread>
  <message>Start action : swipe(0, 0, 100, 0)</message>
  <nestedLevel>1</nestedLevel>
  <property name="startLine">22</property>
  <property name="stepIndex">4</property>
</record>
<record>
  <date>2019-02-26T14:56:04</date>
  <millis>1551189364455</millis>
  <sequence>102</sequence>
  <level>PASSED</level>
  <class>com.kms.katalon.core.logging.XmlKeywordLogger</class>
  <method>logMessage</method>
  <thread>1</thread>
  <message>Swiped from 0,0 to 100,0</message>
  <nestedLevel>1</nestedLevel>
</record>
<record>
  <date>2019-02-26T14:56:04</date>
  <millis>1551189364553</millis>
  <sequence>103</sequence>
  <level>END</level>
  <class>com.kms.katalon.core.logging.XmlKeywordLogger</class>
  <method>endKeyword</method>
  <thread>1</thread>
  <message>End action : swipe(0, 0, 100, 0)</message>
  <nestedLevel>1</nestedLevel>
</record>
<record>
  <date>2019-02-26T14:56:04</date>
  <millis>1551189364555</millis>
  <sequence>104</sequence>
  <level>START</level>
  <class>com.kms.katalon.core.logging.XmlKeywordLogger</class>
  <method>startKeyword</method>
  <thread>1</thread>
  <message>Start action : delay(0)</message>
  <nestedLevel>1</nestedLevel>
  <property name="startLine">24</property>
  <property name="stepIndex">5</property>
</record>
<record>
  <date>2019-02-26T14:56:04</date>
  <millis>1551189364555</millis>
  <sequence>106</sequence>
  <level>PASSED</level>
  <class>com.kms.katalon.core.logging.XmlKeywordLogger</class>
  <method>logMessage</method>
  <thread>1</thread>
  <message>Delayed 0 second(s)</message>
  <nestedLevel>1</nestedLevel>
</record>
<record>
  <date>2019-02-26T14:56:04</date>
  <millis>1551189364556</millis>
  <sequence>107</sequence>
  <level>END</level>
  <class>com.kms.katalon.core.logging.XmlKeywordLogger</class>
  <method>endKeyword</method>
  <thread>1</thread>
  <message>End action : delay(0)</message>
  <nestedLevel>1</nestedLevel>
</record>
<record>
  <date>2019-02-26T14:56:04</date>
  <millis>1551189364556</millis>
  <sequence>108</sequence>
  <level>START</level>
  <class>com.kms.katalon.core.logging.XmlKeywordLogger</class>
  <method>startKeyword</method>
  <thread>1</thread>
  <message>Start action : swipe(0, 0, -100, 0)</message>
  <nestedLevel>1</nestedLevel>
  <property name="startLine">26</property>
  <property name="stepIndex">6</property>
</record>
<record>
  <date>2019-02-26T14:56:06</date>
  <millis>1551189366932</millis>
  <sequence>109</sequence>
  <level>PASSED</level>
  <class>com.kms.katalon.core.logging.XmlKeywordLogger</class>
  <method>logMessage</method>
  <thread>1</thread>
  <message>Swiped from 0,0 to -100,0</message>
  <nestedLevel>1</nestedLevel>
</record>
<record>
  <date>2019-02-26T14:56:07</date>
  <millis>1551189367024</millis>
  <sequence>110</sequence>
  <level>END</level>
  <class>com.kms.katalon.core.logging.XmlKeywordLogger</class>
  <method>endKeyword</method>
  <thread>1</thread>
  <message>End action : swipe(0, 0, -100, 0)</message>
  <nestedLevel>1</nestedLevel>
</record>
<record>
  <date>2019-02-26T14:56:07</date>
  <millis>1551189367024</millis>
  <sequence>111</sequence>
  <level>PASSED</level>
  <class>com.kms.katalon.core.logging.XmlKeywordLogger</class>
  <method>logMessage</method>
  <thread>1</thread>
  <message>Test Cases/Guida TV/Guida TV_4_NAVIGATION_SceltiPerTeQuestaSettimana_DTH_Wi-Fi</message>
  <nestedLevel>1</nestedLevel>
</record>
<record>
  <date>2019-02-26T14:56:07</date>
  <millis>1551189367025</millis>
  <sequence>112</sequence>
  <level>END</level>
  <class>com.kms.katalon.core.logging.XmlKeywordLogger</class>
  <method>endTest</method>
  <thread>1</thread>
  <message>End Test Case : Test Cases/Guida TV/Guida TV_4_NAVIGATION_SceltiPerTeQuestaSettimana_DTH_Wi-Fi</message>
  <nestedLevel>0</nestedLevel>
</record>
<record>
  <date>2019-02-26T14:56:07</date>
  <millis>1551189367495</millis>
  <sequence>113</sequence>
  <level>END</level>
  <class>com.kms.katalon.core.logging.XmlKeywordLogger</class>
  <method>endSuite</method>
  <thread>1</thread>
  <message>End Test Suite : Test Suites/Prova</message>
  <nestedLevel>0</nestedLevel>
</record>
</log>