[35m[Appium][39m Welcome to Appium v1.8.1
[35m[Appium][39m Non-default server args:
[35m[Appium][39m   port: 65364
[35m[Appium][39m   loglevel: info
[35m[Appium][39m   chromeDriverPort: 65365
[35m[Appium][39m   tmpDir: C:\Users\marco\AppData\Local\Temp\\Katalon\Appium\Temp1551280623619
[35m[Appium][39m Appium REST http interface listener started on 0.0.0.0:65364
[35m[HTTP][39m [37m-->[39m [37mGET[39m [37m/wd/hub/status[39m
[35m[HTTP][39m [90m{}[39m
[35m[HTTP][39m [37m<-- GET /wd/hub/status [39m[32m200[39m [90m56 ms - 83[39m
[35m[HTTP][39m [90m[39m
[35m[HTTP][39m [37m-->[39m [37mPOST[39m [37m/wd/hub/session[39m
[35m[HTTP][39m [90m{"desiredCapabilities":{"app":"C:\\Users\\MSA-testautomation\\59.apk","autoGrantPermissions":true,"automationName":"uiautomator2","deviceName":"samsung SM-G935F (Android 8.0.0)","fullReset":false,"newCommandTimeout":1800,"noReset":true,"platform":"ANDROID","platformName":"Android","udid":"9885f7504651473733"},"capabilities":{"desiredCapabilities":{"app":"C:\\Users\\MSA-testautomation\\59.apk","autoGrantPermissions":true,"automationName":"uiautomator2","deviceName":"samsung SM-G935F (Android 8.0.0)","fullReset":false,"newCommandTimeout":1800,"noReset":true,"platform":"ANDROID","platformName":"Android","udid":"9885f7504651473733"},"firstMatch":[{"platformName":"android"}]}}[39m
[35m[Appium][39m Could not parse W3C capabilities: 'deviceName' can't be blank. Falling back to JSONWP protocol.
[35m[Appium][39m The following capabilities were provided in the JSONWP desired capabilities that are missing in W3C capabilities: ["app","autoGrantPermissions","automationName","deviceName","fullReset","newCommandTimeout","noReset","platform","platformName","udid"]. Falling back to JSONWP protocol.
[35m[Appium][39m Creating new AndroidUiautomator2Driver (v1.12.0) session
[35m[Appium][39m Capabilities:
[35m[Appium][39m   app: C:\Users\MSA-testautomation\59.apk
[35m[Appium][39m   autoGrantPermissions: true
[35m[Appium][39m   automationName: uiautomator2
[35m[Appium][39m   deviceName: samsung SM-G935F (Android 8.0.0)
[35m[Appium][39m   fullReset: false
[35m[Appium][39m   newCommandTimeout: 1800
[35m[Appium][39m   noReset: true
[35m[Appium][39m   platform: ANDROID
[35m[Appium][39m   platformName: Android
[35m[Appium][39m   udid: 9885f7504651473733
[35m[BaseDriver][39m The following capabilities were provided, but are not recognized by appium: platform.
[35m[BaseDriver][39m Session created with session id: f2f07f6c-aa13-4efb-bb54-0ae42e5f1be7
[35m[BaseDriver][39m Using local app 'C:\Users\MSA-testautomation\59.apk'
[35m[AndroidDriver][39m Java version is: 1.8.0_181
[35m[ADB][39m Checking whether adb is present
[35m[ADB][39m Found 1 'build-tools' folders under 'C:\Users\marco\.katalon\tools\android_sdk' (newest first):
[35m[ADB][39m     C:/Users/marco/.katalon/tools/android_sdk/build-tools/28.0.3
[35m[ADB][39m Using adb.exe from C:\Users\marco\.katalon\tools\android_sdk\platform-tools\adb.exe
[35m[AndroidDriver][39m Retrieving device list
[35m[AndroidDriver][39m Using device: 9885f7504651473733
[35m[ADB][39m Using the alternative activity name detection method because of: Could not find apkanalyzer.bat in C:\Users\marco\.katalon\tools\android_sdk\platform-tools\apkanalyzer.bat,C:\Users\marco\.katalon\tools\android_sdk\emulator\apkanalyzer.bat,C:\Users\marco\.katalon\tools\android_sdk\tools\apkanalyzer.bat,C:\Users\marco\.katalon\tools\android_sdk\tools\bin\apkanalyzer.bat,C:\Users\marco\.katalon\tools\android_sdk\build-tools\28.0.3\apkanalyzer.bat. Do you have the Android SDK installed at 'C:\Users\marco\.katalon\tools\android_sdk'?
[35m[ADB][39m Checking whether aapt is present
[35m[ADB][39m Using aapt.exe from C:\Users\marco\.katalon\tools\android_sdk\build-tools\28.0.3\aapt.exe
[35m[ADB][39m Extracting package and launch activity from manifest
[35m[ADB][39m Package name: 'it.sky.msa'
[35m[ADB][39m Main activity name: 'it.sky.msa.welcome.SplashActivity'
[35m[ADB][39m Getting device platform version
[35m[ADB][39m Using apksigner.bat from C:\Users\marco\.katalon\tools\android_sdk\build-tools\28.0.3\apksigner.bat
[35m[ADB][39m Checking whether zipalign is present
[35m[ADB][39m Using zipalign.exe from C:\Users\marco\.katalon\tools\android_sdk\build-tools\28.0.3\zipalign.exe
[35m[ADB][39m io.appium.uiautomator2.server was successfully uninstalled
[35m[ADB][39m io.appium.uiautomator2.server.test was successfully uninstalled
[35m[AndroidDriver][39m setDeviceLanguageCountry requires language or country.
[35m[AndroidDriver][39m Got language: 'null' and country: 'null'
[35m[ADB][39m Successfully extracted 218 strings from 'C:\Users\MSA-testautomation\59.apk' resources for '(default)' configuration
[35m[UiAutomator2][39m Starting uiautomator2 server 1.12.0
[35m[UiAutomator2][39m Using UIAutomator2 server from 'C:\Users\marco\AppData\Roaming\npm\node_modules\appium\node_modules\appium-uiautomator2-server\apks\appium-uiautomator2-server-v1.12.0.apk' and test from 'C:\Users\marco\AppData\Roaming\npm\node_modules\appium\node_modules\appium-uiautomator2-server\apks\appium-uiautomator2-server-debug-androidTest.apk'
[35m[UiAutomator2][39m Running command: 'adb -s 9885f7504651473733 shell am instrument -w io.appium.uiautomator2.server.test/android.support.test.runner.AndroidJUnitRunner'
[35m[UiAutomator2][39m Waiting up to 20000ms for UiAutomator2 to be online...
[35m[AndroidDriver][39m Screen already unlocked, doing nothing
[35m[UiAutomator2][39m UiAutomator2 did not start the activity we were waiting for, 'it.sky.msa/it.sky.msa.welcome.SplashActivity'. Starting it ourselves
[35m[Appium][39m New AndroidUiautomator2Driver session created successfully, session f2f07f6c-aa13-4efb-bb54-0ae42e5f1be7 added to master session list
[35m[HTTP][39m [37m<-- POST /wd/hub/session [39m[32m200[39m [90m22086 ms - 1133[39m
[35m[HTTP][39m [90m[39m
[35m[HTTP][39m [37m-->[39m [37mGET[39m [37m/wd/hub/status[39m
[35m[HTTP][39m [90m{}[39m
[35m[HTTP][39m [37m<-- GET /wd/hub/status [39m[32m200[39m [90m42 ms - 55[39m
[35m[HTTP][39m [90m[39m
[35m[HTTP][39m [37m-->[39m [37mPOST[39m [37m/wd/hub/session/f2f07f6c-aa13-4efb-bb54-0ae42e5f1be7/timeouts[39m
[35m[HTTP][39m [90m{"type":"implicit","ms":60000}[39m
[35m[HTTP][39m [37m<-- POST /wd/hub/session/f2f07f6c-aa13-4efb-bb54-0ae42e5f1be7/timeouts [39m[33m400[39m [90m17 ms - 5204[39m
[35m[HTTP][39m [90m[39m
[35m[HTTP][39m [37m-->[39m [37mGET[39m [37m/wd/hub/session/f2f07f6c-aa13-4efb-bb54-0ae42e5f1be7/window/current/size[39m
[35m[HTTP][39m [90m{}[39m
[35m[W3C][39m Driver proxy active, passing request on via HTTP proxy
[35m[JSONWP Proxy][39m Replacing sessionId de4b8523-8d17-4f42-95dd-f7a6d8bbb4ab with f2f07f6c-aa13-4efb-bb54-0ae42e5f1be7
[35m[HTTP][39m [37m<-- GET /wd/hub/session/f2f07f6c-aa13-4efb-bb54-0ae42e5f1be7/window/current/size [39m[32m200[39m [90m40 ms - 100[39m
[35m[HTTP][39m [90m[39m
[35m[HTTP][39m [37m-->[39m [37mPOST[39m [37m/wd/hub/session/f2f07f6c-aa13-4efb-bb54-0ae42e5f1be7/elements[39m
[35m[HTTP][39m [90m{"using":"-android uiautomator","value":"new UiSelector().className(\"android.widget.TextView\").text(\"Home\").resourceId(\"it.sky.msa:id/title\").instance(4)"}[39m
[35m[HTTP][39m [37m<-- POST /wd/hub/session/f2f07f6c-aa13-4efb-bb54-0ae42e5f1be7/elements [39m[32m200[39m [90m283 ms - 74[39m
[35m[HTTP][39m [90m[39m
[35m[HTTP][39m [37m-->[39m [37mPOST[39m [37m/wd/hub/session/f2f07f6c-aa13-4efb-bb54-0ae42e5f1be7/elements[39m
[35m[HTTP][39m [90m{"using":"-android uiautomator","value":"new UiSelector().className(\"android.widget.TextView\").text(\"Home\").resourceId(\"it.sky.msa:id/title\").instance(4)"}[39m
[35m[HTTP][39m [37m<-- POST /wd/hub/session/f2f07f6c-aa13-4efb-bb54-0ae42e5f1be7/elements [39m[32m200[39m [90m68 ms - 74[39m
[35m[HTTP][39m [90m[39m
[35m[HTTP][39m [37m-->[39m [37mPOST[39m [37m/wd/hub/session/f2f07f6c-aa13-4efb-bb54-0ae42e5f1be7/elements[39m
[35m[HTTP][39m [90m{"using":"-android uiautomator","value":"new UiSelector().className(\"android.widget.TextView\").text(\"Home\").resourceId(\"it.sky.msa:id/title\").instance(4)"}[39m
[35m[HTTP][39m [37m<-- POST /wd/hub/session/f2f07f6c-aa13-4efb-bb54-0ae42e5f1be7/elements [39m[32m200[39m [90m68 ms - 74[39m
[35m[HTTP][39m [90m[39m
[35m[HTTP][39m [37m-->[39m [37mPOST[39m [37m/wd/hub/session/f2f07f6c-aa13-4efb-bb54-0ae42e5f1be7/elements[39m
[35m[HTTP][39m [90m{"using":"-android uiautomator","value":"new UiSelector().className(\"android.widget.TextView\").text(\"Home\").resourceId(\"it.sky.msa:id/title\").instance(4)"}[39m
[35m[HTTP][39m [37m<-- POST /wd/hub/session/f2f07f6c-aa13-4efb-bb54-0ae42e5f1be7/elements [39m[32m200[39m [90m51 ms - 74[39m
[35m[HTTP][39m [90m[39m
[35m[HTTP][39m [37m-->[39m [37mPOST[39m [37m/wd/hub/session/f2f07f6c-aa13-4efb-bb54-0ae42e5f1be7/elements[39m
[35m[HTTP][39m [90m{"using":"-android uiautomator","value":"new UiSelector().className(\"android.widget.TextView\").text(\"Home\").resourceId(\"it.sky.msa:id/title\").instance(4)"}[39m
[35m[HTTP][39m [37m<-- POST /wd/hub/session/f2f07f6c-aa13-4efb-bb54-0ae42e5f1be7/elements [39m[32m200[39m [90m60 ms - 74[39m
[35m[HTTP][39m [90m[39m
[35m[HTTP][39m [37m-->[39m [37mPOST[39m [37m/wd/hub/session/f2f07f6c-aa13-4efb-bb54-0ae42e5f1be7/elements[39m
[35m[HTTP][39m [90m{"using":"-android uiautomator","value":"new UiSelector().className(\"android.widget.TextView\").text(\"Home\").resourceId(\"it.sky.msa:id/title\").instance(4)"}[39m
[35m[HTTP][39m [37m<-- POST /wd/hub/session/f2f07f6c-aa13-4efb-bb54-0ae42e5f1be7/elements [39m[32m200[39m [90m58 ms - 74[39m
[35m[HTTP][39m [90m[39m
[35m[HTTP][39m [37m-->[39m [37mPOST[39m [37m/wd/hub/session/f2f07f6c-aa13-4efb-bb54-0ae42e5f1be7/elements[39m
[35m[HTTP][39m [90m{"using":"-android uiautomator","value":"new UiSelector().className(\"android.widget.TextView\").text(\"Home\").resourceId(\"it.sky.msa:id/title\").instance(4)"}[39m
[35m[HTTP][39m [37m<-- POST /wd/hub/session/f2f07f6c-aa13-4efb-bb54-0ae42e5f1be7/elements [39m[32m200[39m [90m65 ms - 74[39m
[35m[HTTP][39m [90m[39m
[35m[HTTP][39m [37m-->[39m [37mPOST[39m [37m/wd/hub/session/f2f07f6c-aa13-4efb-bb54-0ae42e5f1be7/elements[39m
[35m[HTTP][39m [90m{"using":"-android uiautomator","value":"new UiSelector().className(\"android.widget.TextView\").text(\"Home\").resourceId(\"it.sky.msa:id/title\").instance(4)"}[39m
[35m[HTTP][39m [37m<-- POST /wd/hub/session/f2f07f6c-aa13-4efb-bb54-0ae42e5f1be7/elements [39m[32m200[39m [90m94 ms - 74[39m
[35m[HTTP][39m [90m[39m
[35m[HTTP][39m [37m-->[39m [37mPOST[39m [37m/wd/hub/session/f2f07f6c-aa13-4efb-bb54-0ae42e5f1be7/elements[39m
[35m[HTTP][39m [90m{"using":"-android uiautomator","value":"new UiSelector().className(\"android.widget.TextView\").text(\"Home\").resourceId(\"it.sky.msa:id/title\").instance(4)"}[39m
[35m[HTTP][39m [37m<-- POST /wd/hub/session/f2f07f6c-aa13-4efb-bb54-0ae42e5f1be7/elements [39m[32m200[39m [90m65 ms - 74[39m
[35m[HTTP][39m [90m[39m
[35m[HTTP][39m [37m-->[39m [37mPOST[39m [37m/wd/hub/session/f2f07f6c-aa13-4efb-bb54-0ae42e5f1be7/elements[39m
[35m[HTTP][39m [90m{"using":"-android uiautomator","value":"new UiSelector().className(\"android.widget.TextView\").text(\"Home\").resourceId(\"it.sky.msa:id/title\").instance(4)"}[39m
[35m[HTTP][39m [37m<-- POST /wd/hub/session/f2f07f6c-aa13-4efb-bb54-0ae42e5f1be7/elements [39m[32m200[39m [90m68 ms - 74[39m
[35m[HTTP][39m [90m[39m
[35m[HTTP][39m [37m-->[39m [37mPOST[39m [37m/wd/hub/session/f2f07f6c-aa13-4efb-bb54-0ae42e5f1be7/elements[39m
[35m[HTTP][39m [90m{"using":"-android uiautomator","value":"new UiSelector().className(\"android.widget.TextView\").text(\"Home\").resourceId(\"it.sky.msa:id/title\").instance(4)"}[39m
[35m[HTTP][39m [37m<-- POST /wd/hub/session/f2f07f6c-aa13-4efb-bb54-0ae42e5f1be7/elements [39m[32m200[39m [90m72 ms - 74[39m
[35m[HTTP][39m [90m[39m
[35m[HTTP][39m [37m-->[39m [37mPOST[39m [37m/wd/hub/session/f2f07f6c-aa13-4efb-bb54-0ae42e5f1be7/elements[39m
[35m[HTTP][39m [90m{"using":"-android uiautomator","value":"new UiSelector().className(\"android.widget.TextView\").text(\"Home\").resourceId(\"it.sky.msa:id/title\").instance(4)"}[39m
[35m[HTTP][39m [37m<-- POST /wd/hub/session/f2f07f6c-aa13-4efb-bb54-0ae42e5f1be7/elements [39m[32m200[39m [90m74 ms - 74[39m
[35m[HTTP][39m [90m[39m
[35m[HTTP][39m [37m-->[39m [37mPOST[39m [37m/wd/hub/session/f2f07f6c-aa13-4efb-bb54-0ae42e5f1be7/elements[39m
[35m[HTTP][39m [90m{"using":"-android uiautomator","value":"new UiSelector().className(\"android.widget.TextView\").text(\"Home\").resourceId(\"it.sky.msa:id/title\").instance(4)"}[39m
[35m[HTTP][39m [37m<-- POST /wd/hub/session/f2f07f6c-aa13-4efb-bb54-0ae42e5f1be7/elements [39m[32m200[39m [90m77 ms - 74[39m
[35m[HTTP][39m [90m[39m
[35m[HTTP][39m [37m-->[39m [37mPOST[39m [37m/wd/hub/session/f2f07f6c-aa13-4efb-bb54-0ae42e5f1be7/elements[39m
[35m[HTTP][39m [90m{"using":"-android uiautomator","value":"new UiSelector().className(\"android.widget.TextView\").text(\"Home\").resourceId(\"it.sky.msa:id/title\").instance(4)"}[39m
[35m[HTTP][39m [37m<-- POST /wd/hub/session/f2f07f6c-aa13-4efb-bb54-0ae42e5f1be7/elements [39m[32m200[39m [90m81 ms - 74[39m
[35m[HTTP][39m [90m[39m
[35m[HTTP][39m [37m-->[39m [37mPOST[39m [37m/wd/hub/session/f2f07f6c-aa13-4efb-bb54-0ae42e5f1be7/elements[39m
[35m[HTTP][39m [90m{"using":"-android uiautomator","value":"new UiSelector().className(\"android.widget.TextView\").text(\"Home\").resourceId(\"it.sky.msa:id/title\").instance(4)"}[39m
[35m[HTTP][39m [37m<-- POST /wd/hub/session/f2f07f6c-aa13-4efb-bb54-0ae42e5f1be7/elements [39m[32m200[39m [90m79 ms - 74[39m
[35m[HTTP][39m [90m[39m
[35m[HTTP][39m [37m-->[39m [37mPOST[39m [37m/wd/hub/session/f2f07f6c-aa13-4efb-bb54-0ae42e5f1be7/elements[39m
[35m[HTTP][39m [90m{"using":"-android uiautomator","value":"new UiSelector().className(\"android.widget.TextView\").text(\"Home\").resourceId(\"it.sky.msa:id/title\").instance(4)"}[39m
[35m[HTTP][39m [37m<-- POST /wd/hub/session/f2f07f6c-aa13-4efb-bb54-0ae42e5f1be7/elements [39m[32m200[39m [90m47 ms - 74[39m
[35m[HTTP][39m [90m[39m
[35m[HTTP][39m [37m-->[39m [37mPOST[39m [37m/wd/hub/session/f2f07f6c-aa13-4efb-bb54-0ae42e5f1be7/elements[39m
[35m[HTTP][39m [90m{"using":"-android uiautomator","value":"new UiSelector().className(\"android.widget.TextView\").text(\"Home\").resourceId(\"it.sky.msa:id/title\").instance(4)"}[39m
[35m[HTTP][39m [37m<-- POST /wd/hub/session/f2f07f6c-aa13-4efb-bb54-0ae42e5f1be7/elements [39m[32m200[39m [90m62 ms - 74[39m
[35m[HTTP][39m [90m[39m
[35m[HTTP][39m [37m-->[39m [37mPOST[39m [37m/wd/hub/session/f2f07f6c-aa13-4efb-bb54-0ae42e5f1be7/elements[39m
[35m[HTTP][39m [90m{"using":"-android uiautomator","value":"new UiSelector().className(\"android.widget.TextView\").text(\"Home\").resourceId(\"it.sky.msa:id/title\").instance(4)"}[39m
[35m[HTTP][39m [37m<-- POST /wd/hub/session/f2f07f6c-aa13-4efb-bb54-0ae42e5f1be7/elements [39m[32m200[39m [90m103 ms - 74[39m
[35m[HTTP][39m [90m[39m
[35m[HTTP][39m [37m-->[39m [37mPOST[39m [37m/wd/hub/session/f2f07f6c-aa13-4efb-bb54-0ae42e5f1be7/elements[39m
[35m[HTTP][39m [90m{"using":"-android uiautomator","value":"new UiSelector().className(\"android.widget.TextView\").text(\"Home\").resourceId(\"it.sky.msa:id/title\").instance(4)"}[39m
[35m[HTTP][39m [37m<-- POST /wd/hub/session/f2f07f6c-aa13-4efb-bb54-0ae42e5f1be7/elements [39m[32m200[39m [90m83 ms - 74[39m
[35m[HTTP][39m [90m[39m
[35m[HTTP][39m [37m-->[39m [37mPOST[39m [37m/wd/hub/session/f2f07f6c-aa13-4efb-bb54-0ae42e5f1be7/elements[39m
[35m[HTTP][39m [90m{"using":"-android uiautomator","value":"new UiSelector().className(\"android.widget.TextView\").text(\"Home\").resourceId(\"it.sky.msa:id/title\").instance(4)"}[39m
[35m[HTTP][39m [37m<-- POST /wd/hub/session/f2f07f6c-aa13-4efb-bb54-0ae42e5f1be7/elements [39m[32m200[39m [90m96 ms - 74[39m
[35m[HTTP][39m [90m[39m
[35m[HTTP][39m [37m-->[39m [37mPOST[39m [37m/wd/hub/session/f2f07f6c-aa13-4efb-bb54-0ae42e5f1be7/elements[39m
[35m[HTTP][39m [90m{"using":"-android uiautomator","value":"new UiSelector().className(\"android.widget.TextView\").text(\"Home\").resourceId(\"it.sky.msa:id/title\").instance(4)"}[39m
[35m[HTTP][39m [37m<-- POST /wd/hub/session/f2f07f6c-aa13-4efb-bb54-0ae42e5f1be7/elements [39m[32m200[39m [90m79 ms - 74[39m
[35m[HTTP][39m [90m[39m
[35m[HTTP][39m [37m-->[39m [37mPOST[39m [37m/wd/hub/session/f2f07f6c-aa13-4efb-bb54-0ae42e5f1be7/elements[39m
[35m[HTTP][39m [90m{"using":"-android uiautomator","value":"new UiSelector().className(\"android.widget.TextView\").text(\"Home\").resourceId(\"it.sky.msa:id/title\").instance(4)"}[39m
[35m[HTTP][39m [37m<-- POST /wd/hub/session/f2f07f6c-aa13-4efb-bb54-0ae42e5f1be7/elements [39m[32m200[39m [90m74 ms - 74[39m
[35m[HTTP][39m [90m[39m
[35m[HTTP][39m [37m-->[39m [37mPOST[39m [37m/wd/hub/session/f2f07f6c-aa13-4efb-bb54-0ae42e5f1be7/elements[39m
[35m[HTTP][39m [90m{"using":"-android uiautomator","value":"new UiSelector().className(\"android.widget.TextView\").text(\"Home\").resourceId(\"it.sky.msa:id/title\").instance(4)"}[39m
[35m[HTTP][39m [37m<-- POST /wd/hub/session/f2f07f6c-aa13-4efb-bb54-0ae42e5f1be7/elements [39m[32m200[39m [90m63 ms - 74[39m
[35m[HTTP][39m [90m[39m
[35m[HTTP][39m [37m-->[39m [37mPOST[39m [37m/wd/hub/session/f2f07f6c-aa13-4efb-bb54-0ae42e5f1be7/elements[39m
[35m[HTTP][39m [90m{"using":"-android uiautomator","value":"new UiSelector().className(\"android.widget.TextView\").text(\"Home\").resourceId(\"it.sky.msa:id/title\").instance(4)"}[39m
[35m[HTTP][39m [37m<-- POST /wd/hub/session/f2f07f6c-aa13-4efb-bb54-0ae42e5f1be7/elements [39m[32m200[39m [90m61 ms - 74[39m
[35m[HTTP][39m [90m[39m
[35m[HTTP][39m [37m-->[39m [37mPOST[39m [37m/wd/hub/session/f2f07f6c-aa13-4efb-bb54-0ae42e5f1be7/elements[39m
[35m[HTTP][39m [90m{"using":"-android uiautomator","value":"new UiSelector().className(\"android.widget.TextView\").text(\"Home\").resourceId(\"it.sky.msa:id/title\").instance(4)"}[39m
[35m[HTTP][39m [37m<-- POST /wd/hub/session/f2f07f6c-aa13-4efb-bb54-0ae42e5f1be7/elements [39m[32m200[39m [90m69 ms - 74[39m
[35m[HTTP][39m [90m[39m
[35m[HTTP][39m [37m-->[39m [37mPOST[39m [37m/wd/hub/session/f2f07f6c-aa13-4efb-bb54-0ae42e5f1be7/elements[39m
[35m[HTTP][39m [90m{"using":"-android uiautomator","value":"new UiSelector().className(\"android.widget.TextView\").text(\"Home\").resourceId(\"it.sky.msa:id/title\").instance(4)"}[39m
[35m[HTTP][39m [37m<-- POST /wd/hub/session/f2f07f6c-aa13-4efb-bb54-0ae42e5f1be7/elements [39m[32m200[39m [90m70 ms - 74[39m
[35m[HTTP][39m [90m[39m
[35m[HTTP][39m [37m-->[39m [37mPOST[39m [37m/wd/hub/session/f2f07f6c-aa13-4efb-bb54-0ae42e5f1be7/elements[39m
[35m[HTTP][39m [90m{"using":"-android uiautomator","value":"new UiSelector().className(\"android.widget.TextView\").text(\"Home\").resourceId(\"it.sky.msa:id/title\").instance(4)"}[39m
[35m[HTTP][39m [37m<-- POST /wd/hub/session/f2f07f6c-aa13-4efb-bb54-0ae42e5f1be7/elements [39m[32m200[39m [90m66 ms - 74[39m
[35m[HTTP][39m [90m[39m
[35m[HTTP][39m [37m-->[39m [37mPOST[39m [37m/wd/hub/session/f2f07f6c-aa13-4efb-bb54-0ae42e5f1be7/elements[39m
[35m[HTTP][39m [90m{"using":"-android uiautomator","value":"new UiSelector().className(\"android.widget.TextView\").text(\"Home\").resourceId(\"it.sky.msa:id/title\").instance(4)"}[39m
[35m[HTTP][39m [37m<-- POST /wd/hub/session/f2f07f6c-aa13-4efb-bb54-0ae42e5f1be7/elements [39m[32m200[39m [90m61 ms - 74[39m
[35m[HTTP][39m [90m[39m
[35m[HTTP][39m [37m-->[39m [37mPOST[39m [37m/wd/hub/session/f2f07f6c-aa13-4efb-bb54-0ae42e5f1be7/elements[39m
[35m[HTTP][39m [90m{"using":"-android uiautomator","value":"new UiSelector().className(\"android.widget.TextView\").text(\"Home\").resourceId(\"it.sky.msa:id/title\").instance(4)"}[39m
[35m[HTTP][39m [37m<-- POST /wd/hub/session/f2f07f6c-aa13-4efb-bb54-0ae42e5f1be7/elements [39m[32m200[39m [90m93 ms - 74[39m
[35m[HTTP][39m [90m[39m
[35m[HTTP][39m [37m-->[39m [37mPOST[39m [37m/wd/hub/session/f2f07f6c-aa13-4efb-bb54-0ae42e5f1be7/elements[39m
[35m[HTTP][39m [90m{"using":"-android uiautomator","value":"new UiSelector().className(\"android.widget.TextView\").text(\"Home\").resourceId(\"it.sky.msa:id/title\").instance(4)"}[39m
[35m[HTTP][39m [37m<-- POST /wd/hub/session/f2f07f6c-aa13-4efb-bb54-0ae42e5f1be7/elements [39m[32m200[39m [90m62 ms - 74[39m
[35m[HTTP][39m [90m[39m
[35m[HTTP][39m [37m-->[39m [37mPOST[39m [37m/wd/hub/session/f2f07f6c-aa13-4efb-bb54-0ae42e5f1be7/elements[39m
[35m[HTTP][39m [90m{"using":"-android uiautomator","value":"new UiSelector().className(\"android.widget.TextView\").text(\"Home\").resourceId(\"it.sky.msa:id/title\").instance(4)"}[39m
[35m[HTTP][39m [37m<-- POST /wd/hub/session/f2f07f6c-aa13-4efb-bb54-0ae42e5f1be7/elements [39m[32m200[39m [90m66 ms - 74[39m
[35m[HTTP][39m [90m[39m
[35m[HTTP][39m [37m-->[39m [37mPOST[39m [37m/wd/hub/session/f2f07f6c-aa13-4efb-bb54-0ae42e5f1be7/elements[39m
[35m[HTTP][39m [90m{"using":"-android uiautomator","value":"new UiSelector().className(\"android.widget.TextView\").text(\"Home\").resourceId(\"it.sky.msa:id/title\").instance(4)"}[39m
[35m[HTTP][39m [37m<-- POST /wd/hub/session/f2f07f6c-aa13-4efb-bb54-0ae42e5f1be7/elements [39m[32m200[39m [90m63 ms - 74[39m
[35m[HTTP][39m [90m[39m
[35m[HTTP][39m [37m-->[39m [37mPOST[39m [37m/wd/hub/session/f2f07f6c-aa13-4efb-bb54-0ae42e5f1be7/elements[39m
[35m[HTTP][39m [90m{"using":"-android uiautomator","value":"new UiSelector().className(\"android.widget.TextView\").text(\"Home\").resourceId(\"it.sky.msa:id/title\").instance(4)"}[39m
[35m[HTTP][39m [37m<-- POST /wd/hub/session/f2f07f6c-aa13-4efb-bb54-0ae42e5f1be7/elements [39m[32m200[39m [90m54 ms - 74[39m
[35m[HTTP][39m [90m[39m
[35m[HTTP][39m [37m-->[39m [37mPOST[39m [37m/wd/hub/session/f2f07f6c-aa13-4efb-bb54-0ae42e5f1be7/elements[39m
[35m[HTTP][39m [90m{"using":"-android uiautomator","value":"new UiSelector().className(\"android.widget.TextView\").text(\"Home\").resourceId(\"it.sky.msa:id/title\").instance(4)"}[39m
[35m[HTTP][39m [37m<-- POST /wd/hub/session/f2f07f6c-aa13-4efb-bb54-0ae42e5f1be7/elements [39m[32m200[39m [90m119 ms - 74[39m
[35m[HTTP][39m [90m[39m
[35m[HTTP][39m [37m-->[39m [37mPOST[39m [37m/wd/hub/session/f2f07f6c-aa13-4efb-bb54-0ae42e5f1be7/elements[39m
[35m[HTTP][39m [90m{"using":"-android uiautomator","value":"new UiSelector().className(\"android.widget.TextView\").text(\"Home\").resourceId(\"it.sky.msa:id/title\").instance(4)"}[39m
[35m[HTTP][39m [37m<-- POST /wd/hub/session/f2f07f6c-aa13-4efb-bb54-0ae42e5f1be7/elements [39m[32m200[39m [90m172 ms - 74[39m
[35m[HTTP][39m [90m[39m
[35m[HTTP][39m [37m-->[39m [37mPOST[39m [37m/wd/hub/session/f2f07f6c-aa13-4efb-bb54-0ae42e5f1be7/elements[39m
[35m[HTTP][39m [90m{"using":"-android uiautomator","value":"new UiSelector().className(\"android.widget.TextView\").text(\"Home\").resourceId(\"it.sky.msa:id/title\").instance(4)"}[39m
[35m[HTTP][39m [37m<-- POST /wd/hub/session/f2f07f6c-aa13-4efb-bb54-0ae42e5f1be7/elements [39m[32m200[39m [90m753 ms - 124[39m
[35m[HTTP][39m [90m[39m
[35m[HTTP][39m [37m-->[39m [37mGET[39m [37m/wd/hub/session/f2f07f6c-aa13-4efb-bb54-0ae42e5f1be7[39m
[35m[HTTP][39m [90m{}[39m
[35m[HTTP][39m [37m<-- GET /wd/hub/session/f2f07f6c-aa13-4efb-bb54-0ae42e5f1be7 [39m[32m200[39m [90m31 ms - 1133[39m
[35m[HTTP][39m [90m[39m
[35m[HTTP][39m [37m-->[39m [37mGET[39m [37m/wd/hub/session/f2f07f6c-aa13-4efb-bb54-0ae42e5f1be7[39m
[35m[HTTP][39m [90m{}[39m
[35m[HTTP][39m [37m<-- GET /wd/hub/session/f2f07f6c-aa13-4efb-bb54-0ae42e5f1be7 [39m[32m200[39m [90m29 ms - 1133[39m
[35m[HTTP][39m [90m[39m
[35m[HTTP][39m [37m-->[39m [37mGET[39m [37m/wd/hub/session/f2f07f6c-aa13-4efb-bb54-0ae42e5f1be7[39m
[35m[HTTP][39m [90m{}[39m
[35m[HTTP][39m [37m<-- GET /wd/hub/session/f2f07f6c-aa13-4efb-bb54-0ae42e5f1be7 [39m[32m200[39m [90m28 ms - 1133[39m
[35m[HTTP][39m [90m[39m
[35m[HTTP][39m [37m-->[39m [37mGET[39m [37m/wd/hub/session/f2f07f6c-aa13-4efb-bb54-0ae42e5f1be7[39m
[35m[HTTP][39m [90m{}[39m
[35m[HTTP][39m [37m<-- GET /wd/hub/session/f2f07f6c-aa13-4efb-bb54-0ae42e5f1be7 [39m[32m200[39m [90m31 ms - 1133[39m
[35m[HTTP][39m [90m[39m
[35m[HTTP][39m [37m-->[39m [37mGET[39m [37m/wd/hub/session/f2f07f6c-aa13-4efb-bb54-0ae42e5f1be7/element/c9d939cd-aee2-49fa-980d-9ef74fd1408c/location[39m
[35m[HTTP][39m [90m{}[39m
[35m[W3C][39m Driver proxy active, passing request on via HTTP proxy
[35m[JSONWP Proxy][39m Replacing sessionId de4b8523-8d17-4f42-95dd-f7a6d8bbb4ab with f2f07f6c-aa13-4efb-bb54-0ae42e5f1be7
[35m[HTTP][39m [37m<-- GET /wd/hub/session/f2f07f6c-aa13-4efb-bb54-0ae42e5f1be7/element/c9d939cd-aee2-49fa-980d-9ef74fd1408c/location [39m[32m200[39m [90m61 ms - 89[39m
[35m[HTTP][39m [90m[39m
[35m[HTTP][39m [37m-->[39m [37mGET[39m [37m/wd/hub/session/f2f07f6c-aa13-4efb-bb54-0ae42e5f1be7/window/current/size[39m
[35m[HTTP][39m [90m{}[39m
[35m[W3C][39m Driver proxy active, passing request on via HTTP proxy
[35m[JSONWP Proxy][39m Replacing sessionId de4b8523-8d17-4f42-95dd-f7a6d8bbb4ab with f2f07f6c-aa13-4efb-bb54-0ae42e5f1be7
[35m[HTTP][39m [37m<-- GET /wd/hub/session/f2f07f6c-aa13-4efb-bb54-0ae42e5f1be7/window/current/size [39m[32m200[39m [90m33 ms - 100[39m
[35m[HTTP][39m [90m[39m
[35m[HTTP][39m [37m-->[39m [37mPOST[39m [37m/wd/hub/session/f2f07f6c-aa13-4efb-bb54-0ae42e5f1be7/elements[39m
[35m[HTTP][39m [90m{"using":"-android uiautomator","value":"new UiSelector().className(\"android.widget.TextView\").text(\"Guida TV\").resourceId(\"it.sky.msa:id/title\").instance(5)"}[39m
[35m[HTTP][39m [37m<-- POST /wd/hub/session/f2f07f6c-aa13-4efb-bb54-0ae42e5f1be7/elements [39m[32m200[39m [90m174 ms - 124[39m
[35m[HTTP][39m [90m[39m
[35m[HTTP][39m [37m-->[39m [37mGET[39m [37m/wd/hub/session/f2f07f6c-aa13-4efb-bb54-0ae42e5f1be7[39m
[35m[HTTP][39m [90m{}[39m
[35m[HTTP][39m [37m<-- GET /wd/hub/session/f2f07f6c-aa13-4efb-bb54-0ae42e5f1be7 [39m[32m200[39m [90m36 ms - 1133[39m
[35m[HTTP][39m [90m[39m
[35m[HTTP][39m [37m-->[39m [37mGET[39m [37m/wd/hub/session/f2f07f6c-aa13-4efb-bb54-0ae42e5f1be7[39m
[35m[HTTP][39m [90m{}[39m
[35m[HTTP][39m [37m<-- GET /wd/hub/session/f2f07f6c-aa13-4efb-bb54-0ae42e5f1be7 [39m[32m200[39m [90m37 ms - 1133[39m
[35m[HTTP][39m [90m[39m
[35m[HTTP][39m [37m-->[39m [37mGET[39m [37m/wd/hub/session/f2f07f6c-aa13-4efb-bb54-0ae42e5f1be7[39m
[35m[HTTP][39m [90m{}[39m
[35m[HTTP][39m [37m<-- GET /wd/hub/session/f2f07f6c-aa13-4efb-bb54-0ae42e5f1be7 [39m[32m200[39m [90m25 ms - 1133[39m
[35m[HTTP][39m [90m[39m
[35m[HTTP][39m [37m-->[39m [37mGET[39m [37m/wd/hub/session/f2f07f6c-aa13-4efb-bb54-0ae42e5f1be7[39m
[35m[HTTP][39m [90m{}[39m
[35m[HTTP][39m [37m<-- GET /wd/hub/session/f2f07f6c-aa13-4efb-bb54-0ae42e5f1be7 [39m[32m200[39m [90m25 ms - 1133[39m
[35m[HTTP][39m [90m[39m
[35m[HTTP][39m [37m-->[39m [37mGET[39m [37m/wd/hub/session/f2f07f6c-aa13-4efb-bb54-0ae42e5f1be7/element/e7388941-c1ab-4449-aac4-64a679b975ac/location[39m
[35m[HTTP][39m [90m{}[39m
[35m[W3C][39m Driver proxy active, passing request on via HTTP proxy
[35m[JSONWP Proxy][39m Replacing sessionId de4b8523-8d17-4f42-95dd-f7a6d8bbb4ab with f2f07f6c-aa13-4efb-bb54-0ae42e5f1be7
[35m[HTTP][39m [37m<-- GET /wd/hub/session/f2f07f6c-aa13-4efb-bb54-0ae42e5f1be7/element/e7388941-c1ab-4449-aac4-64a679b975ac/location [39m[32m200[39m [90m62 ms - 90[39m
[35m[HTTP][39m [90m[39m
[35m[HTTP][39m [37m-->[39m [37mPOST[39m [37m/wd/hub/session/f2f07f6c-aa13-4efb-bb54-0ae42e5f1be7/touch/perform[39m
[35m[HTTP][39m [90m{"actions":[{"action":"tap","options":{"element":"e7388941-c1ab-4449-aac4-64a679b975ac","x":1,"y":1}}]}[39m
[35m[UiAutomator2][39m calling get location: e7388941-c1ab-4449-aac4-64a679b975ac
[35m[HTTP][39m [37m<-- POST /wd/hub/session/f2f07f6c-aa13-4efb-bb54-0ae42e5f1be7/touch/perform [39m[32m200[39m [90m1031 ms - 76[39m
[35m[HTTP][39m [90m[39m
[35m[HTTP][39m [37m-->[39m [37mGET[39m [37m/wd/hub/session/f2f07f6c-aa13-4efb-bb54-0ae42e5f1be7/window/current/size[39m
[35m[HTTP][39m [90m{}[39m
[35m[W3C][39m Driver proxy active, passing request on via HTTP proxy
[35m[JSONWP Proxy][39m Replacing sessionId de4b8523-8d17-4f42-95dd-f7a6d8bbb4ab with f2f07f6c-aa13-4efb-bb54-0ae42e5f1be7
[35m[HTTP][39m [37m<-- GET /wd/hub/session/f2f07f6c-aa13-4efb-bb54-0ae42e5f1be7/window/current/size [39m[32m200[39m [90m42 ms - 100[39m
[35m[HTTP][39m [90m[39m
[35m[HTTP][39m [37m-->[39m [37mPOST[39m [37m/wd/hub/session/f2f07f6c-aa13-4efb-bb54-0ae42e5f1be7/elements[39m
[35m[HTTP][39m [90m{"using":"-android uiautomator","value":"new UiSelector().className(\"android.widget.ImageView\").resourceId(\"it.sky.msa:id/heroImageImageView\").packageName(\"it.sky.msa\").instance(0)"}[39m
[35m[HTTP][39m [37m<-- POST /wd/hub/session/f2f07f6c-aa13-4efb-bb54-0ae42e5f1be7/elements [39m[32m200[39m [90m114 ms - 74[39m
[35m[HTTP][39m [90m[39m
[35m[HTTP][39m [37m-->[39m [37mPOST[39m [37m/wd/hub/session/f2f07f6c-aa13-4efb-bb54-0ae42e5f1be7/elements[39m
[35m[HTTP][39m [90m{"using":"-android uiautomator","value":"new UiSelector().className(\"android.widget.ImageView\").resourceId(\"it.sky.msa:id/heroImageImageView\").packageName(\"it.sky.msa\").instance(0)"}[39m
[35m[HTTP][39m [37m<-- POST /wd/hub/session/f2f07f6c-aa13-4efb-bb54-0ae42e5f1be7/elements [39m[32m200[39m [90m86 ms - 74[39m
[35m[HTTP][39m [90m[39m
[35m[HTTP][39m [37m-->[39m [37mPOST[39m [37m/wd/hub/session/f2f07f6c-aa13-4efb-bb54-0ae42e5f1be7/elements[39m
[35m[HTTP][39m [90m{"using":"-android uiautomator","value":"new UiSelector().className(\"android.widget.ImageView\").resourceId(\"it.sky.msa:id/heroImageImageView\").packageName(\"it.sky.msa\").instance(0)"}[39m
[35m[HTTP][39m [37m<-- POST /wd/hub/session/f2f07f6c-aa13-4efb-bb54-0ae42e5f1be7/elements [39m[32m200[39m [90m85 ms - 74[39m
[35m[HTTP][39m [90m[39m
[35m[HTTP][39m [37m-->[39m [37mPOST[39m [37m/wd/hub/session/f2f07f6c-aa13-4efb-bb54-0ae42e5f1be7/elements[39m
[35m[HTTP][39m [90m{"using":"-android uiautomator","value":"new UiSelector().className(\"android.widget.ImageView\").resourceId(\"it.sky.msa:id/heroImageImageView\").packageName(\"it.sky.msa\").instance(0)"}[39m
[35m[HTTP][39m [37m<-- POST /wd/hub/session/f2f07f6c-aa13-4efb-bb54-0ae42e5f1be7/elements [39m[32m200[39m [90m86 ms - 74[39m
[35m[HTTP][39m [90m[39m
[35m[HTTP][39m [37m-->[39m [37mPOST[39m [37m/wd/hub/session/f2f07f6c-aa13-4efb-bb54-0ae42e5f1be7/elements[39m
[35m[HTTP][39m [90m{"using":"-android uiautomator","value":"new UiSelector().className(\"android.widget.ImageView\").resourceId(\"it.sky.msa:id/heroImageImageView\").packageName(\"it.sky.msa\").instance(0)"}[39m
[35m[HTTP][39m [37m<-- POST /wd/hub/session/f2f07f6c-aa13-4efb-bb54-0ae42e5f1be7/elements [39m[32m200[39m [90m86 ms - 74[39m
[35m[HTTP][39m [90m[39m
[35m[HTTP][39m [37m-->[39m [37mPOST[39m [37m/wd/hub/session/f2f07f6c-aa13-4efb-bb54-0ae42e5f1be7/elements[39m
[35m[HTTP][39m [90m{"using":"-android uiautomator","value":"new UiSelector().className(\"android.widget.ImageView\").resourceId(\"it.sky.msa:id/heroImageImageView\").packageName(\"it.sky.msa\").instance(0)"}[39m
[35m[HTTP][39m [37m<-- POST /wd/hub/session/f2f07f6c-aa13-4efb-bb54-0ae42e5f1be7/elements [39m[32m200[39m [90m878 ms - 74[39m
[35m[HTTP][39m [90m[39m
[35m[HTTP][39m [37m-->[39m [37mPOST[39m [37m/wd/hub/session/f2f07f6c-aa13-4efb-bb54-0ae42e5f1be7/elements[39m
[35m[HTTP][39m [90m{"using":"-android uiautomator","value":"new UiSelector().className(\"android.widget.ImageView\").resourceId(\"it.sky.msa:id/heroImageImageView\").packageName(\"it.sky.msa\").instance(0)"}[39m
[35m[HTTP][39m [37m<-- POST /wd/hub/session/f2f07f6c-aa13-4efb-bb54-0ae42e5f1be7/elements [39m[32m200[39m [90m783 ms - 124[39m
[35m[HTTP][39m [90m[39m
[35m[HTTP][39m [37m-->[39m [37mGET[39m [37m/wd/hub/session/f2f07f6c-aa13-4efb-bb54-0ae42e5f1be7[39m
[35m[HTTP][39m [90m{}[39m
[35m[HTTP][39m [37m<-- GET /wd/hub/session/f2f07f6c-aa13-4efb-bb54-0ae42e5f1be7 [39m[32m200[39m [90m27 ms - 1133[39m
[35m[HTTP][39m [90m[39m
[35m[HTTP][39m [37m-->[39m [37mGET[39m [37m/wd/hub/session/f2f07f6c-aa13-4efb-bb54-0ae42e5f1be7[39m
[35m[HTTP][39m [90m{}[39m
[35m[HTTP][39m [37m<-- GET /wd/hub/session/f2f07f6c-aa13-4efb-bb54-0ae42e5f1be7 [39m[32m200[39m [90m27 ms - 1133[39m
[35m[HTTP][39m [90m[39m
[35m[HTTP][39m [37m-->[39m [37mGET[39m [37m/wd/hub/session/f2f07f6c-aa13-4efb-bb54-0ae42e5f1be7[39m
[35m[HTTP][39m [90m{}[39m
[35m[HTTP][39m [37m<-- GET /wd/hub/session/f2f07f6c-aa13-4efb-bb54-0ae42e5f1be7 [39m[32m200[39m [90m48 ms - 1133[39m
[35m[HTTP][39m [90m[39m
[35m[HTTP][39m [37m-->[39m [37mGET[39m [37m/wd/hub/session/f2f07f6c-aa13-4efb-bb54-0ae42e5f1be7[39m
[35m[HTTP][39m [90m{}[39m
[35m[HTTP][39m [37m<-- GET /wd/hub/session/f2f07f6c-aa13-4efb-bb54-0ae42e5f1be7 [39m[32m200[39m [90m49 ms - 1133[39m
[35m[HTTP][39m [90m[39m
[35m[HTTP][39m [37m-->[39m [37mGET[39m [37m/wd/hub/session/f2f07f6c-aa13-4efb-bb54-0ae42e5f1be7/element/907081ab-8022-4410-81b9-9fec1b741676/location[39m
[35m[HTTP][39m [90m{}[39m
[35m[W3C][39m Driver proxy active, passing request on via HTTP proxy
[35m[JSONWP Proxy][39m Replacing sessionId de4b8523-8d17-4f42-95dd-f7a6d8bbb4ab with f2f07f6c-aa13-4efb-bb54-0ae42e5f1be7
[35m[HTTP][39m [37m<-- GET /wd/hub/session/f2f07f6c-aa13-4efb-bb54-0ae42e5f1be7/element/907081ab-8022-4410-81b9-9fec1b741676/location [39m[32m200[39m [90m58 ms - 87[39m
[35m[HTTP][39m [90m[39m
[35m[HTTP][39m [37m-->[39m [37mGET[39m [37m/wd/hub/session/f2f07f6c-aa13-4efb-bb54-0ae42e5f1be7/window/current/size[39m
[35m[HTTP][39m [90m{}[39m
[35m[W3C][39m Driver proxy active, passing request on via HTTP proxy
[35m[JSONWP Proxy][39m Replacing sessionId de4b8523-8d17-4f42-95dd-f7a6d8bbb4ab with f2f07f6c-aa13-4efb-bb54-0ae42e5f1be7
[35m[HTTP][39m [37m<-- GET /wd/hub/session/f2f07f6c-aa13-4efb-bb54-0ae42e5f1be7/window/current/size [39m[32m200[39m [90m31 ms - 100[39m
[35m[HTTP][39m [90m[39m
[35m[HTTP][39m [37m-->[39m [37mPOST[39m [37m/wd/hub/session/f2f07f6c-aa13-4efb-bb54-0ae42e5f1be7/elements[39m
[35m[HTTP][39m [90m{"using":"-android uiautomator","value":"new UiSelector().className(\"android.widget.TextView\").text(\"GUIDA TV\").resourceId(\"it.sky.msa:id/headerTitle\").instance(0)"}[39m
[35m[HTTP][39m [37m<-- POST /wd/hub/session/f2f07f6c-aa13-4efb-bb54-0ae42e5f1be7/elements [39m[32m200[39m [90m138 ms - 124[39m
[35m[HTTP][39m [90m[39m
[35m[HTTP][39m [37m-->[39m [37mGET[39m [37m/wd/hub/session/f2f07f6c-aa13-4efb-bb54-0ae42e5f1be7[39m
[35m[HTTP][39m [90m{}[39m
[35m[HTTP][39m [37m<-- GET /wd/hub/session/f2f07f6c-aa13-4efb-bb54-0ae42e5f1be7 [39m[32m200[39m [90m36 ms - 1133[39m
[35m[HTTP][39m [90m[39m
[35m[HTTP][39m [37m-->[39m [37mGET[39m [37m/wd/hub/session/f2f07f6c-aa13-4efb-bb54-0ae42e5f1be7[39m
[35m[HTTP][39m [90m{}[39m
[35m[HTTP][39m [37m<-- GET /wd/hub/session/f2f07f6c-aa13-4efb-bb54-0ae42e5f1be7 [39m[32m200[39m [90m38 ms - 1133[39m
[35m[HTTP][39m [90m[39m
[35m[HTTP][39m [37m-->[39m [37mGET[39m [37m/wd/hub/session/f2f07f6c-aa13-4efb-bb54-0ae42e5f1be7[39m
[35m[HTTP][39m [90m{}[39m
[35m[HTTP][39m [37m<-- GET /wd/hub/session/f2f07f6c-aa13-4efb-bb54-0ae42e5f1be7 [39m[32m200[39m [90m26 ms - 1133[39m
[35m[HTTP][39m [90m[39m
[35m[HTTP][39m [37m-->[39m [37mGET[39m [37m/wd/hub/session/f2f07f6c-aa13-4efb-bb54-0ae42e5f1be7[39m
[35m[HTTP][39m [90m{}[39m
[35m[HTTP][39m [37m<-- GET /wd/hub/session/f2f07f6c-aa13-4efb-bb54-0ae42e5f1be7 [39m[32m200[39m [90m28 ms - 1133[39m
[35m[HTTP][39m [90m[39m
[35m[HTTP][39m [37m-->[39m [37mGET[39m [37m/wd/hub/session/f2f07f6c-aa13-4efb-bb54-0ae42e5f1be7/element/1700e140-e0a6-4ea2-b718-0183ae669c06/location[39m
[35m[HTTP][39m [90m{}[39m
[35m[W3C][39m Driver proxy active, passing request on via HTTP proxy
[35m[JSONWP Proxy][39m Replacing sessionId de4b8523-8d17-4f42-95dd-f7a6d8bbb4ab with f2f07f6c-aa13-4efb-bb54-0ae42e5f1be7
[35m[HTTP][39m [37m<-- GET /wd/hub/session/f2f07f6c-aa13-4efb-bb54-0ae42e5f1be7/element/1700e140-e0a6-4ea2-b718-0183ae669c06/location [39m[32m200[39m [90m69 ms - 88[39m
[35m[HTTP][39m [90m[39m
[35m[HTTP][39m [37m-->[39m [37mGET[39m [37m/wd/hub/session/f2f07f6c-aa13-4efb-bb54-0ae42e5f1be7/window/current/size[39m
[35m[HTTP][39m [90m{}[39m
[35m[W3C][39m Driver proxy active, passing request on via HTTP proxy
[35m[JSONWP Proxy][39m Replacing sessionId de4b8523-8d17-4f42-95dd-f7a6d8bbb4ab with f2f07f6c-aa13-4efb-bb54-0ae42e5f1be7
[35m[HTTP][39m [37m<-- GET /wd/hub/session/f2f07f6c-aa13-4efb-bb54-0ae42e5f1be7/window/current/size [39m[32m200[39m [90m35 ms - 100[39m
[35m[HTTP][39m [90m[39m
[35m[HTTP][39m [37m-->[39m [37mPOST[39m [37m/wd/hub/session/f2f07f6c-aa13-4efb-bb54-0ae42e5f1be7/elements[39m
[35m[HTTP][39m [90m{"using":"-android uiautomator","value":"new UiSelector().className(\"android.widget.TextView\").text(\"Scelti per te questa settimana\").resourceId(\"it.sky.msa:id/categoryTitle\").packageName(\"it.sky.msa\").instance(6)"}[39m
[35m[HTTP][39m [37m<-- POST /wd/hub/session/f2f07f6c-aa13-4efb-bb54-0ae42e5f1be7/elements [39m[32m200[39m [90m149 ms - 124[39m
[35m[HTTP][39m [90m[39m
[35m[HTTP][39m [37m-->[39m [37mGET[39m [37m/wd/hub/session/f2f07f6c-aa13-4efb-bb54-0ae42e5f1be7[39m
[35m[HTTP][39m [90m{}[39m
[35m[HTTP][39m [37m<-- GET /wd/hub/session/f2f07f6c-aa13-4efb-bb54-0ae42e5f1be7 [39m[32m200[39m [90m28 ms - 1133[39m
[35m[HTTP][39m [90m[39m
[35m[HTTP][39m [37m-->[39m [37mGET[39m [37m/wd/hub/session/f2f07f6c-aa13-4efb-bb54-0ae42e5f1be7[39m
[35m[HTTP][39m [90m{}[39m
[35m[HTTP][39m [37m<-- GET /wd/hub/session/f2f07f6c-aa13-4efb-bb54-0ae42e5f1be7 [39m[32m200[39m [90m26 ms - 1133[39m
[35m[HTTP][39m [90m[39m
[35m[HTTP][39m [37m-->[39m [37mGET[39m [37m/wd/hub/session/f2f07f6c-aa13-4efb-bb54-0ae42e5f1be7[39m
[35m[HTTP][39m [90m{}[39m
[35m[HTTP][39m [37m<-- GET /wd/hub/session/f2f07f6c-aa13-4efb-bb54-0ae42e5f1be7 [39m[32m200[39m [90m26 ms - 1133[39m
[35m[HTTP][39m [90m[39m
[35m[HTTP][39m [37m-->[39m [37mGET[39m [37m/wd/hub/session/f2f07f6c-aa13-4efb-bb54-0ae42e5f1be7[39m
[35m[HTTP][39m [90m{}[39m
[35m[HTTP][39m [37m<-- GET /wd/hub/session/f2f07f6c-aa13-4efb-bb54-0ae42e5f1be7 [39m[32m200[39m [90m24 ms - 1133[39m
[35m[HTTP][39m [90m[39m
[35m[HTTP][39m [37m-->[39m [37mGET[39m [37m/wd/hub/session/f2f07f6c-aa13-4efb-bb54-0ae42e5f1be7/element/8ee3d22c-a7ec-436e-9656-890e41a5a47d/location[39m
[35m[HTTP][39m [90m{}[39m
[35m[W3C][39m Driver proxy active, passing request on via HTTP proxy
[35m[JSONWP Proxy][39m Replacing sessionId de4b8523-8d17-4f42-95dd-f7a6d8bbb4ab with f2f07f6c-aa13-4efb-bb54-0ae42e5f1be7
[35m[HTTP][39m [37m<-- GET /wd/hub/session/f2f07f6c-aa13-4efb-bb54-0ae42e5f1be7/element/8ee3d22c-a7ec-436e-9656-890e41a5a47d/location [39m[32m200[39m [90m58 ms - 89[39m
[35m[HTTP][39m [90m[39m
[35m[HTTP][39m [37m-->[39m [37mGET[39m [37m/wd/hub/session/f2f07f6c-aa13-4efb-bb54-0ae42e5f1be7/window/current/size[39m
[35m[HTTP][39m [90m{}[39m
[35m[W3C][39m Driver proxy active, passing request on via HTTP proxy
[35m[JSONWP Proxy][39m Replacing sessionId de4b8523-8d17-4f42-95dd-f7a6d8bbb4ab with f2f07f6c-aa13-4efb-bb54-0ae42e5f1be7
[35m[HTTP][39m [37m<-- GET /wd/hub/session/f2f07f6c-aa13-4efb-bb54-0ae42e5f1be7/window/current/size [39m[32m200[39m [90m69 ms - 100[39m
[35m[HTTP][39m [90m[39m
[35m[HTTP][39m [37m-->[39m [37mPOST[39m [37m/wd/hub/session/f2f07f6c-aa13-4efb-bb54-0ae42e5f1be7/elements[39m
[35m[HTTP][39m [90m{"using":"-android uiautomator","value":"new UiSelector().className(\"android.widget.TextView\").text(\"Programmazione\").packageName(\"it.sky.msa\").instance(1)"}[39m
[35m[HTTP][39m [37m<-- POST /wd/hub/session/f2f07f6c-aa13-4efb-bb54-0ae42e5f1be7/elements [39m[32m200[39m [90m139 ms - 124[39m
[35m[HTTP][39m [90m[39m
[35m[HTTP][39m [37m-->[39m [37mGET[39m [37m/wd/hub/session/f2f07f6c-aa13-4efb-bb54-0ae42e5f1be7[39m
[35m[HTTP][39m [90m{}[39m
[35m[HTTP][39m [37m<-- GET /wd/hub/session/f2f07f6c-aa13-4efb-bb54-0ae42e5f1be7 [39m[32m200[39m [90m30 ms - 1133[39m
[35m[HTTP][39m [90m[39m
[35m[HTTP][39m [37m-->[39m [37mGET[39m [37m/wd/hub/session/f2f07f6c-aa13-4efb-bb54-0ae42e5f1be7[39m
[35m[HTTP][39m [90m{}[39m
[35m[HTTP][39m [37m<-- GET /wd/hub/session/f2f07f6c-aa13-4efb-bb54-0ae42e5f1be7 [39m[32m200[39m [90m34 ms - 1133[39m
[35m[HTTP][39m [90m[39m
[35m[HTTP][39m [37m-->[39m [37mGET[39m [37m/wd/hub/session/f2f07f6c-aa13-4efb-bb54-0ae42e5f1be7[39m
[35m[HTTP][39m [90m{}[39m
[35m[HTTP][39m [37m<-- GET /wd/hub/session/f2f07f6c-aa13-4efb-bb54-0ae42e5f1be7 [39m[32m200[39m [90m28 ms - 1133[39m
[35m[HTTP][39m [90m[39m
[35m[HTTP][39m [37m-->[39m [37mGET[39m [37m/wd/hub/session/f2f07f6c-aa13-4efb-bb54-0ae42e5f1be7[39m
[35m[HTTP][39m [90m{}[39m
[35m[HTTP][39m [37m<-- GET /wd/hub/session/f2f07f6c-aa13-4efb-bb54-0ae42e5f1be7 [39m[32m200[39m [90m25 ms - 1133[39m
[35m[HTTP][39m [90m[39m
[35m[HTTP][39m [37m-->[39m [37mGET[39m [37m/wd/hub/session/f2f07f6c-aa13-4efb-bb54-0ae42e5f1be7/element/2521c8ad-20b9-4ef6-a24a-91c4f128cca0/location[39m
[35m[HTTP][39m [90m{}[39m
[35m[W3C][39m Driver proxy active, passing request on via HTTP proxy
[35m[JSONWP Proxy][39m Replacing sessionId de4b8523-8d17-4f42-95dd-f7a6d8bbb4ab with f2f07f6c-aa13-4efb-bb54-0ae42e5f1be7
[35m[HTTP][39m [37m<-- GET /wd/hub/session/f2f07f6c-aa13-4efb-bb54-0ae42e5f1be7/element/2521c8ad-20b9-4ef6-a24a-91c4f128cca0/location [39m[32m200[39m [90m61 ms - 88[39m
[35m[HTTP][39m [90m[39m
[35m[HTTP][39m [37m-->[39m [37mGET[39m [37m/wd/hub/session/f2f07f6c-aa13-4efb-bb54-0ae42e5f1be7/window/current/size[39m
[35m[HTTP][39m [90m{}[39m
[35m[W3C][39m Driver proxy active, passing request on via HTTP proxy
[35m[JSONWP Proxy][39m Replacing sessionId de4b8523-8d17-4f42-95dd-f7a6d8bbb4ab with f2f07f6c-aa13-4efb-bb54-0ae42e5f1be7
[35m[HTTP][39m [37m<-- GET /wd/hub/session/f2f07f6c-aa13-4efb-bb54-0ae42e5f1be7/window/current/size [39m[32m200[39m [90m35 ms - 100[39m
[35m[HTTP][39m [90m[39m
[35m[HTTP][39m [37m-->[39m [37mPOST[39m [37m/wd/hub/session/f2f07f6c-aa13-4efb-bb54-0ae42e5f1be7/elements[39m
[35m[HTTP][39m [90m{"using":"-android uiautomator","value":"new UiSelector().className(\"android.widget.ImageView\").resourceId(\"it.sky.msa:id/imageView6\").instance(2)"}[39m
[35m[HTTP][39m [37m<-- POST /wd/hub/session/f2f07f6c-aa13-4efb-bb54-0ae42e5f1be7/elements [39m[32m200[39m [90m134 ms - 124[39m
[35m[HTTP][39m [90m[39m
[35m[HTTP][39m [37m-->[39m [37mGET[39m [37m/wd/hub/session/f2f07f6c-aa13-4efb-bb54-0ae42e5f1be7[39m
[35m[HTTP][39m [90m{}[39m
[35m[HTTP][39m [37m<-- GET /wd/hub/session/f2f07f6c-aa13-4efb-bb54-0ae42e5f1be7 [39m[32m200[39m [90m29 ms - 1133[39m
[35m[HTTP][39m [90m[39m
[35m[HTTP][39m [37m-->[39m [37mGET[39m [37m/wd/hub/session/f2f07f6c-aa13-4efb-bb54-0ae42e5f1be7[39m
[35m[HTTP][39m [90m{}[39m
[35m[HTTP][39m [37m<-- GET /wd/hub/session/f2f07f6c-aa13-4efb-bb54-0ae42e5f1be7 [39m[32m200[39m [90m33 ms - 1133[39m
[35m[HTTP][39m [90m[39m
[35m[HTTP][39m [37m-->[39m [37mGET[39m [37m/wd/hub/session/f2f07f6c-aa13-4efb-bb54-0ae42e5f1be7[39m
[35m[HTTP][39m [90m{}[39m
[35m[HTTP][39m [37m<-- GET /wd/hub/session/f2f07f6c-aa13-4efb-bb54-0ae42e5f1be7 [39m[32m200[39m [90m25 ms - 1133[39m
[35m[HTTP][39m [90m[39m
[35m[HTTP][39m [37m-->[39m [37mGET[39m [37m/wd/hub/session/f2f07f6c-aa13-4efb-bb54-0ae42e5f1be7[39m
[35m[HTTP][39m [90m{}[39m
[35m[HTTP][39m [37m<-- GET /wd/hub/session/f2f07f6c-aa13-4efb-bb54-0ae42e5f1be7 [39m[32m200[39m [90m29 ms - 1133[39m
[35m[HTTP][39m [90m[39m
[35m[HTTP][39m [37m-->[39m [37mGET[39m [37m/wd/hub/session/f2f07f6c-aa13-4efb-bb54-0ae42e5f1be7/element/36793e56-e974-4362-b1e2-6787f36353bd/location[39m
[35m[HTTP][39m [90m{}[39m
[35m[W3C][39m Driver proxy active, passing request on via HTTP proxy
[35m[JSONWP Proxy][39m Replacing sessionId de4b8523-8d17-4f42-95dd-f7a6d8bbb4ab with f2f07f6c-aa13-4efb-bb54-0ae42e5f1be7
[35m[HTTP][39m [37m<-- GET /wd/hub/session/f2f07f6c-aa13-4efb-bb54-0ae42e5f1be7/element/36793e56-e974-4362-b1e2-6787f36353bd/location [39m[32m200[39m [90m72 ms - 88[39m
[35m[HTTP][39m [90m[39m
[35m[HTTP][39m [37m-->[39m [37mGET[39m [37m/wd/hub/session/f2f07f6c-aa13-4efb-bb54-0ae42e5f1be7/window/current/size[39m
[35m[HTTP][39m [90m{}[39m
[35m[W3C][39m Driver proxy active, passing request on via HTTP proxy
[35m[JSONWP Proxy][39m Replacing sessionId de4b8523-8d17-4f42-95dd-f7a6d8bbb4ab with f2f07f6c-aa13-4efb-bb54-0ae42e5f1be7
[35m[HTTP][39m [37m<-- GET /wd/hub/session/f2f07f6c-aa13-4efb-bb54-0ae42e5f1be7/window/current/size [39m[32m200[39m [90m45 ms - 100[39m
[35m[HTTP][39m [90m[39m
[35m[HTTP][39m [37m-->[39m [37mPOST[39m [37m/wd/hub/session/f2f07f6c-aa13-4efb-bb54-0ae42e5f1be7/elements[39m
[35m[HTTP][39m [90m{"using":"-android uiautomator","value":"new UiSelector().className(\"android.widget.ImageView\").resourceId(\"it.sky.msa:id/imageView7\").instance(1)"}[39m
[35m[HTTP][39m [37m<-- POST /wd/hub/session/f2f07f6c-aa13-4efb-bb54-0ae42e5f1be7/elements [39m[32m200[39m [90m124 ms - 124[39m
[35m[HTTP][39m [90m[39m
[35m[HTTP][39m [37m-->[39m [37mGET[39m [37m/wd/hub/session/f2f07f6c-aa13-4efb-bb54-0ae42e5f1be7[39m
[35m[HTTP][39m [90m{}[39m
[35m[HTTP][39m [37m<-- GET /wd/hub/session/f2f07f6c-aa13-4efb-bb54-0ae42e5f1be7 [39m[32m200[39m [90m25 ms - 1133[39m
[35m[HTTP][39m [90m[39m
[35m[HTTP][39m [37m-->[39m [37mGET[39m [37m/wd/hub/session/f2f07f6c-aa13-4efb-bb54-0ae42e5f1be7[39m
[35m[HTTP][39m [90m{}[39m
[35m[HTTP][39m [37m<-- GET /wd/hub/session/f2f07f6c-aa13-4efb-bb54-0ae42e5f1be7 [39m[32m200[39m [90m32 ms - 1133[39m
[35m[HTTP][39m [90m[39m
[35m[HTTP][39m [37m-->[39m [37mGET[39m [37m/wd/hub/session/f2f07f6c-aa13-4efb-bb54-0ae42e5f1be7[39m
[35m[HTTP][39m [90m{}[39m
[35m[HTTP][39m [37m<-- GET /wd/hub/session/f2f07f6c-aa13-4efb-bb54-0ae42e5f1be7 [39m[32m200[39m [90m26 ms - 1133[39m
[35m[HTTP][39m [90m[39m
[35m[HTTP][39m [37m-->[39m [37mGET[39m [37m/wd/hub/session/f2f07f6c-aa13-4efb-bb54-0ae42e5f1be7[39m
[35m[HTTP][39m [90m{}[39m
[35m[HTTP][39m [37m<-- GET /wd/hub/session/f2f07f6c-aa13-4efb-bb54-0ae42e5f1be7 [39m[32m200[39m [90m24 ms - 1133[39m
[35m[HTTP][39m [90m[39m
[35m[HTTP][39m [37m-->[39m [37mGET[39m [37m/wd/hub/session/f2f07f6c-aa13-4efb-bb54-0ae42e5f1be7/element/639e3194-a693-4f77-83c0-e70698e8918f/location[39m
[35m[HTTP][39m [90m{}[39m
[35m[W3C][39m Driver proxy active, passing request on via HTTP proxy
[35m[JSONWP Proxy][39m Replacing sessionId de4b8523-8d17-4f42-95dd-f7a6d8bbb4ab with f2f07f6c-aa13-4efb-bb54-0ae42e5f1be7
[35m[HTTP][39m [37m<-- GET /wd/hub/session/f2f07f6c-aa13-4efb-bb54-0ae42e5f1be7/element/639e3194-a693-4f77-83c0-e70698e8918f/location [39m[32m200[39m [90m49 ms - 89[39m
[35m[HTTP][39m [90m[39m
[35m[HTTP][39m [37m-->[39m [37mGET[39m [37m/wd/hub/session/f2f07f6c-aa13-4efb-bb54-0ae42e5f1be7/window/current/size[39m
[35m[HTTP][39m [90m{}[39m
[35m[W3C][39m Driver proxy active, passing request on via HTTP proxy
[35m[JSONWP Proxy][39m Replacing sessionId de4b8523-8d17-4f42-95dd-f7a6d8bbb4ab with f2f07f6c-aa13-4efb-bb54-0ae42e5f1be7
[35m[HTTP][39m [37m<-- GET /wd/hub/session/f2f07f6c-aa13-4efb-bb54-0ae42e5f1be7/window/current/size [39m[32m200[39m [90m34 ms - 100[39m
[35m[HTTP][39m [90m[39m
[35m[HTTP][39m [37m-->[39m [37mPOST[39m [37m/wd/hub/session/f2f07f6c-aa13-4efb-bb54-0ae42e5f1be7/elements[39m
[35m[HTTP][39m [90m{"using":"-android uiautomator","value":"new UiSelector().className(\"android.widget.ImageView\").resourceId(\"it.sky.msa:id/imageView5\").instance(0)"}[39m
[35m[HTTP][39m [37m<-- POST /wd/hub/session/f2f07f6c-aa13-4efb-bb54-0ae42e5f1be7/elements [39m[32m200[39m [90m135 ms - 124[39m
[35m[HTTP][39m [90m[39m
[35m[HTTP][39m [37m-->[39m [37mGET[39m [37m/wd/hub/session/f2f07f6c-aa13-4efb-bb54-0ae42e5f1be7[39m
[35m[HTTP][39m [90m{}[39m
[35m[HTTP][39m [37m<-- GET /wd/hub/session/f2f07f6c-aa13-4efb-bb54-0ae42e5f1be7 [39m[32m200[39m [90m26 ms - 1133[39m
[35m[HTTP][39m [90m[39m
[35m[HTTP][39m [37m-->[39m [37mGET[39m [37m/wd/hub/session/f2f07f6c-aa13-4efb-bb54-0ae42e5f1be7[39m
[35m[HTTP][39m [90m{}[39m
[35m[HTTP][39m [37m<-- GET /wd/hub/session/f2f07f6c-aa13-4efb-bb54-0ae42e5f1be7 [39m[32m200[39m [90m27 ms - 1133[39m
[35m[HTTP][39m [90m[39m
[35m[HTTP][39m [37m-->[39m [37mGET[39m [37m/wd/hub/session/f2f07f6c-aa13-4efb-bb54-0ae42e5f1be7[39m
[35m[HTTP][39m [90m{}[39m
[35m[HTTP][39m [37m<-- GET /wd/hub/session/f2f07f6c-aa13-4efb-bb54-0ae42e5f1be7 [39m[32m200[39m [90m22 ms - 1133[39m
[35m[HTTP][39m [90m[39m
[35m[HTTP][39m [37m-->[39m [37mGET[39m [37m/wd/hub/session/f2f07f6c-aa13-4efb-bb54-0ae42e5f1be7[39m
[35m[HTTP][39m [90m{}[39m
[35m[HTTP][39m [37m<-- GET /wd/hub/session/f2f07f6c-aa13-4efb-bb54-0ae42e5f1be7 [39m[32m200[39m [90m22 ms - 1133[39m
[35m[HTTP][39m [90m[39m
[35m[HTTP][39m [37m-->[39m [37mGET[39m [37m/wd/hub/session/f2f07f6c-aa13-4efb-bb54-0ae42e5f1be7/element/fe96ed8e-3974-41c2-b274-4f972df8d762/location[39m
[35m[HTTP][39m [90m{}[39m
[35m[W3C][39m Driver proxy active, passing request on via HTTP proxy
[35m[JSONWP Proxy][39m Replacing sessionId de4b8523-8d17-4f42-95dd-f7a6d8bbb4ab with f2f07f6c-aa13-4efb-bb54-0ae42e5f1be7
[35m[HTTP][39m [37m<-- GET /wd/hub/session/f2f07f6c-aa13-4efb-bb54-0ae42e5f1be7/element/fe96ed8e-3974-41c2-b274-4f972df8d762/location [39m[32m200[39m [90m64 ms - 89[39m
[35m[HTTP][39m [90m[39m
[35m[HTTP][39m [37m-->[39m [37mGET[39m [37m/wd/hub/session/f2f07f6c-aa13-4efb-bb54-0ae42e5f1be7/window/current/size[39m
[35m[HTTP][39m [90m{}[39m
[35m[W3C][39m Driver proxy active, passing request on via HTTP proxy
[35m[JSONWP Proxy][39m Replacing sessionId de4b8523-8d17-4f42-95dd-f7a6d8bbb4ab with f2f07f6c-aa13-4efb-bb54-0ae42e5f1be7
[35m[HTTP][39m [37m<-- GET /wd/hub/session/f2f07f6c-aa13-4efb-bb54-0ae42e5f1be7/window/current/size [39m[32m200[39m [90m28 ms - 100[39m
[35m[HTTP][39m [90m[39m
[35m[HTTP][39m [37m-->[39m [37mPOST[39m [37m/wd/hub/session/f2f07f6c-aa13-4efb-bb54-0ae42e5f1be7/elements[39m
[35m[HTTP][39m [90m{"using":"-android uiautomator","value":"new UiSelector().className(\"android.widget.TextView\").text(\"GUIDA TV\").resourceId(\"it.sky.msa:id/headerTitle\").instance(0)"}[39m
[35m[HTTP][39m [37m<-- POST /wd/hub/session/f2f07f6c-aa13-4efb-bb54-0ae42e5f1be7/elements [39m[32m200[39m [90m169 ms - 124[39m
[35m[HTTP][39m [90m[39m
[35m[HTTP][39m [37m-->[39m [37mGET[39m [37m/wd/hub/session/f2f07f6c-aa13-4efb-bb54-0ae42e5f1be7[39m
[35m[HTTP][39m [90m{}[39m
[35m[HTTP][39m [37m<-- GET /wd/hub/session/f2f07f6c-aa13-4efb-bb54-0ae42e5f1be7 [39m[32m200[39m [90m31 ms - 1133[39m
[35m[HTTP][39m [90m[39m
[35m[HTTP][39m [37m-->[39m [37mGET[39m [37m/wd/hub/session/f2f07f6c-aa13-4efb-bb54-0ae42e5f1be7[39m
[35m[HTTP][39m [90m{}[39m
[35m[HTTP][39m [37m<-- GET /wd/hub/session/f2f07f6c-aa13-4efb-bb54-0ae42e5f1be7 [39m[32m200[39m [90m23 ms - 1133[39m
[35m[HTTP][39m [90m[39m
[35m[HTTP][39m [37m-->[39m [37mGET[39m [37m/wd/hub/session/f2f07f6c-aa13-4efb-bb54-0ae42e5f1be7[39m
[35m[HTTP][39m [90m{}[39m
[35m[HTTP][39m [37m<-- GET /wd/hub/session/f2f07f6c-aa13-4efb-bb54-0ae42e5f1be7 [39m[32m200[39m [90m48 ms - 1133[39m
[35m[HTTP][39m [90m[39m
[35m[HTTP][39m [37m-->[39m [37mGET[39m [37m/wd/hub/session/f2f07f6c-aa13-4efb-bb54-0ae42e5f1be7[39m
[35m[HTTP][39m [90m{}[39m
[35m[HTTP][39m [37m<-- GET /wd/hub/session/f2f07f6c-aa13-4efb-bb54-0ae42e5f1be7 [39m[32m200[39m [90m35 ms - 1133[39m
[35m[HTTP][39m [90m[39m
[35m[HTTP][39m [37m-->[39m [37mGET[39m [37m/wd/hub/session/f2f07f6c-aa13-4efb-bb54-0ae42e5f1be7/element/8a96adef-22f7-4682-87ff-0d7997f35c3b/location[39m
[35m[HTTP][39m [90m{}[39m
[35m[W3C][39m Driver proxy active, passing request on via HTTP proxy
[35m[JSONWP Proxy][39m Replacing sessionId de4b8523-8d17-4f42-95dd-f7a6d8bbb4ab with f2f07f6c-aa13-4efb-bb54-0ae42e5f1be7
[35m[HTTP][39m [37m<-- GET /wd/hub/session/f2f07f6c-aa13-4efb-bb54-0ae42e5f1be7/element/8a96adef-22f7-4682-87ff-0d7997f35c3b/location [39m[32m200[39m [90m57 ms - 88[39m
[35m[HTTP][39m [90m[39m
[35m[HTTP][39m [37m-->[39m [37mGET[39m [37m/wd/hub/session/f2f07f6c-aa13-4efb-bb54-0ae42e5f1be7/element/8a96adef-22f7-4682-87ff-0d7997f35c3b/text[39m
[35m[HTTP][39m [90m{}[39m
[35m[W3C][39m Driver proxy active, passing request on via HTTP proxy
[35m[JSONWP Proxy][39m Replacing sessionId de4b8523-8d17-4f42-95dd-f7a6d8bbb4ab with f2f07f6c-aa13-4efb-bb54-0ae42e5f1be7
[35m[HTTP][39m [37m<-- GET /wd/hub/session/f2f07f6c-aa13-4efb-bb54-0ae42e5f1be7/element/8a96adef-22f7-4682-87ff-0d7997f35c3b/text [39m[32m200[39m [90m73 ms - 82[39m
[35m[HTTP][39m [90m[39m
[35m[HTTP][39m [37m-->[39m [37mGET[39m [37m/wd/hub/session/f2f07f6c-aa13-4efb-bb54-0ae42e5f1be7/window/current/size[39m
[35m[HTTP][39m [90m{}[39m
[35m[W3C][39m Driver proxy active, passing request on via HTTP proxy
[35m[JSONWP Proxy][39m Replacing sessionId de4b8523-8d17-4f42-95dd-f7a6d8bbb4ab with f2f07f6c-aa13-4efb-bb54-0ae42e5f1be7
[35m[HTTP][39m [37m<-- GET /wd/hub/session/f2f07f6c-aa13-4efb-bb54-0ae42e5f1be7/window/current/size [39m[32m200[39m [90m33 ms - 100[39m
[35m[HTTP][39m [90m[39m
[35m[HTTP][39m [37m-->[39m [37mPOST[39m [37m/wd/hub/session/f2f07f6c-aa13-4efb-bb54-0ae42e5f1be7/elements[39m
[35m[HTTP][39m [90m{"using":"-android uiautomator","value":"new UiSelector().className(\"android.widget.TextView\").text(\"Sky On Demand\").packageName(\"it.sky.msa\").instance(2)"}[39m
[35m[HTTP][39m [37m<-- POST /wd/hub/session/f2f07f6c-aa13-4efb-bb54-0ae42e5f1be7/elements [39m[32m200[39m [90m102 ms - 124[39m
[35m[HTTP][39m [90m[39m
[35m[HTTP][39m [37m-->[39m [37mGET[39m [37m/wd/hub/session/f2f07f6c-aa13-4efb-bb54-0ae42e5f1be7[39m
[35m[HTTP][39m [90m{}[39m
[35m[HTTP][39m [37m<-- GET /wd/hub/session/f2f07f6c-aa13-4efb-bb54-0ae42e5f1be7 [39m[32m200[39m [90m32 ms - 1133[39m
[35m[HTTP][39m [90m[39m
[35m[HTTP][39m [37m-->[39m [37mGET[39m [37m/wd/hub/session/f2f07f6c-aa13-4efb-bb54-0ae42e5f1be7[39m
[35m[HTTP][39m [90m{}[39m
[35m[HTTP][39m [37m<-- GET /wd/hub/session/f2f07f6c-aa13-4efb-bb54-0ae42e5f1be7 [39m[32m200[39m [90m32 ms - 1133[39m
[35m[HTTP][39m [90m[39m
[35m[HTTP][39m [37m-->[39m [37mGET[39m [37m/wd/hub/session/f2f07f6c-aa13-4efb-bb54-0ae42e5f1be7[39m
[35m[HTTP][39m [90m{}[39m
[35m[HTTP][39m [37m<-- GET /wd/hub/session/f2f07f6c-aa13-4efb-bb54-0ae42e5f1be7 [39m[32m200[39m [90m30 ms - 1133[39m
[35m[HTTP][39m [90m[39m
[35m[HTTP][39m [37m-->[39m [37mGET[39m [37m/wd/hub/session/f2f07f6c-aa13-4efb-bb54-0ae42e5f1be7[39m
[35m[HTTP][39m [90m{}[39m
[35m[HTTP][39m [37m<-- GET /wd/hub/session/f2f07f6c-aa13-4efb-bb54-0ae42e5f1be7 [39m[32m200[39m [90m28 ms - 1133[39m
[35m[HTTP][39m [90m[39m
[35m[HTTP][39m [37m-->[39m [37mGET[39m [37m/wd/hub/session/f2f07f6c-aa13-4efb-bb54-0ae42e5f1be7/element/3fc1d1c4-f684-45c6-924d-9bdee6cad7d6/location[39m
[35m[HTTP][39m [90m{}[39m
[35m[W3C][39m Driver proxy active, passing request on via HTTP proxy
[35m[JSONWP Proxy][39m Replacing sessionId de4b8523-8d17-4f42-95dd-f7a6d8bbb4ab with f2f07f6c-aa13-4efb-bb54-0ae42e5f1be7
[35m[HTTP][39m [37m<-- GET /wd/hub/session/f2f07f6c-aa13-4efb-bb54-0ae42e5f1be7/element/3fc1d1c4-f684-45c6-924d-9bdee6cad7d6/location [39m[32m200[39m [90m50 ms - 89[39m
[35m[HTTP][39m [90m[39m
[35m[HTTP][39m [37m-->[39m [37mPOST[39m [37m/wd/hub/session/f2f07f6c-aa13-4efb-bb54-0ae42e5f1be7/touch/perform[39m
[35m[HTTP][39m [90m{"actions":[{"action":"tap","options":{"element":"3fc1d1c4-f684-45c6-924d-9bdee6cad7d6","x":1,"y":1}}]}[39m
[35m[UiAutomator2][39m calling get location: 3fc1d1c4-f684-45c6-924d-9bdee6cad7d6
[35m[HTTP][39m [37m<-- POST /wd/hub/session/f2f07f6c-aa13-4efb-bb54-0ae42e5f1be7/touch/perform [39m[32m200[39m [90m876 ms - 76[39m
[35m[HTTP][39m [90m[39m
[35m[HTTP][39m [37m-->[39m [37mGET[39m [37m/wd/hub/session/f2f07f6c-aa13-4efb-bb54-0ae42e5f1be7/window/current/size[39m
[35m[HTTP][39m [90m{}[39m
[35m[W3C][39m Driver proxy active, passing request on via HTTP proxy
[35m[JSONWP Proxy][39m Replacing sessionId de4b8523-8d17-4f42-95dd-f7a6d8bbb4ab with f2f07f6c-aa13-4efb-bb54-0ae42e5f1be7
[35m[HTTP][39m [37m<-- GET /wd/hub/session/f2f07f6c-aa13-4efb-bb54-0ae42e5f1be7/window/current/size [39m[32m200[39m [90m42 ms - 100[39m
[35m[HTTP][39m [90m[39m
[35m[HTTP][39m [37m-->[39m [37mPOST[39m [37m/wd/hub/session/f2f07f6c-aa13-4efb-bb54-0ae42e5f1be7/elements[39m
[35m[HTTP][39m [90m{"using":"-android uiautomator","value":"new UiSelector().className(\"android.widget.TextView\").text(\"SCELTI PER TE\").resourceId(\"it.sky.msa:id/categoryTitle\").instance(5)"}[39m
[35m[HTTP][39m [37m<-- POST /wd/hub/session/f2f07f6c-aa13-4efb-bb54-0ae42e5f1be7/elements [39m[32m200[39m [90m162 ms - 124[39m
[35m[HTTP][39m [90m[39m
[35m[HTTP][39m [37m-->[39m [37mGET[39m [37m/wd/hub/session/f2f07f6c-aa13-4efb-bb54-0ae42e5f1be7[39m
[35m[HTTP][39m [90m{}[39m
[35m[HTTP][39m [37m<-- GET /wd/hub/session/f2f07f6c-aa13-4efb-bb54-0ae42e5f1be7 [39m[32m200[39m [90m25 ms - 1133[39m
[35m[HTTP][39m [90m[39m
[35m[HTTP][39m [37m-->[39m [37mGET[39m [37m/wd/hub/session/f2f07f6c-aa13-4efb-bb54-0ae42e5f1be7[39m
[35m[HTTP][39m [90m{}[39m
[35m[HTTP][39m [37m<-- GET /wd/hub/session/f2f07f6c-aa13-4efb-bb54-0ae42e5f1be7 [39m[32m200[39m [90m28 ms - 1133[39m
[35m[HTTP][39m [90m[39m
[35m[HTTP][39m [37m-->[39m [37mGET[39m [37m/wd/hub/session/f2f07f6c-aa13-4efb-bb54-0ae42e5f1be7[39m
[35m[HTTP][39m [90m{}[39m
[35m[HTTP][39m [37m<-- GET /wd/hub/session/f2f07f6c-aa13-4efb-bb54-0ae42e5f1be7 [39m[32m200[39m [90m30 ms - 1133[39m
[35m[HTTP][39m [90m[39m
[35m[HTTP][39m [37m-->[39m [37mGET[39m [37m/wd/hub/session/f2f07f6c-aa13-4efb-bb54-0ae42e5f1be7[39m
[35m[HTTP][39m [90m{}[39m
[35m[HTTP][39m [37m<-- GET /wd/hub/session/f2f07f6c-aa13-4efb-bb54-0ae42e5f1be7 [39m[32m200[39m [90m25 ms - 1133[39m
[35m[HTTP][39m [90m[39m
[35m[HTTP][39m [37m-->[39m [37mGET[39m [37m/wd/hub/session/f2f07f6c-aa13-4efb-bb54-0ae42e5f1be7/element/828cc511-af3e-4d68-8e38-5f4b873622b9/location[39m
[35m[HTTP][39m [90m{}[39m
[35m[W3C][39m Driver proxy active, passing request on via HTTP proxy
[35m[JSONWP Proxy][39m Replacing sessionId de4b8523-8d17-4f42-95dd-f7a6d8bbb4ab with f2f07f6c-aa13-4efb-bb54-0ae42e5f1be7
[35m[HTTP][39m [37m<-- GET /wd/hub/session/f2f07f6c-aa13-4efb-bb54-0ae42e5f1be7/element/828cc511-af3e-4d68-8e38-5f4b873622b9/location [39m[32m200[39m [90m47 ms - 89[39m
[35m[HTTP][39m [90m[39m
[35m[HTTP][39m [37m-->[39m [37mGET[39m [37m/wd/hub/session/f2f07f6c-aa13-4efb-bb54-0ae42e5f1be7/window/current/size[39m
[35m[HTTP][39m [90m{}[39m
[35m[W3C][39m Driver proxy active, passing request on via HTTP proxy
[35m[JSONWP Proxy][39m Replacing sessionId de4b8523-8d17-4f42-95dd-f7a6d8bbb4ab with f2f07f6c-aa13-4efb-bb54-0ae42e5f1be7
[35m[HTTP][39m [37m<-- GET /wd/hub/session/f2f07f6c-aa13-4efb-bb54-0ae42e5f1be7/window/current/size [39m[32m200[39m [90m33 ms - 100[39m
[35m[HTTP][39m [90m[39m
[35m[HTTP][39m [37m-->[39m [37mPOST[39m [37m/wd/hub/session/f2f07f6c-aa13-4efb-bb54-0ae42e5f1be7/elements[39m
[35m[HTTP][39m [90m{"using":"-android uiautomator","value":"new UiSelector().className(\"android.widget.TextView\").text(\"Sky On Demand\").packageName(\"it.sky.msa\").instance(2)"}[39m
[35m[HTTP][39m [37m<-- POST /wd/hub/session/f2f07f6c-aa13-4efb-bb54-0ae42e5f1be7/elements [39m[32m200[39m [90m107 ms - 124[39m
[35m[HTTP][39m [90m[39m
[35m[HTTP][39m [37m-->[39m [37mGET[39m [37m/wd/hub/session/f2f07f6c-aa13-4efb-bb54-0ae42e5f1be7[39m
[35m[HTTP][39m [90m{}[39m
[35m[HTTP][39m [37m<-- GET /wd/hub/session/f2f07f6c-aa13-4efb-bb54-0ae42e5f1be7 [39m[32m200[39m [90m33 ms - 1133[39m
[35m[HTTP][39m [90m[39m
[35m[HTTP][39m [37m-->[39m [37mGET[39m [37m/wd/hub/session/f2f07f6c-aa13-4efb-bb54-0ae42e5f1be7[39m
[35m[HTTP][39m [90m{}[39m
[35m[HTTP][39m [37m<-- GET /wd/hub/session/f2f07f6c-aa13-4efb-bb54-0ae42e5f1be7 [39m[32m200[39m [90m25 ms - 1133[39m
[35m[HTTP][39m [90m[39m
[35m[HTTP][39m [37m-->[39m [37mGET[39m [37m/wd/hub/session/f2f07f6c-aa13-4efb-bb54-0ae42e5f1be7[39m
[35m[HTTP][39m [90m{}[39m
[35m[HTTP][39m [37m<-- GET /wd/hub/session/f2f07f6c-aa13-4efb-bb54-0ae42e5f1be7 [39m[32m200[39m [90m26 ms - 1133[39m
[35m[HTTP][39m [90m[39m
[35m[HTTP][39m [37m-->[39m [37mGET[39m [37m/wd/hub/session/f2f07f6c-aa13-4efb-bb54-0ae42e5f1be7[39m
[35m[HTTP][39m [90m{}[39m
[35m[HTTP][39m [37m<-- GET /wd/hub/session/f2f07f6c-aa13-4efb-bb54-0ae42e5f1be7 [39m[32m200[39m [90m37 ms - 1133[39m
[35m[HTTP][39m [90m[39m
[35m[HTTP][39m [37m-->[39m [37mGET[39m [37m/wd/hub/session/f2f07f6c-aa13-4efb-bb54-0ae42e5f1be7/element/90b70645-f5e2-4ddb-acb4-9bf3abd5e1d4/location[39m
[35m[HTTP][39m [90m{}[39m
[35m[W3C][39m Driver proxy active, passing request on via HTTP proxy
[35m[JSONWP Proxy][39m Replacing sessionId de4b8523-8d17-4f42-95dd-f7a6d8bbb4ab with f2f07f6c-aa13-4efb-bb54-0ae42e5f1be7
[35m[HTTP][39m [37m<-- GET /wd/hub/session/f2f07f6c-aa13-4efb-bb54-0ae42e5f1be7/element/90b70645-f5e2-4ddb-acb4-9bf3abd5e1d4/location [39m[32m200[39m [90m51 ms - 89[39m
[35m[HTTP][39m [90m[39m
[35m[HTTP][39m [37m-->[39m [37mGET[39m [37m/wd/hub/session/f2f07f6c-aa13-4efb-bb54-0ae42e5f1be7/window/current/size[39m
[35m[HTTP][39m [90m{}[39m
[35m[W3C][39m Driver proxy active, passing request on via HTTP proxy
[35m[JSONWP Proxy][39m Replacing sessionId de4b8523-8d17-4f42-95dd-f7a6d8bbb4ab with f2f07f6c-aa13-4efb-bb54-0ae42e5f1be7
[35m[HTTP][39m [37m<-- GET /wd/hub/session/f2f07f6c-aa13-4efb-bb54-0ae42e5f1be7/window/current/size [39m[32m200[39m [90m29 ms - 100[39m
[35m[HTTP][39m [90m[39m
[35m[HTTP][39m [37m-->[39m [37mPOST[39m [37m/wd/hub/session/f2f07f6c-aa13-4efb-bb54-0ae42e5f1be7/elements[39m
[35m[HTTP][39m [90m{"using":"-android uiautomator","value":"new UiSelector().className(\"android.widget.TextView\").text(\"Programmazione\").packageName(\"it.sky.msa\").instance(1)"}[39m
[35m[HTTP][39m [37m<-- POST /wd/hub/session/f2f07f6c-aa13-4efb-bb54-0ae42e5f1be7/elements [39m[32m200[39m [90m118 ms - 124[39m
[35m[HTTP][39m [90m[39m
[35m[HTTP][39m [37m-->[39m [37mGET[39m [37m/wd/hub/session/f2f07f6c-aa13-4efb-bb54-0ae42e5f1be7[39m
[35m[HTTP][39m [90m{}[39m
[35m[HTTP][39m [37m<-- GET /wd/hub/session/f2f07f6c-aa13-4efb-bb54-0ae42e5f1be7 [39m[32m200[39m [90m29 ms - 1133[39m
[35m[HTTP][39m [90m[39m
[35m[HTTP][39m [37m-->[39m [37mGET[39m [37m/wd/hub/session/f2f07f6c-aa13-4efb-bb54-0ae42e5f1be7[39m
[35m[HTTP][39m [90m{}[39m
[35m[HTTP][39m [37m<-- GET /wd/hub/session/f2f07f6c-aa13-4efb-bb54-0ae42e5f1be7 [39m[32m200[39m [90m24 ms - 1133[39m
[35m[HTTP][39m [90m[39m
[35m[HTTP][39m [37m-->[39m [37mGET[39m [37m/wd/hub/session/f2f07f6c-aa13-4efb-bb54-0ae42e5f1be7[39m
[35m[HTTP][39m [90m{}[39m
[35m[HTTP][39m [37m<-- GET /wd/hub/session/f2f07f6c-aa13-4efb-bb54-0ae42e5f1be7 [39m[32m200[39m [90m42 ms - 1133[39m
[35m[HTTP][39m [90m[39m
[35m[HTTP][39m [37m-->[39m [37mGET[39m [37m/wd/hub/session/f2f07f6c-aa13-4efb-bb54-0ae42e5f1be7[39m
[35m[HTTP][39m [90m{}[39m
[35m[HTTP][39m [37m<-- GET /wd/hub/session/f2f07f6c-aa13-4efb-bb54-0ae42e5f1be7 [39m[32m200[39m [90m25 ms - 1133[39m
[35m[HTTP][39m [90m[39m
[35m[HTTP][39m [37m-->[39m [37mGET[39m [37m/wd/hub/session/f2f07f6c-aa13-4efb-bb54-0ae42e5f1be7/element/95ae600a-4440-47fc-8149-6a95e18c7f48/location[39m
[35m[HTTP][39m [90m{}[39m
[35m[W3C][39m Driver proxy active, passing request on via HTTP proxy
[35m[JSONWP Proxy][39m Replacing sessionId de4b8523-8d17-4f42-95dd-f7a6d8bbb4ab with f2f07f6c-aa13-4efb-bb54-0ae42e5f1be7
[35m[HTTP][39m [37m<-- GET /wd/hub/session/f2f07f6c-aa13-4efb-bb54-0ae42e5f1be7/element/95ae600a-4440-47fc-8149-6a95e18c7f48/location [39m[32m200[39m [90m52 ms - 88[39m
[35m[HTTP][39m [90m[39m
[35m[HTTP][39m [37m-->[39m [37mPOST[39m [37m/wd/hub/session/f2f07f6c-aa13-4efb-bb54-0ae42e5f1be7/touch/perform[39m
[35m[HTTP][39m [90m{"actions":[{"action":"tap","options":{"element":"95ae600a-4440-47fc-8149-6a95e18c7f48","x":1,"y":1}}]}[39m
[35m[UiAutomator2][39m calling get location: 95ae600a-4440-47fc-8149-6a95e18c7f48
[35m[HTTP][39m [37m<-- POST /wd/hub/session/f2f07f6c-aa13-4efb-bb54-0ae42e5f1be7/touch/perform [39m[32m200[39m [90m843 ms - 76[39m
[35m[HTTP][39m [90m[39m
[35m[HTTP][39m [37m-->[39m [37mGET[39m [37m/wd/hub/session/f2f07f6c-aa13-4efb-bb54-0ae42e5f1be7/window/current/size[39m
[35m[HTTP][39m [90m{}[39m
[35m[W3C][39m Driver proxy active, passing request on via HTTP proxy
[35m[JSONWP Proxy][39m Replacing sessionId de4b8523-8d17-4f42-95dd-f7a6d8bbb4ab with f2f07f6c-aa13-4efb-bb54-0ae42e5f1be7
[35m[HTTP][39m [37m<-- GET /wd/hub/session/f2f07f6c-aa13-4efb-bb54-0ae42e5f1be7/window/current/size [39m[32m200[39m [90m43 ms - 100[39m
[35m[HTTP][39m [90m[39m
[35m[HTTP][39m [37m-->[39m [37mPOST[39m [37m/wd/hub/session/f2f07f6c-aa13-4efb-bb54-0ae42e5f1be7/elements[39m
[35m[HTTP][39m [90m{"using":"-android uiautomator","value":"new UiSelector().className(\"android.widget.TextView\").text(\"Scelti per te questa settimana\").resourceId(\"it.sky.msa:id/categoryTitle\").packageName(\"it.sky.msa\").instance(6)"}[39m
[35m[HTTP][39m [37m<-- POST /wd/hub/session/f2f07f6c-aa13-4efb-bb54-0ae42e5f1be7/elements [39m[32m200[39m [90m159 ms - 124[39m
[35m[HTTP][39m [90m[39m
[35m[HTTP][39m [37m-->[39m [37mGET[39m [37m/wd/hub/session/f2f07f6c-aa13-4efb-bb54-0ae42e5f1be7[39m
[35m[HTTP][39m [90m{}[39m
[35m[HTTP][39m [37m<-- GET /wd/hub/session/f2f07f6c-aa13-4efb-bb54-0ae42e5f1be7 [39m[32m200[39m [90m24 ms - 1133[39m
[35m[HTTP][39m [90m[39m
[35m[HTTP][39m [37m-->[39m [37mGET[39m [37m/wd/hub/session/f2f07f6c-aa13-4efb-bb54-0ae42e5f1be7[39m
[35m[HTTP][39m [90m{}[39m
[35m[HTTP][39m [37m<-- GET /wd/hub/session/f2f07f6c-aa13-4efb-bb54-0ae42e5f1be7 [39m[32m200[39m [90m24 ms - 1133[39m
[35m[HTTP][39m [90m[39m
[35m[HTTP][39m [37m-->[39m [37mGET[39m [37m/wd/hub/session/f2f07f6c-aa13-4efb-bb54-0ae42e5f1be7[39m
[35m[HTTP][39m [90m{}[39m
[35m[HTTP][39m [37m<-- GET /wd/hub/session/f2f07f6c-aa13-4efb-bb54-0ae42e5f1be7 [39m[32m200[39m [90m21 ms - 1133[39m
[35m[HTTP][39m [90m[39m
[35m[HTTP][39m [37m-->[39m [37mGET[39m [37m/wd/hub/session/f2f07f6c-aa13-4efb-bb54-0ae42e5f1be7[39m
[35m[HTTP][39m [90m{}[39m
[35m[HTTP][39m [37m<-- GET /wd/hub/session/f2f07f6c-aa13-4efb-bb54-0ae42e5f1be7 [39m[32m200[39m [90m22 ms - 1133[39m
[35m[HTTP][39m [90m[39m
[35m[HTTP][39m [37m-->[39m [37mGET[39m [37m/wd/hub/session/f2f07f6c-aa13-4efb-bb54-0ae42e5f1be7/element/266063ef-6386-45be-98ad-0c7c7ec02fd3/location[39m
[35m[HTTP][39m [90m{}[39m
[35m[W3C][39m Driver proxy active, passing request on via HTTP proxy
[35m[JSONWP Proxy][39m Replacing sessionId de4b8523-8d17-4f42-95dd-f7a6d8bbb4ab with f2f07f6c-aa13-4efb-bb54-0ae42e5f1be7
[35m[HTTP][39m [37m<-- GET /wd/hub/session/f2f07f6c-aa13-4efb-bb54-0ae42e5f1be7/element/266063ef-6386-45be-98ad-0c7c7ec02fd3/location [39m[32m200[39m [90m45 ms - 89[39m
[35m[HTTP][39m [90m[39m
[35m[HTTP][39m [37m-->[39m [37mGET[39m [37m/wd/hub/session/f2f07f6c-aa13-4efb-bb54-0ae42e5f1be7/window/current/size[39m
[35m[HTTP][39m [90m{}[39m
[35m[W3C][39m Driver proxy active, passing request on via HTTP proxy
[35m[JSONWP Proxy][39m Replacing sessionId de4b8523-8d17-4f42-95dd-f7a6d8bbb4ab with f2f07f6c-aa13-4efb-bb54-0ae42e5f1be7
[35m[HTTP][39m [37m<-- GET /wd/hub/session/f2f07f6c-aa13-4efb-bb54-0ae42e5f1be7/window/current/size [39m[32m200[39m [90m37 ms - 100[39m
[35m[HTTP][39m [90m[39m
[35m[HTTP][39m [37m-->[39m [37mPOST[39m [37m/wd/hub/session/f2f07f6c-aa13-4efb-bb54-0ae42e5f1be7/elements[39m
[35m[HTTP][39m [90m{"using":"-android uiautomator","value":"new UiSelector().className(\"android.widget.ImageView\").resourceId(\"it.sky.msa:id/heroImageImageView\").packageName(\"it.sky.msa\").instance(0)"}[39m
[35m[HTTP][39m [37m<-- POST /wd/hub/session/f2f07f6c-aa13-4efb-bb54-0ae42e5f1be7/elements [39m[32m200[39m [90m121 ms - 124[39m
[35m[HTTP][39m [90m[39m
[35m[HTTP][39m [37m-->[39m [37mGET[39m [37m/wd/hub/session/f2f07f6c-aa13-4efb-bb54-0ae42e5f1be7[39m
[35m[HTTP][39m [90m{}[39m
[35m[HTTP][39m [37m<-- GET /wd/hub/session/f2f07f6c-aa13-4efb-bb54-0ae42e5f1be7 [39m[32m200[39m [90m28 ms - 1133[39m
[35m[HTTP][39m [90m[39m
[35m[HTTP][39m [37m-->[39m [37mGET[39m [37m/wd/hub/session/f2f07f6c-aa13-4efb-bb54-0ae42e5f1be7[39m
[35m[HTTP][39m [90m{}[39m
[35m[HTTP][39m [37m<-- GET /wd/hub/session/f2f07f6c-aa13-4efb-bb54-0ae42e5f1be7 [39m[32m200[39m [90m24 ms - 1133[39m
[35m[HTTP][39m [90m[39m
[35m[HTTP][39m [37m-->[39m [37mGET[39m [37m/wd/hub/session/f2f07f6c-aa13-4efb-bb54-0ae42e5f1be7[39m
[35m[HTTP][39m [90m{}[39m
[35m[HTTP][39m [37m<-- GET /wd/hub/session/f2f07f6c-aa13-4efb-bb54-0ae42e5f1be7 [39m[32m200[39m [90m24 ms - 1133[39m
[35m[HTTP][39m [90m[39m
[35m[HTTP][39m [37m-->[39m [37mGET[39m [37m/wd/hub/session/f2f07f6c-aa13-4efb-bb54-0ae42e5f1be7[39m
[35m[HTTP][39m [90m{}[39m
[35m[HTTP][39m [37m<-- GET /wd/hub/session/f2f07f6c-aa13-4efb-bb54-0ae42e5f1be7 [39m[32m200[39m [90m24 ms - 1133[39m
[35m[HTTP][39m [90m[39m
[35m[HTTP][39m [37m-->[39m [37mGET[39m [37m/wd/hub/session/f2f07f6c-aa13-4efb-bb54-0ae42e5f1be7/element/6fed9b81-30f4-44fd-bc32-28d393cd0fe2/location[39m
[35m[HTTP][39m [90m{}[39m
[35m[W3C][39m Driver proxy active, passing request on via HTTP proxy
[35m[JSONWP Proxy][39m Replacing sessionId de4b8523-8d17-4f42-95dd-f7a6d8bbb4ab with f2f07f6c-aa13-4efb-bb54-0ae42e5f1be7
[35m[HTTP][39m [37m<-- GET /wd/hub/session/f2f07f6c-aa13-4efb-bb54-0ae42e5f1be7/element/6fed9b81-30f4-44fd-bc32-28d393cd0fe2/location [39m[32m200[39m [90m47 ms - 87[39m
[35m[HTTP][39m [90m[39m
[35m[HTTP][39m [37m-->[39m [37mGET[39m [37m/wd/hub/session/f2f07f6c-aa13-4efb-bb54-0ae42e5f1be7/element/6fed9b81-30f4-44fd-bc32-28d393cd0fe2/attribute/resourceId[39m
[35m[HTTP][39m [90m{}[39m
[35m[HTTP][39m [37m<-- GET /wd/hub/session/f2f07f6c-aa13-4efb-bb54-0ae42e5f1be7/element/6fed9b81-30f4-44fd-bc32-28d393cd0fe2/attribute/resourceId [39m[32m200[39m [90m52 ms - 106[39m
[35m[HTTP][39m [90m[39m
[35m[HTTP][39m [37m-->[39m [37mGET[39m [37m/wd/hub/session/f2f07f6c-aa13-4efb-bb54-0ae42e5f1be7/window/current/size[39m
[35m[HTTP][39m [90m{}[39m
[35m[W3C][39m Driver proxy active, passing request on via HTTP proxy
[35m[JSONWP Proxy][39m Replacing sessionId de4b8523-8d17-4f42-95dd-f7a6d8bbb4ab with f2f07f6c-aa13-4efb-bb54-0ae42e5f1be7
[35m[HTTP][39m [37m<-- GET /wd/hub/session/f2f07f6c-aa13-4efb-bb54-0ae42e5f1be7/window/current/size [39m[32m200[39m [90m42 ms - 100[39m
[35m[HTTP][39m [90m[39m
[35m[HTTP][39m [37m-->[39m [37mPOST[39m [37m/wd/hub/session/f2f07f6c-aa13-4efb-bb54-0ae42e5f1be7/elements[39m
[35m[HTTP][39m [90m{"using":"-android uiautomator","value":"new UiSelector().className(\"android.widget.TextView\").text(\"IN EVIDENZA\").resourceId(\"it.sky.msa:id/heroPromoTextView\").instance(6)"}[39m
[35m[HTTP][39m [37m<-- POST /wd/hub/session/f2f07f6c-aa13-4efb-bb54-0ae42e5f1be7/elements [39m[32m200[39m [90m104 ms - 124[39m
[35m[HTTP][39m [90m[39m
[35m[HTTP][39m [37m-->[39m [37mGET[39m [37m/wd/hub/session/f2f07f6c-aa13-4efb-bb54-0ae42e5f1be7[39m
[35m[HTTP][39m [90m{}[39m
[35m[HTTP][39m [37m<-- GET /wd/hub/session/f2f07f6c-aa13-4efb-bb54-0ae42e5f1be7 [39m[32m200[39m [90m25 ms - 1133[39m
[35m[HTTP][39m [90m[39m
[35m[HTTP][39m [37m-->[39m [37mGET[39m [37m/wd/hub/session/f2f07f6c-aa13-4efb-bb54-0ae42e5f1be7[39m
[35m[HTTP][39m [90m{}[39m
[35m[HTTP][39m [37m<-- GET /wd/hub/session/f2f07f6c-aa13-4efb-bb54-0ae42e5f1be7 [39m[32m200[39m [90m21 ms - 1133[39m
[35m[HTTP][39m [90m[39m
[35m[HTTP][39m [37m-->[39m [37mGET[39m [37m/wd/hub/session/f2f07f6c-aa13-4efb-bb54-0ae42e5f1be7[39m
[35m[HTTP][39m [90m{}[39m
[35m[HTTP][39m [37m<-- GET /wd/hub/session/f2f07f6c-aa13-4efb-bb54-0ae42e5f1be7 [39m[32m200[39m [90m23 ms - 1133[39m
[35m[HTTP][39m [90m[39m
[35m[HTTP][39m [37m-->[39m [37mGET[39m [37m/wd/hub/session/f2f07f6c-aa13-4efb-bb54-0ae42e5f1be7[39m
[35m[HTTP][39m [90m{}[39m
[35m[HTTP][39m [37m<-- GET /wd/hub/session/f2f07f6c-aa13-4efb-bb54-0ae42e5f1be7 [39m[32m200[39m [90m24 ms - 1133[39m
[35m[HTTP][39m [90m[39m
[35m[HTTP][39m [37m-->[39m [37mGET[39m [37m/wd/hub/session/f2f07f6c-aa13-4efb-bb54-0ae42e5f1be7/element/d0760d28-3c29-444d-8fe7-b4f5ff8213d4/location[39m
[35m[HTTP][39m [90m{}[39m
[35m[W3C][39m Driver proxy active, passing request on via HTTP proxy
[35m[JSONWP Proxy][39m Replacing sessionId de4b8523-8d17-4f42-95dd-f7a6d8bbb4ab with f2f07f6c-aa13-4efb-bb54-0ae42e5f1be7
[35m[HTTP][39m [37m<-- GET /wd/hub/session/f2f07f6c-aa13-4efb-bb54-0ae42e5f1be7/element/d0760d28-3c29-444d-8fe7-b4f5ff8213d4/location [39m[32m200[39m [90m44 ms - 88[39m
[35m[HTTP][39m [90m[39m
[35m[HTTP][39m [37m-->[39m [37mGET[39m [37m/wd/hub/session/f2f07f6c-aa13-4efb-bb54-0ae42e5f1be7/element/d0760d28-3c29-444d-8fe7-b4f5ff8213d4/text[39m
[35m[HTTP][39m [90m{}[39m
[35m[W3C][39m Driver proxy active, passing request on via HTTP proxy
[35m[JSONWP Proxy][39m Replacing sessionId de4b8523-8d17-4f42-95dd-f7a6d8bbb4ab with f2f07f6c-aa13-4efb-bb54-0ae42e5f1be7
[35m[HTTP][39m [37m<-- GET /wd/hub/session/f2f07f6c-aa13-4efb-bb54-0ae42e5f1be7/element/d0760d28-3c29-444d-8fe7-b4f5ff8213d4/text [39m[32m200[39m [90m76 ms - 85[39m
[35m[HTTP][39m [90m[39m
[35m[HTTP][39m [37m-->[39m [37mGET[39m [37m/wd/hub/session/f2f07f6c-aa13-4efb-bb54-0ae42e5f1be7/window/current/size[39m
[35m[HTTP][39m [90m{}[39m
[35m[W3C][39m Driver proxy active, passing request on via HTTP proxy
[35m[JSONWP Proxy][39m Replacing sessionId de4b8523-8d17-4f42-95dd-f7a6d8bbb4ab with f2f07f6c-aa13-4efb-bb54-0ae42e5f1be7
[35m[HTTP][39m [37m<-- GET /wd/hub/session/f2f07f6c-aa13-4efb-bb54-0ae42e5f1be7/window/current/size [39m[32m200[39m [90m33 ms - 100[39m
[35m[HTTP][39m [90m[39m
[35m[HTTP][39m [37m-->[39m [37mPOST[39m [37m/wd/hub/session/f2f07f6c-aa13-4efb-bb54-0ae42e5f1be7/elements[39m
[35m[HTTP][39m [90m{"using":"-android uiautomator","value":"new UiSelector().className(\"android.widget.TextView\").resourceId(\"it.sky.msa:id/heroTitleTextView\").instance(7)"}[39m
[35m[HTTP][39m [37m<-- POST /wd/hub/session/f2f07f6c-aa13-4efb-bb54-0ae42e5f1be7/elements [39m[32m200[39m [90m92 ms - 124[39m
[35m[HTTP][39m [90m[39m
[35m[HTTP][39m [37m-->[39m [37mGET[39m [37m/wd/hub/session/f2f07f6c-aa13-4efb-bb54-0ae42e5f1be7[39m
[35m[HTTP][39m [90m{}[39m
[35m[HTTP][39m [37m<-- GET /wd/hub/session/f2f07f6c-aa13-4efb-bb54-0ae42e5f1be7 [39m[32m200[39m [90m22 ms - 1133[39m
[35m[HTTP][39m [90m[39m
[35m[HTTP][39m [37m-->[39m [37mGET[39m [37m/wd/hub/session/f2f07f6c-aa13-4efb-bb54-0ae42e5f1be7[39m
[35m[HTTP][39m [90m{}[39m
[35m[HTTP][39m [37m<-- GET /wd/hub/session/f2f07f6c-aa13-4efb-bb54-0ae42e5f1be7 [39m[32m200[39m [90m21 ms - 1133[39m
[35m[HTTP][39m [90m[39m
[35m[HTTP][39m [37m-->[39m [37mGET[39m [37m/wd/hub/session/f2f07f6c-aa13-4efb-bb54-0ae42e5f1be7[39m
[35m[HTTP][39m [90m{}[39m
[35m[HTTP][39m [37m<-- GET /wd/hub/session/f2f07f6c-aa13-4efb-bb54-0ae42e5f1be7 [39m[32m200[39m [90m21 ms - 1133[39m
[35m[HTTP][39m [90m[39m
[35m[HTTP][39m [37m-->[39m [37mGET[39m [37m/wd/hub/session/f2f07f6c-aa13-4efb-bb54-0ae42e5f1be7[39m
[35m[HTTP][39m [90m{}[39m
[35m[HTTP][39m [37m<-- GET /wd/hub/session/f2f07f6c-aa13-4efb-bb54-0ae42e5f1be7 [39m[32m200[39m [90m19 ms - 1133[39m
[35m[HTTP][39m [90m[39m
[35m[HTTP][39m [37m-->[39m [37mGET[39m [37m/wd/hub/session/f2f07f6c-aa13-4efb-bb54-0ae42e5f1be7/element/870669d0-2eac-463b-9327-285190b59af6/location[39m
[35m[HTTP][39m [90m{}[39m
[35m[W3C][39m Driver proxy active, passing request on via HTTP proxy
[35m[JSONWP Proxy][39m Replacing sessionId de4b8523-8d17-4f42-95dd-f7a6d8bbb4ab with f2f07f6c-aa13-4efb-bb54-0ae42e5f1be7
[35m[HTTP][39m [37m<-- GET /wd/hub/session/f2f07f6c-aa13-4efb-bb54-0ae42e5f1be7/element/870669d0-2eac-463b-9327-285190b59af6/location [39m[32m200[39m [90m45 ms - 88[39m
[35m[HTTP][39m [90m[39m
[35m[HTTP][39m [37m-->[39m [37mGET[39m [37m/wd/hub/session/f2f07f6c-aa13-4efb-bb54-0ae42e5f1be7/window/current/size[39m
[35m[HTTP][39m [90m{}[39m
[35m[W3C][39m Driver proxy active, passing request on via HTTP proxy
[35m[JSONWP Proxy][39m Replacing sessionId de4b8523-8d17-4f42-95dd-f7a6d8bbb4ab with f2f07f6c-aa13-4efb-bb54-0ae42e5f1be7
[35m[HTTP][39m [37m<-- GET /wd/hub/session/f2f07f6c-aa13-4efb-bb54-0ae42e5f1be7/window/current/size [39m[32m200[39m [90m28 ms - 100[39m
[35m[HTTP][39m [90m[39m
[35m[HTTP][39m [37m-->[39m [37mPOST[39m [37m/wd/hub/session/f2f07f6c-aa13-4efb-bb54-0ae42e5f1be7/elements[39m
[35m[HTTP][39m [90m{"using":"-android uiautomator","value":"new UiSelector().className(\"android.widget.TextView\").resourceId(\"it.sky.msa:id/heroCaptionTextView\").instance(8)"}[39m
[35m[HTTP][39m [37m<-- POST /wd/hub/session/f2f07f6c-aa13-4efb-bb54-0ae42e5f1be7/elements [39m[32m200[39m [90m87 ms - 124[39m
[35m[HTTP][39m [90m[39m
[35m[HTTP][39m [37m-->[39m [37mGET[39m [37m/wd/hub/session/f2f07f6c-aa13-4efb-bb54-0ae42e5f1be7[39m
[35m[HTTP][39m [90m{}[39m
[35m[HTTP][39m [37m<-- GET /wd/hub/session/f2f07f6c-aa13-4efb-bb54-0ae42e5f1be7 [39m[32m200[39m [90m21 ms - 1133[39m
[35m[HTTP][39m [90m[39m
[35m[HTTP][39m [37m-->[39m [37mGET[39m [37m/wd/hub/session/f2f07f6c-aa13-4efb-bb54-0ae42e5f1be7[39m
[35m[HTTP][39m [90m{}[39m
[35m[HTTP][39m [37m<-- GET /wd/hub/session/f2f07f6c-aa13-4efb-bb54-0ae42e5f1be7 [39m[32m200[39m [90m23 ms - 1133[39m
[35m[HTTP][39m [90m[39m
[35m[HTTP][39m [37m-->[39m [37mGET[39m [37m/wd/hub/session/f2f07f6c-aa13-4efb-bb54-0ae42e5f1be7[39m
[35m[HTTP][39m [90m{}[39m
[35m[HTTP][39m [37m<-- GET /wd/hub/session/f2f07f6c-aa13-4efb-bb54-0ae42e5f1be7 [39m[32m200[39m [90m25 ms - 1133[39m
[35m[HTTP][39m [90m[39m
[35m[HTTP][39m [37m-->[39m [37mGET[39m [37m/wd/hub/session/f2f07f6c-aa13-4efb-bb54-0ae42e5f1be7[39m
[35m[HTTP][39m [90m{}[39m
[35m[HTTP][39m [37m<-- GET /wd/hub/session/f2f07f6c-aa13-4efb-bb54-0ae42e5f1be7 [39m[32m200[39m [90m23 ms - 1133[39m
[35m[HTTP][39m [90m[39m
[35m[HTTP][39m [37m-->[39m [37mGET[39m [37m/wd/hub/session/f2f07f6c-aa13-4efb-bb54-0ae42e5f1be7/element/12925476-d94e-4bef-ac2c-b123435df885/location[39m
[35m[HTTP][39m [90m{}[39m
[35m[W3C][39m Driver proxy active, passing request on via HTTP proxy
[35m[JSONWP Proxy][39m Replacing sessionId de4b8523-8d17-4f42-95dd-f7a6d8bbb4ab with f2f07f6c-aa13-4efb-bb54-0ae42e5f1be7
[35m[HTTP][39m [37m<-- GET /wd/hub/session/f2f07f6c-aa13-4efb-bb54-0ae42e5f1be7/element/12925476-d94e-4bef-ac2c-b123435df885/location [39m[32m200[39m [90m49 ms - 89[39m
[35m[HTTP][39m [90m[39m
[35m[HTTP][39m [37m-->[39m [37mGET[39m [37m/wd/hub/session/f2f07f6c-aa13-4efb-bb54-0ae42e5f1be7/window/current/size[39m
[35m[HTTP][39m [90m{}[39m
[35m[W3C][39m Driver proxy active, passing request on via HTTP proxy
[35m[JSONWP Proxy][39m Replacing sessionId de4b8523-8d17-4f42-95dd-f7a6d8bbb4ab with f2f07f6c-aa13-4efb-bb54-0ae42e5f1be7
[35m[HTTP][39m [37m<-- GET /wd/hub/session/f2f07f6c-aa13-4efb-bb54-0ae42e5f1be7/window/current/size [39m[32m200[39m [90m28 ms - 100[39m
[35m[HTTP][39m [90m[39m
[35m[HTTP][39m [37m-->[39m [37mPOST[39m [37m/wd/hub/session/f2f07f6c-aa13-4efb-bb54-0ae42e5f1be7/elements[39m
[35m[HTTP][39m [90m{"using":"-android uiautomator","value":"new UiSelector().className(\"android.widget.ImageView\").resourceId(\"it.sky.msa:id/heroChannelLogoImageView\").packageName(\"it.sky.msa\").instance(1)"}[39m
[35m[HTTP][39m [37m<-- POST /wd/hub/session/f2f07f6c-aa13-4efb-bb54-0ae42e5f1be7/elements [39m[32m200[39m [90m101 ms - 124[39m
[35m[HTTP][39m [90m[39m
[35m[HTTP][39m [37m-->[39m [37mGET[39m [37m/wd/hub/session/f2f07f6c-aa13-4efb-bb54-0ae42e5f1be7[39m
[35m[HTTP][39m [90m{}[39m
[35m[HTTP][39m [37m<-- GET /wd/hub/session/f2f07f6c-aa13-4efb-bb54-0ae42e5f1be7 [39m[32m200[39m [90m27 ms - 1133[39m
[35m[HTTP][39m [90m[39m
[35m[HTTP][39m [37m-->[39m [37mGET[39m [37m/wd/hub/session/f2f07f6c-aa13-4efb-bb54-0ae42e5f1be7[39m
[35m[HTTP][39m [90m{}[39m
[35m[HTTP][39m [37m<-- GET /wd/hub/session/f2f07f6c-aa13-4efb-bb54-0ae42e5f1be7 [39m[32m200[39m [90m29 ms - 1133[39m
[35m[HTTP][39m [90m[39m
[35m[HTTP][39m [37m-->[39m [37mGET[39m [37m/wd/hub/session/f2f07f6c-aa13-4efb-bb54-0ae42e5f1be7[39m
[35m[HTTP][39m [90m{}[39m
[35m[HTTP][39m [37m<-- GET /wd/hub/session/f2f07f6c-aa13-4efb-bb54-0ae42e5f1be7 [39m[32m200[39m [90m26 ms - 1133[39m
[35m[HTTP][39m [90m[39m
[35m[HTTP][39m [37m-->[39m [37mGET[39m [37m/wd/hub/session/f2f07f6c-aa13-4efb-bb54-0ae42e5f1be7[39m
[35m[HTTP][39m [90m{}[39m
[35m[HTTP][39m [37m<-- GET /wd/hub/session/f2f07f6c-aa13-4efb-bb54-0ae42e5f1be7 [39m[32m200[39m [90m33 ms - 1133[39m
[35m[HTTP][39m [90m[39m
[35m[HTTP][39m [37m-->[39m [37mGET[39m [37m/wd/hub/session/f2f07f6c-aa13-4efb-bb54-0ae42e5f1be7/element/0b01fe2f-1752-44ba-b8d5-da22936b4813/location[39m
[35m[HTTP][39m [90m{}[39m
[35m[W3C][39m Driver proxy active, passing request on via HTTP proxy
[35m[JSONWP Proxy][39m Replacing sessionId de4b8523-8d17-4f42-95dd-f7a6d8bbb4ab with f2f07f6c-aa13-4efb-bb54-0ae42e5f1be7
[35m[HTTP][39m [37m<-- GET /wd/hub/session/f2f07f6c-aa13-4efb-bb54-0ae42e5f1be7/element/0b01fe2f-1752-44ba-b8d5-da22936b4813/location [39m[32m200[39m [90m59 ms - 89[39m
[35m[HTTP][39m [90m[39m
[35m[HTTP][39m [37m-->[39m [37mGET[39m [37m/wd/hub/session/f2f07f6c-aa13-4efb-bb54-0ae42e5f1be7/element/0b01fe2f-1752-44ba-b8d5-da22936b4813/attribute/resourceId[39m
[35m[HTTP][39m [90m{}[39m
[35m[HTTP][39m [37m<-- GET /wd/hub/session/f2f07f6c-aa13-4efb-bb54-0ae42e5f1be7/element/0b01fe2f-1752-44ba-b8d5-da22936b4813/attribute/resourceId [39m[32m200[39m [90m50 ms - 112[39m
[35m[HTTP][39m [90m[39m
[35m[HTTP][39m [37m-->[39m [37mGET[39m [37m/wd/hub/session/f2f07f6c-aa13-4efb-bb54-0ae42e5f1be7/context[39m
[35m[HTTP][39m [90m{}[39m
[35m[HTTP][39m [37m<-- GET /wd/hub/session/f2f07f6c-aa13-4efb-bb54-0ae42e5f1be7/context [39m[32m200[39m [90m2 ms - 84[39m
[35m[HTTP][39m [90m[39m
[35m[HTTP][39m [37m-->[39m [37mGET[39m [37m/wd/hub/session/f2f07f6c-aa13-4efb-bb54-0ae42e5f1be7/contexts[39m
[35m[HTTP][39m [90m{}[39m
[35m[HTTP][39m [37m<-- GET /wd/hub/session/f2f07f6c-aa13-4efb-bb54-0ae42e5f1be7/contexts [39m[32m200[39m [90m109 ms - 86[39m
[35m[HTTP][39m [90m[39m
[35m[HTTP][39m [37m-->[39m [37mPOST[39m [37m/wd/hub/session/f2f07f6c-aa13-4efb-bb54-0ae42e5f1be7/context[39m
[35m[HTTP][39m [90m{"name":"NATIVE_APP"}[39m
[35m[HTTP][39m [37m<-- POST /wd/hub/session/f2f07f6c-aa13-4efb-bb54-0ae42e5f1be7/context [39m[32m200[39m [90m116 ms - 76[39m
[35m[HTTP][39m [90m[39m
[35m[HTTP][39m [37m-->[39m [37mPOST[39m [37m/wd/hub/session/f2f07f6c-aa13-4efb-bb54-0ae42e5f1be7/element[39m
[35m[HTTP][39m [90m{"using":"-android uiautomator","value":"new UiScrollable(new UiSelector().scrollable(true).instance(0)).scrollIntoView(new UiSelector().textContains(\"Scelti per te questa settimana\"))"}[39m
[35m[HTTP][39m [37m<-- POST /wd/hub/session/f2f07f6c-aa13-4efb-bb54-0ae42e5f1be7/element [39m[32m200[39m [90m119 ms - 122[39m
[35m[HTTP][39m [90m[39m
[35m[HTTP][39m [37m-->[39m [37mGET[39m [37m/wd/hub/session/f2f07f6c-aa13-4efb-bb54-0ae42e5f1be7[39m
[35m[HTTP][39m [90m{}[39m
[35m[HTTP][39m [37m<-- GET /wd/hub/session/f2f07f6c-aa13-4efb-bb54-0ae42e5f1be7 [39m[32m200[39m [90m19 ms - 1133[39m
[35m[HTTP][39m [90m[39m
[35m[HTTP][39m [37m-->[39m [37mGET[39m [37m/wd/hub/session/f2f07f6c-aa13-4efb-bb54-0ae42e5f1be7[39m
[35m[HTTP][39m [90m{}[39m
[35m[HTTP][39m [37m<-- GET /wd/hub/session/f2f07f6c-aa13-4efb-bb54-0ae42e5f1be7 [39m[32m200[39m [90m20 ms - 1133[39m
[35m[HTTP][39m [90m[39m
[35m[HTTP][39m [37m-->[39m [37mGET[39m [37m/wd/hub/session/f2f07f6c-aa13-4efb-bb54-0ae42e5f1be7[39m
[35m[HTTP][39m [90m{}[39m
[35m[HTTP][39m [37m<-- GET /wd/hub/session/f2f07f6c-aa13-4efb-bb54-0ae42e5f1be7 [39m[32m200[39m [90m21 ms - 1133[39m
[35m[HTTP][39m [90m[39m
[35m[HTTP][39m [37m-->[39m [37mGET[39m [37m/wd/hub/session/f2f07f6c-aa13-4efb-bb54-0ae42e5f1be7[39m
[35m[HTTP][39m [90m{}[39m
[35m[HTTP][39m [37m<-- GET /wd/hub/session/f2f07f6c-aa13-4efb-bb54-0ae42e5f1be7 [39m[32m200[39m [90m23 ms - 1133[39m
[35m[HTTP][39m [90m[39m
[35m[HTTP][39m [37m-->[39m [37mPOST[39m [37m/wd/hub/session/f2f07f6c-aa13-4efb-bb54-0ae42e5f1be7/context[39m
[35m[HTTP][39m [90m{"name":"NATIVE_APP"}[39m
[35m[HTTP][39m [37m<-- POST /wd/hub/session/f2f07f6c-aa13-4efb-bb54-0ae42e5f1be7/context [39m[32m200[39m [90m87 ms - 76[39m
[35m[HTTP][39m [90m[39m
[35m[HTTP][39m [37m-->[39m [37mDELETE[39m [37m/wd/hub/session/f2f07f6c-aa13-4efb-bb54-0ae42e5f1be7[39m
[35m[HTTP][39m [90m{}[39m
[35m[Appium][39m Removing session f2f07f6c-aa13-4efb-bb54-0ae42e5f1be7 from our master session list
[35m[HTTP][39m [37m<-- DELETE /wd/hub/session/f2f07f6c-aa13-4efb-bb54-0ae42e5f1be7 [39m[32m200[39m [90m307 ms - 76[39m
[35m[HTTP][39m [90m[39m
