[35m[Appium][39m Welcome to Appium v1.8.1
[35m[Appium][39m Non-default server args:
[35m[Appium][39m   port: 49610
[35m[Appium][39m   loglevel: info
[35m[Appium][39m   chromeDriverPort: 49611
[35m[Appium][39m   tmpDir: C:\Users\marco\AppData\Local\Temp\\Katalon\Appium\Temp1551275064307
[35m[Appium][39m Appium REST http interface listener started on 0.0.0.0:49610
[35m[HTTP][39m [37m-->[39m [37mGET[39m [37m/wd/hub/status[39m
[35m[HTTP][39m [90m{}[39m
[35m[HTTP][39m [37m<-- GET /wd/hub/status [39m[32m200[39m [90m49 ms - 83[39m
[35m[HTTP][39m [90m[39m
[35m[HTTP][39m [37m-->[39m [37mPOST[39m [37m/wd/hub/session[39m
[35m[HTTP][39m [90m{"desiredCapabilities":{"app":"C:\\Users\\MSA-testautomation\\59.apk","autoGrantPermissions":true,"automationName":"uiautomator2","deviceName":"samsung SM-G935F (Android 8.0.0)","fullReset":false,"newCommandTimeout":1800,"noReset":true,"platform":"ANDROID","platformName":"Android","udid":"9885f7504651473733"},"capabilities":{"desiredCapabilities":{"app":"C:\\Users\\MSA-testautomation\\59.apk","autoGrantPermissions":true,"automationName":"uiautomator2","deviceName":"samsung SM-G935F (Android 8.0.0)","fullReset":false,"newCommandTimeout":1800,"noReset":true,"platform":"ANDROID","platformName":"Android","udid":"9885f7504651473733"},"firstMatch":[{"platformName":"android"}]}}[39m
[35m[Appium][39m Could not parse W3C capabilities: 'deviceName' can't be blank. Falling back to JSONWP protocol.
[35m[Appium][39m The following capabilities were provided in the JSONWP desired capabilities that are missing in W3C capabilities: ["app","autoGrantPermissions","automationName","deviceName","fullReset","newCommandTimeout","noReset","platform","platformName","udid"]. Falling back to JSONWP protocol.
[35m[Appium][39m Creating new AndroidUiautomator2Driver (v1.12.0) session
[35m[Appium][39m Capabilities:
[35m[Appium][39m   app: C:\Users\MSA-testautomation\59.apk
[35m[Appium][39m   autoGrantPermissions: true
[35m[Appium][39m   automationName: uiautomator2
[35m[Appium][39m   deviceName: samsung SM-G935F (Android 8.0.0)
[35m[Appium][39m   fullReset: false
[35m[Appium][39m   newCommandTimeout: 1800
[35m[Appium][39m   noReset: true
[35m[Appium][39m   platform: ANDROID
[35m[Appium][39m   platformName: Android
[35m[Appium][39m   udid: 9885f7504651473733
[35m[BaseDriver][39m The following capabilities were provided, but are not recognized by appium: platform.
[35m[BaseDriver][39m Session created with session id: a8e1a330-73d4-4558-8cbf-243f086ed935
[35m[BaseDriver][39m Using local app 'C:\Users\MSA-testautomation\59.apk'
[35m[AndroidDriver][39m Java version is: 1.8.0_181
[35m[ADB][39m Checking whether adb is present
[35m[ADB][39m Found 1 'build-tools' folders under 'C:\Users\marco\.katalon\tools\android_sdk' (newest first):
[35m[ADB][39m     C:/Users/marco/.katalon/tools/android_sdk/build-tools/28.0.3
[35m[ADB][39m Using adb.exe from C:\Users\marco\.katalon\tools\android_sdk\platform-tools\adb.exe
[35m[AndroidDriver][39m Retrieving device list
[35m[AndroidDriver][39m Using device: 9885f7504651473733
[35m[ADB][39m Using the alternative activity name detection method because of: Could not find apkanalyzer.bat in C:\Users\marco\.katalon\tools\android_sdk\platform-tools\apkanalyzer.bat,C:\Users\marco\.katalon\tools\android_sdk\emulator\apkanalyzer.bat,C:\Users\marco\.katalon\tools\android_sdk\tools\apkanalyzer.bat,C:\Users\marco\.katalon\tools\android_sdk\tools\bin\apkanalyzer.bat,C:\Users\marco\.katalon\tools\android_sdk\build-tools\28.0.3\apkanalyzer.bat. Do you have the Android SDK installed at 'C:\Users\marco\.katalon\tools\android_sdk'?
[35m[ADB][39m Checking whether aapt is present
[35m[ADB][39m Using aapt.exe from C:\Users\marco\.katalon\tools\android_sdk\build-tools\28.0.3\aapt.exe
[35m[ADB][39m Extracting package and launch activity from manifest
[35m[ADB][39m Package name: 'it.sky.msa'
[35m[ADB][39m Main activity name: 'it.sky.msa.welcome.SplashActivity'
[35m[ADB][39m Getting device platform version
[35m[ADB][39m Using apksigner.bat from C:\Users\marco\.katalon\tools\android_sdk\build-tools\28.0.3\apksigner.bat
[35m[ADB][39m Checking whether zipalign is present
[35m[ADB][39m Using zipalign.exe from C:\Users\marco\.katalon\tools\android_sdk\build-tools\28.0.3\zipalign.exe
[35m[ADB][39m io.appium.uiautomator2.server was successfully uninstalled
[35m[ADB][39m io.appium.uiautomator2.server.test was successfully uninstalled
[35m[AndroidDriver][39m setDeviceLanguageCountry requires language or country.
[35m[AndroidDriver][39m Got language: 'null' and country: 'null'
[35m[ADB][39m Successfully extracted 218 strings from 'C:\Users\MSA-testautomation\59.apk' resources for '(default)' configuration
[35m[UiAutomator2][39m Starting uiautomator2 server 1.12.0
[35m[UiAutomator2][39m Using UIAutomator2 server from 'C:\Users\marco\AppData\Roaming\npm\node_modules\appium\node_modules\appium-uiautomator2-server\apks\appium-uiautomator2-server-v1.12.0.apk' and test from 'C:\Users\marco\AppData\Roaming\npm\node_modules\appium\node_modules\appium-uiautomator2-server\apks\appium-uiautomator2-server-debug-androidTest.apk'
[35m[UiAutomator2][39m Running command: 'adb -s 9885f7504651473733 shell am instrument -w io.appium.uiautomator2.server.test/android.support.test.runner.AndroidJUnitRunner'
[35m[UiAutomator2][39m Waiting up to 20000ms for UiAutomator2 to be online...
[35m[AndroidDriver][39m Screen already unlocked, doing nothing
[35m[UiAutomator2][39m UiAutomator2 did not start the activity we were waiting for, 'it.sky.msa/it.sky.msa.welcome.SplashActivity'. Starting it ourselves
[35m[Appium][39m New AndroidUiautomator2Driver session created successfully, session a8e1a330-73d4-4558-8cbf-243f086ed935 added to master session list
[35m[HTTP][39m [37m<-- POST /wd/hub/session [39m[32m200[39m [90m22574 ms - 1133[39m
[35m[HTTP][39m [90m[39m
[35m[HTTP][39m [37m-->[39m [37mGET[39m [37m/wd/hub/status[39m
[35m[HTTP][39m [90m{}[39m
[35m[HTTP][39m [37m<-- GET /wd/hub/status [39m[32m200[39m [90m48 ms - 55[39m
[35m[HTTP][39m [90m[39m
[35m[HTTP][39m [37m-->[39m [37mPOST[39m [37m/wd/hub/session/a8e1a330-73d4-4558-8cbf-243f086ed935/timeouts[39m
[35m[HTTP][39m [90m{"type":"implicit","ms":60000}[39m
[35m[HTTP][39m [37m<-- POST /wd/hub/session/a8e1a330-73d4-4558-8cbf-243f086ed935/timeouts [39m[33m400[39m [90m24 ms - 5204[39m
[35m[HTTP][39m [90m[39m
[35m[HTTP][39m [37m-->[39m [37mGET[39m [37m/wd/hub/session/a8e1a330-73d4-4558-8cbf-243f086ed935/window/current/size[39m
[35m[HTTP][39m [90m{}[39m
[35m[W3C][39m Driver proxy active, passing request on via HTTP proxy
[35m[JSONWP Proxy][39m Replacing sessionId 6650ca84-96da-47c1-85ca-f6fa3232867a with a8e1a330-73d4-4558-8cbf-243f086ed935
[35m[HTTP][39m [37m<-- GET /wd/hub/session/a8e1a330-73d4-4558-8cbf-243f086ed935/window/current/size [39m[32m200[39m [90m35 ms - 100[39m
[35m[HTTP][39m [90m[39m
[35m[HTTP][39m [37m-->[39m [37mPOST[39m [37m/wd/hub/session/a8e1a330-73d4-4558-8cbf-243f086ed935/elements[39m
[35m[HTTP][39m [90m{"using":"-android uiautomator","value":"new UiSelector().className(\"android.widget.TextView\").text(\"Home\").resourceId(\"it.sky.msa:id/title\").instance(4)"}[39m
[35m[HTTP][39m [37m<-- POST /wd/hub/session/a8e1a330-73d4-4558-8cbf-243f086ed935/elements [39m[32m200[39m [90m266 ms - 74[39m
[35m[HTTP][39m [90m[39m
[35m[HTTP][39m [37m-->[39m [37mPOST[39m [37m/wd/hub/session/a8e1a330-73d4-4558-8cbf-243f086ed935/elements[39m
[35m[HTTP][39m [90m{"using":"-android uiautomator","value":"new UiSelector().className(\"android.widget.TextView\").text(\"Home\").resourceId(\"it.sky.msa:id/title\").instance(4)"}[39m
[35m[HTTP][39m [37m<-- POST /wd/hub/session/a8e1a330-73d4-4558-8cbf-243f086ed935/elements [39m[32m200[39m [90m89 ms - 74[39m
[35m[HTTP][39m [90m[39m
[35m[HTTP][39m [37m-->[39m [37mPOST[39m [37m/wd/hub/session/a8e1a330-73d4-4558-8cbf-243f086ed935/elements[39m
[35m[HTTP][39m [90m{"using":"-android uiautomator","value":"new UiSelector().className(\"android.widget.TextView\").text(\"Home\").resourceId(\"it.sky.msa:id/title\").instance(4)"}[39m
[35m[HTTP][39m [37m<-- POST /wd/hub/session/a8e1a330-73d4-4558-8cbf-243f086ed935/elements [39m[32m200[39m [90m66 ms - 74[39m
[35m[HTTP][39m [90m[39m
[35m[HTTP][39m [37m-->[39m [37mPOST[39m [37m/wd/hub/session/a8e1a330-73d4-4558-8cbf-243f086ed935/elements[39m
[35m[HTTP][39m [90m{"using":"-android uiautomator","value":"new UiSelector().className(\"android.widget.TextView\").text(\"Home\").resourceId(\"it.sky.msa:id/title\").instance(4)"}[39m
[35m[HTTP][39m [37m<-- POST /wd/hub/session/a8e1a330-73d4-4558-8cbf-243f086ed935/elements [39m[32m200[39m [90m71 ms - 74[39m
[35m[HTTP][39m [90m[39m
[35m[HTTP][39m [37m-->[39m [37mPOST[39m [37m/wd/hub/session/a8e1a330-73d4-4558-8cbf-243f086ed935/elements[39m
[35m[HTTP][39m [90m{"using":"-android uiautomator","value":"new UiSelector().className(\"android.widget.TextView\").text(\"Home\").resourceId(\"it.sky.msa:id/title\").instance(4)"}[39m
[35m[HTTP][39m [37m<-- POST /wd/hub/session/a8e1a330-73d4-4558-8cbf-243f086ed935/elements [39m[32m200[39m [90m72 ms - 74[39m
[35m[HTTP][39m [90m[39m
[35m[HTTP][39m [37m-->[39m [37mPOST[39m [37m/wd/hub/session/a8e1a330-73d4-4558-8cbf-243f086ed935/elements[39m
[35m[HTTP][39m [90m{"using":"-android uiautomator","value":"new UiSelector().className(\"android.widget.TextView\").text(\"Home\").resourceId(\"it.sky.msa:id/title\").instance(4)"}[39m
[35m[HTTP][39m [37m<-- POST /wd/hub/session/a8e1a330-73d4-4558-8cbf-243f086ed935/elements [39m[32m200[39m [90m61 ms - 74[39m
[35m[HTTP][39m [90m[39m
[35m[HTTP][39m [37m-->[39m [37mPOST[39m [37m/wd/hub/session/a8e1a330-73d4-4558-8cbf-243f086ed935/elements[39m
[35m[HTTP][39m [90m{"using":"-android uiautomator","value":"new UiSelector().className(\"android.widget.TextView\").text(\"Home\").resourceId(\"it.sky.msa:id/title\").instance(4)"}[39m
[35m[HTTP][39m [37m<-- POST /wd/hub/session/a8e1a330-73d4-4558-8cbf-243f086ed935/elements [39m[32m200[39m [90m49 ms - 74[39m
[35m[HTTP][39m [90m[39m
[35m[HTTP][39m [37m-->[39m [37mPOST[39m [37m/wd/hub/session/a8e1a330-73d4-4558-8cbf-243f086ed935/elements[39m
[35m[HTTP][39m [90m{"using":"-android uiautomator","value":"new UiSelector().className(\"android.widget.TextView\").text(\"Home\").resourceId(\"it.sky.msa:id/title\").instance(4)"}[39m
[35m[HTTP][39m [37m<-- POST /wd/hub/session/a8e1a330-73d4-4558-8cbf-243f086ed935/elements [39m[32m200[39m [90m70 ms - 74[39m
[35m[HTTP][39m [90m[39m
[35m[HTTP][39m [37m-->[39m [37mPOST[39m [37m/wd/hub/session/a8e1a330-73d4-4558-8cbf-243f086ed935/elements[39m
[35m[HTTP][39m [90m{"using":"-android uiautomator","value":"new UiSelector().className(\"android.widget.TextView\").text(\"Home\").resourceId(\"it.sky.msa:id/title\").instance(4)"}[39m
[35m[HTTP][39m [37m<-- POST /wd/hub/session/a8e1a330-73d4-4558-8cbf-243f086ed935/elements [39m[32m200[39m [90m59 ms - 74[39m
[35m[HTTP][39m [90m[39m
[35m[HTTP][39m [37m-->[39m [37mPOST[39m [37m/wd/hub/session/a8e1a330-73d4-4558-8cbf-243f086ed935/elements[39m
[35m[HTTP][39m [90m{"using":"-android uiautomator","value":"new UiSelector().className(\"android.widget.TextView\").text(\"Home\").resourceId(\"it.sky.msa:id/title\").instance(4)"}[39m
[35m[HTTP][39m [37m<-- POST /wd/hub/session/a8e1a330-73d4-4558-8cbf-243f086ed935/elements [39m[32m200[39m [90m61 ms - 74[39m
[35m[HTTP][39m [90m[39m
[35m[HTTP][39m [37m-->[39m [37mPOST[39m [37m/wd/hub/session/a8e1a330-73d4-4558-8cbf-243f086ed935/elements[39m
[35m[HTTP][39m [90m{"using":"-android uiautomator","value":"new UiSelector().className(\"android.widget.TextView\").text(\"Home\").resourceId(\"it.sky.msa:id/title\").instance(4)"}[39m
[35m[HTTP][39m [37m<-- POST /wd/hub/session/a8e1a330-73d4-4558-8cbf-243f086ed935/elements [39m[32m200[39m [90m87 ms - 74[39m
[35m[HTTP][39m [90m[39m
[35m[HTTP][39m [37m-->[39m [37mPOST[39m [37m/wd/hub/session/a8e1a330-73d4-4558-8cbf-243f086ed935/elements[39m
[35m[HTTP][39m [90m{"using":"-android uiautomator","value":"new UiSelector().className(\"android.widget.TextView\").text(\"Home\").resourceId(\"it.sky.msa:id/title\").instance(4)"}[39m
[35m[HTTP][39m [37m<-- POST /wd/hub/session/a8e1a330-73d4-4558-8cbf-243f086ed935/elements [39m[32m200[39m [90m78 ms - 74[39m
[35m[HTTP][39m [90m[39m
[35m[HTTP][39m [37m-->[39m [37mPOST[39m [37m/wd/hub/session/a8e1a330-73d4-4558-8cbf-243f086ed935/elements[39m
[35m[HTTP][39m [90m{"using":"-android uiautomator","value":"new UiSelector().className(\"android.widget.TextView\").text(\"Home\").resourceId(\"it.sky.msa:id/title\").instance(4)"}[39m
[35m[HTTP][39m [37m<-- POST /wd/hub/session/a8e1a330-73d4-4558-8cbf-243f086ed935/elements [39m[32m200[39m [90m69 ms - 74[39m
[35m[HTTP][39m [90m[39m
[35m[HTTP][39m [37m-->[39m [37mPOST[39m [37m/wd/hub/session/a8e1a330-73d4-4558-8cbf-243f086ed935/elements[39m
[35m[HTTP][39m [90m{"using":"-android uiautomator","value":"new UiSelector().className(\"android.widget.TextView\").text(\"Home\").resourceId(\"it.sky.msa:id/title\").instance(4)"}[39m
[35m[HTTP][39m [37m<-- POST /wd/hub/session/a8e1a330-73d4-4558-8cbf-243f086ed935/elements [39m[32m200[39m [90m69 ms - 74[39m
[35m[HTTP][39m [90m[39m
[35m[HTTP][39m [37m-->[39m [37mPOST[39m [37m/wd/hub/session/a8e1a330-73d4-4558-8cbf-243f086ed935/elements[39m
[35m[HTTP][39m [90m{"using":"-android uiautomator","value":"new UiSelector().className(\"android.widget.TextView\").text(\"Home\").resourceId(\"it.sky.msa:id/title\").instance(4)"}[39m
[35m[HTTP][39m [37m<-- POST /wd/hub/session/a8e1a330-73d4-4558-8cbf-243f086ed935/elements [39m[32m200[39m [90m99 ms - 74[39m
[35m[HTTP][39m [90m[39m
[35m[HTTP][39m [37m-->[39m [37mPOST[39m [37m/wd/hub/session/a8e1a330-73d4-4558-8cbf-243f086ed935/elements[39m
[35m[HTTP][39m [90m{"using":"-android uiautomator","value":"new UiSelector().className(\"android.widget.TextView\").text(\"Home\").resourceId(\"it.sky.msa:id/title\").instance(4)"}[39m
[35m[HTTP][39m [37m<-- POST /wd/hub/session/a8e1a330-73d4-4558-8cbf-243f086ed935/elements [39m[32m200[39m [90m79 ms - 74[39m
[35m[HTTP][39m [90m[39m
[35m[HTTP][39m [37m-->[39m [37mPOST[39m [37m/wd/hub/session/a8e1a330-73d4-4558-8cbf-243f086ed935/elements[39m
[35m[HTTP][39m [90m{"using":"-android uiautomator","value":"new UiSelector().className(\"android.widget.TextView\").text(\"Home\").resourceId(\"it.sky.msa:id/title\").instance(4)"}[39m
[35m[HTTP][39m [37m<-- POST /wd/hub/session/a8e1a330-73d4-4558-8cbf-243f086ed935/elements [39m[32m200[39m [90m77 ms - 74[39m
[35m[HTTP][39m [90m[39m
[35m[HTTP][39m [37m-->[39m [37mPOST[39m [37m/wd/hub/session/a8e1a330-73d4-4558-8cbf-243f086ed935/elements[39m
[35m[HTTP][39m [90m{"using":"-android uiautomator","value":"new UiSelector().className(\"android.widget.TextView\").text(\"Home\").resourceId(\"it.sky.msa:id/title\").instance(4)"}[39m
[35m[HTTP][39m [37m<-- POST /wd/hub/session/a8e1a330-73d4-4558-8cbf-243f086ed935/elements [39m[32m200[39m [90m73 ms - 74[39m
[35m[HTTP][39m [90m[39m
[35m[HTTP][39m [37m-->[39m [37mPOST[39m [37m/wd/hub/session/a8e1a330-73d4-4558-8cbf-243f086ed935/elements[39m
[35m[HTTP][39m [90m{"using":"-android uiautomator","value":"new UiSelector().className(\"android.widget.TextView\").text(\"Home\").resourceId(\"it.sky.msa:id/title\").instance(4)"}[39m
[35m[HTTP][39m [37m<-- POST /wd/hub/session/a8e1a330-73d4-4558-8cbf-243f086ed935/elements [39m[32m200[39m [90m70 ms - 74[39m
[35m[HTTP][39m [90m[39m
[35m[HTTP][39m [37m-->[39m [37mPOST[39m [37m/wd/hub/session/a8e1a330-73d4-4558-8cbf-243f086ed935/elements[39m
[35m[HTTP][39m [90m{"using":"-android uiautomator","value":"new UiSelector().className(\"android.widget.TextView\").text(\"Home\").resourceId(\"it.sky.msa:id/title\").instance(4)"}[39m
[35m[HTTP][39m [37m<-- POST /wd/hub/session/a8e1a330-73d4-4558-8cbf-243f086ed935/elements [39m[32m200[39m [90m67 ms - 74[39m
[35m[HTTP][39m [90m[39m
[35m[HTTP][39m [37m-->[39m [37mPOST[39m [37m/wd/hub/session/a8e1a330-73d4-4558-8cbf-243f086ed935/elements[39m
[35m[HTTP][39m [90m{"using":"-android uiautomator","value":"new UiSelector().className(\"android.widget.TextView\").text(\"Home\").resourceId(\"it.sky.msa:id/title\").instance(4)"}[39m
[35m[HTTP][39m [37m<-- POST /wd/hub/session/a8e1a330-73d4-4558-8cbf-243f086ed935/elements [39m[32m200[39m [90m70 ms - 74[39m
[35m[HTTP][39m [90m[39m
[35m[HTTP][39m [37m-->[39m [37mPOST[39m [37m/wd/hub/session/a8e1a330-73d4-4558-8cbf-243f086ed935/elements[39m
[35m[HTTP][39m [90m{"using":"-android uiautomator","value":"new UiSelector().className(\"android.widget.TextView\").text(\"Home\").resourceId(\"it.sky.msa:id/title\").instance(4)"}[39m
[35m[HTTP][39m [37m<-- POST /wd/hub/session/a8e1a330-73d4-4558-8cbf-243f086ed935/elements [39m[32m200[39m [90m77 ms - 74[39m
[35m[HTTP][39m [90m[39m
[35m[HTTP][39m [37m-->[39m [37mPOST[39m [37m/wd/hub/session/a8e1a330-73d4-4558-8cbf-243f086ed935/elements[39m
[35m[HTTP][39m [90m{"using":"-android uiautomator","value":"new UiSelector().className(\"android.widget.TextView\").text(\"Home\").resourceId(\"it.sky.msa:id/title\").instance(4)"}[39m
[35m[HTTP][39m [37m<-- POST /wd/hub/session/a8e1a330-73d4-4558-8cbf-243f086ed935/elements [39m[32m200[39m [90m76 ms - 74[39m
[35m[HTTP][39m [90m[39m
[35m[HTTP][39m [37m-->[39m [37mPOST[39m [37m/wd/hub/session/a8e1a330-73d4-4558-8cbf-243f086ed935/elements[39m
[35m[HTTP][39m [90m{"using":"-android uiautomator","value":"new UiSelector().className(\"android.widget.TextView\").text(\"Home\").resourceId(\"it.sky.msa:id/title\").instance(4)"}[39m
[35m[HTTP][39m [37m<-- POST /wd/hub/session/a8e1a330-73d4-4558-8cbf-243f086ed935/elements [39m[32m200[39m [90m72 ms - 74[39m
[35m[HTTP][39m [90m[39m
[35m[HTTP][39m [37m-->[39m [37mPOST[39m [37m/wd/hub/session/a8e1a330-73d4-4558-8cbf-243f086ed935/elements[39m
[35m[HTTP][39m [90m{"using":"-android uiautomator","value":"new UiSelector().className(\"android.widget.TextView\").text(\"Home\").resourceId(\"it.sky.msa:id/title\").instance(4)"}[39m
[35m[HTTP][39m [37m<-- POST /wd/hub/session/a8e1a330-73d4-4558-8cbf-243f086ed935/elements [39m[32m200[39m [90m910 ms - 124[39m
[35m[HTTP][39m [90m[39m
[35m[HTTP][39m [37m-->[39m [37mGET[39m [37m/wd/hub/session/a8e1a330-73d4-4558-8cbf-243f086ed935[39m
[35m[HTTP][39m [90m{}[39m
[35m[HTTP][39m [37m<-- GET /wd/hub/session/a8e1a330-73d4-4558-8cbf-243f086ed935 [39m[32m200[39m [90m29 ms - 1133[39m
[35m[HTTP][39m [90m[39m
[35m[HTTP][39m [37m-->[39m [37mGET[39m [37m/wd/hub/session/a8e1a330-73d4-4558-8cbf-243f086ed935[39m
[35m[HTTP][39m [90m{}[39m
[35m[HTTP][39m [37m<-- GET /wd/hub/session/a8e1a330-73d4-4558-8cbf-243f086ed935 [39m[32m200[39m [90m28 ms - 1133[39m
[35m[HTTP][39m [90m[39m
[35m[HTTP][39m [37m-->[39m [37mGET[39m [37m/wd/hub/session/a8e1a330-73d4-4558-8cbf-243f086ed935[39m
[35m[HTTP][39m [90m{}[39m
[35m[HTTP][39m [37m<-- GET /wd/hub/session/a8e1a330-73d4-4558-8cbf-243f086ed935 [39m[32m200[39m [90m25 ms - 1133[39m
[35m[HTTP][39m [90m[39m
[35m[HTTP][39m [37m-->[39m [37mGET[39m [37m/wd/hub/session/a8e1a330-73d4-4558-8cbf-243f086ed935[39m
[35m[HTTP][39m [90m{}[39m
[35m[HTTP][39m [37m<-- GET /wd/hub/session/a8e1a330-73d4-4558-8cbf-243f086ed935 [39m[32m200[39m [90m29 ms - 1133[39m
[35m[HTTP][39m [90m[39m
[35m[HTTP][39m [37m-->[39m [37mGET[39m [37m/wd/hub/session/a8e1a330-73d4-4558-8cbf-243f086ed935/element/f30f9c19-1021-4171-a699-dae66b872d8c/location[39m
[35m[HTTP][39m [90m{}[39m
[35m[W3C][39m Driver proxy active, passing request on via HTTP proxy
[35m[JSONWP Proxy][39m Replacing sessionId 6650ca84-96da-47c1-85ca-f6fa3232867a with a8e1a330-73d4-4558-8cbf-243f086ed935
[35m[HTTP][39m [37m<-- GET /wd/hub/session/a8e1a330-73d4-4558-8cbf-243f086ed935/element/f30f9c19-1021-4171-a699-dae66b872d8c/location [39m[32m200[39m [90m65 ms - 89[39m
[35m[HTTP][39m [90m[39m
[35m[HTTP][39m [37m-->[39m [37mGET[39m [37m/wd/hub/session/a8e1a330-73d4-4558-8cbf-243f086ed935/window/current/size[39m
[35m[HTTP][39m [90m{}[39m
[35m[W3C][39m Driver proxy active, passing request on via HTTP proxy
[35m[JSONWP Proxy][39m Replacing sessionId 6650ca84-96da-47c1-85ca-f6fa3232867a with a8e1a330-73d4-4558-8cbf-243f086ed935
[35m[HTTP][39m [37m<-- GET /wd/hub/session/a8e1a330-73d4-4558-8cbf-243f086ed935/window/current/size [39m[32m200[39m [90m36 ms - 100[39m
[35m[HTTP][39m [90m[39m
[35m[HTTP][39m [37m-->[39m [37mPOST[39m [37m/wd/hub/session/a8e1a330-73d4-4558-8cbf-243f086ed935/elements[39m
[35m[HTTP][39m [90m{"using":"-android uiautomator","value":"new UiSelector().className(\"android.widget.TextView\").text(\"Guida TV\").resourceId(\"it.sky.msa:id/title\").instance(5)"}[39m
[35m[HTTP][39m [37m<-- POST /wd/hub/session/a8e1a330-73d4-4558-8cbf-243f086ed935/elements [39m[32m200[39m [90m139 ms - 124[39m
[35m[HTTP][39m [90m[39m
[35m[HTTP][39m [37m-->[39m [37mGET[39m [37m/wd/hub/session/a8e1a330-73d4-4558-8cbf-243f086ed935[39m
[35m[HTTP][39m [90m{}[39m
[35m[HTTP][39m [37m<-- GET /wd/hub/session/a8e1a330-73d4-4558-8cbf-243f086ed935 [39m[32m200[39m [90m27 ms - 1133[39m
[35m[HTTP][39m [90m[39m
[35m[HTTP][39m [37m-->[39m [37mGET[39m [37m/wd/hub/session/a8e1a330-73d4-4558-8cbf-243f086ed935[39m
[35m[HTTP][39m [90m{}[39m
[35m[HTTP][39m [37m<-- GET /wd/hub/session/a8e1a330-73d4-4558-8cbf-243f086ed935 [39m[32m200[39m [90m30 ms - 1133[39m
[35m[HTTP][39m [90m[39m
[35m[HTTP][39m [37m-->[39m [37mGET[39m [37m/wd/hub/session/a8e1a330-73d4-4558-8cbf-243f086ed935[39m
[35m[HTTP][39m [90m{}[39m
[35m[HTTP][39m [37m<-- GET /wd/hub/session/a8e1a330-73d4-4558-8cbf-243f086ed935 [39m[32m200[39m [90m25 ms - 1133[39m
[35m[HTTP][39m [90m[39m
[35m[HTTP][39m [37m-->[39m [37mGET[39m [37m/wd/hub/session/a8e1a330-73d4-4558-8cbf-243f086ed935[39m
[35m[HTTP][39m [90m{}[39m
[35m[HTTP][39m [37m<-- GET /wd/hub/session/a8e1a330-73d4-4558-8cbf-243f086ed935 [39m[32m200[39m [90m26 ms - 1133[39m
[35m[HTTP][39m [90m[39m
[35m[HTTP][39m [37m-->[39m [37mGET[39m [37m/wd/hub/session/a8e1a330-73d4-4558-8cbf-243f086ed935/element/7430219d-9300-4697-b801-c93c9c4fec87/location[39m
[35m[HTTP][39m [90m{}[39m
[35m[W3C][39m Driver proxy active, passing request on via HTTP proxy
[35m[JSONWP Proxy][39m Replacing sessionId 6650ca84-96da-47c1-85ca-f6fa3232867a with a8e1a330-73d4-4558-8cbf-243f086ed935
[35m[HTTP][39m [37m<-- GET /wd/hub/session/a8e1a330-73d4-4558-8cbf-243f086ed935/element/7430219d-9300-4697-b801-c93c9c4fec87/location [39m[32m200[39m [90m74 ms - 90[39m
[35m[HTTP][39m [90m[39m
[35m[HTTP][39m [37m-->[39m [37mPOST[39m [37m/wd/hub/session/a8e1a330-73d4-4558-8cbf-243f086ed935/touch/perform[39m
[35m[HTTP][39m [90m{"actions":[{"action":"tap","options":{"element":"7430219d-9300-4697-b801-c93c9c4fec87","x":1,"y":1}}]}[39m
[35m[UiAutomator2][39m calling get location: 7430219d-9300-4697-b801-c93c9c4fec87
[35m[HTTP][39m [37m<-- POST /wd/hub/session/a8e1a330-73d4-4558-8cbf-243f086ed935/touch/perform [39m[32m200[39m [90m1135 ms - 76[39m
[35m[HTTP][39m [90m[39m
[35m[HTTP][39m [37m-->[39m [37mGET[39m [37m/wd/hub/session/a8e1a330-73d4-4558-8cbf-243f086ed935/window/current/size[39m
[35m[HTTP][39m [90m{}[39m
[35m[W3C][39m Driver proxy active, passing request on via HTTP proxy
[35m[JSONWP Proxy][39m Replacing sessionId 6650ca84-96da-47c1-85ca-f6fa3232867a with a8e1a330-73d4-4558-8cbf-243f086ed935
[35m[HTTP][39m [37m<-- GET /wd/hub/session/a8e1a330-73d4-4558-8cbf-243f086ed935/window/current/size [39m[32m200[39m [90m38 ms - 100[39m
[35m[HTTP][39m [90m[39m
[35m[HTTP][39m [37m-->[39m [37mPOST[39m [37m/wd/hub/session/a8e1a330-73d4-4558-8cbf-243f086ed935/elements[39m
[35m[HTTP][39m [90m{"using":"-android uiautomator","value":"new UiSelector().className(\"android.widget.ImageView\").resourceId(\"it.sky.msa:id/heroImageImageView\").instance(0)"}[39m
[35m[HTTP][39m [37m<-- POST /wd/hub/session/a8e1a330-73d4-4558-8cbf-243f086ed935/elements [39m[32m200[39m [90m118 ms - 74[39m
[35m[HTTP][39m [90m[39m
[35m[HTTP][39m [37m-->[39m [37mPOST[39m [37m/wd/hub/session/a8e1a330-73d4-4558-8cbf-243f086ed935/elements[39m
[35m[HTTP][39m [90m{"using":"-android uiautomator","value":"new UiSelector().className(\"android.widget.ImageView\").resourceId(\"it.sky.msa:id/heroImageImageView\").instance(0)"}[39m
[35m[HTTP][39m [37m<-- POST /wd/hub/session/a8e1a330-73d4-4558-8cbf-243f086ed935/elements [39m[32m200[39m [90m101 ms - 74[39m
[35m[HTTP][39m [90m[39m
[35m[HTTP][39m [37m-->[39m [37mPOST[39m [37m/wd/hub/session/a8e1a330-73d4-4558-8cbf-243f086ed935/elements[39m
[35m[HTTP][39m [90m{"using":"-android uiautomator","value":"new UiSelector().className(\"android.widget.ImageView\").resourceId(\"it.sky.msa:id/heroImageImageView\").instance(0)"}[39m
[35m[HTTP][39m [37m<-- POST /wd/hub/session/a8e1a330-73d4-4558-8cbf-243f086ed935/elements [39m[32m200[39m [90m111 ms - 74[39m
[35m[HTTP][39m [90m[39m
[35m[HTTP][39m [37m-->[39m [37mPOST[39m [37m/wd/hub/session/a8e1a330-73d4-4558-8cbf-243f086ed935/elements[39m
[35m[HTTP][39m [90m{"using":"-android uiautomator","value":"new UiSelector().className(\"android.widget.ImageView\").resourceId(\"it.sky.msa:id/heroImageImageView\").instance(0)"}[39m
[35m[HTTP][39m [37m<-- POST /wd/hub/session/a8e1a330-73d4-4558-8cbf-243f086ed935/elements [39m[32m200[39m [90m85 ms - 74[39m
[35m[HTTP][39m [90m[39m
[35m[HTTP][39m [37m-->[39m [37mPOST[39m [37m/wd/hub/session/a8e1a330-73d4-4558-8cbf-243f086ed935/elements[39m
[35m[HTTP][39m [90m{"using":"-android uiautomator","value":"new UiSelector().className(\"android.widget.ImageView\").resourceId(\"it.sky.msa:id/heroImageImageView\").instance(0)"}[39m
[35m[HTTP][39m [37m<-- POST /wd/hub/session/a8e1a330-73d4-4558-8cbf-243f086ed935/elements [39m[32m200[39m [90m79 ms - 74[39m
[35m[HTTP][39m [90m[39m
[35m[HTTP][39m [37m-->[39m [37mPOST[39m [37m/wd/hub/session/a8e1a330-73d4-4558-8cbf-243f086ed935/elements[39m
[35m[HTTP][39m [90m{"using":"-android uiautomator","value":"new UiSelector().className(\"android.widget.ImageView\").resourceId(\"it.sky.msa:id/heroImageImageView\").instance(0)"}[39m
[35m[HTTP][39m [37m<-- POST /wd/hub/session/a8e1a330-73d4-4558-8cbf-243f086ed935/elements [39m[32m200[39m [90m111 ms - 74[39m
[35m[HTTP][39m [90m[39m
[35m[HTTP][39m [37m-->[39m [37mPOST[39m [37m/wd/hub/session/a8e1a330-73d4-4558-8cbf-243f086ed935/elements[39m
[35m[HTTP][39m [90m{"using":"-android uiautomator","value":"new UiSelector().className(\"android.widget.ImageView\").resourceId(\"it.sky.msa:id/heroImageImageView\").instance(0)"}[39m
[35m[HTTP][39m [37m<-- POST /wd/hub/session/a8e1a330-73d4-4558-8cbf-243f086ed935/elements [39m[32m200[39m [90m83 ms - 74[39m
[35m[HTTP][39m [90m[39m
[35m[HTTP][39m [37m-->[39m [37mPOST[39m [37m/wd/hub/session/a8e1a330-73d4-4558-8cbf-243f086ed935/elements[39m
[35m[HTTP][39m [90m{"using":"-android uiautomator","value":"new UiSelector().className(\"android.widget.ImageView\").resourceId(\"it.sky.msa:id/heroImageImageView\").instance(0)"}[39m
[35m[HTTP][39m [37m<-- POST /wd/hub/session/a8e1a330-73d4-4558-8cbf-243f086ed935/elements [39m[32m200[39m [90m945 ms - 74[39m
[35m[HTTP][39m [90m[39m
[35m[HTTP][39m [37m-->[39m [37mPOST[39m [37m/wd/hub/session/a8e1a330-73d4-4558-8cbf-243f086ed935/elements[39m
[35m[HTTP][39m [90m{"using":"-android uiautomator","value":"new UiSelector().className(\"android.widget.ImageView\").resourceId(\"it.sky.msa:id/heroImageImageView\").instance(0)"}[39m
[35m[HTTP][39m [37m<-- POST /wd/hub/session/a8e1a330-73d4-4558-8cbf-243f086ed935/elements [39m[32m200[39m [90m775 ms - 124[39m
[35m[HTTP][39m [90m[39m
[35m[HTTP][39m [37m-->[39m [37mGET[39m [37m/wd/hub/session/a8e1a330-73d4-4558-8cbf-243f086ed935[39m
[35m[HTTP][39m [90m{}[39m
[35m[HTTP][39m [37m<-- GET /wd/hub/session/a8e1a330-73d4-4558-8cbf-243f086ed935 [39m[32m200[39m [90m35 ms - 1133[39m
[35m[HTTP][39m [90m[39m
[35m[HTTP][39m [37m-->[39m [37mGET[39m [37m/wd/hub/session/a8e1a330-73d4-4558-8cbf-243f086ed935[39m
[35m[HTTP][39m [90m{}[39m
[35m[HTTP][39m [37m<-- GET /wd/hub/session/a8e1a330-73d4-4558-8cbf-243f086ed935 [39m[32m200[39m [90m29 ms - 1133[39m
[35m[HTTP][39m [90m[39m
[35m[HTTP][39m [37m-->[39m [37mGET[39m [37m/wd/hub/session/a8e1a330-73d4-4558-8cbf-243f086ed935[39m
[35m[HTTP][39m [90m{}[39m
[35m[HTTP][39m [37m<-- GET /wd/hub/session/a8e1a330-73d4-4558-8cbf-243f086ed935 [39m[32m200[39m [90m43 ms - 1133[39m
[35m[HTTP][39m [90m[39m
[35m[HTTP][39m [37m-->[39m [37mGET[39m [37m/wd/hub/session/a8e1a330-73d4-4558-8cbf-243f086ed935[39m
[35m[HTTP][39m [90m{}[39m
[35m[HTTP][39m [37m<-- GET /wd/hub/session/a8e1a330-73d4-4558-8cbf-243f086ed935 [39m[32m200[39m [90m28 ms - 1133[39m
[35m[HTTP][39m [90m[39m
[35m[HTTP][39m [37m-->[39m [37mGET[39m [37m/wd/hub/session/a8e1a330-73d4-4558-8cbf-243f086ed935/element/723397d6-9410-4cf1-8c37-4a968804e107/location[39m
[35m[HTTP][39m [90m{}[39m
[35m[W3C][39m Driver proxy active, passing request on via HTTP proxy
[35m[JSONWP Proxy][39m Replacing sessionId 6650ca84-96da-47c1-85ca-f6fa3232867a with a8e1a330-73d4-4558-8cbf-243f086ed935
[35m[HTTP][39m [37m<-- GET /wd/hub/session/a8e1a330-73d4-4558-8cbf-243f086ed935/element/723397d6-9410-4cf1-8c37-4a968804e107/location [39m[32m200[39m [90m100 ms - 87[39m
[35m[HTTP][39m [90m[39m
[35m[HTTP][39m [37m-->[39m [37mGET[39m [37m/wd/hub/session/a8e1a330-73d4-4558-8cbf-243f086ed935/window/current/size[39m
[35m[HTTP][39m [90m{}[39m
[35m[W3C][39m Driver proxy active, passing request on via HTTP proxy
[35m[JSONWP Proxy][39m Replacing sessionId 6650ca84-96da-47c1-85ca-f6fa3232867a with a8e1a330-73d4-4558-8cbf-243f086ed935
[35m[HTTP][39m [37m<-- GET /wd/hub/session/a8e1a330-73d4-4558-8cbf-243f086ed935/window/current/size [39m[32m200[39m [90m40 ms - 100[39m
[35m[HTTP][39m [90m[39m
[35m[HTTP][39m [37m-->[39m [37mPOST[39m [37m/wd/hub/session/a8e1a330-73d4-4558-8cbf-243f086ed935/elements[39m
[35m[HTTP][39m [90m{"using":"-android uiautomator","value":"new UiSelector().className(\"android.widget.TextView\").text(\"GUIDA TV\").resourceId(\"it.sky.msa:id/headerTitle\").instance(0)"}[39m
[35m[HTTP][39m [37m<-- POST /wd/hub/session/a8e1a330-73d4-4558-8cbf-243f086ed935/elements [39m[32m200[39m [90m123 ms - 124[39m
[35m[HTTP][39m [90m[39m
[35m[HTTP][39m [37m-->[39m [37mGET[39m [37m/wd/hub/session/a8e1a330-73d4-4558-8cbf-243f086ed935[39m
[35m[HTTP][39m [90m{}[39m
[35m[HTTP][39m [37m<-- GET /wd/hub/session/a8e1a330-73d4-4558-8cbf-243f086ed935 [39m[32m200[39m [90m32 ms - 1133[39m
[35m[HTTP][39m [90m[39m
[35m[HTTP][39m [37m-->[39m [37mGET[39m [37m/wd/hub/session/a8e1a330-73d4-4558-8cbf-243f086ed935[39m
[35m[HTTP][39m [90m{}[39m
[35m[HTTP][39m [37m<-- GET /wd/hub/session/a8e1a330-73d4-4558-8cbf-243f086ed935 [39m[32m200[39m [90m33 ms - 1133[39m
[35m[HTTP][39m [90m[39m
[35m[HTTP][39m [37m-->[39m [37mGET[39m [37m/wd/hub/session/a8e1a330-73d4-4558-8cbf-243f086ed935[39m
[35m[HTTP][39m [90m{}[39m
[35m[HTTP][39m [37m<-- GET /wd/hub/session/a8e1a330-73d4-4558-8cbf-243f086ed935 [39m[32m200[39m [90m28 ms - 1133[39m
[35m[HTTP][39m [90m[39m
[35m[HTTP][39m [37m-->[39m [37mGET[39m [37m/wd/hub/session/a8e1a330-73d4-4558-8cbf-243f086ed935[39m
[35m[HTTP][39m [90m{}[39m
[35m[HTTP][39m [37m<-- GET /wd/hub/session/a8e1a330-73d4-4558-8cbf-243f086ed935 [39m[32m200[39m [90m31 ms - 1133[39m
[35m[HTTP][39m [90m[39m
[35m[HTTP][39m [37m-->[39m [37mGET[39m [37m/wd/hub/session/a8e1a330-73d4-4558-8cbf-243f086ed935/element/b8f70f4f-6483-4d06-884c-aad458a916cb/location[39m
[35m[HTTP][39m [90m{}[39m
[35m[W3C][39m Driver proxy active, passing request on via HTTP proxy
[35m[JSONWP Proxy][39m Replacing sessionId 6650ca84-96da-47c1-85ca-f6fa3232867a with a8e1a330-73d4-4558-8cbf-243f086ed935
[35m[HTTP][39m [37m<-- GET /wd/hub/session/a8e1a330-73d4-4558-8cbf-243f086ed935/element/b8f70f4f-6483-4d06-884c-aad458a916cb/location [39m[32m200[39m [90m598 ms - 88[39m
[35m[HTTP][39m [90m[39m
[35m[HTTP][39m [37m-->[39m [37mGET[39m [37m/wd/hub/session/a8e1a330-73d4-4558-8cbf-243f086ed935/window/current/size[39m
[35m[HTTP][39m [90m{}[39m
[35m[W3C][39m Driver proxy active, passing request on via HTTP proxy
[35m[JSONWP Proxy][39m Replacing sessionId 6650ca84-96da-47c1-85ca-f6fa3232867a with a8e1a330-73d4-4558-8cbf-243f086ed935
[35m[HTTP][39m [37m<-- GET /wd/hub/session/a8e1a330-73d4-4558-8cbf-243f086ed935/window/current/size [39m[32m200[39m [90m39 ms - 100[39m
[35m[HTTP][39m [90m[39m
[35m[HTTP][39m [37m-->[39m [37mPOST[39m [37m/wd/hub/session/a8e1a330-73d4-4558-8cbf-243f086ed935/elements[39m
[35m[HTTP][39m [90m{"using":"-android uiautomator","value":"new UiSelector().className(\"android.widget.TextView\").text(\"Scelti per te questa settimana\").resourceId(\"it.sky.msa:id/categoryTitle\").instance(6)"}[39m
[35m[HTTP][39m [37m<-- POST /wd/hub/session/a8e1a330-73d4-4558-8cbf-243f086ed935/elements [39m[32m200[39m [90m137 ms - 124[39m
[35m[HTTP][39m [90m[39m
[35m[HTTP][39m [37m-->[39m [37mGET[39m [37m/wd/hub/session/a8e1a330-73d4-4558-8cbf-243f086ed935[39m
[35m[HTTP][39m [90m{}[39m
[35m[HTTP][39m [37m<-- GET /wd/hub/session/a8e1a330-73d4-4558-8cbf-243f086ed935 [39m[32m200[39m [90m28 ms - 1133[39m
[35m[HTTP][39m [90m[39m
[35m[HTTP][39m [37m-->[39m [37mGET[39m [37m/wd/hub/session/a8e1a330-73d4-4558-8cbf-243f086ed935[39m
[35m[HTTP][39m [90m{}[39m
[35m[HTTP][39m [37m<-- GET /wd/hub/session/a8e1a330-73d4-4558-8cbf-243f086ed935 [39m[32m200[39m [90m43 ms - 1133[39m
[35m[HTTP][39m [90m[39m
[35m[HTTP][39m [37m-->[39m [37mGET[39m [37m/wd/hub/session/a8e1a330-73d4-4558-8cbf-243f086ed935[39m
[35m[HTTP][39m [90m{}[39m
[35m[HTTP][39m [37m<-- GET /wd/hub/session/a8e1a330-73d4-4558-8cbf-243f086ed935 [39m[32m200[39m [90m26 ms - 1133[39m
[35m[HTTP][39m [90m[39m
[35m[HTTP][39m [37m-->[39m [37mGET[39m [37m/wd/hub/session/a8e1a330-73d4-4558-8cbf-243f086ed935[39m
[35m[HTTP][39m [90m{}[39m
[35m[HTTP][39m [37m<-- GET /wd/hub/session/a8e1a330-73d4-4558-8cbf-243f086ed935 [39m[32m200[39m [90m26 ms - 1133[39m
[35m[HTTP][39m [90m[39m
[35m[HTTP][39m [37m-->[39m [37mGET[39m [37m/wd/hub/session/a8e1a330-73d4-4558-8cbf-243f086ed935/element/57f3dbd9-623c-4029-b6a1-0d7021682410/location[39m
[35m[HTTP][39m [90m{}[39m
[35m[W3C][39m Driver proxy active, passing request on via HTTP proxy
[35m[JSONWP Proxy][39m Replacing sessionId 6650ca84-96da-47c1-85ca-f6fa3232867a with a8e1a330-73d4-4558-8cbf-243f086ed935
[35m[HTTP][39m [37m<-- GET /wd/hub/session/a8e1a330-73d4-4558-8cbf-243f086ed935/element/57f3dbd9-623c-4029-b6a1-0d7021682410/location [39m[32m200[39m [90m51 ms - 89[39m
[35m[HTTP][39m [90m[39m
[35m[HTTP][39m [37m-->[39m [37mGET[39m [37m/wd/hub/session/a8e1a330-73d4-4558-8cbf-243f086ed935/window/current/size[39m
[35m[HTTP][39m [90m{}[39m
[35m[W3C][39m Driver proxy active, passing request on via HTTP proxy
[35m[JSONWP Proxy][39m Replacing sessionId 6650ca84-96da-47c1-85ca-f6fa3232867a with a8e1a330-73d4-4558-8cbf-243f086ed935
[35m[HTTP][39m [37m<-- GET /wd/hub/session/a8e1a330-73d4-4558-8cbf-243f086ed935/window/current/size [39m[32m200[39m [90m31 ms - 100[39m
[35m[HTTP][39m [90m[39m
[35m[HTTP][39m [37m-->[39m [37mPOST[39m [37m/wd/hub/session/a8e1a330-73d4-4558-8cbf-243f086ed935/elements[39m
[35m[HTTP][39m [90m{"using":"-android uiautomator","value":"new UiSelector().className(\"android.widget.TextView\").text(\"Programmazione\").packageName(\"it.sky.msa\").instance(1)"}[39m
[35m[HTTP][39m [37m<-- POST /wd/hub/session/a8e1a330-73d4-4558-8cbf-243f086ed935/elements [39m[32m200[39m [90m144 ms - 124[39m
[35m[HTTP][39m [90m[39m
[35m[HTTP][39m [37m-->[39m [37mGET[39m [37m/wd/hub/session/a8e1a330-73d4-4558-8cbf-243f086ed935[39m
[35m[HTTP][39m [90m{}[39m
[35m[HTTP][39m [37m<-- GET /wd/hub/session/a8e1a330-73d4-4558-8cbf-243f086ed935 [39m[32m200[39m [90m28 ms - 1133[39m
[35m[HTTP][39m [90m[39m
[35m[HTTP][39m [37m-->[39m [37mGET[39m [37m/wd/hub/session/a8e1a330-73d4-4558-8cbf-243f086ed935[39m
[35m[HTTP][39m [90m{}[39m
[35m[HTTP][39m [37m<-- GET /wd/hub/session/a8e1a330-73d4-4558-8cbf-243f086ed935 [39m[32m200[39m [90m29 ms - 1133[39m
[35m[HTTP][39m [90m[39m
[35m[HTTP][39m [37m-->[39m [37mGET[39m [37m/wd/hub/session/a8e1a330-73d4-4558-8cbf-243f086ed935[39m
[35m[HTTP][39m [90m{}[39m
[35m[HTTP][39m [37m<-- GET /wd/hub/session/a8e1a330-73d4-4558-8cbf-243f086ed935 [39m[32m200[39m [90m51 ms - 1133[39m
[35m[HTTP][39m [90m[39m
[35m[HTTP][39m [37m-->[39m [37mGET[39m [37m/wd/hub/session/a8e1a330-73d4-4558-8cbf-243f086ed935[39m
[35m[HTTP][39m [90m{}[39m
[35m[HTTP][39m [37m<-- GET /wd/hub/session/a8e1a330-73d4-4558-8cbf-243f086ed935 [39m[32m200[39m [90m32 ms - 1133[39m
[35m[HTTP][39m [90m[39m
[35m[HTTP][39m [37m-->[39m [37mGET[39m [37m/wd/hub/session/a8e1a330-73d4-4558-8cbf-243f086ed935/element/9170220f-bbbc-4e5d-bd33-2cd4fcfd0d49/location[39m
[35m[HTTP][39m [90m{}[39m
[35m[W3C][39m Driver proxy active, passing request on via HTTP proxy
[35m[JSONWP Proxy][39m Replacing sessionId 6650ca84-96da-47c1-85ca-f6fa3232867a with a8e1a330-73d4-4558-8cbf-243f086ed935
[35m[HTTP][39m [37m<-- GET /wd/hub/session/a8e1a330-73d4-4558-8cbf-243f086ed935/element/9170220f-bbbc-4e5d-bd33-2cd4fcfd0d49/location [39m[32m200[39m [90m63 ms - 88[39m
[35m[HTTP][39m [90m[39m
[35m[HTTP][39m [37m-->[39m [37mGET[39m [37m/wd/hub/session/a8e1a330-73d4-4558-8cbf-243f086ed935/window/current/size[39m
[35m[HTTP][39m [90m{}[39m
[35m[W3C][39m Driver proxy active, passing request on via HTTP proxy
[35m[JSONWP Proxy][39m Replacing sessionId 6650ca84-96da-47c1-85ca-f6fa3232867a with a8e1a330-73d4-4558-8cbf-243f086ed935
[35m[HTTP][39m [37m<-- GET /wd/hub/session/a8e1a330-73d4-4558-8cbf-243f086ed935/window/current/size [39m[32m200[39m [90m34 ms - 100[39m
[35m[HTTP][39m [90m[39m
[35m[HTTP][39m [37m-->[39m [37mPOST[39m [37m/wd/hub/session/a8e1a330-73d4-4558-8cbf-243f086ed935/elements[39m
[35m[HTTP][39m [90m{"using":"-android uiautomator","value":"new UiSelector().className(\"android.widget.ImageView\").resourceId(\"it.sky.msa:id/imageView6\").instance(2)"}[39m
[35m[HTTP][39m [37m<-- POST /wd/hub/session/a8e1a330-73d4-4558-8cbf-243f086ed935/elements [39m[32m200[39m [90m99 ms - 124[39m
[35m[HTTP][39m [90m[39m
[35m[HTTP][39m [37m-->[39m [37mGET[39m [37m/wd/hub/session/a8e1a330-73d4-4558-8cbf-243f086ed935[39m
[35m[HTTP][39m [90m{}[39m
[35m[HTTP][39m [37m<-- GET /wd/hub/session/a8e1a330-73d4-4558-8cbf-243f086ed935 [39m[32m200[39m [90m26 ms - 1133[39m
[35m[HTTP][39m [90m[39m
[35m[HTTP][39m [37m-->[39m [37mGET[39m [37m/wd/hub/session/a8e1a330-73d4-4558-8cbf-243f086ed935[39m
[35m[HTTP][39m [90m{}[39m
[35m[HTTP][39m [37m<-- GET /wd/hub/session/a8e1a330-73d4-4558-8cbf-243f086ed935 [39m[32m200[39m [90m36 ms - 1133[39m
[35m[HTTP][39m [90m[39m
[35m[HTTP][39m [37m-->[39m [37mGET[39m [37m/wd/hub/session/a8e1a330-73d4-4558-8cbf-243f086ed935[39m
[35m[HTTP][39m [90m{}[39m
[35m[HTTP][39m [37m<-- GET /wd/hub/session/a8e1a330-73d4-4558-8cbf-243f086ed935 [39m[32m200[39m [90m32 ms - 1133[39m
[35m[HTTP][39m [90m[39m
[35m[HTTP][39m [37m-->[39m [37mGET[39m [37m/wd/hub/session/a8e1a330-73d4-4558-8cbf-243f086ed935[39m
[35m[HTTP][39m [90m{}[39m
[35m[HTTP][39m [37m<-- GET /wd/hub/session/a8e1a330-73d4-4558-8cbf-243f086ed935 [39m[32m200[39m [90m26 ms - 1133[39m
[35m[HTTP][39m [90m[39m
[35m[HTTP][39m [37m-->[39m [37mGET[39m [37m/wd/hub/session/a8e1a330-73d4-4558-8cbf-243f086ed935/element/869cdb21-835b-45f5-9f9e-fb20a78724dd/location[39m
[35m[HTTP][39m [90m{}[39m
[35m[W3C][39m Driver proxy active, passing request on via HTTP proxy
[35m[JSONWP Proxy][39m Replacing sessionId 6650ca84-96da-47c1-85ca-f6fa3232867a with a8e1a330-73d4-4558-8cbf-243f086ed935
[35m[HTTP][39m [37m<-- GET /wd/hub/session/a8e1a330-73d4-4558-8cbf-243f086ed935/element/869cdb21-835b-45f5-9f9e-fb20a78724dd/location [39m[32m200[39m [90m45 ms - 88[39m
[35m[HTTP][39m [90m[39m
[35m[HTTP][39m [37m-->[39m [37mGET[39m [37m/wd/hub/session/a8e1a330-73d4-4558-8cbf-243f086ed935/window/current/size[39m
[35m[HTTP][39m [90m{}[39m
[35m[W3C][39m Driver proxy active, passing request on via HTTP proxy
[35m[JSONWP Proxy][39m Replacing sessionId 6650ca84-96da-47c1-85ca-f6fa3232867a with a8e1a330-73d4-4558-8cbf-243f086ed935
[35m[HTTP][39m [37m<-- GET /wd/hub/session/a8e1a330-73d4-4558-8cbf-243f086ed935/window/current/size [39m[32m200[39m [90m30 ms - 100[39m
[35m[HTTP][39m [90m[39m
[35m[HTTP][39m [37m-->[39m [37mPOST[39m [37m/wd/hub/session/a8e1a330-73d4-4558-8cbf-243f086ed935/elements[39m
[35m[HTTP][39m [90m{"using":"-android uiautomator","value":"new UiSelector().className(\"android.widget.ImageView\").resourceId(\"it.sky.msa:id/imageView7\").instance(1)"}[39m
[35m[HTTP][39m [37m<-- POST /wd/hub/session/a8e1a330-73d4-4558-8cbf-243f086ed935/elements [39m[32m200[39m [90m106 ms - 124[39m
[35m[HTTP][39m [90m[39m
[35m[HTTP][39m [37m-->[39m [37mGET[39m [37m/wd/hub/session/a8e1a330-73d4-4558-8cbf-243f086ed935[39m
[35m[HTTP][39m [90m{}[39m
[35m[HTTP][39m [37m<-- GET /wd/hub/session/a8e1a330-73d4-4558-8cbf-243f086ed935 [39m[32m200[39m [90m25 ms - 1133[39m
[35m[HTTP][39m [90m[39m
[35m[HTTP][39m [37m-->[39m [37mGET[39m [37m/wd/hub/session/a8e1a330-73d4-4558-8cbf-243f086ed935[39m
[35m[HTTP][39m [90m{}[39m
[35m[HTTP][39m [37m<-- GET /wd/hub/session/a8e1a330-73d4-4558-8cbf-243f086ed935 [39m[32m200[39m [90m26 ms - 1133[39m
[35m[HTTP][39m [90m[39m
[35m[HTTP][39m [37m-->[39m [37mGET[39m [37m/wd/hub/session/a8e1a330-73d4-4558-8cbf-243f086ed935[39m
[35m[HTTP][39m [90m{}[39m
[35m[HTTP][39m [37m<-- GET /wd/hub/session/a8e1a330-73d4-4558-8cbf-243f086ed935 [39m[32m200[39m [90m22 ms - 1133[39m
[35m[HTTP][39m [90m[39m
[35m[HTTP][39m [37m-->[39m [37mGET[39m [37m/wd/hub/session/a8e1a330-73d4-4558-8cbf-243f086ed935[39m
[35m[HTTP][39m [90m{}[39m
[35m[HTTP][39m [37m<-- GET /wd/hub/session/a8e1a330-73d4-4558-8cbf-243f086ed935 [39m[32m200[39m [90m22 ms - 1133[39m
[35m[HTTP][39m [90m[39m
[35m[HTTP][39m [37m-->[39m [37mGET[39m [37m/wd/hub/session/a8e1a330-73d4-4558-8cbf-243f086ed935/element/1efb3548-a650-4f9e-a5c9-3d2115f520e6/location[39m
[35m[HTTP][39m [90m{}[39m
[35m[W3C][39m Driver proxy active, passing request on via HTTP proxy
[35m[JSONWP Proxy][39m Replacing sessionId 6650ca84-96da-47c1-85ca-f6fa3232867a with a8e1a330-73d4-4558-8cbf-243f086ed935
[35m[HTTP][39m [37m<-- GET /wd/hub/session/a8e1a330-73d4-4558-8cbf-243f086ed935/element/1efb3548-a650-4f9e-a5c9-3d2115f520e6/location [39m[32m200[39m [90m48 ms - 89[39m
[35m[HTTP][39m [90m[39m
[35m[HTTP][39m [37m-->[39m [37mGET[39m [37m/wd/hub/session/a8e1a330-73d4-4558-8cbf-243f086ed935/window/current/size[39m
[35m[HTTP][39m [90m{}[39m
[35m[W3C][39m Driver proxy active, passing request on via HTTP proxy
[35m[JSONWP Proxy][39m Replacing sessionId 6650ca84-96da-47c1-85ca-f6fa3232867a with a8e1a330-73d4-4558-8cbf-243f086ed935
[35m[HTTP][39m [37m<-- GET /wd/hub/session/a8e1a330-73d4-4558-8cbf-243f086ed935/window/current/size [39m[32m200[39m [90m30 ms - 100[39m
[35m[HTTP][39m [90m[39m
[35m[HTTP][39m [37m-->[39m [37mPOST[39m [37m/wd/hub/session/a8e1a330-73d4-4558-8cbf-243f086ed935/elements[39m
[35m[HTTP][39m [90m{"using":"-android uiautomator","value":"new UiSelector().className(\"android.widget.ImageView\").resourceId(\"it.sky.msa:id/imageView5\").instance(0)"}[39m
[35m[HTTP][39m [37m<-- POST /wd/hub/session/a8e1a330-73d4-4558-8cbf-243f086ed935/elements [39m[32m200[39m [90m113 ms - 124[39m
[35m[HTTP][39m [90m[39m
[35m[HTTP][39m [37m-->[39m [37mGET[39m [37m/wd/hub/session/a8e1a330-73d4-4558-8cbf-243f086ed935[39m
[35m[HTTP][39m [90m{}[39m
[35m[HTTP][39m [37m<-- GET /wd/hub/session/a8e1a330-73d4-4558-8cbf-243f086ed935 [39m[32m200[39m [90m25 ms - 1133[39m
[35m[HTTP][39m [90m[39m
[35m[HTTP][39m [37m-->[39m [37mGET[39m [37m/wd/hub/session/a8e1a330-73d4-4558-8cbf-243f086ed935[39m
[35m[HTTP][39m [90m{}[39m
[35m[HTTP][39m [37m<-- GET /wd/hub/session/a8e1a330-73d4-4558-8cbf-243f086ed935 [39m[32m200[39m [90m25 ms - 1133[39m
[35m[HTTP][39m [90m[39m
[35m[HTTP][39m [37m-->[39m [37mGET[39m [37m/wd/hub/session/a8e1a330-73d4-4558-8cbf-243f086ed935[39m
[35m[HTTP][39m [90m{}[39m
[35m[HTTP][39m [37m<-- GET /wd/hub/session/a8e1a330-73d4-4558-8cbf-243f086ed935 [39m[32m200[39m [90m31 ms - 1133[39m
[35m[HTTP][39m [90m[39m
[35m[HTTP][39m [37m-->[39m [37mGET[39m [37m/wd/hub/session/a8e1a330-73d4-4558-8cbf-243f086ed935[39m
[35m[HTTP][39m [90m{}[39m
[35m[HTTP][39m [37m<-- GET /wd/hub/session/a8e1a330-73d4-4558-8cbf-243f086ed935 [39m[32m200[39m [90m26 ms - 1133[39m
[35m[HTTP][39m [90m[39m
[35m[HTTP][39m [37m-->[39m [37mGET[39m [37m/wd/hub/session/a8e1a330-73d4-4558-8cbf-243f086ed935/element/9f000441-962f-4fc4-ab05-7d134d682ee0/location[39m
[35m[HTTP][39m [90m{}[39m
[35m[W3C][39m Driver proxy active, passing request on via HTTP proxy
[35m[JSONWP Proxy][39m Replacing sessionId 6650ca84-96da-47c1-85ca-f6fa3232867a with a8e1a330-73d4-4558-8cbf-243f086ed935
[35m[HTTP][39m [37m<-- GET /wd/hub/session/a8e1a330-73d4-4558-8cbf-243f086ed935/element/9f000441-962f-4fc4-ab05-7d134d682ee0/location [39m[32m200[39m [90m50 ms - 89[39m
[35m[HTTP][39m [90m[39m
[35m[HTTP][39m [37m-->[39m [37mGET[39m [37m/wd/hub/session/a8e1a330-73d4-4558-8cbf-243f086ed935/window/current/size[39m
[35m[HTTP][39m [90m{}[39m
[35m[W3C][39m Driver proxy active, passing request on via HTTP proxy
[35m[JSONWP Proxy][39m Replacing sessionId 6650ca84-96da-47c1-85ca-f6fa3232867a with a8e1a330-73d4-4558-8cbf-243f086ed935
[35m[HTTP][39m [37m<-- GET /wd/hub/session/a8e1a330-73d4-4558-8cbf-243f086ed935/window/current/size [39m[32m200[39m [90m33 ms - 100[39m
[35m[HTTP][39m [90m[39m
[35m[HTTP][39m [37m-->[39m [37mPOST[39m [37m/wd/hub/session/a8e1a330-73d4-4558-8cbf-243f086ed935/elements[39m
[35m[HTTP][39m [90m{"using":"-android uiautomator","value":"new UiSelector().className(\"android.widget.TextView\").text(\"GUIDA TV\").resourceId(\"it.sky.msa:id/headerTitle\").instance(0)"}[39m
[35m[HTTP][39m [37m<-- POST /wd/hub/session/a8e1a330-73d4-4558-8cbf-243f086ed935/elements [39m[32m200[39m [90m103 ms - 124[39m
[35m[HTTP][39m [90m[39m
[35m[HTTP][39m [37m-->[39m [37mGET[39m [37m/wd/hub/session/a8e1a330-73d4-4558-8cbf-243f086ed935[39m
[35m[HTTP][39m [90m{}[39m
[35m[HTTP][39m [37m<-- GET /wd/hub/session/a8e1a330-73d4-4558-8cbf-243f086ed935 [39m[32m200[39m [90m25 ms - 1133[39m
[35m[HTTP][39m [90m[39m
[35m[HTTP][39m [37m-->[39m [37mGET[39m [37m/wd/hub/session/a8e1a330-73d4-4558-8cbf-243f086ed935[39m
[35m[HTTP][39m [90m{}[39m
[35m[HTTP][39m [37m<-- GET /wd/hub/session/a8e1a330-73d4-4558-8cbf-243f086ed935 [39m[32m200[39m [90m23 ms - 1133[39m
[35m[HTTP][39m [90m[39m
[35m[HTTP][39m [37m-->[39m [37mGET[39m [37m/wd/hub/session/a8e1a330-73d4-4558-8cbf-243f086ed935[39m
[35m[HTTP][39m [90m{}[39m
[35m[HTTP][39m [37m<-- GET /wd/hub/session/a8e1a330-73d4-4558-8cbf-243f086ed935 [39m[32m200[39m [90m23 ms - 1133[39m
[35m[HTTP][39m [90m[39m
[35m[HTTP][39m [37m-->[39m [37mGET[39m [37m/wd/hub/session/a8e1a330-73d4-4558-8cbf-243f086ed935[39m
[35m[HTTP][39m [90m{}[39m
[35m[HTTP][39m [37m<-- GET /wd/hub/session/a8e1a330-73d4-4558-8cbf-243f086ed935 [39m[32m200[39m [90m25 ms - 1133[39m
[35m[HTTP][39m [90m[39m
[35m[HTTP][39m [37m-->[39m [37mGET[39m [37m/wd/hub/session/a8e1a330-73d4-4558-8cbf-243f086ed935/element/d3714834-3694-411d-a19a-7542c95443fc/location[39m
[35m[HTTP][39m [90m{}[39m
[35m[W3C][39m Driver proxy active, passing request on via HTTP proxy
[35m[JSONWP Proxy][39m Replacing sessionId 6650ca84-96da-47c1-85ca-f6fa3232867a with a8e1a330-73d4-4558-8cbf-243f086ed935
[35m[HTTP][39m [37m<-- GET /wd/hub/session/a8e1a330-73d4-4558-8cbf-243f086ed935/element/d3714834-3694-411d-a19a-7542c95443fc/location [39m[32m200[39m [90m42 ms - 88[39m
[35m[HTTP][39m [90m[39m
[35m[HTTP][39m [37m-->[39m [37mGET[39m [37m/wd/hub/session/a8e1a330-73d4-4558-8cbf-243f086ed935/element/d3714834-3694-411d-a19a-7542c95443fc/text[39m
[35m[HTTP][39m [90m{}[39m
[35m[W3C][39m Driver proxy active, passing request on via HTTP proxy
[35m[JSONWP Proxy][39m Replacing sessionId 6650ca84-96da-47c1-85ca-f6fa3232867a with a8e1a330-73d4-4558-8cbf-243f086ed935
[35m[HTTP][39m [37m<-- GET /wd/hub/session/a8e1a330-73d4-4558-8cbf-243f086ed935/element/d3714834-3694-411d-a19a-7542c95443fc/text [39m[32m200[39m [90m72 ms - 82[39m
[35m[HTTP][39m [90m[39m
[35m[HTTP][39m [37m-->[39m [37mGET[39m [37m/wd/hub/session/a8e1a330-73d4-4558-8cbf-243f086ed935/window/current/size[39m
[35m[HTTP][39m [90m{}[39m
[35m[W3C][39m Driver proxy active, passing request on via HTTP proxy
[35m[JSONWP Proxy][39m Replacing sessionId 6650ca84-96da-47c1-85ca-f6fa3232867a with a8e1a330-73d4-4558-8cbf-243f086ed935
[35m[HTTP][39m [37m<-- GET /wd/hub/session/a8e1a330-73d4-4558-8cbf-243f086ed935/window/current/size [39m[32m200[39m [90m37 ms - 100[39m
[35m[HTTP][39m [90m[39m
[35m[HTTP][39m [37m-->[39m [37mPOST[39m [37m/wd/hub/session/a8e1a330-73d4-4558-8cbf-243f086ed935/elements[39m
[35m[HTTP][39m [90m{"using":"-android uiautomator","value":"new UiSelector().className(\"android.widget.TextView\").text(\"Sky On Demand\").packageName(\"it.sky.msa\").instance(2)"}[39m
[35m[HTTP][39m [37m<-- POST /wd/hub/session/a8e1a330-73d4-4558-8cbf-243f086ed935/elements [39m[32m200[39m [90m111 ms - 124[39m
[35m[HTTP][39m [90m[39m
[35m[HTTP][39m [37m-->[39m [37mGET[39m [37m/wd/hub/session/a8e1a330-73d4-4558-8cbf-243f086ed935[39m
[35m[HTTP][39m [90m{}[39m
[35m[HTTP][39m [37m<-- GET /wd/hub/session/a8e1a330-73d4-4558-8cbf-243f086ed935 [39m[32m200[39m [90m23 ms - 1133[39m
[35m[HTTP][39m [90m[39m
[35m[HTTP][39m [37m-->[39m [37mGET[39m [37m/wd/hub/session/a8e1a330-73d4-4558-8cbf-243f086ed935[39m
[35m[HTTP][39m [90m{}[39m
[35m[HTTP][39m [37m<-- GET /wd/hub/session/a8e1a330-73d4-4558-8cbf-243f086ed935 [39m[32m200[39m [90m24 ms - 1133[39m
[35m[HTTP][39m [90m[39m
[35m[HTTP][39m [37m-->[39m [37mGET[39m [37m/wd/hub/session/a8e1a330-73d4-4558-8cbf-243f086ed935[39m
[35m[HTTP][39m [90m{}[39m
[35m[HTTP][39m [37m<-- GET /wd/hub/session/a8e1a330-73d4-4558-8cbf-243f086ed935 [39m[32m200[39m [90m22 ms - 1133[39m
[35m[HTTP][39m [90m[39m
[35m[HTTP][39m [37m-->[39m [37mGET[39m [37m/wd/hub/session/a8e1a330-73d4-4558-8cbf-243f086ed935[39m
[35m[HTTP][39m [90m{}[39m
[35m[HTTP][39m [37m<-- GET /wd/hub/session/a8e1a330-73d4-4558-8cbf-243f086ed935 [39m[32m200[39m [90m23 ms - 1133[39m
[35m[HTTP][39m [90m[39m
[35m[HTTP][39m [37m-->[39m [37mGET[39m [37m/wd/hub/session/a8e1a330-73d4-4558-8cbf-243f086ed935/element/5bd81e81-49b9-4cbf-90a7-aba76de4a45f/location[39m
[35m[HTTP][39m [90m{}[39m
[35m[W3C][39m Driver proxy active, passing request on via HTTP proxy
[35m[JSONWP Proxy][39m Replacing sessionId 6650ca84-96da-47c1-85ca-f6fa3232867a with a8e1a330-73d4-4558-8cbf-243f086ed935
[35m[HTTP][39m [37m<-- GET /wd/hub/session/a8e1a330-73d4-4558-8cbf-243f086ed935/element/5bd81e81-49b9-4cbf-90a7-aba76de4a45f/location [39m[32m200[39m [90m44 ms - 89[39m
[35m[HTTP][39m [90m[39m
[35m[HTTP][39m [37m-->[39m [37mPOST[39m [37m/wd/hub/session/a8e1a330-73d4-4558-8cbf-243f086ed935/touch/perform[39m
[35m[HTTP][39m [90m{"actions":[{"action":"tap","options":{"element":"5bd81e81-49b9-4cbf-90a7-aba76de4a45f","x":1,"y":1}}]}[39m
[35m[UiAutomator2][39m calling get location: 5bd81e81-49b9-4cbf-90a7-aba76de4a45f
[35m[HTTP][39m [37m<-- POST /wd/hub/session/a8e1a330-73d4-4558-8cbf-243f086ed935/touch/perform [39m[32m200[39m [90m832 ms - 76[39m
[35m[HTTP][39m [90m[39m
[35m[HTTP][39m [37m-->[39m [37mGET[39m [37m/wd/hub/session/a8e1a330-73d4-4558-8cbf-243f086ed935/window/current/size[39m
[35m[HTTP][39m [90m{}[39m
[35m[W3C][39m Driver proxy active, passing request on via HTTP proxy
[35m[JSONWP Proxy][39m Replacing sessionId 6650ca84-96da-47c1-85ca-f6fa3232867a with a8e1a330-73d4-4558-8cbf-243f086ed935
[35m[HTTP][39m [37m<-- GET /wd/hub/session/a8e1a330-73d4-4558-8cbf-243f086ed935/window/current/size [39m[32m200[39m [90m36 ms - 100[39m
[35m[HTTP][39m [90m[39m
[35m[HTTP][39m [37m-->[39m [37mPOST[39m [37m/wd/hub/session/a8e1a330-73d4-4558-8cbf-243f086ed935/elements[39m
[35m[HTTP][39m [90m{"using":"-android uiautomator","value":"new UiSelector().className(\"android.widget.TextView\").text(\"SCELTI PER TE\").resourceId(\"it.sky.msa:id/categoryTitle\").instance(5)"}[39m
[35m[HTTP][39m [37m<-- POST /wd/hub/session/a8e1a330-73d4-4558-8cbf-243f086ed935/elements [39m[32m200[39m [90m161 ms - 124[39m
[35m[HTTP][39m [90m[39m
[35m[HTTP][39m [37m-->[39m [37mGET[39m [37m/wd/hub/session/a8e1a330-73d4-4558-8cbf-243f086ed935[39m
[35m[HTTP][39m [90m{}[39m
[35m[HTTP][39m [37m<-- GET /wd/hub/session/a8e1a330-73d4-4558-8cbf-243f086ed935 [39m[32m200[39m [90m31 ms - 1133[39m
[35m[HTTP][39m [90m[39m
[35m[HTTP][39m [37m-->[39m [37mGET[39m [37m/wd/hub/session/a8e1a330-73d4-4558-8cbf-243f086ed935[39m
[35m[HTTP][39m [90m{}[39m
[35m[HTTP][39m [37m<-- GET /wd/hub/session/a8e1a330-73d4-4558-8cbf-243f086ed935 [39m[32m200[39m [90m27 ms - 1133[39m
[35m[HTTP][39m [90m[39m
[35m[HTTP][39m [37m-->[39m [37mGET[39m [37m/wd/hub/session/a8e1a330-73d4-4558-8cbf-243f086ed935[39m
[35m[HTTP][39m [90m{}[39m
[35m[HTTP][39m [37m<-- GET /wd/hub/session/a8e1a330-73d4-4558-8cbf-243f086ed935 [39m[32m200[39m [90m23 ms - 1133[39m
[35m[HTTP][39m [90m[39m
[35m[HTTP][39m [37m-->[39m [37mGET[39m [37m/wd/hub/session/a8e1a330-73d4-4558-8cbf-243f086ed935[39m
[35m[HTTP][39m [90m{}[39m
[35m[HTTP][39m [37m<-- GET /wd/hub/session/a8e1a330-73d4-4558-8cbf-243f086ed935 [39m[32m200[39m [90m22 ms - 1133[39m
[35m[HTTP][39m [90m[39m
[35m[HTTP][39m [37m-->[39m [37mGET[39m [37m/wd/hub/session/a8e1a330-73d4-4558-8cbf-243f086ed935/element/8fec2df4-2dd1-4249-8bc3-53fa232ccfee/location[39m
[35m[HTTP][39m [90m{}[39m
[35m[W3C][39m Driver proxy active, passing request on via HTTP proxy
[35m[JSONWP Proxy][39m Replacing sessionId 6650ca84-96da-47c1-85ca-f6fa3232867a with a8e1a330-73d4-4558-8cbf-243f086ed935
[35m[HTTP][39m [37m<-- GET /wd/hub/session/a8e1a330-73d4-4558-8cbf-243f086ed935/element/8fec2df4-2dd1-4249-8bc3-53fa232ccfee/location [39m[32m200[39m [90m43 ms - 89[39m
[35m[HTTP][39m [90m[39m
[35m[HTTP][39m [37m-->[39m [37mGET[39m [37m/wd/hub/session/a8e1a330-73d4-4558-8cbf-243f086ed935/window/current/size[39m
[35m[HTTP][39m [90m{}[39m
[35m[W3C][39m Driver proxy active, passing request on via HTTP proxy
[35m[JSONWP Proxy][39m Replacing sessionId 6650ca84-96da-47c1-85ca-f6fa3232867a with a8e1a330-73d4-4558-8cbf-243f086ed935
[35m[HTTP][39m [37m<-- GET /wd/hub/session/a8e1a330-73d4-4558-8cbf-243f086ed935/window/current/size [39m[32m200[39m [90m35 ms - 100[39m
[35m[HTTP][39m [90m[39m
[35m[HTTP][39m [37m-->[39m [37mPOST[39m [37m/wd/hub/session/a8e1a330-73d4-4558-8cbf-243f086ed935/elements[39m
[35m[HTTP][39m [90m{"using":"-android uiautomator","value":"new UiSelector().className(\"android.widget.TextView\").text(\"Sky On Demand\").packageName(\"it.sky.msa\").instance(2)"}[39m
[35m[HTTP][39m [37m<-- POST /wd/hub/session/a8e1a330-73d4-4558-8cbf-243f086ed935/elements [39m[32m200[39m [90m108 ms - 124[39m
[35m[HTTP][39m [90m[39m
[35m[HTTP][39m [37m-->[39m [37mGET[39m [37m/wd/hub/session/a8e1a330-73d4-4558-8cbf-243f086ed935[39m
[35m[HTTP][39m [90m{}[39m
[35m[HTTP][39m [37m<-- GET /wd/hub/session/a8e1a330-73d4-4558-8cbf-243f086ed935 [39m[32m200[39m [90m24 ms - 1133[39m
[35m[HTTP][39m [90m[39m
[35m[HTTP][39m [37m-->[39m [37mGET[39m [37m/wd/hub/session/a8e1a330-73d4-4558-8cbf-243f086ed935[39m
[35m[HTTP][39m [90m{}[39m
[35m[HTTP][39m [37m<-- GET /wd/hub/session/a8e1a330-73d4-4558-8cbf-243f086ed935 [39m[32m200[39m [90m23 ms - 1133[39m
[35m[HTTP][39m [90m[39m
[35m[HTTP][39m [37m-->[39m [37mGET[39m [37m/wd/hub/session/a8e1a330-73d4-4558-8cbf-243f086ed935[39m
[35m[HTTP][39m [90m{}[39m
[35m[HTTP][39m [37m<-- GET /wd/hub/session/a8e1a330-73d4-4558-8cbf-243f086ed935 [39m[32m200[39m [90m24 ms - 1133[39m
[35m[HTTP][39m [90m[39m
[35m[HTTP][39m [37m-->[39m [37mGET[39m [37m/wd/hub/session/a8e1a330-73d4-4558-8cbf-243f086ed935[39m
[35m[HTTP][39m [90m{}[39m
[35m[HTTP][39m [37m<-- GET /wd/hub/session/a8e1a330-73d4-4558-8cbf-243f086ed935 [39m[32m200[39m [90m22 ms - 1133[39m
[35m[HTTP][39m [90m[39m
[35m[HTTP][39m [37m-->[39m [37mGET[39m [37m/wd/hub/session/a8e1a330-73d4-4558-8cbf-243f086ed935/element/0c42e631-8d6c-4986-a941-5d1ce14924bc/location[39m
[35m[HTTP][39m [90m{}[39m
[35m[W3C][39m Driver proxy active, passing request on via HTTP proxy
[35m[JSONWP Proxy][39m Replacing sessionId 6650ca84-96da-47c1-85ca-f6fa3232867a with a8e1a330-73d4-4558-8cbf-243f086ed935
[35m[HTTP][39m [37m<-- GET /wd/hub/session/a8e1a330-73d4-4558-8cbf-243f086ed935/element/0c42e631-8d6c-4986-a941-5d1ce14924bc/location [39m[32m200[39m [90m53 ms - 89[39m
[35m[HTTP][39m [90m[39m
[35m[HTTP][39m [37m-->[39m [37mGET[39m [37m/wd/hub/session/a8e1a330-73d4-4558-8cbf-243f086ed935/window/current/size[39m
[35m[HTTP][39m [90m{}[39m
[35m[W3C][39m Driver proxy active, passing request on via HTTP proxy
[35m[JSONWP Proxy][39m Replacing sessionId 6650ca84-96da-47c1-85ca-f6fa3232867a with a8e1a330-73d4-4558-8cbf-243f086ed935
[35m[HTTP][39m [37m<-- GET /wd/hub/session/a8e1a330-73d4-4558-8cbf-243f086ed935/window/current/size [39m[32m200[39m [90m29 ms - 100[39m
[35m[HTTP][39m [90m[39m
[35m[HTTP][39m [37m-->[39m [37mPOST[39m [37m/wd/hub/session/a8e1a330-73d4-4558-8cbf-243f086ed935/elements[39m
[35m[HTTP][39m [90m{"using":"-android uiautomator","value":"new UiSelector().className(\"android.widget.TextView\").text(\"Programmazione\").packageName(\"it.sky.msa\").instance(1)"}[39m
[35m[HTTP][39m [37m<-- POST /wd/hub/session/a8e1a330-73d4-4558-8cbf-243f086ed935/elements [39m[32m200[39m [90m102 ms - 124[39m
[35m[HTTP][39m [90m[39m
[35m[HTTP][39m [37m-->[39m [37mGET[39m [37m/wd/hub/session/a8e1a330-73d4-4558-8cbf-243f086ed935[39m
[35m[HTTP][39m [90m{}[39m
[35m[HTTP][39m [37m<-- GET /wd/hub/session/a8e1a330-73d4-4558-8cbf-243f086ed935 [39m[32m200[39m [90m28 ms - 1133[39m
[35m[HTTP][39m [90m[39m
[35m[HTTP][39m [37m-->[39m [37mGET[39m [37m/wd/hub/session/a8e1a330-73d4-4558-8cbf-243f086ed935[39m
[35m[HTTP][39m [90m{}[39m
[35m[HTTP][39m [37m<-- GET /wd/hub/session/a8e1a330-73d4-4558-8cbf-243f086ed935 [39m[32m200[39m [90m24 ms - 1133[39m
[35m[HTTP][39m [90m[39m
[35m[HTTP][39m [37m-->[39m [37mGET[39m [37m/wd/hub/session/a8e1a330-73d4-4558-8cbf-243f086ed935[39m
[35m[HTTP][39m [90m{}[39m
[35m[HTTP][39m [37m<-- GET /wd/hub/session/a8e1a330-73d4-4558-8cbf-243f086ed935 [39m[32m200[39m [90m22 ms - 1133[39m
[35m[HTTP][39m [90m[39m
[35m[HTTP][39m [37m-->[39m [37mGET[39m [37m/wd/hub/session/a8e1a330-73d4-4558-8cbf-243f086ed935[39m
[35m[HTTP][39m [90m{}[39m
[35m[HTTP][39m [37m<-- GET /wd/hub/session/a8e1a330-73d4-4558-8cbf-243f086ed935 [39m[32m200[39m [90m28 ms - 1133[39m
[35m[HTTP][39m [90m[39m
[35m[HTTP][39m [37m-->[39m [37mGET[39m [37m/wd/hub/session/a8e1a330-73d4-4558-8cbf-243f086ed935/element/d66a0997-0c1b-4b00-9953-dcf55a22fc1a/location[39m
[35m[HTTP][39m [90m{}[39m
[35m[W3C][39m Driver proxy active, passing request on via HTTP proxy
[35m[JSONWP Proxy][39m Replacing sessionId 6650ca84-96da-47c1-85ca-f6fa3232867a with a8e1a330-73d4-4558-8cbf-243f086ed935
[35m[HTTP][39m [37m<-- GET /wd/hub/session/a8e1a330-73d4-4558-8cbf-243f086ed935/element/d66a0997-0c1b-4b00-9953-dcf55a22fc1a/location [39m[32m200[39m [90m51 ms - 88[39m
[35m[HTTP][39m [90m[39m
[35m[HTTP][39m [37m-->[39m [37mPOST[39m [37m/wd/hub/session/a8e1a330-73d4-4558-8cbf-243f086ed935/touch/perform[39m
[35m[HTTP][39m [90m{"actions":[{"action":"tap","options":{"element":"d66a0997-0c1b-4b00-9953-dcf55a22fc1a","x":1,"y":1}}]}[39m
[35m[UiAutomator2][39m calling get location: d66a0997-0c1b-4b00-9953-dcf55a22fc1a
[35m[HTTP][39m [37m<-- POST /wd/hub/session/a8e1a330-73d4-4558-8cbf-243f086ed935/touch/perform [39m[32m200[39m [90m826 ms - 76[39m
[35m[HTTP][39m [90m[39m
[35m[HTTP][39m [37m-->[39m [37mGET[39m [37m/wd/hub/session/a8e1a330-73d4-4558-8cbf-243f086ed935/window/current/size[39m
[35m[HTTP][39m [90m{}[39m
[35m[W3C][39m Driver proxy active, passing request on via HTTP proxy
[35m[JSONWP Proxy][39m Replacing sessionId 6650ca84-96da-47c1-85ca-f6fa3232867a with a8e1a330-73d4-4558-8cbf-243f086ed935
[35m[HTTP][39m [37m<-- GET /wd/hub/session/a8e1a330-73d4-4558-8cbf-243f086ed935/window/current/size [39m[32m200[39m [90m49 ms - 100[39m
[35m[HTTP][39m [90m[39m
[35m[HTTP][39m [37m-->[39m [37mPOST[39m [37m/wd/hub/session/a8e1a330-73d4-4558-8cbf-243f086ed935/elements[39m
[35m[HTTP][39m [90m{"using":"-android uiautomator","value":"new UiSelector().className(\"android.widget.TextView\").text(\"Scelti per te questa settimana\").resourceId(\"it.sky.msa:id/categoryTitle\").instance(6)"}[39m
[35m[HTTP][39m [37m<-- POST /wd/hub/session/a8e1a330-73d4-4558-8cbf-243f086ed935/elements [39m[32m200[39m [90m203 ms - 124[39m
[35m[HTTP][39m [90m[39m
[35m[HTTP][39m [37m-->[39m [37mGET[39m [37m/wd/hub/session/a8e1a330-73d4-4558-8cbf-243f086ed935[39m
[35m[HTTP][39m [90m{}[39m
[35m[HTTP][39m [37m<-- GET /wd/hub/session/a8e1a330-73d4-4558-8cbf-243f086ed935 [39m[32m200[39m [90m26 ms - 1133[39m
[35m[HTTP][39m [90m[39m
[35m[HTTP][39m [37m-->[39m [37mGET[39m [37m/wd/hub/session/a8e1a330-73d4-4558-8cbf-243f086ed935[39m
[35m[HTTP][39m [90m{}[39m
[35m[HTTP][39m [37m<-- GET /wd/hub/session/a8e1a330-73d4-4558-8cbf-243f086ed935 [39m[32m200[39m [90m23 ms - 1133[39m
[35m[HTTP][39m [90m[39m
[35m[HTTP][39m [37m-->[39m [37mGET[39m [37m/wd/hub/session/a8e1a330-73d4-4558-8cbf-243f086ed935[39m
[35m[HTTP][39m [90m{}[39m
[35m[HTTP][39m [37m<-- GET /wd/hub/session/a8e1a330-73d4-4558-8cbf-243f086ed935 [39m[32m200[39m [90m26 ms - 1133[39m
[35m[HTTP][39m [90m[39m
[35m[HTTP][39m [37m-->[39m [37mGET[39m [37m/wd/hub/session/a8e1a330-73d4-4558-8cbf-243f086ed935[39m
[35m[HTTP][39m [90m{}[39m
[35m[HTTP][39m [37m<-- GET /wd/hub/session/a8e1a330-73d4-4558-8cbf-243f086ed935 [39m[32m200[39m [90m27 ms - 1133[39m
[35m[HTTP][39m [90m[39m
[35m[HTTP][39m [37m-->[39m [37mGET[39m [37m/wd/hub/session/a8e1a330-73d4-4558-8cbf-243f086ed935/element/04288087-4fea-4fb7-98f7-93635e997820/location[39m
[35m[HTTP][39m [90m{}[39m
[35m[W3C][39m Driver proxy active, passing request on via HTTP proxy
[35m[JSONWP Proxy][39m Replacing sessionId 6650ca84-96da-47c1-85ca-f6fa3232867a with a8e1a330-73d4-4558-8cbf-243f086ed935
[35m[HTTP][39m [37m<-- GET /wd/hub/session/a8e1a330-73d4-4558-8cbf-243f086ed935/element/04288087-4fea-4fb7-98f7-93635e997820/location [39m[32m200[39m [90m50 ms - 89[39m
[35m[HTTP][39m [90m[39m
[35m[HTTP][39m [37m-->[39m [37mGET[39m [37m/wd/hub/session/a8e1a330-73d4-4558-8cbf-243f086ed935/window/current/size[39m
[35m[HTTP][39m [90m{}[39m
[35m[W3C][39m Driver proxy active, passing request on via HTTP proxy
[35m[JSONWP Proxy][39m Replacing sessionId 6650ca84-96da-47c1-85ca-f6fa3232867a with a8e1a330-73d4-4558-8cbf-243f086ed935
[35m[HTTP][39m [37m<-- GET /wd/hub/session/a8e1a330-73d4-4558-8cbf-243f086ed935/window/current/size [39m[32m200[39m [90m29 ms - 100[39m
[35m[HTTP][39m [90m[39m
[35m[HTTP][39m [37m-->[39m [37mPOST[39m [37m/wd/hub/session/a8e1a330-73d4-4558-8cbf-243f086ed935/elements[39m
[35m[HTTP][39m [90m{"using":"-android uiautomator","value":"new UiSelector().className(\"android.widget.ImageView\").resourceId(\"it.sky.msa:id/heroImageImageView\").instance(0)"}[39m
[35m[HTTP][39m [37m<-- POST /wd/hub/session/a8e1a330-73d4-4558-8cbf-243f086ed935/elements [39m[32m200[39m [90m110 ms - 124[39m
[35m[HTTP][39m [90m[39m
[35m[HTTP][39m [37m-->[39m [37mGET[39m [37m/wd/hub/session/a8e1a330-73d4-4558-8cbf-243f086ed935[39m
[35m[HTTP][39m [90m{}[39m
[35m[HTTP][39m [37m<-- GET /wd/hub/session/a8e1a330-73d4-4558-8cbf-243f086ed935 [39m[32m200[39m [90m25 ms - 1133[39m
[35m[HTTP][39m [90m[39m
[35m[HTTP][39m [37m-->[39m [37mGET[39m [37m/wd/hub/session/a8e1a330-73d4-4558-8cbf-243f086ed935[39m
[35m[HTTP][39m [90m{}[39m
[35m[HTTP][39m [37m<-- GET /wd/hub/session/a8e1a330-73d4-4558-8cbf-243f086ed935 [39m[32m200[39m [90m24 ms - 1133[39m
[35m[HTTP][39m [90m[39m
[35m[HTTP][39m [37m-->[39m [37mGET[39m [37m/wd/hub/session/a8e1a330-73d4-4558-8cbf-243f086ed935[39m
[35m[HTTP][39m [90m{}[39m
[35m[HTTP][39m [37m<-- GET /wd/hub/session/a8e1a330-73d4-4558-8cbf-243f086ed935 [39m[32m200[39m [90m24 ms - 1133[39m
[35m[HTTP][39m [90m[39m
[35m[HTTP][39m [37m-->[39m [37mGET[39m [37m/wd/hub/session/a8e1a330-73d4-4558-8cbf-243f086ed935[39m
[35m[HTTP][39m [90m{}[39m
[35m[HTTP][39m [37m<-- GET /wd/hub/session/a8e1a330-73d4-4558-8cbf-243f086ed935 [39m[32m200[39m [90m29 ms - 1133[39m
[35m[HTTP][39m [90m[39m
[35m[HTTP][39m [37m-->[39m [37mGET[39m [37m/wd/hub/session/a8e1a330-73d4-4558-8cbf-243f086ed935/element/2f2e09f7-9c7f-48a4-b989-85af88c1d6f9/location[39m
[35m[HTTP][39m [90m{}[39m
[35m[W3C][39m Driver proxy active, passing request on via HTTP proxy
[35m[JSONWP Proxy][39m Replacing sessionId 6650ca84-96da-47c1-85ca-f6fa3232867a with a8e1a330-73d4-4558-8cbf-243f086ed935
[35m[HTTP][39m [37m<-- GET /wd/hub/session/a8e1a330-73d4-4558-8cbf-243f086ed935/element/2f2e09f7-9c7f-48a4-b989-85af88c1d6f9/location [39m[32m200[39m [90m46 ms - 87[39m
[35m[HTTP][39m [90m[39m
[35m[HTTP][39m [37m-->[39m [37mGET[39m [37m/wd/hub/session/a8e1a330-73d4-4558-8cbf-243f086ed935/element/2f2e09f7-9c7f-48a4-b989-85af88c1d6f9/attribute/resourceId[39m
[35m[HTTP][39m [90m{}[39m
[35m[HTTP][39m [37m<-- GET /wd/hub/session/a8e1a330-73d4-4558-8cbf-243f086ed935/element/2f2e09f7-9c7f-48a4-b989-85af88c1d6f9/attribute/resourceId [39m[32m200[39m [90m44 ms - 106[39m
[35m[HTTP][39m [90m[39m
[35m[HTTP][39m [37m-->[39m [37mGET[39m [37m/wd/hub/session/a8e1a330-73d4-4558-8cbf-243f086ed935/window/current/size[39m
[35m[HTTP][39m [90m{}[39m
[35m[W3C][39m Driver proxy active, passing request on via HTTP proxy
[35m[JSONWP Proxy][39m Replacing sessionId 6650ca84-96da-47c1-85ca-f6fa3232867a with a8e1a330-73d4-4558-8cbf-243f086ed935
[35m[HTTP][39m [37m<-- GET /wd/hub/session/a8e1a330-73d4-4558-8cbf-243f086ed935/window/current/size [39m[32m200[39m [90m31 ms - 100[39m
[35m[HTTP][39m [90m[39m
[35m[HTTP][39m [37m-->[39m [37mPOST[39m [37m/wd/hub/session/a8e1a330-73d4-4558-8cbf-243f086ed935/elements[39m
[35m[HTTP][39m [90m{"using":"-android uiautomator","value":"new UiSelector().className(\"android.widget.TextView\").text(\"IN EVIDENZA\").resourceId(\"it.sky.msa:id/heroPromoTextView\").instance(6)"}[39m
[35m[HTTP][39m [37m<-- POST /wd/hub/session/a8e1a330-73d4-4558-8cbf-243f086ed935/elements [39m[32m200[39m [90m105 ms - 124[39m
[35m[HTTP][39m [90m[39m
[35m[HTTP][39m [37m-->[39m [37mGET[39m [37m/wd/hub/session/a8e1a330-73d4-4558-8cbf-243f086ed935[39m
[35m[HTTP][39m [90m{}[39m
[35m[HTTP][39m [37m<-- GET /wd/hub/session/a8e1a330-73d4-4558-8cbf-243f086ed935 [39m[32m200[39m [90m25 ms - 1133[39m
[35m[HTTP][39m [90m[39m
[35m[HTTP][39m [37m-->[39m [37mGET[39m [37m/wd/hub/session/a8e1a330-73d4-4558-8cbf-243f086ed935[39m
[35m[HTTP][39m [90m{}[39m
[35m[HTTP][39m [37m<-- GET /wd/hub/session/a8e1a330-73d4-4558-8cbf-243f086ed935 [39m[32m200[39m [90m28 ms - 1133[39m
[35m[HTTP][39m [90m[39m
[35m[HTTP][39m [37m-->[39m [37mGET[39m [37m/wd/hub/session/a8e1a330-73d4-4558-8cbf-243f086ed935[39m
[35m[HTTP][39m [90m{}[39m
[35m[HTTP][39m [37m<-- GET /wd/hub/session/a8e1a330-73d4-4558-8cbf-243f086ed935 [39m[32m200[39m [90m34 ms - 1133[39m
[35m[HTTP][39m [90m[39m
[35m[HTTP][39m [37m-->[39m [37mGET[39m [37m/wd/hub/session/a8e1a330-73d4-4558-8cbf-243f086ed935[39m
[35m[HTTP][39m [90m{}[39m
[35m[HTTP][39m [37m<-- GET /wd/hub/session/a8e1a330-73d4-4558-8cbf-243f086ed935 [39m[32m200[39m [90m26 ms - 1133[39m
[35m[HTTP][39m [90m[39m
[35m[HTTP][39m [37m-->[39m [37mGET[39m [37m/wd/hub/session/a8e1a330-73d4-4558-8cbf-243f086ed935/element/532c99c8-19c6-4e3b-b0f0-54aa3419162a/location[39m
[35m[HTTP][39m [90m{}[39m
[35m[W3C][39m Driver proxy active, passing request on via HTTP proxy
[35m[JSONWP Proxy][39m Replacing sessionId 6650ca84-96da-47c1-85ca-f6fa3232867a with a8e1a330-73d4-4558-8cbf-243f086ed935
[35m[HTTP][39m [37m<-- GET /wd/hub/session/a8e1a330-73d4-4558-8cbf-243f086ed935/element/532c99c8-19c6-4e3b-b0f0-54aa3419162a/location [39m[32m200[39m [90m51 ms - 88[39m
[35m[HTTP][39m [90m[39m
[35m[HTTP][39m [37m-->[39m [37mGET[39m [37m/wd/hub/session/a8e1a330-73d4-4558-8cbf-243f086ed935/element/532c99c8-19c6-4e3b-b0f0-54aa3419162a/text[39m
[35m[HTTP][39m [90m{}[39m
[35m[W3C][39m Driver proxy active, passing request on via HTTP proxy
[35m[JSONWP Proxy][39m Replacing sessionId 6650ca84-96da-47c1-85ca-f6fa3232867a with a8e1a330-73d4-4558-8cbf-243f086ed935
[35m[HTTP][39m [37m<-- GET /wd/hub/session/a8e1a330-73d4-4558-8cbf-243f086ed935/element/532c99c8-19c6-4e3b-b0f0-54aa3419162a/text [39m[32m200[39m [90m66 ms - 85[39m
[35m[HTTP][39m [90m[39m
[35m[HTTP][39m [37m-->[39m [37mGET[39m [37m/wd/hub/session/a8e1a330-73d4-4558-8cbf-243f086ed935/window/current/size[39m
[35m[HTTP][39m [90m{}[39m
[35m[W3C][39m Driver proxy active, passing request on via HTTP proxy
[35m[JSONWP Proxy][39m Replacing sessionId 6650ca84-96da-47c1-85ca-f6fa3232867a with a8e1a330-73d4-4558-8cbf-243f086ed935
[35m[HTTP][39m [37m<-- GET /wd/hub/session/a8e1a330-73d4-4558-8cbf-243f086ed935/window/current/size [39m[32m200[39m [90m31 ms - 100[39m
[35m[HTTP][39m [90m[39m
[35m[HTTP][39m [37m-->[39m [37mPOST[39m [37m/wd/hub/session/a8e1a330-73d4-4558-8cbf-243f086ed935/elements[39m
[35m[HTTP][39m [90m{"using":"-android uiautomator","value":"new UiSelector().className(\"android.widget.TextView\").resourceId(\"it.sky.msa:id/heroTitleTextView\").instance(7)"}[39m
[35m[HTTP][39m [37m<-- POST /wd/hub/session/a8e1a330-73d4-4558-8cbf-243f086ed935/elements [39m[32m200[39m [90m100 ms - 124[39m
[35m[HTTP][39m [90m[39m
[35m[HTTP][39m [37m-->[39m [37mGET[39m [37m/wd/hub/session/a8e1a330-73d4-4558-8cbf-243f086ed935[39m
[35m[HTTP][39m [90m{}[39m
[35m[HTTP][39m [37m<-- GET /wd/hub/session/a8e1a330-73d4-4558-8cbf-243f086ed935 [39m[32m200[39m [90m23 ms - 1133[39m
[35m[HTTP][39m [90m[39m
[35m[HTTP][39m [37m-->[39m [37mGET[39m [37m/wd/hub/session/a8e1a330-73d4-4558-8cbf-243f086ed935[39m
[35m[HTTP][39m [90m{}[39m
[35m[HTTP][39m [37m<-- GET /wd/hub/session/a8e1a330-73d4-4558-8cbf-243f086ed935 [39m[32m200[39m [90m25 ms - 1133[39m
[35m[HTTP][39m [90m[39m
[35m[HTTP][39m [37m-->[39m [37mGET[39m [37m/wd/hub/session/a8e1a330-73d4-4558-8cbf-243f086ed935[39m
[35m[HTTP][39m [90m{}[39m
[35m[HTTP][39m [37m<-- GET /wd/hub/session/a8e1a330-73d4-4558-8cbf-243f086ed935 [39m[32m200[39m [90m24 ms - 1133[39m
[35m[HTTP][39m [90m[39m
[35m[HTTP][39m [37m-->[39m [37mGET[39m [37m/wd/hub/session/a8e1a330-73d4-4558-8cbf-243f086ed935[39m
[35m[HTTP][39m [90m{}[39m
[35m[HTTP][39m [37m<-- GET /wd/hub/session/a8e1a330-73d4-4558-8cbf-243f086ed935 [39m[32m200[39m [90m24 ms - 1133[39m
[35m[HTTP][39m [90m[39m
[35m[HTTP][39m [37m-->[39m [37mGET[39m [37m/wd/hub/session/a8e1a330-73d4-4558-8cbf-243f086ed935/element/16a92ec9-d87c-44ee-a645-eaffa063d3f7/location[39m
[35m[HTTP][39m [90m{}[39m
[35m[W3C][39m Driver proxy active, passing request on via HTTP proxy
[35m[JSONWP Proxy][39m Replacing sessionId 6650ca84-96da-47c1-85ca-f6fa3232867a with a8e1a330-73d4-4558-8cbf-243f086ed935
[35m[HTTP][39m [37m<-- GET /wd/hub/session/a8e1a330-73d4-4558-8cbf-243f086ed935/element/16a92ec9-d87c-44ee-a645-eaffa063d3f7/location [39m[32m200[39m [90m50 ms - 88[39m
[35m[HTTP][39m [90m[39m
[35m[HTTP][39m [37m-->[39m [37mGET[39m [37m/wd/hub/session/a8e1a330-73d4-4558-8cbf-243f086ed935/window/current/size[39m
[35m[HTTP][39m [90m{}[39m
[35m[W3C][39m Driver proxy active, passing request on via HTTP proxy
[35m[JSONWP Proxy][39m Replacing sessionId 6650ca84-96da-47c1-85ca-f6fa3232867a with a8e1a330-73d4-4558-8cbf-243f086ed935
[35m[HTTP][39m [37m<-- GET /wd/hub/session/a8e1a330-73d4-4558-8cbf-243f086ed935/window/current/size [39m[32m200[39m [90m33 ms - 100[39m
[35m[HTTP][39m [90m[39m
[35m[HTTP][39m [37m-->[39m [37mPOST[39m [37m/wd/hub/session/a8e1a330-73d4-4558-8cbf-243f086ed935/elements[39m
[35m[HTTP][39m [90m{"using":"-android uiautomator","value":"new UiSelector().className(\"android.widget.TextView\").resourceId(\"it.sky.msa:id/heroCaptionTextView\").instance(8)"}[39m
[35m[HTTP][39m [37m<-- POST /wd/hub/session/a8e1a330-73d4-4558-8cbf-243f086ed935/elements [39m[32m200[39m [90m114 ms - 124[39m
[35m[HTTP][39m [90m[39m
[35m[HTTP][39m [37m-->[39m [37mGET[39m [37m/wd/hub/session/a8e1a330-73d4-4558-8cbf-243f086ed935[39m
[35m[HTTP][39m [90m{}[39m
[35m[HTTP][39m [37m<-- GET /wd/hub/session/a8e1a330-73d4-4558-8cbf-243f086ed935 [39m[32m200[39m [90m29 ms - 1133[39m
[35m[HTTP][39m [90m[39m
[35m[HTTP][39m [37m-->[39m [37mGET[39m [37m/wd/hub/session/a8e1a330-73d4-4558-8cbf-243f086ed935[39m
[35m[HTTP][39m [90m{}[39m
[35m[HTTP][39m [37m<-- GET /wd/hub/session/a8e1a330-73d4-4558-8cbf-243f086ed935 [39m[32m200[39m [90m23 ms - 1133[39m
[35m[HTTP][39m [90m[39m
[35m[HTTP][39m [37m-->[39m [37mGET[39m [37m/wd/hub/session/a8e1a330-73d4-4558-8cbf-243f086ed935[39m
[35m[HTTP][39m [90m{}[39m
[35m[HTTP][39m [37m<-- GET /wd/hub/session/a8e1a330-73d4-4558-8cbf-243f086ed935 [39m[32m200[39m [90m26 ms - 1133[39m
[35m[HTTP][39m [90m[39m
[35m[HTTP][39m [37m-->[39m [37mGET[39m [37m/wd/hub/session/a8e1a330-73d4-4558-8cbf-243f086ed935[39m
[35m[HTTP][39m [90m{}[39m
[35m[HTTP][39m [37m<-- GET /wd/hub/session/a8e1a330-73d4-4558-8cbf-243f086ed935 [39m[32m200[39m [90m22 ms - 1133[39m
[35m[HTTP][39m [90m[39m
[35m[HTTP][39m [37m-->[39m [37mGET[39m [37m/wd/hub/session/a8e1a330-73d4-4558-8cbf-243f086ed935/element/e1049488-7ac8-4102-9484-f790d912bf94/location[39m
[35m[HTTP][39m [90m{}[39m
[35m[W3C][39m Driver proxy active, passing request on via HTTP proxy
[35m[JSONWP Proxy][39m Replacing sessionId 6650ca84-96da-47c1-85ca-f6fa3232867a with a8e1a330-73d4-4558-8cbf-243f086ed935
[35m[HTTP][39m [37m<-- GET /wd/hub/session/a8e1a330-73d4-4558-8cbf-243f086ed935/element/e1049488-7ac8-4102-9484-f790d912bf94/location [39m[32m200[39m [90m51 ms - 89[39m
[35m[HTTP][39m [90m[39m
[35m[HTTP][39m [37m-->[39m [37mDELETE[39m [37m/wd/hub/session/a8e1a330-73d4-4558-8cbf-243f086ed935[39m
[35m[HTTP][39m [90m{}[39m
[35m[Appium][39m Removing session a8e1a330-73d4-4558-8cbf-243f086ed935 from our master session list
[35m[HTTP][39m [37m<-- DELETE /wd/hub/session/a8e1a330-73d4-4558-8cbf-243f086ed935 [39m[32m200[39m [90m261 ms - 76[39m
[35m[HTTP][39m [90m[39m
