[35m[Appium][39m Welcome to Appium v1.8.1
[35m[Appium][39m Non-default server args:
[35m[Appium][39m   port: 50136
[35m[Appium][39m   loglevel: info
[35m[Appium][39m   chromeDriverPort: 50137
[35m[Appium][39m   tmpDir: C:\Users\marco\AppData\Local\Temp\\Katalon\Appium\Temp1551275339405
[35m[Appium][39m Appium REST http interface listener started on 0.0.0.0:50136
[35m[HTTP][39m [37m-->[39m [37mGET[39m [37m/wd/hub/status[39m
[35m[HTTP][39m [90m{}[39m
[35m[HTTP][39m [37m<-- GET /wd/hub/status [39m[32m200[39m [90m48 ms - 83[39m
[35m[HTTP][39m [90m[39m
[35m[HTTP][39m [37m-->[39m [37mPOST[39m [37m/wd/hub/session[39m
[35m[HTTP][39m [90m{"desiredCapabilities":{"app":"C:\\Users\\MSA-testautomation\\59.apk","autoGrantPermissions":true,"automationName":"uiautomator2","deviceName":"samsung SM-G935F (Android 8.0.0)","fullReset":false,"newCommandTimeout":1800,"noReset":true,"platform":"ANDROID","platformName":"Android","udid":"9885f7504651473733"},"capabilities":{"desiredCapabilities":{"app":"C:\\Users\\MSA-testautomation\\59.apk","autoGrantPermissions":true,"automationName":"uiautomator2","deviceName":"samsung SM-G935F (Android 8.0.0)","fullReset":false,"newCommandTimeout":1800,"noReset":true,"platform":"ANDROID","platformName":"Android","udid":"9885f7504651473733"},"firstMatch":[{"platformName":"android"}]}}[39m
[35m[Appium][39m Could not parse W3C capabilities: 'deviceName' can't be blank. Falling back to JSONWP protocol.
[35m[Appium][39m The following capabilities were provided in the JSONWP desired capabilities that are missing in W3C capabilities: ["app","autoGrantPermissions","automationName","deviceName","fullReset","newCommandTimeout","noReset","platform","platformName","udid"]. Falling back to JSONWP protocol.
[35m[Appium][39m Creating new AndroidUiautomator2Driver (v1.12.0) session
[35m[Appium][39m Capabilities:
[35m[Appium][39m   app: C:\Users\MSA-testautomation\59.apk
[35m[Appium][39m   autoGrantPermissions: true
[35m[Appium][39m   automationName: uiautomator2
[35m[Appium][39m   deviceName: samsung SM-G935F (Android 8.0.0)
[35m[Appium][39m   fullReset: false
[35m[Appium][39m   newCommandTimeout: 1800
[35m[Appium][39m   noReset: true
[35m[Appium][39m   platform: ANDROID
[35m[Appium][39m   platformName: Android
[35m[Appium][39m   udid: 9885f7504651473733
[35m[BaseDriver][39m The following capabilities were provided, but are not recognized by appium: platform.
[35m[BaseDriver][39m Session created with session id: bf46bfd6-2eaf-4432-88e4-8f0aa31c441e
[35m[BaseDriver][39m Using local app 'C:\Users\MSA-testautomation\59.apk'
[35m[AndroidDriver][39m Java version is: 1.8.0_181
[35m[ADB][39m Checking whether adb is present
[35m[ADB][39m Found 1 'build-tools' folders under 'C:\Users\marco\.katalon\tools\android_sdk' (newest first):
[35m[ADB][39m     C:/Users/marco/.katalon/tools/android_sdk/build-tools/28.0.3
[35m[ADB][39m Using adb.exe from C:\Users\marco\.katalon\tools\android_sdk\platform-tools\adb.exe
[35m[AndroidDriver][39m Retrieving device list
[35m[AndroidDriver][39m Using device: 9885f7504651473733
[35m[ADB][39m Using the alternative activity name detection method because of: Could not find apkanalyzer.bat in C:\Users\marco\.katalon\tools\android_sdk\platform-tools\apkanalyzer.bat,C:\Users\marco\.katalon\tools\android_sdk\emulator\apkanalyzer.bat,C:\Users\marco\.katalon\tools\android_sdk\tools\apkanalyzer.bat,C:\Users\marco\.katalon\tools\android_sdk\tools\bin\apkanalyzer.bat,C:\Users\marco\.katalon\tools\android_sdk\build-tools\28.0.3\apkanalyzer.bat. Do you have the Android SDK installed at 'C:\Users\marco\.katalon\tools\android_sdk'?
[35m[ADB][39m Checking whether aapt is present
[35m[ADB][39m Using aapt.exe from C:\Users\marco\.katalon\tools\android_sdk\build-tools\28.0.3\aapt.exe
[35m[ADB][39m Extracting package and launch activity from manifest
[35m[ADB][39m Package name: 'it.sky.msa'
[35m[ADB][39m Main activity name: 'it.sky.msa.welcome.SplashActivity'
[35m[ADB][39m Getting device platform version
[35m[ADB][39m Using apksigner.bat from C:\Users\marco\.katalon\tools\android_sdk\build-tools\28.0.3\apksigner.bat
[35m[ADB][39m Checking whether zipalign is present
[35m[ADB][39m Using zipalign.exe from C:\Users\marco\.katalon\tools\android_sdk\build-tools\28.0.3\zipalign.exe
[35m[ADB][39m io.appium.uiautomator2.server was successfully uninstalled
[35m[ADB][39m io.appium.uiautomator2.server.test was successfully uninstalled
[35m[AndroidDriver][39m setDeviceLanguageCountry requires language or country.
[35m[AndroidDriver][39m Got language: 'null' and country: 'null'
[35m[ADB][39m Successfully extracted 218 strings from 'C:\Users\MSA-testautomation\59.apk' resources for '(default)' configuration
[35m[UiAutomator2][39m Starting uiautomator2 server 1.12.0
[35m[UiAutomator2][39m Using UIAutomator2 server from 'C:\Users\marco\AppData\Roaming\npm\node_modules\appium\node_modules\appium-uiautomator2-server\apks\appium-uiautomator2-server-v1.12.0.apk' and test from 'C:\Users\marco\AppData\Roaming\npm\node_modules\appium\node_modules\appium-uiautomator2-server\apks\appium-uiautomator2-server-debug-androidTest.apk'
[35m[UiAutomator2][39m Running command: 'adb -s 9885f7504651473733 shell am instrument -w io.appium.uiautomator2.server.test/android.support.test.runner.AndroidJUnitRunner'
[35m[UiAutomator2][39m Waiting up to 20000ms for UiAutomator2 to be online...
[35m[AndroidDriver][39m Screen already unlocked, doing nothing
[35m[UiAutomator2][39m UiAutomator2 did not start the activity we were waiting for, 'it.sky.msa/it.sky.msa.welcome.SplashActivity'. Starting it ourselves
[35m[Appium][39m New AndroidUiautomator2Driver session created successfully, session bf46bfd6-2eaf-4432-88e4-8f0aa31c441e added to master session list
[35m[HTTP][39m [37m<-- POST /wd/hub/session [39m[32m200[39m [90m21562 ms - 1133[39m
[35m[HTTP][39m [90m[39m
[35m[HTTP][39m [37m-->[39m [37mGET[39m [37m/wd/hub/status[39m
[35m[HTTP][39m [90m{}[39m
[35m[HTTP][39m [37m<-- GET /wd/hub/status [39m[32m200[39m [90m48 ms - 55[39m
[35m[HTTP][39m [90m[39m
[35m[HTTP][39m [37m-->[39m [37mPOST[39m [37m/wd/hub/session/bf46bfd6-2eaf-4432-88e4-8f0aa31c441e/timeouts[39m
[35m[HTTP][39m [90m{"type":"implicit","ms":60000}[39m
[35m[HTTP][39m [37m<-- POST /wd/hub/session/bf46bfd6-2eaf-4432-88e4-8f0aa31c441e/timeouts [39m[33m400[39m [90m16 ms - 5204[39m
[35m[HTTP][39m [90m[39m
[35m[HTTP][39m [37m-->[39m [37mGET[39m [37m/wd/hub/session/bf46bfd6-2eaf-4432-88e4-8f0aa31c441e/window/current/size[39m
[35m[HTTP][39m [90m{}[39m
[35m[W3C][39m Driver proxy active, passing request on via HTTP proxy
[35m[JSONWP Proxy][39m Replacing sessionId a883b88c-12ae-4865-ae95-88090735115c with bf46bfd6-2eaf-4432-88e4-8f0aa31c441e
[35m[HTTP][39m [37m<-- GET /wd/hub/session/bf46bfd6-2eaf-4432-88e4-8f0aa31c441e/window/current/size [39m[32m200[39m [90m40 ms - 100[39m
[35m[HTTP][39m [90m[39m
[35m[HTTP][39m [37m-->[39m [37mPOST[39m [37m/wd/hub/session/bf46bfd6-2eaf-4432-88e4-8f0aa31c441e/elements[39m
[35m[HTTP][39m [90m{"using":"-android uiautomator","value":"new UiSelector().className(\"android.widget.TextView\").text(\"Home\").resourceId(\"it.sky.msa:id/title\").instance(4)"}[39m
[35m[HTTP][39m [37m<-- POST /wd/hub/session/bf46bfd6-2eaf-4432-88e4-8f0aa31c441e/elements [39m[32m200[39m [90m254 ms - 74[39m
[35m[HTTP][39m [90m[39m
[35m[HTTP][39m [37m-->[39m [37mPOST[39m [37m/wd/hub/session/bf46bfd6-2eaf-4432-88e4-8f0aa31c441e/elements[39m
[35m[HTTP][39m [90m{"using":"-android uiautomator","value":"new UiSelector().className(\"android.widget.TextView\").text(\"Home\").resourceId(\"it.sky.msa:id/title\").instance(4)"}[39m
[35m[HTTP][39m [37m<-- POST /wd/hub/session/bf46bfd6-2eaf-4432-88e4-8f0aa31c441e/elements [39m[32m200[39m [90m66 ms - 74[39m
[35m[HTTP][39m [90m[39m
[35m[HTTP][39m [37m-->[39m [37mPOST[39m [37m/wd/hub/session/bf46bfd6-2eaf-4432-88e4-8f0aa31c441e/elements[39m
[35m[HTTP][39m [90m{"using":"-android uiautomator","value":"new UiSelector().className(\"android.widget.TextView\").text(\"Home\").resourceId(\"it.sky.msa:id/title\").instance(4)"}[39m
[35m[HTTP][39m [37m<-- POST /wd/hub/session/bf46bfd6-2eaf-4432-88e4-8f0aa31c441e/elements [39m[32m200[39m [90m78 ms - 74[39m
[35m[HTTP][39m [90m[39m
[35m[HTTP][39m [37m-->[39m [37mPOST[39m [37m/wd/hub/session/bf46bfd6-2eaf-4432-88e4-8f0aa31c441e/elements[39m
[35m[HTTP][39m [90m{"using":"-android uiautomator","value":"new UiSelector().className(\"android.widget.TextView\").text(\"Home\").resourceId(\"it.sky.msa:id/title\").instance(4)"}[39m
[35m[HTTP][39m [37m<-- POST /wd/hub/session/bf46bfd6-2eaf-4432-88e4-8f0aa31c441e/elements [39m[32m200[39m [90m70 ms - 74[39m
[35m[HTTP][39m [90m[39m
[35m[HTTP][39m [37m-->[39m [37mPOST[39m [37m/wd/hub/session/bf46bfd6-2eaf-4432-88e4-8f0aa31c441e/elements[39m
[35m[HTTP][39m [90m{"using":"-android uiautomator","value":"new UiSelector().className(\"android.widget.TextView\").text(\"Home\").resourceId(\"it.sky.msa:id/title\").instance(4)"}[39m
[35m[HTTP][39m [37m<-- POST /wd/hub/session/bf46bfd6-2eaf-4432-88e4-8f0aa31c441e/elements [39m[32m200[39m [90m66 ms - 74[39m
[35m[HTTP][39m [90m[39m
[35m[HTTP][39m [37m-->[39m [37mPOST[39m [37m/wd/hub/session/bf46bfd6-2eaf-4432-88e4-8f0aa31c441e/elements[39m
[35m[HTTP][39m [90m{"using":"-android uiautomator","value":"new UiSelector().className(\"android.widget.TextView\").text(\"Home\").resourceId(\"it.sky.msa:id/title\").instance(4)"}[39m
[35m[HTTP][39m [37m<-- POST /wd/hub/session/bf46bfd6-2eaf-4432-88e4-8f0aa31c441e/elements [39m[32m200[39m [90m63 ms - 74[39m
[35m[HTTP][39m [90m[39m
[35m[HTTP][39m [37m-->[39m [37mPOST[39m [37m/wd/hub/session/bf46bfd6-2eaf-4432-88e4-8f0aa31c441e/elements[39m
[35m[HTTP][39m [90m{"using":"-android uiautomator","value":"new UiSelector().className(\"android.widget.TextView\").text(\"Home\").resourceId(\"it.sky.msa:id/title\").instance(4)"}[39m
[35m[HTTP][39m [37m<-- POST /wd/hub/session/bf46bfd6-2eaf-4432-88e4-8f0aa31c441e/elements [39m[32m200[39m [90m115 ms - 74[39m
[35m[HTTP][39m [90m[39m
[35m[HTTP][39m [37m-->[39m [37mPOST[39m [37m/wd/hub/session/bf46bfd6-2eaf-4432-88e4-8f0aa31c441e/elements[39m
[35m[HTTP][39m [90m{"using":"-android uiautomator","value":"new UiSelector().className(\"android.widget.TextView\").text(\"Home\").resourceId(\"it.sky.msa:id/title\").instance(4)"}[39m
[35m[HTTP][39m [37m<-- POST /wd/hub/session/bf46bfd6-2eaf-4432-88e4-8f0aa31c441e/elements [39m[32m200[39m [90m57 ms - 74[39m
[35m[HTTP][39m [90m[39m
[35m[HTTP][39m [37m-->[39m [37mPOST[39m [37m/wd/hub/session/bf46bfd6-2eaf-4432-88e4-8f0aa31c441e/elements[39m
[35m[HTTP][39m [90m{"using":"-android uiautomator","value":"new UiSelector().className(\"android.widget.TextView\").text(\"Home\").resourceId(\"it.sky.msa:id/title\").instance(4)"}[39m
[35m[HTTP][39m [37m<-- POST /wd/hub/session/bf46bfd6-2eaf-4432-88e4-8f0aa31c441e/elements [39m[32m200[39m [90m51 ms - 74[39m
[35m[HTTP][39m [90m[39m
[35m[HTTP][39m [37m-->[39m [37mPOST[39m [37m/wd/hub/session/bf46bfd6-2eaf-4432-88e4-8f0aa31c441e/elements[39m
[35m[HTTP][39m [90m{"using":"-android uiautomator","value":"new UiSelector().className(\"android.widget.TextView\").text(\"Home\").resourceId(\"it.sky.msa:id/title\").instance(4)"}[39m
[35m[HTTP][39m [37m<-- POST /wd/hub/session/bf46bfd6-2eaf-4432-88e4-8f0aa31c441e/elements [39m[32m200[39m [90m52 ms - 74[39m
[35m[HTTP][39m [90m[39m
[35m[HTTP][39m [37m-->[39m [37mPOST[39m [37m/wd/hub/session/bf46bfd6-2eaf-4432-88e4-8f0aa31c441e/elements[39m
[35m[HTTP][39m [90m{"using":"-android uiautomator","value":"new UiSelector().className(\"android.widget.TextView\").text(\"Home\").resourceId(\"it.sky.msa:id/title\").instance(4)"}[39m
[35m[HTTP][39m [37m<-- POST /wd/hub/session/bf46bfd6-2eaf-4432-88e4-8f0aa31c441e/elements [39m[32m200[39m [90m82 ms - 74[39m
[35m[HTTP][39m [90m[39m
[35m[HTTP][39m [37m-->[39m [37mPOST[39m [37m/wd/hub/session/bf46bfd6-2eaf-4432-88e4-8f0aa31c441e/elements[39m
[35m[HTTP][39m [90m{"using":"-android uiautomator","value":"new UiSelector().className(\"android.widget.TextView\").text(\"Home\").resourceId(\"it.sky.msa:id/title\").instance(4)"}[39m
[35m[HTTP][39m [37m<-- POST /wd/hub/session/bf46bfd6-2eaf-4432-88e4-8f0aa31c441e/elements [39m[32m200[39m [90m102 ms - 74[39m
[35m[HTTP][39m [90m[39m
[35m[HTTP][39m [37m-->[39m [37mPOST[39m [37m/wd/hub/session/bf46bfd6-2eaf-4432-88e4-8f0aa31c441e/elements[39m
[35m[HTTP][39m [90m{"using":"-android uiautomator","value":"new UiSelector().className(\"android.widget.TextView\").text(\"Home\").resourceId(\"it.sky.msa:id/title\").instance(4)"}[39m
[35m[HTTP][39m [37m<-- POST /wd/hub/session/bf46bfd6-2eaf-4432-88e4-8f0aa31c441e/elements [39m[32m200[39m [90m72 ms - 74[39m
[35m[HTTP][39m [90m[39m
[35m[HTTP][39m [37m-->[39m [37mPOST[39m [37m/wd/hub/session/bf46bfd6-2eaf-4432-88e4-8f0aa31c441e/elements[39m
[35m[HTTP][39m [90m{"using":"-android uiautomator","value":"new UiSelector().className(\"android.widget.TextView\").text(\"Home\").resourceId(\"it.sky.msa:id/title\").instance(4)"}[39m
[35m[HTTP][39m [37m<-- POST /wd/hub/session/bf46bfd6-2eaf-4432-88e4-8f0aa31c441e/elements [39m[32m200[39m [90m63 ms - 74[39m
[35m[HTTP][39m [90m[39m
[35m[HTTP][39m [37m-->[39m [37mPOST[39m [37m/wd/hub/session/bf46bfd6-2eaf-4432-88e4-8f0aa31c441e/elements[39m
[35m[HTTP][39m [90m{"using":"-android uiautomator","value":"new UiSelector().className(\"android.widget.TextView\").text(\"Home\").resourceId(\"it.sky.msa:id/title\").instance(4)"}[39m
[35m[HTTP][39m [37m<-- POST /wd/hub/session/bf46bfd6-2eaf-4432-88e4-8f0aa31c441e/elements [39m[32m200[39m [90m69 ms - 74[39m
[35m[HTTP][39m [90m[39m
[35m[HTTP][39m [37m-->[39m [37mPOST[39m [37m/wd/hub/session/bf46bfd6-2eaf-4432-88e4-8f0aa31c441e/elements[39m
[35m[HTTP][39m [90m{"using":"-android uiautomator","value":"new UiSelector().className(\"android.widget.TextView\").text(\"Home\").resourceId(\"it.sky.msa:id/title\").instance(4)"}[39m
[35m[HTTP][39m [37m<-- POST /wd/hub/session/bf46bfd6-2eaf-4432-88e4-8f0aa31c441e/elements [39m[32m200[39m [90m65 ms - 74[39m
[35m[HTTP][39m [90m[39m
[35m[HTTP][39m [37m-->[39m [37mPOST[39m [37m/wd/hub/session/bf46bfd6-2eaf-4432-88e4-8f0aa31c441e/elements[39m
[35m[HTTP][39m [90m{"using":"-android uiautomator","value":"new UiSelector().className(\"android.widget.TextView\").text(\"Home\").resourceId(\"it.sky.msa:id/title\").instance(4)"}[39m
[35m[HTTP][39m [37m<-- POST /wd/hub/session/bf46bfd6-2eaf-4432-88e4-8f0aa31c441e/elements [39m[32m200[39m [90m68 ms - 74[39m
[35m[HTTP][39m [90m[39m
[35m[HTTP][39m [37m-->[39m [37mPOST[39m [37m/wd/hub/session/bf46bfd6-2eaf-4432-88e4-8f0aa31c441e/elements[39m
[35m[HTTP][39m [90m{"using":"-android uiautomator","value":"new UiSelector().className(\"android.widget.TextView\").text(\"Home\").resourceId(\"it.sky.msa:id/title\").instance(4)"}[39m
[35m[HTTP][39m [37m<-- POST /wd/hub/session/bf46bfd6-2eaf-4432-88e4-8f0aa31c441e/elements [39m[32m200[39m [90m86 ms - 74[39m
[35m[HTTP][39m [90m[39m
[35m[HTTP][39m [37m-->[39m [37mPOST[39m [37m/wd/hub/session/bf46bfd6-2eaf-4432-88e4-8f0aa31c441e/elements[39m
[35m[HTTP][39m [90m{"using":"-android uiautomator","value":"new UiSelector().className(\"android.widget.TextView\").text(\"Home\").resourceId(\"it.sky.msa:id/title\").instance(4)"}[39m
[35m[HTTP][39m [37m<-- POST /wd/hub/session/bf46bfd6-2eaf-4432-88e4-8f0aa31c441e/elements [39m[32m200[39m [90m80 ms - 74[39m
[35m[HTTP][39m [90m[39m
[35m[HTTP][39m [37m-->[39m [37mPOST[39m [37m/wd/hub/session/bf46bfd6-2eaf-4432-88e4-8f0aa31c441e/elements[39m
[35m[HTTP][39m [90m{"using":"-android uiautomator","value":"new UiSelector().className(\"android.widget.TextView\").text(\"Home\").resourceId(\"it.sky.msa:id/title\").instance(4)"}[39m
[35m[HTTP][39m [37m<-- POST /wd/hub/session/bf46bfd6-2eaf-4432-88e4-8f0aa31c441e/elements [39m[32m200[39m [90m69 ms - 74[39m
[35m[HTTP][39m [90m[39m
[35m[HTTP][39m [37m-->[39m [37mPOST[39m [37m/wd/hub/session/bf46bfd6-2eaf-4432-88e4-8f0aa31c441e/elements[39m
[35m[HTTP][39m [90m{"using":"-android uiautomator","value":"new UiSelector().className(\"android.widget.TextView\").text(\"Home\").resourceId(\"it.sky.msa:id/title\").instance(4)"}[39m
[35m[HTTP][39m [37m<-- POST /wd/hub/session/bf46bfd6-2eaf-4432-88e4-8f0aa31c441e/elements [39m[32m200[39m [90m73 ms - 74[39m
[35m[HTTP][39m [90m[39m
[35m[HTTP][39m [37m-->[39m [37mPOST[39m [37m/wd/hub/session/bf46bfd6-2eaf-4432-88e4-8f0aa31c441e/elements[39m
[35m[HTTP][39m [90m{"using":"-android uiautomator","value":"new UiSelector().className(\"android.widget.TextView\").text(\"Home\").resourceId(\"it.sky.msa:id/title\").instance(4)"}[39m
[35m[HTTP][39m [37m<-- POST /wd/hub/session/bf46bfd6-2eaf-4432-88e4-8f0aa31c441e/elements [39m[32m200[39m [90m83 ms - 74[39m
[35m[HTTP][39m [90m[39m
[35m[HTTP][39m [37m-->[39m [37mPOST[39m [37m/wd/hub/session/bf46bfd6-2eaf-4432-88e4-8f0aa31c441e/elements[39m
[35m[HTTP][39m [90m{"using":"-android uiautomator","value":"new UiSelector().className(\"android.widget.TextView\").text(\"Home\").resourceId(\"it.sky.msa:id/title\").instance(4)"}[39m
[35m[HTTP][39m [37m<-- POST /wd/hub/session/bf46bfd6-2eaf-4432-88e4-8f0aa31c441e/elements [39m[32m200[39m [90m78 ms - 74[39m
[35m[HTTP][39m [90m[39m
[35m[HTTP][39m [37m-->[39m [37mPOST[39m [37m/wd/hub/session/bf46bfd6-2eaf-4432-88e4-8f0aa31c441e/elements[39m
[35m[HTTP][39m [90m{"using":"-android uiautomator","value":"new UiSelector().className(\"android.widget.TextView\").text(\"Home\").resourceId(\"it.sky.msa:id/title\").instance(4)"}[39m
[35m[HTTP][39m [37m<-- POST /wd/hub/session/bf46bfd6-2eaf-4432-88e4-8f0aa31c441e/elements [39m[32m200[39m [90m76 ms - 74[39m
[35m[HTTP][39m [90m[39m
[35m[HTTP][39m [37m-->[39m [37mPOST[39m [37m/wd/hub/session/bf46bfd6-2eaf-4432-88e4-8f0aa31c441e/elements[39m
[35m[HTTP][39m [90m{"using":"-android uiautomator","value":"new UiSelector().className(\"android.widget.TextView\").text(\"Home\").resourceId(\"it.sky.msa:id/title\").instance(4)"}[39m
[35m[HTTP][39m [37m<-- POST /wd/hub/session/bf46bfd6-2eaf-4432-88e4-8f0aa31c441e/elements [39m[32m200[39m [90m71 ms - 74[39m
[35m[HTTP][39m [90m[39m
[35m[HTTP][39m [37m-->[39m [37mPOST[39m [37m/wd/hub/session/bf46bfd6-2eaf-4432-88e4-8f0aa31c441e/elements[39m
[35m[HTTP][39m [90m{"using":"-android uiautomator","value":"new UiSelector().className(\"android.widget.TextView\").text(\"Home\").resourceId(\"it.sky.msa:id/title\").instance(4)"}[39m
[35m[HTTP][39m [37m<-- POST /wd/hub/session/bf46bfd6-2eaf-4432-88e4-8f0aa31c441e/elements [39m[32m200[39m [90m72 ms - 74[39m
[35m[HTTP][39m [90m[39m
[35m[HTTP][39m [37m-->[39m [37mPOST[39m [37m/wd/hub/session/bf46bfd6-2eaf-4432-88e4-8f0aa31c441e/elements[39m
[35m[HTTP][39m [90m{"using":"-android uiautomator","value":"new UiSelector().className(\"android.widget.TextView\").text(\"Home\").resourceId(\"it.sky.msa:id/title\").instance(4)"}[39m
[35m[HTTP][39m [37m<-- POST /wd/hub/session/bf46bfd6-2eaf-4432-88e4-8f0aa31c441e/elements [39m[32m200[39m [90m68 ms - 74[39m
[35m[HTTP][39m [90m[39m
[35m[HTTP][39m [37m-->[39m [37mPOST[39m [37m/wd/hub/session/bf46bfd6-2eaf-4432-88e4-8f0aa31c441e/elements[39m
[35m[HTTP][39m [90m{"using":"-android uiautomator","value":"new UiSelector().className(\"android.widget.TextView\").text(\"Home\").resourceId(\"it.sky.msa:id/title\").instance(4)"}[39m
[35m[HTTP][39m [37m<-- POST /wd/hub/session/bf46bfd6-2eaf-4432-88e4-8f0aa31c441e/elements [39m[32m200[39m [90m63 ms - 74[39m
[35m[HTTP][39m [90m[39m
[35m[HTTP][39m [37m-->[39m [37mPOST[39m [37m/wd/hub/session/bf46bfd6-2eaf-4432-88e4-8f0aa31c441e/elements[39m
[35m[HTTP][39m [90m{"using":"-android uiautomator","value":"new UiSelector().className(\"android.widget.TextView\").text(\"Home\").resourceId(\"it.sky.msa:id/title\").instance(4)"}[39m
[35m[HTTP][39m [37m<-- POST /wd/hub/session/bf46bfd6-2eaf-4432-88e4-8f0aa31c441e/elements [39m[32m200[39m [90m87 ms - 74[39m
[35m[HTTP][39m [90m[39m
[35m[HTTP][39m [37m-->[39m [37mPOST[39m [37m/wd/hub/session/bf46bfd6-2eaf-4432-88e4-8f0aa31c441e/elements[39m
[35m[HTTP][39m [90m{"using":"-android uiautomator","value":"new UiSelector().className(\"android.widget.TextView\").text(\"Home\").resourceId(\"it.sky.msa:id/title\").instance(4)"}[39m
[35m[HTTP][39m [37m<-- POST /wd/hub/session/bf46bfd6-2eaf-4432-88e4-8f0aa31c441e/elements [39m[32m200[39m [90m894 ms - 124[39m
[35m[HTTP][39m [90m[39m
[35m[HTTP][39m [37m-->[39m [37mGET[39m [37m/wd/hub/session/bf46bfd6-2eaf-4432-88e4-8f0aa31c441e[39m
[35m[HTTP][39m [90m{}[39m
[35m[HTTP][39m [37m<-- GET /wd/hub/session/bf46bfd6-2eaf-4432-88e4-8f0aa31c441e [39m[32m200[39m [90m31 ms - 1133[39m
[35m[HTTP][39m [90m[39m
[35m[HTTP][39m [37m-->[39m [37mGET[39m [37m/wd/hub/session/bf46bfd6-2eaf-4432-88e4-8f0aa31c441e[39m
[35m[HTTP][39m [90m{}[39m
[35m[HTTP][39m [37m<-- GET /wd/hub/session/bf46bfd6-2eaf-4432-88e4-8f0aa31c441e [39m[32m200[39m [90m30 ms - 1133[39m
[35m[HTTP][39m [90m[39m
[35m[HTTP][39m [37m-->[39m [37mGET[39m [37m/wd/hub/session/bf46bfd6-2eaf-4432-88e4-8f0aa31c441e[39m
[35m[HTTP][39m [90m{}[39m
[35m[HTTP][39m [37m<-- GET /wd/hub/session/bf46bfd6-2eaf-4432-88e4-8f0aa31c441e [39m[32m200[39m [90m34 ms - 1133[39m
[35m[HTTP][39m [90m[39m
[35m[HTTP][39m [37m-->[39m [37mGET[39m [37m/wd/hub/session/bf46bfd6-2eaf-4432-88e4-8f0aa31c441e[39m
[35m[HTTP][39m [90m{}[39m
[35m[HTTP][39m [37m<-- GET /wd/hub/session/bf46bfd6-2eaf-4432-88e4-8f0aa31c441e [39m[32m200[39m [90m29 ms - 1133[39m
[35m[HTTP][39m [90m[39m
[35m[HTTP][39m [37m-->[39m [37mGET[39m [37m/wd/hub/session/bf46bfd6-2eaf-4432-88e4-8f0aa31c441e/element/50e531d3-7717-4a4e-88c3-0cdb0187cefb/location[39m
[35m[HTTP][39m [90m{}[39m
[35m[W3C][39m Driver proxy active, passing request on via HTTP proxy
[35m[JSONWP Proxy][39m Replacing sessionId a883b88c-12ae-4865-ae95-88090735115c with bf46bfd6-2eaf-4432-88e4-8f0aa31c441e
[35m[HTTP][39m [37m<-- GET /wd/hub/session/bf46bfd6-2eaf-4432-88e4-8f0aa31c441e/element/50e531d3-7717-4a4e-88c3-0cdb0187cefb/location [39m[32m200[39m [90m75 ms - 89[39m
[35m[HTTP][39m [90m[39m
[35m[HTTP][39m [37m-->[39m [37mGET[39m [37m/wd/hub/session/bf46bfd6-2eaf-4432-88e4-8f0aa31c441e/window/current/size[39m
[35m[HTTP][39m [90m{}[39m
[35m[W3C][39m Driver proxy active, passing request on via HTTP proxy
[35m[JSONWP Proxy][39m Replacing sessionId a883b88c-12ae-4865-ae95-88090735115c with bf46bfd6-2eaf-4432-88e4-8f0aa31c441e
[35m[HTTP][39m [37m<-- GET /wd/hub/session/bf46bfd6-2eaf-4432-88e4-8f0aa31c441e/window/current/size [39m[32m200[39m [90m35 ms - 100[39m
[35m[HTTP][39m [90m[39m
[35m[HTTP][39m [37m-->[39m [37mPOST[39m [37m/wd/hub/session/bf46bfd6-2eaf-4432-88e4-8f0aa31c441e/elements[39m
[35m[HTTP][39m [90m{"using":"-android uiautomator","value":"new UiSelector().className(\"android.widget.TextView\").text(\"Guida TV\").resourceId(\"it.sky.msa:id/title\").instance(5)"}[39m
[35m[HTTP][39m [37m<-- POST /wd/hub/session/bf46bfd6-2eaf-4432-88e4-8f0aa31c441e/elements [39m[32m200[39m [90m131 ms - 124[39m
[35m[HTTP][39m [90m[39m
[35m[HTTP][39m [37m-->[39m [37mGET[39m [37m/wd/hub/session/bf46bfd6-2eaf-4432-88e4-8f0aa31c441e[39m
[35m[HTTP][39m [90m{}[39m
[35m[HTTP][39m [37m<-- GET /wd/hub/session/bf46bfd6-2eaf-4432-88e4-8f0aa31c441e [39m[32m200[39m [90m53 ms - 1133[39m
[35m[HTTP][39m [90m[39m
[35m[HTTP][39m [37m-->[39m [37mGET[39m [37m/wd/hub/session/bf46bfd6-2eaf-4432-88e4-8f0aa31c441e[39m
[35m[HTTP][39m [90m{}[39m
[35m[HTTP][39m [37m<-- GET /wd/hub/session/bf46bfd6-2eaf-4432-88e4-8f0aa31c441e [39m[32m200[39m [90m27 ms - 1133[39m
[35m[HTTP][39m [90m[39m
[35m[HTTP][39m [37m-->[39m [37mGET[39m [37m/wd/hub/session/bf46bfd6-2eaf-4432-88e4-8f0aa31c441e[39m
[35m[HTTP][39m [90m{}[39m
[35m[HTTP][39m [37m<-- GET /wd/hub/session/bf46bfd6-2eaf-4432-88e4-8f0aa31c441e [39m[32m200[39m [90m30 ms - 1133[39m
[35m[HTTP][39m [90m[39m
[35m[HTTP][39m [37m-->[39m [37mGET[39m [37m/wd/hub/session/bf46bfd6-2eaf-4432-88e4-8f0aa31c441e[39m
[35m[HTTP][39m [90m{}[39m
[35m[HTTP][39m [37m<-- GET /wd/hub/session/bf46bfd6-2eaf-4432-88e4-8f0aa31c441e [39m[32m200[39m [90m29 ms - 1133[39m
[35m[HTTP][39m [90m[39m
[35m[HTTP][39m [37m-->[39m [37mGET[39m [37m/wd/hub/session/bf46bfd6-2eaf-4432-88e4-8f0aa31c441e/element/569ab63d-7244-4cb7-be31-725f00d2006b/location[39m
[35m[HTTP][39m [90m{}[39m
[35m[W3C][39m Driver proxy active, passing request on via HTTP proxy
[35m[JSONWP Proxy][39m Replacing sessionId a883b88c-12ae-4865-ae95-88090735115c with bf46bfd6-2eaf-4432-88e4-8f0aa31c441e
[35m[HTTP][39m [37m<-- GET /wd/hub/session/bf46bfd6-2eaf-4432-88e4-8f0aa31c441e/element/569ab63d-7244-4cb7-be31-725f00d2006b/location [39m[32m200[39m [90m68 ms - 90[39m
[35m[HTTP][39m [90m[39m
[35m[HTTP][39m [37m-->[39m [37mPOST[39m [37m/wd/hub/session/bf46bfd6-2eaf-4432-88e4-8f0aa31c441e/touch/perform[39m
[35m[HTTP][39m [90m{"actions":[{"action":"tap","options":{"element":"569ab63d-7244-4cb7-be31-725f00d2006b","x":1,"y":1}}]}[39m
[35m[UiAutomator2][39m calling get location: 569ab63d-7244-4cb7-be31-725f00d2006b
[35m[HTTP][39m [37m<-- POST /wd/hub/session/bf46bfd6-2eaf-4432-88e4-8f0aa31c441e/touch/perform [39m[32m200[39m [90m1072 ms - 76[39m
[35m[HTTP][39m [90m[39m
[35m[HTTP][39m [37m-->[39m [37mGET[39m [37m/wd/hub/session/bf46bfd6-2eaf-4432-88e4-8f0aa31c441e/window/current/size[39m
[35m[HTTP][39m [90m{}[39m
[35m[W3C][39m Driver proxy active, passing request on via HTTP proxy
[35m[JSONWP Proxy][39m Replacing sessionId a883b88c-12ae-4865-ae95-88090735115c with bf46bfd6-2eaf-4432-88e4-8f0aa31c441e
[35m[HTTP][39m [37m<-- GET /wd/hub/session/bf46bfd6-2eaf-4432-88e4-8f0aa31c441e/window/current/size [39m[32m200[39m [90m45 ms - 100[39m
[35m[HTTP][39m [90m[39m
[35m[HTTP][39m [37m-->[39m [37mPOST[39m [37m/wd/hub/session/bf46bfd6-2eaf-4432-88e4-8f0aa31c441e/elements[39m
[35m[HTTP][39m [90m{"using":"-android uiautomator","value":"new UiSelector().className(\"android.widget.ImageView\").resourceId(\"it.sky.msa:id/heroImageImageView\").instance(0)"}[39m
[35m[HTTP][39m [37m<-- POST /wd/hub/session/bf46bfd6-2eaf-4432-88e4-8f0aa31c441e/elements [39m[32m200[39m [90m109 ms - 74[39m
[35m[HTTP][39m [90m[39m
[35m[HTTP][39m [37m-->[39m [37mPOST[39m [37m/wd/hub/session/bf46bfd6-2eaf-4432-88e4-8f0aa31c441e/elements[39m
[35m[HTTP][39m [90m{"using":"-android uiautomator","value":"new UiSelector().className(\"android.widget.ImageView\").resourceId(\"it.sky.msa:id/heroImageImageView\").instance(0)"}[39m
[35m[HTTP][39m [37m<-- POST /wd/hub/session/bf46bfd6-2eaf-4432-88e4-8f0aa31c441e/elements [39m[32m200[39m [90m101 ms - 74[39m
[35m[HTTP][39m [90m[39m
[35m[HTTP][39m [37m-->[39m [37mPOST[39m [37m/wd/hub/session/bf46bfd6-2eaf-4432-88e4-8f0aa31c441e/elements[39m
[35m[HTTP][39m [90m{"using":"-android uiautomator","value":"new UiSelector().className(\"android.widget.ImageView\").resourceId(\"it.sky.msa:id/heroImageImageView\").instance(0)"}[39m
[35m[HTTP][39m [37m<-- POST /wd/hub/session/bf46bfd6-2eaf-4432-88e4-8f0aa31c441e/elements [39m[32m200[39m [90m91 ms - 74[39m
[35m[HTTP][39m [90m[39m
[35m[HTTP][39m [37m-->[39m [37mPOST[39m [37m/wd/hub/session/bf46bfd6-2eaf-4432-88e4-8f0aa31c441e/elements[39m
[35m[HTTP][39m [90m{"using":"-android uiautomator","value":"new UiSelector().className(\"android.widget.ImageView\").resourceId(\"it.sky.msa:id/heroImageImageView\").instance(0)"}[39m
[35m[HTTP][39m [37m<-- POST /wd/hub/session/bf46bfd6-2eaf-4432-88e4-8f0aa31c441e/elements [39m[32m200[39m [90m90 ms - 74[39m
[35m[HTTP][39m [90m[39m
[35m[HTTP][39m [37m-->[39m [37mPOST[39m [37m/wd/hub/session/bf46bfd6-2eaf-4432-88e4-8f0aa31c441e/elements[39m
[35m[HTTP][39m [90m{"using":"-android uiautomator","value":"new UiSelector().className(\"android.widget.ImageView\").resourceId(\"it.sky.msa:id/heroImageImageView\").instance(0)"}[39m
[35m[HTTP][39m [37m<-- POST /wd/hub/session/bf46bfd6-2eaf-4432-88e4-8f0aa31c441e/elements [39m[32m200[39m [90m116 ms - 74[39m
[35m[HTTP][39m [90m[39m
[35m[HTTP][39m [37m-->[39m [37mPOST[39m [37m/wd/hub/session/bf46bfd6-2eaf-4432-88e4-8f0aa31c441e/elements[39m
[35m[HTTP][39m [90m{"using":"-android uiautomator","value":"new UiSelector().className(\"android.widget.ImageView\").resourceId(\"it.sky.msa:id/heroImageImageView\").instance(0)"}[39m
[35m[HTTP][39m [37m<-- POST /wd/hub/session/bf46bfd6-2eaf-4432-88e4-8f0aa31c441e/elements [39m[32m200[39m [90m803 ms - 74[39m
[35m[HTTP][39m [90m[39m
[35m[HTTP][39m [37m-->[39m [37mPOST[39m [37m/wd/hub/session/bf46bfd6-2eaf-4432-88e4-8f0aa31c441e/elements[39m
[35m[HTTP][39m [90m{"using":"-android uiautomator","value":"new UiSelector().className(\"android.widget.ImageView\").resourceId(\"it.sky.msa:id/heroImageImageView\").instance(0)"}[39m
[35m[HTTP][39m [37m<-- POST /wd/hub/session/bf46bfd6-2eaf-4432-88e4-8f0aa31c441e/elements [39m[32m200[39m [90m1219 ms - 124[39m
[35m[HTTP][39m [90m[39m
[35m[HTTP][39m [37m-->[39m [37mGET[39m [37m/wd/hub/session/bf46bfd6-2eaf-4432-88e4-8f0aa31c441e[39m
[35m[HTTP][39m [90m{}[39m
[35m[HTTP][39m [37m<-- GET /wd/hub/session/bf46bfd6-2eaf-4432-88e4-8f0aa31c441e [39m[32m200[39m [90m25 ms - 1133[39m
[35m[HTTP][39m [90m[39m
[35m[HTTP][39m [37m-->[39m [37mGET[39m [37m/wd/hub/session/bf46bfd6-2eaf-4432-88e4-8f0aa31c441e[39m
[35m[HTTP][39m [90m{}[39m
[35m[HTTP][39m [37m<-- GET /wd/hub/session/bf46bfd6-2eaf-4432-88e4-8f0aa31c441e [39m[32m200[39m [90m25 ms - 1133[39m
[35m[HTTP][39m [90m[39m
[35m[HTTP][39m [37m-->[39m [37mGET[39m [37m/wd/hub/session/bf46bfd6-2eaf-4432-88e4-8f0aa31c441e[39m
[35m[HTTP][39m [90m{}[39m
[35m[HTTP][39m [37m<-- GET /wd/hub/session/bf46bfd6-2eaf-4432-88e4-8f0aa31c441e [39m[32m200[39m [90m28 ms - 1133[39m
[35m[HTTP][39m [90m[39m
[35m[HTTP][39m [37m-->[39m [37mGET[39m [37m/wd/hub/session/bf46bfd6-2eaf-4432-88e4-8f0aa31c441e[39m
[35m[HTTP][39m [90m{}[39m
[35m[HTTP][39m [37m<-- GET /wd/hub/session/bf46bfd6-2eaf-4432-88e4-8f0aa31c441e [39m[32m200[39m [90m23 ms - 1133[39m
[35m[HTTP][39m [90m[39m
[35m[HTTP][39m [37m-->[39m [37mGET[39m [37m/wd/hub/session/bf46bfd6-2eaf-4432-88e4-8f0aa31c441e/element/4aa762d1-5c7a-4bab-a0f7-61d1bcf45079/location[39m
[35m[HTTP][39m [90m{}[39m
[35m[W3C][39m Driver proxy active, passing request on via HTTP proxy
[35m[JSONWP Proxy][39m Replacing sessionId a883b88c-12ae-4865-ae95-88090735115c with bf46bfd6-2eaf-4432-88e4-8f0aa31c441e
[35m[HTTP][39m [37m<-- GET /wd/hub/session/bf46bfd6-2eaf-4432-88e4-8f0aa31c441e/element/4aa762d1-5c7a-4bab-a0f7-61d1bcf45079/location [39m[32m200[39m [90m59 ms - 87[39m
[35m[HTTP][39m [90m[39m
[35m[HTTP][39m [37m-->[39m [37mGET[39m [37m/wd/hub/session/bf46bfd6-2eaf-4432-88e4-8f0aa31c441e/window/current/size[39m
[35m[HTTP][39m [90m{}[39m
[35m[W3C][39m Driver proxy active, passing request on via HTTP proxy
[35m[JSONWP Proxy][39m Replacing sessionId a883b88c-12ae-4865-ae95-88090735115c with bf46bfd6-2eaf-4432-88e4-8f0aa31c441e
[35m[HTTP][39m [37m<-- GET /wd/hub/session/bf46bfd6-2eaf-4432-88e4-8f0aa31c441e/window/current/size [39m[32m200[39m [90m39 ms - 100[39m
[35m[HTTP][39m [90m[39m
[35m[HTTP][39m [37m-->[39m [37mPOST[39m [37m/wd/hub/session/bf46bfd6-2eaf-4432-88e4-8f0aa31c441e/elements[39m
[35m[HTTP][39m [90m{"using":"-android uiautomator","value":"new UiSelector().className(\"android.widget.TextView\").text(\"GUIDA TV\").resourceId(\"it.sky.msa:id/headerTitle\").instance(0)"}[39m
[35m[HTTP][39m [37m<-- POST /wd/hub/session/bf46bfd6-2eaf-4432-88e4-8f0aa31c441e/elements [39m[32m200[39m [90m138 ms - 124[39m
[35m[HTTP][39m [90m[39m
[35m[HTTP][39m [37m-->[39m [37mGET[39m [37m/wd/hub/session/bf46bfd6-2eaf-4432-88e4-8f0aa31c441e[39m
[35m[HTTP][39m [90m{}[39m
[35m[HTTP][39m [37m<-- GET /wd/hub/session/bf46bfd6-2eaf-4432-88e4-8f0aa31c441e [39m[32m200[39m [90m35 ms - 1133[39m
[35m[HTTP][39m [90m[39m
[35m[HTTP][39m [37m-->[39m [37mGET[39m [37m/wd/hub/session/bf46bfd6-2eaf-4432-88e4-8f0aa31c441e[39m
[35m[HTTP][39m [90m{}[39m
[35m[HTTP][39m [37m<-- GET /wd/hub/session/bf46bfd6-2eaf-4432-88e4-8f0aa31c441e [39m[32m200[39m [90m24 ms - 1133[39m
[35m[HTTP][39m [90m[39m
[35m[HTTP][39m [37m-->[39m [37mGET[39m [37m/wd/hub/session/bf46bfd6-2eaf-4432-88e4-8f0aa31c441e[39m
[35m[HTTP][39m [90m{}[39m
[35m[HTTP][39m [37m<-- GET /wd/hub/session/bf46bfd6-2eaf-4432-88e4-8f0aa31c441e [39m[32m200[39m [90m26 ms - 1133[39m
[35m[HTTP][39m [90m[39m
[35m[HTTP][39m [37m-->[39m [37mGET[39m [37m/wd/hub/session/bf46bfd6-2eaf-4432-88e4-8f0aa31c441e[39m
[35m[HTTP][39m [90m{}[39m
[35m[HTTP][39m [37m<-- GET /wd/hub/session/bf46bfd6-2eaf-4432-88e4-8f0aa31c441e [39m[32m200[39m [90m25 ms - 1133[39m
[35m[HTTP][39m [90m[39m
[35m[HTTP][39m [37m-->[39m [37mGET[39m [37m/wd/hub/session/bf46bfd6-2eaf-4432-88e4-8f0aa31c441e/element/c5701478-14a4-4d0f-8ebf-1b42446a35bf/location[39m
[35m[HTTP][39m [90m{}[39m
[35m[W3C][39m Driver proxy active, passing request on via HTTP proxy
[35m[JSONWP Proxy][39m Replacing sessionId a883b88c-12ae-4865-ae95-88090735115c with bf46bfd6-2eaf-4432-88e4-8f0aa31c441e
[35m[HTTP][39m [37m<-- GET /wd/hub/session/bf46bfd6-2eaf-4432-88e4-8f0aa31c441e/element/c5701478-14a4-4d0f-8ebf-1b42446a35bf/location [39m[32m200[39m [90m81 ms - 88[39m
[35m[HTTP][39m [90m[39m
[35m[HTTP][39m [37m-->[39m [37mGET[39m [37m/wd/hub/session/bf46bfd6-2eaf-4432-88e4-8f0aa31c441e/window/current/size[39m
[35m[HTTP][39m [90m{}[39m
[35m[W3C][39m Driver proxy active, passing request on via HTTP proxy
[35m[JSONWP Proxy][39m Replacing sessionId a883b88c-12ae-4865-ae95-88090735115c with bf46bfd6-2eaf-4432-88e4-8f0aa31c441e
[35m[HTTP][39m [37m<-- GET /wd/hub/session/bf46bfd6-2eaf-4432-88e4-8f0aa31c441e/window/current/size [39m[32m200[39m [90m35 ms - 100[39m
[35m[HTTP][39m [90m[39m
[35m[HTTP][39m [37m-->[39m [37mPOST[39m [37m/wd/hub/session/bf46bfd6-2eaf-4432-88e4-8f0aa31c441e/elements[39m
[35m[HTTP][39m [90m{"using":"-android uiautomator","value":"new UiSelector().className(\"android.widget.TextView\").text(\"Scelti per te questa settimana\").resourceId(\"it.sky.msa:id/categoryTitle\").instance(6)"}[39m
[35m[HTTP][39m [37m<-- POST /wd/hub/session/bf46bfd6-2eaf-4432-88e4-8f0aa31c441e/elements [39m[32m200[39m [90m134 ms - 124[39m
[35m[HTTP][39m [90m[39m
[35m[HTTP][39m [37m-->[39m [37mGET[39m [37m/wd/hub/session/bf46bfd6-2eaf-4432-88e4-8f0aa31c441e[39m
[35m[HTTP][39m [90m{}[39m
[35m[HTTP][39m [37m<-- GET /wd/hub/session/bf46bfd6-2eaf-4432-88e4-8f0aa31c441e [39m[32m200[39m [90m31 ms - 1133[39m
[35m[HTTP][39m [90m[39m
[35m[HTTP][39m [37m-->[39m [37mGET[39m [37m/wd/hub/session/bf46bfd6-2eaf-4432-88e4-8f0aa31c441e[39m
[35m[HTTP][39m [90m{}[39m
[35m[HTTP][39m [37m<-- GET /wd/hub/session/bf46bfd6-2eaf-4432-88e4-8f0aa31c441e [39m[32m200[39m [90m31 ms - 1133[39m
[35m[HTTP][39m [90m[39m
[35m[HTTP][39m [37m-->[39m [37mGET[39m [37m/wd/hub/session/bf46bfd6-2eaf-4432-88e4-8f0aa31c441e[39m
[35m[HTTP][39m [90m{}[39m
[35m[HTTP][39m [37m<-- GET /wd/hub/session/bf46bfd6-2eaf-4432-88e4-8f0aa31c441e [39m[32m200[39m [90m29 ms - 1133[39m
[35m[HTTP][39m [90m[39m
[35m[HTTP][39m [37m-->[39m [37mGET[39m [37m/wd/hub/session/bf46bfd6-2eaf-4432-88e4-8f0aa31c441e[39m
[35m[HTTP][39m [90m{}[39m
[35m[HTTP][39m [37m<-- GET /wd/hub/session/bf46bfd6-2eaf-4432-88e4-8f0aa31c441e [39m[32m200[39m [90m27 ms - 1133[39m
[35m[HTTP][39m [90m[39m
[35m[HTTP][39m [37m-->[39m [37mGET[39m [37m/wd/hub/session/bf46bfd6-2eaf-4432-88e4-8f0aa31c441e/element/fb835066-bd65-4b34-8586-5b1f5804ed1b/location[39m
[35m[HTTP][39m [90m{}[39m
[35m[W3C][39m Driver proxy active, passing request on via HTTP proxy
[35m[JSONWP Proxy][39m Replacing sessionId a883b88c-12ae-4865-ae95-88090735115c with bf46bfd6-2eaf-4432-88e4-8f0aa31c441e
[35m[HTTP][39m [37m<-- GET /wd/hub/session/bf46bfd6-2eaf-4432-88e4-8f0aa31c441e/element/fb835066-bd65-4b34-8586-5b1f5804ed1b/location [39m[32m200[39m [90m62 ms - 89[39m
[35m[HTTP][39m [90m[39m
[35m[HTTP][39m [37m-->[39m [37mGET[39m [37m/wd/hub/session/bf46bfd6-2eaf-4432-88e4-8f0aa31c441e/window/current/size[39m
[35m[HTTP][39m [90m{}[39m
[35m[W3C][39m Driver proxy active, passing request on via HTTP proxy
[35m[JSONWP Proxy][39m Replacing sessionId a883b88c-12ae-4865-ae95-88090735115c with bf46bfd6-2eaf-4432-88e4-8f0aa31c441e
[35m[HTTP][39m [37m<-- GET /wd/hub/session/bf46bfd6-2eaf-4432-88e4-8f0aa31c441e/window/current/size [39m[32m200[39m [90m30 ms - 100[39m
[35m[HTTP][39m [90m[39m
[35m[HTTP][39m [37m-->[39m [37mPOST[39m [37m/wd/hub/session/bf46bfd6-2eaf-4432-88e4-8f0aa31c441e/elements[39m
[35m[HTTP][39m [90m{"using":"-android uiautomator","value":"new UiSelector().className(\"android.widget.TextView\").text(\"Programmazione\").packageName(\"it.sky.msa\").instance(1)"}[39m
[35m[HTTP][39m [37m<-- POST /wd/hub/session/bf46bfd6-2eaf-4432-88e4-8f0aa31c441e/elements [39m[32m200[39m [90m127 ms - 124[39m
[35m[HTTP][39m [90m[39m
[35m[HTTP][39m [37m-->[39m [37mGET[39m [37m/wd/hub/session/bf46bfd6-2eaf-4432-88e4-8f0aa31c441e[39m
[35m[HTTP][39m [90m{}[39m
[35m[HTTP][39m [37m<-- GET /wd/hub/session/bf46bfd6-2eaf-4432-88e4-8f0aa31c441e [39m[32m200[39m [90m27 ms - 1133[39m
[35m[HTTP][39m [90m[39m
[35m[HTTP][39m [37m-->[39m [37mGET[39m [37m/wd/hub/session/bf46bfd6-2eaf-4432-88e4-8f0aa31c441e[39m
[35m[HTTP][39m [90m{}[39m
[35m[HTTP][39m [37m<-- GET /wd/hub/session/bf46bfd6-2eaf-4432-88e4-8f0aa31c441e [39m[32m200[39m [90m23 ms - 1133[39m
[35m[HTTP][39m [90m[39m
[35m[HTTP][39m [37m-->[39m [37mGET[39m [37m/wd/hub/session/bf46bfd6-2eaf-4432-88e4-8f0aa31c441e[39m
[35m[HTTP][39m [90m{}[39m
[35m[HTTP][39m [37m<-- GET /wd/hub/session/bf46bfd6-2eaf-4432-88e4-8f0aa31c441e [39m[32m200[39m [90m25 ms - 1133[39m
[35m[HTTP][39m [90m[39m
[35m[HTTP][39m [37m-->[39m [37mGET[39m [37m/wd/hub/session/bf46bfd6-2eaf-4432-88e4-8f0aa31c441e[39m
[35m[HTTP][39m [90m{}[39m
[35m[HTTP][39m [37m<-- GET /wd/hub/session/bf46bfd6-2eaf-4432-88e4-8f0aa31c441e [39m[32m200[39m [90m50 ms - 1133[39m
[35m[HTTP][39m [90m[39m
[35m[HTTP][39m [37m-->[39m [37mGET[39m [37m/wd/hub/session/bf46bfd6-2eaf-4432-88e4-8f0aa31c441e/element/728cf371-8934-45d3-ad2c-ea2d36e2fd12/location[39m
[35m[HTTP][39m [90m{}[39m
[35m[W3C][39m Driver proxy active, passing request on via HTTP proxy
[35m[JSONWP Proxy][39m Replacing sessionId a883b88c-12ae-4865-ae95-88090735115c with bf46bfd6-2eaf-4432-88e4-8f0aa31c441e
[35m[HTTP][39m [37m<-- GET /wd/hub/session/bf46bfd6-2eaf-4432-88e4-8f0aa31c441e/element/728cf371-8934-45d3-ad2c-ea2d36e2fd12/location [39m[32m200[39m [90m73 ms - 88[39m
[35m[HTTP][39m [90m[39m
[35m[HTTP][39m [37m-->[39m [37mGET[39m [37m/wd/hub/session/bf46bfd6-2eaf-4432-88e4-8f0aa31c441e/window/current/size[39m
[35m[HTTP][39m [90m{}[39m
[35m[W3C][39m Driver proxy active, passing request on via HTTP proxy
[35m[JSONWP Proxy][39m Replacing sessionId a883b88c-12ae-4865-ae95-88090735115c with bf46bfd6-2eaf-4432-88e4-8f0aa31c441e
[35m[HTTP][39m [37m<-- GET /wd/hub/session/bf46bfd6-2eaf-4432-88e4-8f0aa31c441e/window/current/size [39m[32m200[39m [90m36 ms - 100[39m
[35m[HTTP][39m [90m[39m
[35m[HTTP][39m [37m-->[39m [37mPOST[39m [37m/wd/hub/session/bf46bfd6-2eaf-4432-88e4-8f0aa31c441e/elements[39m
[35m[HTTP][39m [90m{"using":"-android uiautomator","value":"new UiSelector().className(\"android.widget.ImageView\").resourceId(\"it.sky.msa:id/imageView6\").instance(2)"}[39m
[35m[HTTP][39m [37m<-- POST /wd/hub/session/bf46bfd6-2eaf-4432-88e4-8f0aa31c441e/elements [39m[32m200[39m [90m105 ms - 124[39m
[35m[HTTP][39m [90m[39m
[35m[HTTP][39m [37m-->[39m [37mGET[39m [37m/wd/hub/session/bf46bfd6-2eaf-4432-88e4-8f0aa31c441e[39m
[35m[HTTP][39m [90m{}[39m
[35m[HTTP][39m [37m<-- GET /wd/hub/session/bf46bfd6-2eaf-4432-88e4-8f0aa31c441e [39m[32m200[39m [90m25 ms - 1133[39m
[35m[HTTP][39m [90m[39m
[35m[HTTP][39m [37m-->[39m [37mGET[39m [37m/wd/hub/session/bf46bfd6-2eaf-4432-88e4-8f0aa31c441e[39m
[35m[HTTP][39m [90m{}[39m
[35m[HTTP][39m [37m<-- GET /wd/hub/session/bf46bfd6-2eaf-4432-88e4-8f0aa31c441e [39m[32m200[39m [90m24 ms - 1133[39m
[35m[HTTP][39m [90m[39m
[35m[HTTP][39m [37m-->[39m [37mGET[39m [37m/wd/hub/session/bf46bfd6-2eaf-4432-88e4-8f0aa31c441e[39m
[35m[HTTP][39m [90m{}[39m
[35m[HTTP][39m [37m<-- GET /wd/hub/session/bf46bfd6-2eaf-4432-88e4-8f0aa31c441e [39m[32m200[39m [90m23 ms - 1133[39m
[35m[HTTP][39m [90m[39m
[35m[HTTP][39m [37m-->[39m [37mGET[39m [37m/wd/hub/session/bf46bfd6-2eaf-4432-88e4-8f0aa31c441e[39m
[35m[HTTP][39m [90m{}[39m
[35m[HTTP][39m [37m<-- GET /wd/hub/session/bf46bfd6-2eaf-4432-88e4-8f0aa31c441e [39m[32m200[39m [90m25 ms - 1133[39m
[35m[HTTP][39m [90m[39m
[35m[HTTP][39m [37m-->[39m [37mGET[39m [37m/wd/hub/session/bf46bfd6-2eaf-4432-88e4-8f0aa31c441e/element/e15feb2c-942b-4b6f-923a-0c2ddc5f70a1/location[39m
[35m[HTTP][39m [90m{}[39m
[35m[W3C][39m Driver proxy active, passing request on via HTTP proxy
[35m[JSONWP Proxy][39m Replacing sessionId a883b88c-12ae-4865-ae95-88090735115c with bf46bfd6-2eaf-4432-88e4-8f0aa31c441e
[35m[HTTP][39m [37m<-- GET /wd/hub/session/bf46bfd6-2eaf-4432-88e4-8f0aa31c441e/element/e15feb2c-942b-4b6f-923a-0c2ddc5f70a1/location [39m[32m200[39m [90m53 ms - 88[39m
[35m[HTTP][39m [90m[39m
[35m[HTTP][39m [37m-->[39m [37mGET[39m [37m/wd/hub/session/bf46bfd6-2eaf-4432-88e4-8f0aa31c441e/window/current/size[39m
[35m[HTTP][39m [90m{}[39m
[35m[W3C][39m Driver proxy active, passing request on via HTTP proxy
[35m[JSONWP Proxy][39m Replacing sessionId a883b88c-12ae-4865-ae95-88090735115c with bf46bfd6-2eaf-4432-88e4-8f0aa31c441e
[35m[HTTP][39m [37m<-- GET /wd/hub/session/bf46bfd6-2eaf-4432-88e4-8f0aa31c441e/window/current/size [39m[32m200[39m [90m32 ms - 100[39m
[35m[HTTP][39m [90m[39m
[35m[HTTP][39m [37m-->[39m [37mPOST[39m [37m/wd/hub/session/bf46bfd6-2eaf-4432-88e4-8f0aa31c441e/elements[39m
[35m[HTTP][39m [90m{"using":"-android uiautomator","value":"new UiSelector().className(\"android.widget.ImageView\").resourceId(\"it.sky.msa:id/imageView7\").instance(1)"}[39m
[35m[HTTP][39m [37m<-- POST /wd/hub/session/bf46bfd6-2eaf-4432-88e4-8f0aa31c441e/elements [39m[32m200[39m [90m115 ms - 124[39m
[35m[HTTP][39m [90m[39m
[35m[HTTP][39m [37m-->[39m [37mGET[39m [37m/wd/hub/session/bf46bfd6-2eaf-4432-88e4-8f0aa31c441e[39m
[35m[HTTP][39m [90m{}[39m
[35m[HTTP][39m [37m<-- GET /wd/hub/session/bf46bfd6-2eaf-4432-88e4-8f0aa31c441e [39m[32m200[39m [90m23 ms - 1133[39m
[35m[HTTP][39m [90m[39m
[35m[HTTP][39m [37m-->[39m [37mGET[39m [37m/wd/hub/session/bf46bfd6-2eaf-4432-88e4-8f0aa31c441e[39m
[35m[HTTP][39m [90m{}[39m
[35m[HTTP][39m [37m<-- GET /wd/hub/session/bf46bfd6-2eaf-4432-88e4-8f0aa31c441e [39m[32m200[39m [90m25 ms - 1133[39m
[35m[HTTP][39m [90m[39m
[35m[HTTP][39m [37m-->[39m [37mGET[39m [37m/wd/hub/session/bf46bfd6-2eaf-4432-88e4-8f0aa31c441e[39m
[35m[HTTP][39m [90m{}[39m
[35m[HTTP][39m [37m<-- GET /wd/hub/session/bf46bfd6-2eaf-4432-88e4-8f0aa31c441e [39m[32m200[39m [90m24 ms - 1133[39m
[35m[HTTP][39m [90m[39m
[35m[HTTP][39m [37m-->[39m [37mGET[39m [37m/wd/hub/session/bf46bfd6-2eaf-4432-88e4-8f0aa31c441e[39m
[35m[HTTP][39m [90m{}[39m
[35m[HTTP][39m [37m<-- GET /wd/hub/session/bf46bfd6-2eaf-4432-88e4-8f0aa31c441e [39m[32m200[39m [90m26 ms - 1133[39m
[35m[HTTP][39m [90m[39m
[35m[HTTP][39m [37m-->[39m [37mGET[39m [37m/wd/hub/session/bf46bfd6-2eaf-4432-88e4-8f0aa31c441e/element/aee2a66e-a481-4dc4-a8c3-b7de72d55bda/location[39m
[35m[HTTP][39m [90m{}[39m
[35m[W3C][39m Driver proxy active, passing request on via HTTP proxy
[35m[JSONWP Proxy][39m Replacing sessionId a883b88c-12ae-4865-ae95-88090735115c with bf46bfd6-2eaf-4432-88e4-8f0aa31c441e
[35m[HTTP][39m [37m<-- GET /wd/hub/session/bf46bfd6-2eaf-4432-88e4-8f0aa31c441e/element/aee2a66e-a481-4dc4-a8c3-b7de72d55bda/location [39m[32m200[39m [90m53 ms - 89[39m
[35m[HTTP][39m [90m[39m
[35m[HTTP][39m [37m-->[39m [37mGET[39m [37m/wd/hub/session/bf46bfd6-2eaf-4432-88e4-8f0aa31c441e/window/current/size[39m
[35m[HTTP][39m [90m{}[39m
[35m[W3C][39m Driver proxy active, passing request on via HTTP proxy
[35m[JSONWP Proxy][39m Replacing sessionId a883b88c-12ae-4865-ae95-88090735115c with bf46bfd6-2eaf-4432-88e4-8f0aa31c441e
[35m[HTTP][39m [37m<-- GET /wd/hub/session/bf46bfd6-2eaf-4432-88e4-8f0aa31c441e/window/current/size [39m[32m200[39m [90m29 ms - 100[39m
[35m[HTTP][39m [90m[39m
[35m[HTTP][39m [37m-->[39m [37mPOST[39m [37m/wd/hub/session/bf46bfd6-2eaf-4432-88e4-8f0aa31c441e/elements[39m
[35m[HTTP][39m [90m{"using":"-android uiautomator","value":"new UiSelector().className(\"android.widget.ImageView\").resourceId(\"it.sky.msa:id/imageView5\").instance(0)"}[39m
[35m[HTTP][39m [37m<-- POST /wd/hub/session/bf46bfd6-2eaf-4432-88e4-8f0aa31c441e/elements [39m[32m200[39m [90m111 ms - 124[39m
[35m[HTTP][39m [90m[39m
[35m[HTTP][39m [37m-->[39m [37mGET[39m [37m/wd/hub/session/bf46bfd6-2eaf-4432-88e4-8f0aa31c441e[39m
[35m[HTTP][39m [90m{}[39m
[35m[HTTP][39m [37m<-- GET /wd/hub/session/bf46bfd6-2eaf-4432-88e4-8f0aa31c441e [39m[32m200[39m [90m25 ms - 1133[39m
[35m[HTTP][39m [90m[39m
[35m[HTTP][39m [37m-->[39m [37mGET[39m [37m/wd/hub/session/bf46bfd6-2eaf-4432-88e4-8f0aa31c441e[39m
[35m[HTTP][39m [90m{}[39m
[35m[HTTP][39m [37m<-- GET /wd/hub/session/bf46bfd6-2eaf-4432-88e4-8f0aa31c441e [39m[32m200[39m [90m25 ms - 1133[39m
[35m[HTTP][39m [90m[39m
[35m[HTTP][39m [37m-->[39m [37mGET[39m [37m/wd/hub/session/bf46bfd6-2eaf-4432-88e4-8f0aa31c441e[39m
[35m[HTTP][39m [90m{}[39m
[35m[HTTP][39m [37m<-- GET /wd/hub/session/bf46bfd6-2eaf-4432-88e4-8f0aa31c441e [39m[32m200[39m [90m24 ms - 1133[39m
[35m[HTTP][39m [90m[39m
[35m[HTTP][39m [37m-->[39m [37mGET[39m [37m/wd/hub/session/bf46bfd6-2eaf-4432-88e4-8f0aa31c441e[39m
[35m[HTTP][39m [90m{}[39m
[35m[HTTP][39m [37m<-- GET /wd/hub/session/bf46bfd6-2eaf-4432-88e4-8f0aa31c441e [39m[32m200[39m [90m27 ms - 1133[39m
[35m[HTTP][39m [90m[39m
[35m[HTTP][39m [37m-->[39m [37mGET[39m [37m/wd/hub/session/bf46bfd6-2eaf-4432-88e4-8f0aa31c441e/element/c1c54684-6837-44ca-b517-6b8fbfafa551/location[39m
[35m[HTTP][39m [90m{}[39m
[35m[W3C][39m Driver proxy active, passing request on via HTTP proxy
[35m[JSONWP Proxy][39m Replacing sessionId a883b88c-12ae-4865-ae95-88090735115c with bf46bfd6-2eaf-4432-88e4-8f0aa31c441e
[35m[HTTP][39m [37m<-- GET /wd/hub/session/bf46bfd6-2eaf-4432-88e4-8f0aa31c441e/element/c1c54684-6837-44ca-b517-6b8fbfafa551/location [39m[32m200[39m [90m47 ms - 89[39m
[35m[HTTP][39m [90m[39m
[35m[HTTP][39m [37m-->[39m [37mGET[39m [37m/wd/hub/session/bf46bfd6-2eaf-4432-88e4-8f0aa31c441e/window/current/size[39m
[35m[HTTP][39m [90m{}[39m
[35m[W3C][39m Driver proxy active, passing request on via HTTP proxy
[35m[JSONWP Proxy][39m Replacing sessionId a883b88c-12ae-4865-ae95-88090735115c with bf46bfd6-2eaf-4432-88e4-8f0aa31c441e
[35m[HTTP][39m [37m<-- GET /wd/hub/session/bf46bfd6-2eaf-4432-88e4-8f0aa31c441e/window/current/size [39m[32m200[39m [90m33 ms - 100[39m
[35m[HTTP][39m [90m[39m
[35m[HTTP][39m [37m-->[39m [37mPOST[39m [37m/wd/hub/session/bf46bfd6-2eaf-4432-88e4-8f0aa31c441e/elements[39m
[35m[HTTP][39m [90m{"using":"-android uiautomator","value":"new UiSelector().className(\"android.widget.TextView\").text(\"GUIDA TV\").resourceId(\"it.sky.msa:id/headerTitle\").instance(0)"}[39m
[35m[HTTP][39m [37m<-- POST /wd/hub/session/bf46bfd6-2eaf-4432-88e4-8f0aa31c441e/elements [39m[32m200[39m [90m105 ms - 124[39m
[35m[HTTP][39m [90m[39m
[35m[HTTP][39m [37m-->[39m [37mGET[39m [37m/wd/hub/session/bf46bfd6-2eaf-4432-88e4-8f0aa31c441e[39m
[35m[HTTP][39m [90m{}[39m
[35m[HTTP][39m [37m<-- GET /wd/hub/session/bf46bfd6-2eaf-4432-88e4-8f0aa31c441e [39m[32m200[39m [90m25 ms - 1133[39m
[35m[HTTP][39m [90m[39m
[35m[HTTP][39m [37m-->[39m [37mGET[39m [37m/wd/hub/session/bf46bfd6-2eaf-4432-88e4-8f0aa31c441e[39m
[35m[HTTP][39m [90m{}[39m
[35m[HTTP][39m [37m<-- GET /wd/hub/session/bf46bfd6-2eaf-4432-88e4-8f0aa31c441e [39m[32m200[39m [90m23 ms - 1133[39m
[35m[HTTP][39m [90m[39m
[35m[HTTP][39m [37m-->[39m [37mGET[39m [37m/wd/hub/session/bf46bfd6-2eaf-4432-88e4-8f0aa31c441e[39m
[35m[HTTP][39m [90m{}[39m
[35m[HTTP][39m [37m<-- GET /wd/hub/session/bf46bfd6-2eaf-4432-88e4-8f0aa31c441e [39m[32m200[39m [90m22 ms - 1133[39m
[35m[HTTP][39m [90m[39m
[35m[HTTP][39m [37m-->[39m [37mGET[39m [37m/wd/hub/session/bf46bfd6-2eaf-4432-88e4-8f0aa31c441e[39m
[35m[HTTP][39m [90m{}[39m
[35m[HTTP][39m [37m<-- GET /wd/hub/session/bf46bfd6-2eaf-4432-88e4-8f0aa31c441e [39m[32m200[39m [90m22 ms - 1133[39m
[35m[HTTP][39m [90m[39m
[35m[HTTP][39m [37m-->[39m [37mGET[39m [37m/wd/hub/session/bf46bfd6-2eaf-4432-88e4-8f0aa31c441e/element/208209e2-dcdb-4d73-aed8-cf84383adbf8/location[39m
[35m[HTTP][39m [90m{}[39m
[35m[W3C][39m Driver proxy active, passing request on via HTTP proxy
[35m[JSONWP Proxy][39m Replacing sessionId a883b88c-12ae-4865-ae95-88090735115c with bf46bfd6-2eaf-4432-88e4-8f0aa31c441e
[35m[HTTP][39m [37m<-- GET /wd/hub/session/bf46bfd6-2eaf-4432-88e4-8f0aa31c441e/element/208209e2-dcdb-4d73-aed8-cf84383adbf8/location [39m[32m200[39m [90m52 ms - 88[39m
[35m[HTTP][39m [90m[39m
[35m[HTTP][39m [37m-->[39m [37mGET[39m [37m/wd/hub/session/bf46bfd6-2eaf-4432-88e4-8f0aa31c441e/element/208209e2-dcdb-4d73-aed8-cf84383adbf8/text[39m
[35m[HTTP][39m [90m{}[39m
[35m[W3C][39m Driver proxy active, passing request on via HTTP proxy
[35m[JSONWP Proxy][39m Replacing sessionId a883b88c-12ae-4865-ae95-88090735115c with bf46bfd6-2eaf-4432-88e4-8f0aa31c441e
[35m[HTTP][39m [37m<-- GET /wd/hub/session/bf46bfd6-2eaf-4432-88e4-8f0aa31c441e/element/208209e2-dcdb-4d73-aed8-cf84383adbf8/text [39m[32m200[39m [90m71 ms - 82[39m
[35m[HTTP][39m [90m[39m
[35m[HTTP][39m [37m-->[39m [37mGET[39m [37m/wd/hub/session/bf46bfd6-2eaf-4432-88e4-8f0aa31c441e/window/current/size[39m
[35m[HTTP][39m [90m{}[39m
[35m[W3C][39m Driver proxy active, passing request on via HTTP proxy
[35m[JSONWP Proxy][39m Replacing sessionId a883b88c-12ae-4865-ae95-88090735115c with bf46bfd6-2eaf-4432-88e4-8f0aa31c441e
[35m[HTTP][39m [37m<-- GET /wd/hub/session/bf46bfd6-2eaf-4432-88e4-8f0aa31c441e/window/current/size [39m[32m200[39m [90m28 ms - 100[39m
[35m[HTTP][39m [90m[39m
[35m[HTTP][39m [37m-->[39m [37mPOST[39m [37m/wd/hub/session/bf46bfd6-2eaf-4432-88e4-8f0aa31c441e/elements[39m
[35m[HTTP][39m [90m{"using":"-android uiautomator","value":"new UiSelector().className(\"android.widget.TextView\").text(\"Sky On Demand\").packageName(\"it.sky.msa\").instance(2)"}[39m
[35m[HTTP][39m [37m<-- POST /wd/hub/session/bf46bfd6-2eaf-4432-88e4-8f0aa31c441e/elements [39m[32m200[39m [90m105 ms - 124[39m
[35m[HTTP][39m [90m[39m
[35m[HTTP][39m [37m-->[39m [37mGET[39m [37m/wd/hub/session/bf46bfd6-2eaf-4432-88e4-8f0aa31c441e[39m
[35m[HTTP][39m [90m{}[39m
[35m[HTTP][39m [37m<-- GET /wd/hub/session/bf46bfd6-2eaf-4432-88e4-8f0aa31c441e [39m[32m200[39m [90m22 ms - 1133[39m
[35m[HTTP][39m [90m[39m
[35m[HTTP][39m [37m-->[39m [37mGET[39m [37m/wd/hub/session/bf46bfd6-2eaf-4432-88e4-8f0aa31c441e[39m
[35m[HTTP][39m [90m{}[39m
[35m[HTTP][39m [37m<-- GET /wd/hub/session/bf46bfd6-2eaf-4432-88e4-8f0aa31c441e [39m[32m200[39m [90m23 ms - 1133[39m
[35m[HTTP][39m [90m[39m
[35m[HTTP][39m [37m-->[39m [37mGET[39m [37m/wd/hub/session/bf46bfd6-2eaf-4432-88e4-8f0aa31c441e[39m
[35m[HTTP][39m [90m{}[39m
[35m[HTTP][39m [37m<-- GET /wd/hub/session/bf46bfd6-2eaf-4432-88e4-8f0aa31c441e [39m[32m200[39m [90m26 ms - 1133[39m
[35m[HTTP][39m [90m[39m
[35m[HTTP][39m [37m-->[39m [37mGET[39m [37m/wd/hub/session/bf46bfd6-2eaf-4432-88e4-8f0aa31c441e[39m
[35m[HTTP][39m [90m{}[39m
[35m[HTTP][39m [37m<-- GET /wd/hub/session/bf46bfd6-2eaf-4432-88e4-8f0aa31c441e [39m[32m200[39m [90m23 ms - 1133[39m
[35m[HTTP][39m [90m[39m
[35m[HTTP][39m [37m-->[39m [37mGET[39m [37m/wd/hub/session/bf46bfd6-2eaf-4432-88e4-8f0aa31c441e/element/a9dcf9db-bb8b-42be-8367-675da92b88a0/location[39m
[35m[HTTP][39m [90m{}[39m
[35m[W3C][39m Driver proxy active, passing request on via HTTP proxy
[35m[JSONWP Proxy][39m Replacing sessionId a883b88c-12ae-4865-ae95-88090735115c with bf46bfd6-2eaf-4432-88e4-8f0aa31c441e
[35m[HTTP][39m [37m<-- GET /wd/hub/session/bf46bfd6-2eaf-4432-88e4-8f0aa31c441e/element/a9dcf9db-bb8b-42be-8367-675da92b88a0/location [39m[32m200[39m [90m52 ms - 89[39m
[35m[HTTP][39m [90m[39m
[35m[HTTP][39m [37m-->[39m [37mPOST[39m [37m/wd/hub/session/bf46bfd6-2eaf-4432-88e4-8f0aa31c441e/touch/perform[39m
[35m[HTTP][39m [90m{"actions":[{"action":"tap","options":{"element":"a9dcf9db-bb8b-42be-8367-675da92b88a0","x":1,"y":1}}]}[39m
[35m[UiAutomator2][39m calling get location: a9dcf9db-bb8b-42be-8367-675da92b88a0
[35m[HTTP][39m [37m<-- POST /wd/hub/session/bf46bfd6-2eaf-4432-88e4-8f0aa31c441e/touch/perform [39m[32m200[39m [90m840 ms - 76[39m
[35m[HTTP][39m [90m[39m
[35m[HTTP][39m [37m-->[39m [37mGET[39m [37m/wd/hub/session/bf46bfd6-2eaf-4432-88e4-8f0aa31c441e/window/current/size[39m
[35m[HTTP][39m [90m{}[39m
[35m[W3C][39m Driver proxy active, passing request on via HTTP proxy
[35m[JSONWP Proxy][39m Replacing sessionId a883b88c-12ae-4865-ae95-88090735115c with bf46bfd6-2eaf-4432-88e4-8f0aa31c441e
[35m[HTTP][39m [37m<-- GET /wd/hub/session/bf46bfd6-2eaf-4432-88e4-8f0aa31c441e/window/current/size [39m[32m200[39m [90m45 ms - 100[39m
[35m[HTTP][39m [90m[39m
[35m[HTTP][39m [37m-->[39m [37mPOST[39m [37m/wd/hub/session/bf46bfd6-2eaf-4432-88e4-8f0aa31c441e/elements[39m
[35m[HTTP][39m [90m{"using":"-android uiautomator","value":"new UiSelector().className(\"android.widget.TextView\").text(\"SCELTI PER TE\").resourceId(\"it.sky.msa:id/categoryTitle\").instance(5)"}[39m
[35m[HTTP][39m [37m<-- POST /wd/hub/session/bf46bfd6-2eaf-4432-88e4-8f0aa31c441e/elements [39m[32m200[39m [90m158 ms - 124[39m
[35m[HTTP][39m [90m[39m
[35m[HTTP][39m [37m-->[39m [37mGET[39m [37m/wd/hub/session/bf46bfd6-2eaf-4432-88e4-8f0aa31c441e[39m
[35m[HTTP][39m [90m{}[39m
[35m[HTTP][39m [37m<-- GET /wd/hub/session/bf46bfd6-2eaf-4432-88e4-8f0aa31c441e [39m[32m200[39m [90m26 ms - 1133[39m
[35m[HTTP][39m [90m[39m
[35m[HTTP][39m [37m-->[39m [37mGET[39m [37m/wd/hub/session/bf46bfd6-2eaf-4432-88e4-8f0aa31c441e[39m
[35m[HTTP][39m [90m{}[39m
[35m[HTTP][39m [37m<-- GET /wd/hub/session/bf46bfd6-2eaf-4432-88e4-8f0aa31c441e [39m[32m200[39m [90m29 ms - 1133[39m
[35m[HTTP][39m [90m[39m
[35m[HTTP][39m [37m-->[39m [37mGET[39m [37m/wd/hub/session/bf46bfd6-2eaf-4432-88e4-8f0aa31c441e[39m
[35m[HTTP][39m [90m{}[39m
[35m[HTTP][39m [37m<-- GET /wd/hub/session/bf46bfd6-2eaf-4432-88e4-8f0aa31c441e [39m[32m200[39m [90m35 ms - 1133[39m
[35m[HTTP][39m [90m[39m
[35m[HTTP][39m [37m-->[39m [37mGET[39m [37m/wd/hub/session/bf46bfd6-2eaf-4432-88e4-8f0aa31c441e[39m
[35m[HTTP][39m [90m{}[39m
[35m[HTTP][39m [37m<-- GET /wd/hub/session/bf46bfd6-2eaf-4432-88e4-8f0aa31c441e [39m[32m200[39m [90m26 ms - 1133[39m
[35m[HTTP][39m [90m[39m
[35m[HTTP][39m [37m-->[39m [37mGET[39m [37m/wd/hub/session/bf46bfd6-2eaf-4432-88e4-8f0aa31c441e/element/677d7acf-caf4-4bab-aac6-d6f70e2ad88e/location[39m
[35m[HTTP][39m [90m{}[39m
[35m[W3C][39m Driver proxy active, passing request on via HTTP proxy
[35m[JSONWP Proxy][39m Replacing sessionId a883b88c-12ae-4865-ae95-88090735115c with bf46bfd6-2eaf-4432-88e4-8f0aa31c441e
[35m[HTTP][39m [37m<-- GET /wd/hub/session/bf46bfd6-2eaf-4432-88e4-8f0aa31c441e/element/677d7acf-caf4-4bab-aac6-d6f70e2ad88e/location [39m[32m200[39m [90m54 ms - 89[39m
[35m[HTTP][39m [90m[39m
[35m[HTTP][39m [37m-->[39m [37mGET[39m [37m/wd/hub/session/bf46bfd6-2eaf-4432-88e4-8f0aa31c441e/window/current/size[39m
[35m[HTTP][39m [90m{}[39m
[35m[W3C][39m Driver proxy active, passing request on via HTTP proxy
[35m[JSONWP Proxy][39m Replacing sessionId a883b88c-12ae-4865-ae95-88090735115c with bf46bfd6-2eaf-4432-88e4-8f0aa31c441e
[35m[HTTP][39m [37m<-- GET /wd/hub/session/bf46bfd6-2eaf-4432-88e4-8f0aa31c441e/window/current/size [39m[32m200[39m [90m36 ms - 100[39m
[35m[HTTP][39m [90m[39m
[35m[HTTP][39m [37m-->[39m [37mPOST[39m [37m/wd/hub/session/bf46bfd6-2eaf-4432-88e4-8f0aa31c441e/elements[39m
[35m[HTTP][39m [90m{"using":"-android uiautomator","value":"new UiSelector().className(\"android.widget.TextView\").text(\"Sky On Demand\").packageName(\"it.sky.msa\").instance(2)"}[39m
[35m[HTTP][39m [37m<-- POST /wd/hub/session/bf46bfd6-2eaf-4432-88e4-8f0aa31c441e/elements [39m[32m200[39m [90m512 ms - 124[39m
[35m[HTTP][39m [90m[39m
[35m[HTTP][39m [37m-->[39m [37mGET[39m [37m/wd/hub/session/bf46bfd6-2eaf-4432-88e4-8f0aa31c441e[39m
[35m[HTTP][39m [90m{}[39m
[35m[HTTP][39m [37m<-- GET /wd/hub/session/bf46bfd6-2eaf-4432-88e4-8f0aa31c441e [39m[32m200[39m [90m28 ms - 1133[39m
[35m[HTTP][39m [90m[39m
[35m[HTTP][39m [37m-->[39m [37mGET[39m [37m/wd/hub/session/bf46bfd6-2eaf-4432-88e4-8f0aa31c441e[39m
[35m[HTTP][39m [90m{}[39m
[35m[HTTP][39m [37m<-- GET /wd/hub/session/bf46bfd6-2eaf-4432-88e4-8f0aa31c441e [39m[32m200[39m [90m27 ms - 1133[39m
[35m[HTTP][39m [90m[39m
[35m[HTTP][39m [37m-->[39m [37mGET[39m [37m/wd/hub/session/bf46bfd6-2eaf-4432-88e4-8f0aa31c441e[39m
[35m[HTTP][39m [90m{}[39m
[35m[HTTP][39m [37m<-- GET /wd/hub/session/bf46bfd6-2eaf-4432-88e4-8f0aa31c441e [39m[32m200[39m [90m27 ms - 1133[39m
[35m[HTTP][39m [90m[39m
[35m[HTTP][39m [37m-->[39m [37mGET[39m [37m/wd/hub/session/bf46bfd6-2eaf-4432-88e4-8f0aa31c441e[39m
[35m[HTTP][39m [90m{}[39m
[35m[HTTP][39m [37m<-- GET /wd/hub/session/bf46bfd6-2eaf-4432-88e4-8f0aa31c441e [39m[32m200[39m [90m22 ms - 1133[39m
[35m[HTTP][39m [90m[39m
[35m[HTTP][39m [37m-->[39m [37mGET[39m [37m/wd/hub/session/bf46bfd6-2eaf-4432-88e4-8f0aa31c441e/element/8c7af43b-d75c-47a7-b8e2-fef4a60be841/location[39m
[35m[HTTP][39m [90m{}[39m
[35m[W3C][39m Driver proxy active, passing request on via HTTP proxy
[35m[JSONWP Proxy][39m Replacing sessionId a883b88c-12ae-4865-ae95-88090735115c with bf46bfd6-2eaf-4432-88e4-8f0aa31c441e
[35m[HTTP][39m [37m<-- GET /wd/hub/session/bf46bfd6-2eaf-4432-88e4-8f0aa31c441e/element/8c7af43b-d75c-47a7-b8e2-fef4a60be841/location [39m[32m200[39m [90m55 ms - 89[39m
[35m[HTTP][39m [90m[39m
[35m[HTTP][39m [37m-->[39m [37mGET[39m [37m/wd/hub/session/bf46bfd6-2eaf-4432-88e4-8f0aa31c441e/window/current/size[39m
[35m[HTTP][39m [90m{}[39m
[35m[W3C][39m Driver proxy active, passing request on via HTTP proxy
[35m[JSONWP Proxy][39m Replacing sessionId a883b88c-12ae-4865-ae95-88090735115c with bf46bfd6-2eaf-4432-88e4-8f0aa31c441e
[35m[HTTP][39m [37m<-- GET /wd/hub/session/bf46bfd6-2eaf-4432-88e4-8f0aa31c441e/window/current/size [39m[32m200[39m [90m26 ms - 100[39m
[35m[HTTP][39m [90m[39m
[35m[HTTP][39m [37m-->[39m [37mPOST[39m [37m/wd/hub/session/bf46bfd6-2eaf-4432-88e4-8f0aa31c441e/elements[39m
[35m[HTTP][39m [90m{"using":"-android uiautomator","value":"new UiSelector().className(\"android.widget.TextView\").text(\"Programmazione\").packageName(\"it.sky.msa\").instance(1)"}[39m
[35m[HTTP][39m [37m<-- POST /wd/hub/session/bf46bfd6-2eaf-4432-88e4-8f0aa31c441e/elements [39m[32m200[39m [90m111 ms - 124[39m
[35m[HTTP][39m [90m[39m
[35m[HTTP][39m [37m-->[39m [37mGET[39m [37m/wd/hub/session/bf46bfd6-2eaf-4432-88e4-8f0aa31c441e[39m
[35m[HTTP][39m [90m{}[39m
[35m[HTTP][39m [37m<-- GET /wd/hub/session/bf46bfd6-2eaf-4432-88e4-8f0aa31c441e [39m[32m200[39m [90m26 ms - 1133[39m
[35m[HTTP][39m [90m[39m
[35m[HTTP][39m [37m-->[39m [37mGET[39m [37m/wd/hub/session/bf46bfd6-2eaf-4432-88e4-8f0aa31c441e[39m
[35m[HTTP][39m [90m{}[39m
[35m[HTTP][39m [37m<-- GET /wd/hub/session/bf46bfd6-2eaf-4432-88e4-8f0aa31c441e [39m[32m200[39m [90m26 ms - 1133[39m
[35m[HTTP][39m [90m[39m
[35m[HTTP][39m [37m-->[39m [37mGET[39m [37m/wd/hub/session/bf46bfd6-2eaf-4432-88e4-8f0aa31c441e[39m
[35m[HTTP][39m [90m{}[39m
[35m[HTTP][39m [37m<-- GET /wd/hub/session/bf46bfd6-2eaf-4432-88e4-8f0aa31c441e [39m[32m200[39m [90m24 ms - 1133[39m
[35m[HTTP][39m [90m[39m
[35m[HTTP][39m [37m-->[39m [37mGET[39m [37m/wd/hub/session/bf46bfd6-2eaf-4432-88e4-8f0aa31c441e[39m
[35m[HTTP][39m [90m{}[39m
[35m[HTTP][39m [37m<-- GET /wd/hub/session/bf46bfd6-2eaf-4432-88e4-8f0aa31c441e [39m[32m200[39m [90m28 ms - 1133[39m
[35m[HTTP][39m [90m[39m
[35m[HTTP][39m [37m-->[39m [37mGET[39m [37m/wd/hub/session/bf46bfd6-2eaf-4432-88e4-8f0aa31c441e/element/a92528c9-7988-4ad1-8318-ecf6823dbf4d/location[39m
[35m[HTTP][39m [90m{}[39m
[35m[W3C][39m Driver proxy active, passing request on via HTTP proxy
[35m[JSONWP Proxy][39m Replacing sessionId a883b88c-12ae-4865-ae95-88090735115c with bf46bfd6-2eaf-4432-88e4-8f0aa31c441e
[35m[HTTP][39m [37m<-- GET /wd/hub/session/bf46bfd6-2eaf-4432-88e4-8f0aa31c441e/element/a92528c9-7988-4ad1-8318-ecf6823dbf4d/location [39m[32m200[39m [90m524 ms - 88[39m
[35m[HTTP][39m [90m[39m
[35m[HTTP][39m [37m-->[39m [37mPOST[39m [37m/wd/hub/session/bf46bfd6-2eaf-4432-88e4-8f0aa31c441e/touch/perform[39m
[35m[HTTP][39m [90m{"actions":[{"action":"tap","options":{"element":"a92528c9-7988-4ad1-8318-ecf6823dbf4d","x":1,"y":1}}]}[39m
[35m[UiAutomator2][39m calling get location: a92528c9-7988-4ad1-8318-ecf6823dbf4d
[35m[HTTP][39m [37m<-- POST /wd/hub/session/bf46bfd6-2eaf-4432-88e4-8f0aa31c441e/touch/perform [39m[32m200[39m [90m868 ms - 76[39m
[35m[HTTP][39m [90m[39m
[35m[HTTP][39m [37m-->[39m [37mGET[39m [37m/wd/hub/session/bf46bfd6-2eaf-4432-88e4-8f0aa31c441e/window/current/size[39m
[35m[HTTP][39m [90m{}[39m
[35m[W3C][39m Driver proxy active, passing request on via HTTP proxy
[35m[JSONWP Proxy][39m Replacing sessionId a883b88c-12ae-4865-ae95-88090735115c with bf46bfd6-2eaf-4432-88e4-8f0aa31c441e
[35m[HTTP][39m [37m<-- GET /wd/hub/session/bf46bfd6-2eaf-4432-88e4-8f0aa31c441e/window/current/size [39m[32m200[39m [90m47 ms - 100[39m
[35m[HTTP][39m [90m[39m
[35m[HTTP][39m [37m-->[39m [37mPOST[39m [37m/wd/hub/session/bf46bfd6-2eaf-4432-88e4-8f0aa31c441e/elements[39m
[35m[HTTP][39m [90m{"using":"-android uiautomator","value":"new UiSelector().className(\"android.widget.TextView\").text(\"Scelti per te questa settimana\").resourceId(\"it.sky.msa:id/categoryTitle\").instance(6)"}[39m
[35m[HTTP][39m [37m<-- POST /wd/hub/session/bf46bfd6-2eaf-4432-88e4-8f0aa31c441e/elements [39m[32m200[39m [90m144 ms - 124[39m
[35m[HTTP][39m [90m[39m
[35m[HTTP][39m [37m-->[39m [37mGET[39m [37m/wd/hub/session/bf46bfd6-2eaf-4432-88e4-8f0aa31c441e[39m
[35m[HTTP][39m [90m{}[39m
[35m[HTTP][39m [37m<-- GET /wd/hub/session/bf46bfd6-2eaf-4432-88e4-8f0aa31c441e [39m[32m200[39m [90m25 ms - 1133[39m
[35m[HTTP][39m [90m[39m
[35m[HTTP][39m [37m-->[39m [37mGET[39m [37m/wd/hub/session/bf46bfd6-2eaf-4432-88e4-8f0aa31c441e[39m
[35m[HTTP][39m [90m{}[39m
[35m[HTTP][39m [37m<-- GET /wd/hub/session/bf46bfd6-2eaf-4432-88e4-8f0aa31c441e [39m[32m200[39m [90m25 ms - 1133[39m
[35m[HTTP][39m [90m[39m
[35m[HTTP][39m [37m-->[39m [37mGET[39m [37m/wd/hub/session/bf46bfd6-2eaf-4432-88e4-8f0aa31c441e[39m
[35m[HTTP][39m [90m{}[39m
[35m[HTTP][39m [37m<-- GET /wd/hub/session/bf46bfd6-2eaf-4432-88e4-8f0aa31c441e [39m[32m200[39m [90m26 ms - 1133[39m
[35m[HTTP][39m [90m[39m
[35m[HTTP][39m [37m-->[39m [37mGET[39m [37m/wd/hub/session/bf46bfd6-2eaf-4432-88e4-8f0aa31c441e[39m
[35m[HTTP][39m [90m{}[39m
[35m[HTTP][39m [37m<-- GET /wd/hub/session/bf46bfd6-2eaf-4432-88e4-8f0aa31c441e [39m[32m200[39m [90m27 ms - 1133[39m
[35m[HTTP][39m [90m[39m
[35m[HTTP][39m [37m-->[39m [37mGET[39m [37m/wd/hub/session/bf46bfd6-2eaf-4432-88e4-8f0aa31c441e/element/86d85027-beb2-4689-b241-fe41ad359e77/location[39m
[35m[HTTP][39m [90m{}[39m
[35m[W3C][39m Driver proxy active, passing request on via HTTP proxy
[35m[JSONWP Proxy][39m Replacing sessionId a883b88c-12ae-4865-ae95-88090735115c with bf46bfd6-2eaf-4432-88e4-8f0aa31c441e
[35m[HTTP][39m [37m<-- GET /wd/hub/session/bf46bfd6-2eaf-4432-88e4-8f0aa31c441e/element/86d85027-beb2-4689-b241-fe41ad359e77/location [39m[32m200[39m [90m50 ms - 89[39m
[35m[HTTP][39m [90m[39m
[35m[HTTP][39m [37m-->[39m [37mGET[39m [37m/wd/hub/session/bf46bfd6-2eaf-4432-88e4-8f0aa31c441e/window/current/size[39m
[35m[HTTP][39m [90m{}[39m
[35m[W3C][39m Driver proxy active, passing request on via HTTP proxy
[35m[JSONWP Proxy][39m Replacing sessionId a883b88c-12ae-4865-ae95-88090735115c with bf46bfd6-2eaf-4432-88e4-8f0aa31c441e
[35m[HTTP][39m [37m<-- GET /wd/hub/session/bf46bfd6-2eaf-4432-88e4-8f0aa31c441e/window/current/size [39m[32m200[39m [90m59 ms - 100[39m
[35m[HTTP][39m [90m[39m
[35m[HTTP][39m [37m-->[39m [37mPOST[39m [37m/wd/hub/session/bf46bfd6-2eaf-4432-88e4-8f0aa31c441e/elements[39m
[35m[HTTP][39m [90m{"using":"-android uiautomator","value":"new UiSelector().className(\"android.widget.ImageView\").resourceId(\"it.sky.msa:id/heroImageImageView\").instance(0)"}[39m
[35m[HTTP][39m [37m<-- POST /wd/hub/session/bf46bfd6-2eaf-4432-88e4-8f0aa31c441e/elements [39m[32m200[39m [90m104 ms - 124[39m
[35m[HTTP][39m [90m[39m
[35m[HTTP][39m [37m-->[39m [37mGET[39m [37m/wd/hub/session/bf46bfd6-2eaf-4432-88e4-8f0aa31c441e[39m
[35m[HTTP][39m [90m{}[39m
[35m[HTTP][39m [37m<-- GET /wd/hub/session/bf46bfd6-2eaf-4432-88e4-8f0aa31c441e [39m[32m200[39m [90m20 ms - 1133[39m
[35m[HTTP][39m [90m[39m
[35m[HTTP][39m [37m-->[39m [37mGET[39m [37m/wd/hub/session/bf46bfd6-2eaf-4432-88e4-8f0aa31c441e[39m
[35m[HTTP][39m [90m{}[39m
[35m[HTTP][39m [37m<-- GET /wd/hub/session/bf46bfd6-2eaf-4432-88e4-8f0aa31c441e [39m[32m200[39m [90m20 ms - 1133[39m
[35m[HTTP][39m [90m[39m
[35m[HTTP][39m [37m-->[39m [37mGET[39m [37m/wd/hub/session/bf46bfd6-2eaf-4432-88e4-8f0aa31c441e[39m
[35m[HTTP][39m [90m{}[39m
[35m[HTTP][39m [37m<-- GET /wd/hub/session/bf46bfd6-2eaf-4432-88e4-8f0aa31c441e [39m[32m200[39m [90m23 ms - 1133[39m
[35m[HTTP][39m [90m[39m
[35m[HTTP][39m [37m-->[39m [37mGET[39m [37m/wd/hub/session/bf46bfd6-2eaf-4432-88e4-8f0aa31c441e[39m
[35m[HTTP][39m [90m{}[39m
[35m[HTTP][39m [37m<-- GET /wd/hub/session/bf46bfd6-2eaf-4432-88e4-8f0aa31c441e [39m[32m200[39m [90m23 ms - 1133[39m
[35m[HTTP][39m [90m[39m
[35m[HTTP][39m [37m-->[39m [37mGET[39m [37m/wd/hub/session/bf46bfd6-2eaf-4432-88e4-8f0aa31c441e/element/aecb55e0-7af4-4a7e-97af-e0548c3e419a/location[39m
[35m[HTTP][39m [90m{}[39m
[35m[W3C][39m Driver proxy active, passing request on via HTTP proxy
[35m[JSONWP Proxy][39m Replacing sessionId a883b88c-12ae-4865-ae95-88090735115c with bf46bfd6-2eaf-4432-88e4-8f0aa31c441e
[35m[HTTP][39m [37m<-- GET /wd/hub/session/bf46bfd6-2eaf-4432-88e4-8f0aa31c441e/element/aecb55e0-7af4-4a7e-97af-e0548c3e419a/location [39m[32m200[39m [90m44 ms - 87[39m
[35m[HTTP][39m [90m[39m
[35m[HTTP][39m [37m-->[39m [37mGET[39m [37m/wd/hub/session/bf46bfd6-2eaf-4432-88e4-8f0aa31c441e/element/aecb55e0-7af4-4a7e-97af-e0548c3e419a/attribute/resourceId[39m
[35m[HTTP][39m [90m{}[39m
[35m[HTTP][39m [37m<-- GET /wd/hub/session/bf46bfd6-2eaf-4432-88e4-8f0aa31c441e/element/aecb55e0-7af4-4a7e-97af-e0548c3e419a/attribute/resourceId [39m[32m200[39m [90m41 ms - 106[39m
[35m[HTTP][39m [90m[39m
[35m[HTTP][39m [37m-->[39m [37mGET[39m [37m/wd/hub/session/bf46bfd6-2eaf-4432-88e4-8f0aa31c441e/window/current/size[39m
[35m[HTTP][39m [90m{}[39m
[35m[W3C][39m Driver proxy active, passing request on via HTTP proxy
[35m[JSONWP Proxy][39m Replacing sessionId a883b88c-12ae-4865-ae95-88090735115c with bf46bfd6-2eaf-4432-88e4-8f0aa31c441e
[35m[HTTP][39m [37m<-- GET /wd/hub/session/bf46bfd6-2eaf-4432-88e4-8f0aa31c441e/window/current/size [39m[32m200[39m [90m31 ms - 100[39m
[35m[HTTP][39m [90m[39m
[35m[HTTP][39m [37m-->[39m [37mPOST[39m [37m/wd/hub/session/bf46bfd6-2eaf-4432-88e4-8f0aa31c441e/elements[39m
[35m[HTTP][39m [90m{"using":"-android uiautomator","value":"new UiSelector().className(\"android.widget.TextView\").text(\"IN EVIDENZA\").resourceId(\"it.sky.msa:id/heroPromoTextView\").instance(6)"}[39m
[35m[HTTP][39m [37m<-- POST /wd/hub/session/bf46bfd6-2eaf-4432-88e4-8f0aa31c441e/elements [39m[32m200[39m [90m91 ms - 124[39m
[35m[HTTP][39m [90m[39m
[35m[HTTP][39m [37m-->[39m [37mGET[39m [37m/wd/hub/session/bf46bfd6-2eaf-4432-88e4-8f0aa31c441e[39m
[35m[HTTP][39m [90m{}[39m
[35m[HTTP][39m [37m<-- GET /wd/hub/session/bf46bfd6-2eaf-4432-88e4-8f0aa31c441e [39m[32m200[39m [90m21 ms - 1133[39m
[35m[HTTP][39m [90m[39m
[35m[HTTP][39m [37m-->[39m [37mGET[39m [37m/wd/hub/session/bf46bfd6-2eaf-4432-88e4-8f0aa31c441e[39m
[35m[HTTP][39m [90m{}[39m
[35m[HTTP][39m [37m<-- GET /wd/hub/session/bf46bfd6-2eaf-4432-88e4-8f0aa31c441e [39m[32m200[39m [90m20 ms - 1133[39m
[35m[HTTP][39m [90m[39m
[35m[HTTP][39m [37m-->[39m [37mGET[39m [37m/wd/hub/session/bf46bfd6-2eaf-4432-88e4-8f0aa31c441e[39m
[35m[HTTP][39m [90m{}[39m
[35m[HTTP][39m [37m<-- GET /wd/hub/session/bf46bfd6-2eaf-4432-88e4-8f0aa31c441e [39m[32m200[39m [90m22 ms - 1133[39m
[35m[HTTP][39m [90m[39m
[35m[HTTP][39m [37m-->[39m [37mGET[39m [37m/wd/hub/session/bf46bfd6-2eaf-4432-88e4-8f0aa31c441e[39m
[35m[HTTP][39m [90m{}[39m
[35m[HTTP][39m [37m<-- GET /wd/hub/session/bf46bfd6-2eaf-4432-88e4-8f0aa31c441e [39m[32m200[39m [90m27 ms - 1133[39m
[35m[HTTP][39m [90m[39m
[35m[HTTP][39m [37m-->[39m [37mGET[39m [37m/wd/hub/session/bf46bfd6-2eaf-4432-88e4-8f0aa31c441e/element/2deabe82-9276-43a2-883e-046937da6b0d/location[39m
[35m[HTTP][39m [90m{}[39m
[35m[W3C][39m Driver proxy active, passing request on via HTTP proxy
[35m[JSONWP Proxy][39m Replacing sessionId a883b88c-12ae-4865-ae95-88090735115c with bf46bfd6-2eaf-4432-88e4-8f0aa31c441e
[35m[HTTP][39m [37m<-- GET /wd/hub/session/bf46bfd6-2eaf-4432-88e4-8f0aa31c441e/element/2deabe82-9276-43a2-883e-046937da6b0d/location [39m[32m200[39m [90m72 ms - 88[39m
[35m[HTTP][39m [90m[39m
[35m[HTTP][39m [37m-->[39m [37mGET[39m [37m/wd/hub/session/bf46bfd6-2eaf-4432-88e4-8f0aa31c441e/element/2deabe82-9276-43a2-883e-046937da6b0d/text[39m
[35m[HTTP][39m [90m{}[39m
[35m[W3C][39m Driver proxy active, passing request on via HTTP proxy
[35m[JSONWP Proxy][39m Replacing sessionId a883b88c-12ae-4865-ae95-88090735115c with bf46bfd6-2eaf-4432-88e4-8f0aa31c441e
[35m[HTTP][39m [37m<-- GET /wd/hub/session/bf46bfd6-2eaf-4432-88e4-8f0aa31c441e/element/2deabe82-9276-43a2-883e-046937da6b0d/text [39m[32m200[39m [90m74 ms - 85[39m
[35m[HTTP][39m [90m[39m
[35m[HTTP][39m [37m-->[39m [37mGET[39m [37m/wd/hub/session/bf46bfd6-2eaf-4432-88e4-8f0aa31c441e/window/current/size[39m
[35m[HTTP][39m [90m{}[39m
[35m[W3C][39m Driver proxy active, passing request on via HTTP proxy
[35m[JSONWP Proxy][39m Replacing sessionId a883b88c-12ae-4865-ae95-88090735115c with bf46bfd6-2eaf-4432-88e4-8f0aa31c441e
[35m[HTTP][39m [37m<-- GET /wd/hub/session/bf46bfd6-2eaf-4432-88e4-8f0aa31c441e/window/current/size [39m[32m200[39m [90m51 ms - 100[39m
[35m[HTTP][39m [90m[39m
[35m[HTTP][39m [37m-->[39m [37mPOST[39m [37m/wd/hub/session/bf46bfd6-2eaf-4432-88e4-8f0aa31c441e/elements[39m
[35m[HTTP][39m [90m{"using":"-android uiautomator","value":"new UiSelector().className(\"android.widget.TextView\").resourceId(\"it.sky.msa:id/heroTitleTextView\").instance(7)"}[39m
[35m[HTTP][39m [37m<-- POST /wd/hub/session/bf46bfd6-2eaf-4432-88e4-8f0aa31c441e/elements [39m[32m200[39m [90m112 ms - 124[39m
[35m[HTTP][39m [90m[39m
[35m[HTTP][39m [37m-->[39m [37mGET[39m [37m/wd/hub/session/bf46bfd6-2eaf-4432-88e4-8f0aa31c441e[39m
[35m[HTTP][39m [90m{}[39m
[35m[HTTP][39m [37m<-- GET /wd/hub/session/bf46bfd6-2eaf-4432-88e4-8f0aa31c441e [39m[32m200[39m [90m24 ms - 1133[39m
[35m[HTTP][39m [90m[39m
[35m[HTTP][39m [37m-->[39m [37mGET[39m [37m/wd/hub/session/bf46bfd6-2eaf-4432-88e4-8f0aa31c441e[39m
[35m[HTTP][39m [90m{}[39m
[35m[HTTP][39m [37m<-- GET /wd/hub/session/bf46bfd6-2eaf-4432-88e4-8f0aa31c441e [39m[32m200[39m [90m24 ms - 1133[39m
[35m[HTTP][39m [90m[39m
[35m[HTTP][39m [37m-->[39m [37mGET[39m [37m/wd/hub/session/bf46bfd6-2eaf-4432-88e4-8f0aa31c441e[39m
[35m[HTTP][39m [90m{}[39m
[35m[HTTP][39m [37m<-- GET /wd/hub/session/bf46bfd6-2eaf-4432-88e4-8f0aa31c441e [39m[32m200[39m [90m24 ms - 1133[39m
[35m[HTTP][39m [90m[39m
[35m[HTTP][39m [37m-->[39m [37mGET[39m [37m/wd/hub/session/bf46bfd6-2eaf-4432-88e4-8f0aa31c441e[39m
[35m[HTTP][39m [90m{}[39m
[35m[HTTP][39m [37m<-- GET /wd/hub/session/bf46bfd6-2eaf-4432-88e4-8f0aa31c441e [39m[32m200[39m [90m23 ms - 1133[39m
[35m[HTTP][39m [90m[39m
[35m[HTTP][39m [37m-->[39m [37mGET[39m [37m/wd/hub/session/bf46bfd6-2eaf-4432-88e4-8f0aa31c441e/element/78cc3066-7c31-4125-ae38-c9aa67bfc689/location[39m
[35m[HTTP][39m [90m{}[39m
[35m[W3C][39m Driver proxy active, passing request on via HTTP proxy
[35m[JSONWP Proxy][39m Replacing sessionId a883b88c-12ae-4865-ae95-88090735115c with bf46bfd6-2eaf-4432-88e4-8f0aa31c441e
[35m[HTTP][39m [37m<-- GET /wd/hub/session/bf46bfd6-2eaf-4432-88e4-8f0aa31c441e/element/78cc3066-7c31-4125-ae38-c9aa67bfc689/location [39m[32m200[39m [90m50 ms - 88[39m
[35m[HTTP][39m [90m[39m
[35m[HTTP][39m [37m-->[39m [37mGET[39m [37m/wd/hub/session/bf46bfd6-2eaf-4432-88e4-8f0aa31c441e/window/current/size[39m
[35m[HTTP][39m [90m{}[39m
[35m[W3C][39m Driver proxy active, passing request on via HTTP proxy
[35m[JSONWP Proxy][39m Replacing sessionId a883b88c-12ae-4865-ae95-88090735115c with bf46bfd6-2eaf-4432-88e4-8f0aa31c441e
[35m[HTTP][39m [37m<-- GET /wd/hub/session/bf46bfd6-2eaf-4432-88e4-8f0aa31c441e/window/current/size [39m[32m200[39m [90m26 ms - 100[39m
[35m[HTTP][39m [90m[39m
[35m[HTTP][39m [37m-->[39m [37mPOST[39m [37m/wd/hub/session/bf46bfd6-2eaf-4432-88e4-8f0aa31c441e/elements[39m
[35m[HTTP][39m [90m{"using":"-android uiautomator","value":"new UiSelector().className(\"android.widget.TextView\").resourceId(\"it.sky.msa:id/heroCaptionTextView\").instance(8)"}[39m
[35m[HTTP][39m [37m<-- POST /wd/hub/session/bf46bfd6-2eaf-4432-88e4-8f0aa31c441e/elements [39m[32m200[39m [90m93 ms - 124[39m
[35m[HTTP][39m [90m[39m
[35m[HTTP][39m [37m-->[39m [37mGET[39m [37m/wd/hub/session/bf46bfd6-2eaf-4432-88e4-8f0aa31c441e[39m
[35m[HTTP][39m [90m{}[39m
[35m[HTTP][39m [37m<-- GET /wd/hub/session/bf46bfd6-2eaf-4432-88e4-8f0aa31c441e [39m[32m200[39m [90m25 ms - 1133[39m
[35m[HTTP][39m [90m[39m
[35m[HTTP][39m [37m-->[39m [37mGET[39m [37m/wd/hub/session/bf46bfd6-2eaf-4432-88e4-8f0aa31c441e[39m
[35m[HTTP][39m [90m{}[39m
[35m[HTTP][39m [37m<-- GET /wd/hub/session/bf46bfd6-2eaf-4432-88e4-8f0aa31c441e [39m[32m200[39m [90m24 ms - 1133[39m
[35m[HTTP][39m [90m[39m
[35m[HTTP][39m [37m-->[39m [37mGET[39m [37m/wd/hub/session/bf46bfd6-2eaf-4432-88e4-8f0aa31c441e[39m
[35m[HTTP][39m [90m{}[39m
[35m[HTTP][39m [37m<-- GET /wd/hub/session/bf46bfd6-2eaf-4432-88e4-8f0aa31c441e [39m[32m200[39m [90m25 ms - 1133[39m
[35m[HTTP][39m [90m[39m
[35m[HTTP][39m [37m-->[39m [37mGET[39m [37m/wd/hub/session/bf46bfd6-2eaf-4432-88e4-8f0aa31c441e[39m
[35m[HTTP][39m [90m{}[39m
[35m[HTTP][39m [37m<-- GET /wd/hub/session/bf46bfd6-2eaf-4432-88e4-8f0aa31c441e [39m[32m200[39m [90m23 ms - 1133[39m
[35m[HTTP][39m [90m[39m
[35m[HTTP][39m [37m-->[39m [37mGET[39m [37m/wd/hub/session/bf46bfd6-2eaf-4432-88e4-8f0aa31c441e/element/524ff413-b38c-4d9f-86e7-bef3ab6afe9b/location[39m
[35m[HTTP][39m [90m{}[39m
[35m[W3C][39m Driver proxy active, passing request on via HTTP proxy
[35m[JSONWP Proxy][39m Replacing sessionId a883b88c-12ae-4865-ae95-88090735115c with bf46bfd6-2eaf-4432-88e4-8f0aa31c441e
[35m[HTTP][39m [37m<-- GET /wd/hub/session/bf46bfd6-2eaf-4432-88e4-8f0aa31c441e/element/524ff413-b38c-4d9f-86e7-bef3ab6afe9b/location [39m[32m200[39m [90m59 ms - 89[39m
[35m[HTTP][39m [90m[39m
[35m[HTTP][39m [37m-->[39m [37mGET[39m [37m/wd/hub/session/bf46bfd6-2eaf-4432-88e4-8f0aa31c441e/window/current/size[39m
[35m[HTTP][39m [90m{}[39m
[35m[W3C][39m Driver proxy active, passing request on via HTTP proxy
[35m[JSONWP Proxy][39m Replacing sessionId a883b88c-12ae-4865-ae95-88090735115c with bf46bfd6-2eaf-4432-88e4-8f0aa31c441e
[35m[HTTP][39m [37m<-- GET /wd/hub/session/bf46bfd6-2eaf-4432-88e4-8f0aa31c441e/window/current/size [39m[32m200[39m [90m32 ms - 100[39m
[35m[HTTP][39m [90m[39m
[35m[HTTP][39m [37m-->[39m [37mPOST[39m [37m/wd/hub/session/bf46bfd6-2eaf-4432-88e4-8f0aa31c441e/elements[39m
[35m[HTTP][39m [90m{"using":"-android uiautomator","value":"new UiSelector().className(\"android.widget.ImageView\").instance(1)"}[39m
[35m[HTTP][39m [37m<-- POST /wd/hub/session/bf46bfd6-2eaf-4432-88e4-8f0aa31c441e/elements [39m[32m200[39m [90m74 ms - 124[39m
[35m[HTTP][39m [90m[39m
[35m[HTTP][39m [37m-->[39m [37mGET[39m [37m/wd/hub/session/bf46bfd6-2eaf-4432-88e4-8f0aa31c441e[39m
[35m[HTTP][39m [90m{}[39m
[35m[HTTP][39m [37m<-- GET /wd/hub/session/bf46bfd6-2eaf-4432-88e4-8f0aa31c441e [39m[32m200[39m [90m21 ms - 1133[39m
[35m[HTTP][39m [90m[39m
[35m[HTTP][39m [37m-->[39m [37mGET[39m [37m/wd/hub/session/bf46bfd6-2eaf-4432-88e4-8f0aa31c441e[39m
[35m[HTTP][39m [90m{}[39m
[35m[HTTP][39m [37m<-- GET /wd/hub/session/bf46bfd6-2eaf-4432-88e4-8f0aa31c441e [39m[32m200[39m [90m22 ms - 1133[39m
[35m[HTTP][39m [90m[39m
[35m[HTTP][39m [37m-->[39m [37mGET[39m [37m/wd/hub/session/bf46bfd6-2eaf-4432-88e4-8f0aa31c441e[39m
[35m[HTTP][39m [90m{}[39m
[35m[HTTP][39m [37m<-- GET /wd/hub/session/bf46bfd6-2eaf-4432-88e4-8f0aa31c441e [39m[32m200[39m [90m20 ms - 1133[39m
[35m[HTTP][39m [90m[39m
[35m[HTTP][39m [37m-->[39m [37mGET[39m [37m/wd/hub/session/bf46bfd6-2eaf-4432-88e4-8f0aa31c441e[39m
[35m[HTTP][39m [90m{}[39m
[35m[HTTP][39m [37m<-- GET /wd/hub/session/bf46bfd6-2eaf-4432-88e4-8f0aa31c441e [39m[32m200[39m [90m21 ms - 1133[39m
[35m[HTTP][39m [90m[39m
[35m[HTTP][39m [37m-->[39m [37mGET[39m [37m/wd/hub/session/bf46bfd6-2eaf-4432-88e4-8f0aa31c441e/element/fddba7ab-2995-40d1-b077-b7ffc1d672b0/location[39m
[35m[HTTP][39m [90m{}[39m
[35m[W3C][39m Driver proxy active, passing request on via HTTP proxy
[35m[JSONWP Proxy][39m Replacing sessionId a883b88c-12ae-4865-ae95-88090735115c with bf46bfd6-2eaf-4432-88e4-8f0aa31c441e
[35m[HTTP][39m [37m<-- GET /wd/hub/session/bf46bfd6-2eaf-4432-88e4-8f0aa31c441e/element/fddba7ab-2995-40d1-b077-b7ffc1d672b0/location [39m[32m200[39m [90m47 ms - 89[39m
[35m[HTTP][39m [90m[39m
[35m[HTTP][39m [37m-->[39m [37mGET[39m [37m/wd/hub/session/bf46bfd6-2eaf-4432-88e4-8f0aa31c441e/element/fddba7ab-2995-40d1-b077-b7ffc1d672b0/attribute/resourceId[39m
[35m[HTTP][39m [90m{}[39m
[35m[HTTP][39m [37m<-- GET /wd/hub/session/bf46bfd6-2eaf-4432-88e4-8f0aa31c441e/element/fddba7ab-2995-40d1-b077-b7ffc1d672b0/attribute/resourceId [39m[32m200[39m [90m38 ms - 98[39m
[35m[HTTP][39m [90m[39m
[35m[HTTP][39m [37m-->[39m [37mGET[39m [37m/wd/hub/session/bf46bfd6-2eaf-4432-88e4-8f0aa31c441e/context[39m
[35m[HTTP][39m [90m{}[39m
[35m[HTTP][39m [37m<-- GET /wd/hub/session/bf46bfd6-2eaf-4432-88e4-8f0aa31c441e/context [39m[32m200[39m [90m2 ms - 84[39m
[35m[HTTP][39m [90m[39m
[35m[HTTP][39m [37m-->[39m [37mGET[39m [37m/wd/hub/session/bf46bfd6-2eaf-4432-88e4-8f0aa31c441e/contexts[39m
[35m[HTTP][39m [90m{}[39m
[35m[HTTP][39m [37m<-- GET /wd/hub/session/bf46bfd6-2eaf-4432-88e4-8f0aa31c441e/contexts [39m[32m200[39m [90m109 ms - 86[39m
[35m[HTTP][39m [90m[39m
[35m[HTTP][39m [37m-->[39m [37mPOST[39m [37m/wd/hub/session/bf46bfd6-2eaf-4432-88e4-8f0aa31c441e/context[39m
[35m[HTTP][39m [90m{"name":"NATIVE_APP"}[39m
[35m[HTTP][39m [37m<-- POST /wd/hub/session/bf46bfd6-2eaf-4432-88e4-8f0aa31c441e/context [39m[32m200[39m [90m81 ms - 76[39m
[35m[HTTP][39m [90m[39m
[35m[HTTP][39m [37m-->[39m [37mGET[39m [37m/wd/hub/session/bf46bfd6-2eaf-4432-88e4-8f0aa31c441e/screenshot[39m
[35m[HTTP][39m [90m{}[39m
[35m[HTTP][39m [37m<-- GET /wd/hub/session/bf46bfd6-2eaf-4432-88e4-8f0aa31c441e/screenshot [39m[31m500[39m [90m306 ms - 250[39m
[35m[HTTP][39m [90m[39m
[35m[HTTP][39m [37m-->[39m [37mPOST[39m [37m/wd/hub/session/bf46bfd6-2eaf-4432-88e4-8f0aa31c441e/context[39m
[35m[HTTP][39m [90m{"name":"NATIVE_APP"}[39m
[35m[HTTP][39m [37m<-- POST /wd/hub/session/bf46bfd6-2eaf-4432-88e4-8f0aa31c441e/context [39m[32m200[39m [90m64 ms - 76[39m
[35m[HTTP][39m [90m[39m
[35m[HTTP][39m [37m-->[39m [37mGET[39m [37m/wd/hub/session/bf46bfd6-2eaf-4432-88e4-8f0aa31c441e/context[39m
[35m[HTTP][39m [90m{}[39m
[35m[HTTP][39m [37m<-- GET /wd/hub/session/bf46bfd6-2eaf-4432-88e4-8f0aa31c441e/context [39m[32m200[39m [90m2 ms - 84[39m
[35m[HTTP][39m [90m[39m
[35m[HTTP][39m [37m-->[39m [37mGET[39m [37m/wd/hub/session/bf46bfd6-2eaf-4432-88e4-8f0aa31c441e/contexts[39m
[35m[HTTP][39m [90m{}[39m
[35m[HTTP][39m [37m<-- GET /wd/hub/session/bf46bfd6-2eaf-4432-88e4-8f0aa31c441e/contexts [39m[32m200[39m [90m64 ms - 86[39m
[35m[HTTP][39m [90m[39m
[35m[HTTP][39m [37m-->[39m [37mPOST[39m [37m/wd/hub/session/bf46bfd6-2eaf-4432-88e4-8f0aa31c441e/context[39m
[35m[HTTP][39m [90m{"name":"NATIVE_APP"}[39m
[35m[HTTP][39m [37m<-- POST /wd/hub/session/bf46bfd6-2eaf-4432-88e4-8f0aa31c441e/context [39m[32m200[39m [90m65 ms - 76[39m
[35m[HTTP][39m [90m[39m
[35m[HTTP][39m [37m-->[39m [37mGET[39m [37m/wd/hub/session/bf46bfd6-2eaf-4432-88e4-8f0aa31c441e/screenshot[39m
[35m[HTTP][39m [90m{}[39m
[35m[HTTP][39m [37m<-- GET /wd/hub/session/bf46bfd6-2eaf-4432-88e4-8f0aa31c441e/screenshot [39m[31m500[39m [90m7 ms - 251[39m
[35m[HTTP][39m [90m[39m
[35m[HTTP][39m [37m-->[39m [37mPOST[39m [37m/wd/hub/session/bf46bfd6-2eaf-4432-88e4-8f0aa31c441e/context[39m
[35m[HTTP][39m [90m{"name":"NATIVE_APP"}[39m
[35m[HTTP][39m [37m<-- POST /wd/hub/session/bf46bfd6-2eaf-4432-88e4-8f0aa31c441e/context [39m[32m200[39m [90m67 ms - 76[39m
[35m[HTTP][39m [90m[39m
[35m[HTTP][39m [37m-->[39m [37mDELETE[39m [37m/wd/hub/session/bf46bfd6-2eaf-4432-88e4-8f0aa31c441e[39m
[35m[HTTP][39m [90m{}[39m
[35m[Appium][39m Removing session bf46bfd6-2eaf-4432-88e4-8f0aa31c441e from our master session list
[35m[UiAutomator2][39m Did not get confirmation UiAutomator2 deleteSession worked; Error was: ProxyRequestError: Could not proxy command to remote server. Original error: Error: read ECONNRESET
[35m[HTTP][39m [37m<-- DELETE /wd/hub/session/bf46bfd6-2eaf-4432-88e4-8f0aa31c441e [39m[32m200[39m [90m123 ms - 76[39m
[35m[HTTP][39m [90m[39m
