[35m[Appium][39m Welcome to Appium v1.8.1
[35m[Appium][39m Non-default server args:
[35m[Appium][39m   port: 55941
[35m[Appium][39m   loglevel: info
[35m[Appium][39m   chromeDriverPort: 55942
[35m[Appium][39m   tmpDir: C:\Users\marco\AppData\Local\Temp\\Katalon\Appium\Temp1551196425320
[35m[Appium][39m Appium REST http interface listener started on 0.0.0.0:55941
[35m[HTTP][39m [37m-->[39m [37mGET[39m [37m/wd/hub/status[39m
[35m[HTTP][39m [90m{}[39m
[35m[HTTP][39m [37m<-- GET /wd/hub/status [39m[32m200[39m [90m50 ms - 83[39m
[35m[HTTP][39m [90m[39m
[35m[HTTP][39m [37m-->[39m [37mPOST[39m [37m/wd/hub/session[39m
[35m[HTTP][39m [90m{"desiredCapabilities":{"app":"C:\\Users\\MSA-testautomation\\59.apk","autoGrantPermissions":true,"automationName":"uiautomator2","deviceName":"samsung SM-G935F (Android 8.0.0)","fullReset":false,"newCommandTimeout":1800,"noReset":true,"platform":"ANDROID","platformName":"Android","udid":"9885f7504651473733"},"capabilities":{"desiredCapabilities":{"app":"C:\\Users\\MSA-testautomation\\59.apk","autoGrantPermissions":true,"automationName":"uiautomator2","deviceName":"samsung SM-G935F (Android 8.0.0)","fullReset":false,"newCommandTimeout":1800,"noReset":true,"platform":"ANDROID","platformName":"Android","udid":"9885f7504651473733"},"firstMatch":[{"platformName":"android"}]}}[39m
[35m[Appium][39m Could not parse W3C capabilities: 'deviceName' can't be blank. Falling back to JSONWP protocol.
[35m[Appium][39m The following capabilities were provided in the JSONWP desired capabilities that are missing in W3C capabilities: ["app","autoGrantPermissions","automationName","deviceName","fullReset","newCommandTimeout","noReset","platform","platformName","udid"]. Falling back to JSONWP protocol.
[35m[Appium][39m Creating new AndroidUiautomator2Driver (v1.12.0) session
[35m[Appium][39m Capabilities:
[35m[Appium][39m   app: C:\Users\MSA-testautomation\59.apk
[35m[Appium][39m   autoGrantPermissions: true
[35m[Appium][39m   automationName: uiautomator2
[35m[Appium][39m   deviceName: samsung SM-G935F (Android 8.0.0)
[35m[Appium][39m   fullReset: false
[35m[Appium][39m   newCommandTimeout: 1800
[35m[Appium][39m   noReset: true
[35m[Appium][39m   platform: ANDROID
[35m[Appium][39m   platformName: Android
[35m[Appium][39m   udid: 9885f7504651473733
[35m[BaseDriver][39m The following capabilities were provided, but are not recognized by appium: platform.
[35m[BaseDriver][39m Session created with session id: 87bcac98-4faf-4dea-8b19-7fac8288494b
[35m[BaseDriver][39m Using local app 'C:\Users\MSA-testautomation\59.apk'
[35m[AndroidDriver][39m Java version is: 1.8.0_181
[35m[ADB][39m Checking whether adb is present
[35m[ADB][39m Found 1 'build-tools' folders under 'C:\Users\marco\.katalon\tools\android_sdk' (newest first):
[35m[ADB][39m     C:/Users/marco/.katalon/tools/android_sdk/build-tools/28.0.3
[35m[ADB][39m Using adb.exe from C:\Users\marco\.katalon\tools\android_sdk\platform-tools\adb.exe
[35m[AndroidDriver][39m Retrieving device list
[35m[AndroidDriver][39m Using device: 9885f7504651473733
[35m[ADB][39m Using the alternative activity name detection method because of: Could not find apkanalyzer.bat in C:\Users\marco\.katalon\tools\android_sdk\platform-tools\apkanalyzer.bat,C:\Users\marco\.katalon\tools\android_sdk\emulator\apkanalyzer.bat,C:\Users\marco\.katalon\tools\android_sdk\tools\apkanalyzer.bat,C:\Users\marco\.katalon\tools\android_sdk\tools\bin\apkanalyzer.bat,C:\Users\marco\.katalon\tools\android_sdk\build-tools\28.0.3\apkanalyzer.bat. Do you have the Android SDK installed at 'C:\Users\marco\.katalon\tools\android_sdk'?
[35m[ADB][39m Checking whether aapt is present
[35m[ADB][39m Using aapt.exe from C:\Users\marco\.katalon\tools\android_sdk\build-tools\28.0.3\aapt.exe
[35m[ADB][39m Extracting package and launch activity from manifest
[35m[ADB][39m Package name: 'it.sky.msa'
[35m[ADB][39m Main activity name: 'it.sky.msa.welcome.SplashActivity'
[35m[ADB][39m Getting device platform version
[35m[ADB][39m Using apksigner.bat from C:\Users\marco\.katalon\tools\android_sdk\build-tools\28.0.3\apksigner.bat
[35m[ADB][39m Checking whether zipalign is present
[35m[ADB][39m Using zipalign.exe from C:\Users\marco\.katalon\tools\android_sdk\build-tools\28.0.3\zipalign.exe
[35m[ADB][39m io.appium.uiautomator2.server was successfully uninstalled
[35m[ADB][39m io.appium.uiautomator2.server.test was successfully uninstalled
[35m[AndroidDriver][39m setDeviceLanguageCountry requires language or country.
[35m[AndroidDriver][39m Got language: 'null' and country: 'null'
[35m[ADB][39m Successfully extracted 218 strings from 'C:\Users\MSA-testautomation\59.apk' resources for '(default)' configuration
[35m[UiAutomator2][39m Starting uiautomator2 server 1.12.0
[35m[UiAutomator2][39m Using UIAutomator2 server from 'C:\Users\marco\AppData\Roaming\npm\node_modules\appium\node_modules\appium-uiautomator2-server\apks\appium-uiautomator2-server-v1.12.0.apk' and test from 'C:\Users\marco\AppData\Roaming\npm\node_modules\appium\node_modules\appium-uiautomator2-server\apks\appium-uiautomator2-server-debug-androidTest.apk'
[35m[UiAutomator2][39m Running command: 'adb -s 9885f7504651473733 shell am instrument -w io.appium.uiautomator2.server.test/android.support.test.runner.AndroidJUnitRunner'
[35m[UiAutomator2][39m Waiting up to 20000ms for UiAutomator2 to be online...
[35m[AndroidDriver][39m Screen already unlocked, doing nothing
[35m[UiAutomator2][39m UiAutomator2 did not start the activity we were waiting for, 'it.sky.msa/it.sky.msa.welcome.SplashActivity'. Starting it ourselves
[35m[Appium][39m New AndroidUiautomator2Driver session created successfully, session 87bcac98-4faf-4dea-8b19-7fac8288494b added to master session list
[35m[HTTP][39m [37m<-- POST /wd/hub/session [39m[32m200[39m [90m22442 ms - 1133[39m
[35m[HTTP][39m [90m[39m
[35m[HTTP][39m [37m-->[39m [37mGET[39m [37m/wd/hub/status[39m
[35m[HTTP][39m [90m{}[39m
[35m[HTTP][39m [37m<-- GET /wd/hub/status [39m[32m200[39m [90m49 ms - 55[39m
[35m[HTTP][39m [90m[39m
[35m[HTTP][39m [37m-->[39m [37mPOST[39m [37m/wd/hub/session/87bcac98-4faf-4dea-8b19-7fac8288494b/timeouts[39m
[35m[HTTP][39m [90m{"type":"implicit","ms":30000}[39m
[35m[HTTP][39m [37m<-- POST /wd/hub/session/87bcac98-4faf-4dea-8b19-7fac8288494b/timeouts [39m[33m400[39m [90m23 ms - 5204[39m
[35m[HTTP][39m [90m[39m
[35m[HTTP][39m [37m-->[39m [37mGET[39m [37m/wd/hub/session/87bcac98-4faf-4dea-8b19-7fac8288494b/window/current/size[39m
[35m[HTTP][39m [90m{}[39m
[35m[W3C][39m Driver proxy active, passing request on via HTTP proxy
[35m[JSONWP Proxy][39m Replacing sessionId 06eb1c67-0c93-4b9e-b4c2-8918200760eb with 87bcac98-4faf-4dea-8b19-7fac8288494b
[35m[HTTP][39m [37m<-- GET /wd/hub/session/87bcac98-4faf-4dea-8b19-7fac8288494b/window/current/size [39m[32m200[39m [90m168 ms - 100[39m
[35m[HTTP][39m [90m[39m
[35m[HTTP][39m [37m-->[39m [37mPOST[39m [37m/wd/hub/session/87bcac98-4faf-4dea-8b19-7fac8288494b/elements[39m
[35m[HTTP][39m [90m{"using":"-android uiautomator","value":"new UiSelector().className(\"android.widget.TextView\").text(\"Guida TV\").resourceId(\"it.sky.msa:id/title\").instance(5)"}[39m
[35m[HTTP][39m [37m<-- POST /wd/hub/session/87bcac98-4faf-4dea-8b19-7fac8288494b/elements [39m[32m200[39m [90m96 ms - 74[39m
[35m[HTTP][39m [90m[39m
[35m[HTTP][39m [37m-->[39m [37mPOST[39m [37m/wd/hub/session/87bcac98-4faf-4dea-8b19-7fac8288494b/elements[39m
[35m[HTTP][39m [90m{"using":"-android uiautomator","value":"new UiSelector().className(\"android.widget.TextView\").text(\"Guida TV\").resourceId(\"it.sky.msa:id/title\").instance(5)"}[39m
[35m[HTTP][39m [37m<-- POST /wd/hub/session/87bcac98-4faf-4dea-8b19-7fac8288494b/elements [39m[32m200[39m [90m67 ms - 74[39m
[35m[HTTP][39m [90m[39m
[35m[HTTP][39m [37m-->[39m [37mPOST[39m [37m/wd/hub/session/87bcac98-4faf-4dea-8b19-7fac8288494b/elements[39m
[35m[HTTP][39m [90m{"using":"-android uiautomator","value":"new UiSelector().className(\"android.widget.TextView\").text(\"Guida TV\").resourceId(\"it.sky.msa:id/title\").instance(5)"}[39m
[35m[HTTP][39m [37m<-- POST /wd/hub/session/87bcac98-4faf-4dea-8b19-7fac8288494b/elements [39m[32m200[39m [90m59 ms - 74[39m
[35m[HTTP][39m [90m[39m
[35m[HTTP][39m [37m-->[39m [37mPOST[39m [37m/wd/hub/session/87bcac98-4faf-4dea-8b19-7fac8288494b/elements[39m
[35m[HTTP][39m [90m{"using":"-android uiautomator","value":"new UiSelector().className(\"android.widget.TextView\").text(\"Guida TV\").resourceId(\"it.sky.msa:id/title\").instance(5)"}[39m
[35m[HTTP][39m [37m<-- POST /wd/hub/session/87bcac98-4faf-4dea-8b19-7fac8288494b/elements [39m[32m200[39m [90m89 ms - 74[39m
[35m[HTTP][39m [90m[39m
[35m[HTTP][39m [37m-->[39m [37mPOST[39m [37m/wd/hub/session/87bcac98-4faf-4dea-8b19-7fac8288494b/elements[39m
[35m[HTTP][39m [90m{"using":"-android uiautomator","value":"new UiSelector().className(\"android.widget.TextView\").text(\"Guida TV\").resourceId(\"it.sky.msa:id/title\").instance(5)"}[39m
[35m[HTTP][39m [37m<-- POST /wd/hub/session/87bcac98-4faf-4dea-8b19-7fac8288494b/elements [39m[32m200[39m [90m62 ms - 74[39m
[35m[HTTP][39m [90m[39m
[35m[HTTP][39m [37m-->[39m [37mPOST[39m [37m/wd/hub/session/87bcac98-4faf-4dea-8b19-7fac8288494b/elements[39m
[35m[HTTP][39m [90m{"using":"-android uiautomator","value":"new UiSelector().className(\"android.widget.TextView\").text(\"Guida TV\").resourceId(\"it.sky.msa:id/title\").instance(5)"}[39m
[35m[HTTP][39m [37m<-- POST /wd/hub/session/87bcac98-4faf-4dea-8b19-7fac8288494b/elements [39m[32m200[39m [90m74 ms - 74[39m
[35m[HTTP][39m [90m[39m
[35m[HTTP][39m [37m-->[39m [37mPOST[39m [37m/wd/hub/session/87bcac98-4faf-4dea-8b19-7fac8288494b/elements[39m
[35m[HTTP][39m [90m{"using":"-android uiautomator","value":"new UiSelector().className(\"android.widget.TextView\").text(\"Guida TV\").resourceId(\"it.sky.msa:id/title\").instance(5)"}[39m
[35m[HTTP][39m [37m<-- POST /wd/hub/session/87bcac98-4faf-4dea-8b19-7fac8288494b/elements [39m[32m200[39m [90m78 ms - 74[39m
[35m[HTTP][39m [90m[39m
[35m[HTTP][39m [37m-->[39m [37mPOST[39m [37m/wd/hub/session/87bcac98-4faf-4dea-8b19-7fac8288494b/elements[39m
[35m[HTTP][39m [90m{"using":"-android uiautomator","value":"new UiSelector().className(\"android.widget.TextView\").text(\"Guida TV\").resourceId(\"it.sky.msa:id/title\").instance(5)"}[39m
[35m[HTTP][39m [37m<-- POST /wd/hub/session/87bcac98-4faf-4dea-8b19-7fac8288494b/elements [39m[32m200[39m [90m83 ms - 74[39m
[35m[HTTP][39m [90m[39m
[35m[HTTP][39m [37m-->[39m [37mPOST[39m [37m/wd/hub/session/87bcac98-4faf-4dea-8b19-7fac8288494b/elements[39m
[35m[HTTP][39m [90m{"using":"-android uiautomator","value":"new UiSelector().className(\"android.widget.TextView\").text(\"Guida TV\").resourceId(\"it.sky.msa:id/title\").instance(5)"}[39m
[35m[HTTP][39m [37m<-- POST /wd/hub/session/87bcac98-4faf-4dea-8b19-7fac8288494b/elements [39m[32m200[39m [90m62 ms - 74[39m
[35m[HTTP][39m [90m[39m
[35m[HTTP][39m [37m-->[39m [37mPOST[39m [37m/wd/hub/session/87bcac98-4faf-4dea-8b19-7fac8288494b/elements[39m
[35m[HTTP][39m [90m{"using":"-android uiautomator","value":"new UiSelector().className(\"android.widget.TextView\").text(\"Guida TV\").resourceId(\"it.sky.msa:id/title\").instance(5)"}[39m
[35m[HTTP][39m [37m<-- POST /wd/hub/session/87bcac98-4faf-4dea-8b19-7fac8288494b/elements [39m[32m200[39m [90m80 ms - 74[39m
[35m[HTTP][39m [90m[39m
[35m[HTTP][39m [37m-->[39m [37mPOST[39m [37m/wd/hub/session/87bcac98-4faf-4dea-8b19-7fac8288494b/elements[39m
[35m[HTTP][39m [90m{"using":"-android uiautomator","value":"new UiSelector().className(\"android.widget.TextView\").text(\"Guida TV\").resourceId(\"it.sky.msa:id/title\").instance(5)"}[39m
[35m[HTTP][39m [37m<-- POST /wd/hub/session/87bcac98-4faf-4dea-8b19-7fac8288494b/elements [39m[32m200[39m [90m87 ms - 74[39m
[35m[HTTP][39m [90m[39m
[35m[HTTP][39m [37m-->[39m [37mPOST[39m [37m/wd/hub/session/87bcac98-4faf-4dea-8b19-7fac8288494b/elements[39m
[35m[HTTP][39m [90m{"using":"-android uiautomator","value":"new UiSelector().className(\"android.widget.TextView\").text(\"Guida TV\").resourceId(\"it.sky.msa:id/title\").instance(5)"}[39m
[35m[HTTP][39m [37m<-- POST /wd/hub/session/87bcac98-4faf-4dea-8b19-7fac8288494b/elements [39m[32m200[39m [90m80 ms - 74[39m
[35m[HTTP][39m [90m[39m
[35m[HTTP][39m [37m-->[39m [37mPOST[39m [37m/wd/hub/session/87bcac98-4faf-4dea-8b19-7fac8288494b/elements[39m
[35m[HTTP][39m [90m{"using":"-android uiautomator","value":"new UiSelector().className(\"android.widget.TextView\").text(\"Guida TV\").resourceId(\"it.sky.msa:id/title\").instance(5)"}[39m
[35m[HTTP][39m [37m<-- POST /wd/hub/session/87bcac98-4faf-4dea-8b19-7fac8288494b/elements [39m[32m200[39m [90m70 ms - 74[39m
[35m[HTTP][39m [90m[39m
[35m[HTTP][39m [37m-->[39m [37mPOST[39m [37m/wd/hub/session/87bcac98-4faf-4dea-8b19-7fac8288494b/elements[39m
[35m[HTTP][39m [90m{"using":"-android uiautomator","value":"new UiSelector().className(\"android.widget.TextView\").text(\"Guida TV\").resourceId(\"it.sky.msa:id/title\").instance(5)"}[39m
[35m[HTTP][39m [37m<-- POST /wd/hub/session/87bcac98-4faf-4dea-8b19-7fac8288494b/elements [39m[32m200[39m [90m79 ms - 74[39m
[35m[HTTP][39m [90m[39m
[35m[HTTP][39m [37m-->[39m [37mPOST[39m [37m/wd/hub/session/87bcac98-4faf-4dea-8b19-7fac8288494b/elements[39m
[35m[HTTP][39m [90m{"using":"-android uiautomator","value":"new UiSelector().className(\"android.widget.TextView\").text(\"Guida TV\").resourceId(\"it.sky.msa:id/title\").instance(5)"}[39m
[35m[HTTP][39m [37m<-- POST /wd/hub/session/87bcac98-4faf-4dea-8b19-7fac8288494b/elements [39m[32m200[39m [90m71 ms - 74[39m
[35m[HTTP][39m [90m[39m
[35m[HTTP][39m [37m-->[39m [37mPOST[39m [37m/wd/hub/session/87bcac98-4faf-4dea-8b19-7fac8288494b/elements[39m
[35m[HTTP][39m [90m{"using":"-android uiautomator","value":"new UiSelector().className(\"android.widget.TextView\").text(\"Guida TV\").resourceId(\"it.sky.msa:id/title\").instance(5)"}[39m
[35m[HTTP][39m [37m<-- POST /wd/hub/session/87bcac98-4faf-4dea-8b19-7fac8288494b/elements [39m[32m200[39m [90m73 ms - 74[39m
[35m[HTTP][39m [90m[39m
[35m[HTTP][39m [37m-->[39m [37mPOST[39m [37m/wd/hub/session/87bcac98-4faf-4dea-8b19-7fac8288494b/elements[39m
[35m[HTTP][39m [90m{"using":"-android uiautomator","value":"new UiSelector().className(\"android.widget.TextView\").text(\"Guida TV\").resourceId(\"it.sky.msa:id/title\").instance(5)"}[39m
[35m[HTTP][39m [37m<-- POST /wd/hub/session/87bcac98-4faf-4dea-8b19-7fac8288494b/elements [39m[32m200[39m [90m68 ms - 74[39m
[35m[HTTP][39m [90m[39m
[35m[HTTP][39m [37m-->[39m [37mPOST[39m [37m/wd/hub/session/87bcac98-4faf-4dea-8b19-7fac8288494b/elements[39m
[35m[HTTP][39m [90m{"using":"-android uiautomator","value":"new UiSelector().className(\"android.widget.TextView\").text(\"Guida TV\").resourceId(\"it.sky.msa:id/title\").instance(5)"}[39m
[35m[HTTP][39m [37m<-- POST /wd/hub/session/87bcac98-4faf-4dea-8b19-7fac8288494b/elements [39m[32m200[39m [90m68 ms - 74[39m
[35m[HTTP][39m [90m[39m
[35m[HTTP][39m [37m-->[39m [37mPOST[39m [37m/wd/hub/session/87bcac98-4faf-4dea-8b19-7fac8288494b/elements[39m
[35m[HTTP][39m [90m{"using":"-android uiautomator","value":"new UiSelector().className(\"android.widget.TextView\").text(\"Guida TV\").resourceId(\"it.sky.msa:id/title\").instance(5)"}[39m
[35m[HTTP][39m [37m<-- POST /wd/hub/session/87bcac98-4faf-4dea-8b19-7fac8288494b/elements [39m[32m200[39m [90m64 ms - 74[39m
[35m[HTTP][39m [90m[39m
[35m[HTTP][39m [37m-->[39m [37mPOST[39m [37m/wd/hub/session/87bcac98-4faf-4dea-8b19-7fac8288494b/elements[39m
[35m[HTTP][39m [90m{"using":"-android uiautomator","value":"new UiSelector().className(\"android.widget.TextView\").text(\"Guida TV\").resourceId(\"it.sky.msa:id/title\").instance(5)"}[39m
[35m[HTTP][39m [37m<-- POST /wd/hub/session/87bcac98-4faf-4dea-8b19-7fac8288494b/elements [39m[32m200[39m [90m63 ms - 74[39m
[35m[HTTP][39m [90m[39m
[35m[HTTP][39m [37m-->[39m [37mPOST[39m [37m/wd/hub/session/87bcac98-4faf-4dea-8b19-7fac8288494b/elements[39m
[35m[HTTP][39m [90m{"using":"-android uiautomator","value":"new UiSelector().className(\"android.widget.TextView\").text(\"Guida TV\").resourceId(\"it.sky.msa:id/title\").instance(5)"}[39m
[35m[HTTP][39m [37m<-- POST /wd/hub/session/87bcac98-4faf-4dea-8b19-7fac8288494b/elements [39m[32m200[39m [90m62 ms - 74[39m
[35m[HTTP][39m [90m[39m
[35m[HTTP][39m [37m-->[39m [37mPOST[39m [37m/wd/hub/session/87bcac98-4faf-4dea-8b19-7fac8288494b/elements[39m
[35m[HTTP][39m [90m{"using":"-android uiautomator","value":"new UiSelector().className(\"android.widget.TextView\").text(\"Guida TV\").resourceId(\"it.sky.msa:id/title\").instance(5)"}[39m
[35m[HTTP][39m [37m<-- POST /wd/hub/session/87bcac98-4faf-4dea-8b19-7fac8288494b/elements [39m[32m200[39m [90m76 ms - 74[39m
[35m[HTTP][39m [90m[39m
[35m[HTTP][39m [37m-->[39m [37mPOST[39m [37m/wd/hub/session/87bcac98-4faf-4dea-8b19-7fac8288494b/elements[39m
[35m[HTTP][39m [90m{"using":"-android uiautomator","value":"new UiSelector().className(\"android.widget.TextView\").text(\"Guida TV\").resourceId(\"it.sky.msa:id/title\").instance(5)"}[39m
[35m[HTTP][39m [37m<-- POST /wd/hub/session/87bcac98-4faf-4dea-8b19-7fac8288494b/elements [39m[32m200[39m [90m67 ms - 74[39m
[35m[HTTP][39m [90m[39m
[35m[HTTP][39m [37m-->[39m [37mPOST[39m [37m/wd/hub/session/87bcac98-4faf-4dea-8b19-7fac8288494b/elements[39m
[35m[HTTP][39m [90m{"using":"-android uiautomator","value":"new UiSelector().className(\"android.widget.TextView\").text(\"Guida TV\").resourceId(\"it.sky.msa:id/title\").instance(5)"}[39m
[35m[HTTP][39m [37m<-- POST /wd/hub/session/87bcac98-4faf-4dea-8b19-7fac8288494b/elements [39m[32m200[39m [90m60 ms - 74[39m
[35m[HTTP][39m [90m[39m
[35m[HTTP][39m [37m-->[39m [37mPOST[39m [37m/wd/hub/session/87bcac98-4faf-4dea-8b19-7fac8288494b/elements[39m
[35m[HTTP][39m [90m{"using":"-android uiautomator","value":"new UiSelector().className(\"android.widget.TextView\").text(\"Guida TV\").resourceId(\"it.sky.msa:id/title\").instance(5)"}[39m
[35m[HTTP][39m [37m<-- POST /wd/hub/session/87bcac98-4faf-4dea-8b19-7fac8288494b/elements [39m[32m200[39m [90m100 ms - 74[39m
[35m[HTTP][39m [90m[39m
[35m[HTTP][39m [37m-->[39m [37mPOST[39m [37m/wd/hub/session/87bcac98-4faf-4dea-8b19-7fac8288494b/elements[39m
[35m[HTTP][39m [90m{"using":"-android uiautomator","value":"new UiSelector().className(\"android.widget.TextView\").text(\"Guida TV\").resourceId(\"it.sky.msa:id/title\").instance(5)"}[39m
[35m[HTTP][39m [37m<-- POST /wd/hub/session/87bcac98-4faf-4dea-8b19-7fac8288494b/elements [39m[32m200[39m [90m62 ms - 74[39m
[35m[HTTP][39m [90m[39m
[35m[HTTP][39m [37m-->[39m [37mPOST[39m [37m/wd/hub/session/87bcac98-4faf-4dea-8b19-7fac8288494b/elements[39m
[35m[HTTP][39m [90m{"using":"-android uiautomator","value":"new UiSelector().className(\"android.widget.TextView\").text(\"Guida TV\").resourceId(\"it.sky.msa:id/title\").instance(5)"}[39m
[35m[HTTP][39m [37m<-- POST /wd/hub/session/87bcac98-4faf-4dea-8b19-7fac8288494b/elements [39m[32m200[39m [90m131 ms - 74[39m
[35m[HTTP][39m [90m[39m
[35m[HTTP][39m [37m-->[39m [37mPOST[39m [37m/wd/hub/session/87bcac98-4faf-4dea-8b19-7fac8288494b/elements[39m
[35m[HTTP][39m [90m{"using":"-android uiautomator","value":"new UiSelector().className(\"android.widget.TextView\").text(\"Guida TV\").resourceId(\"it.sky.msa:id/title\").instance(5)"}[39m
[35m[HTTP][39m [37m<-- POST /wd/hub/session/87bcac98-4faf-4dea-8b19-7fac8288494b/elements [39m[32m200[39m [90m197 ms - 74[39m
[35m[HTTP][39m [90m[39m
[35m[HTTP][39m [37m-->[39m [37mPOST[39m [37m/wd/hub/session/87bcac98-4faf-4dea-8b19-7fac8288494b/elements[39m
[35m[HTTP][39m [90m{"using":"-android uiautomator","value":"new UiSelector().className(\"android.widget.TextView\").text(\"Guida TV\").resourceId(\"it.sky.msa:id/title\").instance(5)"}[39m
[35m[HTTP][39m [37m<-- POST /wd/hub/session/87bcac98-4faf-4dea-8b19-7fac8288494b/elements [39m[32m200[39m [90m774 ms - 124[39m
[35m[HTTP][39m [90m[39m
[35m[HTTP][39m [37m-->[39m [37mGET[39m [37m/wd/hub/session/87bcac98-4faf-4dea-8b19-7fac8288494b[39m
[35m[HTTP][39m [90m{}[39m
[35m[HTTP][39m [37m<-- GET /wd/hub/session/87bcac98-4faf-4dea-8b19-7fac8288494b [39m[32m200[39m [90m32 ms - 1133[39m
[35m[HTTP][39m [90m[39m
[35m[HTTP][39m [37m-->[39m [37mGET[39m [37m/wd/hub/session/87bcac98-4faf-4dea-8b19-7fac8288494b[39m
[35m[HTTP][39m [90m{}[39m
[35m[HTTP][39m [37m<-- GET /wd/hub/session/87bcac98-4faf-4dea-8b19-7fac8288494b [39m[32m200[39m [90m34 ms - 1133[39m
[35m[HTTP][39m [90m[39m
[35m[HTTP][39m [37m-->[39m [37mGET[39m [37m/wd/hub/session/87bcac98-4faf-4dea-8b19-7fac8288494b[39m
[35m[HTTP][39m [90m{}[39m
[35m[HTTP][39m [37m<-- GET /wd/hub/session/87bcac98-4faf-4dea-8b19-7fac8288494b [39m[32m200[39m [90m27 ms - 1133[39m
[35m[HTTP][39m [90m[39m
[35m[HTTP][39m [37m-->[39m [37mGET[39m [37m/wd/hub/session/87bcac98-4faf-4dea-8b19-7fac8288494b[39m
[35m[HTTP][39m [90m{}[39m
[35m[HTTP][39m [37m<-- GET /wd/hub/session/87bcac98-4faf-4dea-8b19-7fac8288494b [39m[32m200[39m [90m31 ms - 1133[39m
[35m[HTTP][39m [90m[39m
[35m[HTTP][39m [37m-->[39m [37mGET[39m [37m/wd/hub/session/87bcac98-4faf-4dea-8b19-7fac8288494b/element/2be4f98e-3da8-4e26-8227-0cb703df4876/location[39m
[35m[HTTP][39m [90m{}[39m
[35m[W3C][39m Driver proxy active, passing request on via HTTP proxy
[35m[JSONWP Proxy][39m Replacing sessionId 06eb1c67-0c93-4b9e-b4c2-8918200760eb with 87bcac98-4faf-4dea-8b19-7fac8288494b
[35m[HTTP][39m [37m<-- GET /wd/hub/session/87bcac98-4faf-4dea-8b19-7fac8288494b/element/2be4f98e-3da8-4e26-8227-0cb703df4876/location [39m[32m200[39m [90m68 ms - 90[39m
[35m[HTTP][39m [90m[39m
[35m[HTTP][39m [37m-->[39m [37mPOST[39m [37m/wd/hub/session/87bcac98-4faf-4dea-8b19-7fac8288494b/touch/perform[39m
[35m[HTTP][39m [90m{"actions":[{"action":"tap","options":{"element":"2be4f98e-3da8-4e26-8227-0cb703df4876","x":1,"y":1}}]}[39m
[35m[UiAutomator2][39m calling get location: 2be4f98e-3da8-4e26-8227-0cb703df4876
[35m[HTTP][39m [37m<-- POST /wd/hub/session/87bcac98-4faf-4dea-8b19-7fac8288494b/touch/perform [39m[32m200[39m [90m1129 ms - 76[39m
[35m[HTTP][39m [90m[39m
[35m[HTTP][39m [37m-->[39m [37mGET[39m [37m/wd/hub/session/87bcac98-4faf-4dea-8b19-7fac8288494b/window/current/size[39m
[35m[HTTP][39m [90m{}[39m
[35m[W3C][39m Driver proxy active, passing request on via HTTP proxy
[35m[JSONWP Proxy][39m Replacing sessionId 06eb1c67-0c93-4b9e-b4c2-8918200760eb with 87bcac98-4faf-4dea-8b19-7fac8288494b
[35m[HTTP][39m [37m<-- GET /wd/hub/session/87bcac98-4faf-4dea-8b19-7fac8288494b/window/current/size [39m[32m200[39m [90m55 ms - 100[39m
[35m[HTTP][39m [90m[39m
[35m[HTTP][39m [37m-->[39m [37mPOST[39m [37m/wd/hub/session/87bcac98-4faf-4dea-8b19-7fac8288494b/elements[39m
[35m[HTTP][39m [90m{"using":"-android uiautomator","value":"new UiSelector().className(\"android.widget.TextView\").text(\"GUIDA TV\").resourceId(\"it.sky.msa:id/headerTitle\").instance(0)"}[39m
[35m[HTTP][39m [37m<-- POST /wd/hub/session/87bcac98-4faf-4dea-8b19-7fac8288494b/elements [39m[32m200[39m [90m1063 ms - 124[39m
[35m[HTTP][39m [90m[39m
[35m[HTTP][39m [37m-->[39m [37mGET[39m [37m/wd/hub/session/87bcac98-4faf-4dea-8b19-7fac8288494b[39m
[35m[HTTP][39m [90m{}[39m
[35m[HTTP][39m [37m<-- GET /wd/hub/session/87bcac98-4faf-4dea-8b19-7fac8288494b [39m[32m200[39m [90m30 ms - 1133[39m
[35m[HTTP][39m [90m[39m
[35m[HTTP][39m [37m-->[39m [37mGET[39m [37m/wd/hub/session/87bcac98-4faf-4dea-8b19-7fac8288494b[39m
[35m[HTTP][39m [90m{}[39m
[35m[HTTP][39m [37m<-- GET /wd/hub/session/87bcac98-4faf-4dea-8b19-7fac8288494b [39m[32m200[39m [90m31 ms - 1133[39m
[35m[HTTP][39m [90m[39m
[35m[HTTP][39m [37m-->[39m [37mGET[39m [37m/wd/hub/session/87bcac98-4faf-4dea-8b19-7fac8288494b[39m
[35m[HTTP][39m [90m{}[39m
[35m[HTTP][39m [37m<-- GET /wd/hub/session/87bcac98-4faf-4dea-8b19-7fac8288494b [39m[32m200[39m [90m29 ms - 1133[39m
[35m[HTTP][39m [90m[39m
[35m[HTTP][39m [37m-->[39m [37mGET[39m [37m/wd/hub/session/87bcac98-4faf-4dea-8b19-7fac8288494b[39m
[35m[HTTP][39m [90m{}[39m
[35m[HTTP][39m [37m<-- GET /wd/hub/session/87bcac98-4faf-4dea-8b19-7fac8288494b [39m[32m200[39m [90m29 ms - 1133[39m
[35m[HTTP][39m [90m[39m
[35m[HTTP][39m [37m-->[39m [37mGET[39m [37m/wd/hub/session/87bcac98-4faf-4dea-8b19-7fac8288494b/element/313bf0ed-55fd-4341-8238-df2ceeab3b3b/location[39m
[35m[HTTP][39m [90m{}[39m
[35m[W3C][39m Driver proxy active, passing request on via HTTP proxy
[35m[JSONWP Proxy][39m Replacing sessionId 06eb1c67-0c93-4b9e-b4c2-8918200760eb with 87bcac98-4faf-4dea-8b19-7fac8288494b
[35m[HTTP][39m [37m<-- GET /wd/hub/session/87bcac98-4faf-4dea-8b19-7fac8288494b/element/313bf0ed-55fd-4341-8238-df2ceeab3b3b/location [39m[32m200[39m [90m69 ms - 88[39m
[35m[HTTP][39m [90m[39m
[35m[HTTP][39m [37m-->[39m [37mGET[39m [37m/wd/hub/session/87bcac98-4faf-4dea-8b19-7fac8288494b/window/current/size[39m
[35m[HTTP][39m [90m{}[39m
[35m[W3C][39m Driver proxy active, passing request on via HTTP proxy
[35m[JSONWP Proxy][39m Replacing sessionId 06eb1c67-0c93-4b9e-b4c2-8918200760eb with 87bcac98-4faf-4dea-8b19-7fac8288494b
[35m[HTTP][39m [37m<-- GET /wd/hub/session/87bcac98-4faf-4dea-8b19-7fac8288494b/window/current/size [39m[32m200[39m [90m52 ms - 100[39m
[35m[HTTP][39m [90m[39m
[35m[HTTP][39m [37m-->[39m [37mPOST[39m [37m/wd/hub/session/87bcac98-4faf-4dea-8b19-7fac8288494b/elements[39m
[35m[HTTP][39m [90m{"using":"-android uiautomator","value":"new UiSelector().className(\"android.widget.ImageView\").resourceId(\"it.sky.msa:id/heroImageImageView\").instance(0)"}[39m
[35m[HTTP][39m [37m<-- POST /wd/hub/session/87bcac98-4faf-4dea-8b19-7fac8288494b/elements [39m[32m200[39m [90m153 ms - 124[39m
[35m[HTTP][39m [90m[39m
[35m[HTTP][39m [37m-->[39m [37mGET[39m [37m/wd/hub/session/87bcac98-4faf-4dea-8b19-7fac8288494b[39m
[35m[HTTP][39m [90m{}[39m
[35m[HTTP][39m [37m<-- GET /wd/hub/session/87bcac98-4faf-4dea-8b19-7fac8288494b [39m[32m200[39m [90m25 ms - 1133[39m
[35m[HTTP][39m [90m[39m
[35m[HTTP][39m [37m-->[39m [37mGET[39m [37m/wd/hub/session/87bcac98-4faf-4dea-8b19-7fac8288494b[39m
[35m[HTTP][39m [90m{}[39m
[35m[HTTP][39m [37m<-- GET /wd/hub/session/87bcac98-4faf-4dea-8b19-7fac8288494b [39m[32m200[39m [90m37 ms - 1133[39m
[35m[HTTP][39m [90m[39m
[35m[HTTP][39m [37m-->[39m [37mGET[39m [37m/wd/hub/session/87bcac98-4faf-4dea-8b19-7fac8288494b[39m
[35m[HTTP][39m [90m{}[39m
[35m[HTTP][39m [37m<-- GET /wd/hub/session/87bcac98-4faf-4dea-8b19-7fac8288494b [39m[32m200[39m [90m29 ms - 1133[39m
[35m[HTTP][39m [90m[39m
[35m[HTTP][39m [37m-->[39m [37mGET[39m [37m/wd/hub/session/87bcac98-4faf-4dea-8b19-7fac8288494b[39m
[35m[HTTP][39m [90m{}[39m
[35m[HTTP][39m [37m<-- GET /wd/hub/session/87bcac98-4faf-4dea-8b19-7fac8288494b [39m[32m200[39m [90m32 ms - 1133[39m
[35m[HTTP][39m [90m[39m
[35m[HTTP][39m [37m-->[39m [37mGET[39m [37m/wd/hub/session/87bcac98-4faf-4dea-8b19-7fac8288494b/element/2726b8f9-11ef-44fd-b9fa-097d9643d9d8/location[39m
[35m[HTTP][39m [90m{}[39m
[35m[W3C][39m Driver proxy active, passing request on via HTTP proxy
[35m[JSONWP Proxy][39m Replacing sessionId 06eb1c67-0c93-4b9e-b4c2-8918200760eb with 87bcac98-4faf-4dea-8b19-7fac8288494b
[35m[HTTP][39m [37m<-- GET /wd/hub/session/87bcac98-4faf-4dea-8b19-7fac8288494b/element/2726b8f9-11ef-44fd-b9fa-097d9643d9d8/location [39m[32m200[39m [90m62 ms - 87[39m
[35m[HTTP][39m [90m[39m
[35m[HTTP][39m [37m-->[39m [37mGET[39m [37m/wd/hub/session/87bcac98-4faf-4dea-8b19-7fac8288494b/element/2726b8f9-11ef-44fd-b9fa-097d9643d9d8/attribute/resourceId[39m
[35m[HTTP][39m [90m{}[39m
[35m[HTTP][39m [37m<-- GET /wd/hub/session/87bcac98-4faf-4dea-8b19-7fac8288494b/element/2726b8f9-11ef-44fd-b9fa-097d9643d9d8/attribute/resourceId [39m[32m200[39m [90m63 ms - 106[39m
[35m[HTTP][39m [90m[39m
[35m[HTTP][39m [37m-->[39m [37mGET[39m [37m/wd/hub/session/87bcac98-4faf-4dea-8b19-7fac8288494b/window/current/size[39m
[35m[HTTP][39m [90m{}[39m
[35m[W3C][39m Driver proxy active, passing request on via HTTP proxy
[35m[JSONWP Proxy][39m Replacing sessionId 06eb1c67-0c93-4b9e-b4c2-8918200760eb with 87bcac98-4faf-4dea-8b19-7fac8288494b
[35m[HTTP][39m [37m<-- GET /wd/hub/session/87bcac98-4faf-4dea-8b19-7fac8288494b/window/current/size [39m[32m200[39m [90m33 ms - 100[39m
[35m[HTTP][39m [90m[39m
[35m[HTTP][39m [37m-->[39m [37mPOST[39m [37m/wd/hub/session/87bcac98-4faf-4dea-8b19-7fac8288494b/elements[39m
[35m[HTTP][39m [90m{"using":"-android uiautomator","value":"new UiSelector().className(\"android.widget.TextView\").text(\"IN EVIDENZA\").resourceId(\"it.sky.msa:id/heroPromoTextView\").instance(6)"}[39m
[35m[HTTP][39m [37m<-- POST /wd/hub/session/87bcac98-4faf-4dea-8b19-7fac8288494b/elements [39m[32m200[39m [90m158 ms - 124[39m
[35m[HTTP][39m [90m[39m
[35m[HTTP][39m [37m-->[39m [37mGET[39m [37m/wd/hub/session/87bcac98-4faf-4dea-8b19-7fac8288494b[39m
[35m[HTTP][39m [90m{}[39m
[35m[HTTP][39m [37m<-- GET /wd/hub/session/87bcac98-4faf-4dea-8b19-7fac8288494b [39m[32m200[39m [90m31 ms - 1133[39m
[35m[HTTP][39m [90m[39m
[35m[HTTP][39m [37m-->[39m [37mGET[39m [37m/wd/hub/session/87bcac98-4faf-4dea-8b19-7fac8288494b[39m
[35m[HTTP][39m [90m{}[39m
[35m[HTTP][39m [37m<-- GET /wd/hub/session/87bcac98-4faf-4dea-8b19-7fac8288494b [39m[32m200[39m [90m32 ms - 1133[39m
[35m[HTTP][39m [90m[39m
[35m[HTTP][39m [37m-->[39m [37mGET[39m [37m/wd/hub/session/87bcac98-4faf-4dea-8b19-7fac8288494b[39m
[35m[HTTP][39m [90m{}[39m
[35m[HTTP][39m [37m<-- GET /wd/hub/session/87bcac98-4faf-4dea-8b19-7fac8288494b [39m[32m200[39m [90m27 ms - 1133[39m
[35m[HTTP][39m [90m[39m
[35m[HTTP][39m [37m-->[39m [37mGET[39m [37m/wd/hub/session/87bcac98-4faf-4dea-8b19-7fac8288494b[39m
[35m[HTTP][39m [90m{}[39m
[35m[HTTP][39m [37m<-- GET /wd/hub/session/87bcac98-4faf-4dea-8b19-7fac8288494b [39m[32m200[39m [90m25 ms - 1133[39m
[35m[HTTP][39m [90m[39m
[35m[HTTP][39m [37m-->[39m [37mGET[39m [37m/wd/hub/session/87bcac98-4faf-4dea-8b19-7fac8288494b/element/df46fb56-7561-4204-95ec-64b529ee2cf1/location[39m
[35m[HTTP][39m [90m{}[39m
[35m[W3C][39m Driver proxy active, passing request on via HTTP proxy
[35m[JSONWP Proxy][39m Replacing sessionId 06eb1c67-0c93-4b9e-b4c2-8918200760eb with 87bcac98-4faf-4dea-8b19-7fac8288494b
[35m[HTTP][39m [37m<-- GET /wd/hub/session/87bcac98-4faf-4dea-8b19-7fac8288494b/element/df46fb56-7561-4204-95ec-64b529ee2cf1/location [39m[32m200[39m [90m64 ms - 88[39m
[35m[HTTP][39m [90m[39m
[35m[HTTP][39m [37m-->[39m [37mGET[39m [37m/wd/hub/session/87bcac98-4faf-4dea-8b19-7fac8288494b/element/df46fb56-7561-4204-95ec-64b529ee2cf1/text[39m
[35m[HTTP][39m [90m{}[39m
[35m[W3C][39m Driver proxy active, passing request on via HTTP proxy
[35m[JSONWP Proxy][39m Replacing sessionId 06eb1c67-0c93-4b9e-b4c2-8918200760eb with 87bcac98-4faf-4dea-8b19-7fac8288494b
[35m[HTTP][39m [37m<-- GET /wd/hub/session/87bcac98-4faf-4dea-8b19-7fac8288494b/element/df46fb56-7561-4204-95ec-64b529ee2cf1/text [39m[32m200[39m [90m84 ms - 85[39m
[35m[HTTP][39m [90m[39m
[35m[HTTP][39m [37m-->[39m [37mGET[39m [37m/wd/hub/session/87bcac98-4faf-4dea-8b19-7fac8288494b/window/current/size[39m
[35m[HTTP][39m [90m{}[39m
[35m[W3C][39m Driver proxy active, passing request on via HTTP proxy
[35m[JSONWP Proxy][39m Replacing sessionId 06eb1c67-0c93-4b9e-b4c2-8918200760eb with 87bcac98-4faf-4dea-8b19-7fac8288494b
[35m[HTTP][39m [37m<-- GET /wd/hub/session/87bcac98-4faf-4dea-8b19-7fac8288494b/window/current/size [39m[32m200[39m [90m33 ms - 100[39m
[35m[HTTP][39m [90m[39m
[35m[HTTP][39m [37m-->[39m [37mPOST[39m [37m/wd/hub/session/87bcac98-4faf-4dea-8b19-7fac8288494b/elements[39m
[35m[HTTP][39m [90m{"using":"-android uiautomator","value":"new UiSelector().className(\"android.widget.TextView\").resourceId(\"it.sky.msa:id/heroTitleTextView\").instance(7)"}[39m
[35m[HTTP][39m [37m<-- POST /wd/hub/session/87bcac98-4faf-4dea-8b19-7fac8288494b/elements [39m[32m200[39m [90m118 ms - 124[39m
[35m[HTTP][39m [90m[39m
[35m[HTTP][39m [37m-->[39m [37mGET[39m [37m/wd/hub/session/87bcac98-4faf-4dea-8b19-7fac8288494b[39m
[35m[HTTP][39m [90m{}[39m
[35m[HTTP][39m [37m<-- GET /wd/hub/session/87bcac98-4faf-4dea-8b19-7fac8288494b [39m[32m200[39m [90m27 ms - 1133[39m
[35m[HTTP][39m [90m[39m
[35m[HTTP][39m [37m-->[39m [37mGET[39m [37m/wd/hub/session/87bcac98-4faf-4dea-8b19-7fac8288494b[39m
[35m[HTTP][39m [90m{}[39m
[35m[HTTP][39m [37m<-- GET /wd/hub/session/87bcac98-4faf-4dea-8b19-7fac8288494b [39m[32m200[39m [90m34 ms - 1133[39m
[35m[HTTP][39m [90m[39m
[35m[HTTP][39m [37m-->[39m [37mGET[39m [37m/wd/hub/session/87bcac98-4faf-4dea-8b19-7fac8288494b[39m
[35m[HTTP][39m [90m{}[39m
[35m[HTTP][39m [37m<-- GET /wd/hub/session/87bcac98-4faf-4dea-8b19-7fac8288494b [39m[32m200[39m [90m25 ms - 1133[39m
[35m[HTTP][39m [90m[39m
[35m[HTTP][39m [37m-->[39m [37mGET[39m [37m/wd/hub/session/87bcac98-4faf-4dea-8b19-7fac8288494b[39m
[35m[HTTP][39m [90m{}[39m
[35m[HTTP][39m [37m<-- GET /wd/hub/session/87bcac98-4faf-4dea-8b19-7fac8288494b [39m[32m200[39m [90m35 ms - 1133[39m
[35m[HTTP][39m [90m[39m
[35m[HTTP][39m [37m-->[39m [37mGET[39m [37m/wd/hub/session/87bcac98-4faf-4dea-8b19-7fac8288494b/element/cb5eb8fb-5dbd-4792-a77f-5b6a04d89cf1/location[39m
[35m[HTTP][39m [90m{}[39m
[35m[W3C][39m Driver proxy active, passing request on via HTTP proxy
[35m[JSONWP Proxy][39m Replacing sessionId 06eb1c67-0c93-4b9e-b4c2-8918200760eb with 87bcac98-4faf-4dea-8b19-7fac8288494b
[35m[HTTP][39m [37m<-- GET /wd/hub/session/87bcac98-4faf-4dea-8b19-7fac8288494b/element/cb5eb8fb-5dbd-4792-a77f-5b6a04d89cf1/location [39m[32m200[39m [90m65 ms - 88[39m
[35m[HTTP][39m [90m[39m
[35m[HTTP][39m [37m-->[39m [37mGET[39m [37m/wd/hub/session/87bcac98-4faf-4dea-8b19-7fac8288494b/window/current/size[39m
[35m[HTTP][39m [90m{}[39m
[35m[W3C][39m Driver proxy active, passing request on via HTTP proxy
[35m[JSONWP Proxy][39m Replacing sessionId 06eb1c67-0c93-4b9e-b4c2-8918200760eb with 87bcac98-4faf-4dea-8b19-7fac8288494b
[35m[HTTP][39m [37m<-- GET /wd/hub/session/87bcac98-4faf-4dea-8b19-7fac8288494b/window/current/size [39m[32m200[39m [90m34 ms - 100[39m
[35m[HTTP][39m [90m[39m
[35m[HTTP][39m [37m-->[39m [37mPOST[39m [37m/wd/hub/session/87bcac98-4faf-4dea-8b19-7fac8288494b/elements[39m
[35m[HTTP][39m [90m{"using":"-android uiautomator","value":"new UiSelector().className(\"android.widget.TextView\").resourceId(\"it.sky.msa:id/heroCaptionTextView\").instance(8)"}[39m
[35m[HTTP][39m [37m<-- POST /wd/hub/session/87bcac98-4faf-4dea-8b19-7fac8288494b/elements [39m[32m200[39m [90m131 ms - 124[39m
[35m[HTTP][39m [90m[39m
[35m[HTTP][39m [37m-->[39m [37mGET[39m [37m/wd/hub/session/87bcac98-4faf-4dea-8b19-7fac8288494b[39m
[35m[HTTP][39m [90m{}[39m
[35m[HTTP][39m [37m<-- GET /wd/hub/session/87bcac98-4faf-4dea-8b19-7fac8288494b [39m[32m200[39m [90m20 ms - 1133[39m
[35m[HTTP][39m [90m[39m
[35m[HTTP][39m [37m-->[39m [37mGET[39m [37m/wd/hub/session/87bcac98-4faf-4dea-8b19-7fac8288494b[39m
[35m[HTTP][39m [90m{}[39m
[35m[HTTP][39m [37m<-- GET /wd/hub/session/87bcac98-4faf-4dea-8b19-7fac8288494b [39m[32m200[39m [90m25 ms - 1133[39m
[35m[HTTP][39m [90m[39m
[35m[HTTP][39m [37m-->[39m [37mGET[39m [37m/wd/hub/session/87bcac98-4faf-4dea-8b19-7fac8288494b[39m
[35m[HTTP][39m [90m{}[39m
[35m[HTTP][39m [37m<-- GET /wd/hub/session/87bcac98-4faf-4dea-8b19-7fac8288494b [39m[32m200[39m [90m30 ms - 1133[39m
[35m[HTTP][39m [90m[39m
[35m[HTTP][39m [37m-->[39m [37mGET[39m [37m/wd/hub/session/87bcac98-4faf-4dea-8b19-7fac8288494b[39m
[35m[HTTP][39m [90m{}[39m
[35m[HTTP][39m [37m<-- GET /wd/hub/session/87bcac98-4faf-4dea-8b19-7fac8288494b [39m[32m200[39m [90m24 ms - 1133[39m
[35m[HTTP][39m [90m[39m
[35m[HTTP][39m [37m-->[39m [37mGET[39m [37m/wd/hub/session/87bcac98-4faf-4dea-8b19-7fac8288494b/element/f84617f3-a40c-4317-82a6-dee703d7768b/location[39m
[35m[HTTP][39m [90m{}[39m
[35m[W3C][39m Driver proxy active, passing request on via HTTP proxy
[35m[JSONWP Proxy][39m Replacing sessionId 06eb1c67-0c93-4b9e-b4c2-8918200760eb with 87bcac98-4faf-4dea-8b19-7fac8288494b
[35m[HTTP][39m [37m<-- GET /wd/hub/session/87bcac98-4faf-4dea-8b19-7fac8288494b/element/f84617f3-a40c-4317-82a6-dee703d7768b/location [39m[32m200[39m [90m57 ms - 89[39m
[35m[HTTP][39m [90m[39m
[35m[HTTP][39m [37m-->[39m [37mGET[39m [37m/wd/hub/session/87bcac98-4faf-4dea-8b19-7fac8288494b/window/current/size[39m
[35m[HTTP][39m [90m{}[39m
[35m[W3C][39m Driver proxy active, passing request on via HTTP proxy
[35m[JSONWP Proxy][39m Replacing sessionId 06eb1c67-0c93-4b9e-b4c2-8918200760eb with 87bcac98-4faf-4dea-8b19-7fac8288494b
[35m[HTTP][39m [37m<-- GET /wd/hub/session/87bcac98-4faf-4dea-8b19-7fac8288494b/window/current/size [39m[32m200[39m [90m36 ms - 100[39m
[35m[HTTP][39m [90m[39m
[35m[HTTP][39m [37m-->[39m [37mPOST[39m [37m/wd/hub/session/87bcac98-4faf-4dea-8b19-7fac8288494b/elements[39m
[35m[HTTP][39m [90m{"using":"-android uiautomator","value":"new UiSelector().className(\"android.widget.TextView\").resourceId(\"it.sky.msa:id/heroCaptionTextView\").instance(8)"}[39m
[35m[HTTP][39m [37m<-- POST /wd/hub/session/87bcac98-4faf-4dea-8b19-7fac8288494b/elements [39m[32m200[39m [90m122 ms - 124[39m
[35m[HTTP][39m [90m[39m
[35m[HTTP][39m [37m-->[39m [37mGET[39m [37m/wd/hub/session/87bcac98-4faf-4dea-8b19-7fac8288494b[39m
[35m[HTTP][39m [90m{}[39m
[35m[HTTP][39m [37m<-- GET /wd/hub/session/87bcac98-4faf-4dea-8b19-7fac8288494b [39m[32m200[39m [90m25 ms - 1133[39m
[35m[HTTP][39m [90m[39m
[35m[HTTP][39m [37m-->[39m [37mGET[39m [37m/wd/hub/session/87bcac98-4faf-4dea-8b19-7fac8288494b[39m
[35m[HTTP][39m [90m{}[39m
[35m[HTTP][39m [37m<-- GET /wd/hub/session/87bcac98-4faf-4dea-8b19-7fac8288494b [39m[32m200[39m [90m24 ms - 1133[39m
[35m[HTTP][39m [90m[39m
[35m[HTTP][39m [37m-->[39m [37mGET[39m [37m/wd/hub/session/87bcac98-4faf-4dea-8b19-7fac8288494b[39m
[35m[HTTP][39m [90m{}[39m
[35m[HTTP][39m [37m<-- GET /wd/hub/session/87bcac98-4faf-4dea-8b19-7fac8288494b [39m[32m200[39m [90m27 ms - 1133[39m
[35m[HTTP][39m [90m[39m
[35m[HTTP][39m [37m-->[39m [37mGET[39m [37m/wd/hub/session/87bcac98-4faf-4dea-8b19-7fac8288494b[39m
[35m[HTTP][39m [90m{}[39m
[35m[HTTP][39m [37m<-- GET /wd/hub/session/87bcac98-4faf-4dea-8b19-7fac8288494b [39m[32m200[39m [90m26 ms - 1133[39m
[35m[HTTP][39m [90m[39m
[35m[HTTP][39m [37m-->[39m [37mGET[39m [37m/wd/hub/session/87bcac98-4faf-4dea-8b19-7fac8288494b/element/0b179770-542e-4853-84a1-87c5a0153481/location[39m
[35m[HTTP][39m [90m{}[39m
[35m[W3C][39m Driver proxy active, passing request on via HTTP proxy
[35m[JSONWP Proxy][39m Replacing sessionId 06eb1c67-0c93-4b9e-b4c2-8918200760eb with 87bcac98-4faf-4dea-8b19-7fac8288494b
[35m[HTTP][39m [37m<-- GET /wd/hub/session/87bcac98-4faf-4dea-8b19-7fac8288494b/element/0b179770-542e-4853-84a1-87c5a0153481/location [39m[32m200[39m [90m58 ms - 89[39m
[35m[HTTP][39m [90m[39m
[35m[HTTP][39m [37m-->[39m [37mGET[39m [37m/wd/hub/session/87bcac98-4faf-4dea-8b19-7fac8288494b/element/0b179770-542e-4853-84a1-87c5a0153481/text[39m
[35m[HTTP][39m [90m{}[39m
[35m[W3C][39m Driver proxy active, passing request on via HTTP proxy
[35m[JSONWP Proxy][39m Replacing sessionId 06eb1c67-0c93-4b9e-b4c2-8918200760eb with 87bcac98-4faf-4dea-8b19-7fac8288494b
[35m[HTTP][39m [37m<-- GET /wd/hub/session/87bcac98-4faf-4dea-8b19-7fac8288494b/element/0b179770-542e-4853-84a1-87c5a0153481/text [39m[32m200[39m [90m87 ms - 89[39m
[35m[HTTP][39m [90m[39m
[35m[HTTP][39m [37m-->[39m [37mGET[39m [37m/wd/hub/session/87bcac98-4faf-4dea-8b19-7fac8288494b/context[39m
[35m[HTTP][39m [90m{}[39m
[35m[HTTP][39m [37m<-- GET /wd/hub/session/87bcac98-4faf-4dea-8b19-7fac8288494b/context [39m[32m200[39m [90m4 ms - 84[39m
[35m[HTTP][39m [90m[39m
[35m[HTTP][39m [37m-->[39m [37mGET[39m [37m/wd/hub/session/87bcac98-4faf-4dea-8b19-7fac8288494b/contexts[39m
[35m[HTTP][39m [90m{}[39m
[35m[HTTP][39m [37m<-- GET /wd/hub/session/87bcac98-4faf-4dea-8b19-7fac8288494b/contexts [39m[32m200[39m [90m112 ms - 86[39m
[35m[HTTP][39m [90m[39m
[35m[HTTP][39m [37m-->[39m [37mPOST[39m [37m/wd/hub/session/87bcac98-4faf-4dea-8b19-7fac8288494b/context[39m
[35m[HTTP][39m [90m{"name":"NATIVE_APP"}[39m
[35m[HTTP][39m [37m<-- POST /wd/hub/session/87bcac98-4faf-4dea-8b19-7fac8288494b/context [39m[32m200[39m [90m80 ms - 76[39m
[35m[HTTP][39m [90m[39m
[35m[HTTP][39m [37m-->[39m [37mPOST[39m [37m/wd/hub/session/87bcac98-4faf-4dea-8b19-7fac8288494b/touch/perform[39m
[35m[HTTP][39m [90m{"actions":[{"action":"press","options":{"x":200,"y":200}},{"action":"wait","options":{"ms":500}},{"action":"moveTo","options":{"x":200,"y":1000}}]}[39m
[35m[HTTP][39m [37m<-- POST /wd/hub/session/87bcac98-4faf-4dea-8b19-7fac8288494b/touch/perform [39m[32m200[39m [90m2102 ms - 76[39m
[35m[HTTP][39m [90m[39m
[35m[HTTP][39m [37m-->[39m [37mPOST[39m [37m/wd/hub/session/87bcac98-4faf-4dea-8b19-7fac8288494b/context[39m
[35m[HTTP][39m [90m{"name":"NATIVE_APP"}[39m
[35m[HTTP][39m [37m<-- POST /wd/hub/session/87bcac98-4faf-4dea-8b19-7fac8288494b/context [39m[32m200[39m [90m85 ms - 76[39m
[35m[HTTP][39m [90m[39m
[35m[HTTP][39m [37m-->[39m [37mGET[39m [37m/wd/hub/session/87bcac98-4faf-4dea-8b19-7fac8288494b/window/current/size[39m
[35m[HTTP][39m [90m{}[39m
[35m[W3C][39m Driver proxy active, passing request on via HTTP proxy
[35m[JSONWP Proxy][39m Replacing sessionId 06eb1c67-0c93-4b9e-b4c2-8918200760eb with 87bcac98-4faf-4dea-8b19-7fac8288494b
[35m[HTTP][39m [37m<-- GET /wd/hub/session/87bcac98-4faf-4dea-8b19-7fac8288494b/window/current/size [39m[32m200[39m [90m36 ms - 100[39m
[35m[HTTP][39m [90m[39m
[35m[HTTP][39m [37m-->[39m [37mPOST[39m [37m/wd/hub/session/87bcac98-4faf-4dea-8b19-7fac8288494b/elements[39m
[35m[HTTP][39m [90m{"using":"-android uiautomator","value":"new UiSelector().className(\"android.widget.TextView\").text(\"Scelti per te questa settimana\").resourceId(\"it.sky.msa:id/categoryTitle\").instance(6)"}[39m
[35m[HTTP][39m [37m<-- POST /wd/hub/session/87bcac98-4faf-4dea-8b19-7fac8288494b/elements [39m[32m200[39m [90m116 ms - 124[39m
[35m[HTTP][39m [90m[39m
[35m[HTTP][39m [37m-->[39m [37mGET[39m [37m/wd/hub/session/87bcac98-4faf-4dea-8b19-7fac8288494b[39m
[35m[HTTP][39m [90m{}[39m
[35m[HTTP][39m [37m<-- GET /wd/hub/session/87bcac98-4faf-4dea-8b19-7fac8288494b [39m[32m200[39m [90m27 ms - 1133[39m
[35m[HTTP][39m [90m[39m
[35m[HTTP][39m [37m-->[39m [37mGET[39m [37m/wd/hub/session/87bcac98-4faf-4dea-8b19-7fac8288494b[39m
[35m[HTTP][39m [90m{}[39m
[35m[HTTP][39m [37m<-- GET /wd/hub/session/87bcac98-4faf-4dea-8b19-7fac8288494b [39m[32m200[39m [90m25 ms - 1133[39m
[35m[HTTP][39m [90m[39m
[35m[HTTP][39m [37m-->[39m [37mGET[39m [37m/wd/hub/session/87bcac98-4faf-4dea-8b19-7fac8288494b[39m
[35m[HTTP][39m [90m{}[39m
[35m[HTTP][39m [37m<-- GET /wd/hub/session/87bcac98-4faf-4dea-8b19-7fac8288494b [39m[32m200[39m [90m24 ms - 1133[39m
[35m[HTTP][39m [90m[39m
[35m[HTTP][39m [37m-->[39m [37mGET[39m [37m/wd/hub/session/87bcac98-4faf-4dea-8b19-7fac8288494b[39m
[35m[HTTP][39m [90m{}[39m
[35m[HTTP][39m [37m<-- GET /wd/hub/session/87bcac98-4faf-4dea-8b19-7fac8288494b [39m[32m200[39m [90m24 ms - 1133[39m
[35m[HTTP][39m [90m[39m
[35m[HTTP][39m [37m-->[39m [37mGET[39m [37m/wd/hub/session/87bcac98-4faf-4dea-8b19-7fac8288494b/element/4d988678-9d03-4660-86d9-09059ba5428d/location[39m
[35m[HTTP][39m [90m{}[39m
[35m[W3C][39m Driver proxy active, passing request on via HTTP proxy
[35m[JSONWP Proxy][39m Replacing sessionId 06eb1c67-0c93-4b9e-b4c2-8918200760eb with 87bcac98-4faf-4dea-8b19-7fac8288494b
[35m[HTTP][39m [37m<-- GET /wd/hub/session/87bcac98-4faf-4dea-8b19-7fac8288494b/element/4d988678-9d03-4660-86d9-09059ba5428d/location [39m[32m200[39m [90m54 ms - 89[39m
[35m[HTTP][39m [90m[39m
[35m[HTTP][39m [37m-->[39m [37mGET[39m [37m/wd/hub/session/87bcac98-4faf-4dea-8b19-7fac8288494b/element/4d988678-9d03-4660-86d9-09059ba5428d/text[39m
[35m[HTTP][39m [90m{}[39m
[35m[W3C][39m Driver proxy active, passing request on via HTTP proxy
[35m[JSONWP Proxy][39m Replacing sessionId 06eb1c67-0c93-4b9e-b4c2-8918200760eb with 87bcac98-4faf-4dea-8b19-7fac8288494b
[35m[HTTP][39m [37m<-- GET /wd/hub/session/87bcac98-4faf-4dea-8b19-7fac8288494b/element/4d988678-9d03-4660-86d9-09059ba5428d/text [39m[32m200[39m [90m73 ms - 104[39m
[35m[HTTP][39m [90m[39m
[35m[HTTP][39m [37m-->[39m [37mGET[39m [37m/wd/hub/session/87bcac98-4faf-4dea-8b19-7fac8288494b/window/current/size[39m
[35m[HTTP][39m [90m{}[39m
[35m[W3C][39m Driver proxy active, passing request on via HTTP proxy
[35m[JSONWP Proxy][39m Replacing sessionId 06eb1c67-0c93-4b9e-b4c2-8918200760eb with 87bcac98-4faf-4dea-8b19-7fac8288494b
[35m[HTTP][39m [37m<-- GET /wd/hub/session/87bcac98-4faf-4dea-8b19-7fac8288494b/window/current/size [39m[32m200[39m [90m35 ms - 100[39m
[35m[HTTP][39m [90m[39m
[35m[HTTP][39m [37m-->[39m [37mPOST[39m [37m/wd/hub/session/87bcac98-4faf-4dea-8b19-7fac8288494b/elements[39m
[35m[HTTP][39m [90m{"using":"-android uiautomator","value":"new UiSelector().className(\"android.widget.TextView\").text(\"Scelti per te questa settimana\").resourceId(\"it.sky.msa:id/categoryTitle\").instance(6)"}[39m
[35m[HTTP][39m [37m<-- POST /wd/hub/session/87bcac98-4faf-4dea-8b19-7fac8288494b/elements [39m[32m200[39m [90m118 ms - 124[39m
[35m[HTTP][39m [90m[39m
[35m[HTTP][39m [37m-->[39m [37mGET[39m [37m/wd/hub/session/87bcac98-4faf-4dea-8b19-7fac8288494b[39m
[35m[HTTP][39m [90m{}[39m
[35m[HTTP][39m [37m<-- GET /wd/hub/session/87bcac98-4faf-4dea-8b19-7fac8288494b [39m[32m200[39m [90m24 ms - 1133[39m
[35m[HTTP][39m [90m[39m
[35m[HTTP][39m [37m-->[39m [37mGET[39m [37m/wd/hub/session/87bcac98-4faf-4dea-8b19-7fac8288494b[39m
[35m[HTTP][39m [90m{}[39m
[35m[HTTP][39m [37m<-- GET /wd/hub/session/87bcac98-4faf-4dea-8b19-7fac8288494b [39m[32m200[39m [90m24 ms - 1133[39m
[35m[HTTP][39m [90m[39m
[35m[HTTP][39m [37m-->[39m [37mGET[39m [37m/wd/hub/session/87bcac98-4faf-4dea-8b19-7fac8288494b[39m
[35m[HTTP][39m [90m{}[39m
[35m[HTTP][39m [37m<-- GET /wd/hub/session/87bcac98-4faf-4dea-8b19-7fac8288494b [39m[32m200[39m [90m26 ms - 1133[39m
[35m[HTTP][39m [90m[39m
[35m[HTTP][39m [37m-->[39m [37mGET[39m [37m/wd/hub/session/87bcac98-4faf-4dea-8b19-7fac8288494b[39m
[35m[HTTP][39m [90m{}[39m
[35m[HTTP][39m [37m<-- GET /wd/hub/session/87bcac98-4faf-4dea-8b19-7fac8288494b [39m[32m200[39m [90m20 ms - 1133[39m
[35m[HTTP][39m [90m[39m
[35m[HTTP][39m [37m-->[39m [37mGET[39m [37m/wd/hub/session/87bcac98-4faf-4dea-8b19-7fac8288494b/element/33866203-8c34-436b-b69c-49303235704e/location[39m
[35m[HTTP][39m [90m{}[39m
[35m[W3C][39m Driver proxy active, passing request on via HTTP proxy
[35m[JSONWP Proxy][39m Replacing sessionId 06eb1c67-0c93-4b9e-b4c2-8918200760eb with 87bcac98-4faf-4dea-8b19-7fac8288494b
[35m[HTTP][39m [37m<-- GET /wd/hub/session/87bcac98-4faf-4dea-8b19-7fac8288494b/element/33866203-8c34-436b-b69c-49303235704e/location [39m[32m200[39m [90m60 ms - 89[39m
[35m[HTTP][39m [90m[39m
[35m[HTTP][39m [37m-->[39m [37mGET[39m [37m/wd/hub/session/87bcac98-4faf-4dea-8b19-7fac8288494b/element/33866203-8c34-436b-b69c-49303235704e/text[39m
[35m[HTTP][39m [90m{}[39m
[35m[W3C][39m Driver proxy active, passing request on via HTTP proxy
[35m[JSONWP Proxy][39m Replacing sessionId 06eb1c67-0c93-4b9e-b4c2-8918200760eb with 87bcac98-4faf-4dea-8b19-7fac8288494b
[35m[HTTP][39m [37m<-- GET /wd/hub/session/87bcac98-4faf-4dea-8b19-7fac8288494b/element/33866203-8c34-436b-b69c-49303235704e/text [39m[32m200[39m [90m59 ms - 104[39m
[35m[HTTP][39m [90m[39m
[35m[HTTP][39m [37m-->[39m [37mGET[39m [37m/wd/hub/session/87bcac98-4faf-4dea-8b19-7fac8288494b/context[39m
[35m[HTTP][39m [90m{}[39m
[35m[HTTP][39m [37m<-- GET /wd/hub/session/87bcac98-4faf-4dea-8b19-7fac8288494b/context [39m[32m200[39m [90m2 ms - 84[39m
[35m[HTTP][39m [90m[39m
[35m[HTTP][39m [37m-->[39m [37mGET[39m [37m/wd/hub/session/87bcac98-4faf-4dea-8b19-7fac8288494b/contexts[39m
[35m[HTTP][39m [90m{}[39m
[35m[HTTP][39m [37m<-- GET /wd/hub/session/87bcac98-4faf-4dea-8b19-7fac8288494b/contexts [39m[32m200[39m [90m89 ms - 86[39m
[35m[HTTP][39m [90m[39m
[35m[HTTP][39m [37m-->[39m [37mPOST[39m [37m/wd/hub/session/87bcac98-4faf-4dea-8b19-7fac8288494b/context[39m
[35m[HTTP][39m [90m{"name":"NATIVE_APP"}[39m
[35m[HTTP][39m [37m<-- POST /wd/hub/session/87bcac98-4faf-4dea-8b19-7fac8288494b/context [39m[32m200[39m [90m165 ms - 76[39m
[35m[HTTP][39m [90m[39m
[35m[HTTP][39m [37m-->[39m [37mPOST[39m [37m/wd/hub/session/87bcac98-4faf-4dea-8b19-7fac8288494b/touch/perform[39m
[35m[HTTP][39m [90m{"actions":[{"action":"press","options":{"x":0,"y":0}},{"action":"wait","options":{"ms":500}},{"action":"moveTo","options":{"x":100,"y":0}}]}[39m
[35m[HTTP][39m [37m<-- POST /wd/hub/session/87bcac98-4faf-4dea-8b19-7fac8288494b/touch/perform [39m[32m200[39m [90m2130 ms - 76[39m
[35m[HTTP][39m [90m[39m
[35m[HTTP][39m [37m-->[39m [37mPOST[39m [37m/wd/hub/session/87bcac98-4faf-4dea-8b19-7fac8288494b/context[39m
[35m[HTTP][39m [90m{"name":"NATIVE_APP"}[39m
[35m[HTTP][39m [37m<-- POST /wd/hub/session/87bcac98-4faf-4dea-8b19-7fac8288494b/context [39m[32m200[39m [90m94 ms - 76[39m
[35m[HTTP][39m [90m[39m
[35m[HTTP][39m [37m-->[39m [37mGET[39m [37m/wd/hub/session/87bcac98-4faf-4dea-8b19-7fac8288494b/context[39m
[35m[HTTP][39m [90m{}[39m
[35m[HTTP][39m [37m<-- GET /wd/hub/session/87bcac98-4faf-4dea-8b19-7fac8288494b/context [39m[32m200[39m [90m2 ms - 84[39m
[35m[HTTP][39m [90m[39m
[35m[HTTP][39m [37m-->[39m [37mGET[39m [37m/wd/hub/session/87bcac98-4faf-4dea-8b19-7fac8288494b/contexts[39m
[35m[HTTP][39m [90m{}[39m
[35m[HTTP][39m [37m<-- GET /wd/hub/session/87bcac98-4faf-4dea-8b19-7fac8288494b/contexts [39m[32m200[39m [90m213 ms - 86[39m
[35m[HTTP][39m [90m[39m
[35m[HTTP][39m [37m-->[39m [37mPOST[39m [37m/wd/hub/session/87bcac98-4faf-4dea-8b19-7fac8288494b/context[39m
[35m[HTTP][39m [90m{"name":"NATIVE_APP"}[39m
[35m[HTTP][39m [37m<-- POST /wd/hub/session/87bcac98-4faf-4dea-8b19-7fac8288494b/context [39m[32m200[39m [90m162 ms - 76[39m
[35m[HTTP][39m [90m[39m
[35m[HTTP][39m [37m-->[39m [37mPOST[39m [37m/wd/hub/session/87bcac98-4faf-4dea-8b19-7fac8288494b/touch/perform[39m
[35m[HTTP][39m [90m{"actions":[{"action":"press","options":{"x":0,"y":0}},{"action":"wait","options":{"ms":500}},{"action":"moveTo","options":{"x":-100,"y":0}}]}[39m
[35m[HTTP][39m [37m<-- POST /wd/hub/session/87bcac98-4faf-4dea-8b19-7fac8288494b/touch/perform [39m[32m200[39m [90m2134 ms - 76[39m
[35m[HTTP][39m [90m[39m
[35m[HTTP][39m [37m-->[39m [37mPOST[39m [37m/wd/hub/session/87bcac98-4faf-4dea-8b19-7fac8288494b/context[39m
[35m[HTTP][39m [90m{"name":"NATIVE_APP"}[39m
[35m[HTTP][39m [37m<-- POST /wd/hub/session/87bcac98-4faf-4dea-8b19-7fac8288494b/context [39m[32m200[39m [90m104 ms - 76[39m
[35m[HTTP][39m [90m[39m
[35m[HTTP][39m [37m-->[39m [37mGET[39m [37m/wd/hub/session/87bcac98-4faf-4dea-8b19-7fac8288494b/window/current/size[39m
[35m[HTTP][39m [90m{}[39m
[35m[W3C][39m Driver proxy active, passing request on via HTTP proxy
[35m[JSONWP Proxy][39m Replacing sessionId 06eb1c67-0c93-4b9e-b4c2-8918200760eb with 87bcac98-4faf-4dea-8b19-7fac8288494b
[35m[HTTP][39m [37m<-- GET /wd/hub/session/87bcac98-4faf-4dea-8b19-7fac8288494b/window/current/size [39m[32m200[39m [90m55 ms - 100[39m
[35m[HTTP][39m [90m[39m
[35m[HTTP][39m [37m-->[39m [37mPOST[39m [37m/wd/hub/session/87bcac98-4faf-4dea-8b19-7fac8288494b/elements[39m
[35m[HTTP][39m [90m{"using":"-android uiautomator","value":"new UiSelector().className(\"android.widget.TextView\").text(\"Scelti per te questa settimana\").resourceId(\"it.sky.msa:id/categoryTitle\").instance(6)"}[39m
[35m[HTTP][39m [37m<-- POST /wd/hub/session/87bcac98-4faf-4dea-8b19-7fac8288494b/elements [39m[32m200[39m [90m118 ms - 124[39m
[35m[HTTP][39m [90m[39m
[35m[HTTP][39m [37m-->[39m [37mGET[39m [37m/wd/hub/session/87bcac98-4faf-4dea-8b19-7fac8288494b[39m
[35m[HTTP][39m [90m{}[39m
[35m[HTTP][39m [37m<-- GET /wd/hub/session/87bcac98-4faf-4dea-8b19-7fac8288494b [39m[32m200[39m [90m30 ms - 1133[39m
[35m[HTTP][39m [90m[39m
[35m[HTTP][39m [37m-->[39m [37mGET[39m [37m/wd/hub/session/87bcac98-4faf-4dea-8b19-7fac8288494b[39m
[35m[HTTP][39m [90m{}[39m
[35m[HTTP][39m [37m<-- GET /wd/hub/session/87bcac98-4faf-4dea-8b19-7fac8288494b [39m[32m200[39m [90m24 ms - 1133[39m
[35m[HTTP][39m [90m[39m
[35m[HTTP][39m [37m-->[39m [37mGET[39m [37m/wd/hub/session/87bcac98-4faf-4dea-8b19-7fac8288494b[39m
[35m[HTTP][39m [90m{}[39m
[35m[HTTP][39m [37m<-- GET /wd/hub/session/87bcac98-4faf-4dea-8b19-7fac8288494b [39m[32m200[39m [90m24 ms - 1133[39m
[35m[HTTP][39m [90m[39m
[35m[HTTP][39m [37m-->[39m [37mGET[39m [37m/wd/hub/session/87bcac98-4faf-4dea-8b19-7fac8288494b[39m
[35m[HTTP][39m [90m{}[39m
[35m[HTTP][39m [37m<-- GET /wd/hub/session/87bcac98-4faf-4dea-8b19-7fac8288494b [39m[32m200[39m [90m25 ms - 1133[39m
[35m[HTTP][39m [90m[39m
[35m[HTTP][39m [37m-->[39m [37mGET[39m [37m/wd/hub/session/87bcac98-4faf-4dea-8b19-7fac8288494b/element/25cf4874-2240-489a-93bd-4d9a76c59e67/location[39m
[35m[HTTP][39m [90m{}[39m
[35m[W3C][39m Driver proxy active, passing request on via HTTP proxy
[35m[JSONWP Proxy][39m Replacing sessionId 06eb1c67-0c93-4b9e-b4c2-8918200760eb with 87bcac98-4faf-4dea-8b19-7fac8288494b
[35m[HTTP][39m [37m<-- GET /wd/hub/session/87bcac98-4faf-4dea-8b19-7fac8288494b/element/25cf4874-2240-489a-93bd-4d9a76c59e67/location [39m[32m200[39m [90m51 ms - 89[39m
[35m[HTTP][39m [90m[39m
[35m[HTTP][39m [37m-->[39m [37mGET[39m [37m/wd/hub/session/87bcac98-4faf-4dea-8b19-7fac8288494b/element/25cf4874-2240-489a-93bd-4d9a76c59e67/size[39m
[35m[HTTP][39m [90m{}[39m
[35m[W3C][39m Driver proxy active, passing request on via HTTP proxy
[35m[JSONWP Proxy][39m Replacing sessionId 06eb1c67-0c93-4b9e-b4c2-8918200760eb with 87bcac98-4faf-4dea-8b19-7fac8288494b
[35m[HTTP][39m [37m<-- GET /wd/hub/session/87bcac98-4faf-4dea-8b19-7fac8288494b/element/25cf4874-2240-489a-93bd-4d9a76c59e67/size [39m[32m200[39m [90m52 ms - 98[39m
[35m[HTTP][39m [90m[39m
[35m[HTTP][39m [37m-->[39m [37mGET[39m [37m/wd/hub/session/87bcac98-4faf-4dea-8b19-7fac8288494b/window/current/size[39m
[35m[HTTP][39m [90m{}[39m
[35m[W3C][39m Driver proxy active, passing request on via HTTP proxy
[35m[JSONWP Proxy][39m Replacing sessionId 06eb1c67-0c93-4b9e-b4c2-8918200760eb with 87bcac98-4faf-4dea-8b19-7fac8288494b
[35m[HTTP][39m [37m<-- GET /wd/hub/session/87bcac98-4faf-4dea-8b19-7fac8288494b/window/current/size [39m[32m200[39m [90m56 ms - 100[39m
[35m[HTTP][39m [90m[39m
[35m[HTTP][39m [37m-->[39m [37mPOST[39m [37m/wd/hub/session/87bcac98-4faf-4dea-8b19-7fac8288494b/elements[39m
[35m[HTTP][39m [90m{"using":"-android uiautomator","value":"new UiSelector().className(\"android.widget.TextView\").text(\"Scelti per te questa settimana\").resourceId(\"it.sky.msa:id/categoryTitle\").instance(6)"}[39m
[35m[HTTP][39m [37m<-- POST /wd/hub/session/87bcac98-4faf-4dea-8b19-7fac8288494b/elements [39m[32m200[39m [90m119 ms - 124[39m
[35m[HTTP][39m [90m[39m
[35m[HTTP][39m [37m-->[39m [37mGET[39m [37m/wd/hub/session/87bcac98-4faf-4dea-8b19-7fac8288494b[39m
[35m[HTTP][39m [90m{}[39m
[35m[HTTP][39m [37m<-- GET /wd/hub/session/87bcac98-4faf-4dea-8b19-7fac8288494b [39m[32m200[39m [90m26 ms - 1133[39m
[35m[HTTP][39m [90m[39m
[35m[HTTP][39m [37m-->[39m [37mGET[39m [37m/wd/hub/session/87bcac98-4faf-4dea-8b19-7fac8288494b[39m
[35m[HTTP][39m [90m{}[39m
[35m[HTTP][39m [37m<-- GET /wd/hub/session/87bcac98-4faf-4dea-8b19-7fac8288494b [39m[32m200[39m [90m25 ms - 1133[39m
[35m[HTTP][39m [90m[39m
[35m[HTTP][39m [37m-->[39m [37mGET[39m [37m/wd/hub/session/87bcac98-4faf-4dea-8b19-7fac8288494b[39m
[35m[HTTP][39m [90m{}[39m
[35m[HTTP][39m [37m<-- GET /wd/hub/session/87bcac98-4faf-4dea-8b19-7fac8288494b [39m[32m200[39m [90m27 ms - 1133[39m
[35m[HTTP][39m [90m[39m
[35m[HTTP][39m [37m-->[39m [37mGET[39m [37m/wd/hub/session/87bcac98-4faf-4dea-8b19-7fac8288494b[39m
[35m[HTTP][39m [90m{}[39m
[35m[HTTP][39m [37m<-- GET /wd/hub/session/87bcac98-4faf-4dea-8b19-7fac8288494b [39m[32m200[39m [90m28 ms - 1133[39m
[35m[HTTP][39m [90m[39m
[35m[HTTP][39m [37m-->[39m [37mGET[39m [37m/wd/hub/session/87bcac98-4faf-4dea-8b19-7fac8288494b/element/700cfc55-7e5c-4ce0-a6de-6a4bce2f7f8a/location[39m
[35m[HTTP][39m [90m{}[39m
[35m[W3C][39m Driver proxy active, passing request on via HTTP proxy
[35m[JSONWP Proxy][39m Replacing sessionId 06eb1c67-0c93-4b9e-b4c2-8918200760eb with 87bcac98-4faf-4dea-8b19-7fac8288494b
[35m[HTTP][39m [37m<-- GET /wd/hub/session/87bcac98-4faf-4dea-8b19-7fac8288494b/element/700cfc55-7e5c-4ce0-a6de-6a4bce2f7f8a/location [39m[32m200[39m [90m61 ms - 89[39m
[35m[HTTP][39m [90m[39m
[35m[HTTP][39m [37m-->[39m [37mGET[39m [37m/wd/hub/session/87bcac98-4faf-4dea-8b19-7fac8288494b/element/700cfc55-7e5c-4ce0-a6de-6a4bce2f7f8a/size[39m
[35m[HTTP][39m [90m{}[39m
[35m[W3C][39m Driver proxy active, passing request on via HTTP proxy
[35m[JSONWP Proxy][39m Replacing sessionId 06eb1c67-0c93-4b9e-b4c2-8918200760eb with 87bcac98-4faf-4dea-8b19-7fac8288494b
[35m[HTTP][39m [37m<-- GET /wd/hub/session/87bcac98-4faf-4dea-8b19-7fac8288494b/element/700cfc55-7e5c-4ce0-a6de-6a4bce2f7f8a/size [39m[32m200[39m [90m64 ms - 98[39m
[35m[HTTP][39m [90m[39m
[35m[HTTP][39m [37m-->[39m [37mGET[39m [37m/wd/hub/session/87bcac98-4faf-4dea-8b19-7fac8288494b/window/current/size[39m
[35m[HTTP][39m [90m{}[39m
[35m[W3C][39m Driver proxy active, passing request on via HTTP proxy
[35m[JSONWP Proxy][39m Replacing sessionId 06eb1c67-0c93-4b9e-b4c2-8918200760eb with 87bcac98-4faf-4dea-8b19-7fac8288494b
[35m[HTTP][39m [37m<-- GET /wd/hub/session/87bcac98-4faf-4dea-8b19-7fac8288494b/window/current/size [39m[32m200[39m [90m55 ms - 100[39m
[35m[HTTP][39m [90m[39m
[35m[HTTP][39m [37m-->[39m [37mPOST[39m [37m/wd/hub/session/87bcac98-4faf-4dea-8b19-7fac8288494b/elements[39m
[35m[HTTP][39m [90m{"using":"-android uiautomator","value":"new UiSelector().className(\"android.widget.TextView\").resourceId(\"it.sky.msa:id/categoryTitle\")"}[39m
[35m[HTTP][39m [37m<-- POST /wd/hub/session/87bcac98-4faf-4dea-8b19-7fac8288494b/elements [39m[32m200[39m [90m160 ms - 124[39m
[35m[HTTP][39m [90m[39m
[35m[HTTP][39m [37m-->[39m [37mGET[39m [37m/wd/hub/session/87bcac98-4faf-4dea-8b19-7fac8288494b[39m
[35m[HTTP][39m [90m{}[39m
[35m[HTTP][39m [37m<-- GET /wd/hub/session/87bcac98-4faf-4dea-8b19-7fac8288494b [39m[32m200[39m [90m33 ms - 1133[39m
[35m[HTTP][39m [90m[39m
[35m[HTTP][39m [37m-->[39m [37mGET[39m [37m/wd/hub/session/87bcac98-4faf-4dea-8b19-7fac8288494b[39m
[35m[HTTP][39m [90m{}[39m
[35m[HTTP][39m [37m<-- GET /wd/hub/session/87bcac98-4faf-4dea-8b19-7fac8288494b [39m[32m200[39m [90m29 ms - 1133[39m
[35m[HTTP][39m [90m[39m
[35m[HTTP][39m [37m-->[39m [37mGET[39m [37m/wd/hub/session/87bcac98-4faf-4dea-8b19-7fac8288494b[39m
[35m[HTTP][39m [90m{}[39m
[35m[HTTP][39m [37m<-- GET /wd/hub/session/87bcac98-4faf-4dea-8b19-7fac8288494b [39m[32m200[39m [90m24 ms - 1133[39m
[35m[HTTP][39m [90m[39m
[35m[HTTP][39m [37m-->[39m [37mGET[39m [37m/wd/hub/session/87bcac98-4faf-4dea-8b19-7fac8288494b[39m
[35m[HTTP][39m [90m{}[39m
[35m[HTTP][39m [37m<-- GET /wd/hub/session/87bcac98-4faf-4dea-8b19-7fac8288494b [39m[32m200[39m [90m24 ms - 1133[39m
[35m[HTTP][39m [90m[39m
[35m[HTTP][39m [37m-->[39m [37mGET[39m [37m/wd/hub/session/87bcac98-4faf-4dea-8b19-7fac8288494b/element/87b6b213-aac7-48ec-94bb-3358ba0e83d6/location[39m
[35m[HTTP][39m [90m{}[39m
[35m[W3C][39m Driver proxy active, passing request on via HTTP proxy
[35m[JSONWP Proxy][39m Replacing sessionId 06eb1c67-0c93-4b9e-b4c2-8918200760eb with 87bcac98-4faf-4dea-8b19-7fac8288494b
[35m[HTTP][39m [37m<-- GET /wd/hub/session/87bcac98-4faf-4dea-8b19-7fac8288494b/element/87b6b213-aac7-48ec-94bb-3358ba0e83d6/location [39m[32m200[39m [90m49 ms - 89[39m
[35m[HTTP][39m [90m[39m
[35m[HTTP][39m [37m-->[39m [37mGET[39m [37m/wd/hub/session/87bcac98-4faf-4dea-8b19-7fac8288494b/element/87b6b213-aac7-48ec-94bb-3358ba0e83d6/text[39m
[35m[HTTP][39m [90m{}[39m
[35m[W3C][39m Driver proxy active, passing request on via HTTP proxy
[35m[JSONWP Proxy][39m Replacing sessionId 06eb1c67-0c93-4b9e-b4c2-8918200760eb with 87bcac98-4faf-4dea-8b19-7fac8288494b
[35m[HTTP][39m [37m<-- GET /wd/hub/session/87bcac98-4faf-4dea-8b19-7fac8288494b/element/87b6b213-aac7-48ec-94bb-3358ba0e83d6/text [39m[32m200[39m [90m72 ms - 104[39m
[35m[HTTP][39m [90m[39m
[35m[HTTP][39m [37m-->[39m [37mGET[39m [37m/wd/hub/session/87bcac98-4faf-4dea-8b19-7fac8288494b/window/current/size[39m
[35m[HTTP][39m [90m{}[39m
[35m[W3C][39m Driver proxy active, passing request on via HTTP proxy
[35m[JSONWP Proxy][39m Replacing sessionId 06eb1c67-0c93-4b9e-b4c2-8918200760eb with 87bcac98-4faf-4dea-8b19-7fac8288494b
[35m[HTTP][39m [37m<-- GET /wd/hub/session/87bcac98-4faf-4dea-8b19-7fac8288494b/window/current/size [39m[32m200[39m [90m37 ms - 100[39m
[35m[HTTP][39m [90m[39m
[35m[HTTP][39m [37m-->[39m [37mPOST[39m [37m/wd/hub/session/87bcac98-4faf-4dea-8b19-7fac8288494b/elements[39m
[35m[HTTP][39m [90m{"using":"-android uiautomator","value":"new UiSelector().className(\"android.widget.Button\").text(\"Vedi tutti\").resourceId(\"it.sky.msa:id/showAllCategoryButton\").instance(0)"}[39m
[35m[HTTP][39m [37m<-- POST /wd/hub/session/87bcac98-4faf-4dea-8b19-7fac8288494b/elements [39m[32m200[39m [90m113 ms - 124[39m
[35m[HTTP][39m [90m[39m
[35m[HTTP][39m [37m-->[39m [37mGET[39m [37m/wd/hub/session/87bcac98-4faf-4dea-8b19-7fac8288494b[39m
[35m[HTTP][39m [90m{}[39m
[35m[HTTP][39m [37m<-- GET /wd/hub/session/87bcac98-4faf-4dea-8b19-7fac8288494b [39m[32m200[39m [90m28 ms - 1133[39m
[35m[HTTP][39m [90m[39m
[35m[HTTP][39m [37m-->[39m [37mGET[39m [37m/wd/hub/session/87bcac98-4faf-4dea-8b19-7fac8288494b[39m
[35m[HTTP][39m [90m{}[39m
[35m[HTTP][39m [37m<-- GET /wd/hub/session/87bcac98-4faf-4dea-8b19-7fac8288494b [39m[32m200[39m [90m25 ms - 1133[39m
[35m[HTTP][39m [90m[39m
[35m[HTTP][39m [37m-->[39m [37mGET[39m [37m/wd/hub/session/87bcac98-4faf-4dea-8b19-7fac8288494b[39m
[35m[HTTP][39m [90m{}[39m
[35m[HTTP][39m [37m<-- GET /wd/hub/session/87bcac98-4faf-4dea-8b19-7fac8288494b [39m[32m200[39m [90m25 ms - 1133[39m
[35m[HTTP][39m [90m[39m
[35m[HTTP][39m [37m-->[39m [37mGET[39m [37m/wd/hub/session/87bcac98-4faf-4dea-8b19-7fac8288494b[39m
[35m[HTTP][39m [90m{}[39m
[35m[HTTP][39m [37m<-- GET /wd/hub/session/87bcac98-4faf-4dea-8b19-7fac8288494b [39m[32m200[39m [90m26 ms - 1133[39m
[35m[HTTP][39m [90m[39m
[35m[HTTP][39m [37m-->[39m [37mGET[39m [37m/wd/hub/session/87bcac98-4faf-4dea-8b19-7fac8288494b/element/cb8b97f6-2aa9-4ef3-84f7-f7a9f1063c33/location[39m
[35m[HTTP][39m [90m{}[39m
[35m[W3C][39m Driver proxy active, passing request on via HTTP proxy
[35m[JSONWP Proxy][39m Replacing sessionId 06eb1c67-0c93-4b9e-b4c2-8918200760eb with 87bcac98-4faf-4dea-8b19-7fac8288494b
[35m[HTTP][39m [37m<-- GET /wd/hub/session/87bcac98-4faf-4dea-8b19-7fac8288494b/element/cb8b97f6-2aa9-4ef3-84f7-f7a9f1063c33/location [39m[32m200[39m [90m49 ms - 90[39m
[35m[HTTP][39m [90m[39m
[35m[HTTP][39m [37m-->[39m [37mPOST[39m [37m/wd/hub/session/87bcac98-4faf-4dea-8b19-7fac8288494b/touch/perform[39m
[35m[HTTP][39m [90m{"actions":[{"action":"tap","options":{"element":"cb8b97f6-2aa9-4ef3-84f7-f7a9f1063c33","x":1,"y":1}}]}[39m
[35m[UiAutomator2][39m calling get location: cb8b97f6-2aa9-4ef3-84f7-f7a9f1063c33
[35m[HTTP][39m [37m<-- POST /wd/hub/session/87bcac98-4faf-4dea-8b19-7fac8288494b/touch/perform [39m[32m200[39m [90m953 ms - 76[39m
[35m[HTTP][39m [90m[39m
[35m[HTTP][39m [37m-->[39m [37mGET[39m [37m/wd/hub/session/87bcac98-4faf-4dea-8b19-7fac8288494b/window/current/size[39m
[35m[HTTP][39m [90m{}[39m
[35m[W3C][39m Driver proxy active, passing request on via HTTP proxy
[35m[JSONWP Proxy][39m Replacing sessionId 06eb1c67-0c93-4b9e-b4c2-8918200760eb with 87bcac98-4faf-4dea-8b19-7fac8288494b
[35m[HTTP][39m [37m<-- GET /wd/hub/session/87bcac98-4faf-4dea-8b19-7fac8288494b/window/current/size [39m[32m200[39m [90m42 ms - 100[39m
[35m[HTTP][39m [90m[39m
[35m[HTTP][39m [37m-->[39m [37mPOST[39m [37m/wd/hub/session/87bcac98-4faf-4dea-8b19-7fac8288494b/elements[39m
[35m[HTTP][39m [90m{"using":"-android uiautomator","value":"new UiSelector().className(\"android.widget.TextView\").resourceId(\"it.sky.msa:id/toolbarTitle\")"}[39m
[35m[HTTP][39m [37m<-- POST /wd/hub/session/87bcac98-4faf-4dea-8b19-7fac8288494b/elements [39m[32m200[39m [90m86 ms - 124[39m
[35m[HTTP][39m [90m[39m
[35m[HTTP][39m [37m-->[39m [37mGET[39m [37m/wd/hub/session/87bcac98-4faf-4dea-8b19-7fac8288494b[39m
[35m[HTTP][39m [90m{}[39m
[35m[HTTP][39m [37m<-- GET /wd/hub/session/87bcac98-4faf-4dea-8b19-7fac8288494b [39m[32m200[39m [90m24 ms - 1133[39m
[35m[HTTP][39m [90m[39m
[35m[HTTP][39m [37m-->[39m [37mGET[39m [37m/wd/hub/session/87bcac98-4faf-4dea-8b19-7fac8288494b[39m
[35m[HTTP][39m [90m{}[39m
[35m[HTTP][39m [37m<-- GET /wd/hub/session/87bcac98-4faf-4dea-8b19-7fac8288494b [39m[32m200[39m [90m22 ms - 1133[39m
[35m[HTTP][39m [90m[39m
[35m[HTTP][39m [37m-->[39m [37mGET[39m [37m/wd/hub/session/87bcac98-4faf-4dea-8b19-7fac8288494b[39m
[35m[HTTP][39m [90m{}[39m
[35m[HTTP][39m [37m<-- GET /wd/hub/session/87bcac98-4faf-4dea-8b19-7fac8288494b [39m[32m200[39m [90m26 ms - 1133[39m
[35m[HTTP][39m [90m[39m
[35m[HTTP][39m [37m-->[39m [37mGET[39m [37m/wd/hub/session/87bcac98-4faf-4dea-8b19-7fac8288494b[39m
[35m[HTTP][39m [90m{}[39m
[35m[HTTP][39m [37m<-- GET /wd/hub/session/87bcac98-4faf-4dea-8b19-7fac8288494b [39m[32m200[39m [90m25 ms - 1133[39m
[35m[HTTP][39m [90m[39m
[35m[HTTP][39m [37m-->[39m [37mGET[39m [37m/wd/hub/session/87bcac98-4faf-4dea-8b19-7fac8288494b/element/cbeb27f8-2b65-4f6d-b048-ab217438b208/location[39m
[35m[HTTP][39m [90m{}[39m
[35m[W3C][39m Driver proxy active, passing request on via HTTP proxy
[35m[JSONWP Proxy][39m Replacing sessionId 06eb1c67-0c93-4b9e-b4c2-8918200760eb with 87bcac98-4faf-4dea-8b19-7fac8288494b
[35m[HTTP][39m [37m<-- GET /wd/hub/session/87bcac98-4faf-4dea-8b19-7fac8288494b/element/cbeb27f8-2b65-4f6d-b048-ab217438b208/location [39m[32m200[39m [90m49 ms - 89[39m
[35m[HTTP][39m [90m[39m
[35m[HTTP][39m [37m-->[39m [37mGET[39m [37m/wd/hub/session/87bcac98-4faf-4dea-8b19-7fac8288494b/element/cbeb27f8-2b65-4f6d-b048-ab217438b208/text[39m
[35m[HTTP][39m [90m{}[39m
[35m[W3C][39m Driver proxy active, passing request on via HTTP proxy
[35m[JSONWP Proxy][39m Replacing sessionId 06eb1c67-0c93-4b9e-b4c2-8918200760eb with 87bcac98-4faf-4dea-8b19-7fac8288494b
[35m[HTTP][39m [37m<-- GET /wd/hub/session/87bcac98-4faf-4dea-8b19-7fac8288494b/element/cbeb27f8-2b65-4f6d-b048-ab217438b208/text [39m[32m200[39m [90m60 ms - 104[39m
[35m[HTTP][39m [90m[39m
[35m[HTTP][39m [37m-->[39m [37mGET[39m [37m/wd/hub/session/87bcac98-4faf-4dea-8b19-7fac8288494b/window/current/size[39m
[35m[HTTP][39m [90m{}[39m
[35m[W3C][39m Driver proxy active, passing request on via HTTP proxy
[35m[JSONWP Proxy][39m Replacing sessionId 06eb1c67-0c93-4b9e-b4c2-8918200760eb with 87bcac98-4faf-4dea-8b19-7fac8288494b
[35m[HTTP][39m [37m<-- GET /wd/hub/session/87bcac98-4faf-4dea-8b19-7fac8288494b/window/current/size [39m[32m200[39m [90m45 ms - 100[39m
[35m[HTTP][39m [90m[39m
[35m[HTTP][39m [37m-->[39m [37mPOST[39m [37m/wd/hub/session/87bcac98-4faf-4dea-8b19-7fac8288494b/elements[39m
[35m[HTTP][39m [90m{"using":"-android uiautomator","value":"new UiSelector().className(\"android.widget.ImageButton\").instance(0)"}[39m
[35m[HTTP][39m [37m<-- POST /wd/hub/session/87bcac98-4faf-4dea-8b19-7fac8288494b/elements [39m[32m200[39m [90m590 ms - 124[39m
[35m[HTTP][39m [90m[39m
[35m[HTTP][39m [37m-->[39m [37mGET[39m [37m/wd/hub/session/87bcac98-4faf-4dea-8b19-7fac8288494b[39m
[35m[HTTP][39m [90m{}[39m
[35m[HTTP][39m [37m<-- GET /wd/hub/session/87bcac98-4faf-4dea-8b19-7fac8288494b [39m[32m200[39m [90m31 ms - 1133[39m
[35m[HTTP][39m [90m[39m
[35m[HTTP][39m [37m-->[39m [37mGET[39m [37m/wd/hub/session/87bcac98-4faf-4dea-8b19-7fac8288494b[39m
[35m[HTTP][39m [90m{}[39m
[35m[HTTP][39m [37m<-- GET /wd/hub/session/87bcac98-4faf-4dea-8b19-7fac8288494b [39m[32m200[39m [90m24 ms - 1133[39m
[35m[HTTP][39m [90m[39m
[35m[HTTP][39m [37m-->[39m [37mGET[39m [37m/wd/hub/session/87bcac98-4faf-4dea-8b19-7fac8288494b[39m
[35m[HTTP][39m [90m{}[39m
[35m[HTTP][39m [37m<-- GET /wd/hub/session/87bcac98-4faf-4dea-8b19-7fac8288494b [39m[32m200[39m [90m34 ms - 1133[39m
[35m[HTTP][39m [90m[39m
[35m[HTTP][39m [37m-->[39m [37mGET[39m [37m/wd/hub/session/87bcac98-4faf-4dea-8b19-7fac8288494b[39m
[35m[HTTP][39m [90m{}[39m
[35m[HTTP][39m [37m<-- GET /wd/hub/session/87bcac98-4faf-4dea-8b19-7fac8288494b [39m[32m200[39m [90m23 ms - 1133[39m
[35m[HTTP][39m [90m[39m
[35m[HTTP][39m [37m-->[39m [37mGET[39m [37m/wd/hub/session/87bcac98-4faf-4dea-8b19-7fac8288494b/element/d4cc616b-32ba-4ddb-9be2-1e9fc390c1d9/location[39m
[35m[HTTP][39m [90m{}[39m
[35m[W3C][39m Driver proxy active, passing request on via HTTP proxy
[35m[JSONWP Proxy][39m Replacing sessionId 06eb1c67-0c93-4b9e-b4c2-8918200760eb with 87bcac98-4faf-4dea-8b19-7fac8288494b
[35m[HTTP][39m [37m<-- GET /wd/hub/session/87bcac98-4faf-4dea-8b19-7fac8288494b/element/d4cc616b-32ba-4ddb-9be2-1e9fc390c1d9/location [39m[32m200[39m [90m65 ms - 86[39m
[35m[HTTP][39m [90m[39m
[35m[HTTP][39m [37m-->[39m [37mPOST[39m [37m/wd/hub/session/87bcac98-4faf-4dea-8b19-7fac8288494b/touch/perform[39m
[35m[HTTP][39m [90m{"actions":[{"action":"tap","options":{"element":"d4cc616b-32ba-4ddb-9be2-1e9fc390c1d9","x":1,"y":1}}]}[39m
[35m[UiAutomator2][39m calling get location: d4cc616b-32ba-4ddb-9be2-1e9fc390c1d9
[35m[HTTP][39m [37m<-- POST /wd/hub/session/87bcac98-4faf-4dea-8b19-7fac8288494b/touch/perform [39m[32m200[39m [90m966 ms - 76[39m
[35m[HTTP][39m [90m[39m
[35m[HTTP][39m [37m-->[39m [37mDELETE[39m [37m/wd/hub/session/87bcac98-4faf-4dea-8b19-7fac8288494b[39m
[35m[HTTP][39m [90m{}[39m
[35m[Appium][39m Removing session 87bcac98-4faf-4dea-8b19-7fac8288494b from our master session list
[35m[HTTP][39m [37m<-- DELETE /wd/hub/session/87bcac98-4faf-4dea-8b19-7fac8288494b [39m[32m200[39m [90m308 ms - 76[39m
[35m[HTTP][39m [90m[39m
