[35m[Appium][39m Welcome to Appium v1.8.1
[35m[Appium][39m Non-default server args:
[35m[Appium][39m   port: 60615
[35m[Appium][39m   loglevel: info
[35m[Appium][39m   chromeDriverPort: 60616
[35m[Appium][39m   tmpDir: C:\Users\marco\AppData\Local\Temp\\Katalon\Appium\Temp1551200079821
[35m[Appium][39m Appium REST http interface listener started on 0.0.0.0:60615
[35m[HTTP][39m [37m-->[39m [37mGET[39m [37m/wd/hub/status[39m
[35m[HTTP][39m [90m{}[39m
[35m[HTTP][39m [37m<-- GET /wd/hub/status [39m[32m200[39m [90m53 ms - 83[39m
[35m[HTTP][39m [90m[39m
[35m[HTTP][39m [37m-->[39m [37mPOST[39m [37m/wd/hub/session[39m
[35m[HTTP][39m [90m{"desiredCapabilities":{"app":"C:\\Users\\MSA-testautomation\\59.apk","autoGrantPermissions":true,"automationName":"uiautomator2","deviceName":"samsung SM-G935F (Android 8.0.0)","fullReset":false,"newCommandTimeout":1800,"noReset":true,"platform":"ANDROID","platformName":"Android","udid":"9885f7504651473733"},"capabilities":{"desiredCapabilities":{"app":"C:\\Users\\MSA-testautomation\\59.apk","autoGrantPermissions":true,"automationName":"uiautomator2","deviceName":"samsung SM-G935F (Android 8.0.0)","fullReset":false,"newCommandTimeout":1800,"noReset":true,"platform":"ANDROID","platformName":"Android","udid":"9885f7504651473733"},"firstMatch":[{"platformName":"android"}]}}[39m
[35m[Appium][39m Could not parse W3C capabilities: 'deviceName' can't be blank. Falling back to JSONWP protocol.
[35m[Appium][39m The following capabilities were provided in the JSONWP desired capabilities that are missing in W3C capabilities: ["app","autoGrantPermissions","automationName","deviceName","fullReset","newCommandTimeout","noReset","platform","platformName","udid"]. Falling back to JSONWP protocol.
[35m[Appium][39m Creating new AndroidUiautomator2Driver (v1.12.0) session
[35m[Appium][39m Capabilities:
[35m[Appium][39m   app: C:\Users\MSA-testautomation\59.apk
[35m[Appium][39m   autoGrantPermissions: true
[35m[Appium][39m   automationName: uiautomator2
[35m[Appium][39m   deviceName: samsung SM-G935F (Android 8.0.0)
[35m[Appium][39m   fullReset: false
[35m[Appium][39m   newCommandTimeout: 1800
[35m[Appium][39m   noReset: true
[35m[Appium][39m   platform: ANDROID
[35m[Appium][39m   platformName: Android
[35m[Appium][39m   udid: 9885f7504651473733
[35m[BaseDriver][39m The following capabilities were provided, but are not recognized by appium: platform.
[35m[BaseDriver][39m Session created with session id: d8b3fe85-4d8a-40c7-a99e-42cc4dd4ace0
[35m[BaseDriver][39m Using local app 'C:\Users\MSA-testautomation\59.apk'
[35m[AndroidDriver][39m Java version is: 1.8.0_181
[35m[ADB][39m Checking whether adb is present
[35m[ADB][39m Found 1 'build-tools' folders under 'C:\Users\marco\.katalon\tools\android_sdk' (newest first):
[35m[ADB][39m     C:/Users/marco/.katalon/tools/android_sdk/build-tools/28.0.3
[35m[ADB][39m Using adb.exe from C:\Users\marco\.katalon\tools\android_sdk\platform-tools\adb.exe
[35m[AndroidDriver][39m Retrieving device list
[35m[AndroidDriver][39m Using device: 9885f7504651473733
[35m[ADB][39m Using the alternative activity name detection method because of: Could not find apkanalyzer.bat in C:\Users\marco\.katalon\tools\android_sdk\platform-tools\apkanalyzer.bat,C:\Users\marco\.katalon\tools\android_sdk\emulator\apkanalyzer.bat,C:\Users\marco\.katalon\tools\android_sdk\tools\apkanalyzer.bat,C:\Users\marco\.katalon\tools\android_sdk\tools\bin\apkanalyzer.bat,C:\Users\marco\.katalon\tools\android_sdk\build-tools\28.0.3\apkanalyzer.bat. Do you have the Android SDK installed at 'C:\Users\marco\.katalon\tools\android_sdk'?
[35m[ADB][39m Checking whether aapt is present
[35m[ADB][39m Using aapt.exe from C:\Users\marco\.katalon\tools\android_sdk\build-tools\28.0.3\aapt.exe
[35m[ADB][39m Extracting package and launch activity from manifest
[35m[ADB][39m Package name: 'it.sky.msa'
[35m[ADB][39m Main activity name: 'it.sky.msa.welcome.SplashActivity'
[35m[ADB][39m Getting device platform version
[35m[ADB][39m Using apksigner.bat from C:\Users\marco\.katalon\tools\android_sdk\build-tools\28.0.3\apksigner.bat
[35m[ADB][39m Checking whether zipalign is present
[35m[ADB][39m Using zipalign.exe from C:\Users\marco\.katalon\tools\android_sdk\build-tools\28.0.3\zipalign.exe
[35m[ADB][39m io.appium.uiautomator2.server was successfully uninstalled
[35m[ADB][39m io.appium.uiautomator2.server.test was successfully uninstalled
[35m[AndroidDriver][39m setDeviceLanguageCountry requires language or country.
[35m[AndroidDriver][39m Got language: 'null' and country: 'null'
[35m[ADB][39m Successfully extracted 218 strings from 'C:\Users\MSA-testautomation\59.apk' resources for '(default)' configuration
[35m[UiAutomator2][39m Starting uiautomator2 server 1.12.0
[35m[UiAutomator2][39m Using UIAutomator2 server from 'C:\Users\marco\AppData\Roaming\npm\node_modules\appium\node_modules\appium-uiautomator2-server\apks\appium-uiautomator2-server-v1.12.0.apk' and test from 'C:\Users\marco\AppData\Roaming\npm\node_modules\appium\node_modules\appium-uiautomator2-server\apks\appium-uiautomator2-server-debug-androidTest.apk'
[35m[UiAutomator2][39m Running command: 'adb -s 9885f7504651473733 shell am instrument -w io.appium.uiautomator2.server.test/android.support.test.runner.AndroidJUnitRunner'
[35m[UiAutomator2][39m Waiting up to 20000ms for UiAutomator2 to be online...
[35m[AndroidDriver][39m Screen already unlocked, doing nothing
[35m[UiAutomator2][39m UiAutomator2 did not start the activity we were waiting for, 'it.sky.msa/it.sky.msa.welcome.SplashActivity'. Starting it ourselves
[35m[Appium][39m New AndroidUiautomator2Driver session created successfully, session d8b3fe85-4d8a-40c7-a99e-42cc4dd4ace0 added to master session list
[35m[HTTP][39m [37m<-- POST /wd/hub/session [39m[32m200[39m [90m21593 ms - 1133[39m
[35m[HTTP][39m [90m[39m
[35m[HTTP][39m [37m-->[39m [37mGET[39m [37m/wd/hub/status[39m
[35m[HTTP][39m [90m{}[39m
[35m[HTTP][39m [37m<-- GET /wd/hub/status [39m[32m200[39m [90m60 ms - 55[39m
[35m[HTTP][39m [90m[39m
[35m[HTTP][39m [37m-->[39m [37mPOST[39m [37m/wd/hub/session/d8b3fe85-4d8a-40c7-a99e-42cc4dd4ace0/timeouts[39m
[35m[HTTP][39m [90m{"type":"implicit","ms":30000}[39m
[35m[HTTP][39m [37m<-- POST /wd/hub/session/d8b3fe85-4d8a-40c7-a99e-42cc4dd4ace0/timeouts [39m[33m400[39m [90m22 ms - 5204[39m
[35m[HTTP][39m [90m[39m
[35m[HTTP][39m [37m-->[39m [37mGET[39m [37m/wd/hub/session/d8b3fe85-4d8a-40c7-a99e-42cc4dd4ace0/window/current/size[39m
[35m[HTTP][39m [90m{}[39m
[35m[W3C][39m Driver proxy active, passing request on via HTTP proxy
[35m[JSONWP Proxy][39m Replacing sessionId d7fa93ad-1f80-4e96-a482-8fa66fc5edbf with d8b3fe85-4d8a-40c7-a99e-42cc4dd4ace0
[35m[HTTP][39m [37m<-- GET /wd/hub/session/d8b3fe85-4d8a-40c7-a99e-42cc4dd4ace0/window/current/size [39m[32m200[39m [90m252 ms - 100[39m
[35m[HTTP][39m [90m[39m
[35m[HTTP][39m [37m-->[39m [37mPOST[39m [37m/wd/hub/session/d8b3fe85-4d8a-40c7-a99e-42cc4dd4ace0/elements[39m
[35m[HTTP][39m [90m{"using":"-android uiautomator","value":"new UiSelector().className(\"android.widget.TextView\").text(\"Guida TV\").resourceId(\"it.sky.msa:id/title\").instance(5)"}[39m
[35m[HTTP][39m [37m<-- POST /wd/hub/session/d8b3fe85-4d8a-40c7-a99e-42cc4dd4ace0/elements [39m[32m200[39m [90m156 ms - 74[39m
[35m[HTTP][39m [90m[39m
[35m[HTTP][39m [37m-->[39m [37mPOST[39m [37m/wd/hub/session/d8b3fe85-4d8a-40c7-a99e-42cc4dd4ace0/elements[39m
[35m[HTTP][39m [90m{"using":"-android uiautomator","value":"new UiSelector().className(\"android.widget.TextView\").text(\"Guida TV\").resourceId(\"it.sky.msa:id/title\").instance(5)"}[39m
[35m[HTTP][39m [37m<-- POST /wd/hub/session/d8b3fe85-4d8a-40c7-a99e-42cc4dd4ace0/elements [39m[32m200[39m [90m67 ms - 74[39m
[35m[HTTP][39m [90m[39m
[35m[HTTP][39m [37m-->[39m [37mPOST[39m [37m/wd/hub/session/d8b3fe85-4d8a-40c7-a99e-42cc4dd4ace0/elements[39m
[35m[HTTP][39m [90m{"using":"-android uiautomator","value":"new UiSelector().className(\"android.widget.TextView\").text(\"Guida TV\").resourceId(\"it.sky.msa:id/title\").instance(5)"}[39m
[35m[HTTP][39m [37m<-- POST /wd/hub/session/d8b3fe85-4d8a-40c7-a99e-42cc4dd4ace0/elements [39m[32m200[39m [90m69 ms - 74[39m
[35m[HTTP][39m [90m[39m
[35m[HTTP][39m [37m-->[39m [37mPOST[39m [37m/wd/hub/session/d8b3fe85-4d8a-40c7-a99e-42cc4dd4ace0/elements[39m
[35m[HTTP][39m [90m{"using":"-android uiautomator","value":"new UiSelector().className(\"android.widget.TextView\").text(\"Guida TV\").resourceId(\"it.sky.msa:id/title\").instance(5)"}[39m
[35m[HTTP][39m [37m<-- POST /wd/hub/session/d8b3fe85-4d8a-40c7-a99e-42cc4dd4ace0/elements [39m[32m200[39m [90m71 ms - 74[39m
[35m[HTTP][39m [90m[39m
[35m[HTTP][39m [37m-->[39m [37mPOST[39m [37m/wd/hub/session/d8b3fe85-4d8a-40c7-a99e-42cc4dd4ace0/elements[39m
[35m[HTTP][39m [90m{"using":"-android uiautomator","value":"new UiSelector().className(\"android.widget.TextView\").text(\"Guida TV\").resourceId(\"it.sky.msa:id/title\").instance(5)"}[39m
[35m[HTTP][39m [37m<-- POST /wd/hub/session/d8b3fe85-4d8a-40c7-a99e-42cc4dd4ace0/elements [39m[32m200[39m [90m63 ms - 74[39m
[35m[HTTP][39m [90m[39m
[35m[HTTP][39m [37m-->[39m [37mPOST[39m [37m/wd/hub/session/d8b3fe85-4d8a-40c7-a99e-42cc4dd4ace0/elements[39m
[35m[HTTP][39m [90m{"using":"-android uiautomator","value":"new UiSelector().className(\"android.widget.TextView\").text(\"Guida TV\").resourceId(\"it.sky.msa:id/title\").instance(5)"}[39m
[35m[HTTP][39m [37m<-- POST /wd/hub/session/d8b3fe85-4d8a-40c7-a99e-42cc4dd4ace0/elements [39m[32m200[39m [90m67 ms - 74[39m
[35m[HTTP][39m [90m[39m
[35m[HTTP][39m [37m-->[39m [37mPOST[39m [37m/wd/hub/session/d8b3fe85-4d8a-40c7-a99e-42cc4dd4ace0/elements[39m
[35m[HTTP][39m [90m{"using":"-android uiautomator","value":"new UiSelector().className(\"android.widget.TextView\").text(\"Guida TV\").resourceId(\"it.sky.msa:id/title\").instance(5)"}[39m
[35m[HTTP][39m [37m<-- POST /wd/hub/session/d8b3fe85-4d8a-40c7-a99e-42cc4dd4ace0/elements [39m[32m200[39m [90m66 ms - 74[39m
[35m[HTTP][39m [90m[39m
[35m[HTTP][39m [37m-->[39m [37mPOST[39m [37m/wd/hub/session/d8b3fe85-4d8a-40c7-a99e-42cc4dd4ace0/elements[39m
[35m[HTTP][39m [90m{"using":"-android uiautomator","value":"new UiSelector().className(\"android.widget.TextView\").text(\"Guida TV\").resourceId(\"it.sky.msa:id/title\").instance(5)"}[39m
[35m[HTTP][39m [37m<-- POST /wd/hub/session/d8b3fe85-4d8a-40c7-a99e-42cc4dd4ace0/elements [39m[32m200[39m [90m73 ms - 74[39m
[35m[HTTP][39m [90m[39m
[35m[HTTP][39m [37m-->[39m [37mPOST[39m [37m/wd/hub/session/d8b3fe85-4d8a-40c7-a99e-42cc4dd4ace0/elements[39m
[35m[HTTP][39m [90m{"using":"-android uiautomator","value":"new UiSelector().className(\"android.widget.TextView\").text(\"Guida TV\").resourceId(\"it.sky.msa:id/title\").instance(5)"}[39m
[35m[HTTP][39m [37m<-- POST /wd/hub/session/d8b3fe85-4d8a-40c7-a99e-42cc4dd4ace0/elements [39m[32m200[39m [90m63 ms - 74[39m
[35m[HTTP][39m [90m[39m
[35m[HTTP][39m [37m-->[39m [37mPOST[39m [37m/wd/hub/session/d8b3fe85-4d8a-40c7-a99e-42cc4dd4ace0/elements[39m
[35m[HTTP][39m [90m{"using":"-android uiautomator","value":"new UiSelector().className(\"android.widget.TextView\").text(\"Guida TV\").resourceId(\"it.sky.msa:id/title\").instance(5)"}[39m
[35m[HTTP][39m [37m<-- POST /wd/hub/session/d8b3fe85-4d8a-40c7-a99e-42cc4dd4ace0/elements [39m[32m200[39m [90m68 ms - 74[39m
[35m[HTTP][39m [90m[39m
[35m[HTTP][39m [37m-->[39m [37mPOST[39m [37m/wd/hub/session/d8b3fe85-4d8a-40c7-a99e-42cc4dd4ace0/elements[39m
[35m[HTTP][39m [90m{"using":"-android uiautomator","value":"new UiSelector().className(\"android.widget.TextView\").text(\"Guida TV\").resourceId(\"it.sky.msa:id/title\").instance(5)"}[39m
[35m[HTTP][39m [37m<-- POST /wd/hub/session/d8b3fe85-4d8a-40c7-a99e-42cc4dd4ace0/elements [39m[32m200[39m [90m86 ms - 74[39m
[35m[HTTP][39m [90m[39m
[35m[HTTP][39m [37m-->[39m [37mPOST[39m [37m/wd/hub/session/d8b3fe85-4d8a-40c7-a99e-42cc4dd4ace0/elements[39m
[35m[HTTP][39m [90m{"using":"-android uiautomator","value":"new UiSelector().className(\"android.widget.TextView\").text(\"Guida TV\").resourceId(\"it.sky.msa:id/title\").instance(5)"}[39m
[35m[HTTP][39m [37m<-- POST /wd/hub/session/d8b3fe85-4d8a-40c7-a99e-42cc4dd4ace0/elements [39m[32m200[39m [90m73 ms - 74[39m
[35m[HTTP][39m [90m[39m
[35m[HTTP][39m [37m-->[39m [37mPOST[39m [37m/wd/hub/session/d8b3fe85-4d8a-40c7-a99e-42cc4dd4ace0/elements[39m
[35m[HTTP][39m [90m{"using":"-android uiautomator","value":"new UiSelector().className(\"android.widget.TextView\").text(\"Guida TV\").resourceId(\"it.sky.msa:id/title\").instance(5)"}[39m
[35m[HTTP][39m [37m<-- POST /wd/hub/session/d8b3fe85-4d8a-40c7-a99e-42cc4dd4ace0/elements [39m[32m200[39m [90m76 ms - 74[39m
[35m[HTTP][39m [90m[39m
[35m[HTTP][39m [37m-->[39m [37mPOST[39m [37m/wd/hub/session/d8b3fe85-4d8a-40c7-a99e-42cc4dd4ace0/elements[39m
[35m[HTTP][39m [90m{"using":"-android uiautomator","value":"new UiSelector().className(\"android.widget.TextView\").text(\"Guida TV\").resourceId(\"it.sky.msa:id/title\").instance(5)"}[39m
[35m[HTTP][39m [37m<-- POST /wd/hub/session/d8b3fe85-4d8a-40c7-a99e-42cc4dd4ace0/elements [39m[32m200[39m [90m67 ms - 74[39m
[35m[HTTP][39m [90m[39m
[35m[HTTP][39m [37m-->[39m [37mPOST[39m [37m/wd/hub/session/d8b3fe85-4d8a-40c7-a99e-42cc4dd4ace0/elements[39m
[35m[HTTP][39m [90m{"using":"-android uiautomator","value":"new UiSelector().className(\"android.widget.TextView\").text(\"Guida TV\").resourceId(\"it.sky.msa:id/title\").instance(5)"}[39m
[35m[HTTP][39m [37m<-- POST /wd/hub/session/d8b3fe85-4d8a-40c7-a99e-42cc4dd4ace0/elements [39m[32m200[39m [90m74 ms - 74[39m
[35m[HTTP][39m [90m[39m
[35m[HTTP][39m [37m-->[39m [37mPOST[39m [37m/wd/hub/session/d8b3fe85-4d8a-40c7-a99e-42cc4dd4ace0/elements[39m
[35m[HTTP][39m [90m{"using":"-android uiautomator","value":"new UiSelector().className(\"android.widget.TextView\").text(\"Guida TV\").resourceId(\"it.sky.msa:id/title\").instance(5)"}[39m
[35m[HTTP][39m [37m<-- POST /wd/hub/session/d8b3fe85-4d8a-40c7-a99e-42cc4dd4ace0/elements [39m[32m200[39m [90m93 ms - 74[39m
[35m[HTTP][39m [90m[39m
[35m[HTTP][39m [37m-->[39m [37mPOST[39m [37m/wd/hub/session/d8b3fe85-4d8a-40c7-a99e-42cc4dd4ace0/elements[39m
[35m[HTTP][39m [90m{"using":"-android uiautomator","value":"new UiSelector().className(\"android.widget.TextView\").text(\"Guida TV\").resourceId(\"it.sky.msa:id/title\").instance(5)"}[39m
[35m[HTTP][39m [37m<-- POST /wd/hub/session/d8b3fe85-4d8a-40c7-a99e-42cc4dd4ace0/elements [39m[32m200[39m [90m50 ms - 74[39m
[35m[HTTP][39m [90m[39m
[35m[HTTP][39m [37m-->[39m [37mPOST[39m [37m/wd/hub/session/d8b3fe85-4d8a-40c7-a99e-42cc4dd4ace0/elements[39m
[35m[HTTP][39m [90m{"using":"-android uiautomator","value":"new UiSelector().className(\"android.widget.TextView\").text(\"Guida TV\").resourceId(\"it.sky.msa:id/title\").instance(5)"}[39m
[35m[HTTP][39m [37m<-- POST /wd/hub/session/d8b3fe85-4d8a-40c7-a99e-42cc4dd4ace0/elements [39m[32m200[39m [90m882 ms - 124[39m
[35m[HTTP][39m [90m[39m
[35m[HTTP][39m [37m-->[39m [37mGET[39m [37m/wd/hub/session/d8b3fe85-4d8a-40c7-a99e-42cc4dd4ace0[39m
[35m[HTTP][39m [90m{}[39m
[35m[HTTP][39m [37m<-- GET /wd/hub/session/d8b3fe85-4d8a-40c7-a99e-42cc4dd4ace0 [39m[32m200[39m [90m37 ms - 1133[39m
[35m[HTTP][39m [90m[39m
[35m[HTTP][39m [37m-->[39m [37mGET[39m [37m/wd/hub/session/d8b3fe85-4d8a-40c7-a99e-42cc4dd4ace0[39m
[35m[HTTP][39m [90m{}[39m
[35m[HTTP][39m [37m<-- GET /wd/hub/session/d8b3fe85-4d8a-40c7-a99e-42cc4dd4ace0 [39m[32m200[39m [90m30 ms - 1133[39m
[35m[HTTP][39m [90m[39m
[35m[HTTP][39m [37m-->[39m [37mGET[39m [37m/wd/hub/session/d8b3fe85-4d8a-40c7-a99e-42cc4dd4ace0[39m
[35m[HTTP][39m [90m{}[39m
[35m[HTTP][39m [37m<-- GET /wd/hub/session/d8b3fe85-4d8a-40c7-a99e-42cc4dd4ace0 [39m[32m200[39m [90m30 ms - 1133[39m
[35m[HTTP][39m [90m[39m
[35m[HTTP][39m [37m-->[39m [37mGET[39m [37m/wd/hub/session/d8b3fe85-4d8a-40c7-a99e-42cc4dd4ace0[39m
[35m[HTTP][39m [90m{}[39m
[35m[HTTP][39m [37m<-- GET /wd/hub/session/d8b3fe85-4d8a-40c7-a99e-42cc4dd4ace0 [39m[32m200[39m [90m43 ms - 1133[39m
[35m[HTTP][39m [90m[39m
[35m[HTTP][39m [37m-->[39m [37mGET[39m [37m/wd/hub/session/d8b3fe85-4d8a-40c7-a99e-42cc4dd4ace0/element/213dcd5c-a1fc-425c-aec7-f46b2c0e117a/location[39m
[35m[HTTP][39m [90m{}[39m
[35m[W3C][39m Driver proxy active, passing request on via HTTP proxy
[35m[JSONWP Proxy][39m Replacing sessionId d7fa93ad-1f80-4e96-a482-8fa66fc5edbf with d8b3fe85-4d8a-40c7-a99e-42cc4dd4ace0
[35m[HTTP][39m [37m<-- GET /wd/hub/session/d8b3fe85-4d8a-40c7-a99e-42cc4dd4ace0/element/213dcd5c-a1fc-425c-aec7-f46b2c0e117a/location [39m[32m200[39m [90m71 ms - 90[39m
[35m[HTTP][39m [90m[39m
[35m[HTTP][39m [37m-->[39m [37mPOST[39m [37m/wd/hub/session/d8b3fe85-4d8a-40c7-a99e-42cc4dd4ace0/touch/perform[39m
[35m[HTTP][39m [90m{"actions":[{"action":"tap","options":{"element":"213dcd5c-a1fc-425c-aec7-f46b2c0e117a","x":1,"y":1}}]}[39m
[35m[UiAutomator2][39m calling get location: 213dcd5c-a1fc-425c-aec7-f46b2c0e117a
[35m[HTTP][39m [37m<-- POST /wd/hub/session/d8b3fe85-4d8a-40c7-a99e-42cc4dd4ace0/touch/perform [39m[32m200[39m [90m1115 ms - 76[39m
[35m[HTTP][39m [90m[39m
[35m[HTTP][39m [37m-->[39m [37mGET[39m [37m/wd/hub/session/d8b3fe85-4d8a-40c7-a99e-42cc4dd4ace0/window/current/size[39m
[35m[HTTP][39m [90m{}[39m
[35m[W3C][39m Driver proxy active, passing request on via HTTP proxy
[35m[JSONWP Proxy][39m Replacing sessionId d7fa93ad-1f80-4e96-a482-8fa66fc5edbf with d8b3fe85-4d8a-40c7-a99e-42cc4dd4ace0
[35m[HTTP][39m [37m<-- GET /wd/hub/session/d8b3fe85-4d8a-40c7-a99e-42cc4dd4ace0/window/current/size [39m[32m200[39m [90m43 ms - 100[39m
[35m[HTTP][39m [90m[39m
[35m[HTTP][39m [37m-->[39m [37mPOST[39m [37m/wd/hub/session/d8b3fe85-4d8a-40c7-a99e-42cc4dd4ace0/elements[39m
[35m[HTTP][39m [90m{"using":"-android uiautomator","value":"new UiSelector().className(\"android.widget.TextView\").text(\"GUIDA TV\").resourceId(\"it.sky.msa:id/headerTitle\").instance(0)"}[39m
[35m[HTTP][39m [37m<-- POST /wd/hub/session/d8b3fe85-4d8a-40c7-a99e-42cc4dd4ace0/elements [39m[32m200[39m [90m2670 ms - 124[39m
[35m[HTTP][39m [90m[39m
[35m[HTTP][39m [37m-->[39m [37mGET[39m [37m/wd/hub/session/d8b3fe85-4d8a-40c7-a99e-42cc4dd4ace0[39m
[35m[HTTP][39m [90m{}[39m
[35m[HTTP][39m [37m<-- GET /wd/hub/session/d8b3fe85-4d8a-40c7-a99e-42cc4dd4ace0 [39m[32m200[39m [90m34 ms - 1133[39m
[35m[HTTP][39m [90m[39m
[35m[HTTP][39m [37m-->[39m [37mGET[39m [37m/wd/hub/session/d8b3fe85-4d8a-40c7-a99e-42cc4dd4ace0[39m
[35m[HTTP][39m [90m{}[39m
[35m[HTTP][39m [37m<-- GET /wd/hub/session/d8b3fe85-4d8a-40c7-a99e-42cc4dd4ace0 [39m[32m200[39m [90m41 ms - 1133[39m
[35m[HTTP][39m [90m[39m
[35m[HTTP][39m [37m-->[39m [37mGET[39m [37m/wd/hub/session/d8b3fe85-4d8a-40c7-a99e-42cc4dd4ace0[39m
[35m[HTTP][39m [90m{}[39m
[35m[HTTP][39m [37m<-- GET /wd/hub/session/d8b3fe85-4d8a-40c7-a99e-42cc4dd4ace0 [39m[32m200[39m [90m29 ms - 1133[39m
[35m[HTTP][39m [90m[39m
[35m[HTTP][39m [37m-->[39m [37mGET[39m [37m/wd/hub/session/d8b3fe85-4d8a-40c7-a99e-42cc4dd4ace0[39m
[35m[HTTP][39m [90m{}[39m
[35m[HTTP][39m [37m<-- GET /wd/hub/session/d8b3fe85-4d8a-40c7-a99e-42cc4dd4ace0 [39m[32m200[39m [90m27 ms - 1133[39m
[35m[HTTP][39m [90m[39m
[35m[HTTP][39m [37m-->[39m [37mGET[39m [37m/wd/hub/session/d8b3fe85-4d8a-40c7-a99e-42cc4dd4ace0/element/61cc618a-4d40-407c-a202-b38dbe511390/location[39m
[35m[HTTP][39m [90m{}[39m
[35m[W3C][39m Driver proxy active, passing request on via HTTP proxy
[35m[JSONWP Proxy][39m Replacing sessionId d7fa93ad-1f80-4e96-a482-8fa66fc5edbf with d8b3fe85-4d8a-40c7-a99e-42cc4dd4ace0
[35m[HTTP][39m [37m<-- GET /wd/hub/session/d8b3fe85-4d8a-40c7-a99e-42cc4dd4ace0/element/61cc618a-4d40-407c-a202-b38dbe511390/location [39m[32m200[39m [90m780 ms - 88[39m
[35m[HTTP][39m [90m[39m
[35m[HTTP][39m [37m-->[39m [37mGET[39m [37m/wd/hub/session/d8b3fe85-4d8a-40c7-a99e-42cc4dd4ace0/window/current/size[39m
[35m[HTTP][39m [90m{}[39m
[35m[W3C][39m Driver proxy active, passing request on via HTTP proxy
[35m[JSONWP Proxy][39m Replacing sessionId d7fa93ad-1f80-4e96-a482-8fa66fc5edbf with d8b3fe85-4d8a-40c7-a99e-42cc4dd4ace0
[35m[HTTP][39m [37m<-- GET /wd/hub/session/d8b3fe85-4d8a-40c7-a99e-42cc4dd4ace0/window/current/size [39m[32m200[39m [90m38 ms - 100[39m
[35m[HTTP][39m [90m[39m
[35m[HTTP][39m [37m-->[39m [37mPOST[39m [37m/wd/hub/session/d8b3fe85-4d8a-40c7-a99e-42cc4dd4ace0/elements[39m
[35m[HTTP][39m [90m{"using":"-android uiautomator","value":"new UiSelector().className(\"android.widget.ImageView\").resourceId(\"it.sky.msa:id/heroImageImageView\").instance(0)"}[39m
[35m[HTTP][39m [37m<-- POST /wd/hub/session/d8b3fe85-4d8a-40c7-a99e-42cc4dd4ace0/elements [39m[32m200[39m [90m146 ms - 124[39m
[35m[HTTP][39m [90m[39m
[35m[HTTP][39m [37m-->[39m [37mGET[39m [37m/wd/hub/session/d8b3fe85-4d8a-40c7-a99e-42cc4dd4ace0[39m
[35m[HTTP][39m [90m{}[39m
[35m[HTTP][39m [37m<-- GET /wd/hub/session/d8b3fe85-4d8a-40c7-a99e-42cc4dd4ace0 [39m[32m200[39m [90m29 ms - 1133[39m
[35m[HTTP][39m [90m[39m
[35m[HTTP][39m [37m-->[39m [37mGET[39m [37m/wd/hub/session/d8b3fe85-4d8a-40c7-a99e-42cc4dd4ace0[39m
[35m[HTTP][39m [90m{}[39m
[35m[HTTP][39m [37m<-- GET /wd/hub/session/d8b3fe85-4d8a-40c7-a99e-42cc4dd4ace0 [39m[32m200[39m [90m25 ms - 1133[39m
[35m[HTTP][39m [90m[39m
[35m[HTTP][39m [37m-->[39m [37mGET[39m [37m/wd/hub/session/d8b3fe85-4d8a-40c7-a99e-42cc4dd4ace0[39m
[35m[HTTP][39m [90m{}[39m
[35m[HTTP][39m [37m<-- GET /wd/hub/session/d8b3fe85-4d8a-40c7-a99e-42cc4dd4ace0 [39m[32m200[39m [90m25 ms - 1133[39m
[35m[HTTP][39m [90m[39m
[35m[HTTP][39m [37m-->[39m [37mGET[39m [37m/wd/hub/session/d8b3fe85-4d8a-40c7-a99e-42cc4dd4ace0[39m
[35m[HTTP][39m [90m{}[39m
[35m[HTTP][39m [37m<-- GET /wd/hub/session/d8b3fe85-4d8a-40c7-a99e-42cc4dd4ace0 [39m[32m200[39m [90m27 ms - 1133[39m
[35m[HTTP][39m [90m[39m
[35m[HTTP][39m [37m-->[39m [37mGET[39m [37m/wd/hub/session/d8b3fe85-4d8a-40c7-a99e-42cc4dd4ace0/element/4180f970-0d4c-4cd4-8b18-25208f71c0ad/location[39m
[35m[HTTP][39m [90m{}[39m
[35m[W3C][39m Driver proxy active, passing request on via HTTP proxy
[35m[JSONWP Proxy][39m Replacing sessionId d7fa93ad-1f80-4e96-a482-8fa66fc5edbf with d8b3fe85-4d8a-40c7-a99e-42cc4dd4ace0
[35m[HTTP][39m [37m<-- GET /wd/hub/session/d8b3fe85-4d8a-40c7-a99e-42cc4dd4ace0/element/4180f970-0d4c-4cd4-8b18-25208f71c0ad/location [39m[32m200[39m [90m66 ms - 87[39m
[35m[HTTP][39m [90m[39m
[35m[HTTP][39m [37m-->[39m [37mGET[39m [37m/wd/hub/session/d8b3fe85-4d8a-40c7-a99e-42cc4dd4ace0/element/4180f970-0d4c-4cd4-8b18-25208f71c0ad/attribute/resourceId[39m
[35m[HTTP][39m [90m{}[39m
[35m[HTTP][39m [37m<-- GET /wd/hub/session/d8b3fe85-4d8a-40c7-a99e-42cc4dd4ace0/element/4180f970-0d4c-4cd4-8b18-25208f71c0ad/attribute/resourceId [39m[32m200[39m [90m51 ms - 106[39m
[35m[HTTP][39m [90m[39m
[35m[HTTP][39m [37m-->[39m [37mGET[39m [37m/wd/hub/session/d8b3fe85-4d8a-40c7-a99e-42cc4dd4ace0/window/current/size[39m
[35m[HTTP][39m [90m{}[39m
[35m[W3C][39m Driver proxy active, passing request on via HTTP proxy
[35m[JSONWP Proxy][39m Replacing sessionId d7fa93ad-1f80-4e96-a482-8fa66fc5edbf with d8b3fe85-4d8a-40c7-a99e-42cc4dd4ace0
[35m[HTTP][39m [37m<-- GET /wd/hub/session/d8b3fe85-4d8a-40c7-a99e-42cc4dd4ace0/window/current/size [39m[32m200[39m [90m28 ms - 100[39m
[35m[HTTP][39m [90m[39m
[35m[HTTP][39m [37m-->[39m [37mPOST[39m [37m/wd/hub/session/d8b3fe85-4d8a-40c7-a99e-42cc4dd4ace0/elements[39m
[35m[HTTP][39m [90m{"using":"-android uiautomator","value":"new UiSelector().className(\"android.widget.TextView\").text(\"IN EVIDENZA\").resourceId(\"it.sky.msa:id/heroPromoTextView\").instance(6)"}[39m
[35m[HTTP][39m [37m<-- POST /wd/hub/session/d8b3fe85-4d8a-40c7-a99e-42cc4dd4ace0/elements [39m[32m200[39m [90m118 ms - 124[39m
[35m[HTTP][39m [90m[39m
[35m[HTTP][39m [37m-->[39m [37mGET[39m [37m/wd/hub/session/d8b3fe85-4d8a-40c7-a99e-42cc4dd4ace0[39m
[35m[HTTP][39m [90m{}[39m
[35m[HTTP][39m [37m<-- GET /wd/hub/session/d8b3fe85-4d8a-40c7-a99e-42cc4dd4ace0 [39m[32m200[39m [90m23 ms - 1133[39m
[35m[HTTP][39m [90m[39m
[35m[HTTP][39m [37m-->[39m [37mGET[39m [37m/wd/hub/session/d8b3fe85-4d8a-40c7-a99e-42cc4dd4ace0[39m
[35m[HTTP][39m [90m{}[39m
[35m[HTTP][39m [37m<-- GET /wd/hub/session/d8b3fe85-4d8a-40c7-a99e-42cc4dd4ace0 [39m[32m200[39m [90m23 ms - 1133[39m
[35m[HTTP][39m [90m[39m
[35m[HTTP][39m [37m-->[39m [37mGET[39m [37m/wd/hub/session/d8b3fe85-4d8a-40c7-a99e-42cc4dd4ace0[39m
[35m[HTTP][39m [90m{}[39m
[35m[HTTP][39m [37m<-- GET /wd/hub/session/d8b3fe85-4d8a-40c7-a99e-42cc4dd4ace0 [39m[32m200[39m [90m23 ms - 1133[39m
[35m[HTTP][39m [90m[39m
[35m[HTTP][39m [37m-->[39m [37mGET[39m [37m/wd/hub/session/d8b3fe85-4d8a-40c7-a99e-42cc4dd4ace0[39m
[35m[HTTP][39m [90m{}[39m
[35m[HTTP][39m [37m<-- GET /wd/hub/session/d8b3fe85-4d8a-40c7-a99e-42cc4dd4ace0 [39m[32m200[39m [90m24 ms - 1133[39m
[35m[HTTP][39m [90m[39m
[35m[HTTP][39m [37m-->[39m [37mGET[39m [37m/wd/hub/session/d8b3fe85-4d8a-40c7-a99e-42cc4dd4ace0/element/452b83e8-ed72-471f-8614-886f64653fa1/location[39m
[35m[HTTP][39m [90m{}[39m
[35m[W3C][39m Driver proxy active, passing request on via HTTP proxy
[35m[JSONWP Proxy][39m Replacing sessionId d7fa93ad-1f80-4e96-a482-8fa66fc5edbf with d8b3fe85-4d8a-40c7-a99e-42cc4dd4ace0
[35m[HTTP][39m [37m<-- GET /wd/hub/session/d8b3fe85-4d8a-40c7-a99e-42cc4dd4ace0/element/452b83e8-ed72-471f-8614-886f64653fa1/location [39m[32m200[39m [90m60 ms - 88[39m
[35m[HTTP][39m [90m[39m
[35m[HTTP][39m [37m-->[39m [37mGET[39m [37m/wd/hub/session/d8b3fe85-4d8a-40c7-a99e-42cc4dd4ace0/element/452b83e8-ed72-471f-8614-886f64653fa1/text[39m
[35m[HTTP][39m [90m{}[39m
[35m[W3C][39m Driver proxy active, passing request on via HTTP proxy
[35m[JSONWP Proxy][39m Replacing sessionId d7fa93ad-1f80-4e96-a482-8fa66fc5edbf with d8b3fe85-4d8a-40c7-a99e-42cc4dd4ace0
[35m[HTTP][39m [37m<-- GET /wd/hub/session/d8b3fe85-4d8a-40c7-a99e-42cc4dd4ace0/element/452b83e8-ed72-471f-8614-886f64653fa1/text [39m[32m200[39m [90m78 ms - 85[39m
[35m[HTTP][39m [90m[39m
[35m[HTTP][39m [37m-->[39m [37mGET[39m [37m/wd/hub/session/d8b3fe85-4d8a-40c7-a99e-42cc4dd4ace0/window/current/size[39m
[35m[HTTP][39m [90m{}[39m
[35m[W3C][39m Driver proxy active, passing request on via HTTP proxy
[35m[JSONWP Proxy][39m Replacing sessionId d7fa93ad-1f80-4e96-a482-8fa66fc5edbf with d8b3fe85-4d8a-40c7-a99e-42cc4dd4ace0
[35m[HTTP][39m [37m<-- GET /wd/hub/session/d8b3fe85-4d8a-40c7-a99e-42cc4dd4ace0/window/current/size [39m[32m200[39m [90m44 ms - 100[39m
[35m[HTTP][39m [90m[39m
[35m[HTTP][39m [37m-->[39m [37mPOST[39m [37m/wd/hub/session/d8b3fe85-4d8a-40c7-a99e-42cc4dd4ace0/elements[39m
[35m[HTTP][39m [90m{"using":"-android uiautomator","value":"new UiSelector().className(\"android.widget.TextView\").resourceId(\"it.sky.msa:id/heroTitleTextView\").instance(7)"}[39m
[35m[HTTP][39m [37m<-- POST /wd/hub/session/d8b3fe85-4d8a-40c7-a99e-42cc4dd4ace0/elements [39m[32m200[39m [90m123 ms - 124[39m
[35m[HTTP][39m [90m[39m
[35m[HTTP][39m [37m-->[39m [37mGET[39m [37m/wd/hub/session/d8b3fe85-4d8a-40c7-a99e-42cc4dd4ace0[39m
[35m[HTTP][39m [90m{}[39m
[35m[HTTP][39m [37m<-- GET /wd/hub/session/d8b3fe85-4d8a-40c7-a99e-42cc4dd4ace0 [39m[32m200[39m [90m26 ms - 1133[39m
[35m[HTTP][39m [90m[39m
[35m[HTTP][39m [37m-->[39m [37mGET[39m [37m/wd/hub/session/d8b3fe85-4d8a-40c7-a99e-42cc4dd4ace0[39m
[35m[HTTP][39m [90m{}[39m
[35m[HTTP][39m [37m<-- GET /wd/hub/session/d8b3fe85-4d8a-40c7-a99e-42cc4dd4ace0 [39m[32m200[39m [90m24 ms - 1133[39m
[35m[HTTP][39m [90m[39m
[35m[HTTP][39m [37m-->[39m [37mGET[39m [37m/wd/hub/session/d8b3fe85-4d8a-40c7-a99e-42cc4dd4ace0[39m
[35m[HTTP][39m [90m{}[39m
[35m[HTTP][39m [37m<-- GET /wd/hub/session/d8b3fe85-4d8a-40c7-a99e-42cc4dd4ace0 [39m[32m200[39m [90m22 ms - 1133[39m
[35m[HTTP][39m [90m[39m
[35m[HTTP][39m [37m-->[39m [37mGET[39m [37m/wd/hub/session/d8b3fe85-4d8a-40c7-a99e-42cc4dd4ace0[39m
[35m[HTTP][39m [90m{}[39m
[35m[HTTP][39m [37m<-- GET /wd/hub/session/d8b3fe85-4d8a-40c7-a99e-42cc4dd4ace0 [39m[32m200[39m [90m24 ms - 1133[39m
[35m[HTTP][39m [90m[39m
[35m[HTTP][39m [37m-->[39m [37mGET[39m [37m/wd/hub/session/d8b3fe85-4d8a-40c7-a99e-42cc4dd4ace0/element/c8622c46-ee09-46ba-88fe-13ad7889b8e5/location[39m
[35m[HTTP][39m [90m{}[39m
[35m[W3C][39m Driver proxy active, passing request on via HTTP proxy
[35m[JSONWP Proxy][39m Replacing sessionId d7fa93ad-1f80-4e96-a482-8fa66fc5edbf with d8b3fe85-4d8a-40c7-a99e-42cc4dd4ace0
[35m[HTTP][39m [37m<-- GET /wd/hub/session/d8b3fe85-4d8a-40c7-a99e-42cc4dd4ace0/element/c8622c46-ee09-46ba-88fe-13ad7889b8e5/location [39m[32m200[39m [90m47 ms - 88[39m
[35m[HTTP][39m [90m[39m
[35m[HTTP][39m [37m-->[39m [37mGET[39m [37m/wd/hub/session/d8b3fe85-4d8a-40c7-a99e-42cc4dd4ace0/window/current/size[39m
[35m[HTTP][39m [90m{}[39m
[35m[W3C][39m Driver proxy active, passing request on via HTTP proxy
[35m[JSONWP Proxy][39m Replacing sessionId d7fa93ad-1f80-4e96-a482-8fa66fc5edbf with d8b3fe85-4d8a-40c7-a99e-42cc4dd4ace0
[35m[HTTP][39m [37m<-- GET /wd/hub/session/d8b3fe85-4d8a-40c7-a99e-42cc4dd4ace0/window/current/size [39m[32m200[39m [90m35 ms - 100[39m
[35m[HTTP][39m [90m[39m
[35m[HTTP][39m [37m-->[39m [37mPOST[39m [37m/wd/hub/session/d8b3fe85-4d8a-40c7-a99e-42cc4dd4ace0/elements[39m
[35m[HTTP][39m [90m{"using":"-android uiautomator","value":"new UiSelector().className(\"android.widget.TextView\").resourceId(\"it.sky.msa:id/heroCaptionTextView\").instance(8)"}[39m
[35m[HTTP][39m [37m<-- POST /wd/hub/session/d8b3fe85-4d8a-40c7-a99e-42cc4dd4ace0/elements [39m[32m200[39m [90m117 ms - 124[39m
[35m[HTTP][39m [90m[39m
[35m[HTTP][39m [37m-->[39m [37mGET[39m [37m/wd/hub/session/d8b3fe85-4d8a-40c7-a99e-42cc4dd4ace0[39m
[35m[HTTP][39m [90m{}[39m
[35m[HTTP][39m [37m<-- GET /wd/hub/session/d8b3fe85-4d8a-40c7-a99e-42cc4dd4ace0 [39m[32m200[39m [90m24 ms - 1133[39m
[35m[HTTP][39m [90m[39m
[35m[HTTP][39m [37m-->[39m [37mGET[39m [37m/wd/hub/session/d8b3fe85-4d8a-40c7-a99e-42cc4dd4ace0[39m
[35m[HTTP][39m [90m{}[39m
[35m[HTTP][39m [37m<-- GET /wd/hub/session/d8b3fe85-4d8a-40c7-a99e-42cc4dd4ace0 [39m[32m200[39m [90m27 ms - 1133[39m
[35m[HTTP][39m [90m[39m
[35m[HTTP][39m [37m-->[39m [37mGET[39m [37m/wd/hub/session/d8b3fe85-4d8a-40c7-a99e-42cc4dd4ace0[39m
[35m[HTTP][39m [90m{}[39m
[35m[HTTP][39m [37m<-- GET /wd/hub/session/d8b3fe85-4d8a-40c7-a99e-42cc4dd4ace0 [39m[32m200[39m [90m28 ms - 1133[39m
[35m[HTTP][39m [90m[39m
[35m[HTTP][39m [37m-->[39m [37mGET[39m [37m/wd/hub/session/d8b3fe85-4d8a-40c7-a99e-42cc4dd4ace0[39m
[35m[HTTP][39m [90m{}[39m
[35m[HTTP][39m [37m<-- GET /wd/hub/session/d8b3fe85-4d8a-40c7-a99e-42cc4dd4ace0 [39m[32m200[39m [90m25 ms - 1133[39m
[35m[HTTP][39m [90m[39m
[35m[HTTP][39m [37m-->[39m [37mGET[39m [37m/wd/hub/session/d8b3fe85-4d8a-40c7-a99e-42cc4dd4ace0/element/1895a88a-1b74-4cfb-824c-22b4d73a959e/location[39m
[35m[HTTP][39m [90m{}[39m
[35m[W3C][39m Driver proxy active, passing request on via HTTP proxy
[35m[JSONWP Proxy][39m Replacing sessionId d7fa93ad-1f80-4e96-a482-8fa66fc5edbf with d8b3fe85-4d8a-40c7-a99e-42cc4dd4ace0
[35m[HTTP][39m [37m<-- GET /wd/hub/session/d8b3fe85-4d8a-40c7-a99e-42cc4dd4ace0/element/1895a88a-1b74-4cfb-824c-22b4d73a959e/location [39m[32m200[39m [90m54 ms - 89[39m
[35m[HTTP][39m [90m[39m
[35m[HTTP][39m [37m-->[39m [37mGET[39m [37m/wd/hub/session/d8b3fe85-4d8a-40c7-a99e-42cc4dd4ace0/window/current/size[39m
[35m[HTTP][39m [90m{}[39m
[35m[W3C][39m Driver proxy active, passing request on via HTTP proxy
[35m[JSONWP Proxy][39m Replacing sessionId d7fa93ad-1f80-4e96-a482-8fa66fc5edbf with d8b3fe85-4d8a-40c7-a99e-42cc4dd4ace0
[35m[HTTP][39m [37m<-- GET /wd/hub/session/d8b3fe85-4d8a-40c7-a99e-42cc4dd4ace0/window/current/size [39m[32m200[39m [90m35 ms - 100[39m
[35m[HTTP][39m [90m[39m
[35m[HTTP][39m [37m-->[39m [37mPOST[39m [37m/wd/hub/session/d8b3fe85-4d8a-40c7-a99e-42cc4dd4ace0/elements[39m
[35m[HTTP][39m [90m{"using":"-android uiautomator","value":"new UiSelector().className(\"android.widget.TextView\").resourceId(\"it.sky.msa:id/heroCaptionTextView\").instance(8)"}[39m
[35m[HTTP][39m [37m<-- POST /wd/hub/session/d8b3fe85-4d8a-40c7-a99e-42cc4dd4ace0/elements [39m[32m200[39m [90m130 ms - 124[39m
[35m[HTTP][39m [90m[39m
[35m[HTTP][39m [37m-->[39m [37mGET[39m [37m/wd/hub/session/d8b3fe85-4d8a-40c7-a99e-42cc4dd4ace0[39m
[35m[HTTP][39m [90m{}[39m
[35m[HTTP][39m [37m<-- GET /wd/hub/session/d8b3fe85-4d8a-40c7-a99e-42cc4dd4ace0 [39m[32m200[39m [90m28 ms - 1133[39m
[35m[HTTP][39m [90m[39m
[35m[HTTP][39m [37m-->[39m [37mGET[39m [37m/wd/hub/session/d8b3fe85-4d8a-40c7-a99e-42cc4dd4ace0[39m
[35m[HTTP][39m [90m{}[39m
[35m[HTTP][39m [37m<-- GET /wd/hub/session/d8b3fe85-4d8a-40c7-a99e-42cc4dd4ace0 [39m[32m200[39m [90m28 ms - 1133[39m
[35m[HTTP][39m [90m[39m
[35m[HTTP][39m [37m-->[39m [37mGET[39m [37m/wd/hub/session/d8b3fe85-4d8a-40c7-a99e-42cc4dd4ace0[39m
[35m[HTTP][39m [90m{}[39m
[35m[HTTP][39m [37m<-- GET /wd/hub/session/d8b3fe85-4d8a-40c7-a99e-42cc4dd4ace0 [39m[32m200[39m [90m27 ms - 1133[39m
[35m[HTTP][39m [90m[39m
[35m[HTTP][39m [37m-->[39m [37mGET[39m [37m/wd/hub/session/d8b3fe85-4d8a-40c7-a99e-42cc4dd4ace0[39m
[35m[HTTP][39m [90m{}[39m
[35m[HTTP][39m [37m<-- GET /wd/hub/session/d8b3fe85-4d8a-40c7-a99e-42cc4dd4ace0 [39m[32m200[39m [90m25 ms - 1133[39m
[35m[HTTP][39m [90m[39m
[35m[HTTP][39m [37m-->[39m [37mGET[39m [37m/wd/hub/session/d8b3fe85-4d8a-40c7-a99e-42cc4dd4ace0/element/18883b7a-52e5-42a1-a529-38c9441ef59a/location[39m
[35m[HTTP][39m [90m{}[39m
[35m[W3C][39m Driver proxy active, passing request on via HTTP proxy
[35m[JSONWP Proxy][39m Replacing sessionId d7fa93ad-1f80-4e96-a482-8fa66fc5edbf with d8b3fe85-4d8a-40c7-a99e-42cc4dd4ace0
[35m[HTTP][39m [37m<-- GET /wd/hub/session/d8b3fe85-4d8a-40c7-a99e-42cc4dd4ace0/element/18883b7a-52e5-42a1-a529-38c9441ef59a/location [39m[32m200[39m [90m47 ms - 89[39m
[35m[HTTP][39m [90m[39m
[35m[HTTP][39m [37m-->[39m [37mGET[39m [37m/wd/hub/session/d8b3fe85-4d8a-40c7-a99e-42cc4dd4ace0/element/18883b7a-52e5-42a1-a529-38c9441ef59a/text[39m
[35m[HTTP][39m [90m{}[39m
[35m[W3C][39m Driver proxy active, passing request on via HTTP proxy
[35m[JSONWP Proxy][39m Replacing sessionId d7fa93ad-1f80-4e96-a482-8fa66fc5edbf with d8b3fe85-4d8a-40c7-a99e-42cc4dd4ace0
[35m[HTTP][39m [37m<-- GET /wd/hub/session/d8b3fe85-4d8a-40c7-a99e-42cc4dd4ace0/element/18883b7a-52e5-42a1-a529-38c9441ef59a/text [39m[32m200[39m [90m75 ms - 89[39m
[35m[HTTP][39m [90m[39m
[35m[HTTP][39m [37m-->[39m [37mGET[39m [37m/wd/hub/session/d8b3fe85-4d8a-40c7-a99e-42cc4dd4ace0/context[39m
[35m[HTTP][39m [90m{}[39m
[35m[HTTP][39m [37m<-- GET /wd/hub/session/d8b3fe85-4d8a-40c7-a99e-42cc4dd4ace0/context [39m[32m200[39m [90m3 ms - 84[39m
[35m[HTTP][39m [90m[39m
[35m[HTTP][39m [37m-->[39m [37mGET[39m [37m/wd/hub/session/d8b3fe85-4d8a-40c7-a99e-42cc4dd4ace0/contexts[39m
[35m[HTTP][39m [90m{}[39m
[35m[HTTP][39m [37m<-- GET /wd/hub/session/d8b3fe85-4d8a-40c7-a99e-42cc4dd4ace0/contexts [39m[32m200[39m [90m114 ms - 86[39m
[35m[HTTP][39m [90m[39m
[35m[HTTP][39m [37m-->[39m [37mPOST[39m [37m/wd/hub/session/d8b3fe85-4d8a-40c7-a99e-42cc4dd4ace0/context[39m
[35m[HTTP][39m [90m{"name":"NATIVE_APP"}[39m
[35m[HTTP][39m [37m<-- POST /wd/hub/session/d8b3fe85-4d8a-40c7-a99e-42cc4dd4ace0/context [39m[32m200[39m [90m87 ms - 76[39m
[35m[HTTP][39m [90m[39m
[35m[HTTP][39m [37m-->[39m [37mPOST[39m [37m/wd/hub/session/d8b3fe85-4d8a-40c7-a99e-42cc4dd4ace0/touch/perform[39m
[35m[HTTP][39m [90m{"actions":[{"action":"press","options":{"x":0,"y":1000}},{"action":"wait","options":{"ms":500}},{"action":"moveTo","options":{"x":0,"y":200}}]}[39m
[35m[HTTP][39m [37m<-- POST /wd/hub/session/d8b3fe85-4d8a-40c7-a99e-42cc4dd4ace0/touch/perform [39m[32m200[39m [90m2142 ms - 76[39m
[35m[HTTP][39m [90m[39m
[35m[HTTP][39m [37m-->[39m [37mPOST[39m [37m/wd/hub/session/d8b3fe85-4d8a-40c7-a99e-42cc4dd4ace0/context[39m
[35m[HTTP][39m [90m{"name":"NATIVE_APP"}[39m
[35m[HTTP][39m [37m<-- POST /wd/hub/session/d8b3fe85-4d8a-40c7-a99e-42cc4dd4ace0/context [39m[32m200[39m [90m98 ms - 76[39m
[35m[HTTP][39m [90m[39m
[35m[HTTP][39m [37m-->[39m [37mGET[39m [37m/wd/hub/session/d8b3fe85-4d8a-40c7-a99e-42cc4dd4ace0/window/current/size[39m
[35m[HTTP][39m [90m{}[39m
[35m[W3C][39m Driver proxy active, passing request on via HTTP proxy
[35m[JSONWP Proxy][39m Replacing sessionId d7fa93ad-1f80-4e96-a482-8fa66fc5edbf with d8b3fe85-4d8a-40c7-a99e-42cc4dd4ace0
[35m[HTTP][39m [37m<-- GET /wd/hub/session/d8b3fe85-4d8a-40c7-a99e-42cc4dd4ace0/window/current/size [39m[32m200[39m [90m66 ms - 100[39m
[35m[HTTP][39m [90m[39m
[35m[HTTP][39m [37m-->[39m [37mPOST[39m [37m/wd/hub/session/d8b3fe85-4d8a-40c7-a99e-42cc4dd4ace0/elements[39m
[35m[HTTP][39m [90m{"using":"-android uiautomator","value":"new UiSelector().className(\"android.widget.TextView\").text(\"Scelti per te questa settimana\").resourceId(\"it.sky.msa:id/categoryTitle\").instance(6)"}[39m
[35m[HTTP][39m [37m<-- POST /wd/hub/session/d8b3fe85-4d8a-40c7-a99e-42cc4dd4ace0/elements [39m[32m200[39m [90m138 ms - 124[39m
[35m[HTTP][39m [90m[39m
[35m[HTTP][39m [37m-->[39m [37mGET[39m [37m/wd/hub/session/d8b3fe85-4d8a-40c7-a99e-42cc4dd4ace0[39m
[35m[HTTP][39m [90m{}[39m
[35m[HTTP][39m [37m<-- GET /wd/hub/session/d8b3fe85-4d8a-40c7-a99e-42cc4dd4ace0 [39m[32m200[39m [90m25 ms - 1133[39m
[35m[HTTP][39m [90m[39m
[35m[HTTP][39m [37m-->[39m [37mGET[39m [37m/wd/hub/session/d8b3fe85-4d8a-40c7-a99e-42cc4dd4ace0[39m
[35m[HTTP][39m [90m{}[39m
[35m[HTTP][39m [37m<-- GET /wd/hub/session/d8b3fe85-4d8a-40c7-a99e-42cc4dd4ace0 [39m[32m200[39m [90m27 ms - 1133[39m
[35m[HTTP][39m [90m[39m
[35m[HTTP][39m [37m-->[39m [37mGET[39m [37m/wd/hub/session/d8b3fe85-4d8a-40c7-a99e-42cc4dd4ace0[39m
[35m[HTTP][39m [90m{}[39m
[35m[HTTP][39m [37m<-- GET /wd/hub/session/d8b3fe85-4d8a-40c7-a99e-42cc4dd4ace0 [39m[32m200[39m [90m27 ms - 1133[39m
[35m[HTTP][39m [90m[39m
[35m[HTTP][39m [37m-->[39m [37mGET[39m [37m/wd/hub/session/d8b3fe85-4d8a-40c7-a99e-42cc4dd4ace0[39m
[35m[HTTP][39m [90m{}[39m
[35m[HTTP][39m [37m<-- GET /wd/hub/session/d8b3fe85-4d8a-40c7-a99e-42cc4dd4ace0 [39m[32m200[39m [90m28 ms - 1133[39m
[35m[HTTP][39m [90m[39m
[35m[HTTP][39m [37m-->[39m [37mGET[39m [37m/wd/hub/session/d8b3fe85-4d8a-40c7-a99e-42cc4dd4ace0/element/5a45c9f9-1a37-42d9-b182-f53207d2b61e/location[39m
[35m[HTTP][39m [90m{}[39m
[35m[W3C][39m Driver proxy active, passing request on via HTTP proxy
[35m[JSONWP Proxy][39m Replacing sessionId d7fa93ad-1f80-4e96-a482-8fa66fc5edbf with d8b3fe85-4d8a-40c7-a99e-42cc4dd4ace0
[35m[HTTP][39m [37m<-- GET /wd/hub/session/d8b3fe85-4d8a-40c7-a99e-42cc4dd4ace0/element/5a45c9f9-1a37-42d9-b182-f53207d2b61e/location [39m[32m200[39m [90m53 ms - 89[39m
[35m[HTTP][39m [90m[39m
[35m[HTTP][39m [37m-->[39m [37mGET[39m [37m/wd/hub/session/d8b3fe85-4d8a-40c7-a99e-42cc4dd4ace0/element/5a45c9f9-1a37-42d9-b182-f53207d2b61e/text[39m
[35m[HTTP][39m [90m{}[39m
[35m[W3C][39m Driver proxy active, passing request on via HTTP proxy
[35m[JSONWP Proxy][39m Replacing sessionId d7fa93ad-1f80-4e96-a482-8fa66fc5edbf with d8b3fe85-4d8a-40c7-a99e-42cc4dd4ace0
[35m[HTTP][39m [37m<-- GET /wd/hub/session/d8b3fe85-4d8a-40c7-a99e-42cc4dd4ace0/element/5a45c9f9-1a37-42d9-b182-f53207d2b61e/text [39m[32m200[39m [90m71 ms - 104[39m
[35m[HTTP][39m [90m[39m
[35m[HTTP][39m [37m-->[39m [37mGET[39m [37m/wd/hub/session/d8b3fe85-4d8a-40c7-a99e-42cc4dd4ace0/window/current/size[39m
[35m[HTTP][39m [90m{}[39m
[35m[W3C][39m Driver proxy active, passing request on via HTTP proxy
[35m[JSONWP Proxy][39m Replacing sessionId d7fa93ad-1f80-4e96-a482-8fa66fc5edbf with d8b3fe85-4d8a-40c7-a99e-42cc4dd4ace0
[35m[HTTP][39m [37m<-- GET /wd/hub/session/d8b3fe85-4d8a-40c7-a99e-42cc4dd4ace0/window/current/size [39m[32m200[39m [90m33 ms - 100[39m
[35m[HTTP][39m [90m[39m
[35m[HTTP][39m [37m-->[39m [37mPOST[39m [37m/wd/hub/session/d8b3fe85-4d8a-40c7-a99e-42cc4dd4ace0/elements[39m
[35m[HTTP][39m [90m{"using":"-android uiautomator","value":"new UiSelector().className(\"android.widget.TextView\").text(\"Scelti per te questa settimana\").resourceId(\"it.sky.msa:id/categoryTitle\").instance(6)"}[39m
[35m[HTTP][39m [37m<-- POST /wd/hub/session/d8b3fe85-4d8a-40c7-a99e-42cc4dd4ace0/elements [39m[32m200[39m [90m108 ms - 124[39m
[35m[HTTP][39m [90m[39m
[35m[HTTP][39m [37m-->[39m [37mGET[39m [37m/wd/hub/session/d8b3fe85-4d8a-40c7-a99e-42cc4dd4ace0[39m
[35m[HTTP][39m [90m{}[39m
[35m[HTTP][39m [37m<-- GET /wd/hub/session/d8b3fe85-4d8a-40c7-a99e-42cc4dd4ace0 [39m[32m200[39m [90m26 ms - 1133[39m
[35m[HTTP][39m [90m[39m
[35m[HTTP][39m [37m-->[39m [37mGET[39m [37m/wd/hub/session/d8b3fe85-4d8a-40c7-a99e-42cc4dd4ace0[39m
[35m[HTTP][39m [90m{}[39m
[35m[HTTP][39m [37m<-- GET /wd/hub/session/d8b3fe85-4d8a-40c7-a99e-42cc4dd4ace0 [39m[32m200[39m [90m28 ms - 1133[39m
[35m[HTTP][39m [90m[39m
[35m[HTTP][39m [37m-->[39m [37mGET[39m [37m/wd/hub/session/d8b3fe85-4d8a-40c7-a99e-42cc4dd4ace0[39m
[35m[HTTP][39m [90m{}[39m
[35m[HTTP][39m [37m<-- GET /wd/hub/session/d8b3fe85-4d8a-40c7-a99e-42cc4dd4ace0 [39m[32m200[39m [90m24 ms - 1133[39m
[35m[HTTP][39m [90m[39m
[35m[HTTP][39m [37m-->[39m [37mGET[39m [37m/wd/hub/session/d8b3fe85-4d8a-40c7-a99e-42cc4dd4ace0[39m
[35m[HTTP][39m [90m{}[39m
[35m[HTTP][39m [37m<-- GET /wd/hub/session/d8b3fe85-4d8a-40c7-a99e-42cc4dd4ace0 [39m[32m200[39m [90m26 ms - 1133[39m
[35m[HTTP][39m [90m[39m
[35m[HTTP][39m [37m-->[39m [37mGET[39m [37m/wd/hub/session/d8b3fe85-4d8a-40c7-a99e-42cc4dd4ace0/element/5d0cf858-72b7-46f9-a140-19619ca68a58/location[39m
[35m[HTTP][39m [90m{}[39m
[35m[W3C][39m Driver proxy active, passing request on via HTTP proxy
[35m[JSONWP Proxy][39m Replacing sessionId d7fa93ad-1f80-4e96-a482-8fa66fc5edbf with d8b3fe85-4d8a-40c7-a99e-42cc4dd4ace0
[35m[HTTP][39m [37m<-- GET /wd/hub/session/d8b3fe85-4d8a-40c7-a99e-42cc4dd4ace0/element/5d0cf858-72b7-46f9-a140-19619ca68a58/location [39m[32m200[39m [90m50 ms - 89[39m
[35m[HTTP][39m [90m[39m
[35m[HTTP][39m [37m-->[39m [37mGET[39m [37m/wd/hub/session/d8b3fe85-4d8a-40c7-a99e-42cc4dd4ace0/element/5d0cf858-72b7-46f9-a140-19619ca68a58/text[39m
[35m[HTTP][39m [90m{}[39m
[35m[W3C][39m Driver proxy active, passing request on via HTTP proxy
[35m[JSONWP Proxy][39m Replacing sessionId d7fa93ad-1f80-4e96-a482-8fa66fc5edbf with d8b3fe85-4d8a-40c7-a99e-42cc4dd4ace0
[35m[HTTP][39m [37m<-- GET /wd/hub/session/d8b3fe85-4d8a-40c7-a99e-42cc4dd4ace0/element/5d0cf858-72b7-46f9-a140-19619ca68a58/text [39m[32m200[39m [90m71 ms - 104[39m
[35m[HTTP][39m [90m[39m
[35m[HTTP][39m [37m-->[39m [37mGET[39m [37m/wd/hub/session/d8b3fe85-4d8a-40c7-a99e-42cc4dd4ace0/context[39m
[35m[HTTP][39m [90m{}[39m
[35m[HTTP][39m [37m<-- GET /wd/hub/session/d8b3fe85-4d8a-40c7-a99e-42cc4dd4ace0/context [39m[32m200[39m [90m3 ms - 84[39m
[35m[HTTP][39m [90m[39m
[35m[HTTP][39m [37m-->[39m [37mGET[39m [37m/wd/hub/session/d8b3fe85-4d8a-40c7-a99e-42cc4dd4ace0/contexts[39m
[35m[HTTP][39m [90m{}[39m
[35m[HTTP][39m [37m<-- GET /wd/hub/session/d8b3fe85-4d8a-40c7-a99e-42cc4dd4ace0/contexts [39m[32m200[39m [90m87 ms - 86[39m
[35m[HTTP][39m [90m[39m
[35m[HTTP][39m [37m-->[39m [37mPOST[39m [37m/wd/hub/session/d8b3fe85-4d8a-40c7-a99e-42cc4dd4ace0/context[39m
[35m[HTTP][39m [90m{"name":"NATIVE_APP"}[39m
[35m[HTTP][39m [37m<-- POST /wd/hub/session/d8b3fe85-4d8a-40c7-a99e-42cc4dd4ace0/context [39m[32m200[39m [90m110 ms - 76[39m
[35m[HTTP][39m [90m[39m
[35m[HTTP][39m [37m-->[39m [37mPOST[39m [37m/wd/hub/session/d8b3fe85-4d8a-40c7-a99e-42cc4dd4ace0/touch/perform[39m
[35m[HTTP][39m [90m{"actions":[{"action":"press","options":{"x":0,"y":0}},{"action":"wait","options":{"ms":500}},{"action":"moveTo","options":{"x":100,"y":0}}]}[39m
[35m[HTTP][39m [37m<-- POST /wd/hub/session/d8b3fe85-4d8a-40c7-a99e-42cc4dd4ace0/touch/perform [39m[32m200[39m [90m2143 ms - 76[39m
[35m[HTTP][39m [90m[39m
[35m[HTTP][39m [37m-->[39m [37mPOST[39m [37m/wd/hub/session/d8b3fe85-4d8a-40c7-a99e-42cc4dd4ace0/context[39m
[35m[HTTP][39m [90m{"name":"NATIVE_APP"}[39m
[35m[HTTP][39m [37m<-- POST /wd/hub/session/d8b3fe85-4d8a-40c7-a99e-42cc4dd4ace0/context [39m[32m200[39m [90m97 ms - 76[39m
[35m[HTTP][39m [90m[39m
[35m[HTTP][39m [37m-->[39m [37mGET[39m [37m/wd/hub/session/d8b3fe85-4d8a-40c7-a99e-42cc4dd4ace0/context[39m
[35m[HTTP][39m [90m{}[39m
[35m[HTTP][39m [37m<-- GET /wd/hub/session/d8b3fe85-4d8a-40c7-a99e-42cc4dd4ace0/context [39m[32m200[39m [90m3 ms - 84[39m
[35m[HTTP][39m [90m[39m
[35m[HTTP][39m [37m-->[39m [37mGET[39m [37m/wd/hub/session/d8b3fe85-4d8a-40c7-a99e-42cc4dd4ace0/contexts[39m
[35m[HTTP][39m [90m{}[39m
[35m[HTTP][39m [37m<-- GET /wd/hub/session/d8b3fe85-4d8a-40c7-a99e-42cc4dd4ace0/contexts [39m[32m200[39m [90m110 ms - 86[39m
[35m[HTTP][39m [90m[39m
[35m[HTTP][39m [37m-->[39m [37mPOST[39m [37m/wd/hub/session/d8b3fe85-4d8a-40c7-a99e-42cc4dd4ace0/context[39m
[35m[HTTP][39m [90m{"name":"NATIVE_APP"}[39m
[35m[HTTP][39m [37m<-- POST /wd/hub/session/d8b3fe85-4d8a-40c7-a99e-42cc4dd4ace0/context [39m[32m200[39m [90m167 ms - 76[39m
[35m[HTTP][39m [90m[39m
[35m[HTTP][39m [37m-->[39m [37mPOST[39m [37m/wd/hub/session/d8b3fe85-4d8a-40c7-a99e-42cc4dd4ace0/touch/perform[39m
[35m[HTTP][39m [90m{"actions":[{"action":"press","options":{"x":0,"y":0}},{"action":"wait","options":{"ms":500}},{"action":"moveTo","options":{"x":-100,"y":0}}]}[39m
[35m[HTTP][39m [37m<-- POST /wd/hub/session/d8b3fe85-4d8a-40c7-a99e-42cc4dd4ace0/touch/perform [39m[32m200[39m [90m2125 ms - 76[39m
[35m[HTTP][39m [90m[39m
[35m[HTTP][39m [37m-->[39m [37mPOST[39m [37m/wd/hub/session/d8b3fe85-4d8a-40c7-a99e-42cc4dd4ace0/context[39m
[35m[HTTP][39m [90m{"name":"NATIVE_APP"}[39m
[35m[HTTP][39m [37m<-- POST /wd/hub/session/d8b3fe85-4d8a-40c7-a99e-42cc4dd4ace0/context [39m[32m200[39m [90m103 ms - 76[39m
[35m[HTTP][39m [90m[39m
[35m[HTTP][39m [37m-->[39m [37mGET[39m [37m/wd/hub/session/d8b3fe85-4d8a-40c7-a99e-42cc4dd4ace0/window/current/size[39m
[35m[HTTP][39m [90m{}[39m
[35m[W3C][39m Driver proxy active, passing request on via HTTP proxy
[35m[JSONWP Proxy][39m Replacing sessionId d7fa93ad-1f80-4e96-a482-8fa66fc5edbf with d8b3fe85-4d8a-40c7-a99e-42cc4dd4ace0
[35m[HTTP][39m [37m<-- GET /wd/hub/session/d8b3fe85-4d8a-40c7-a99e-42cc4dd4ace0/window/current/size [39m[32m200[39m [90m61 ms - 100[39m
[35m[HTTP][39m [90m[39m
[35m[HTTP][39m [37m-->[39m [37mPOST[39m [37m/wd/hub/session/d8b3fe85-4d8a-40c7-a99e-42cc4dd4ace0/elements[39m
[35m[HTTP][39m [90m{"using":"-android uiautomator","value":"new UiSelector().className(\"android.widget.TextView\").text(\"Scelti per te questa settimana\").resourceId(\"it.sky.msa:id/categoryTitle\").instance(6)"}[39m
[35m[HTTP][39m [37m<-- POST /wd/hub/session/d8b3fe85-4d8a-40c7-a99e-42cc4dd4ace0/elements [39m[32m200[39m [90m131 ms - 124[39m
[35m[HTTP][39m [90m[39m
[35m[HTTP][39m [37m-->[39m [37mGET[39m [37m/wd/hub/session/d8b3fe85-4d8a-40c7-a99e-42cc4dd4ace0[39m
[35m[HTTP][39m [90m{}[39m
[35m[HTTP][39m [37m<-- GET /wd/hub/session/d8b3fe85-4d8a-40c7-a99e-42cc4dd4ace0 [39m[32m200[39m [90m32 ms - 1133[39m
[35m[HTTP][39m [90m[39m
[35m[HTTP][39m [37m-->[39m [37mGET[39m [37m/wd/hub/session/d8b3fe85-4d8a-40c7-a99e-42cc4dd4ace0[39m
[35m[HTTP][39m [90m{}[39m
[35m[HTTP][39m [37m<-- GET /wd/hub/session/d8b3fe85-4d8a-40c7-a99e-42cc4dd4ace0 [39m[32m200[39m [90m30 ms - 1133[39m
[35m[HTTP][39m [90m[39m
[35m[HTTP][39m [37m-->[39m [37mGET[39m [37m/wd/hub/session/d8b3fe85-4d8a-40c7-a99e-42cc4dd4ace0[39m
[35m[HTTP][39m [90m{}[39m
[35m[HTTP][39m [37m<-- GET /wd/hub/session/d8b3fe85-4d8a-40c7-a99e-42cc4dd4ace0 [39m[32m200[39m [90m28 ms - 1133[39m
[35m[HTTP][39m [90m[39m
[35m[HTTP][39m [37m-->[39m [37mGET[39m [37m/wd/hub/session/d8b3fe85-4d8a-40c7-a99e-42cc4dd4ace0[39m
[35m[HTTP][39m [90m{}[39m
[35m[HTTP][39m [37m<-- GET /wd/hub/session/d8b3fe85-4d8a-40c7-a99e-42cc4dd4ace0 [39m[32m200[39m [90m25 ms - 1133[39m
[35m[HTTP][39m [90m[39m
[35m[HTTP][39m [37m-->[39m [37mGET[39m [37m/wd/hub/session/d8b3fe85-4d8a-40c7-a99e-42cc4dd4ace0/element/9c15e30e-dd63-4a26-a533-70c81f6c1f74/location[39m
[35m[HTTP][39m [90m{}[39m
[35m[W3C][39m Driver proxy active, passing request on via HTTP proxy
[35m[JSONWP Proxy][39m Replacing sessionId d7fa93ad-1f80-4e96-a482-8fa66fc5edbf with d8b3fe85-4d8a-40c7-a99e-42cc4dd4ace0
[35m[HTTP][39m [37m<-- GET /wd/hub/session/d8b3fe85-4d8a-40c7-a99e-42cc4dd4ace0/element/9c15e30e-dd63-4a26-a533-70c81f6c1f74/location [39m[32m200[39m [90m54 ms - 89[39m
[35m[HTTP][39m [90m[39m
[35m[HTTP][39m [37m-->[39m [37mGET[39m [37m/wd/hub/session/d8b3fe85-4d8a-40c7-a99e-42cc4dd4ace0/element/9c15e30e-dd63-4a26-a533-70c81f6c1f74/size[39m
[35m[HTTP][39m [90m{}[39m
[35m[W3C][39m Driver proxy active, passing request on via HTTP proxy
[35m[JSONWP Proxy][39m Replacing sessionId d7fa93ad-1f80-4e96-a482-8fa66fc5edbf with d8b3fe85-4d8a-40c7-a99e-42cc4dd4ace0
[35m[HTTP][39m [37m<-- GET /wd/hub/session/d8b3fe85-4d8a-40c7-a99e-42cc4dd4ace0/element/9c15e30e-dd63-4a26-a533-70c81f6c1f74/size [39m[32m200[39m [90m58 ms - 98[39m
[35m[HTTP][39m [90m[39m
[35m[HTTP][39m [37m-->[39m [37mGET[39m [37m/wd/hub/session/d8b3fe85-4d8a-40c7-a99e-42cc4dd4ace0/window/current/size[39m
[35m[HTTP][39m [90m{}[39m
[35m[W3C][39m Driver proxy active, passing request on via HTTP proxy
[35m[JSONWP Proxy][39m Replacing sessionId d7fa93ad-1f80-4e96-a482-8fa66fc5edbf with d8b3fe85-4d8a-40c7-a99e-42cc4dd4ace0
[35m[HTTP][39m [37m<-- GET /wd/hub/session/d8b3fe85-4d8a-40c7-a99e-42cc4dd4ace0/window/current/size [39m[32m200[39m [90m38 ms - 100[39m
[35m[HTTP][39m [90m[39m
[35m[HTTP][39m [37m-->[39m [37mPOST[39m [37m/wd/hub/session/d8b3fe85-4d8a-40c7-a99e-42cc4dd4ace0/elements[39m
[35m[HTTP][39m [90m{"using":"-android uiautomator","value":"new UiSelector().className(\"android.widget.TextView\").text(\"Scelti per te questa settimana\").resourceId(\"it.sky.msa:id/categoryTitle\").instance(6)"}[39m
[35m[HTTP][39m [37m<-- POST /wd/hub/session/d8b3fe85-4d8a-40c7-a99e-42cc4dd4ace0/elements [39m[32m200[39m [90m109 ms - 124[39m
[35m[HTTP][39m [90m[39m
[35m[HTTP][39m [37m-->[39m [37mGET[39m [37m/wd/hub/session/d8b3fe85-4d8a-40c7-a99e-42cc4dd4ace0[39m
[35m[HTTP][39m [90m{}[39m
[35m[HTTP][39m [37m<-- GET /wd/hub/session/d8b3fe85-4d8a-40c7-a99e-42cc4dd4ace0 [39m[32m200[39m [90m29 ms - 1133[39m
[35m[HTTP][39m [90m[39m
[35m[HTTP][39m [37m-->[39m [37mGET[39m [37m/wd/hub/session/d8b3fe85-4d8a-40c7-a99e-42cc4dd4ace0[39m
[35m[HTTP][39m [90m{}[39m
[35m[HTTP][39m [37m<-- GET /wd/hub/session/d8b3fe85-4d8a-40c7-a99e-42cc4dd4ace0 [39m[32m200[39m [90m25 ms - 1133[39m
[35m[HTTP][39m [90m[39m
[35m[HTTP][39m [37m-->[39m [37mGET[39m [37m/wd/hub/session/d8b3fe85-4d8a-40c7-a99e-42cc4dd4ace0[39m
[35m[HTTP][39m [90m{}[39m
[35m[HTTP][39m [37m<-- GET /wd/hub/session/d8b3fe85-4d8a-40c7-a99e-42cc4dd4ace0 [39m[32m200[39m [90m25 ms - 1133[39m
[35m[HTTP][39m [90m[39m
[35m[HTTP][39m [37m-->[39m [37mGET[39m [37m/wd/hub/session/d8b3fe85-4d8a-40c7-a99e-42cc4dd4ace0[39m
[35m[HTTP][39m [90m{}[39m
[35m[HTTP][39m [37m<-- GET /wd/hub/session/d8b3fe85-4d8a-40c7-a99e-42cc4dd4ace0 [39m[32m200[39m [90m25 ms - 1133[39m
[35m[HTTP][39m [90m[39m
[35m[HTTP][39m [37m-->[39m [37mGET[39m [37m/wd/hub/session/d8b3fe85-4d8a-40c7-a99e-42cc4dd4ace0/element/f0357ccd-fec3-405c-bdd4-062bc5894440/location[39m
[35m[HTTP][39m [90m{}[39m
[35m[W3C][39m Driver proxy active, passing request on via HTTP proxy
[35m[JSONWP Proxy][39m Replacing sessionId d7fa93ad-1f80-4e96-a482-8fa66fc5edbf with d8b3fe85-4d8a-40c7-a99e-42cc4dd4ace0
[35m[HTTP][39m [37m<-- GET /wd/hub/session/d8b3fe85-4d8a-40c7-a99e-42cc4dd4ace0/element/f0357ccd-fec3-405c-bdd4-062bc5894440/location [39m[32m200[39m [90m55 ms - 89[39m
[35m[HTTP][39m [90m[39m
[35m[HTTP][39m [37m-->[39m [37mGET[39m [37m/wd/hub/session/d8b3fe85-4d8a-40c7-a99e-42cc4dd4ace0/element/f0357ccd-fec3-405c-bdd4-062bc5894440/size[39m
[35m[HTTP][39m [90m{}[39m
[35m[W3C][39m Driver proxy active, passing request on via HTTP proxy
[35m[JSONWP Proxy][39m Replacing sessionId d7fa93ad-1f80-4e96-a482-8fa66fc5edbf with d8b3fe85-4d8a-40c7-a99e-42cc4dd4ace0
[35m[HTTP][39m [37m<-- GET /wd/hub/session/d8b3fe85-4d8a-40c7-a99e-42cc4dd4ace0/element/f0357ccd-fec3-405c-bdd4-062bc5894440/size [39m[32m200[39m [90m47 ms - 98[39m
[35m[HTTP][39m [90m[39m
[35m[HTTP][39m [37m-->[39m [37mGET[39m [37m/wd/hub/session/d8b3fe85-4d8a-40c7-a99e-42cc4dd4ace0/window/current/size[39m
[35m[HTTP][39m [90m{}[39m
[35m[W3C][39m Driver proxy active, passing request on via HTTP proxy
[35m[JSONWP Proxy][39m Replacing sessionId d7fa93ad-1f80-4e96-a482-8fa66fc5edbf with d8b3fe85-4d8a-40c7-a99e-42cc4dd4ace0
[35m[HTTP][39m [37m<-- GET /wd/hub/session/d8b3fe85-4d8a-40c7-a99e-42cc4dd4ace0/window/current/size [39m[32m200[39m [90m75 ms - 100[39m
[35m[HTTP][39m [90m[39m
[35m[HTTP][39m [37m-->[39m [37mPOST[39m [37m/wd/hub/session/d8b3fe85-4d8a-40c7-a99e-42cc4dd4ace0/elements[39m
[35m[HTTP][39m [90m{"using":"-android uiautomator","value":"new UiSelector().className(\"android.widget.TextView\").resourceId(\"it.sky.msa:id/categoryTitle\")"}[39m
[35m[HTTP][39m [37m<-- POST /wd/hub/session/d8b3fe85-4d8a-40c7-a99e-42cc4dd4ace0/elements [39m[32m200[39m [90m146 ms - 124[39m
[35m[HTTP][39m [90m[39m
[35m[HTTP][39m [37m-->[39m [37mGET[39m [37m/wd/hub/session/d8b3fe85-4d8a-40c7-a99e-42cc4dd4ace0[39m
[35m[HTTP][39m [90m{}[39m
[35m[HTTP][39m [37m<-- GET /wd/hub/session/d8b3fe85-4d8a-40c7-a99e-42cc4dd4ace0 [39m[32m200[39m [90m33 ms - 1133[39m
[35m[HTTP][39m [90m[39m
[35m[HTTP][39m [37m-->[39m [37mGET[39m [37m/wd/hub/session/d8b3fe85-4d8a-40c7-a99e-42cc4dd4ace0[39m
[35m[HTTP][39m [90m{}[39m
[35m[HTTP][39m [37m<-- GET /wd/hub/session/d8b3fe85-4d8a-40c7-a99e-42cc4dd4ace0 [39m[32m200[39m [90m25 ms - 1133[39m
[35m[HTTP][39m [90m[39m
[35m[HTTP][39m [37m-->[39m [37mGET[39m [37m/wd/hub/session/d8b3fe85-4d8a-40c7-a99e-42cc4dd4ace0[39m
[35m[HTTP][39m [90m{}[39m
[35m[HTTP][39m [37m<-- GET /wd/hub/session/d8b3fe85-4d8a-40c7-a99e-42cc4dd4ace0 [39m[32m200[39m [90m23 ms - 1133[39m
[35m[HTTP][39m [90m[39m
[35m[HTTP][39m [37m-->[39m [37mGET[39m [37m/wd/hub/session/d8b3fe85-4d8a-40c7-a99e-42cc4dd4ace0[39m
[35m[HTTP][39m [90m{}[39m
[35m[HTTP][39m [37m<-- GET /wd/hub/session/d8b3fe85-4d8a-40c7-a99e-42cc4dd4ace0 [39m[32m200[39m [90m33 ms - 1133[39m
[35m[HTTP][39m [90m[39m
[35m[HTTP][39m [37m-->[39m [37mGET[39m [37m/wd/hub/session/d8b3fe85-4d8a-40c7-a99e-42cc4dd4ace0/element/209f86c9-90f9-4859-8c8c-4c0a0c9eb909/location[39m
[35m[HTTP][39m [90m{}[39m
[35m[W3C][39m Driver proxy active, passing request on via HTTP proxy
[35m[JSONWP Proxy][39m Replacing sessionId d7fa93ad-1f80-4e96-a482-8fa66fc5edbf with d8b3fe85-4d8a-40c7-a99e-42cc4dd4ace0
[35m[HTTP][39m [37m<-- GET /wd/hub/session/d8b3fe85-4d8a-40c7-a99e-42cc4dd4ace0/element/209f86c9-90f9-4859-8c8c-4c0a0c9eb909/location [39m[32m200[39m [90m81 ms - 89[39m
[35m[HTTP][39m [90m[39m
[35m[HTTP][39m [37m-->[39m [37mGET[39m [37m/wd/hub/session/d8b3fe85-4d8a-40c7-a99e-42cc4dd4ace0/element/209f86c9-90f9-4859-8c8c-4c0a0c9eb909/text[39m
[35m[HTTP][39m [90m{}[39m
[35m[W3C][39m Driver proxy active, passing request on via HTTP proxy
[35m[JSONWP Proxy][39m Replacing sessionId d7fa93ad-1f80-4e96-a482-8fa66fc5edbf with d8b3fe85-4d8a-40c7-a99e-42cc4dd4ace0
[35m[HTTP][39m [37m<-- GET /wd/hub/session/d8b3fe85-4d8a-40c7-a99e-42cc4dd4ace0/element/209f86c9-90f9-4859-8c8c-4c0a0c9eb909/text [39m[32m200[39m [90m93 ms - 104[39m
[35m[HTTP][39m [90m[39m
[35m[HTTP][39m [37m-->[39m [37mGET[39m [37m/wd/hub/session/d8b3fe85-4d8a-40c7-a99e-42cc4dd4ace0/window/current/size[39m
[35m[HTTP][39m [90m{}[39m
[35m[W3C][39m Driver proxy active, passing request on via HTTP proxy
[35m[JSONWP Proxy][39m Replacing sessionId d7fa93ad-1f80-4e96-a482-8fa66fc5edbf with d8b3fe85-4d8a-40c7-a99e-42cc4dd4ace0
[35m[HTTP][39m [37m<-- GET /wd/hub/session/d8b3fe85-4d8a-40c7-a99e-42cc4dd4ace0/window/current/size [39m[32m200[39m [90m32 ms - 100[39m
[35m[HTTP][39m [90m[39m
[35m[HTTP][39m [37m-->[39m [37mPOST[39m [37m/wd/hub/session/d8b3fe85-4d8a-40c7-a99e-42cc4dd4ace0/elements[39m
[35m[HTTP][39m [90m{"using":"-android uiautomator","value":"new UiSelector().className(\"android.widget.Button\").text(\"Vedi tutti\").resourceId(\"it.sky.msa:id/showAllCategoryButton\").instance(0)"}[39m
[35m[HTTP][39m [37m<-- POST /wd/hub/session/d8b3fe85-4d8a-40c7-a99e-42cc4dd4ace0/elements [39m[32m200[39m [90m89 ms - 124[39m
[35m[HTTP][39m [90m[39m
[35m[HTTP][39m [37m-->[39m [37mGET[39m [37m/wd/hub/session/d8b3fe85-4d8a-40c7-a99e-42cc4dd4ace0[39m
[35m[HTTP][39m [90m{}[39m
[35m[HTTP][39m [37m<-- GET /wd/hub/session/d8b3fe85-4d8a-40c7-a99e-42cc4dd4ace0 [39m[32m200[39m [90m23 ms - 1133[39m
[35m[HTTP][39m [90m[39m
[35m[HTTP][39m [37m-->[39m [37mGET[39m [37m/wd/hub/session/d8b3fe85-4d8a-40c7-a99e-42cc4dd4ace0[39m
[35m[HTTP][39m [90m{}[39m
[35m[HTTP][39m [37m<-- GET /wd/hub/session/d8b3fe85-4d8a-40c7-a99e-42cc4dd4ace0 [39m[32m200[39m [90m23 ms - 1133[39m
[35m[HTTP][39m [90m[39m
[35m[HTTP][39m [37m-->[39m [37mGET[39m [37m/wd/hub/session/d8b3fe85-4d8a-40c7-a99e-42cc4dd4ace0[39m
[35m[HTTP][39m [90m{}[39m
[35m[HTTP][39m [37m<-- GET /wd/hub/session/d8b3fe85-4d8a-40c7-a99e-42cc4dd4ace0 [39m[32m200[39m [90m28 ms - 1133[39m
[35m[HTTP][39m [90m[39m
[35m[HTTP][39m [37m-->[39m [37mGET[39m [37m/wd/hub/session/d8b3fe85-4d8a-40c7-a99e-42cc4dd4ace0[39m
[35m[HTTP][39m [90m{}[39m
[35m[HTTP][39m [37m<-- GET /wd/hub/session/d8b3fe85-4d8a-40c7-a99e-42cc4dd4ace0 [39m[32m200[39m [90m22 ms - 1133[39m
[35m[HTTP][39m [90m[39m
[35m[HTTP][39m [37m-->[39m [37mGET[39m [37m/wd/hub/session/d8b3fe85-4d8a-40c7-a99e-42cc4dd4ace0/element/6ea33db2-c3d1-413f-9c86-6f0d3f17c497/location[39m
[35m[HTTP][39m [90m{}[39m
[35m[W3C][39m Driver proxy active, passing request on via HTTP proxy
[35m[JSONWP Proxy][39m Replacing sessionId d7fa93ad-1f80-4e96-a482-8fa66fc5edbf with d8b3fe85-4d8a-40c7-a99e-42cc4dd4ace0
[35m[HTTP][39m [37m<-- GET /wd/hub/session/d8b3fe85-4d8a-40c7-a99e-42cc4dd4ace0/element/6ea33db2-c3d1-413f-9c86-6f0d3f17c497/location [39m[32m200[39m [90m44 ms - 90[39m
[35m[HTTP][39m [90m[39m
[35m[HTTP][39m [37m-->[39m [37mPOST[39m [37m/wd/hub/session/d8b3fe85-4d8a-40c7-a99e-42cc4dd4ace0/touch/perform[39m
[35m[HTTP][39m [90m{"actions":[{"action":"tap","options":{"element":"6ea33db2-c3d1-413f-9c86-6f0d3f17c497","x":1,"y":1}}]}[39m
[35m[UiAutomator2][39m calling get location: 6ea33db2-c3d1-413f-9c86-6f0d3f17c497
[35m[HTTP][39m [37m<-- POST /wd/hub/session/d8b3fe85-4d8a-40c7-a99e-42cc4dd4ace0/touch/perform [39m[32m200[39m [90m930 ms - 76[39m
[35m[HTTP][39m [90m[39m
[35m[HTTP][39m [37m-->[39m [37mGET[39m [37m/wd/hub/session/d8b3fe85-4d8a-40c7-a99e-42cc4dd4ace0/window/current/size[39m
[35m[HTTP][39m [90m{}[39m
[35m[W3C][39m Driver proxy active, passing request on via HTTP proxy
[35m[JSONWP Proxy][39m Replacing sessionId d7fa93ad-1f80-4e96-a482-8fa66fc5edbf with d8b3fe85-4d8a-40c7-a99e-42cc4dd4ace0
[35m[HTTP][39m [37m<-- GET /wd/hub/session/d8b3fe85-4d8a-40c7-a99e-42cc4dd4ace0/window/current/size [39m[32m200[39m [90m40 ms - 100[39m
[35m[HTTP][39m [90m[39m
[35m[HTTP][39m [37m-->[39m [37mPOST[39m [37m/wd/hub/session/d8b3fe85-4d8a-40c7-a99e-42cc4dd4ace0/elements[39m
[35m[HTTP][39m [90m{"using":"-android uiautomator","value":"new UiSelector().className(\"android.widget.TextView\").resourceId(\"it.sky.msa:id/toolbarTitle\")"}[39m
[35m[HTTP][39m [37m<-- POST /wd/hub/session/d8b3fe85-4d8a-40c7-a99e-42cc4dd4ace0/elements [39m[32m200[39m [90m90 ms - 124[39m
[35m[HTTP][39m [90m[39m
[35m[HTTP][39m [37m-->[39m [37mGET[39m [37m/wd/hub/session/d8b3fe85-4d8a-40c7-a99e-42cc4dd4ace0[39m
[35m[HTTP][39m [90m{}[39m
[35m[HTTP][39m [37m<-- GET /wd/hub/session/d8b3fe85-4d8a-40c7-a99e-42cc4dd4ace0 [39m[32m200[39m [90m30 ms - 1133[39m
[35m[HTTP][39m [90m[39m
[35m[HTTP][39m [37m-->[39m [37mGET[39m [37m/wd/hub/session/d8b3fe85-4d8a-40c7-a99e-42cc4dd4ace0[39m
[35m[HTTP][39m [90m{}[39m
[35m[HTTP][39m [37m<-- GET /wd/hub/session/d8b3fe85-4d8a-40c7-a99e-42cc4dd4ace0 [39m[32m200[39m [90m29 ms - 1133[39m
[35m[HTTP][39m [90m[39m
[35m[HTTP][39m [37m-->[39m [37mGET[39m [37m/wd/hub/session/d8b3fe85-4d8a-40c7-a99e-42cc4dd4ace0[39m
[35m[HTTP][39m [90m{}[39m
[35m[HTTP][39m [37m<-- GET /wd/hub/session/d8b3fe85-4d8a-40c7-a99e-42cc4dd4ace0 [39m[32m200[39m [90m28 ms - 1133[39m
[35m[HTTP][39m [90m[39m
[35m[HTTP][39m [37m-->[39m [37mGET[39m [37m/wd/hub/session/d8b3fe85-4d8a-40c7-a99e-42cc4dd4ace0[39m
[35m[HTTP][39m [90m{}[39m
[35m[HTTP][39m [37m<-- GET /wd/hub/session/d8b3fe85-4d8a-40c7-a99e-42cc4dd4ace0 [39m[32m200[39m [90m27 ms - 1133[39m
[35m[HTTP][39m [90m[39m
[35m[HTTP][39m [37m-->[39m [37mGET[39m [37m/wd/hub/session/d8b3fe85-4d8a-40c7-a99e-42cc4dd4ace0/element/26287901-bdba-4e61-af51-e9f2f793143d/location[39m
[35m[HTTP][39m [90m{}[39m
[35m[W3C][39m Driver proxy active, passing request on via HTTP proxy
[35m[JSONWP Proxy][39m Replacing sessionId d7fa93ad-1f80-4e96-a482-8fa66fc5edbf with d8b3fe85-4d8a-40c7-a99e-42cc4dd4ace0
[35m[HTTP][39m [37m<-- GET /wd/hub/session/d8b3fe85-4d8a-40c7-a99e-42cc4dd4ace0/element/26287901-bdba-4e61-af51-e9f2f793143d/location [39m[32m200[39m [90m52 ms - 89[39m
[35m[HTTP][39m [90m[39m
[35m[HTTP][39m [37m-->[39m [37mGET[39m [37m/wd/hub/session/d8b3fe85-4d8a-40c7-a99e-42cc4dd4ace0/element/26287901-bdba-4e61-af51-e9f2f793143d/text[39m
[35m[HTTP][39m [90m{}[39m
[35m[W3C][39m Driver proxy active, passing request on via HTTP proxy
[35m[JSONWP Proxy][39m Replacing sessionId d7fa93ad-1f80-4e96-a482-8fa66fc5edbf with d8b3fe85-4d8a-40c7-a99e-42cc4dd4ace0
[35m[HTTP][39m [37m<-- GET /wd/hub/session/d8b3fe85-4d8a-40c7-a99e-42cc4dd4ace0/element/26287901-bdba-4e61-af51-e9f2f793143d/text [39m[32m200[39m [90m59 ms - 104[39m
[35m[HTTP][39m [90m[39m
[35m[HTTP][39m [37m-->[39m [37mGET[39m [37m/wd/hub/session/d8b3fe85-4d8a-40c7-a99e-42cc4dd4ace0/window/current/size[39m
[35m[HTTP][39m [90m{}[39m
[35m[W3C][39m Driver proxy active, passing request on via HTTP proxy
[35m[JSONWP Proxy][39m Replacing sessionId d7fa93ad-1f80-4e96-a482-8fa66fc5edbf with d8b3fe85-4d8a-40c7-a99e-42cc4dd4ace0
[35m[HTTP][39m [37m<-- GET /wd/hub/session/d8b3fe85-4d8a-40c7-a99e-42cc4dd4ace0/window/current/size [39m[32m200[39m [90m38 ms - 100[39m
[35m[HTTP][39m [90m[39m
[35m[HTTP][39m [37m-->[39m [37mPOST[39m [37m/wd/hub/session/d8b3fe85-4d8a-40c7-a99e-42cc4dd4ace0/elements[39m
[35m[HTTP][39m [90m{"using":"-android uiautomator","value":"new UiSelector().className(\"android.widget.ImageButton\").instance(0)"}[39m
[35m[HTTP][39m [37m<-- POST /wd/hub/session/d8b3fe85-4d8a-40c7-a99e-42cc4dd4ace0/elements [39m[32m200[39m [90m948 ms - 124[39m
[35m[HTTP][39m [90m[39m
[35m[HTTP][39m [37m-->[39m [37mGET[39m [37m/wd/hub/session/d8b3fe85-4d8a-40c7-a99e-42cc4dd4ace0[39m
[35m[HTTP][39m [90m{}[39m
[35m[HTTP][39m [37m<-- GET /wd/hub/session/d8b3fe85-4d8a-40c7-a99e-42cc4dd4ace0 [39m[32m200[39m [90m25 ms - 1133[39m
[35m[HTTP][39m [90m[39m
[35m[HTTP][39m [37m-->[39m [37mGET[39m [37m/wd/hub/session/d8b3fe85-4d8a-40c7-a99e-42cc4dd4ace0[39m
[35m[HTTP][39m [90m{}[39m
[35m[HTTP][39m [37m<-- GET /wd/hub/session/d8b3fe85-4d8a-40c7-a99e-42cc4dd4ace0 [39m[32m200[39m [90m23 ms - 1133[39m
[35m[HTTP][39m [90m[39m
[35m[HTTP][39m [37m-->[39m [37mGET[39m [37m/wd/hub/session/d8b3fe85-4d8a-40c7-a99e-42cc4dd4ace0[39m
[35m[HTTP][39m [90m{}[39m
[35m[HTTP][39m [37m<-- GET /wd/hub/session/d8b3fe85-4d8a-40c7-a99e-42cc4dd4ace0 [39m[32m200[39m [90m22 ms - 1133[39m
[35m[HTTP][39m [90m[39m
[35m[HTTP][39m [37m-->[39m [37mGET[39m [37m/wd/hub/session/d8b3fe85-4d8a-40c7-a99e-42cc4dd4ace0[39m
[35m[HTTP][39m [90m{}[39m
[35m[HTTP][39m [37m<-- GET /wd/hub/session/d8b3fe85-4d8a-40c7-a99e-42cc4dd4ace0 [39m[32m200[39m [90m25 ms - 1133[39m
[35m[HTTP][39m [90m[39m
[35m[HTTP][39m [37m-->[39m [37mGET[39m [37m/wd/hub/session/d8b3fe85-4d8a-40c7-a99e-42cc4dd4ace0/element/de27f223-ecc0-4071-b25a-a37aff3bb4e8/location[39m
[35m[HTTP][39m [90m{}[39m
[35m[W3C][39m Driver proxy active, passing request on via HTTP proxy
[35m[JSONWP Proxy][39m Replacing sessionId d7fa93ad-1f80-4e96-a482-8fa66fc5edbf with d8b3fe85-4d8a-40c7-a99e-42cc4dd4ace0
[35m[HTTP][39m [37m<-- GET /wd/hub/session/d8b3fe85-4d8a-40c7-a99e-42cc4dd4ace0/element/de27f223-ecc0-4071-b25a-a37aff3bb4e8/location [39m[32m200[39m [90m84 ms - 86[39m
[35m[HTTP][39m [90m[39m
[35m[HTTP][39m [37m-->[39m [37mPOST[39m [37m/wd/hub/session/d8b3fe85-4d8a-40c7-a99e-42cc4dd4ace0/touch/perform[39m
[35m[HTTP][39m [90m{"actions":[{"action":"tap","options":{"element":"de27f223-ecc0-4071-b25a-a37aff3bb4e8","x":1,"y":1}}]}[39m
[35m[UiAutomator2][39m calling get location: de27f223-ecc0-4071-b25a-a37aff3bb4e8
[35m[HTTP][39m [37m<-- POST /wd/hub/session/d8b3fe85-4d8a-40c7-a99e-42cc4dd4ace0/touch/perform [39m[32m200[39m [90m987 ms - 76[39m
[35m[HTTP][39m [90m[39m
[35m[HTTP][39m [37m-->[39m [37mDELETE[39m [37m/wd/hub/session/d8b3fe85-4d8a-40c7-a99e-42cc4dd4ace0[39m
[35m[HTTP][39m [90m{}[39m
[35m[Appium][39m Removing session d8b3fe85-4d8a-40c7-a99e-42cc4dd4ace0 from our master session list
[35m[HTTP][39m [37m<-- DELETE /wd/hub/session/d8b3fe85-4d8a-40c7-a99e-42cc4dd4ace0 [39m[32m200[39m [90m332 ms - 76[39m
[35m[HTTP][39m [90m[39m
