[35m[Appium][39m Welcome to Appium v1.8.1
[35m[Appium][39m Non-default server args:
[35m[Appium][39m   port: 50519
[35m[Appium][39m   loglevel: info
[35m[Appium][39m   chromeDriverPort: 50520
[35m[Appium][39m   tmpDir: C:\Users\marco\AppData\Local\Temp\\Katalon\Appium\Temp1551189568025
[35m[Appium][39m Appium REST http interface listener started on 0.0.0.0:50519
[35m[HTTP][39m [37m-->[39m [37mGET[39m [37m/wd/hub/status[39m
[35m[HTTP][39m [90m{}[39m
[35m[HTTP][39m [37m<-- GET /wd/hub/status [39m[32m200[39m [90m50 ms - 83[39m
[35m[HTTP][39m [90m[39m
[35m[HTTP][39m [37m-->[39m [37mPOST[39m [37m/wd/hub/session[39m
[35m[HTTP][39m [90m{"desiredCapabilities":{"app":"C:\\Users\\MSA-testautomation\\59.apk","autoGrantPermissions":true,"automationName":"uiautomator2","deviceName":"samsung SM-G935F (Android 8.0.0)","fullReset":false,"newCommandTimeout":1800,"noReset":true,"platform":"ANDROID","platformName":"Android","udid":"9885f7504651473733"},"capabilities":{"desiredCapabilities":{"app":"C:\\Users\\MSA-testautomation\\59.apk","autoGrantPermissions":true,"automationName":"uiautomator2","deviceName":"samsung SM-G935F (Android 8.0.0)","fullReset":false,"newCommandTimeout":1800,"noReset":true,"platform":"ANDROID","platformName":"Android","udid":"9885f7504651473733"},"firstMatch":[{"platformName":"android"}]}}[39m
[35m[Appium][39m Could not parse W3C capabilities: 'deviceName' can't be blank. Falling back to JSONWP protocol.
[35m[Appium][39m The following capabilities were provided in the JSONWP desired capabilities that are missing in W3C capabilities: ["app","autoGrantPermissions","automationName","deviceName","fullReset","newCommandTimeout","noReset","platform","platformName","udid"]. Falling back to JSONWP protocol.
[35m[Appium][39m Creating new AndroidUiautomator2Driver (v1.12.0) session
[35m[Appium][39m Capabilities:
[35m[Appium][39m   app: C:\Users\MSA-testautomation\59.apk
[35m[Appium][39m   autoGrantPermissions: true
[35m[Appium][39m   automationName: uiautomator2
[35m[Appium][39m   deviceName: samsung SM-G935F (Android 8.0.0)
[35m[Appium][39m   fullReset: false
[35m[Appium][39m   newCommandTimeout: 1800
[35m[Appium][39m   noReset: true
[35m[Appium][39m   platform: ANDROID
[35m[Appium][39m   platformName: Android
[35m[Appium][39m   udid: 9885f7504651473733
[35m[BaseDriver][39m The following capabilities were provided, but are not recognized by appium: platform.
[35m[BaseDriver][39m Session created with session id: 8eece7a7-d1dd-4ce2-99a4-6266ed0d8544
[35m[BaseDriver][39m Using local app 'C:\Users\MSA-testautomation\59.apk'
[35m[AndroidDriver][39m Java version is: 1.8.0_181
[35m[ADB][39m Checking whether adb is present
[35m[ADB][39m Found 1 'build-tools' folders under 'C:\Users\marco\.katalon\tools\android_sdk' (newest first):
[35m[ADB][39m     C:/Users/marco/.katalon/tools/android_sdk/build-tools/28.0.3
[35m[ADB][39m Using adb.exe from C:\Users\marco\.katalon\tools\android_sdk\platform-tools\adb.exe
[35m[AndroidDriver][39m Retrieving device list
[35m[AndroidDriver][39m Using device: 9885f7504651473733
[35m[ADB][39m Using the alternative activity name detection method because of: Could not find apkanalyzer.bat in C:\Users\marco\.katalon\tools\android_sdk\platform-tools\apkanalyzer.bat,C:\Users\marco\.katalon\tools\android_sdk\emulator\apkanalyzer.bat,C:\Users\marco\.katalon\tools\android_sdk\tools\apkanalyzer.bat,C:\Users\marco\.katalon\tools\android_sdk\tools\bin\apkanalyzer.bat,C:\Users\marco\.katalon\tools\android_sdk\build-tools\28.0.3\apkanalyzer.bat. Do you have the Android SDK installed at 'C:\Users\marco\.katalon\tools\android_sdk'?
[35m[ADB][39m Checking whether aapt is present
[35m[ADB][39m Using aapt.exe from C:\Users\marco\.katalon\tools\android_sdk\build-tools\28.0.3\aapt.exe
[35m[ADB][39m Extracting package and launch activity from manifest
[35m[ADB][39m Package name: 'it.sky.msa'
[35m[ADB][39m Main activity name: 'it.sky.msa.welcome.SplashActivity'
[35m[ADB][39m Getting device platform version
[35m[ADB][39m Using apksigner.bat from C:\Users\marco\.katalon\tools\android_sdk\build-tools\28.0.3\apksigner.bat
[35m[ADB][39m Checking whether zipalign is present
[35m[ADB][39m Using zipalign.exe from C:\Users\marco\.katalon\tools\android_sdk\build-tools\28.0.3\zipalign.exe
[35m[ADB][39m io.appium.uiautomator2.server was successfully uninstalled
[35m[ADB][39m io.appium.uiautomator2.server.test was successfully uninstalled
[35m[AndroidDriver][39m setDeviceLanguageCountry requires language or country.
[35m[AndroidDriver][39m Got language: 'null' and country: 'null'
[35m[ADB][39m Successfully extracted 218 strings from 'C:\Users\MSA-testautomation\59.apk' resources for '(default)' configuration
[35m[UiAutomator2][39m Starting uiautomator2 server 1.12.0
[35m[UiAutomator2][39m Using UIAutomator2 server from 'C:\Users\marco\AppData\Roaming\npm\node_modules\appium\node_modules\appium-uiautomator2-server\apks\appium-uiautomator2-server-v1.12.0.apk' and test from 'C:\Users\marco\AppData\Roaming\npm\node_modules\appium\node_modules\appium-uiautomator2-server\apks\appium-uiautomator2-server-debug-androidTest.apk'
[35m[UiAutomator2][39m Running command: 'adb -s 9885f7504651473733 shell am instrument -w io.appium.uiautomator2.server.test/android.support.test.runner.AndroidJUnitRunner'
[35m[UiAutomator2][39m Waiting up to 20000ms for UiAutomator2 to be online...
[35m[AndroidDriver][39m Screen already unlocked, doing nothing
[35m[UiAutomator2][39m UiAutomator2 did not start the activity we were waiting for, 'it.sky.msa/it.sky.msa.welcome.SplashActivity'. Starting it ourselves
[35m[Appium][39m New AndroidUiautomator2Driver session created successfully, session 8eece7a7-d1dd-4ce2-99a4-6266ed0d8544 added to master session list
[35m[HTTP][39m [37m<-- POST /wd/hub/session [39m[32m200[39m [90m21931 ms - 1133[39m
[35m[HTTP][39m [90m[39m
[35m[HTTP][39m [37m-->[39m [37mGET[39m [37m/wd/hub/status[39m
[35m[HTTP][39m [90m{}[39m
[35m[HTTP][39m [37m<-- GET /wd/hub/status [39m[32m200[39m [90m66 ms - 55[39m
[35m[HTTP][39m [90m[39m
[35m[HTTP][39m [37m-->[39m [37mPOST[39m [37m/wd/hub/session/8eece7a7-d1dd-4ce2-99a4-6266ed0d8544/timeouts[39m
[35m[HTTP][39m [90m{"type":"implicit","ms":30000}[39m
[35m[HTTP][39m [37m<-- POST /wd/hub/session/8eece7a7-d1dd-4ce2-99a4-6266ed0d8544/timeouts [39m[33m400[39m [90m23 ms - 5204[39m
[35m[HTTP][39m [90m[39m
[35m[HTTP][39m [37m-->[39m [37mGET[39m [37m/wd/hub/session/8eece7a7-d1dd-4ce2-99a4-6266ed0d8544/window/current/size[39m
[35m[HTTP][39m [90m{}[39m
[35m[W3C][39m Driver proxy active, passing request on via HTTP proxy
[35m[JSONWP Proxy][39m Replacing sessionId 081a4f35-9471-4b06-9e13-3baea86d77fc with 8eece7a7-d1dd-4ce2-99a4-6266ed0d8544
[35m[HTTP][39m [37m<-- GET /wd/hub/session/8eece7a7-d1dd-4ce2-99a4-6266ed0d8544/window/current/size [39m[32m200[39m [90m64 ms - 100[39m
[35m[HTTP][39m [90m[39m
[35m[HTTP][39m [37m-->[39m [37mPOST[39m [37m/wd/hub/session/8eece7a7-d1dd-4ce2-99a4-6266ed0d8544/elements[39m
[35m[HTTP][39m [90m{"using":"-android uiautomator","value":"new UiSelector().className(\"android.widget.TextView\").text(\"Guida TV\").resourceId(\"it.sky.msa:id/title\").instance(5)"}[39m
[35m[HTTP][39m [37m<-- POST /wd/hub/session/8eece7a7-d1dd-4ce2-99a4-6266ed0d8544/elements [39m[32m200[39m [90m499 ms - 74[39m
[35m[HTTP][39m [90m[39m
[35m[HTTP][39m [37m-->[39m [37mPOST[39m [37m/wd/hub/session/8eece7a7-d1dd-4ce2-99a4-6266ed0d8544/elements[39m
[35m[HTTP][39m [90m{"using":"-android uiautomator","value":"new UiSelector().className(\"android.widget.TextView\").text(\"Guida TV\").resourceId(\"it.sky.msa:id/title\").instance(5)"}[39m
[35m[HTTP][39m [37m<-- POST /wd/hub/session/8eece7a7-d1dd-4ce2-99a4-6266ed0d8544/elements [39m[32m200[39m [90m84 ms - 74[39m
[35m[HTTP][39m [90m[39m
[35m[HTTP][39m [37m-->[39m [37mPOST[39m [37m/wd/hub/session/8eece7a7-d1dd-4ce2-99a4-6266ed0d8544/elements[39m
[35m[HTTP][39m [90m{"using":"-android uiautomator","value":"new UiSelector().className(\"android.widget.TextView\").text(\"Guida TV\").resourceId(\"it.sky.msa:id/title\").instance(5)"}[39m
[35m[HTTP][39m [37m<-- POST /wd/hub/session/8eece7a7-d1dd-4ce2-99a4-6266ed0d8544/elements [39m[32m200[39m [90m68 ms - 74[39m
[35m[HTTP][39m [90m[39m
[35m[HTTP][39m [37m-->[39m [37mPOST[39m [37m/wd/hub/session/8eece7a7-d1dd-4ce2-99a4-6266ed0d8544/elements[39m
[35m[HTTP][39m [90m{"using":"-android uiautomator","value":"new UiSelector().className(\"android.widget.TextView\").text(\"Guida TV\").resourceId(\"it.sky.msa:id/title\").instance(5)"}[39m
[35m[HTTP][39m [37m<-- POST /wd/hub/session/8eece7a7-d1dd-4ce2-99a4-6266ed0d8544/elements [39m[32m200[39m [90m60 ms - 74[39m
[35m[HTTP][39m [90m[39m
[35m[HTTP][39m [37m-->[39m [37mPOST[39m [37m/wd/hub/session/8eece7a7-d1dd-4ce2-99a4-6266ed0d8544/elements[39m
[35m[HTTP][39m [90m{"using":"-android uiautomator","value":"new UiSelector().className(\"android.widget.TextView\").text(\"Guida TV\").resourceId(\"it.sky.msa:id/title\").instance(5)"}[39m
[35m[HTTP][39m [37m<-- POST /wd/hub/session/8eece7a7-d1dd-4ce2-99a4-6266ed0d8544/elements [39m[32m200[39m [90m64 ms - 74[39m
[35m[HTTP][39m [90m[39m
[35m[HTTP][39m [37m-->[39m [37mPOST[39m [37m/wd/hub/session/8eece7a7-d1dd-4ce2-99a4-6266ed0d8544/elements[39m
[35m[HTTP][39m [90m{"using":"-android uiautomator","value":"new UiSelector().className(\"android.widget.TextView\").text(\"Guida TV\").resourceId(\"it.sky.msa:id/title\").instance(5)"}[39m
[35m[HTTP][39m [37m<-- POST /wd/hub/session/8eece7a7-d1dd-4ce2-99a4-6266ed0d8544/elements [39m[32m200[39m [90m60 ms - 74[39m
[35m[HTTP][39m [90m[39m
[35m[HTTP][39m [37m-->[39m [37mPOST[39m [37m/wd/hub/session/8eece7a7-d1dd-4ce2-99a4-6266ed0d8544/elements[39m
[35m[HTTP][39m [90m{"using":"-android uiautomator","value":"new UiSelector().className(\"android.widget.TextView\").text(\"Guida TV\").resourceId(\"it.sky.msa:id/title\").instance(5)"}[39m
[35m[HTTP][39m [37m<-- POST /wd/hub/session/8eece7a7-d1dd-4ce2-99a4-6266ed0d8544/elements [39m[32m200[39m [90m95 ms - 74[39m
[35m[HTTP][39m [90m[39m
[35m[HTTP][39m [37m-->[39m [37mPOST[39m [37m/wd/hub/session/8eece7a7-d1dd-4ce2-99a4-6266ed0d8544/elements[39m
[35m[HTTP][39m [90m{"using":"-android uiautomator","value":"new UiSelector().className(\"android.widget.TextView\").text(\"Guida TV\").resourceId(\"it.sky.msa:id/title\").instance(5)"}[39m
[35m[HTTP][39m [37m<-- POST /wd/hub/session/8eece7a7-d1dd-4ce2-99a4-6266ed0d8544/elements [39m[32m200[39m [90m65 ms - 74[39m
[35m[HTTP][39m [90m[39m
[35m[HTTP][39m [37m-->[39m [37mPOST[39m [37m/wd/hub/session/8eece7a7-d1dd-4ce2-99a4-6266ed0d8544/elements[39m
[35m[HTTP][39m [90m{"using":"-android uiautomator","value":"new UiSelector().className(\"android.widget.TextView\").text(\"Guida TV\").resourceId(\"it.sky.msa:id/title\").instance(5)"}[39m
[35m[HTTP][39m [37m<-- POST /wd/hub/session/8eece7a7-d1dd-4ce2-99a4-6266ed0d8544/elements [39m[32m200[39m [90m696 ms - 74[39m
[35m[HTTP][39m [90m[39m
[35m[HTTP][39m [37m-->[39m [37mPOST[39m [37m/wd/hub/session/8eece7a7-d1dd-4ce2-99a4-6266ed0d8544/elements[39m
[35m[HTTP][39m [90m{"using":"-android uiautomator","value":"new UiSelector().className(\"android.widget.TextView\").text(\"Guida TV\").resourceId(\"it.sky.msa:id/title\").instance(5)"}[39m
[35m[HTTP][39m [37m<-- POST /wd/hub/session/8eece7a7-d1dd-4ce2-99a4-6266ed0d8544/elements [39m[32m200[39m [90m67 ms - 74[39m
[35m[HTTP][39m [90m[39m
[35m[HTTP][39m [37m-->[39m [37mPOST[39m [37m/wd/hub/session/8eece7a7-d1dd-4ce2-99a4-6266ed0d8544/elements[39m
[35m[HTTP][39m [90m{"using":"-android uiautomator","value":"new UiSelector().className(\"android.widget.TextView\").text(\"Guida TV\").resourceId(\"it.sky.msa:id/title\").instance(5)"}[39m
[35m[HTTP][39m [37m<-- POST /wd/hub/session/8eece7a7-d1dd-4ce2-99a4-6266ed0d8544/elements [39m[32m200[39m [90m88 ms - 74[39m
[35m[HTTP][39m [90m[39m
[35m[HTTP][39m [37m-->[39m [37mPOST[39m [37m/wd/hub/session/8eece7a7-d1dd-4ce2-99a4-6266ed0d8544/elements[39m
[35m[HTTP][39m [90m{"using":"-android uiautomator","value":"new UiSelector().className(\"android.widget.TextView\").text(\"Guida TV\").resourceId(\"it.sky.msa:id/title\").instance(5)"}[39m
[35m[HTTP][39m [37m<-- POST /wd/hub/session/8eece7a7-d1dd-4ce2-99a4-6266ed0d8544/elements [39m[32m200[39m [90m962 ms - 124[39m
[35m[HTTP][39m [90m[39m
[35m[HTTP][39m [37m-->[39m [37mGET[39m [37m/wd/hub/session/8eece7a7-d1dd-4ce2-99a4-6266ed0d8544[39m
[35m[HTTP][39m [90m{}[39m
[35m[HTTP][39m [37m<-- GET /wd/hub/session/8eece7a7-d1dd-4ce2-99a4-6266ed0d8544 [39m[32m200[39m [90m41 ms - 1133[39m
[35m[HTTP][39m [90m[39m
[35m[HTTP][39m [37m-->[39m [37mGET[39m [37m/wd/hub/session/8eece7a7-d1dd-4ce2-99a4-6266ed0d8544[39m
[35m[HTTP][39m [90m{}[39m
[35m[HTTP][39m [37m<-- GET /wd/hub/session/8eece7a7-d1dd-4ce2-99a4-6266ed0d8544 [39m[32m200[39m [90m31 ms - 1133[39m
[35m[HTTP][39m [90m[39m
[35m[HTTP][39m [37m-->[39m [37mGET[39m [37m/wd/hub/session/8eece7a7-d1dd-4ce2-99a4-6266ed0d8544[39m
[35m[HTTP][39m [90m{}[39m
[35m[HTTP][39m [37m<-- GET /wd/hub/session/8eece7a7-d1dd-4ce2-99a4-6266ed0d8544 [39m[32m200[39m [90m35 ms - 1133[39m
[35m[HTTP][39m [90m[39m
[35m[HTTP][39m [37m-->[39m [37mGET[39m [37m/wd/hub/session/8eece7a7-d1dd-4ce2-99a4-6266ed0d8544[39m
[35m[HTTP][39m [90m{}[39m
[35m[HTTP][39m [37m<-- GET /wd/hub/session/8eece7a7-d1dd-4ce2-99a4-6266ed0d8544 [39m[32m200[39m [90m33 ms - 1133[39m
[35m[HTTP][39m [90m[39m
[35m[HTTP][39m [37m-->[39m [37mGET[39m [37m/wd/hub/session/8eece7a7-d1dd-4ce2-99a4-6266ed0d8544/element/d479c6c6-e363-4789-b507-3fd26dabe5bc/location[39m
[35m[HTTP][39m [90m{}[39m
[35m[W3C][39m Driver proxy active, passing request on via HTTP proxy
[35m[JSONWP Proxy][39m Replacing sessionId 081a4f35-9471-4b06-9e13-3baea86d77fc with 8eece7a7-d1dd-4ce2-99a4-6266ed0d8544
[35m[HTTP][39m [37m<-- GET /wd/hub/session/8eece7a7-d1dd-4ce2-99a4-6266ed0d8544/element/d479c6c6-e363-4789-b507-3fd26dabe5bc/location [39m[32m200[39m [90m77 ms - 90[39m
[35m[HTTP][39m [90m[39m
[35m[HTTP][39m [37m-->[39m [37mPOST[39m [37m/wd/hub/session/8eece7a7-d1dd-4ce2-99a4-6266ed0d8544/touch/perform[39m
[35m[HTTP][39m [90m{"actions":[{"action":"tap","options":{"element":"d479c6c6-e363-4789-b507-3fd26dabe5bc","x":1,"y":1}}]}[39m
[35m[UiAutomator2][39m calling get location: d479c6c6-e363-4789-b507-3fd26dabe5bc
[35m[HTTP][39m [37m<-- POST /wd/hub/session/8eece7a7-d1dd-4ce2-99a4-6266ed0d8544/touch/perform [39m[32m200[39m [90m1114 ms - 76[39m
[35m[HTTP][39m [90m[39m
[35m[HTTP][39m [37m-->[39m [37mGET[39m [37m/wd/hub/session/8eece7a7-d1dd-4ce2-99a4-6266ed0d8544/window/current/size[39m
[35m[HTTP][39m [90m{}[39m
[35m[W3C][39m Driver proxy active, passing request on via HTTP proxy
[35m[JSONWP Proxy][39m Replacing sessionId 081a4f35-9471-4b06-9e13-3baea86d77fc with 8eece7a7-d1dd-4ce2-99a4-6266ed0d8544
[35m[HTTP][39m [37m<-- GET /wd/hub/session/8eece7a7-d1dd-4ce2-99a4-6266ed0d8544/window/current/size [39m[32m200[39m [90m43 ms - 100[39m
[35m[HTTP][39m [90m[39m
[35m[HTTP][39m [37m-->[39m [37mPOST[39m [37m/wd/hub/session/8eece7a7-d1dd-4ce2-99a4-6266ed0d8544/elements[39m
[35m[HTTP][39m [90m{"using":"-android uiautomator","value":"new UiSelector().className(\"android.widget.TextView\").text(\"GUIDA TV\").resourceId(\"it.sky.msa:id/headerTitle\").instance(0)"}[39m
[35m[HTTP][39m [37m<-- POST /wd/hub/session/8eece7a7-d1dd-4ce2-99a4-6266ed0d8544/elements [39m[32m200[39m [90m1479 ms - 124[39m
[35m[HTTP][39m [90m[39m
[35m[HTTP][39m [37m-->[39m [37mGET[39m [37m/wd/hub/session/8eece7a7-d1dd-4ce2-99a4-6266ed0d8544[39m
[35m[HTTP][39m [90m{}[39m
[35m[HTTP][39m [37m<-- GET /wd/hub/session/8eece7a7-d1dd-4ce2-99a4-6266ed0d8544 [39m[32m200[39m [90m41 ms - 1133[39m
[35m[HTTP][39m [90m[39m
[35m[HTTP][39m [37m-->[39m [37mGET[39m [37m/wd/hub/session/8eece7a7-d1dd-4ce2-99a4-6266ed0d8544[39m
[35m[HTTP][39m [90m{}[39m
[35m[HTTP][39m [37m<-- GET /wd/hub/session/8eece7a7-d1dd-4ce2-99a4-6266ed0d8544 [39m[32m200[39m [90m34 ms - 1133[39m
[35m[HTTP][39m [90m[39m
[35m[HTTP][39m [37m-->[39m [37mGET[39m [37m/wd/hub/session/8eece7a7-d1dd-4ce2-99a4-6266ed0d8544[39m
[35m[HTTP][39m [90m{}[39m
[35m[HTTP][39m [37m<-- GET /wd/hub/session/8eece7a7-d1dd-4ce2-99a4-6266ed0d8544 [39m[32m200[39m [90m32 ms - 1133[39m
[35m[HTTP][39m [90m[39m
[35m[HTTP][39m [37m-->[39m [37mGET[39m [37m/wd/hub/session/8eece7a7-d1dd-4ce2-99a4-6266ed0d8544[39m
[35m[HTTP][39m [90m{}[39m
[35m[HTTP][39m [37m<-- GET /wd/hub/session/8eece7a7-d1dd-4ce2-99a4-6266ed0d8544 [39m[32m200[39m [90m34 ms - 1133[39m
[35m[HTTP][39m [90m[39m
[35m[HTTP][39m [37m-->[39m [37mGET[39m [37m/wd/hub/session/8eece7a7-d1dd-4ce2-99a4-6266ed0d8544/element/2979b230-0b10-461d-9f95-c5966dcba142/location[39m
[35m[HTTP][39m [90m{}[39m
[35m[W3C][39m Driver proxy active, passing request on via HTTP proxy
[35m[JSONWP Proxy][39m Replacing sessionId 081a4f35-9471-4b06-9e13-3baea86d77fc with 8eece7a7-d1dd-4ce2-99a4-6266ed0d8544
[35m[HTTP][39m [37m<-- GET /wd/hub/session/8eece7a7-d1dd-4ce2-99a4-6266ed0d8544/element/2979b230-0b10-461d-9f95-c5966dcba142/location [39m[32m200[39m [90m68 ms - 88[39m
[35m[HTTP][39m [90m[39m
[35m[HTTP][39m [37m-->[39m [37mGET[39m [37m/wd/hub/session/8eece7a7-d1dd-4ce2-99a4-6266ed0d8544/window/current/size[39m
[35m[HTTP][39m [90m{}[39m
[35m[W3C][39m Driver proxy active, passing request on via HTTP proxy
[35m[JSONWP Proxy][39m Replacing sessionId 081a4f35-9471-4b06-9e13-3baea86d77fc with 8eece7a7-d1dd-4ce2-99a4-6266ed0d8544
[35m[HTTP][39m [37m<-- GET /wd/hub/session/8eece7a7-d1dd-4ce2-99a4-6266ed0d8544/window/current/size [39m[32m200[39m [90m41 ms - 100[39m
[35m[HTTP][39m [90m[39m
[35m[HTTP][39m [37m-->[39m [37mPOST[39m [37m/wd/hub/session/8eece7a7-d1dd-4ce2-99a4-6266ed0d8544/elements[39m
[35m[HTTP][39m [90m{"using":"-android uiautomator","value":"new UiSelector().className(\"android.widget.ImageView\").resourceId(\"it.sky.msa:id/heroImageImageView\").instance(0)"}[39m
[35m[HTTP][39m [37m<-- POST /wd/hub/session/8eece7a7-d1dd-4ce2-99a4-6266ed0d8544/elements [39m[32m200[39m [90m158 ms - 124[39m
[35m[HTTP][39m [90m[39m
[35m[HTTP][39m [37m-->[39m [37mGET[39m [37m/wd/hub/session/8eece7a7-d1dd-4ce2-99a4-6266ed0d8544[39m
[35m[HTTP][39m [90m{}[39m
[35m[HTTP][39m [37m<-- GET /wd/hub/session/8eece7a7-d1dd-4ce2-99a4-6266ed0d8544 [39m[32m200[39m [90m30 ms - 1133[39m
[35m[HTTP][39m [90m[39m
[35m[HTTP][39m [37m-->[39m [37mGET[39m [37m/wd/hub/session/8eece7a7-d1dd-4ce2-99a4-6266ed0d8544[39m
[35m[HTTP][39m [90m{}[39m
[35m[HTTP][39m [37m<-- GET /wd/hub/session/8eece7a7-d1dd-4ce2-99a4-6266ed0d8544 [39m[32m200[39m [90m31 ms - 1133[39m
[35m[HTTP][39m [90m[39m
[35m[HTTP][39m [37m-->[39m [37mGET[39m [37m/wd/hub/session/8eece7a7-d1dd-4ce2-99a4-6266ed0d8544[39m
[35m[HTTP][39m [90m{}[39m
[35m[HTTP][39m [37m<-- GET /wd/hub/session/8eece7a7-d1dd-4ce2-99a4-6266ed0d8544 [39m[32m200[39m [90m30 ms - 1133[39m
[35m[HTTP][39m [90m[39m
[35m[HTTP][39m [37m-->[39m [37mGET[39m [37m/wd/hub/session/8eece7a7-d1dd-4ce2-99a4-6266ed0d8544[39m
[35m[HTTP][39m [90m{}[39m
[35m[HTTP][39m [37m<-- GET /wd/hub/session/8eece7a7-d1dd-4ce2-99a4-6266ed0d8544 [39m[32m200[39m [90m32 ms - 1133[39m
[35m[HTTP][39m [90m[39m
[35m[HTTP][39m [37m-->[39m [37mGET[39m [37m/wd/hub/session/8eece7a7-d1dd-4ce2-99a4-6266ed0d8544/element/ec9a55aa-e9e9-4230-92f1-88baf9d01d50/location[39m
[35m[HTTP][39m [90m{}[39m
[35m[W3C][39m Driver proxy active, passing request on via HTTP proxy
[35m[JSONWP Proxy][39m Replacing sessionId 081a4f35-9471-4b06-9e13-3baea86d77fc with 8eece7a7-d1dd-4ce2-99a4-6266ed0d8544
[35m[HTTP][39m [37m<-- GET /wd/hub/session/8eece7a7-d1dd-4ce2-99a4-6266ed0d8544/element/ec9a55aa-e9e9-4230-92f1-88baf9d01d50/location [39m[32m200[39m [90m88 ms - 87[39m
[35m[HTTP][39m [90m[39m
[35m[HTTP][39m [37m-->[39m [37mGET[39m [37m/wd/hub/session/8eece7a7-d1dd-4ce2-99a4-6266ed0d8544/element/ec9a55aa-e9e9-4230-92f1-88baf9d01d50/attribute/resourceId[39m
[35m[HTTP][39m [90m{}[39m
[35m[HTTP][39m [37m<-- GET /wd/hub/session/8eece7a7-d1dd-4ce2-99a4-6266ed0d8544/element/ec9a55aa-e9e9-4230-92f1-88baf9d01d50/attribute/resourceId [39m[32m200[39m [90m55 ms - 106[39m
[35m[HTTP][39m [90m[39m
[35m[HTTP][39m [37m-->[39m [37mGET[39m [37m/wd/hub/session/8eece7a7-d1dd-4ce2-99a4-6266ed0d8544/window/current/size[39m
[35m[HTTP][39m [90m{}[39m
[35m[W3C][39m Driver proxy active, passing request on via HTTP proxy
[35m[JSONWP Proxy][39m Replacing sessionId 081a4f35-9471-4b06-9e13-3baea86d77fc with 8eece7a7-d1dd-4ce2-99a4-6266ed0d8544
[35m[HTTP][39m [37m<-- GET /wd/hub/session/8eece7a7-d1dd-4ce2-99a4-6266ed0d8544/window/current/size [39m[32m200[39m [90m34 ms - 100[39m
[35m[HTTP][39m [90m[39m
[35m[HTTP][39m [37m-->[39m [37mPOST[39m [37m/wd/hub/session/8eece7a7-d1dd-4ce2-99a4-6266ed0d8544/elements[39m
[35m[HTTP][39m [90m{"using":"-android uiautomator","value":"new UiSelector().className(\"android.widget.TextView\").text(\"IN EVIDENZA\").resourceId(\"it.sky.msa:id/heroPromoTextView\").instance(6)"}[39m
[35m[HTTP][39m [37m<-- POST /wd/hub/session/8eece7a7-d1dd-4ce2-99a4-6266ed0d8544/elements [39m[32m200[39m [90m135 ms - 124[39m
[35m[HTTP][39m [90m[39m
[35m[HTTP][39m [37m-->[39m [37mGET[39m [37m/wd/hub/session/8eece7a7-d1dd-4ce2-99a4-6266ed0d8544[39m
[35m[HTTP][39m [90m{}[39m
[35m[HTTP][39m [37m<-- GET /wd/hub/session/8eece7a7-d1dd-4ce2-99a4-6266ed0d8544 [39m[32m200[39m [90m25 ms - 1133[39m
[35m[HTTP][39m [90m[39m
[35m[HTTP][39m [37m-->[39m [37mGET[39m [37m/wd/hub/session/8eece7a7-d1dd-4ce2-99a4-6266ed0d8544[39m
[35m[HTTP][39m [90m{}[39m
[35m[HTTP][39m [37m<-- GET /wd/hub/session/8eece7a7-d1dd-4ce2-99a4-6266ed0d8544 [39m[32m200[39m [90m26 ms - 1133[39m
[35m[HTTP][39m [90m[39m
[35m[HTTP][39m [37m-->[39m [37mGET[39m [37m/wd/hub/session/8eece7a7-d1dd-4ce2-99a4-6266ed0d8544[39m
[35m[HTTP][39m [90m{}[39m
[35m[HTTP][39m [37m<-- GET /wd/hub/session/8eece7a7-d1dd-4ce2-99a4-6266ed0d8544 [39m[32m200[39m [90m28 ms - 1133[39m
[35m[HTTP][39m [90m[39m
[35m[HTTP][39m [37m-->[39m [37mGET[39m [37m/wd/hub/session/8eece7a7-d1dd-4ce2-99a4-6266ed0d8544[39m
[35m[HTTP][39m [90m{}[39m
[35m[HTTP][39m [37m<-- GET /wd/hub/session/8eece7a7-d1dd-4ce2-99a4-6266ed0d8544 [39m[32m200[39m [90m28 ms - 1133[39m
[35m[HTTP][39m [90m[39m
[35m[HTTP][39m [37m-->[39m [37mGET[39m [37m/wd/hub/session/8eece7a7-d1dd-4ce2-99a4-6266ed0d8544/element/09a1c6a6-cfd8-484f-9078-c879323127f9/location[39m
[35m[HTTP][39m [90m{}[39m
[35m[W3C][39m Driver proxy active, passing request on via HTTP proxy
[35m[JSONWP Proxy][39m Replacing sessionId 081a4f35-9471-4b06-9e13-3baea86d77fc with 8eece7a7-d1dd-4ce2-99a4-6266ed0d8544
[35m[HTTP][39m [37m<-- GET /wd/hub/session/8eece7a7-d1dd-4ce2-99a4-6266ed0d8544/element/09a1c6a6-cfd8-484f-9078-c879323127f9/location [39m[32m200[39m [90m67 ms - 88[39m
[35m[HTTP][39m [90m[39m
[35m[HTTP][39m [37m-->[39m [37mGET[39m [37m/wd/hub/session/8eece7a7-d1dd-4ce2-99a4-6266ed0d8544/element/09a1c6a6-cfd8-484f-9078-c879323127f9/text[39m
[35m[HTTP][39m [90m{}[39m
[35m[W3C][39m Driver proxy active, passing request on via HTTP proxy
[35m[JSONWP Proxy][39m Replacing sessionId 081a4f35-9471-4b06-9e13-3baea86d77fc with 8eece7a7-d1dd-4ce2-99a4-6266ed0d8544
[35m[HTTP][39m [37m<-- GET /wd/hub/session/8eece7a7-d1dd-4ce2-99a4-6266ed0d8544/element/09a1c6a6-cfd8-484f-9078-c879323127f9/text [39m[32m200[39m [90m84 ms - 85[39m
[35m[HTTP][39m [90m[39m
[35m[HTTP][39m [37m-->[39m [37mGET[39m [37m/wd/hub/session/8eece7a7-d1dd-4ce2-99a4-6266ed0d8544/window/current/size[39m
[35m[HTTP][39m [90m{}[39m
[35m[W3C][39m Driver proxy active, passing request on via HTTP proxy
[35m[JSONWP Proxy][39m Replacing sessionId 081a4f35-9471-4b06-9e13-3baea86d77fc with 8eece7a7-d1dd-4ce2-99a4-6266ed0d8544
[35m[HTTP][39m [37m<-- GET /wd/hub/session/8eece7a7-d1dd-4ce2-99a4-6266ed0d8544/window/current/size [39m[32m200[39m [90m34 ms - 100[39m
[35m[HTTP][39m [90m[39m
[35m[HTTP][39m [37m-->[39m [37mPOST[39m [37m/wd/hub/session/8eece7a7-d1dd-4ce2-99a4-6266ed0d8544/elements[39m
[35m[HTTP][39m [90m{"using":"-android uiautomator","value":"new UiSelector().className(\"android.widget.TextView\").resourceId(\"it.sky.msa:id/heroTitleTextView\").instance(7)"}[39m
[35m[HTTP][39m [37m<-- POST /wd/hub/session/8eece7a7-d1dd-4ce2-99a4-6266ed0d8544/elements [39m[32m200[39m [90m128 ms - 124[39m
[35m[HTTP][39m [90m[39m
[35m[HTTP][39m [37m-->[39m [37mGET[39m [37m/wd/hub/session/8eece7a7-d1dd-4ce2-99a4-6266ed0d8544[39m
[35m[HTTP][39m [90m{}[39m
[35m[HTTP][39m [37m<-- GET /wd/hub/session/8eece7a7-d1dd-4ce2-99a4-6266ed0d8544 [39m[32m200[39m [90m26 ms - 1133[39m
[35m[HTTP][39m [90m[39m
[35m[HTTP][39m [37m-->[39m [37mGET[39m [37m/wd/hub/session/8eece7a7-d1dd-4ce2-99a4-6266ed0d8544[39m
[35m[HTTP][39m [90m{}[39m
[35m[HTTP][39m [37m<-- GET /wd/hub/session/8eece7a7-d1dd-4ce2-99a4-6266ed0d8544 [39m[32m200[39m [90m24 ms - 1133[39m
[35m[HTTP][39m [90m[39m
[35m[HTTP][39m [37m-->[39m [37mGET[39m [37m/wd/hub/session/8eece7a7-d1dd-4ce2-99a4-6266ed0d8544[39m
[35m[HTTP][39m [90m{}[39m
[35m[HTTP][39m [37m<-- GET /wd/hub/session/8eece7a7-d1dd-4ce2-99a4-6266ed0d8544 [39m[32m200[39m [90m25 ms - 1133[39m
[35m[HTTP][39m [90m[39m
[35m[HTTP][39m [37m-->[39m [37mGET[39m [37m/wd/hub/session/8eece7a7-d1dd-4ce2-99a4-6266ed0d8544[39m
[35m[HTTP][39m [90m{}[39m
[35m[HTTP][39m [37m<-- GET /wd/hub/session/8eece7a7-d1dd-4ce2-99a4-6266ed0d8544 [39m[32m200[39m [90m29 ms - 1133[39m
[35m[HTTP][39m [90m[39m
[35m[HTTP][39m [37m-->[39m [37mGET[39m [37m/wd/hub/session/8eece7a7-d1dd-4ce2-99a4-6266ed0d8544/element/7a484dbc-d4e2-41af-b9d2-ae7c2aafe763/location[39m
[35m[HTTP][39m [90m{}[39m
[35m[W3C][39m Driver proxy active, passing request on via HTTP proxy
[35m[JSONWP Proxy][39m Replacing sessionId 081a4f35-9471-4b06-9e13-3baea86d77fc with 8eece7a7-d1dd-4ce2-99a4-6266ed0d8544
[35m[HTTP][39m [37m<-- GET /wd/hub/session/8eece7a7-d1dd-4ce2-99a4-6266ed0d8544/element/7a484dbc-d4e2-41af-b9d2-ae7c2aafe763/location [39m[32m200[39m [90m58 ms - 88[39m
[35m[HTTP][39m [90m[39m
[35m[HTTP][39m [37m-->[39m [37mGET[39m [37m/wd/hub/session/8eece7a7-d1dd-4ce2-99a4-6266ed0d8544/window/current/size[39m
[35m[HTTP][39m [90m{}[39m
[35m[W3C][39m Driver proxy active, passing request on via HTTP proxy
[35m[JSONWP Proxy][39m Replacing sessionId 081a4f35-9471-4b06-9e13-3baea86d77fc with 8eece7a7-d1dd-4ce2-99a4-6266ed0d8544
[35m[HTTP][39m [37m<-- GET /wd/hub/session/8eece7a7-d1dd-4ce2-99a4-6266ed0d8544/window/current/size [39m[32m200[39m [90m39 ms - 100[39m
[35m[HTTP][39m [90m[39m
[35m[HTTP][39m [37m-->[39m [37mPOST[39m [37m/wd/hub/session/8eece7a7-d1dd-4ce2-99a4-6266ed0d8544/elements[39m
[35m[HTTP][39m [90m{"using":"-android uiautomator","value":"new UiSelector().className(\"android.widget.TextView\").resourceId(\"it.sky.msa:id/heroCaptionTextView\").instance(8)"}[39m
[35m[HTTP][39m [37m<-- POST /wd/hub/session/8eece7a7-d1dd-4ce2-99a4-6266ed0d8544/elements [39m[32m200[39m [90m129 ms - 124[39m
[35m[HTTP][39m [90m[39m
[35m[HTTP][39m [37m-->[39m [37mGET[39m [37m/wd/hub/session/8eece7a7-d1dd-4ce2-99a4-6266ed0d8544[39m
[35m[HTTP][39m [90m{}[39m
[35m[HTTP][39m [37m<-- GET /wd/hub/session/8eece7a7-d1dd-4ce2-99a4-6266ed0d8544 [39m[32m200[39m [90m26 ms - 1133[39m
[35m[HTTP][39m [90m[39m
[35m[HTTP][39m [37m-->[39m [37mGET[39m [37m/wd/hub/session/8eece7a7-d1dd-4ce2-99a4-6266ed0d8544[39m
[35m[HTTP][39m [90m{}[39m
[35m[HTTP][39m [37m<-- GET /wd/hub/session/8eece7a7-d1dd-4ce2-99a4-6266ed0d8544 [39m[32m200[39m [90m23 ms - 1133[39m
[35m[HTTP][39m [90m[39m
[35m[HTTP][39m [37m-->[39m [37mGET[39m [37m/wd/hub/session/8eece7a7-d1dd-4ce2-99a4-6266ed0d8544[39m
[35m[HTTP][39m [90m{}[39m
[35m[HTTP][39m [37m<-- GET /wd/hub/session/8eece7a7-d1dd-4ce2-99a4-6266ed0d8544 [39m[32m200[39m [90m23 ms - 1133[39m
[35m[HTTP][39m [90m[39m
[35m[HTTP][39m [37m-->[39m [37mGET[39m [37m/wd/hub/session/8eece7a7-d1dd-4ce2-99a4-6266ed0d8544[39m
[35m[HTTP][39m [90m{}[39m
[35m[HTTP][39m [37m<-- GET /wd/hub/session/8eece7a7-d1dd-4ce2-99a4-6266ed0d8544 [39m[32m200[39m [90m23 ms - 1133[39m
[35m[HTTP][39m [90m[39m
[35m[HTTP][39m [37m-->[39m [37mGET[39m [37m/wd/hub/session/8eece7a7-d1dd-4ce2-99a4-6266ed0d8544/element/072a0627-6de9-4ba9-8de0-73c3ff26cf02/location[39m
[35m[HTTP][39m [90m{}[39m
[35m[W3C][39m Driver proxy active, passing request on via HTTP proxy
[35m[JSONWP Proxy][39m Replacing sessionId 081a4f35-9471-4b06-9e13-3baea86d77fc with 8eece7a7-d1dd-4ce2-99a4-6266ed0d8544
[35m[HTTP][39m [37m<-- GET /wd/hub/session/8eece7a7-d1dd-4ce2-99a4-6266ed0d8544/element/072a0627-6de9-4ba9-8de0-73c3ff26cf02/location [39m[32m200[39m [90m46 ms - 89[39m
[35m[HTTP][39m [90m[39m
[35m[HTTP][39m [37m-->[39m [37mGET[39m [37m/wd/hub/session/8eece7a7-d1dd-4ce2-99a4-6266ed0d8544/window/current/size[39m
[35m[HTTP][39m [90m{}[39m
[35m[W3C][39m Driver proxy active, passing request on via HTTP proxy
[35m[JSONWP Proxy][39m Replacing sessionId 081a4f35-9471-4b06-9e13-3baea86d77fc with 8eece7a7-d1dd-4ce2-99a4-6266ed0d8544
[35m[HTTP][39m [37m<-- GET /wd/hub/session/8eece7a7-d1dd-4ce2-99a4-6266ed0d8544/window/current/size [39m[32m200[39m [90m30 ms - 100[39m
[35m[HTTP][39m [90m[39m
[35m[HTTP][39m [37m-->[39m [37mPOST[39m [37m/wd/hub/session/8eece7a7-d1dd-4ce2-99a4-6266ed0d8544/elements[39m
[35m[HTTP][39m [90m{"using":"-android uiautomator","value":"new UiSelector().className(\"android.widget.TextView\").resourceId(\"it.sky.msa:id/heroCaptionTextView\").instance(8)"}[39m
[35m[HTTP][39m [37m<-- POST /wd/hub/session/8eece7a7-d1dd-4ce2-99a4-6266ed0d8544/elements [39m[32m200[39m [90m103 ms - 124[39m
[35m[HTTP][39m [90m[39m
[35m[HTTP][39m [37m-->[39m [37mGET[39m [37m/wd/hub/session/8eece7a7-d1dd-4ce2-99a4-6266ed0d8544[39m
[35m[HTTP][39m [90m{}[39m
[35m[HTTP][39m [37m<-- GET /wd/hub/session/8eece7a7-d1dd-4ce2-99a4-6266ed0d8544 [39m[32m200[39m [90m28 ms - 1133[39m
[35m[HTTP][39m [90m[39m
[35m[HTTP][39m [37m-->[39m [37mGET[39m [37m/wd/hub/session/8eece7a7-d1dd-4ce2-99a4-6266ed0d8544[39m
[35m[HTTP][39m [90m{}[39m
[35m[HTTP][39m [37m<-- GET /wd/hub/session/8eece7a7-d1dd-4ce2-99a4-6266ed0d8544 [39m[32m200[39m [90m29 ms - 1133[39m
[35m[HTTP][39m [90m[39m
[35m[HTTP][39m [37m-->[39m [37mGET[39m [37m/wd/hub/session/8eece7a7-d1dd-4ce2-99a4-6266ed0d8544[39m
[35m[HTTP][39m [90m{}[39m
[35m[HTTP][39m [37m<-- GET /wd/hub/session/8eece7a7-d1dd-4ce2-99a4-6266ed0d8544 [39m[32m200[39m [90m29 ms - 1133[39m
[35m[HTTP][39m [90m[39m
[35m[HTTP][39m [37m-->[39m [37mGET[39m [37m/wd/hub/session/8eece7a7-d1dd-4ce2-99a4-6266ed0d8544[39m
[35m[HTTP][39m [90m{}[39m
[35m[HTTP][39m [37m<-- GET /wd/hub/session/8eece7a7-d1dd-4ce2-99a4-6266ed0d8544 [39m[32m200[39m [90m23 ms - 1133[39m
[35m[HTTP][39m [90m[39m
[35m[HTTP][39m [37m-->[39m [37mGET[39m [37m/wd/hub/session/8eece7a7-d1dd-4ce2-99a4-6266ed0d8544/element/1207a6a0-9d45-4008-bf95-495d99e9685b/location[39m
[35m[HTTP][39m [90m{}[39m
[35m[W3C][39m Driver proxy active, passing request on via HTTP proxy
[35m[JSONWP Proxy][39m Replacing sessionId 081a4f35-9471-4b06-9e13-3baea86d77fc with 8eece7a7-d1dd-4ce2-99a4-6266ed0d8544
[35m[HTTP][39m [37m<-- GET /wd/hub/session/8eece7a7-d1dd-4ce2-99a4-6266ed0d8544/element/1207a6a0-9d45-4008-bf95-495d99e9685b/location [39m[32m200[39m [90m71 ms - 89[39m
[35m[HTTP][39m [90m[39m
[35m[HTTP][39m [37m-->[39m [37mGET[39m [37m/wd/hub/session/8eece7a7-d1dd-4ce2-99a4-6266ed0d8544/element/1207a6a0-9d45-4008-bf95-495d99e9685b/text[39m
[35m[HTTP][39m [90m{}[39m
[35m[W3C][39m Driver proxy active, passing request on via HTTP proxy
[35m[JSONWP Proxy][39m Replacing sessionId 081a4f35-9471-4b06-9e13-3baea86d77fc with 8eece7a7-d1dd-4ce2-99a4-6266ed0d8544
[35m[HTTP][39m [37m<-- GET /wd/hub/session/8eece7a7-d1dd-4ce2-99a4-6266ed0d8544/element/1207a6a0-9d45-4008-bf95-495d99e9685b/text [39m[32m200[39m [90m93 ms - 89[39m
[35m[HTTP][39m [90m[39m
[35m[HTTP][39m [37m-->[39m [37mGET[39m [37m/wd/hub/session/8eece7a7-d1dd-4ce2-99a4-6266ed0d8544/context[39m
[35m[HTTP][39m [90m{}[39m
[35m[HTTP][39m [37m<-- GET /wd/hub/session/8eece7a7-d1dd-4ce2-99a4-6266ed0d8544/context [39m[32m200[39m [90m2 ms - 84[39m
[35m[HTTP][39m [90m[39m
[35m[HTTP][39m [37m-->[39m [37mGET[39m [37m/wd/hub/session/8eece7a7-d1dd-4ce2-99a4-6266ed0d8544/contexts[39m
[35m[HTTP][39m [90m{}[39m
[35m[HTTP][39m [37m<-- GET /wd/hub/session/8eece7a7-d1dd-4ce2-99a4-6266ed0d8544/contexts [39m[32m200[39m [90m112 ms - 86[39m
[35m[HTTP][39m [90m[39m
[35m[HTTP][39m [37m-->[39m [37mPOST[39m [37m/wd/hub/session/8eece7a7-d1dd-4ce2-99a4-6266ed0d8544/context[39m
[35m[HTTP][39m [90m{"name":"NATIVE_APP"}[39m
[35m[HTTP][39m [37m<-- POST /wd/hub/session/8eece7a7-d1dd-4ce2-99a4-6266ed0d8544/context [39m[32m200[39m [90m88 ms - 76[39m
[35m[HTTP][39m [90m[39m
[35m[HTTP][39m [37m-->[39m [37mPOST[39m [37m/wd/hub/session/8eece7a7-d1dd-4ce2-99a4-6266ed0d8544/touch/perform[39m
[35m[HTTP][39m [90m{"actions":[{"action":"press","options":{"x":0,"y":200}},{"action":"wait","options":{"ms":500}},{"action":"moveTo","options":{"x":0,"y":1000}}]}[39m
[35m[HTTP][39m [37m<-- POST /wd/hub/session/8eece7a7-d1dd-4ce2-99a4-6266ed0d8544/touch/perform [39m[32m200[39m [90m2131 ms - 76[39m
[35m[HTTP][39m [90m[39m
[35m[HTTP][39m [37m-->[39m [37mPOST[39m [37m/wd/hub/session/8eece7a7-d1dd-4ce2-99a4-6266ed0d8544/context[39m
[35m[HTTP][39m [90m{"name":"NATIVE_APP"}[39m
[35m[HTTP][39m [37m<-- POST /wd/hub/session/8eece7a7-d1dd-4ce2-99a4-6266ed0d8544/context [39m[32m200[39m [90m106 ms - 76[39m
[35m[HTTP][39m [90m[39m
[35m[HTTP][39m [37m-->[39m [37mGET[39m [37m/wd/hub/session/8eece7a7-d1dd-4ce2-99a4-6266ed0d8544/window/current/size[39m
[35m[HTTP][39m [90m{}[39m
[35m[W3C][39m Driver proxy active, passing request on via HTTP proxy
[35m[JSONWP Proxy][39m Replacing sessionId 081a4f35-9471-4b06-9e13-3baea86d77fc with 8eece7a7-d1dd-4ce2-99a4-6266ed0d8544
[35m[HTTP][39m [37m<-- GET /wd/hub/session/8eece7a7-d1dd-4ce2-99a4-6266ed0d8544/window/current/size [39m[32m200[39m [90m66 ms - 100[39m
[35m[HTTP][39m [90m[39m
[35m[HTTP][39m [37m-->[39m [37mPOST[39m [37m/wd/hub/session/8eece7a7-d1dd-4ce2-99a4-6266ed0d8544/elements[39m
[35m[HTTP][39m [90m{"using":"-android uiautomator","value":"new UiSelector().className(\"android.widget.TextView\").text(\"Scelti per te questa settimana\").resourceId(\"it.sky.msa:id/categoryTitle\").instance(6)"}[39m
[35m[HTTP][39m [37m<-- POST /wd/hub/session/8eece7a7-d1dd-4ce2-99a4-6266ed0d8544/elements [39m[32m200[39m [90m136 ms - 124[39m
[35m[HTTP][39m [90m[39m
[35m[HTTP][39m [37m-->[39m [37mGET[39m [37m/wd/hub/session/8eece7a7-d1dd-4ce2-99a4-6266ed0d8544[39m
[35m[HTTP][39m [90m{}[39m
[35m[HTTP][39m [37m<-- GET /wd/hub/session/8eece7a7-d1dd-4ce2-99a4-6266ed0d8544 [39m[32m200[39m [90m24 ms - 1133[39m
[35m[HTTP][39m [90m[39m
[35m[HTTP][39m [37m-->[39m [37mGET[39m [37m/wd/hub/session/8eece7a7-d1dd-4ce2-99a4-6266ed0d8544[39m
[35m[HTTP][39m [90m{}[39m
[35m[HTTP][39m [37m<-- GET /wd/hub/session/8eece7a7-d1dd-4ce2-99a4-6266ed0d8544 [39m[32m200[39m [90m22 ms - 1133[39m
[35m[HTTP][39m [90m[39m
[35m[HTTP][39m [37m-->[39m [37mGET[39m [37m/wd/hub/session/8eece7a7-d1dd-4ce2-99a4-6266ed0d8544[39m
[35m[HTTP][39m [90m{}[39m
[35m[HTTP][39m [37m<-- GET /wd/hub/session/8eece7a7-d1dd-4ce2-99a4-6266ed0d8544 [39m[32m200[39m [90m24 ms - 1133[39m
[35m[HTTP][39m [90m[39m
[35m[HTTP][39m [37m-->[39m [37mGET[39m [37m/wd/hub/session/8eece7a7-d1dd-4ce2-99a4-6266ed0d8544[39m
[35m[HTTP][39m [90m{}[39m
[35m[HTTP][39m [37m<-- GET /wd/hub/session/8eece7a7-d1dd-4ce2-99a4-6266ed0d8544 [39m[32m200[39m [90m22 ms - 1133[39m
[35m[HTTP][39m [90m[39m
[35m[HTTP][39m [37m-->[39m [37mGET[39m [37m/wd/hub/session/8eece7a7-d1dd-4ce2-99a4-6266ed0d8544/element/18424eb1-41b8-483c-9c40-025b725bfe39/location[39m
[35m[HTTP][39m [90m{}[39m
[35m[W3C][39m Driver proxy active, passing request on via HTTP proxy
[35m[JSONWP Proxy][39m Replacing sessionId 081a4f35-9471-4b06-9e13-3baea86d77fc with 8eece7a7-d1dd-4ce2-99a4-6266ed0d8544
[35m[HTTP][39m [37m<-- GET /wd/hub/session/8eece7a7-d1dd-4ce2-99a4-6266ed0d8544/element/18424eb1-41b8-483c-9c40-025b725bfe39/location [39m[32m200[39m [90m45 ms - 89[39m
[35m[HTTP][39m [90m[39m
[35m[HTTP][39m [37m-->[39m [37mGET[39m [37m/wd/hub/session/8eece7a7-d1dd-4ce2-99a4-6266ed0d8544/element/18424eb1-41b8-483c-9c40-025b725bfe39/text[39m
[35m[HTTP][39m [90m{}[39m
[35m[W3C][39m Driver proxy active, passing request on via HTTP proxy
[35m[JSONWP Proxy][39m Replacing sessionId 081a4f35-9471-4b06-9e13-3baea86d77fc with 8eece7a7-d1dd-4ce2-99a4-6266ed0d8544
[35m[HTTP][39m [37m<-- GET /wd/hub/session/8eece7a7-d1dd-4ce2-99a4-6266ed0d8544/element/18424eb1-41b8-483c-9c40-025b725bfe39/text [39m[32m200[39m [90m68 ms - 104[39m
[35m[HTTP][39m [90m[39m
[35m[HTTP][39m [37m-->[39m [37mGET[39m [37m/wd/hub/session/8eece7a7-d1dd-4ce2-99a4-6266ed0d8544/window/current/size[39m
[35m[HTTP][39m [90m{}[39m
[35m[W3C][39m Driver proxy active, passing request on via HTTP proxy
[35m[JSONWP Proxy][39m Replacing sessionId 081a4f35-9471-4b06-9e13-3baea86d77fc with 8eece7a7-d1dd-4ce2-99a4-6266ed0d8544
[35m[HTTP][39m [37m<-- GET /wd/hub/session/8eece7a7-d1dd-4ce2-99a4-6266ed0d8544/window/current/size [39m[32m200[39m [90m80 ms - 100[39m
[35m[HTTP][39m [90m[39m
[35m[HTTP][39m [37m-->[39m [37mPOST[39m [37m/wd/hub/session/8eece7a7-d1dd-4ce2-99a4-6266ed0d8544/elements[39m
[35m[HTTP][39m [90m{"using":"-android uiautomator","value":"new UiSelector().className(\"android.widget.TextView\").text(\"Scelti per te questa settimana\").resourceId(\"it.sky.msa:id/categoryTitle\").instance(6)"}[39m
[35m[HTTP][39m [37m<-- POST /wd/hub/session/8eece7a7-d1dd-4ce2-99a4-6266ed0d8544/elements [39m[32m200[39m [90m145 ms - 124[39m
[35m[HTTP][39m [90m[39m
[35m[HTTP][39m [37m-->[39m [37mGET[39m [37m/wd/hub/session/8eece7a7-d1dd-4ce2-99a4-6266ed0d8544[39m
[35m[HTTP][39m [90m{}[39m
[35m[HTTP][39m [37m<-- GET /wd/hub/session/8eece7a7-d1dd-4ce2-99a4-6266ed0d8544 [39m[32m200[39m [90m27 ms - 1133[39m
[35m[HTTP][39m [90m[39m
[35m[HTTP][39m [37m-->[39m [37mGET[39m [37m/wd/hub/session/8eece7a7-d1dd-4ce2-99a4-6266ed0d8544[39m
[35m[HTTP][39m [90m{}[39m
[35m[HTTP][39m [37m<-- GET /wd/hub/session/8eece7a7-d1dd-4ce2-99a4-6266ed0d8544 [39m[32m200[39m [90m27 ms - 1133[39m
[35m[HTTP][39m [90m[39m
[35m[HTTP][39m [37m-->[39m [37mGET[39m [37m/wd/hub/session/8eece7a7-d1dd-4ce2-99a4-6266ed0d8544[39m
[35m[HTTP][39m [90m{}[39m
[35m[HTTP][39m [37m<-- GET /wd/hub/session/8eece7a7-d1dd-4ce2-99a4-6266ed0d8544 [39m[32m200[39m [90m23 ms - 1133[39m
[35m[HTTP][39m [90m[39m
[35m[HTTP][39m [37m-->[39m [37mGET[39m [37m/wd/hub/session/8eece7a7-d1dd-4ce2-99a4-6266ed0d8544[39m
[35m[HTTP][39m [90m{}[39m
[35m[HTTP][39m [37m<-- GET /wd/hub/session/8eece7a7-d1dd-4ce2-99a4-6266ed0d8544 [39m[32m200[39m [90m24 ms - 1133[39m
[35m[HTTP][39m [90m[39m
[35m[HTTP][39m [37m-->[39m [37mGET[39m [37m/wd/hub/session/8eece7a7-d1dd-4ce2-99a4-6266ed0d8544/element/ea98ca6a-4541-4b0f-b99d-d650620a4196/location[39m
[35m[HTTP][39m [90m{}[39m
[35m[W3C][39m Driver proxy active, passing request on via HTTP proxy
[35m[JSONWP Proxy][39m Replacing sessionId 081a4f35-9471-4b06-9e13-3baea86d77fc with 8eece7a7-d1dd-4ce2-99a4-6266ed0d8544
[35m[HTTP][39m [37m<-- GET /wd/hub/session/8eece7a7-d1dd-4ce2-99a4-6266ed0d8544/element/ea98ca6a-4541-4b0f-b99d-d650620a4196/location [39m[32m200[39m [90m50 ms - 89[39m
[35m[HTTP][39m [90m[39m
[35m[HTTP][39m [37m-->[39m [37mGET[39m [37m/wd/hub/session/8eece7a7-d1dd-4ce2-99a4-6266ed0d8544/element/ea98ca6a-4541-4b0f-b99d-d650620a4196/text[39m
[35m[HTTP][39m [90m{}[39m
[35m[W3C][39m Driver proxy active, passing request on via HTTP proxy
[35m[JSONWP Proxy][39m Replacing sessionId 081a4f35-9471-4b06-9e13-3baea86d77fc with 8eece7a7-d1dd-4ce2-99a4-6266ed0d8544
[35m[HTTP][39m [37m<-- GET /wd/hub/session/8eece7a7-d1dd-4ce2-99a4-6266ed0d8544/element/ea98ca6a-4541-4b0f-b99d-d650620a4196/text [39m[32m200[39m [90m65 ms - 104[39m
[35m[HTTP][39m [90m[39m
[35m[HTTP][39m [37m-->[39m [37mGET[39m [37m/wd/hub/session/8eece7a7-d1dd-4ce2-99a4-6266ed0d8544/context[39m
[35m[HTTP][39m [90m{}[39m
[35m[HTTP][39m [37m<-- GET /wd/hub/session/8eece7a7-d1dd-4ce2-99a4-6266ed0d8544/context [39m[32m200[39m [90m3 ms - 84[39m
[35m[HTTP][39m [90m[39m
[35m[HTTP][39m [37m-->[39m [37mGET[39m [37m/wd/hub/session/8eece7a7-d1dd-4ce2-99a4-6266ed0d8544/contexts[39m
[35m[HTTP][39m [90m{}[39m
[35m[HTTP][39m [37m<-- GET /wd/hub/session/8eece7a7-d1dd-4ce2-99a4-6266ed0d8544/contexts [39m[32m200[39m [90m110 ms - 86[39m
[35m[HTTP][39m [90m[39m
[35m[HTTP][39m [37m-->[39m [37mPOST[39m [37m/wd/hub/session/8eece7a7-d1dd-4ce2-99a4-6266ed0d8544/context[39m
[35m[HTTP][39m [90m{"name":"NATIVE_APP"}[39m
[35m[HTTP][39m [37m<-- POST /wd/hub/session/8eece7a7-d1dd-4ce2-99a4-6266ed0d8544/context [39m[32m200[39m [90m148 ms - 76[39m
[35m[HTTP][39m [90m[39m
[35m[HTTP][39m [37m-->[39m [37mPOST[39m [37m/wd/hub/session/8eece7a7-d1dd-4ce2-99a4-6266ed0d8544/touch/perform[39m
[35m[HTTP][39m [90m{"actions":[{"action":"press","options":{"x":0,"y":0}},{"action":"wait","options":{"ms":500}},{"action":"moveTo","options":{"x":100,"y":0}}]}[39m
[35m[HTTP][39m [37m<-- POST /wd/hub/session/8eece7a7-d1dd-4ce2-99a4-6266ed0d8544/touch/perform [39m[32m200[39m [90m2132 ms - 76[39m
[35m[HTTP][39m [90m[39m
[35m[HTTP][39m [37m-->[39m [37mPOST[39m [37m/wd/hub/session/8eece7a7-d1dd-4ce2-99a4-6266ed0d8544/context[39m
[35m[HTTP][39m [90m{"name":"NATIVE_APP"}[39m
[35m[HTTP][39m [37m<-- POST /wd/hub/session/8eece7a7-d1dd-4ce2-99a4-6266ed0d8544/context [39m[32m200[39m [90m88 ms - 76[39m
[35m[HTTP][39m [90m[39m
[35m[HTTP][39m [37m-->[39m [37mGET[39m [37m/wd/hub/session/8eece7a7-d1dd-4ce2-99a4-6266ed0d8544/context[39m
[35m[HTTP][39m [90m{}[39m
[35m[HTTP][39m [37m<-- GET /wd/hub/session/8eece7a7-d1dd-4ce2-99a4-6266ed0d8544/context [39m[32m200[39m [90m2 ms - 84[39m
[35m[HTTP][39m [90m[39m
[35m[HTTP][39m [37m-->[39m [37mGET[39m [37m/wd/hub/session/8eece7a7-d1dd-4ce2-99a4-6266ed0d8544/contexts[39m
[35m[HTTP][39m [90m{}[39m
[35m[HTTP][39m [37m<-- GET /wd/hub/session/8eece7a7-d1dd-4ce2-99a4-6266ed0d8544/contexts [39m[32m200[39m [90m127 ms - 86[39m
[35m[HTTP][39m [90m[39m
[35m[HTTP][39m [37m-->[39m [37mPOST[39m [37m/wd/hub/session/8eece7a7-d1dd-4ce2-99a4-6266ed0d8544/context[39m
[35m[HTTP][39m [90m{"name":"NATIVE_APP"}[39m
[35m[HTTP][39m [37m<-- POST /wd/hub/session/8eece7a7-d1dd-4ce2-99a4-6266ed0d8544/context [39m[32m200[39m [90m199 ms - 76[39m
[35m[HTTP][39m [90m[39m
[35m[HTTP][39m [37m-->[39m [37mPOST[39m [37m/wd/hub/session/8eece7a7-d1dd-4ce2-99a4-6266ed0d8544/touch/perform[39m
[35m[HTTP][39m [90m{"actions":[{"action":"press","options":{"x":0,"y":0}},{"action":"wait","options":{"ms":500}},{"action":"moveTo","options":{"x":-100,"y":0}}]}[39m
[35m[HTTP][39m [37m<-- POST /wd/hub/session/8eece7a7-d1dd-4ce2-99a4-6266ed0d8544/touch/perform [39m[32m200[39m [90m2135 ms - 76[39m
[35m[HTTP][39m [90m[39m
[35m[HTTP][39m [37m-->[39m [37mPOST[39m [37m/wd/hub/session/8eece7a7-d1dd-4ce2-99a4-6266ed0d8544/context[39m
[35m[HTTP][39m [90m{"name":"NATIVE_APP"}[39m
[35m[HTTP][39m [37m<-- POST /wd/hub/session/8eece7a7-d1dd-4ce2-99a4-6266ed0d8544/context [39m[32m200[39m [90m106 ms - 76[39m
[35m[HTTP][39m [90m[39m
[35m[HTTP][39m [37m-->[39m [37mDELETE[39m [37m/wd/hub/session/8eece7a7-d1dd-4ce2-99a4-6266ed0d8544[39m
[35m[HTTP][39m [90m{}[39m
[35m[Appium][39m Removing session 8eece7a7-d1dd-4ce2-99a4-6266ed0d8544 from our master session list
[35m[HTTP][39m [37m<-- DELETE /wd/hub/session/8eece7a7-d1dd-4ce2-99a4-6266ed0d8544 [39m[32m200[39m [90m310 ms - 76[39m
[35m[HTTP][39m [90m[39m
