<?xml version="1.0" encoding="UTF-8" standalone="no"?>
<!DOCTYPE log SYSTEM "logger.dtd">
<log>
<record>
  <date>2019-02-26T14:57:33</date>
  <millis>1551189453757</millis>
  <sequence>0</sequence>
  <level>START</level>
  <class>com.kms.katalon.core.logging.XmlKeywordLogger</class>
  <method>startSuite</method>
  <thread>1</thread>
  <message>Start Test Suite : Test Suites/Prova</message>
  <nestedLevel>0</nestedLevel>
  <property name="name">Prova</property>
  <property name="description">PreLogin_1_FUNCTIONALITY_StartApp_DTH_Wi-Fi\nLogin_1_LOGIN_Correct_DTH_Wi-Fi</property>
  <property name="id">Test Suites/Prova</property>
</record>
<record>
  <date>2019-02-26T14:57:33</date>
  <millis>1551189453780</millis>
  <sequence>1</sequence>
  <level>RUN_DATA</level>
  <class>com.kms.katalon.core.logging.XmlKeywordLogger</class>
  <method>logMessage</method>
  <thread>1</thread>
  <message>hostName = marco - 10.25.208.80</message>
  <nestedLevel>0</nestedLevel>
  <property name="hostName">marco - 10.25.208.80</property>
</record>
<record>
  <date>2019-02-26T14:57:33</date>
  <millis>1551189453781</millis>
  <sequence>2</sequence>
  <level>RUN_DATA</level>
  <class>com.kms.katalon.core.logging.XmlKeywordLogger</class>
  <method>logMessage</method>
  <thread>1</thread>
  <message>os = Windows 10 64bit</message>
  <nestedLevel>0</nestedLevel>
  <property name="os">Windows 10 64bit</property>
</record>
<record>
  <date>2019-02-26T14:57:33</date>
  <millis>1551189453781</millis>
  <sequence>3</sequence>
  <level>RUN_DATA</level>
  <class>com.kms.katalon.core.logging.XmlKeywordLogger</class>
  <method>logMessage</method>
  <thread>1</thread>
  <message>hostAddress = 10.25.208.80</message>
  <nestedLevel>0</nestedLevel>
  <property name="hostAddress">10.25.208.80</property>
</record>
<record>
  <date>2019-02-26T14:57:33</date>
  <millis>1551189453783</millis>
  <sequence>4</sequence>
  <level>RUN_DATA</level>
  <class>com.kms.katalon.core.logging.XmlKeywordLogger</class>
  <method>logMessage</method>
  <thread>1</thread>
  <message>katalonVersion = 5.10.1.1</message>
  <nestedLevel>0</nestedLevel>
  <property name="katalonVersion">5.10.1.1</property>
</record>
<record>
  <date>2019-02-26T14:57:34</date>
  <millis>1551189454192</millis>
  <sequence>5</sequence>
  <level>START</level>
  <class>com.kms.katalon.core.logging.XmlKeywordLogger</class>
  <method>startTest</method>
  <thread>1</thread>
  <message>Start Test Case : Test Cases/Pre Login/PreLogin_1_FUNCTIONALITY_StartApp_DTH_Wi-Fi</message>
  <nestedLevel>1</nestedLevel>
  <property name="name">Test Cases/Pre Login/PreLogin_1_FUNCTIONALITY_StartApp_DTH_Wi-Fi</property>
  <property name="description">Start msa application.\npath application: C:\\Users\\MSA-testautomation\\59.apk</property>
  <property name="id">Test Cases/Pre Login/PreLogin_1_FUNCTIONALITY_StartApp_DTH_Wi-Fi</property>
  <property name="source">C:\\Users\\marco\\Katalon Studio\\MSA-testautomation\\Test Cases\\Pre Login\\PreLogin_1_FUNCTIONALITY_StartApp_DTH_Wi-Fi.tc</property>
  <property name="isOptional">false</property>
</record>
<record>
  <date>2019-02-26T14:57:34</date>
  <millis>1551189454697</millis>
  <sequence>7</sequence>
  <level>START</level>
  <class>com.kms.katalon.core.logging.XmlKeywordLogger</class>
  <method>startKeyword</method>
  <thread>1</thread>
  <message>Start action : startApplication(\&amp;quot;C:\\Users\\MSA-testautomation\\59.apk\&amp;quot;, false)</message>
  <nestedLevel>1</nestedLevel>
  <property name="startLine">16</property>
  <property name="stepIndex">1</property>
</record>
<record>
  <date>2019-02-26T14:57:40</date>
  <millis>1551189460192</millis>
  <sequence>9</sequence>
  <level>INFO</level>
  <class>com.kms.katalon.core.logging.XmlKeywordLogger</class>
  <method>logMessage</method>
  <thread>1</thread>
  <message>Appium server started on port 50.137</message>
  <nestedLevel>1</nestedLevel>
</record>
<record>
  <date>2019-02-26T14:58:02</date>
  <millis>1551189482070</millis>
  <sequence>11</sequence>
  <level>RUN_DATA</level>
  <class>com.kms.katalon.core.logging.XmlKeywordLogger</class>
  <method>logMessage</method>
  <thread>1</thread>
  <message>appiumVersion = 1.8.1</message>
  <nestedLevel>1</nestedLevel>
  <property name="appiumVersion">1.8.1</property>
</record>
<record>
  <date>2019-02-26T14:58:02</date>
  <millis>1551189482115</millis>
  <sequence>12</sequence>
  <level>RUN_DATA</level>
  <class>com.kms.katalon.core.logging.XmlKeywordLogger</class>
  <method>logMessage</method>
  <thread>1</thread>
  <message>deviceId = 9885f7504651473733</message>
  <nestedLevel>1</nestedLevel>
  <property name="deviceId">9885f7504651473733</property>
</record>
<record>
  <date>2019-02-26T14:58:02</date>
  <millis>1551189482116</millis>
  <sequence>13</sequence>
  <level>RUN_DATA</level>
  <class>com.kms.katalon.core.logging.XmlKeywordLogger</class>
  <method>logMessage</method>
  <thread>1</thread>
  <message>deviceName = samsung SM-G935F (Android 8.0.0)</message>
  <nestedLevel>1</nestedLevel>
  <property name="deviceName">samsung SM-G935F (Android 8.0.0)</property>
</record>
<record>
  <date>2019-02-26T14:58:02</date>
  <millis>1551189482117</millis>
  <sequence>14</sequence>
  <level>RUN_DATA</level>
  <class>com.kms.katalon.core.logging.XmlKeywordLogger</class>
  <method>logMessage</method>
  <thread>1</thread>
  <message>deviceModel = SM-G935F</message>
  <nestedLevel>1</nestedLevel>
  <property name="deviceModel">SM-G935F</property>
</record>
<record>
  <date>2019-02-26T14:58:02</date>
  <millis>1551189482117</millis>
  <sequence>15</sequence>
  <level>RUN_DATA</level>
  <class>com.kms.katalon.core.logging.XmlKeywordLogger</class>
  <method>logMessage</method>
  <thread>1</thread>
  <message>deviceManufacturer = samsung</message>
  <nestedLevel>1</nestedLevel>
  <property name="deviceManufacturer">samsung</property>
</record>
<record>
  <date>2019-02-26T14:58:02</date>
  <millis>1551189482117</millis>
  <sequence>16</sequence>
  <level>RUN_DATA</level>
  <class>com.kms.katalon.core.logging.XmlKeywordLogger</class>
  <method>logMessage</method>
  <thread>1</thread>
  <message>deviceOS = Android</message>
  <nestedLevel>1</nestedLevel>
  <property name="deviceOS">Android</property>
</record>
<record>
  <date>2019-02-26T14:58:02</date>
  <millis>1551189482117</millis>
  <sequence>17</sequence>
  <level>RUN_DATA</level>
  <class>com.kms.katalon.core.logging.XmlKeywordLogger</class>
  <method>logMessage</method>
  <thread>1</thread>
  <message>deviceOSVersion = 8.0.0</message>
  <nestedLevel>1</nestedLevel>
  <property name="deviceOSVersion">8.0.0</property>
</record>
<record>
  <date>2019-02-26T14:58:02</date>
  <millis>1551189482133</millis>
  <sequence>18</sequence>
  <level>PASSED</level>
  <class>com.kms.katalon.core.logging.XmlKeywordLogger</class>
  <method>logMessage</method>
  <thread>1</thread>
  <message>Started app at: &amp;apos;C:\\Users\\MSA-testautomation\\59.apk&amp;apos;</message>
  <nestedLevel>1</nestedLevel>
</record>
<record>
  <date>2019-02-26T14:58:02</date>
  <millis>1551189482133</millis>
  <sequence>19</sequence>
  <level>END</level>
  <class>com.kms.katalon.core.logging.XmlKeywordLogger</class>
  <method>endKeyword</method>
  <thread>1</thread>
  <message>End action : startApplication(\&amp;quot;C:\\Users\\MSA-testautomation\\59.apk\&amp;quot;, false)</message>
  <nestedLevel>1</nestedLevel>
</record>
<record>
  <date>2019-02-26T14:58:02</date>
  <millis>1551189482133</millis>
  <sequence>20</sequence>
  <level>PASSED</level>
  <class>com.kms.katalon.core.logging.XmlKeywordLogger</class>
  <method>logMessage</method>
  <thread>1</thread>
  <message>Test Cases/Pre Login/PreLogin_1_FUNCTIONALITY_StartApp_DTH_Wi-Fi</message>
  <nestedLevel>1</nestedLevel>
</record>
<record>
  <date>2019-02-26T14:58:02</date>
  <millis>1551189482133</millis>
  <sequence>21</sequence>
  <level>END</level>
  <class>com.kms.katalon.core.logging.XmlKeywordLogger</class>
  <method>endTest</method>
  <thread>1</thread>
  <message>End Test Case : Test Cases/Pre Login/PreLogin_1_FUNCTIONALITY_StartApp_DTH_Wi-Fi</message>
  <nestedLevel>0</nestedLevel>
</record>
<record>
  <date>2019-02-26T14:58:02</date>
  <millis>1551189482133</millis>
  <sequence>22</sequence>
  <level>START</level>
  <class>com.kms.katalon.core.logging.XmlKeywordLogger</class>
  <method>startTest</method>
  <thread>1</thread>
  <message>Start Test Case : Test Cases/Guida TV/Guida TV_3_NAVIGATION_GTV_DTH_Wi-Fi</message>
  <nestedLevel>1</nestedLevel>
  <property name="name">Test Cases/Guida TV/Guida TV_3_NAVIGATION_GTV_DTH_Wi-Fi</property>
  <property name="description">Dalla homepage atterro nella sezione di Guida Tv ed effettuo un controolo sulla label della top bar.</property>
  <property name="id">Test Cases/Guida TV/Guida TV_3_NAVIGATION_GTV_DTH_Wi-Fi</property>
  <property name="source">C:\\Users\\marco\\Katalon Studio\\MSA-testautomation\\Test Cases\\Guida TV\\Guida TV_3_NAVIGATION_GTV_DTH_Wi-Fi.tc</property>
  <property name="isOptional">false</property>
</record>
<record>
  <date>2019-02-26T14:58:02</date>
  <millis>1551189482387</millis>
  <sequence>24</sequence>
  <level>START</level>
  <class>com.kms.katalon.core.logging.XmlKeywordLogger</class>
  <method>startKeyword</method>
  <thread>1</thread>
  <message>Start action : tap(findTestObject(\&amp;quot;Bottom Bar Elements/Guida TV\&amp;quot;), 0)</message>
  <nestedLevel>1</nestedLevel>
  <property name="startLine">16</property>
  <property name="stepIndex">1</property>
</record>
<record>
  <date>2019-02-26T14:58:02</date>
  <millis>1551189482449</millis>
  <sequence>28</sequence>
  <level>WARNING</level>
  <class>com.kms.katalon.core.logging.XmlKeywordLogger</class>
  <method>logMessage</method>
  <thread>1</thread>
  <message>Timeout &amp;apos;0&amp;apos; is invalid. Using default page load timeout: &amp;apos;30&amp;apos;</message>
  <nestedLevel>1</nestedLevel>
</record>
<record>
  <date>2019-02-26T14:58:07</date>
  <millis>1551189487787</millis>
  <sequence>29</sequence>
  <level>PASSED</level>
  <class>com.kms.katalon.core.logging.XmlKeywordLogger</class>
  <method>logMessage</method>
  <thread>1</thread>
  <message>Tapped on element &amp;apos;Object Repository/Bottom Bar Elements/Guida TV&amp;apos;</message>
  <nestedLevel>1</nestedLevel>
</record>
<record>
  <date>2019-02-26T14:58:07</date>
  <millis>1551189487788</millis>
  <sequence>30</sequence>
  <level>END</level>
  <class>com.kms.katalon.core.logging.XmlKeywordLogger</class>
  <method>endKeyword</method>
  <thread>1</thread>
  <message>End action : tap(findTestObject(\&amp;quot;Bottom Bar Elements/Guida TV\&amp;quot;), 0)</message>
  <nestedLevel>1</nestedLevel>
</record>
<record>
  <date>2019-02-26T14:58:07</date>
  <millis>1551189487788</millis>
  <sequence>31</sequence>
  <level>START</level>
  <class>com.kms.katalon.core.logging.XmlKeywordLogger</class>
  <method>startKeyword</method>
  <thread>1</thread>
  <message>Start action : delay(5)</message>
  <nestedLevel>1</nestedLevel>
  <property name="startLine">18</property>
  <property name="stepIndex">2</property>
</record>
<record>
  <date>2019-02-26T14:58:12</date>
  <millis>1551189492816</millis>
  <sequence>33</sequence>
  <level>PASSED</level>
  <class>com.kms.katalon.core.logging.XmlKeywordLogger</class>
  <method>logMessage</method>
  <thread>1</thread>
  <message>Delayed 5 second(s)</message>
  <nestedLevel>1</nestedLevel>
</record>
<record>
  <date>2019-02-26T14:58:12</date>
  <millis>1551189492816</millis>
  <sequence>34</sequence>
  <level>END</level>
  <class>com.kms.katalon.core.logging.XmlKeywordLogger</class>
  <method>endKeyword</method>
  <thread>1</thread>
  <message>End action : delay(5)</message>
  <nestedLevel>1</nestedLevel>
</record>
<record>
  <date>2019-02-26T14:58:12</date>
  <millis>1551189492817</millis>
  <sequence>35</sequence>
  <level>START</level>
  <class>com.kms.katalon.core.logging.XmlKeywordLogger</class>
  <method>startKeyword</method>
  <thread>1</thread>
  <message>Start action : verifyElementExist(findTestObject(\&amp;quot;Top Bar elements/GUIDA TV\&amp;quot;), 0)</message>
  <nestedLevel>1</nestedLevel>
  <property name="startLine">20</property>
  <property name="stepIndex">3</property>
</record>
<record>
  <date>2019-02-26T14:58:12</date>
  <millis>1551189492843</millis>
  <sequence>39</sequence>
  <level>WARNING</level>
  <class>com.kms.katalon.core.logging.XmlKeywordLogger</class>
  <method>logMessage</method>
  <thread>1</thread>
  <message>Timeout &amp;apos;0&amp;apos; is invalid. Using default page load timeout: &amp;apos;30&amp;apos;</message>
  <nestedLevel>1</nestedLevel>
</record>
<record>
  <date>2019-02-26T14:58:13</date>
  <millis>1551189493785</millis>
  <sequence>40</sequence>
  <level>PASSED</level>
  <class>com.kms.katalon.core.logging.XmlKeywordLogger</class>
  <method>logMessage</method>
  <thread>1</thread>
  <message>Element &amp;apos;Object Repository/Top Bar elements/GUIDA TV&amp;apos; is exist</message>
  <nestedLevel>1</nestedLevel>
</record>
<record>
  <date>2019-02-26T14:58:13</date>
  <millis>1551189493786</millis>
  <sequence>41</sequence>
  <level>END</level>
  <class>com.kms.katalon.core.logging.XmlKeywordLogger</class>
  <method>endKeyword</method>
  <thread>1</thread>
  <message>End action : verifyElementExist(findTestObject(\&amp;quot;Top Bar elements/GUIDA TV\&amp;quot;), 0)</message>
  <nestedLevel>1</nestedLevel>
</record>
<record>
  <date>2019-02-26T14:58:13</date>
  <millis>1551189493786</millis>
  <sequence>42</sequence>
  <level>PASSED</level>
  <class>com.kms.katalon.core.logging.XmlKeywordLogger</class>
  <method>logMessage</method>
  <thread>1</thread>
  <message>Test Cases/Guida TV/Guida TV_3_NAVIGATION_GTV_DTH_Wi-Fi</message>
  <nestedLevel>1</nestedLevel>
</record>
<record>
  <date>2019-02-26T14:58:13</date>
  <millis>1551189493787</millis>
  <sequence>43</sequence>
  <level>END</level>
  <class>com.kms.katalon.core.logging.XmlKeywordLogger</class>
  <method>endTest</method>
  <thread>1</thread>
  <message>End Test Case : Test Cases/Guida TV/Guida TV_3_NAVIGATION_GTV_DTH_Wi-Fi</message>
  <nestedLevel>0</nestedLevel>
</record>
<record>
  <date>2019-02-26T14:58:13</date>
  <millis>1551189493790</millis>
  <sequence>44</sequence>
  <level>START</level>
  <class>com.kms.katalon.core.logging.XmlKeywordLogger</class>
  <method>startTest</method>
  <thread>1</thread>
  <message>Start Test Case : Test Cases/Guida TV/Guida TV_2_NAVIGATION_Hero_DTH_Wi-Fi</message>
  <nestedLevel>1</nestedLevel>
  <property name="name">Test Cases/Guida TV/Guida TV_2_NAVIGATION_Hero_DTH_Wi-Fi</property>
  <property name="description">Controllo degli elementi presenti nel contenuto in evidenza.</property>
  <property name="id">Test Cases/Guida TV/Guida TV_2_NAVIGATION_Hero_DTH_Wi-Fi</property>
  <property name="source">C:\\Users\\marco\\Katalon Studio\\MSA-testautomation\\Test Cases\\Guida TV\\Guida TV_2_NAVIGATION_Hero_DTH_Wi-Fi.tc</property>
  <property name="isOptional">false</property>
</record>
<record>
  <date>2019-02-26T14:58:14</date>
  <millis>1551189494073</millis>
  <sequence>46</sequence>
  <level>START</level>
  <class>com.kms.katalon.core.logging.XmlKeywordLogger</class>
  <method>startKeyword</method>
  <thread>1</thread>
  <message>Start action : verifyElementAttributeValue(findTestObject(\&amp;quot;Guida Tv/Hero Elements/Immagine\&amp;quot;), \&amp;quot;resource-id\&amp;quot;, \&amp;quot;it.sky.msa:id/heroImageImageView\&amp;quot;, 0)</message>
  <nestedLevel>1</nestedLevel>
  <property name="startLine">17</property>
  <property name="stepIndex">1</property>
  <property name="description">Check se esite l&apos;immagine del contenuto in evidenza.</property>
</record>
<record>
  <date>2019-02-26T14:58:14</date>
  <millis>1551189494089</millis>
  <sequence>51</sequence>
  <level>WARNING</level>
  <class>com.kms.katalon.core.logging.XmlKeywordLogger</class>
  <method>logMessage</method>
  <thread>1</thread>
  <message>Timeout &amp;apos;0&amp;apos; is invalid. Using default page load timeout: &amp;apos;30&amp;apos;</message>
  <nestedLevel>1</nestedLevel>
</record>
<record>
  <date>2019-02-26T14:58:14</date>
  <millis>1551189494566</millis>
  <sequence>52</sequence>
  <level>PASSED</level>
  <class>com.kms.katalon.core.logging.XmlKeywordLogger</class>
  <method>logMessage</method>
  <thread>1</thread>
  <message>Object &amp;apos;Object Repository/Guida Tv/Hero Elements/Immagine&amp;apos; has attribute &amp;apos;resource-id&amp;apos; with value &amp;apos;it.sky.msa:id/heroImageImageView&amp;apos;</message>
  <nestedLevel>1</nestedLevel>
</record>
<record>
  <date>2019-02-26T14:58:14</date>
  <millis>1551189494567</millis>
  <sequence>53</sequence>
  <level>END</level>
  <class>com.kms.katalon.core.logging.XmlKeywordLogger</class>
  <method>endKeyword</method>
  <thread>1</thread>
  <message>End action : verifyElementAttributeValue(findTestObject(\&amp;quot;Guida Tv/Hero Elements/Immagine\&amp;quot;), \&amp;quot;resource-id\&amp;quot;, \&amp;quot;it.sky.msa:id/heroImageImageView\&amp;quot;, 0)</message>
  <nestedLevel>1</nestedLevel>
</record>
<record>
  <date>2019-02-26T14:58:14</date>
  <millis>1551189494567</millis>
  <sequence>54</sequence>
  <level>START</level>
  <class>com.kms.katalon.core.logging.XmlKeywordLogger</class>
  <method>startKeyword</method>
  <thread>1</thread>
  <message>Start action : verifyElementText(findTestObject(\&amp;quot;Guida Tv/Hero Elements/IN EVIDENZA\&amp;quot;), \&amp;quot;IN EVIDENZA\&amp;quot;)</message>
  <nestedLevel>1</nestedLevel>
  <property name="startLine">21</property>
  <property name="stepIndex">2</property>
  <property name="description">Check se esite la label \&quot;IN EVIDENZA\&quot;</property>
</record>
<record>
  <date>2019-02-26T14:58:15</date>
  <millis>1551189495067</millis>
  <sequence>58</sequence>
  <level>PASSED</level>
  <class>com.kms.katalon.core.logging.XmlKeywordLogger</class>
  <method>logMessage</method>
  <thread>1</thread>
  <message>Actual text and expected text of test object &amp;apos;Object Repository/Guida Tv/Hero Elements/IN EVIDENZA&amp;apos; are matched.</message>
  <nestedLevel>1</nestedLevel>
</record>
<record>
  <date>2019-02-26T14:58:15</date>
  <millis>1551189495068</millis>
  <sequence>59</sequence>
  <level>END</level>
  <class>com.kms.katalon.core.logging.XmlKeywordLogger</class>
  <method>endKeyword</method>
  <thread>1</thread>
  <message>End action : verifyElementText(findTestObject(\&amp;quot;Guida Tv/Hero Elements/IN EVIDENZA\&amp;quot;), \&amp;quot;IN EVIDENZA\&amp;quot;)</message>
  <nestedLevel>1</nestedLevel>
</record>
<record>
  <date>2019-02-26T14:58:15</date>
  <millis>1551189495069</millis>
  <sequence>60</sequence>
  <level>START</level>
  <class>com.kms.katalon.core.logging.XmlKeywordLogger</class>
  <method>startKeyword</method>
  <thread>1</thread>
  <message>Start action : verifyElementExist(findTestObject(\&amp;quot;Guida Tv/Hero Elements/Titolo del contenuto\&amp;quot;), 0)</message>
  <nestedLevel>1</nestedLevel>
  <property name="startLine">24</property>
  <property name="stepIndex">3</property>
  <property name="description">Verifica che esiste il titolo del contenuto in evidenza.</property>
</record>
<record>
  <date>2019-02-26T14:58:15</date>
  <millis>1551189495071</millis>
  <sequence>64</sequence>
  <level>WARNING</level>
  <class>com.kms.katalon.core.logging.XmlKeywordLogger</class>
  <method>logMessage</method>
  <thread>1</thread>
  <message>Timeout &amp;apos;0&amp;apos; is invalid. Using default page load timeout: &amp;apos;30&amp;apos;</message>
  <nestedLevel>1</nestedLevel>
</record>
<record>
  <date>2019-02-26T14:58:15</date>
  <millis>1551189495436</millis>
  <sequence>65</sequence>
  <level>PASSED</level>
  <class>com.kms.katalon.core.logging.XmlKeywordLogger</class>
  <method>logMessage</method>
  <thread>1</thread>
  <message>Element &amp;apos;Object Repository/Guida Tv/Hero Elements/Titolo del contenuto&amp;apos; is exist</message>
  <nestedLevel>1</nestedLevel>
</record>
<record>
  <date>2019-02-26T14:58:15</date>
  <millis>1551189495437</millis>
  <sequence>66</sequence>
  <level>END</level>
  <class>com.kms.katalon.core.logging.XmlKeywordLogger</class>
  <method>endKeyword</method>
  <thread>1</thread>
  <message>End action : verifyElementExist(findTestObject(\&amp;quot;Guida Tv/Hero Elements/Titolo del contenuto\&amp;quot;), 0)</message>
  <nestedLevel>1</nestedLevel>
</record>
<record>
  <date>2019-02-26T14:58:15</date>
  <millis>1551189495437</millis>
  <sequence>67</sequence>
  <level>START</level>
  <class>com.kms.katalon.core.logging.XmlKeywordLogger</class>
  <method>startKeyword</method>
  <thread>1</thread>
  <message>Start action : verifyElementExist(findTestObject(\&amp;quot;Guida Tv/Hero Elements/Programmazione\&amp;quot;), 0)</message>
  <nestedLevel>1</nestedLevel>
  <property name="startLine">27</property>
  <property name="stepIndex">4</property>
  <property name="description">Verifica che \u00E8 presente la programmazione del contenuto.</property>
</record>
<record>
  <date>2019-02-26T14:58:15</date>
  <millis>1551189495439</millis>
  <sequence>71</sequence>
  <level>WARNING</level>
  <class>com.kms.katalon.core.logging.XmlKeywordLogger</class>
  <method>logMessage</method>
  <thread>1</thread>
  <message>Timeout &amp;apos;0&amp;apos; is invalid. Using default page load timeout: &amp;apos;30&amp;apos;</message>
  <nestedLevel>1</nestedLevel>
</record>
<record>
  <date>2019-02-26T14:58:15</date>
  <millis>1551189495804</millis>
  <sequence>72</sequence>
  <level>PASSED</level>
  <class>com.kms.katalon.core.logging.XmlKeywordLogger</class>
  <method>logMessage</method>
  <thread>1</thread>
  <message>Element &amp;apos;Object Repository/Guida Tv/Hero Elements/Programmazione&amp;apos; is exist</message>
  <nestedLevel>1</nestedLevel>
</record>
<record>
  <date>2019-02-26T14:58:15</date>
  <millis>1551189495805</millis>
  <sequence>73</sequence>
  <level>END</level>
  <class>com.kms.katalon.core.logging.XmlKeywordLogger</class>
  <method>endKeyword</method>
  <thread>1</thread>
  <message>End action : verifyElementExist(findTestObject(\&amp;quot;Guida Tv/Hero Elements/Programmazione\&amp;quot;), 0)</message>
  <nestedLevel>1</nestedLevel>
</record>
<record>
  <date>2019-02-26T14:58:15</date>
  <millis>1551189495805</millis>
  <sequence>74</sequence>
  <level>START</level>
  <class>com.kms.katalon.core.logging.XmlKeywordLogger</class>
  <method>startKeyword</method>
  <thread>1</thread>
  <message>Start action : getText(findTestObject(\&amp;quot;Guida Tv/Hero Elements/Programmazione\&amp;quot;), 0)</message>
  <nestedLevel>1</nestedLevel>
  <property name="startLine">29</property>
  <property name="stepIndex">5</property>
</record>
<record>
  <date>2019-02-26T14:58:15</date>
  <millis>1551189495821</millis>
  <sequence>78</sequence>
  <level>WARNING</level>
  <class>com.kms.katalon.core.logging.XmlKeywordLogger</class>
  <method>logMessage</method>
  <thread>1</thread>
  <message>Timeout &amp;apos;0&amp;apos; is invalid. Using default page load timeout: &amp;apos;30&amp;apos;</message>
  <nestedLevel>1</nestedLevel>
</record>
<record>
  <date>2019-02-26T14:58:16</date>
  <millis>1551189496270</millis>
  <sequence>79</sequence>
  <level>PASSED</level>
  <class>com.kms.katalon.core.logging.XmlKeywordLogger</class>
  <method>logMessage</method>
  <thread>1</thread>
  <message>Text of element &amp;apos;Object Repository/Guida Tv/Hero Elements/Programmazione&amp;apos; is: &amp;apos;Oggi alle 06:00&amp;apos;</message>
  <nestedLevel>1</nestedLevel>
</record>
<record>
  <date>2019-02-26T14:58:16</date>
  <millis>1551189496270</millis>
  <sequence>80</sequence>
  <level>END</level>
  <class>com.kms.katalon.core.logging.XmlKeywordLogger</class>
  <method>endKeyword</method>
  <thread>1</thread>
  <message>End action : getText(findTestObject(\&amp;quot;Guida Tv/Hero Elements/Programmazione\&amp;quot;), 0)</message>
  <nestedLevel>1</nestedLevel>
</record>
<record>
  <date>2019-02-26T14:58:16</date>
  <millis>1551189496270</millis>
  <sequence>81</sequence>
  <level>PASSED</level>
  <class>com.kms.katalon.core.logging.XmlKeywordLogger</class>
  <method>logMessage</method>
  <thread>1</thread>
  <message>Test Cases/Guida TV/Guida TV_2_NAVIGATION_Hero_DTH_Wi-Fi</message>
  <nestedLevel>1</nestedLevel>
</record>
<record>
  <date>2019-02-26T14:58:16</date>
  <millis>1551189496271</millis>
  <sequence>82</sequence>
  <level>END</level>
  <class>com.kms.katalon.core.logging.XmlKeywordLogger</class>
  <method>endTest</method>
  <thread>1</thread>
  <message>End Test Case : Test Cases/Guida TV/Guida TV_2_NAVIGATION_Hero_DTH_Wi-Fi</message>
  <nestedLevel>0</nestedLevel>
</record>
<record>
  <date>2019-02-26T14:58:16</date>
  <millis>1551189496275</millis>
  <sequence>83</sequence>
  <level>START</level>
  <class>com.kms.katalon.core.logging.XmlKeywordLogger</class>
  <method>startTest</method>
  <thread>1</thread>
  <message>Start Test Case : Test Cases/Guida TV/Guida TV_4_NAVIGATION_SceltiPerTeQuestaSettimana_DTH_Wi-Fi</message>
  <nestedLevel>1</nestedLevel>
  <property name="name">Test Cases/Guida TV/Guida TV_4_NAVIGATION_SceltiPerTeQuestaSettimana_DTH_Wi-Fi</property>
  <property name="description">Navigazione della sezione \&quot;Scelti per te questa settimana\&quot;</property>
  <property name="id">Test Cases/Guida TV/Guida TV_4_NAVIGATION_SceltiPerTeQuestaSettimana_DTH_Wi-Fi</property>
  <property name="source">C:\\Users\\marco\\Katalon Studio\\MSA-testautomation\\Test Cases\\Guida TV\\Guida TV_4_NAVIGATION_SceltiPerTeQuestaSettimana_DTH_Wi-Fi.tc</property>
  <property name="isOptional">false</property>
</record>
<record>
  <date>2019-02-26T14:58:16</date>
  <millis>1551189496530</millis>
  <sequence>85</sequence>
  <level>START</level>
  <class>com.kms.katalon.core.logging.XmlKeywordLogger</class>
  <method>startKeyword</method>
  <thread>1</thread>
  <message>Start action : swipe(0, 0, 200, 10000)</message>
  <nestedLevel>1</nestedLevel>
  <property name="startLine">16</property>
  <property name="stepIndex">1</property>
</record>
<record>
  <date>2019-02-26T14:58:18</date>
  <millis>1551189498862</millis>
  <sequence>86</sequence>
  <level>PASSED</level>
  <class>com.kms.katalon.core.logging.XmlKeywordLogger</class>
  <method>logMessage</method>
  <thread>1</thread>
  <message>Swiped from 0,0 to 200,10.000</message>
  <nestedLevel>1</nestedLevel>
</record>
<record>
  <date>2019-02-26T14:58:18</date>
  <millis>1551189498964</millis>
  <sequence>87</sequence>
  <level>END</level>
  <class>com.kms.katalon.core.logging.XmlKeywordLogger</class>
  <method>endKeyword</method>
  <thread>1</thread>
  <message>End action : swipe(0, 0, 200, 10000)</message>
  <nestedLevel>1</nestedLevel>
</record>
<record>
  <date>2019-02-26T14:58:18</date>
  <millis>1551189498964</millis>
  <sequence>88</sequence>
  <level>START</level>
  <class>com.kms.katalon.core.logging.XmlKeywordLogger</class>
  <method>startKeyword</method>
  <thread>1</thread>
  <message>Start action : getText(findTestObject(\&amp;quot;Guida Tv/Section Elements/Scelti per te questa settimana\&amp;quot;), 0)</message>
  <nestedLevel>1</nestedLevel>
  <property name="startLine">18</property>
  <property name="stepIndex">2</property>
</record>
<record>
  <date>2019-02-26T14:58:18</date>
  <millis>1551189498966</millis>
  <sequence>92</sequence>
  <level>WARNING</level>
  <class>com.kms.katalon.core.logging.XmlKeywordLogger</class>
  <method>logMessage</method>
  <thread>1</thread>
  <message>Timeout &amp;apos;0&amp;apos; is invalid. Using default page load timeout: &amp;apos;30&amp;apos;</message>
  <nestedLevel>1</nestedLevel>
</record>
<record>
  <date>2019-02-26T14:58:19</date>
  <millis>1551189499412</millis>
  <sequence>93</sequence>
  <level>PASSED</level>
  <class>com.kms.katalon.core.logging.XmlKeywordLogger</class>
  <method>logMessage</method>
  <thread>1</thread>
  <message>Text of element &amp;apos;Object Repository/Guida Tv/Section Elements/Scelti per te questa settimana&amp;apos; is: &amp;apos;Scelti per te questa settimana&amp;apos;</message>
  <nestedLevel>1</nestedLevel>
</record>
<record>
  <date>2019-02-26T14:58:19</date>
  <millis>1551189499413</millis>
  <sequence>94</sequence>
  <level>END</level>
  <class>com.kms.katalon.core.logging.XmlKeywordLogger</class>
  <method>endKeyword</method>
  <thread>1</thread>
  <message>End action : getText(findTestObject(\&amp;quot;Guida Tv/Section Elements/Scelti per te questa settimana\&amp;quot;), 0)</message>
  <nestedLevel>1</nestedLevel>
</record>
<record>
  <date>2019-02-26T14:58:19</date>
  <millis>1551189499413</millis>
  <sequence>95</sequence>
  <level>START</level>
  <class>com.kms.katalon.core.logging.XmlKeywordLogger</class>
  <method>startKeyword</method>
  <thread>1</thread>
  <message>Start action : verifyElementText(findTestObject(\&amp;quot;Guida Tv/Section Elements/Scelti per te questa settimana\&amp;quot;), \&amp;quot;Scelti per te questa settimana\&amp;quot;)</message>
  <nestedLevel>1</nestedLevel>
  <property name="startLine">20</property>
  <property name="stepIndex">3</property>
</record>
<record>
  <date>2019-02-26T14:58:19</date>
  <millis>1551189499815</millis>
  <sequence>99</sequence>
  <level>PASSED</level>
  <class>com.kms.katalon.core.logging.XmlKeywordLogger</class>
  <method>logMessage</method>
  <thread>1</thread>
  <message>Actual text and expected text of test object &amp;apos;Object Repository/Guida Tv/Section Elements/Scelti per te questa settimana&amp;apos; are matched.</message>
  <nestedLevel>1</nestedLevel>
</record>
<record>
  <date>2019-02-26T14:58:19</date>
  <millis>1551189499816</millis>
  <sequence>100</sequence>
  <level>END</level>
  <class>com.kms.katalon.core.logging.XmlKeywordLogger</class>
  <method>endKeyword</method>
  <thread>1</thread>
  <message>End action : verifyElementText(findTestObject(\&amp;quot;Guida Tv/Section Elements/Scelti per te questa settimana\&amp;quot;), \&amp;quot;Scelti per te questa settimana\&amp;quot;)</message>
  <nestedLevel>1</nestedLevel>
</record>
<record>
  <date>2019-02-26T14:58:19</date>
  <millis>1551189499816</millis>
  <sequence>101</sequence>
  <level>START</level>
  <class>com.kms.katalon.core.logging.XmlKeywordLogger</class>
  <method>startKeyword</method>
  <thread>1</thread>
  <message>Start action : swipe(0, 0, 100, 0)</message>
  <nestedLevel>1</nestedLevel>
  <property name="startLine">22</property>
  <property name="stepIndex">4</property>
</record>
<record>
  <date>2019-02-26T14:58:22</date>
  <millis>1551189502250</millis>
  <sequence>102</sequence>
  <level>PASSED</level>
  <class>com.kms.katalon.core.logging.XmlKeywordLogger</class>
  <method>logMessage</method>
  <thread>1</thread>
  <message>Swiped from 0,0 to 100,0</message>
  <nestedLevel>1</nestedLevel>
</record>
<record>
  <date>2019-02-26T14:58:22</date>
  <millis>1551189502331</millis>
  <sequence>103</sequence>
  <level>END</level>
  <class>com.kms.katalon.core.logging.XmlKeywordLogger</class>
  <method>endKeyword</method>
  <thread>1</thread>
  <message>End action : swipe(0, 0, 100, 0)</message>
  <nestedLevel>1</nestedLevel>
</record>
<record>
  <date>2019-02-26T14:58:22</date>
  <millis>1551189502331</millis>
  <sequence>104</sequence>
  <level>START</level>
  <class>com.kms.katalon.core.logging.XmlKeywordLogger</class>
  <method>startKeyword</method>
  <thread>1</thread>
  <message>Start action : delay(0)</message>
  <nestedLevel>1</nestedLevel>
  <property name="startLine">24</property>
  <property name="stepIndex">5</property>
</record>
<record>
  <date>2019-02-26T14:58:22</date>
  <millis>1551189502332</millis>
  <sequence>106</sequence>
  <level>PASSED</level>
  <class>com.kms.katalon.core.logging.XmlKeywordLogger</class>
  <method>logMessage</method>
  <thread>1</thread>
  <message>Delayed 0 second(s)</message>
  <nestedLevel>1</nestedLevel>
</record>
<record>
  <date>2019-02-26T14:58:22</date>
  <millis>1551189502333</millis>
  <sequence>107</sequence>
  <level>END</level>
  <class>com.kms.katalon.core.logging.XmlKeywordLogger</class>
  <method>endKeyword</method>
  <thread>1</thread>
  <message>End action : delay(0)</message>
  <nestedLevel>1</nestedLevel>
</record>
<record>
  <date>2019-02-26T14:58:22</date>
  <millis>1551189502333</millis>
  <sequence>108</sequence>
  <level>START</level>
  <class>com.kms.katalon.core.logging.XmlKeywordLogger</class>
  <method>startKeyword</method>
  <thread>1</thread>
  <message>Start action : swipe(0, 0, -100, 0)</message>
  <nestedLevel>1</nestedLevel>
  <property name="startLine">26</property>
  <property name="stepIndex">6</property>
</record>
<record>
  <date>2019-02-26T14:58:24</date>
  <millis>1551189504805</millis>
  <sequence>109</sequence>
  <level>PASSED</level>
  <class>com.kms.katalon.core.logging.XmlKeywordLogger</class>
  <method>logMessage</method>
  <thread>1</thread>
  <message>Swiped from 0,0 to -100,0</message>
  <nestedLevel>1</nestedLevel>
</record>
<record>
  <date>2019-02-26T14:58:24</date>
  <millis>1551189504906</millis>
  <sequence>110</sequence>
  <level>END</level>
  <class>com.kms.katalon.core.logging.XmlKeywordLogger</class>
  <method>endKeyword</method>
  <thread>1</thread>
  <message>End action : swipe(0, 0, -100, 0)</message>
  <nestedLevel>1</nestedLevel>
</record>
<record>
  <date>2019-02-26T14:58:24</date>
  <millis>1551189504907</millis>
  <sequence>111</sequence>
  <level>PASSED</level>
  <class>com.kms.katalon.core.logging.XmlKeywordLogger</class>
  <method>logMessage</method>
  <thread>1</thread>
  <message>Test Cases/Guida TV/Guida TV_4_NAVIGATION_SceltiPerTeQuestaSettimana_DTH_Wi-Fi</message>
  <nestedLevel>1</nestedLevel>
</record>
<record>
  <date>2019-02-26T14:58:24</date>
  <millis>1551189504907</millis>
  <sequence>112</sequence>
  <level>END</level>
  <class>com.kms.katalon.core.logging.XmlKeywordLogger</class>
  <method>endTest</method>
  <thread>1</thread>
  <message>End Test Case : Test Cases/Guida TV/Guida TV_4_NAVIGATION_SceltiPerTeQuestaSettimana_DTH_Wi-Fi</message>
  <nestedLevel>0</nestedLevel>
</record>
<record>
  <date>2019-02-26T14:58:25</date>
  <millis>1551189505437</millis>
  <sequence>113</sequence>
  <level>END</level>
  <class>com.kms.katalon.core.logging.XmlKeywordLogger</class>
  <method>endSuite</method>
  <thread>1</thread>
  <message>End Test Suite : Test Suites/Prova</message>
  <nestedLevel>0</nestedLevel>
</record>
</log>