[35m[Appium][39m Welcome to Appium v1.8.1
[35m[Appium][39m Non-default server args:
[35m[Appium][39m   port: 58231
[35m[Appium][39m   loglevel: info
[35m[Appium][39m   chromeDriverPort: 58232
[35m[Appium][39m   tmpDir: C:\Users\marco\AppData\Local\Temp\\Katalon\Appium\Temp1551197832708
[35m[Appium][39m Appium REST http interface listener started on 0.0.0.0:58231
[35m[HTTP][39m [37m-->[39m [37mGET[39m [37m/wd/hub/status[39m
[35m[HTTP][39m [90m{}[39m
[35m[HTTP][39m [37m<-- GET /wd/hub/status [39m[32m200[39m [90m58 ms - 83[39m
[35m[HTTP][39m [90m[39m
[35m[HTTP][39m [37m-->[39m [37mPOST[39m [37m/wd/hub/session[39m
[35m[HTTP][39m [90m{"desiredCapabilities":{"app":"C:\\Users\\MSA-testautomation\\59.apk","autoGrantPermissions":true,"automationName":"uiautomator2","deviceName":"samsung SM-G935F (Android 8.0.0)","fullReset":false,"newCommandTimeout":1800,"noReset":true,"platform":"ANDROID","platformName":"Android","udid":"9885f7504651473733"},"capabilities":{"desiredCapabilities":{"app":"C:\\Users\\MSA-testautomation\\59.apk","autoGrantPermissions":true,"automationName":"uiautomator2","deviceName":"samsung SM-G935F (Android 8.0.0)","fullReset":false,"newCommandTimeout":1800,"noReset":true,"platform":"ANDROID","platformName":"Android","udid":"9885f7504651473733"},"firstMatch":[{"platformName":"android"}]}}[39m
[35m[Appium][39m Could not parse W3C capabilities: 'deviceName' can't be blank. Falling back to JSONWP protocol.
[35m[Appium][39m The following capabilities were provided in the JSONWP desired capabilities that are missing in W3C capabilities: ["app","autoGrantPermissions","automationName","deviceName","fullReset","newCommandTimeout","noReset","platform","platformName","udid"]. Falling back to JSONWP protocol.
[35m[Appium][39m Creating new AndroidUiautomator2Driver (v1.12.0) session
[35m[Appium][39m Capabilities:
[35m[Appium][39m   app: C:\Users\MSA-testautomation\59.apk
[35m[Appium][39m   autoGrantPermissions: true
[35m[Appium][39m   automationName: uiautomator2
[35m[Appium][39m   deviceName: samsung SM-G935F (Android 8.0.0)
[35m[Appium][39m   fullReset: false
[35m[Appium][39m   newCommandTimeout: 1800
[35m[Appium][39m   noReset: true
[35m[Appium][39m   platform: ANDROID
[35m[Appium][39m   platformName: Android
[35m[Appium][39m   udid: 9885f7504651473733
[35m[BaseDriver][39m The following capabilities were provided, but are not recognized by appium: platform.
[35m[BaseDriver][39m Session created with session id: 1903d021-0909-4ae7-a358-215adcbd7e54
[35m[BaseDriver][39m Using local app 'C:\Users\MSA-testautomation\59.apk'
[35m[AndroidDriver][39m Java version is: 1.8.0_181
[35m[ADB][39m Checking whether adb is present
[35m[ADB][39m Found 1 'build-tools' folders under 'C:\Users\marco\.katalon\tools\android_sdk' (newest first):
[35m[ADB][39m     C:/Users/marco/.katalon/tools/android_sdk/build-tools/28.0.3
[35m[ADB][39m Using adb.exe from C:\Users\marco\.katalon\tools\android_sdk\platform-tools\adb.exe
[35m[AndroidDriver][39m Retrieving device list
[35m[AndroidDriver][39m Using device: 9885f7504651473733
[35m[ADB][39m Using the alternative activity name detection method because of: Could not find apkanalyzer.bat in C:\Users\marco\.katalon\tools\android_sdk\platform-tools\apkanalyzer.bat,C:\Users\marco\.katalon\tools\android_sdk\emulator\apkanalyzer.bat,C:\Users\marco\.katalon\tools\android_sdk\tools\apkanalyzer.bat,C:\Users\marco\.katalon\tools\android_sdk\tools\bin\apkanalyzer.bat,C:\Users\marco\.katalon\tools\android_sdk\build-tools\28.0.3\apkanalyzer.bat. Do you have the Android SDK installed at 'C:\Users\marco\.katalon\tools\android_sdk'?
[35m[ADB][39m Checking whether aapt is present
[35m[ADB][39m Using aapt.exe from C:\Users\marco\.katalon\tools\android_sdk\build-tools\28.0.3\aapt.exe
[35m[ADB][39m Extracting package and launch activity from manifest
[35m[ADB][39m Package name: 'it.sky.msa'
[35m[ADB][39m Main activity name: 'it.sky.msa.welcome.SplashActivity'
[35m[ADB][39m Getting device platform version
[35m[ADB][39m Using apksigner.bat from C:\Users\marco\.katalon\tools\android_sdk\build-tools\28.0.3\apksigner.bat
[35m[ADB][39m Checking whether zipalign is present
[35m[ADB][39m Using zipalign.exe from C:\Users\marco\.katalon\tools\android_sdk\build-tools\28.0.3\zipalign.exe
[35m[ADB][39m io.appium.uiautomator2.server was successfully uninstalled
[35m[ADB][39m io.appium.uiautomator2.server.test was successfully uninstalled
[35m[AndroidDriver][39m setDeviceLanguageCountry requires language or country.
[35m[AndroidDriver][39m Got language: 'null' and country: 'null'
[35m[ADB][39m Successfully extracted 218 strings from 'C:\Users\MSA-testautomation\59.apk' resources for '(default)' configuration
[35m[UiAutomator2][39m Starting uiautomator2 server 1.12.0
[35m[UiAutomator2][39m Using UIAutomator2 server from 'C:\Users\marco\AppData\Roaming\npm\node_modules\appium\node_modules\appium-uiautomator2-server\apks\appium-uiautomator2-server-v1.12.0.apk' and test from 'C:\Users\marco\AppData\Roaming\npm\node_modules\appium\node_modules\appium-uiautomator2-server\apks\appium-uiautomator2-server-debug-androidTest.apk'
[35m[UiAutomator2][39m Running command: 'adb -s 9885f7504651473733 shell am instrument -w io.appium.uiautomator2.server.test/android.support.test.runner.AndroidJUnitRunner'
[35m[UiAutomator2][39m Waiting up to 20000ms for UiAutomator2 to be online...
[35m[AndroidDriver][39m Screen already unlocked, doing nothing
[35m[UiAutomator2][39m UiAutomator2 did not start the activity we were waiting for, 'it.sky.msa/it.sky.msa.welcome.SplashActivity'. Starting it ourselves
[35m[Appium][39m New AndroidUiautomator2Driver session created successfully, session 1903d021-0909-4ae7-a358-215adcbd7e54 added to master session list
[35m[HTTP][39m [37m<-- POST /wd/hub/session [39m[32m200[39m [90m24759 ms - 1133[39m
[35m[HTTP][39m [90m[39m
[35m[HTTP][39m [37m-->[39m [37mGET[39m [37m/wd/hub/status[39m
[35m[HTTP][39m [90m{}[39m
[35m[HTTP][39m [37m<-- GET /wd/hub/status [39m[32m200[39m [90m49 ms - 55[39m
[35m[HTTP][39m [90m[39m
[35m[HTTP][39m [37m-->[39m [37mPOST[39m [37m/wd/hub/session/1903d021-0909-4ae7-a358-215adcbd7e54/timeouts[39m
[35m[HTTP][39m [90m{"type":"implicit","ms":30000}[39m
[35m[HTTP][39m [37m<-- POST /wd/hub/session/1903d021-0909-4ae7-a358-215adcbd7e54/timeouts [39m[33m400[39m [90m24 ms - 5204[39m
[35m[HTTP][39m [90m[39m
[35m[HTTP][39m [37m-->[39m [37mGET[39m [37m/wd/hub/session/1903d021-0909-4ae7-a358-215adcbd7e54/window/current/size[39m
[35m[HTTP][39m [90m{}[39m
[35m[W3C][39m Driver proxy active, passing request on via HTTP proxy
[35m[JSONWP Proxy][39m Replacing sessionId 1efa9713-6e15-4c3d-b1e3-663fbf1debe5 with 1903d021-0909-4ae7-a358-215adcbd7e54
[35m[HTTP][39m [37m<-- GET /wd/hub/session/1903d021-0909-4ae7-a358-215adcbd7e54/window/current/size [39m[32m200[39m [90m69 ms - 100[39m
[35m[HTTP][39m [90m[39m
[35m[HTTP][39m [37m-->[39m [37mPOST[39m [37m/wd/hub/session/1903d021-0909-4ae7-a358-215adcbd7e54/elements[39m
[35m[HTTP][39m [90m{"using":"-android uiautomator","value":"new UiSelector().className(\"android.widget.TextView\").text(\"Guida TV\").resourceId(\"it.sky.msa:id/title\").instance(5)"}[39m
[35m[HTTP][39m [37m<-- POST /wd/hub/session/1903d021-0909-4ae7-a358-215adcbd7e54/elements [39m[32m200[39m [90m85 ms - 74[39m
[35m[HTTP][39m [90m[39m
[35m[HTTP][39m [37m-->[39m [37mPOST[39m [37m/wd/hub/session/1903d021-0909-4ae7-a358-215adcbd7e54/elements[39m
[35m[HTTP][39m [90m{"using":"-android uiautomator","value":"new UiSelector().className(\"android.widget.TextView\").text(\"Guida TV\").resourceId(\"it.sky.msa:id/title\").instance(5)"}[39m
[35m[HTTP][39m [37m<-- POST /wd/hub/session/1903d021-0909-4ae7-a358-215adcbd7e54/elements [39m[32m200[39m [90m67 ms - 74[39m
[35m[HTTP][39m [90m[39m
[35m[HTTP][39m [37m-->[39m [37mPOST[39m [37m/wd/hub/session/1903d021-0909-4ae7-a358-215adcbd7e54/elements[39m
[35m[HTTP][39m [90m{"using":"-android uiautomator","value":"new UiSelector().className(\"android.widget.TextView\").text(\"Guida TV\").resourceId(\"it.sky.msa:id/title\").instance(5)"}[39m
[35m[HTTP][39m [37m<-- POST /wd/hub/session/1903d021-0909-4ae7-a358-215adcbd7e54/elements [39m[32m200[39m [90m69 ms - 74[39m
[35m[HTTP][39m [90m[39m
[35m[HTTP][39m [37m-->[39m [37mPOST[39m [37m/wd/hub/session/1903d021-0909-4ae7-a358-215adcbd7e54/elements[39m
[35m[HTTP][39m [90m{"using":"-android uiautomator","value":"new UiSelector().className(\"android.widget.TextView\").text(\"Guida TV\").resourceId(\"it.sky.msa:id/title\").instance(5)"}[39m
[35m[HTTP][39m [37m<-- POST /wd/hub/session/1903d021-0909-4ae7-a358-215adcbd7e54/elements [39m[32m200[39m [90m70 ms - 74[39m
[35m[HTTP][39m [90m[39m
[35m[HTTP][39m [37m-->[39m [37mPOST[39m [37m/wd/hub/session/1903d021-0909-4ae7-a358-215adcbd7e54/elements[39m
[35m[HTTP][39m [90m{"using":"-android uiautomator","value":"new UiSelector().className(\"android.widget.TextView\").text(\"Guida TV\").resourceId(\"it.sky.msa:id/title\").instance(5)"}[39m
[35m[HTTP][39m [37m<-- POST /wd/hub/session/1903d021-0909-4ae7-a358-215adcbd7e54/elements [39m[32m200[39m [90m53 ms - 74[39m
[35m[HTTP][39m [90m[39m
[35m[HTTP][39m [37m-->[39m [37mPOST[39m [37m/wd/hub/session/1903d021-0909-4ae7-a358-215adcbd7e54/elements[39m
[35m[HTTP][39m [90m{"using":"-android uiautomator","value":"new UiSelector().className(\"android.widget.TextView\").text(\"Guida TV\").resourceId(\"it.sky.msa:id/title\").instance(5)"}[39m
[35m[HTTP][39m [37m<-- POST /wd/hub/session/1903d021-0909-4ae7-a358-215adcbd7e54/elements [39m[32m200[39m [90m69 ms - 74[39m
[35m[HTTP][39m [90m[39m
[35m[HTTP][39m [37m-->[39m [37mPOST[39m [37m/wd/hub/session/1903d021-0909-4ae7-a358-215adcbd7e54/elements[39m
[35m[HTTP][39m [90m{"using":"-android uiautomator","value":"new UiSelector().className(\"android.widget.TextView\").text(\"Guida TV\").resourceId(\"it.sky.msa:id/title\").instance(5)"}[39m
[35m[HTTP][39m [37m<-- POST /wd/hub/session/1903d021-0909-4ae7-a358-215adcbd7e54/elements [39m[32m200[39m [90m57 ms - 74[39m
[35m[HTTP][39m [90m[39m
[35m[HTTP][39m [37m-->[39m [37mPOST[39m [37m/wd/hub/session/1903d021-0909-4ae7-a358-215adcbd7e54/elements[39m
[35m[HTTP][39m [90m{"using":"-android uiautomator","value":"new UiSelector().className(\"android.widget.TextView\").text(\"Guida TV\").resourceId(\"it.sky.msa:id/title\").instance(5)"}[39m
[35m[HTTP][39m [37m<-- POST /wd/hub/session/1903d021-0909-4ae7-a358-215adcbd7e54/elements [39m[32m200[39m [90m62 ms - 74[39m
[35m[HTTP][39m [90m[39m
[35m[HTTP][39m [37m-->[39m [37mPOST[39m [37m/wd/hub/session/1903d021-0909-4ae7-a358-215adcbd7e54/elements[39m
[35m[HTTP][39m [90m{"using":"-android uiautomator","value":"new UiSelector().className(\"android.widget.TextView\").text(\"Guida TV\").resourceId(\"it.sky.msa:id/title\").instance(5)"}[39m
[35m[HTTP][39m [37m<-- POST /wd/hub/session/1903d021-0909-4ae7-a358-215adcbd7e54/elements [39m[32m200[39m [90m57 ms - 74[39m
[35m[HTTP][39m [90m[39m
[35m[HTTP][39m [37m-->[39m [37mPOST[39m [37m/wd/hub/session/1903d021-0909-4ae7-a358-215adcbd7e54/elements[39m
[35m[HTTP][39m [90m{"using":"-android uiautomator","value":"new UiSelector().className(\"android.widget.TextView\").text(\"Guida TV\").resourceId(\"it.sky.msa:id/title\").instance(5)"}[39m
[35m[HTTP][39m [37m<-- POST /wd/hub/session/1903d021-0909-4ae7-a358-215adcbd7e54/elements [39m[32m200[39m [90m60 ms - 74[39m
[35m[HTTP][39m [90m[39m
[35m[HTTP][39m [37m-->[39m [37mPOST[39m [37m/wd/hub/session/1903d021-0909-4ae7-a358-215adcbd7e54/elements[39m
[35m[HTTP][39m [90m{"using":"-android uiautomator","value":"new UiSelector().className(\"android.widget.TextView\").text(\"Guida TV\").resourceId(\"it.sky.msa:id/title\").instance(5)"}[39m
[35m[HTTP][39m [37m<-- POST /wd/hub/session/1903d021-0909-4ae7-a358-215adcbd7e54/elements [39m[32m200[39m [90m68 ms - 74[39m
[35m[HTTP][39m [90m[39m
[35m[HTTP][39m [37m-->[39m [37mPOST[39m [37m/wd/hub/session/1903d021-0909-4ae7-a358-215adcbd7e54/elements[39m
[35m[HTTP][39m [90m{"using":"-android uiautomator","value":"new UiSelector().className(\"android.widget.TextView\").text(\"Guida TV\").resourceId(\"it.sky.msa:id/title\").instance(5)"}[39m
[35m[HTTP][39m [37m<-- POST /wd/hub/session/1903d021-0909-4ae7-a358-215adcbd7e54/elements [39m[32m200[39m [90m68 ms - 74[39m
[35m[HTTP][39m [90m[39m
[35m[HTTP][39m [37m-->[39m [37mPOST[39m [37m/wd/hub/session/1903d021-0909-4ae7-a358-215adcbd7e54/elements[39m
[35m[HTTP][39m [90m{"using":"-android uiautomator","value":"new UiSelector().className(\"android.widget.TextView\").text(\"Guida TV\").resourceId(\"it.sky.msa:id/title\").instance(5)"}[39m
[35m[HTTP][39m [37m<-- POST /wd/hub/session/1903d021-0909-4ae7-a358-215adcbd7e54/elements [39m[32m200[39m [90m73 ms - 74[39m
[35m[HTTP][39m [90m[39m
[35m[HTTP][39m [37m-->[39m [37mPOST[39m [37m/wd/hub/session/1903d021-0909-4ae7-a358-215adcbd7e54/elements[39m
[35m[HTTP][39m [90m{"using":"-android uiautomator","value":"new UiSelector().className(\"android.widget.TextView\").text(\"Guida TV\").resourceId(\"it.sky.msa:id/title\").instance(5)"}[39m
[35m[HTTP][39m [37m<-- POST /wd/hub/session/1903d021-0909-4ae7-a358-215adcbd7e54/elements [39m[32m200[39m [90m68 ms - 74[39m
[35m[HTTP][39m [90m[39m
[35m[HTTP][39m [37m-->[39m [37mPOST[39m [37m/wd/hub/session/1903d021-0909-4ae7-a358-215adcbd7e54/elements[39m
[35m[HTTP][39m [90m{"using":"-android uiautomator","value":"new UiSelector().className(\"android.widget.TextView\").text(\"Guida TV\").resourceId(\"it.sky.msa:id/title\").instance(5)"}[39m
[35m[HTTP][39m [37m<-- POST /wd/hub/session/1903d021-0909-4ae7-a358-215adcbd7e54/elements [39m[32m200[39m [90m69 ms - 74[39m
[35m[HTTP][39m [90m[39m
[35m[HTTP][39m [37m-->[39m [37mPOST[39m [37m/wd/hub/session/1903d021-0909-4ae7-a358-215adcbd7e54/elements[39m
[35m[HTTP][39m [90m{"using":"-android uiautomator","value":"new UiSelector().className(\"android.widget.TextView\").text(\"Guida TV\").resourceId(\"it.sky.msa:id/title\").instance(5)"}[39m
[35m[HTTP][39m [37m<-- POST /wd/hub/session/1903d021-0909-4ae7-a358-215adcbd7e54/elements [39m[32m200[39m [90m902 ms - 124[39m
[35m[HTTP][39m [90m[39m
[35m[HTTP][39m [37m-->[39m [37mGET[39m [37m/wd/hub/session/1903d021-0909-4ae7-a358-215adcbd7e54[39m
[35m[HTTP][39m [90m{}[39m
[35m[HTTP][39m [37m<-- GET /wd/hub/session/1903d021-0909-4ae7-a358-215adcbd7e54 [39m[32m200[39m [90m30 ms - 1133[39m
[35m[HTTP][39m [90m[39m
[35m[HTTP][39m [37m-->[39m [37mGET[39m [37m/wd/hub/session/1903d021-0909-4ae7-a358-215adcbd7e54[39m
[35m[HTTP][39m [90m{}[39m
[35m[HTTP][39m [37m<-- GET /wd/hub/session/1903d021-0909-4ae7-a358-215adcbd7e54 [39m[32m200[39m [90m32 ms - 1133[39m
[35m[HTTP][39m [90m[39m
[35m[HTTP][39m [37m-->[39m [37mGET[39m [37m/wd/hub/session/1903d021-0909-4ae7-a358-215adcbd7e54[39m
[35m[HTTP][39m [90m{}[39m
[35m[HTTP][39m [37m<-- GET /wd/hub/session/1903d021-0909-4ae7-a358-215adcbd7e54 [39m[32m200[39m [90m32 ms - 1133[39m
[35m[HTTP][39m [90m[39m
[35m[HTTP][39m [37m-->[39m [37mGET[39m [37m/wd/hub/session/1903d021-0909-4ae7-a358-215adcbd7e54[39m
[35m[HTTP][39m [90m{}[39m
[35m[HTTP][39m [37m<-- GET /wd/hub/session/1903d021-0909-4ae7-a358-215adcbd7e54 [39m[32m200[39m [90m48 ms - 1133[39m
[35m[HTTP][39m [90m[39m
[35m[HTTP][39m [37m-->[39m [37mGET[39m [37m/wd/hub/session/1903d021-0909-4ae7-a358-215adcbd7e54/element/a846dde5-2001-458c-b398-dd8871c50db7/location[39m
[35m[HTTP][39m [90m{}[39m
[35m[W3C][39m Driver proxy active, passing request on via HTTP proxy
[35m[JSONWP Proxy][39m Replacing sessionId 1efa9713-6e15-4c3d-b1e3-663fbf1debe5 with 1903d021-0909-4ae7-a358-215adcbd7e54
[35m[HTTP][39m [37m<-- GET /wd/hub/session/1903d021-0909-4ae7-a358-215adcbd7e54/element/a846dde5-2001-458c-b398-dd8871c50db7/location [39m[32m200[39m [90m89 ms - 90[39m
[35m[HTTP][39m [90m[39m
[35m[HTTP][39m [37m-->[39m [37mPOST[39m [37m/wd/hub/session/1903d021-0909-4ae7-a358-215adcbd7e54/touch/perform[39m
[35m[HTTP][39m [90m{"actions":[{"action":"tap","options":{"element":"a846dde5-2001-458c-b398-dd8871c50db7","x":1,"y":1}}]}[39m
[35m[UiAutomator2][39m calling get location: a846dde5-2001-458c-b398-dd8871c50db7
[35m[HTTP][39m [37m<-- POST /wd/hub/session/1903d021-0909-4ae7-a358-215adcbd7e54/touch/perform [39m[32m200[39m [90m1194 ms - 76[39m
[35m[HTTP][39m [90m[39m
[35m[HTTP][39m [37m-->[39m [37mGET[39m [37m/wd/hub/session/1903d021-0909-4ae7-a358-215adcbd7e54/window/current/size[39m
[35m[HTTP][39m [90m{}[39m
[35m[W3C][39m Driver proxy active, passing request on via HTTP proxy
[35m[JSONWP Proxy][39m Replacing sessionId 1efa9713-6e15-4c3d-b1e3-663fbf1debe5 with 1903d021-0909-4ae7-a358-215adcbd7e54
[35m[HTTP][39m [37m<-- GET /wd/hub/session/1903d021-0909-4ae7-a358-215adcbd7e54/window/current/size [39m[32m200[39m [90m45 ms - 100[39m
[35m[HTTP][39m [90m[39m
[35m[HTTP][39m [37m-->[39m [37mPOST[39m [37m/wd/hub/session/1903d021-0909-4ae7-a358-215adcbd7e54/elements[39m
[35m[HTTP][39m [90m{"using":"-android uiautomator","value":"new UiSelector().className(\"android.widget.TextView\").text(\"GUIDA TV\").resourceId(\"it.sky.msa:id/headerTitle\").instance(0)"}[39m
[35m[HTTP][39m [37m<-- POST /wd/hub/session/1903d021-0909-4ae7-a358-215adcbd7e54/elements [39m[32m200[39m [90m373 ms - 124[39m
[35m[HTTP][39m [90m[39m
[35m[HTTP][39m [37m-->[39m [37mGET[39m [37m/wd/hub/session/1903d021-0909-4ae7-a358-215adcbd7e54[39m
[35m[HTTP][39m [90m{}[39m
[35m[HTTP][39m [37m<-- GET /wd/hub/session/1903d021-0909-4ae7-a358-215adcbd7e54 [39m[32m200[39m [90m36 ms - 1133[39m
[35m[HTTP][39m [90m[39m
[35m[HTTP][39m [37m-->[39m [37mGET[39m [37m/wd/hub/session/1903d021-0909-4ae7-a358-215adcbd7e54[39m
[35m[HTTP][39m [90m{}[39m
[35m[HTTP][39m [37m<-- GET /wd/hub/session/1903d021-0909-4ae7-a358-215adcbd7e54 [39m[32m200[39m [90m29 ms - 1133[39m
[35m[HTTP][39m [90m[39m
[35m[HTTP][39m [37m-->[39m [37mGET[39m [37m/wd/hub/session/1903d021-0909-4ae7-a358-215adcbd7e54[39m
[35m[HTTP][39m [90m{}[39m
[35m[HTTP][39m [37m<-- GET /wd/hub/session/1903d021-0909-4ae7-a358-215adcbd7e54 [39m[32m200[39m [90m37 ms - 1133[39m
[35m[HTTP][39m [90m[39m
[35m[HTTP][39m [37m-->[39m [37mGET[39m [37m/wd/hub/session/1903d021-0909-4ae7-a358-215adcbd7e54[39m
[35m[HTTP][39m [90m{}[39m
[35m[HTTP][39m [37m<-- GET /wd/hub/session/1903d021-0909-4ae7-a358-215adcbd7e54 [39m[32m200[39m [90m42 ms - 1133[39m
[35m[HTTP][39m [90m[39m
[35m[HTTP][39m [37m-->[39m [37mGET[39m [37m/wd/hub/session/1903d021-0909-4ae7-a358-215adcbd7e54/element/446f182e-addd-459e-9f3f-e320e8df979c/location[39m
[35m[HTTP][39m [90m{}[39m
[35m[W3C][39m Driver proxy active, passing request on via HTTP proxy
[35m[JSONWP Proxy][39m Replacing sessionId 1efa9713-6e15-4c3d-b1e3-663fbf1debe5 with 1903d021-0909-4ae7-a358-215adcbd7e54
[35m[HTTP][39m [37m<-- GET /wd/hub/session/1903d021-0909-4ae7-a358-215adcbd7e54/element/446f182e-addd-459e-9f3f-e320e8df979c/location [39m[32m200[39m [90m868 ms - 88[39m
[35m[HTTP][39m [90m[39m
[35m[HTTP][39m [37m-->[39m [37mGET[39m [37m/wd/hub/session/1903d021-0909-4ae7-a358-215adcbd7e54/window/current/size[39m
[35m[HTTP][39m [90m{}[39m
[35m[W3C][39m Driver proxy active, passing request on via HTTP proxy
[35m[JSONWP Proxy][39m Replacing sessionId 1efa9713-6e15-4c3d-b1e3-663fbf1debe5 with 1903d021-0909-4ae7-a358-215adcbd7e54
[35m[HTTP][39m [37m<-- GET /wd/hub/session/1903d021-0909-4ae7-a358-215adcbd7e54/window/current/size [39m[32m200[39m [90m46 ms - 100[39m
[35m[HTTP][39m [90m[39m
[35m[HTTP][39m [37m-->[39m [37mPOST[39m [37m/wd/hub/session/1903d021-0909-4ae7-a358-215adcbd7e54/elements[39m
[35m[HTTP][39m [90m{"using":"-android uiautomator","value":"new UiSelector().className(\"android.widget.ImageView\").resourceId(\"it.sky.msa:id/heroImageImageView\").instance(0)"}[39m
[35m[HTTP][39m [37m<-- POST /wd/hub/session/1903d021-0909-4ae7-a358-215adcbd7e54/elements [39m[32m200[39m [90m159 ms - 124[39m
[35m[HTTP][39m [90m[39m
[35m[HTTP][39m [37m-->[39m [37mGET[39m [37m/wd/hub/session/1903d021-0909-4ae7-a358-215adcbd7e54[39m
[35m[HTTP][39m [90m{}[39m
[35m[HTTP][39m [37m<-- GET /wd/hub/session/1903d021-0909-4ae7-a358-215adcbd7e54 [39m[32m200[39m [90m38 ms - 1133[39m
[35m[HTTP][39m [90m[39m
[35m[HTTP][39m [37m-->[39m [37mGET[39m [37m/wd/hub/session/1903d021-0909-4ae7-a358-215adcbd7e54[39m
[35m[HTTP][39m [90m{}[39m
[35m[HTTP][39m [37m<-- GET /wd/hub/session/1903d021-0909-4ae7-a358-215adcbd7e54 [39m[32m200[39m [90m45 ms - 1133[39m
[35m[HTTP][39m [90m[39m
[35m[HTTP][39m [37m-->[39m [37mGET[39m [37m/wd/hub/session/1903d021-0909-4ae7-a358-215adcbd7e54[39m
[35m[HTTP][39m [90m{}[39m
[35m[HTTP][39m [37m<-- GET /wd/hub/session/1903d021-0909-4ae7-a358-215adcbd7e54 [39m[32m200[39m [90m36 ms - 1133[39m
[35m[HTTP][39m [90m[39m
[35m[HTTP][39m [37m-->[39m [37mGET[39m [37m/wd/hub/session/1903d021-0909-4ae7-a358-215adcbd7e54[39m
[35m[HTTP][39m [90m{}[39m
[35m[HTTP][39m [37m<-- GET /wd/hub/session/1903d021-0909-4ae7-a358-215adcbd7e54 [39m[32m200[39m [90m35 ms - 1133[39m
[35m[HTTP][39m [90m[39m
[35m[HTTP][39m [37m-->[39m [37mGET[39m [37m/wd/hub/session/1903d021-0909-4ae7-a358-215adcbd7e54/element/973ab06e-c3d0-4ff7-b488-eeac54182a5b/location[39m
[35m[HTTP][39m [90m{}[39m
[35m[W3C][39m Driver proxy active, passing request on via HTTP proxy
[35m[JSONWP Proxy][39m Replacing sessionId 1efa9713-6e15-4c3d-b1e3-663fbf1debe5 with 1903d021-0909-4ae7-a358-215adcbd7e54
[35m[HTTP][39m [37m<-- GET /wd/hub/session/1903d021-0909-4ae7-a358-215adcbd7e54/element/973ab06e-c3d0-4ff7-b488-eeac54182a5b/location [39m[32m200[39m [90m61 ms - 87[39m
[35m[HTTP][39m [90m[39m
[35m[HTTP][39m [37m-->[39m [37mGET[39m [37m/wd/hub/session/1903d021-0909-4ae7-a358-215adcbd7e54/element/973ab06e-c3d0-4ff7-b488-eeac54182a5b/attribute/resourceId[39m
[35m[HTTP][39m [90m{}[39m
[35m[HTTP][39m [37m<-- GET /wd/hub/session/1903d021-0909-4ae7-a358-215adcbd7e54/element/973ab06e-c3d0-4ff7-b488-eeac54182a5b/attribute/resourceId [39m[32m200[39m [90m46 ms - 106[39m
[35m[HTTP][39m [90m[39m
[35m[HTTP][39m [37m-->[39m [37mGET[39m [37m/wd/hub/session/1903d021-0909-4ae7-a358-215adcbd7e54/window/current/size[39m
[35m[HTTP][39m [90m{}[39m
[35m[W3C][39m Driver proxy active, passing request on via HTTP proxy
[35m[JSONWP Proxy][39m Replacing sessionId 1efa9713-6e15-4c3d-b1e3-663fbf1debe5 with 1903d021-0909-4ae7-a358-215adcbd7e54
[35m[HTTP][39m [37m<-- GET /wd/hub/session/1903d021-0909-4ae7-a358-215adcbd7e54/window/current/size [39m[32m200[39m [90m44 ms - 100[39m
[35m[HTTP][39m [90m[39m
[35m[HTTP][39m [37m-->[39m [37mPOST[39m [37m/wd/hub/session/1903d021-0909-4ae7-a358-215adcbd7e54/elements[39m
[35m[HTTP][39m [90m{"using":"-android uiautomator","value":"new UiSelector().className(\"android.widget.TextView\").text(\"IN EVIDENZA\").resourceId(\"it.sky.msa:id/heroPromoTextView\").instance(6)"}[39m
[35m[HTTP][39m [37m<-- POST /wd/hub/session/1903d021-0909-4ae7-a358-215adcbd7e54/elements [39m[32m200[39m [90m132 ms - 124[39m
[35m[HTTP][39m [90m[39m
[35m[HTTP][39m [37m-->[39m [37mGET[39m [37m/wd/hub/session/1903d021-0909-4ae7-a358-215adcbd7e54[39m
[35m[HTTP][39m [90m{}[39m
[35m[HTTP][39m [37m<-- GET /wd/hub/session/1903d021-0909-4ae7-a358-215adcbd7e54 [39m[32m200[39m [90m30 ms - 1133[39m
[35m[HTTP][39m [90m[39m
[35m[HTTP][39m [37m-->[39m [37mGET[39m [37m/wd/hub/session/1903d021-0909-4ae7-a358-215adcbd7e54[39m
[35m[HTTP][39m [90m{}[39m
[35m[HTTP][39m [37m<-- GET /wd/hub/session/1903d021-0909-4ae7-a358-215adcbd7e54 [39m[32m200[39m [90m28 ms - 1133[39m
[35m[HTTP][39m [90m[39m
[35m[HTTP][39m [37m-->[39m [37mGET[39m [37m/wd/hub/session/1903d021-0909-4ae7-a358-215adcbd7e54[39m
[35m[HTTP][39m [90m{}[39m
[35m[HTTP][39m [37m<-- GET /wd/hub/session/1903d021-0909-4ae7-a358-215adcbd7e54 [39m[32m200[39m [90m30 ms - 1133[39m
[35m[HTTP][39m [90m[39m
[35m[HTTP][39m [37m-->[39m [37mGET[39m [37m/wd/hub/session/1903d021-0909-4ae7-a358-215adcbd7e54[39m
[35m[HTTP][39m [90m{}[39m
[35m[HTTP][39m [37m<-- GET /wd/hub/session/1903d021-0909-4ae7-a358-215adcbd7e54 [39m[32m200[39m [90m27 ms - 1133[39m
[35m[HTTP][39m [90m[39m
[35m[HTTP][39m [37m-->[39m [37mGET[39m [37m/wd/hub/session/1903d021-0909-4ae7-a358-215adcbd7e54/element/e36e210b-2c5d-45f2-9055-a9d04622f28f/location[39m
[35m[HTTP][39m [90m{}[39m
[35m[W3C][39m Driver proxy active, passing request on via HTTP proxy
[35m[JSONWP Proxy][39m Replacing sessionId 1efa9713-6e15-4c3d-b1e3-663fbf1debe5 with 1903d021-0909-4ae7-a358-215adcbd7e54
[35m[HTTP][39m [37m<-- GET /wd/hub/session/1903d021-0909-4ae7-a358-215adcbd7e54/element/e36e210b-2c5d-45f2-9055-a9d04622f28f/location [39m[32m200[39m [90m53 ms - 88[39m
[35m[HTTP][39m [90m[39m
[35m[HTTP][39m [37m-->[39m [37mGET[39m [37m/wd/hub/session/1903d021-0909-4ae7-a358-215adcbd7e54/element/e36e210b-2c5d-45f2-9055-a9d04622f28f/text[39m
[35m[HTTP][39m [90m{}[39m
[35m[W3C][39m Driver proxy active, passing request on via HTTP proxy
[35m[JSONWP Proxy][39m Replacing sessionId 1efa9713-6e15-4c3d-b1e3-663fbf1debe5 with 1903d021-0909-4ae7-a358-215adcbd7e54
[35m[HTTP][39m [37m<-- GET /wd/hub/session/1903d021-0909-4ae7-a358-215adcbd7e54/element/e36e210b-2c5d-45f2-9055-a9d04622f28f/text [39m[32m200[39m [90m65 ms - 85[39m
[35m[HTTP][39m [90m[39m
[35m[HTTP][39m [37m-->[39m [37mGET[39m [37m/wd/hub/session/1903d021-0909-4ae7-a358-215adcbd7e54/window/current/size[39m
[35m[HTTP][39m [90m{}[39m
[35m[W3C][39m Driver proxy active, passing request on via HTTP proxy
[35m[JSONWP Proxy][39m Replacing sessionId 1efa9713-6e15-4c3d-b1e3-663fbf1debe5 with 1903d021-0909-4ae7-a358-215adcbd7e54
[35m[HTTP][39m [37m<-- GET /wd/hub/session/1903d021-0909-4ae7-a358-215adcbd7e54/window/current/size [39m[32m200[39m [90m30 ms - 100[39m
[35m[HTTP][39m [90m[39m
[35m[HTTP][39m [37m-->[39m [37mPOST[39m [37m/wd/hub/session/1903d021-0909-4ae7-a358-215adcbd7e54/elements[39m
[35m[HTTP][39m [90m{"using":"-android uiautomator","value":"new UiSelector().className(\"android.widget.TextView\").resourceId(\"it.sky.msa:id/heroTitleTextView\").instance(7)"}[39m
[35m[HTTP][39m [37m<-- POST /wd/hub/session/1903d021-0909-4ae7-a358-215adcbd7e54/elements [39m[32m200[39m [90m93 ms - 124[39m
[35m[HTTP][39m [90m[39m
[35m[HTTP][39m [37m-->[39m [37mGET[39m [37m/wd/hub/session/1903d021-0909-4ae7-a358-215adcbd7e54[39m
[35m[HTTP][39m [90m{}[39m
[35m[HTTP][39m [37m<-- GET /wd/hub/session/1903d021-0909-4ae7-a358-215adcbd7e54 [39m[32m200[39m [90m26 ms - 1133[39m
[35m[HTTP][39m [90m[39m
[35m[HTTP][39m [37m-->[39m [37mGET[39m [37m/wd/hub/session/1903d021-0909-4ae7-a358-215adcbd7e54[39m
[35m[HTTP][39m [90m{}[39m
[35m[HTTP][39m [37m<-- GET /wd/hub/session/1903d021-0909-4ae7-a358-215adcbd7e54 [39m[32m200[39m [90m25 ms - 1133[39m
[35m[HTTP][39m [90m[39m
[35m[HTTP][39m [37m-->[39m [37mGET[39m [37m/wd/hub/session/1903d021-0909-4ae7-a358-215adcbd7e54[39m
[35m[HTTP][39m [90m{}[39m
[35m[HTTP][39m [37m<-- GET /wd/hub/session/1903d021-0909-4ae7-a358-215adcbd7e54 [39m[32m200[39m [90m27 ms - 1133[39m
[35m[HTTP][39m [90m[39m
[35m[HTTP][39m [37m-->[39m [37mGET[39m [37m/wd/hub/session/1903d021-0909-4ae7-a358-215adcbd7e54[39m
[35m[HTTP][39m [90m{}[39m
[35m[HTTP][39m [37m<-- GET /wd/hub/session/1903d021-0909-4ae7-a358-215adcbd7e54 [39m[32m200[39m [90m25 ms - 1133[39m
[35m[HTTP][39m [90m[39m
[35m[HTTP][39m [37m-->[39m [37mGET[39m [37m/wd/hub/session/1903d021-0909-4ae7-a358-215adcbd7e54/element/a88b3aeb-78ff-46eb-a6d7-7c51f9d886c7/location[39m
[35m[HTTP][39m [90m{}[39m
[35m[W3C][39m Driver proxy active, passing request on via HTTP proxy
[35m[JSONWP Proxy][39m Replacing sessionId 1efa9713-6e15-4c3d-b1e3-663fbf1debe5 with 1903d021-0909-4ae7-a358-215adcbd7e54
[35m[HTTP][39m [37m<-- GET /wd/hub/session/1903d021-0909-4ae7-a358-215adcbd7e54/element/a88b3aeb-78ff-46eb-a6d7-7c51f9d886c7/location [39m[32m200[39m [90m69 ms - 88[39m
[35m[HTTP][39m [90m[39m
[35m[HTTP][39m [37m-->[39m [37mGET[39m [37m/wd/hub/session/1903d021-0909-4ae7-a358-215adcbd7e54/window/current/size[39m
[35m[HTTP][39m [90m{}[39m
[35m[W3C][39m Driver proxy active, passing request on via HTTP proxy
[35m[JSONWP Proxy][39m Replacing sessionId 1efa9713-6e15-4c3d-b1e3-663fbf1debe5 with 1903d021-0909-4ae7-a358-215adcbd7e54
[35m[HTTP][39m [37m<-- GET /wd/hub/session/1903d021-0909-4ae7-a358-215adcbd7e54/window/current/size [39m[32m200[39m [90m62 ms - 100[39m
[35m[HTTP][39m [90m[39m
[35m[HTTP][39m [37m-->[39m [37mPOST[39m [37m/wd/hub/session/1903d021-0909-4ae7-a358-215adcbd7e54/elements[39m
[35m[HTTP][39m [90m{"using":"-android uiautomator","value":"new UiSelector().className(\"android.widget.TextView\").resourceId(\"it.sky.msa:id/heroCaptionTextView\").instance(8)"}[39m
[35m[HTTP][39m [37m<-- POST /wd/hub/session/1903d021-0909-4ae7-a358-215adcbd7e54/elements [39m[32m200[39m [90m102 ms - 124[39m
[35m[HTTP][39m [90m[39m
[35m[HTTP][39m [37m-->[39m [37mGET[39m [37m/wd/hub/session/1903d021-0909-4ae7-a358-215adcbd7e54[39m
[35m[HTTP][39m [90m{}[39m
[35m[HTTP][39m [37m<-- GET /wd/hub/session/1903d021-0909-4ae7-a358-215adcbd7e54 [39m[32m200[39m [90m29 ms - 1133[39m
[35m[HTTP][39m [90m[39m
[35m[HTTP][39m [37m-->[39m [37mGET[39m [37m/wd/hub/session/1903d021-0909-4ae7-a358-215adcbd7e54[39m
[35m[HTTP][39m [90m{}[39m
[35m[HTTP][39m [37m<-- GET /wd/hub/session/1903d021-0909-4ae7-a358-215adcbd7e54 [39m[32m200[39m [90m29 ms - 1133[39m
[35m[HTTP][39m [90m[39m
[35m[HTTP][39m [37m-->[39m [37mGET[39m [37m/wd/hub/session/1903d021-0909-4ae7-a358-215adcbd7e54[39m
[35m[HTTP][39m [90m{}[39m
[35m[HTTP][39m [37m<-- GET /wd/hub/session/1903d021-0909-4ae7-a358-215adcbd7e54 [39m[32m200[39m [90m28 ms - 1133[39m
[35m[HTTP][39m [90m[39m
[35m[HTTP][39m [37m-->[39m [37mGET[39m [37m/wd/hub/session/1903d021-0909-4ae7-a358-215adcbd7e54[39m
[35m[HTTP][39m [90m{}[39m
[35m[HTTP][39m [37m<-- GET /wd/hub/session/1903d021-0909-4ae7-a358-215adcbd7e54 [39m[32m200[39m [90m26 ms - 1133[39m
[35m[HTTP][39m [90m[39m
[35m[HTTP][39m [37m-->[39m [37mGET[39m [37m/wd/hub/session/1903d021-0909-4ae7-a358-215adcbd7e54/element/6b0d6a48-0ad5-486b-ae73-e2372a8cd9ff/location[39m
[35m[HTTP][39m [90m{}[39m
[35m[W3C][39m Driver proxy active, passing request on via HTTP proxy
[35m[JSONWP Proxy][39m Replacing sessionId 1efa9713-6e15-4c3d-b1e3-663fbf1debe5 with 1903d021-0909-4ae7-a358-215adcbd7e54
[35m[HTTP][39m [37m<-- GET /wd/hub/session/1903d021-0909-4ae7-a358-215adcbd7e54/element/6b0d6a48-0ad5-486b-ae73-e2372a8cd9ff/location [39m[32m200[39m [90m60 ms - 89[39m
[35m[HTTP][39m [90m[39m
[35m[HTTP][39m [37m-->[39m [37mGET[39m [37m/wd/hub/session/1903d021-0909-4ae7-a358-215adcbd7e54/window/current/size[39m
[35m[HTTP][39m [90m{}[39m
[35m[W3C][39m Driver proxy active, passing request on via HTTP proxy
[35m[JSONWP Proxy][39m Replacing sessionId 1efa9713-6e15-4c3d-b1e3-663fbf1debe5 with 1903d021-0909-4ae7-a358-215adcbd7e54
[35m[HTTP][39m [37m<-- GET /wd/hub/session/1903d021-0909-4ae7-a358-215adcbd7e54/window/current/size [39m[32m200[39m [90m62 ms - 100[39m
[35m[HTTP][39m [90m[39m
[35m[HTTP][39m [37m-->[39m [37mPOST[39m [37m/wd/hub/session/1903d021-0909-4ae7-a358-215adcbd7e54/elements[39m
[35m[HTTP][39m [90m{"using":"-android uiautomator","value":"new UiSelector().className(\"android.widget.TextView\").resourceId(\"it.sky.msa:id/heroCaptionTextView\").instance(8)"}[39m
[35m[HTTP][39m [37m<-- POST /wd/hub/session/1903d021-0909-4ae7-a358-215adcbd7e54/elements [39m[32m200[39m [90m100 ms - 124[39m
[35m[HTTP][39m [90m[39m
[35m[HTTP][39m [37m-->[39m [37mGET[39m [37m/wd/hub/session/1903d021-0909-4ae7-a358-215adcbd7e54[39m
[35m[HTTP][39m [90m{}[39m
[35m[HTTP][39m [37m<-- GET /wd/hub/session/1903d021-0909-4ae7-a358-215adcbd7e54 [39m[32m200[39m [90m27 ms - 1133[39m
[35m[HTTP][39m [90m[39m
[35m[HTTP][39m [37m-->[39m [37mGET[39m [37m/wd/hub/session/1903d021-0909-4ae7-a358-215adcbd7e54[39m
[35m[HTTP][39m [90m{}[39m
[35m[HTTP][39m [37m<-- GET /wd/hub/session/1903d021-0909-4ae7-a358-215adcbd7e54 [39m[32m200[39m [90m26 ms - 1133[39m
[35m[HTTP][39m [90m[39m
[35m[HTTP][39m [37m-->[39m [37mGET[39m [37m/wd/hub/session/1903d021-0909-4ae7-a358-215adcbd7e54[39m
[35m[HTTP][39m [90m{}[39m
[35m[HTTP][39m [37m<-- GET /wd/hub/session/1903d021-0909-4ae7-a358-215adcbd7e54 [39m[32m200[39m [90m26 ms - 1133[39m
[35m[HTTP][39m [90m[39m
[35m[HTTP][39m [37m-->[39m [37mGET[39m [37m/wd/hub/session/1903d021-0909-4ae7-a358-215adcbd7e54[39m
[35m[HTTP][39m [90m{}[39m
[35m[HTTP][39m [37m<-- GET /wd/hub/session/1903d021-0909-4ae7-a358-215adcbd7e54 [39m[32m200[39m [90m28 ms - 1133[39m
[35m[HTTP][39m [90m[39m
[35m[HTTP][39m [37m-->[39m [37mGET[39m [37m/wd/hub/session/1903d021-0909-4ae7-a358-215adcbd7e54/element/95cfd279-0074-496f-acd1-0ac5dafa7cc5/location[39m
[35m[HTTP][39m [90m{}[39m
[35m[W3C][39m Driver proxy active, passing request on via HTTP proxy
[35m[JSONWP Proxy][39m Replacing sessionId 1efa9713-6e15-4c3d-b1e3-663fbf1debe5 with 1903d021-0909-4ae7-a358-215adcbd7e54
[35m[HTTP][39m [37m<-- GET /wd/hub/session/1903d021-0909-4ae7-a358-215adcbd7e54/element/95cfd279-0074-496f-acd1-0ac5dafa7cc5/location [39m[32m200[39m [90m65 ms - 89[39m
[35m[HTTP][39m [90m[39m
[35m[HTTP][39m [37m-->[39m [37mGET[39m [37m/wd/hub/session/1903d021-0909-4ae7-a358-215adcbd7e54/element/95cfd279-0074-496f-acd1-0ac5dafa7cc5/text[39m
[35m[HTTP][39m [90m{}[39m
[35m[W3C][39m Driver proxy active, passing request on via HTTP proxy
[35m[JSONWP Proxy][39m Replacing sessionId 1efa9713-6e15-4c3d-b1e3-663fbf1debe5 with 1903d021-0909-4ae7-a358-215adcbd7e54
[35m[HTTP][39m [37m<-- GET /wd/hub/session/1903d021-0909-4ae7-a358-215adcbd7e54/element/95cfd279-0074-496f-acd1-0ac5dafa7cc5/text [39m[32m200[39m [90m57 ms - 89[39m
[35m[HTTP][39m [90m[39m
[35m[HTTP][39m [37m-->[39m [37mGET[39m [37m/wd/hub/session/1903d021-0909-4ae7-a358-215adcbd7e54/context[39m
[35m[HTTP][39m [90m{}[39m
[35m[HTTP][39m [37m<-- GET /wd/hub/session/1903d021-0909-4ae7-a358-215adcbd7e54/context [39m[32m200[39m [90m3 ms - 84[39m
[35m[HTTP][39m [90m[39m
[35m[HTTP][39m [37m-->[39m [37mGET[39m [37m/wd/hub/session/1903d021-0909-4ae7-a358-215adcbd7e54/contexts[39m
[35m[HTTP][39m [90m{}[39m
[35m[HTTP][39m [37m<-- GET /wd/hub/session/1903d021-0909-4ae7-a358-215adcbd7e54/contexts [39m[32m200[39m [90m100 ms - 86[39m
[35m[HTTP][39m [90m[39m
[35m[HTTP][39m [37m-->[39m [37mPOST[39m [37m/wd/hub/session/1903d021-0909-4ae7-a358-215adcbd7e54/context[39m
[35m[HTTP][39m [90m{"name":"NATIVE_APP"}[39m
[35m[HTTP][39m [37m<-- POST /wd/hub/session/1903d021-0909-4ae7-a358-215adcbd7e54/context [39m[32m200[39m [90m104 ms - 76[39m
[35m[HTTP][39m [90m[39m
[35m[HTTP][39m [37m-->[39m [37mPOST[39m [37m/wd/hub/session/1903d021-0909-4ae7-a358-215adcbd7e54/touch/perform[39m
[35m[HTTP][39m [90m{"actions":[{"action":"press","options":{"x":200,"y":800}},{"action":"wait","options":{"ms":500}},{"action":"moveTo","options":{"x":400,"y":200}}]}[39m
[35m[HTTP][39m [37m<-- POST /wd/hub/session/1903d021-0909-4ae7-a358-215adcbd7e54/touch/perform [39m[32m200[39m [90m2178 ms - 76[39m
[35m[HTTP][39m [90m[39m
[35m[HTTP][39m [37m-->[39m [37mPOST[39m [37m/wd/hub/session/1903d021-0909-4ae7-a358-215adcbd7e54/context[39m
[35m[HTTP][39m [90m{"name":"NATIVE_APP"}[39m
[35m[HTTP][39m [37m<-- POST /wd/hub/session/1903d021-0909-4ae7-a358-215adcbd7e54/context [39m[32m200[39m [90m91 ms - 76[39m
[35m[HTTP][39m [90m[39m
[35m[HTTP][39m [37m-->[39m [37mGET[39m [37m/wd/hub/session/1903d021-0909-4ae7-a358-215adcbd7e54/window/current/size[39m
[35m[HTTP][39m [90m{}[39m
[35m[W3C][39m Driver proxy active, passing request on via HTTP proxy
[35m[JSONWP Proxy][39m Replacing sessionId 1efa9713-6e15-4c3d-b1e3-663fbf1debe5 with 1903d021-0909-4ae7-a358-215adcbd7e54
[35m[HTTP][39m [37m<-- GET /wd/hub/session/1903d021-0909-4ae7-a358-215adcbd7e54/window/current/size [39m[32m200[39m [90m32 ms - 100[39m
[35m[HTTP][39m [90m[39m
[35m[HTTP][39m [37m-->[39m [37mPOST[39m [37m/wd/hub/session/1903d021-0909-4ae7-a358-215adcbd7e54/elements[39m
[35m[HTTP][39m [90m{"using":"-android uiautomator","value":"new UiSelector().className(\"android.widget.TextView\").text(\"Scelti per te questa settimana\").resourceId(\"it.sky.msa:id/categoryTitle\").instance(6)"}[39m
[35m[HTTP][39m [37m<-- POST /wd/hub/session/1903d021-0909-4ae7-a358-215adcbd7e54/elements [39m[32m200[39m [90m615 ms - 124[39m
[35m[HTTP][39m [90m[39m
[35m[HTTP][39m [37m-->[39m [37mGET[39m [37m/wd/hub/session/1903d021-0909-4ae7-a358-215adcbd7e54[39m
[35m[HTTP][39m [90m{}[39m
[35m[HTTP][39m [37m<-- GET /wd/hub/session/1903d021-0909-4ae7-a358-215adcbd7e54 [39m[32m200[39m [90m28 ms - 1133[39m
[35m[HTTP][39m [90m[39m
[35m[HTTP][39m [37m-->[39m [37mGET[39m [37m/wd/hub/session/1903d021-0909-4ae7-a358-215adcbd7e54[39m
[35m[HTTP][39m [90m{}[39m
[35m[HTTP][39m [37m<-- GET /wd/hub/session/1903d021-0909-4ae7-a358-215adcbd7e54 [39m[32m200[39m [90m29 ms - 1133[39m
[35m[HTTP][39m [90m[39m
[35m[HTTP][39m [37m-->[39m [37mGET[39m [37m/wd/hub/session/1903d021-0909-4ae7-a358-215adcbd7e54[39m
[35m[HTTP][39m [90m{}[39m
[35m[HTTP][39m [37m<-- GET /wd/hub/session/1903d021-0909-4ae7-a358-215adcbd7e54 [39m[32m200[39m [90m28 ms - 1133[39m
[35m[HTTP][39m [90m[39m
[35m[HTTP][39m [37m-->[39m [37mGET[39m [37m/wd/hub/session/1903d021-0909-4ae7-a358-215adcbd7e54[39m
[35m[HTTP][39m [90m{}[39m
[35m[HTTP][39m [37m<-- GET /wd/hub/session/1903d021-0909-4ae7-a358-215adcbd7e54 [39m[32m200[39m [90m25 ms - 1133[39m
[35m[HTTP][39m [90m[39m
[35m[HTTP][39m [37m-->[39m [37mGET[39m [37m/wd/hub/session/1903d021-0909-4ae7-a358-215adcbd7e54/element/eb0b5ce8-3903-42b8-9442-191bbe308797/location[39m
[35m[HTTP][39m [90m{}[39m
[35m[W3C][39m Driver proxy active, passing request on via HTTP proxy
[35m[JSONWP Proxy][39m Replacing sessionId 1efa9713-6e15-4c3d-b1e3-663fbf1debe5 with 1903d021-0909-4ae7-a358-215adcbd7e54
[35m[HTTP][39m [37m<-- GET /wd/hub/session/1903d021-0909-4ae7-a358-215adcbd7e54/element/eb0b5ce8-3903-42b8-9442-191bbe308797/location [39m[32m200[39m [90m61 ms - 89[39m
[35m[HTTP][39m [90m[39m
[35m[HTTP][39m [37m-->[39m [37mGET[39m [37m/wd/hub/session/1903d021-0909-4ae7-a358-215adcbd7e54/element/eb0b5ce8-3903-42b8-9442-191bbe308797/text[39m
[35m[HTTP][39m [90m{}[39m
[35m[W3C][39m Driver proxy active, passing request on via HTTP proxy
[35m[JSONWP Proxy][39m Replacing sessionId 1efa9713-6e15-4c3d-b1e3-663fbf1debe5 with 1903d021-0909-4ae7-a358-215adcbd7e54
[35m[HTTP][39m [37m<-- GET /wd/hub/session/1903d021-0909-4ae7-a358-215adcbd7e54/element/eb0b5ce8-3903-42b8-9442-191bbe308797/text [39m[32m200[39m [90m68 ms - 104[39m
[35m[HTTP][39m [90m[39m
[35m[HTTP][39m [37m-->[39m [37mGET[39m [37m/wd/hub/session/1903d021-0909-4ae7-a358-215adcbd7e54/window/current/size[39m
[35m[HTTP][39m [90m{}[39m
[35m[W3C][39m Driver proxy active, passing request on via HTTP proxy
[35m[JSONWP Proxy][39m Replacing sessionId 1efa9713-6e15-4c3d-b1e3-663fbf1debe5 with 1903d021-0909-4ae7-a358-215adcbd7e54
[35m[HTTP][39m [37m<-- GET /wd/hub/session/1903d021-0909-4ae7-a358-215adcbd7e54/window/current/size [39m[32m200[39m [90m30 ms - 100[39m
[35m[HTTP][39m [90m[39m
[35m[HTTP][39m [37m-->[39m [37mPOST[39m [37m/wd/hub/session/1903d021-0909-4ae7-a358-215adcbd7e54/elements[39m
[35m[HTTP][39m [90m{"using":"-android uiautomator","value":"new UiSelector().className(\"android.widget.TextView\").text(\"Scelti per te questa settimana\").resourceId(\"it.sky.msa:id/categoryTitle\").instance(6)"}[39m
[35m[HTTP][39m [37m<-- POST /wd/hub/session/1903d021-0909-4ae7-a358-215adcbd7e54/elements [39m[32m200[39m [90m87 ms - 124[39m
[35m[HTTP][39m [90m[39m
[35m[HTTP][39m [37m-->[39m [37mGET[39m [37m/wd/hub/session/1903d021-0909-4ae7-a358-215adcbd7e54[39m
[35m[HTTP][39m [90m{}[39m
[35m[HTTP][39m [37m<-- GET /wd/hub/session/1903d021-0909-4ae7-a358-215adcbd7e54 [39m[32m200[39m [90m24 ms - 1133[39m
[35m[HTTP][39m [90m[39m
[35m[HTTP][39m [37m-->[39m [37mGET[39m [37m/wd/hub/session/1903d021-0909-4ae7-a358-215adcbd7e54[39m
[35m[HTTP][39m [90m{}[39m
[35m[HTTP][39m [37m<-- GET /wd/hub/session/1903d021-0909-4ae7-a358-215adcbd7e54 [39m[32m200[39m [90m23 ms - 1133[39m
[35m[HTTP][39m [90m[39m
[35m[HTTP][39m [37m-->[39m [37mGET[39m [37m/wd/hub/session/1903d021-0909-4ae7-a358-215adcbd7e54[39m
[35m[HTTP][39m [90m{}[39m
[35m[HTTP][39m [37m<-- GET /wd/hub/session/1903d021-0909-4ae7-a358-215adcbd7e54 [39m[32m200[39m [90m28 ms - 1133[39m
[35m[HTTP][39m [90m[39m
[35m[HTTP][39m [37m-->[39m [37mGET[39m [37m/wd/hub/session/1903d021-0909-4ae7-a358-215adcbd7e54[39m
[35m[HTTP][39m [90m{}[39m
[35m[HTTP][39m [37m<-- GET /wd/hub/session/1903d021-0909-4ae7-a358-215adcbd7e54 [39m[32m200[39m [90m31 ms - 1133[39m
[35m[HTTP][39m [90m[39m
[35m[HTTP][39m [37m-->[39m [37mGET[39m [37m/wd/hub/session/1903d021-0909-4ae7-a358-215adcbd7e54/element/c0d91df9-4a8a-436f-8316-d963d7c25e43/location[39m
[35m[HTTP][39m [90m{}[39m
[35m[W3C][39m Driver proxy active, passing request on via HTTP proxy
[35m[JSONWP Proxy][39m Replacing sessionId 1efa9713-6e15-4c3d-b1e3-663fbf1debe5 with 1903d021-0909-4ae7-a358-215adcbd7e54
[35m[HTTP][39m [37m<-- GET /wd/hub/session/1903d021-0909-4ae7-a358-215adcbd7e54/element/c0d91df9-4a8a-436f-8316-d963d7c25e43/location [39m[32m200[39m [90m60 ms - 89[39m
[35m[HTTP][39m [90m[39m
[35m[HTTP][39m [37m-->[39m [37mGET[39m [37m/wd/hub/session/1903d021-0909-4ae7-a358-215adcbd7e54/element/c0d91df9-4a8a-436f-8316-d963d7c25e43/text[39m
[35m[HTTP][39m [90m{}[39m
[35m[W3C][39m Driver proxy active, passing request on via HTTP proxy
[35m[JSONWP Proxy][39m Replacing sessionId 1efa9713-6e15-4c3d-b1e3-663fbf1debe5 with 1903d021-0909-4ae7-a358-215adcbd7e54
[35m[HTTP][39m [37m<-- GET /wd/hub/session/1903d021-0909-4ae7-a358-215adcbd7e54/element/c0d91df9-4a8a-436f-8316-d963d7c25e43/text [39m[32m200[39m [90m59 ms - 104[39m
[35m[HTTP][39m [90m[39m
[35m[HTTP][39m [37m-->[39m [37mGET[39m [37m/wd/hub/session/1903d021-0909-4ae7-a358-215adcbd7e54/context[39m
[35m[HTTP][39m [90m{}[39m
[35m[HTTP][39m [37m<-- GET /wd/hub/session/1903d021-0909-4ae7-a358-215adcbd7e54/context [39m[32m200[39m [90m2 ms - 84[39m
[35m[HTTP][39m [90m[39m
[35m[HTTP][39m [37m-->[39m [37mGET[39m [37m/wd/hub/session/1903d021-0909-4ae7-a358-215adcbd7e54/contexts[39m
[35m[HTTP][39m [90m{}[39m
[35m[HTTP][39m [37m<-- GET /wd/hub/session/1903d021-0909-4ae7-a358-215adcbd7e54/contexts [39m[32m200[39m [90m103 ms - 86[39m
[35m[HTTP][39m [90m[39m
[35m[HTTP][39m [37m-->[39m [37mPOST[39m [37m/wd/hub/session/1903d021-0909-4ae7-a358-215adcbd7e54/context[39m
[35m[HTTP][39m [90m{"name":"NATIVE_APP"}[39m
[35m[HTTP][39m [37m<-- POST /wd/hub/session/1903d021-0909-4ae7-a358-215adcbd7e54/context [39m[32m200[39m [90m105 ms - 76[39m
[35m[HTTP][39m [90m[39m
[35m[HTTP][39m [37m-->[39m [37mPOST[39m [37m/wd/hub/session/1903d021-0909-4ae7-a358-215adcbd7e54/touch/perform[39m
[35m[HTTP][39m [90m{"actions":[{"action":"press","options":{"x":0,"y":0}},{"action":"wait","options":{"ms":500}},{"action":"moveTo","options":{"x":100,"y":0}}]}[39m
[35m[HTTP][39m [37m<-- POST /wd/hub/session/1903d021-0909-4ae7-a358-215adcbd7e54/touch/perform [39m[32m200[39m [90m2164 ms - 76[39m
[35m[HTTP][39m [90m[39m
[35m[HTTP][39m [37m-->[39m [37mPOST[39m [37m/wd/hub/session/1903d021-0909-4ae7-a358-215adcbd7e54/context[39m
[35m[HTTP][39m [90m{"name":"NATIVE_APP"}[39m
[35m[HTTP][39m [37m<-- POST /wd/hub/session/1903d021-0909-4ae7-a358-215adcbd7e54/context [39m[32m200[39m [90m95 ms - 76[39m
[35m[HTTP][39m [90m[39m
[35m[HTTP][39m [37m-->[39m [37mGET[39m [37m/wd/hub/session/1903d021-0909-4ae7-a358-215adcbd7e54/context[39m
[35m[HTTP][39m [90m{}[39m
[35m[HTTP][39m [37m<-- GET /wd/hub/session/1903d021-0909-4ae7-a358-215adcbd7e54/context [39m[32m200[39m [90m3 ms - 84[39m
[35m[HTTP][39m [90m[39m
[35m[HTTP][39m [37m-->[39m [37mGET[39m [37m/wd/hub/session/1903d021-0909-4ae7-a358-215adcbd7e54/contexts[39m
[35m[HTTP][39m [90m{}[39m
[35m[HTTP][39m [37m<-- GET /wd/hub/session/1903d021-0909-4ae7-a358-215adcbd7e54/contexts [39m[32m200[39m [90m91 ms - 86[39m
[35m[HTTP][39m [90m[39m
[35m[HTTP][39m [37m-->[39m [37mPOST[39m [37m/wd/hub/session/1903d021-0909-4ae7-a358-215adcbd7e54/context[39m
[35m[HTTP][39m [90m{"name":"NATIVE_APP"}[39m
[35m[HTTP][39m [37m<-- POST /wd/hub/session/1903d021-0909-4ae7-a358-215adcbd7e54/context [39m[32m200[39m [90m96 ms - 76[39m
[35m[HTTP][39m [90m[39m
[35m[HTTP][39m [37m-->[39m [37mPOST[39m [37m/wd/hub/session/1903d021-0909-4ae7-a358-215adcbd7e54/touch/perform[39m
[35m[HTTP][39m [90m{"actions":[{"action":"press","options":{"x":0,"y":0}},{"action":"wait","options":{"ms":500}},{"action":"moveTo","options":{"x":-100,"y":0}}]}[39m
[35m[HTTP][39m [37m<-- POST /wd/hub/session/1903d021-0909-4ae7-a358-215adcbd7e54/touch/perform [39m[32m200[39m [90m2132 ms - 76[39m
[35m[HTTP][39m [90m[39m
[35m[HTTP][39m [37m-->[39m [37mPOST[39m [37m/wd/hub/session/1903d021-0909-4ae7-a358-215adcbd7e54/context[39m
[35m[HTTP][39m [90m{"name":"NATIVE_APP"}[39m
[35m[HTTP][39m [37m<-- POST /wd/hub/session/1903d021-0909-4ae7-a358-215adcbd7e54/context [39m[32m200[39m [90m97 ms - 76[39m
[35m[HTTP][39m [90m[39m
[35m[HTTP][39m [37m-->[39m [37mGET[39m [37m/wd/hub/session/1903d021-0909-4ae7-a358-215adcbd7e54/window/current/size[39m
[35m[HTTP][39m [90m{}[39m
[35m[W3C][39m Driver proxy active, passing request on via HTTP proxy
[35m[JSONWP Proxy][39m Replacing sessionId 1efa9713-6e15-4c3d-b1e3-663fbf1debe5 with 1903d021-0909-4ae7-a358-215adcbd7e54
[35m[HTTP][39m [37m<-- GET /wd/hub/session/1903d021-0909-4ae7-a358-215adcbd7e54/window/current/size [39m[32m200[39m [90m62 ms - 100[39m
[35m[HTTP][39m [90m[39m
[35m[HTTP][39m [37m-->[39m [37mPOST[39m [37m/wd/hub/session/1903d021-0909-4ae7-a358-215adcbd7e54/elements[39m
[35m[HTTP][39m [90m{"using":"-android uiautomator","value":"new UiSelector().className(\"android.widget.TextView\").text(\"Scelti per te questa settimana\").resourceId(\"it.sky.msa:id/categoryTitle\").instance(6)"}[39m
[35m[HTTP][39m [37m<-- POST /wd/hub/session/1903d021-0909-4ae7-a358-215adcbd7e54/elements [39m[32m200[39m [90m136 ms - 124[39m
[35m[HTTP][39m [90m[39m
[35m[HTTP][39m [37m-->[39m [37mGET[39m [37m/wd/hub/session/1903d021-0909-4ae7-a358-215adcbd7e54[39m
[35m[HTTP][39m [90m{}[39m
[35m[HTTP][39m [37m<-- GET /wd/hub/session/1903d021-0909-4ae7-a358-215adcbd7e54 [39m[32m200[39m [90m24 ms - 1133[39m
[35m[HTTP][39m [90m[39m
[35m[HTTP][39m [37m-->[39m [37mGET[39m [37m/wd/hub/session/1903d021-0909-4ae7-a358-215adcbd7e54[39m
[35m[HTTP][39m [90m{}[39m
[35m[HTTP][39m [37m<-- GET /wd/hub/session/1903d021-0909-4ae7-a358-215adcbd7e54 [39m[32m200[39m [90m27 ms - 1133[39m
[35m[HTTP][39m [90m[39m
[35m[HTTP][39m [37m-->[39m [37mGET[39m [37m/wd/hub/session/1903d021-0909-4ae7-a358-215adcbd7e54[39m
[35m[HTTP][39m [90m{}[39m
[35m[HTTP][39m [37m<-- GET /wd/hub/session/1903d021-0909-4ae7-a358-215adcbd7e54 [39m[32m200[39m [90m24 ms - 1133[39m
[35m[HTTP][39m [90m[39m
[35m[HTTP][39m [37m-->[39m [37mGET[39m [37m/wd/hub/session/1903d021-0909-4ae7-a358-215adcbd7e54[39m
[35m[HTTP][39m [90m{}[39m
[35m[HTTP][39m [37m<-- GET /wd/hub/session/1903d021-0909-4ae7-a358-215adcbd7e54 [39m[32m200[39m [90m24 ms - 1133[39m
[35m[HTTP][39m [90m[39m
[35m[HTTP][39m [37m-->[39m [37mGET[39m [37m/wd/hub/session/1903d021-0909-4ae7-a358-215adcbd7e54/element/88440588-6e5e-4a96-a3dc-320fda047bf8/location[39m
[35m[HTTP][39m [90m{}[39m
[35m[W3C][39m Driver proxy active, passing request on via HTTP proxy
[35m[JSONWP Proxy][39m Replacing sessionId 1efa9713-6e15-4c3d-b1e3-663fbf1debe5 with 1903d021-0909-4ae7-a358-215adcbd7e54
[35m[HTTP][39m [37m<-- GET /wd/hub/session/1903d021-0909-4ae7-a358-215adcbd7e54/element/88440588-6e5e-4a96-a3dc-320fda047bf8/location [39m[32m200[39m [90m47 ms - 89[39m
[35m[HTTP][39m [90m[39m
[35m[HTTP][39m [37m-->[39m [37mGET[39m [37m/wd/hub/session/1903d021-0909-4ae7-a358-215adcbd7e54/element/88440588-6e5e-4a96-a3dc-320fda047bf8/size[39m
[35m[HTTP][39m [90m{}[39m
[35m[W3C][39m Driver proxy active, passing request on via HTTP proxy
[35m[JSONWP Proxy][39m Replacing sessionId 1efa9713-6e15-4c3d-b1e3-663fbf1debe5 with 1903d021-0909-4ae7-a358-215adcbd7e54
[35m[HTTP][39m [37m<-- GET /wd/hub/session/1903d021-0909-4ae7-a358-215adcbd7e54/element/88440588-6e5e-4a96-a3dc-320fda047bf8/size [39m[32m200[39m [90m46 ms - 98[39m
[35m[HTTP][39m [90m[39m
[35m[HTTP][39m [37m-->[39m [37mGET[39m [37m/wd/hub/session/1903d021-0909-4ae7-a358-215adcbd7e54/window/current/size[39m
[35m[HTTP][39m [90m{}[39m
[35m[W3C][39m Driver proxy active, passing request on via HTTP proxy
[35m[JSONWP Proxy][39m Replacing sessionId 1efa9713-6e15-4c3d-b1e3-663fbf1debe5 with 1903d021-0909-4ae7-a358-215adcbd7e54
[35m[HTTP][39m [37m<-- GET /wd/hub/session/1903d021-0909-4ae7-a358-215adcbd7e54/window/current/size [39m[32m200[39m [90m31 ms - 100[39m
[35m[HTTP][39m [90m[39m
[35m[HTTP][39m [37m-->[39m [37mPOST[39m [37m/wd/hub/session/1903d021-0909-4ae7-a358-215adcbd7e54/elements[39m
[35m[HTTP][39m [90m{"using":"-android uiautomator","value":"new UiSelector().className(\"android.widget.TextView\").text(\"Scelti per te questa settimana\").resourceId(\"it.sky.msa:id/categoryTitle\").instance(6)"}[39m
[35m[HTTP][39m [37m<-- POST /wd/hub/session/1903d021-0909-4ae7-a358-215adcbd7e54/elements [39m[32m200[39m [90m147 ms - 124[39m
[35m[HTTP][39m [90m[39m
[35m[HTTP][39m [37m-->[39m [37mGET[39m [37m/wd/hub/session/1903d021-0909-4ae7-a358-215adcbd7e54[39m
[35m[HTTP][39m [90m{}[39m
[35m[HTTP][39m [37m<-- GET /wd/hub/session/1903d021-0909-4ae7-a358-215adcbd7e54 [39m[32m200[39m [90m24 ms - 1133[39m
[35m[HTTP][39m [90m[39m
[35m[HTTP][39m [37m-->[39m [37mGET[39m [37m/wd/hub/session/1903d021-0909-4ae7-a358-215adcbd7e54[39m
[35m[HTTP][39m [90m{}[39m
[35m[HTTP][39m [37m<-- GET /wd/hub/session/1903d021-0909-4ae7-a358-215adcbd7e54 [39m[32m200[39m [90m23 ms - 1133[39m
[35m[HTTP][39m [90m[39m
[35m[HTTP][39m [37m-->[39m [37mGET[39m [37m/wd/hub/session/1903d021-0909-4ae7-a358-215adcbd7e54[39m
[35m[HTTP][39m [90m{}[39m
[35m[HTTP][39m [37m<-- GET /wd/hub/session/1903d021-0909-4ae7-a358-215adcbd7e54 [39m[32m200[39m [90m24 ms - 1133[39m
[35m[HTTP][39m [90m[39m
[35m[HTTP][39m [37m-->[39m [37mGET[39m [37m/wd/hub/session/1903d021-0909-4ae7-a358-215adcbd7e54[39m
[35m[HTTP][39m [90m{}[39m
[35m[HTTP][39m [37m<-- GET /wd/hub/session/1903d021-0909-4ae7-a358-215adcbd7e54 [39m[32m200[39m [90m31 ms - 1133[39m
[35m[HTTP][39m [90m[39m
[35m[HTTP][39m [37m-->[39m [37mGET[39m [37m/wd/hub/session/1903d021-0909-4ae7-a358-215adcbd7e54/element/59ef07b2-c01d-458b-8d99-fb2125479ae8/location[39m
[35m[HTTP][39m [90m{}[39m
[35m[W3C][39m Driver proxy active, passing request on via HTTP proxy
[35m[JSONWP Proxy][39m Replacing sessionId 1efa9713-6e15-4c3d-b1e3-663fbf1debe5 with 1903d021-0909-4ae7-a358-215adcbd7e54
[35m[HTTP][39m [37m<-- GET /wd/hub/session/1903d021-0909-4ae7-a358-215adcbd7e54/element/59ef07b2-c01d-458b-8d99-fb2125479ae8/location [39m[32m200[39m [90m69 ms - 89[39m
[35m[HTTP][39m [90m[39m
[35m[HTTP][39m [37m-->[39m [37mGET[39m [37m/wd/hub/session/1903d021-0909-4ae7-a358-215adcbd7e54/element/59ef07b2-c01d-458b-8d99-fb2125479ae8/size[39m
[35m[HTTP][39m [90m{}[39m
[35m[W3C][39m Driver proxy active, passing request on via HTTP proxy
[35m[JSONWP Proxy][39m Replacing sessionId 1efa9713-6e15-4c3d-b1e3-663fbf1debe5 with 1903d021-0909-4ae7-a358-215adcbd7e54
[35m[HTTP][39m [37m<-- GET /wd/hub/session/1903d021-0909-4ae7-a358-215adcbd7e54/element/59ef07b2-c01d-458b-8d99-fb2125479ae8/size [39m[32m200[39m [90m65 ms - 98[39m
[35m[HTTP][39m [90m[39m
[35m[HTTP][39m [37m-->[39m [37mGET[39m [37m/wd/hub/session/1903d021-0909-4ae7-a358-215adcbd7e54/window/current/size[39m
[35m[HTTP][39m [90m{}[39m
[35m[W3C][39m Driver proxy active, passing request on via HTTP proxy
[35m[JSONWP Proxy][39m Replacing sessionId 1efa9713-6e15-4c3d-b1e3-663fbf1debe5 with 1903d021-0909-4ae7-a358-215adcbd7e54
[35m[HTTP][39m [37m<-- GET /wd/hub/session/1903d021-0909-4ae7-a358-215adcbd7e54/window/current/size [39m[32m200[39m [90m66 ms - 100[39m
[35m[HTTP][39m [90m[39m
[35m[HTTP][39m [37m-->[39m [37mPOST[39m [37m/wd/hub/session/1903d021-0909-4ae7-a358-215adcbd7e54/elements[39m
[35m[HTTP][39m [90m{"using":"-android uiautomator","value":"new UiSelector().className(\"android.widget.TextView\").resourceId(\"it.sky.msa:id/categoryTitle\")"}[39m
[35m[HTTP][39m [37m<-- POST /wd/hub/session/1903d021-0909-4ae7-a358-215adcbd7e54/elements [39m[32m200[39m [90m101 ms - 124[39m
[35m[HTTP][39m [90m[39m
[35m[HTTP][39m [37m-->[39m [37mGET[39m [37m/wd/hub/session/1903d021-0909-4ae7-a358-215adcbd7e54[39m
[35m[HTTP][39m [90m{}[39m
[35m[HTTP][39m [37m<-- GET /wd/hub/session/1903d021-0909-4ae7-a358-215adcbd7e54 [39m[32m200[39m [90m34 ms - 1133[39m
[35m[HTTP][39m [90m[39m
[35m[HTTP][39m [37m-->[39m [37mGET[39m [37m/wd/hub/session/1903d021-0909-4ae7-a358-215adcbd7e54[39m
[35m[HTTP][39m [90m{}[39m
[35m[HTTP][39m [37m<-- GET /wd/hub/session/1903d021-0909-4ae7-a358-215adcbd7e54 [39m[32m200[39m [90m30 ms - 1133[39m
[35m[HTTP][39m [90m[39m
[35m[HTTP][39m [37m-->[39m [37mGET[39m [37m/wd/hub/session/1903d021-0909-4ae7-a358-215adcbd7e54[39m
[35m[HTTP][39m [90m{}[39m
[35m[HTTP][39m [37m<-- GET /wd/hub/session/1903d021-0909-4ae7-a358-215adcbd7e54 [39m[32m200[39m [90m26 ms - 1133[39m
[35m[HTTP][39m [90m[39m
[35m[HTTP][39m [37m-->[39m [37mGET[39m [37m/wd/hub/session/1903d021-0909-4ae7-a358-215adcbd7e54[39m
[35m[HTTP][39m [90m{}[39m
[35m[HTTP][39m [37m<-- GET /wd/hub/session/1903d021-0909-4ae7-a358-215adcbd7e54 [39m[32m200[39m [90m24 ms - 1133[39m
[35m[HTTP][39m [90m[39m
[35m[HTTP][39m [37m-->[39m [37mGET[39m [37m/wd/hub/session/1903d021-0909-4ae7-a358-215adcbd7e54/element/4a2f97ab-e28e-46cc-9b17-91c5860d7e5c/location[39m
[35m[HTTP][39m [90m{}[39m
[35m[W3C][39m Driver proxy active, passing request on via HTTP proxy
[35m[JSONWP Proxy][39m Replacing sessionId 1efa9713-6e15-4c3d-b1e3-663fbf1debe5 with 1903d021-0909-4ae7-a358-215adcbd7e54
[35m[HTTP][39m [37m<-- GET /wd/hub/session/1903d021-0909-4ae7-a358-215adcbd7e54/element/4a2f97ab-e28e-46cc-9b17-91c5860d7e5c/location [39m[32m200[39m [90m52 ms - 89[39m
[35m[HTTP][39m [90m[39m
[35m[HTTP][39m [37m-->[39m [37mGET[39m [37m/wd/hub/session/1903d021-0909-4ae7-a358-215adcbd7e54/element/4a2f97ab-e28e-46cc-9b17-91c5860d7e5c/text[39m
[35m[HTTP][39m [90m{}[39m
[35m[W3C][39m Driver proxy active, passing request on via HTTP proxy
[35m[JSONWP Proxy][39m Replacing sessionId 1efa9713-6e15-4c3d-b1e3-663fbf1debe5 with 1903d021-0909-4ae7-a358-215adcbd7e54
[35m[HTTP][39m [37m<-- GET /wd/hub/session/1903d021-0909-4ae7-a358-215adcbd7e54/element/4a2f97ab-e28e-46cc-9b17-91c5860d7e5c/text [39m[32m200[39m [90m63 ms - 104[39m
[35m[HTTP][39m [90m[39m
[35m[HTTP][39m [37m-->[39m [37mGET[39m [37m/wd/hub/session/1903d021-0909-4ae7-a358-215adcbd7e54/window/current/size[39m
[35m[HTTP][39m [90m{}[39m
[35m[W3C][39m Driver proxy active, passing request on via HTTP proxy
[35m[JSONWP Proxy][39m Replacing sessionId 1efa9713-6e15-4c3d-b1e3-663fbf1debe5 with 1903d021-0909-4ae7-a358-215adcbd7e54
[35m[HTTP][39m [37m<-- GET /wd/hub/session/1903d021-0909-4ae7-a358-215adcbd7e54/window/current/size [39m[32m200[39m [90m27 ms - 100[39m
[35m[HTTP][39m [90m[39m
[35m[HTTP][39m [37m-->[39m [37mPOST[39m [37m/wd/hub/session/1903d021-0909-4ae7-a358-215adcbd7e54/elements[39m
[35m[HTTP][39m [90m{"using":"-android uiautomator","value":"new UiSelector().className(\"android.widget.Button\").text(\"Vedi tutti\").resourceId(\"it.sky.msa:id/showAllCategoryButton\").instance(0)"}[39m
[35m[HTTP][39m [37m<-- POST /wd/hub/session/1903d021-0909-4ae7-a358-215adcbd7e54/elements [39m[32m200[39m [90m80 ms - 124[39m
[35m[HTTP][39m [90m[39m
[35m[HTTP][39m [37m-->[39m [37mGET[39m [37m/wd/hub/session/1903d021-0909-4ae7-a358-215adcbd7e54[39m
[35m[HTTP][39m [90m{}[39m
[35m[HTTP][39m [37m<-- GET /wd/hub/session/1903d021-0909-4ae7-a358-215adcbd7e54 [39m[32m200[39m [90m22 ms - 1133[39m
[35m[HTTP][39m [90m[39m
[35m[HTTP][39m [37m-->[39m [37mGET[39m [37m/wd/hub/session/1903d021-0909-4ae7-a358-215adcbd7e54[39m
[35m[HTTP][39m [90m{}[39m
[35m[HTTP][39m [37m<-- GET /wd/hub/session/1903d021-0909-4ae7-a358-215adcbd7e54 [39m[32m200[39m [90m34 ms - 1133[39m
[35m[HTTP][39m [90m[39m
[35m[HTTP][39m [37m-->[39m [37mGET[39m [37m/wd/hub/session/1903d021-0909-4ae7-a358-215adcbd7e54[39m
[35m[HTTP][39m [90m{}[39m
[35m[HTTP][39m [37m<-- GET /wd/hub/session/1903d021-0909-4ae7-a358-215adcbd7e54 [39m[32m200[39m [90m26 ms - 1133[39m
[35m[HTTP][39m [90m[39m
[35m[HTTP][39m [37m-->[39m [37mGET[39m [37m/wd/hub/session/1903d021-0909-4ae7-a358-215adcbd7e54[39m
[35m[HTTP][39m [90m{}[39m
[35m[HTTP][39m [37m<-- GET /wd/hub/session/1903d021-0909-4ae7-a358-215adcbd7e54 [39m[32m200[39m [90m25 ms - 1133[39m
[35m[HTTP][39m [90m[39m
[35m[HTTP][39m [37m-->[39m [37mGET[39m [37m/wd/hub/session/1903d021-0909-4ae7-a358-215adcbd7e54/element/cc076780-4464-44a9-9c9c-f423022d7d73/location[39m
[35m[HTTP][39m [90m{}[39m
[35m[W3C][39m Driver proxy active, passing request on via HTTP proxy
[35m[JSONWP Proxy][39m Replacing sessionId 1efa9713-6e15-4c3d-b1e3-663fbf1debe5 with 1903d021-0909-4ae7-a358-215adcbd7e54
[35m[HTTP][39m [37m<-- GET /wd/hub/session/1903d021-0909-4ae7-a358-215adcbd7e54/element/cc076780-4464-44a9-9c9c-f423022d7d73/location [39m[32m200[39m [90m58 ms - 90[39m
[35m[HTTP][39m [90m[39m
[35m[HTTP][39m [37m-->[39m [37mPOST[39m [37m/wd/hub/session/1903d021-0909-4ae7-a358-215adcbd7e54/touch/perform[39m
[35m[HTTP][39m [90m{"actions":[{"action":"tap","options":{"element":"cc076780-4464-44a9-9c9c-f423022d7d73","x":1,"y":1}}]}[39m
[35m[UiAutomator2][39m calling get location: cc076780-4464-44a9-9c9c-f423022d7d73
[35m[HTTP][39m [37m<-- POST /wd/hub/session/1903d021-0909-4ae7-a358-215adcbd7e54/touch/perform [39m[32m200[39m [90m940 ms - 76[39m
[35m[HTTP][39m [90m[39m
[35m[HTTP][39m [37m-->[39m [37mGET[39m [37m/wd/hub/session/1903d021-0909-4ae7-a358-215adcbd7e54/window/current/size[39m
[35m[HTTP][39m [90m{}[39m
[35m[W3C][39m Driver proxy active, passing request on via HTTP proxy
[35m[JSONWP Proxy][39m Replacing sessionId 1efa9713-6e15-4c3d-b1e3-663fbf1debe5 with 1903d021-0909-4ae7-a358-215adcbd7e54
[35m[HTTP][39m [37m<-- GET /wd/hub/session/1903d021-0909-4ae7-a358-215adcbd7e54/window/current/size [39m[32m200[39m [90m40 ms - 100[39m
[35m[HTTP][39m [90m[39m
[35m[HTTP][39m [37m-->[39m [37mPOST[39m [37m/wd/hub/session/1903d021-0909-4ae7-a358-215adcbd7e54/elements[39m
[35m[HTTP][39m [90m{"using":"-android uiautomator","value":"new UiSelector().className(\"android.widget.TextView\").resourceId(\"it.sky.msa:id/toolbarTitle\")"}[39m
[35m[HTTP][39m [37m<-- POST /wd/hub/session/1903d021-0909-4ae7-a358-215adcbd7e54/elements [39m[32m200[39m [90m98 ms - 124[39m
[35m[HTTP][39m [90m[39m
[35m[HTTP][39m [37m-->[39m [37mGET[39m [37m/wd/hub/session/1903d021-0909-4ae7-a358-215adcbd7e54[39m
[35m[HTTP][39m [90m{}[39m
[35m[HTTP][39m [37m<-- GET /wd/hub/session/1903d021-0909-4ae7-a358-215adcbd7e54 [39m[32m200[39m [90m25 ms - 1133[39m
[35m[HTTP][39m [90m[39m
[35m[HTTP][39m [37m-->[39m [37mGET[39m [37m/wd/hub/session/1903d021-0909-4ae7-a358-215adcbd7e54[39m
[35m[HTTP][39m [90m{}[39m
[35m[HTTP][39m [37m<-- GET /wd/hub/session/1903d021-0909-4ae7-a358-215adcbd7e54 [39m[32m200[39m [90m23 ms - 1133[39m
[35m[HTTP][39m [90m[39m
[35m[HTTP][39m [37m-->[39m [37mGET[39m [37m/wd/hub/session/1903d021-0909-4ae7-a358-215adcbd7e54[39m
[35m[HTTP][39m [90m{}[39m
[35m[HTTP][39m [37m<-- GET /wd/hub/session/1903d021-0909-4ae7-a358-215adcbd7e54 [39m[32m200[39m [90m24 ms - 1133[39m
[35m[HTTP][39m [90m[39m
[35m[HTTP][39m [37m-->[39m [37mGET[39m [37m/wd/hub/session/1903d021-0909-4ae7-a358-215adcbd7e54[39m
[35m[HTTP][39m [90m{}[39m
[35m[HTTP][39m [37m<-- GET /wd/hub/session/1903d021-0909-4ae7-a358-215adcbd7e54 [39m[32m200[39m [90m24 ms - 1133[39m
[35m[HTTP][39m [90m[39m
[35m[HTTP][39m [37m-->[39m [37mGET[39m [37m/wd/hub/session/1903d021-0909-4ae7-a358-215adcbd7e54/element/d49ef33d-55d9-4b8d-8268-076ff540fdc2/location[39m
[35m[HTTP][39m [90m{}[39m
[35m[W3C][39m Driver proxy active, passing request on via HTTP proxy
[35m[JSONWP Proxy][39m Replacing sessionId 1efa9713-6e15-4c3d-b1e3-663fbf1debe5 with 1903d021-0909-4ae7-a358-215adcbd7e54
[35m[HTTP][39m [37m<-- GET /wd/hub/session/1903d021-0909-4ae7-a358-215adcbd7e54/element/d49ef33d-55d9-4b8d-8268-076ff540fdc2/location [39m[32m200[39m [90m54 ms - 89[39m
[35m[HTTP][39m [90m[39m
[35m[HTTP][39m [37m-->[39m [37mGET[39m [37m/wd/hub/session/1903d021-0909-4ae7-a358-215adcbd7e54/element/d49ef33d-55d9-4b8d-8268-076ff540fdc2/text[39m
[35m[HTTP][39m [90m{}[39m
[35m[W3C][39m Driver proxy active, passing request on via HTTP proxy
[35m[JSONWP Proxy][39m Replacing sessionId 1efa9713-6e15-4c3d-b1e3-663fbf1debe5 with 1903d021-0909-4ae7-a358-215adcbd7e54
[35m[HTTP][39m [37m<-- GET /wd/hub/session/1903d021-0909-4ae7-a358-215adcbd7e54/element/d49ef33d-55d9-4b8d-8268-076ff540fdc2/text [39m[32m200[39m [90m55 ms - 104[39m
[35m[HTTP][39m [90m[39m
[35m[HTTP][39m [37m-->[39m [37mGET[39m [37m/wd/hub/session/1903d021-0909-4ae7-a358-215adcbd7e54/window/current/size[39m
[35m[HTTP][39m [90m{}[39m
[35m[W3C][39m Driver proxy active, passing request on via HTTP proxy
[35m[JSONWP Proxy][39m Replacing sessionId 1efa9713-6e15-4c3d-b1e3-663fbf1debe5 with 1903d021-0909-4ae7-a358-215adcbd7e54
[35m[HTTP][39m [37m<-- GET /wd/hub/session/1903d021-0909-4ae7-a358-215adcbd7e54/window/current/size [39m[32m200[39m [90m63 ms - 100[39m
[35m[HTTP][39m [90m[39m
[35m[HTTP][39m [37m-->[39m [37mPOST[39m [37m/wd/hub/session/1903d021-0909-4ae7-a358-215adcbd7e54/elements[39m
[35m[HTTP][39m [90m{"using":"-android uiautomator","value":"new UiSelector().className(\"android.widget.ImageButton\").instance(0)"}[39m
[35m[HTTP][39m [37m<-- POST /wd/hub/session/1903d021-0909-4ae7-a358-215adcbd7e54/elements [39m[32m200[39m [90m531 ms - 124[39m
[35m[HTTP][39m [90m[39m
[35m[HTTP][39m [37m-->[39m [37mGET[39m [37m/wd/hub/session/1903d021-0909-4ae7-a358-215adcbd7e54[39m
[35m[HTTP][39m [90m{}[39m
[35m[HTTP][39m [37m<-- GET /wd/hub/session/1903d021-0909-4ae7-a358-215adcbd7e54 [39m[32m200[39m [90m25 ms - 1133[39m
[35m[HTTP][39m [90m[39m
[35m[HTTP][39m [37m-->[39m [37mGET[39m [37m/wd/hub/session/1903d021-0909-4ae7-a358-215adcbd7e54[39m
[35m[HTTP][39m [90m{}[39m
[35m[HTTP][39m [37m<-- GET /wd/hub/session/1903d021-0909-4ae7-a358-215adcbd7e54 [39m[32m200[39m [90m27 ms - 1133[39m
[35m[HTTP][39m [90m[39m
[35m[HTTP][39m [37m-->[39m [37mGET[39m [37m/wd/hub/session/1903d021-0909-4ae7-a358-215adcbd7e54[39m
[35m[HTTP][39m [90m{}[39m
[35m[HTTP][39m [37m<-- GET /wd/hub/session/1903d021-0909-4ae7-a358-215adcbd7e54 [39m[32m200[39m [90m25 ms - 1133[39m
[35m[HTTP][39m [90m[39m
[35m[HTTP][39m [37m-->[39m [37mGET[39m [37m/wd/hub/session/1903d021-0909-4ae7-a358-215adcbd7e54[39m
[35m[HTTP][39m [90m{}[39m
[35m[HTTP][39m [37m<-- GET /wd/hub/session/1903d021-0909-4ae7-a358-215adcbd7e54 [39m[32m200[39m [90m23 ms - 1133[39m
[35m[HTTP][39m [90m[39m
[35m[HTTP][39m [37m-->[39m [37mGET[39m [37m/wd/hub/session/1903d021-0909-4ae7-a358-215adcbd7e54/element/e166649b-a7ea-4e5a-8b24-27171ad3ac01/location[39m
[35m[HTTP][39m [90m{}[39m
[35m[W3C][39m Driver proxy active, passing request on via HTTP proxy
[35m[JSONWP Proxy][39m Replacing sessionId 1efa9713-6e15-4c3d-b1e3-663fbf1debe5 with 1903d021-0909-4ae7-a358-215adcbd7e54
[35m[HTTP][39m [37m<-- GET /wd/hub/session/1903d021-0909-4ae7-a358-215adcbd7e54/element/e166649b-a7ea-4e5a-8b24-27171ad3ac01/location [39m[32m200[39m [90m75 ms - 86[39m
[35m[HTTP][39m [90m[39m
[35m[HTTP][39m [37m-->[39m [37mPOST[39m [37m/wd/hub/session/1903d021-0909-4ae7-a358-215adcbd7e54/touch/perform[39m
[35m[HTTP][39m [90m{"actions":[{"action":"tap","options":{"element":"e166649b-a7ea-4e5a-8b24-27171ad3ac01","x":1,"y":1}}]}[39m
[35m[UiAutomator2][39m calling get location: e166649b-a7ea-4e5a-8b24-27171ad3ac01
[35m[HTTP][39m [37m<-- POST /wd/hub/session/1903d021-0909-4ae7-a358-215adcbd7e54/touch/perform [39m[32m200[39m [90m1003 ms - 76[39m
[35m[HTTP][39m [90m[39m
[35m[HTTP][39m [37m-->[39m [37mDELETE[39m [37m/wd/hub/session/1903d021-0909-4ae7-a358-215adcbd7e54[39m
[35m[HTTP][39m [90m{}[39m
[35m[Appium][39m Removing session 1903d021-0909-4ae7-a358-215adcbd7e54 from our master session list
[35m[HTTP][39m [37m<-- DELETE /wd/hub/session/1903d021-0909-4ae7-a358-215adcbd7e54 [39m[32m200[39m [90m340 ms - 76[39m
[35m[HTTP][39m [90m[39m
