[35m[Appium][39m Welcome to Appium v1.8.1
[35m[Appium][39m Non-default server args:
[35m[Appium][39m   port: 59411
[35m[Appium][39m   loglevel: info
[35m[Appium][39m   chromeDriverPort: 59412
[35m[Appium][39m   tmpDir: C:\Users\marco\AppData\Local\Temp\\Katalon\Appium\Temp1551199057638
[35m[Appium][39m Appium REST http interface listener started on 0.0.0.0:59411
[35m[HTTP][39m [37m-->[39m [37mGET[39m [37m/wd/hub/status[39m
[35m[HTTP][39m [90m{}[39m
[35m[HTTP][39m [37m<-- GET /wd/hub/status [39m[32m200[39m [90m51 ms - 83[39m
[35m[HTTP][39m [90m[39m
[35m[HTTP][39m [37m-->[39m [37mPOST[39m [37m/wd/hub/session[39m
[35m[HTTP][39m [90m{"desiredCapabilities":{"app":"C:\\Users\\MSA-testautomation\\59.apk","autoGrantPermissions":true,"automationName":"uiautomator2","deviceName":"samsung SM-G935F (Android 8.0.0)","fullReset":false,"newCommandTimeout":1800,"noReset":true,"platform":"ANDROID","platformName":"Android","udid":"9885f7504651473733"},"capabilities":{"desiredCapabilities":{"app":"C:\\Users\\MSA-testautomation\\59.apk","autoGrantPermissions":true,"automationName":"uiautomator2","deviceName":"samsung SM-G935F (Android 8.0.0)","fullReset":false,"newCommandTimeout":1800,"noReset":true,"platform":"ANDROID","platformName":"Android","udid":"9885f7504651473733"},"firstMatch":[{"platformName":"android"}]}}[39m
[35m[Appium][39m Could not parse W3C capabilities: 'deviceName' can't be blank. Falling back to JSONWP protocol.
[35m[Appium][39m The following capabilities were provided in the JSONWP desired capabilities that are missing in W3C capabilities: ["app","autoGrantPermissions","automationName","deviceName","fullReset","newCommandTimeout","noReset","platform","platformName","udid"]. Falling back to JSONWP protocol.
[35m[Appium][39m Creating new AndroidUiautomator2Driver (v1.12.0) session
[35m[Appium][39m Capabilities:
[35m[Appium][39m   app: C:\Users\MSA-testautomation\59.apk
[35m[Appium][39m   autoGrantPermissions: true
[35m[Appium][39m   automationName: uiautomator2
[35m[Appium][39m   deviceName: samsung SM-G935F (Android 8.0.0)
[35m[Appium][39m   fullReset: false
[35m[Appium][39m   newCommandTimeout: 1800
[35m[Appium][39m   noReset: true
[35m[Appium][39m   platform: ANDROID
[35m[Appium][39m   platformName: Android
[35m[Appium][39m   udid: 9885f7504651473733
[35m[BaseDriver][39m The following capabilities were provided, but are not recognized by appium: platform.
[35m[BaseDriver][39m Session created with session id: 8f0e9594-285f-4f39-9d8c-d962e0be5dc7
[35m[BaseDriver][39m Using local app 'C:\Users\MSA-testautomation\59.apk'
[35m[AndroidDriver][39m Java version is: 1.8.0_181
[35m[ADB][39m Checking whether adb is present
[35m[ADB][39m Found 1 'build-tools' folders under 'C:\Users\marco\.katalon\tools\android_sdk' (newest first):
[35m[ADB][39m     C:/Users/marco/.katalon/tools/android_sdk/build-tools/28.0.3
[35m[ADB][39m Using adb.exe from C:\Users\marco\.katalon\tools\android_sdk\platform-tools\adb.exe
[35m[AndroidDriver][39m Retrieving device list
[35m[AndroidDriver][39m Using device: 9885f7504651473733
[35m[ADB][39m Using the alternative activity name detection method because of: Could not find apkanalyzer.bat in C:\Users\marco\.katalon\tools\android_sdk\platform-tools\apkanalyzer.bat,C:\Users\marco\.katalon\tools\android_sdk\emulator\apkanalyzer.bat,C:\Users\marco\.katalon\tools\android_sdk\tools\apkanalyzer.bat,C:\Users\marco\.katalon\tools\android_sdk\tools\bin\apkanalyzer.bat,C:\Users\marco\.katalon\tools\android_sdk\build-tools\28.0.3\apkanalyzer.bat. Do you have the Android SDK installed at 'C:\Users\marco\.katalon\tools\android_sdk'?
[35m[ADB][39m Checking whether aapt is present
[35m[ADB][39m Using aapt.exe from C:\Users\marco\.katalon\tools\android_sdk\build-tools\28.0.3\aapt.exe
[35m[ADB][39m Extracting package and launch activity from manifest
[35m[ADB][39m Package name: 'it.sky.msa'
[35m[ADB][39m Main activity name: 'it.sky.msa.welcome.SplashActivity'
[35m[ADB][39m Getting device platform version
[35m[ADB][39m Using apksigner.bat from C:\Users\marco\.katalon\tools\android_sdk\build-tools\28.0.3\apksigner.bat
[35m[ADB][39m Checking whether zipalign is present
[35m[ADB][39m Using zipalign.exe from C:\Users\marco\.katalon\tools\android_sdk\build-tools\28.0.3\zipalign.exe
[35m[ADB][39m io.appium.uiautomator2.server was successfully uninstalled
[35m[ADB][39m io.appium.uiautomator2.server.test was successfully uninstalled
[35m[AndroidDriver][39m setDeviceLanguageCountry requires language or country.
[35m[AndroidDriver][39m Got language: 'null' and country: 'null'
[35m[ADB][39m Successfully extracted 218 strings from 'C:\Users\MSA-testautomation\59.apk' resources for '(default)' configuration
[35m[UiAutomator2][39m Starting uiautomator2 server 1.12.0
[35m[UiAutomator2][39m Using UIAutomator2 server from 'C:\Users\marco\AppData\Roaming\npm\node_modules\appium\node_modules\appium-uiautomator2-server\apks\appium-uiautomator2-server-v1.12.0.apk' and test from 'C:\Users\marco\AppData\Roaming\npm\node_modules\appium\node_modules\appium-uiautomator2-server\apks\appium-uiautomator2-server-debug-androidTest.apk'
[35m[UiAutomator2][39m Running command: 'adb -s 9885f7504651473733 shell am instrument -w io.appium.uiautomator2.server.test/android.support.test.runner.AndroidJUnitRunner'
[35m[UiAutomator2][39m Waiting up to 20000ms for UiAutomator2 to be online...
[35m[AndroidDriver][39m Screen already unlocked, doing nothing
[35m[UiAutomator2][39m UiAutomator2 did not start the activity we were waiting for, 'it.sky.msa/it.sky.msa.welcome.SplashActivity'. Starting it ourselves
[35m[Appium][39m New AndroidUiautomator2Driver session created successfully, session 8f0e9594-285f-4f39-9d8c-d962e0be5dc7 added to master session list
[35m[HTTP][39m [37m<-- POST /wd/hub/session [39m[32m200[39m [90m22231 ms - 1133[39m
[35m[HTTP][39m [90m[39m
[35m[HTTP][39m [37m-->[39m [37mGET[39m [37m/wd/hub/status[39m
[35m[HTTP][39m [90m{}[39m
[35m[HTTP][39m [37m<-- GET /wd/hub/status [39m[32m200[39m [90m58 ms - 55[39m
[35m[HTTP][39m [90m[39m
[35m[HTTP][39m [37m-->[39m [37mPOST[39m [37m/wd/hub/session/8f0e9594-285f-4f39-9d8c-d962e0be5dc7/timeouts[39m
[35m[HTTP][39m [90m{"type":"implicit","ms":30000}[39m
[35m[HTTP][39m [37m<-- POST /wd/hub/session/8f0e9594-285f-4f39-9d8c-d962e0be5dc7/timeouts [39m[33m400[39m [90m22 ms - 5204[39m
[35m[HTTP][39m [90m[39m
[35m[HTTP][39m [37m-->[39m [37mGET[39m [37m/wd/hub/session/8f0e9594-285f-4f39-9d8c-d962e0be5dc7/window/current/size[39m
[35m[HTTP][39m [90m{}[39m
[35m[W3C][39m Driver proxy active, passing request on via HTTP proxy
[35m[JSONWP Proxy][39m Replacing sessionId 20ea86e6-2c28-4fe5-acb2-1705cee5e8f9 with 8f0e9594-285f-4f39-9d8c-d962e0be5dc7
[35m[HTTP][39m [37m<-- GET /wd/hub/session/8f0e9594-285f-4f39-9d8c-d962e0be5dc7/window/current/size [39m[32m200[39m [90m63 ms - 100[39m
[35m[HTTP][39m [90m[39m
[35m[HTTP][39m [37m-->[39m [37mPOST[39m [37m/wd/hub/session/8f0e9594-285f-4f39-9d8c-d962e0be5dc7/elements[39m
[35m[HTTP][39m [90m{"using":"-android uiautomator","value":"new UiSelector().className(\"android.widget.TextView\").text(\"Guida TV\").resourceId(\"it.sky.msa:id/title\").instance(5)"}[39m
[35m[HTTP][39m [37m<-- POST /wd/hub/session/8f0e9594-285f-4f39-9d8c-d962e0be5dc7/elements [39m[32m200[39m [90m87 ms - 74[39m
[35m[HTTP][39m [90m[39m
[35m[HTTP][39m [37m-->[39m [37mPOST[39m [37m/wd/hub/session/8f0e9594-285f-4f39-9d8c-d962e0be5dc7/elements[39m
[35m[HTTP][39m [90m{"using":"-android uiautomator","value":"new UiSelector().className(\"android.widget.TextView\").text(\"Guida TV\").resourceId(\"it.sky.msa:id/title\").instance(5)"}[39m
[35m[HTTP][39m [37m<-- POST /wd/hub/session/8f0e9594-285f-4f39-9d8c-d962e0be5dc7/elements [39m[32m200[39m [90m92 ms - 74[39m
[35m[HTTP][39m [90m[39m
[35m[HTTP][39m [37m-->[39m [37mPOST[39m [37m/wd/hub/session/8f0e9594-285f-4f39-9d8c-d962e0be5dc7/elements[39m
[35m[HTTP][39m [90m{"using":"-android uiautomator","value":"new UiSelector().className(\"android.widget.TextView\").text(\"Guida TV\").resourceId(\"it.sky.msa:id/title\").instance(5)"}[39m
[35m[HTTP][39m [37m<-- POST /wd/hub/session/8f0e9594-285f-4f39-9d8c-d962e0be5dc7/elements [39m[32m200[39m [90m75 ms - 74[39m
[35m[HTTP][39m [90m[39m
[35m[HTTP][39m [37m-->[39m [37mPOST[39m [37m/wd/hub/session/8f0e9594-285f-4f39-9d8c-d962e0be5dc7/elements[39m
[35m[HTTP][39m [90m{"using":"-android uiautomator","value":"new UiSelector().className(\"android.widget.TextView\").text(\"Guida TV\").resourceId(\"it.sky.msa:id/title\").instance(5)"}[39m
[35m[HTTP][39m [37m<-- POST /wd/hub/session/8f0e9594-285f-4f39-9d8c-d962e0be5dc7/elements [39m[32m200[39m [90m65 ms - 74[39m
[35m[HTTP][39m [90m[39m
[35m[HTTP][39m [37m-->[39m [37mPOST[39m [37m/wd/hub/session/8f0e9594-285f-4f39-9d8c-d962e0be5dc7/elements[39m
[35m[HTTP][39m [90m{"using":"-android uiautomator","value":"new UiSelector().className(\"android.widget.TextView\").text(\"Guida TV\").resourceId(\"it.sky.msa:id/title\").instance(5)"}[39m
[35m[HTTP][39m [37m<-- POST /wd/hub/session/8f0e9594-285f-4f39-9d8c-d962e0be5dc7/elements [39m[32m200[39m [90m66 ms - 74[39m
[35m[HTTP][39m [90m[39m
[35m[HTTP][39m [37m-->[39m [37mPOST[39m [37m/wd/hub/session/8f0e9594-285f-4f39-9d8c-d962e0be5dc7/elements[39m
[35m[HTTP][39m [90m{"using":"-android uiautomator","value":"new UiSelector().className(\"android.widget.TextView\").text(\"Guida TV\").resourceId(\"it.sky.msa:id/title\").instance(5)"}[39m
[35m[HTTP][39m [37m<-- POST /wd/hub/session/8f0e9594-285f-4f39-9d8c-d962e0be5dc7/elements [39m[32m200[39m [90m64 ms - 74[39m
[35m[HTTP][39m [90m[39m
[35m[HTTP][39m [37m-->[39m [37mPOST[39m [37m/wd/hub/session/8f0e9594-285f-4f39-9d8c-d962e0be5dc7/elements[39m
[35m[HTTP][39m [90m{"using":"-android uiautomator","value":"new UiSelector().className(\"android.widget.TextView\").text(\"Guida TV\").resourceId(\"it.sky.msa:id/title\").instance(5)"}[39m
[35m[HTTP][39m [37m<-- POST /wd/hub/session/8f0e9594-285f-4f39-9d8c-d962e0be5dc7/elements [39m[32m200[39m [90m78 ms - 74[39m
[35m[HTTP][39m [90m[39m
[35m[HTTP][39m [37m-->[39m [37mPOST[39m [37m/wd/hub/session/8f0e9594-285f-4f39-9d8c-d962e0be5dc7/elements[39m
[35m[HTTP][39m [90m{"using":"-android uiautomator","value":"new UiSelector().className(\"android.widget.TextView\").text(\"Guida TV\").resourceId(\"it.sky.msa:id/title\").instance(5)"}[39m
[35m[HTTP][39m [37m<-- POST /wd/hub/session/8f0e9594-285f-4f39-9d8c-d962e0be5dc7/elements [39m[32m200[39m [90m64 ms - 74[39m
[35m[HTTP][39m [90m[39m
[35m[HTTP][39m [37m-->[39m [37mPOST[39m [37m/wd/hub/session/8f0e9594-285f-4f39-9d8c-d962e0be5dc7/elements[39m
[35m[HTTP][39m [90m{"using":"-android uiautomator","value":"new UiSelector().className(\"android.widget.TextView\").text(\"Guida TV\").resourceId(\"it.sky.msa:id/title\").instance(5)"}[39m
[35m[HTTP][39m [37m<-- POST /wd/hub/session/8f0e9594-285f-4f39-9d8c-d962e0be5dc7/elements [39m[32m200[39m [90m66 ms - 74[39m
[35m[HTTP][39m [90m[39m
[35m[HTTP][39m [37m-->[39m [37mPOST[39m [37m/wd/hub/session/8f0e9594-285f-4f39-9d8c-d962e0be5dc7/elements[39m
[35m[HTTP][39m [90m{"using":"-android uiautomator","value":"new UiSelector().className(\"android.widget.TextView\").text(\"Guida TV\").resourceId(\"it.sky.msa:id/title\").instance(5)"}[39m
[35m[HTTP][39m [37m<-- POST /wd/hub/session/8f0e9594-285f-4f39-9d8c-d962e0be5dc7/elements [39m[32m200[39m [90m68 ms - 74[39m
[35m[HTTP][39m [90m[39m
[35m[HTTP][39m [37m-->[39m [37mPOST[39m [37m/wd/hub/session/8f0e9594-285f-4f39-9d8c-d962e0be5dc7/elements[39m
[35m[HTTP][39m [90m{"using":"-android uiautomator","value":"new UiSelector().className(\"android.widget.TextView\").text(\"Guida TV\").resourceId(\"it.sky.msa:id/title\").instance(5)"}[39m
[35m[HTTP][39m [37m<-- POST /wd/hub/session/8f0e9594-285f-4f39-9d8c-d962e0be5dc7/elements [39m[32m200[39m [90m88 ms - 74[39m
[35m[HTTP][39m [90m[39m
[35m[HTTP][39m [37m-->[39m [37mPOST[39m [37m/wd/hub/session/8f0e9594-285f-4f39-9d8c-d962e0be5dc7/elements[39m
[35m[HTTP][39m [90m{"using":"-android uiautomator","value":"new UiSelector().className(\"android.widget.TextView\").text(\"Guida TV\").resourceId(\"it.sky.msa:id/title\").instance(5)"}[39m
[35m[HTTP][39m [37m<-- POST /wd/hub/session/8f0e9594-285f-4f39-9d8c-d962e0be5dc7/elements [39m[32m200[39m [90m88 ms - 74[39m
[35m[HTTP][39m [90m[39m
[35m[HTTP][39m [37m-->[39m [37mPOST[39m [37m/wd/hub/session/8f0e9594-285f-4f39-9d8c-d962e0be5dc7/elements[39m
[35m[HTTP][39m [90m{"using":"-android uiautomator","value":"new UiSelector().className(\"android.widget.TextView\").text(\"Guida TV\").resourceId(\"it.sky.msa:id/title\").instance(5)"}[39m
[35m[HTTP][39m [37m<-- POST /wd/hub/session/8f0e9594-285f-4f39-9d8c-d962e0be5dc7/elements [39m[32m200[39m [90m73 ms - 74[39m
[35m[HTTP][39m [90m[39m
[35m[HTTP][39m [37m-->[39m [37mPOST[39m [37m/wd/hub/session/8f0e9594-285f-4f39-9d8c-d962e0be5dc7/elements[39m
[35m[HTTP][39m [90m{"using":"-android uiautomator","value":"new UiSelector().className(\"android.widget.TextView\").text(\"Guida TV\").resourceId(\"it.sky.msa:id/title\").instance(5)"}[39m
[35m[HTTP][39m [37m<-- POST /wd/hub/session/8f0e9594-285f-4f39-9d8c-d962e0be5dc7/elements [39m[32m200[39m [90m69 ms - 74[39m
[35m[HTTP][39m [90m[39m
[35m[HTTP][39m [37m-->[39m [37mPOST[39m [37m/wd/hub/session/8f0e9594-285f-4f39-9d8c-d962e0be5dc7/elements[39m
[35m[HTTP][39m [90m{"using":"-android uiautomator","value":"new UiSelector().className(\"android.widget.TextView\").text(\"Guida TV\").resourceId(\"it.sky.msa:id/title\").instance(5)"}[39m
[35m[HTTP][39m [37m<-- POST /wd/hub/session/8f0e9594-285f-4f39-9d8c-d962e0be5dc7/elements [39m[32m200[39m [90m102 ms - 74[39m
[35m[HTTP][39m [90m[39m
[35m[HTTP][39m [37m-->[39m [37mPOST[39m [37m/wd/hub/session/8f0e9594-285f-4f39-9d8c-d962e0be5dc7/elements[39m
[35m[HTTP][39m [90m{"using":"-android uiautomator","value":"new UiSelector().className(\"android.widget.TextView\").text(\"Guida TV\").resourceId(\"it.sky.msa:id/title\").instance(5)"}[39m
[35m[HTTP][39m [37m<-- POST /wd/hub/session/8f0e9594-285f-4f39-9d8c-d962e0be5dc7/elements [39m[32m200[39m [90m882 ms - 124[39m
[35m[HTTP][39m [90m[39m
[35m[HTTP][39m [37m-->[39m [37mGET[39m [37m/wd/hub/session/8f0e9594-285f-4f39-9d8c-d962e0be5dc7[39m
[35m[HTTP][39m [90m{}[39m
[35m[HTTP][39m [37m<-- GET /wd/hub/session/8f0e9594-285f-4f39-9d8c-d962e0be5dc7 [39m[32m200[39m [90m37 ms - 1133[39m
[35m[HTTP][39m [90m[39m
[35m[HTTP][39m [37m-->[39m [37mGET[39m [37m/wd/hub/session/8f0e9594-285f-4f39-9d8c-d962e0be5dc7[39m
[35m[HTTP][39m [90m{}[39m
[35m[HTTP][39m [37m<-- GET /wd/hub/session/8f0e9594-285f-4f39-9d8c-d962e0be5dc7 [39m[32m200[39m [90m31 ms - 1133[39m
[35m[HTTP][39m [90m[39m
[35m[HTTP][39m [37m-->[39m [37mGET[39m [37m/wd/hub/session/8f0e9594-285f-4f39-9d8c-d962e0be5dc7[39m
[35m[HTTP][39m [90m{}[39m
[35m[HTTP][39m [37m<-- GET /wd/hub/session/8f0e9594-285f-4f39-9d8c-d962e0be5dc7 [39m[32m200[39m [90m32 ms - 1133[39m
[35m[HTTP][39m [90m[39m
[35m[HTTP][39m [37m-->[39m [37mGET[39m [37m/wd/hub/session/8f0e9594-285f-4f39-9d8c-d962e0be5dc7[39m
[35m[HTTP][39m [90m{}[39m
[35m[HTTP][39m [37m<-- GET /wd/hub/session/8f0e9594-285f-4f39-9d8c-d962e0be5dc7 [39m[32m200[39m [90m35 ms - 1133[39m
[35m[HTTP][39m [90m[39m
[35m[HTTP][39m [37m-->[39m [37mGET[39m [37m/wd/hub/session/8f0e9594-285f-4f39-9d8c-d962e0be5dc7/element/eeb2fd36-cf43-4c67-84a9-822a7020a682/location[39m
[35m[HTTP][39m [90m{}[39m
[35m[W3C][39m Driver proxy active, passing request on via HTTP proxy
[35m[JSONWP Proxy][39m Replacing sessionId 20ea86e6-2c28-4fe5-acb2-1705cee5e8f9 with 8f0e9594-285f-4f39-9d8c-d962e0be5dc7
[35m[HTTP][39m [37m<-- GET /wd/hub/session/8f0e9594-285f-4f39-9d8c-d962e0be5dc7/element/eeb2fd36-cf43-4c67-84a9-822a7020a682/location [39m[32m200[39m [90m86 ms - 90[39m
[35m[HTTP][39m [90m[39m
[35m[HTTP][39m [37m-->[39m [37mPOST[39m [37m/wd/hub/session/8f0e9594-285f-4f39-9d8c-d962e0be5dc7/touch/perform[39m
[35m[HTTP][39m [90m{"actions":[{"action":"tap","options":{"element":"eeb2fd36-cf43-4c67-84a9-822a7020a682","x":1,"y":1}}]}[39m
[35m[UiAutomator2][39m calling get location: eeb2fd36-cf43-4c67-84a9-822a7020a682
[35m[HTTP][39m [37m<-- POST /wd/hub/session/8f0e9594-285f-4f39-9d8c-d962e0be5dc7/touch/perform [39m[32m200[39m [90m1184 ms - 76[39m
[35m[HTTP][39m [90m[39m
[35m[HTTP][39m [37m-->[39m [37mGET[39m [37m/wd/hub/session/8f0e9594-285f-4f39-9d8c-d962e0be5dc7/window/current/size[39m
[35m[HTTP][39m [90m{}[39m
[35m[W3C][39m Driver proxy active, passing request on via HTTP proxy
[35m[JSONWP Proxy][39m Replacing sessionId 20ea86e6-2c28-4fe5-acb2-1705cee5e8f9 with 8f0e9594-285f-4f39-9d8c-d962e0be5dc7
[35m[HTTP][39m [37m<-- GET /wd/hub/session/8f0e9594-285f-4f39-9d8c-d962e0be5dc7/window/current/size [39m[32m200[39m [90m55 ms - 100[39m
[35m[HTTP][39m [90m[39m
[35m[HTTP][39m [37m-->[39m [37mPOST[39m [37m/wd/hub/session/8f0e9594-285f-4f39-9d8c-d962e0be5dc7/elements[39m
[35m[HTTP][39m [90m{"using":"-android uiautomator","value":"new UiSelector().className(\"android.widget.TextView\").text(\"GUIDA TV\").resourceId(\"it.sky.msa:id/headerTitle\").instance(0)"}[39m
[35m[HTTP][39m [37m<-- POST /wd/hub/session/8f0e9594-285f-4f39-9d8c-d962e0be5dc7/elements [39m[32m200[39m [90m1661 ms - 124[39m
[35m[HTTP][39m [90m[39m
[35m[HTTP][39m [37m-->[39m [37mGET[39m [37m/wd/hub/session/8f0e9594-285f-4f39-9d8c-d962e0be5dc7[39m
[35m[HTTP][39m [90m{}[39m
[35m[HTTP][39m [37m<-- GET /wd/hub/session/8f0e9594-285f-4f39-9d8c-d962e0be5dc7 [39m[32m200[39m [90m36 ms - 1133[39m
[35m[HTTP][39m [90m[39m
[35m[HTTP][39m [37m-->[39m [37mGET[39m [37m/wd/hub/session/8f0e9594-285f-4f39-9d8c-d962e0be5dc7[39m
[35m[HTTP][39m [90m{}[39m
[35m[HTTP][39m [37m<-- GET /wd/hub/session/8f0e9594-285f-4f39-9d8c-d962e0be5dc7 [39m[32m200[39m [90m30 ms - 1133[39m
[35m[HTTP][39m [90m[39m
[35m[HTTP][39m [37m-->[39m [37mGET[39m [37m/wd/hub/session/8f0e9594-285f-4f39-9d8c-d962e0be5dc7[39m
[35m[HTTP][39m [90m{}[39m
[35m[HTTP][39m [37m<-- GET /wd/hub/session/8f0e9594-285f-4f39-9d8c-d962e0be5dc7 [39m[32m200[39m [90m27 ms - 1133[39m
[35m[HTTP][39m [90m[39m
[35m[HTTP][39m [37m-->[39m [37mGET[39m [37m/wd/hub/session/8f0e9594-285f-4f39-9d8c-d962e0be5dc7[39m
[35m[HTTP][39m [90m{}[39m
[35m[HTTP][39m [37m<-- GET /wd/hub/session/8f0e9594-285f-4f39-9d8c-d962e0be5dc7 [39m[32m200[39m [90m27 ms - 1133[39m
[35m[HTTP][39m [90m[39m
[35m[HTTP][39m [37m-->[39m [37mGET[39m [37m/wd/hub/session/8f0e9594-285f-4f39-9d8c-d962e0be5dc7/element/6371a1c9-9d8e-4bed-8d9f-71effdb71afa/location[39m
[35m[HTTP][39m [90m{}[39m
[35m[W3C][39m Driver proxy active, passing request on via HTTP proxy
[35m[JSONWP Proxy][39m Replacing sessionId 20ea86e6-2c28-4fe5-acb2-1705cee5e8f9 with 8f0e9594-285f-4f39-9d8c-d962e0be5dc7
[35m[HTTP][39m [37m<-- GET /wd/hub/session/8f0e9594-285f-4f39-9d8c-d962e0be5dc7/element/6371a1c9-9d8e-4bed-8d9f-71effdb71afa/location [39m[32m200[39m [90m67 ms - 88[39m
[35m[HTTP][39m [90m[39m
[35m[HTTP][39m [37m-->[39m [37mGET[39m [37m/wd/hub/session/8f0e9594-285f-4f39-9d8c-d962e0be5dc7/window/current/size[39m
[35m[HTTP][39m [90m{}[39m
[35m[W3C][39m Driver proxy active, passing request on via HTTP proxy
[35m[JSONWP Proxy][39m Replacing sessionId 20ea86e6-2c28-4fe5-acb2-1705cee5e8f9 with 8f0e9594-285f-4f39-9d8c-d962e0be5dc7
[35m[HTTP][39m [37m<-- GET /wd/hub/session/8f0e9594-285f-4f39-9d8c-d962e0be5dc7/window/current/size [39m[32m200[39m [90m42 ms - 100[39m
[35m[HTTP][39m [90m[39m
[35m[HTTP][39m [37m-->[39m [37mPOST[39m [37m/wd/hub/session/8f0e9594-285f-4f39-9d8c-d962e0be5dc7/elements[39m
[35m[HTTP][39m [90m{"using":"-android uiautomator","value":"new UiSelector().className(\"android.widget.ImageView\").resourceId(\"it.sky.msa:id/heroImageImageView\").instance(0)"}[39m
[35m[HTTP][39m [37m<-- POST /wd/hub/session/8f0e9594-285f-4f39-9d8c-d962e0be5dc7/elements [39m[32m200[39m [90m130 ms - 124[39m
[35m[HTTP][39m [90m[39m
[35m[HTTP][39m [37m-->[39m [37mGET[39m [37m/wd/hub/session/8f0e9594-285f-4f39-9d8c-d962e0be5dc7[39m
[35m[HTTP][39m [90m{}[39m
[35m[HTTP][39m [37m<-- GET /wd/hub/session/8f0e9594-285f-4f39-9d8c-d962e0be5dc7 [39m[32m200[39m [90m26 ms - 1133[39m
[35m[HTTP][39m [90m[39m
[35m[HTTP][39m [37m-->[39m [37mGET[39m [37m/wd/hub/session/8f0e9594-285f-4f39-9d8c-d962e0be5dc7[39m
[35m[HTTP][39m [90m{}[39m
[35m[HTTP][39m [37m<-- GET /wd/hub/session/8f0e9594-285f-4f39-9d8c-d962e0be5dc7 [39m[32m200[39m [90m26 ms - 1133[39m
[35m[HTTP][39m [90m[39m
[35m[HTTP][39m [37m-->[39m [37mGET[39m [37m/wd/hub/session/8f0e9594-285f-4f39-9d8c-d962e0be5dc7[39m
[35m[HTTP][39m [90m{}[39m
[35m[HTTP][39m [37m<-- GET /wd/hub/session/8f0e9594-285f-4f39-9d8c-d962e0be5dc7 [39m[32m200[39m [90m26 ms - 1133[39m
[35m[HTTP][39m [90m[39m
[35m[HTTP][39m [37m-->[39m [37mGET[39m [37m/wd/hub/session/8f0e9594-285f-4f39-9d8c-d962e0be5dc7[39m
[35m[HTTP][39m [90m{}[39m
[35m[HTTP][39m [37m<-- GET /wd/hub/session/8f0e9594-285f-4f39-9d8c-d962e0be5dc7 [39m[32m200[39m [90m28 ms - 1133[39m
[35m[HTTP][39m [90m[39m
[35m[HTTP][39m [37m-->[39m [37mGET[39m [37m/wd/hub/session/8f0e9594-285f-4f39-9d8c-d962e0be5dc7/element/009ea359-3385-4b35-8188-9450d0476648/location[39m
[35m[HTTP][39m [90m{}[39m
[35m[W3C][39m Driver proxy active, passing request on via HTTP proxy
[35m[JSONWP Proxy][39m Replacing sessionId 20ea86e6-2c28-4fe5-acb2-1705cee5e8f9 with 8f0e9594-285f-4f39-9d8c-d962e0be5dc7
[35m[HTTP][39m [37m<-- GET /wd/hub/session/8f0e9594-285f-4f39-9d8c-d962e0be5dc7/element/009ea359-3385-4b35-8188-9450d0476648/location [39m[32m200[39m [90m57 ms - 87[39m
[35m[HTTP][39m [90m[39m
[35m[HTTP][39m [37m-->[39m [37mGET[39m [37m/wd/hub/session/8f0e9594-285f-4f39-9d8c-d962e0be5dc7/element/009ea359-3385-4b35-8188-9450d0476648/attribute/resourceId[39m
[35m[HTTP][39m [90m{}[39m
[35m[HTTP][39m [37m<-- GET /wd/hub/session/8f0e9594-285f-4f39-9d8c-d962e0be5dc7/element/009ea359-3385-4b35-8188-9450d0476648/attribute/resourceId [39m[32m200[39m [90m59 ms - 106[39m
[35m[HTTP][39m [90m[39m
[35m[HTTP][39m [37m-->[39m [37mGET[39m [37m/wd/hub/session/8f0e9594-285f-4f39-9d8c-d962e0be5dc7/window/current/size[39m
[35m[HTTP][39m [90m{}[39m
[35m[W3C][39m Driver proxy active, passing request on via HTTP proxy
[35m[JSONWP Proxy][39m Replacing sessionId 20ea86e6-2c28-4fe5-acb2-1705cee5e8f9 with 8f0e9594-285f-4f39-9d8c-d962e0be5dc7
[35m[HTTP][39m [37m<-- GET /wd/hub/session/8f0e9594-285f-4f39-9d8c-d962e0be5dc7/window/current/size [39m[32m200[39m [90m35 ms - 100[39m
[35m[HTTP][39m [90m[39m
[35m[HTTP][39m [37m-->[39m [37mPOST[39m [37m/wd/hub/session/8f0e9594-285f-4f39-9d8c-d962e0be5dc7/elements[39m
[35m[HTTP][39m [90m{"using":"-android uiautomator","value":"new UiSelector().className(\"android.widget.TextView\").text(\"IN EVIDENZA\").resourceId(\"it.sky.msa:id/heroPromoTextView\").instance(6)"}[39m
[35m[HTTP][39m [37m<-- POST /wd/hub/session/8f0e9594-285f-4f39-9d8c-d962e0be5dc7/elements [39m[32m200[39m [90m126 ms - 124[39m
[35m[HTTP][39m [90m[39m
[35m[HTTP][39m [37m-->[39m [37mGET[39m [37m/wd/hub/session/8f0e9594-285f-4f39-9d8c-d962e0be5dc7[39m
[35m[HTTP][39m [90m{}[39m
[35m[HTTP][39m [37m<-- GET /wd/hub/session/8f0e9594-285f-4f39-9d8c-d962e0be5dc7 [39m[32m200[39m [90m27 ms - 1133[39m
[35m[HTTP][39m [90m[39m
[35m[HTTP][39m [37m-->[39m [37mGET[39m [37m/wd/hub/session/8f0e9594-285f-4f39-9d8c-d962e0be5dc7[39m
[35m[HTTP][39m [90m{}[39m
[35m[HTTP][39m [37m<-- GET /wd/hub/session/8f0e9594-285f-4f39-9d8c-d962e0be5dc7 [39m[32m200[39m [90m27 ms - 1133[39m
[35m[HTTP][39m [90m[39m
[35m[HTTP][39m [37m-->[39m [37mGET[39m [37m/wd/hub/session/8f0e9594-285f-4f39-9d8c-d962e0be5dc7[39m
[35m[HTTP][39m [90m{}[39m
[35m[HTTP][39m [37m<-- GET /wd/hub/session/8f0e9594-285f-4f39-9d8c-d962e0be5dc7 [39m[32m200[39m [90m28 ms - 1133[39m
[35m[HTTP][39m [90m[39m
[35m[HTTP][39m [37m-->[39m [37mGET[39m [37m/wd/hub/session/8f0e9594-285f-4f39-9d8c-d962e0be5dc7[39m
[35m[HTTP][39m [90m{}[39m
[35m[HTTP][39m [37m<-- GET /wd/hub/session/8f0e9594-285f-4f39-9d8c-d962e0be5dc7 [39m[32m200[39m [90m29 ms - 1133[39m
[35m[HTTP][39m [90m[39m
[35m[HTTP][39m [37m-->[39m [37mGET[39m [37m/wd/hub/session/8f0e9594-285f-4f39-9d8c-d962e0be5dc7/element/47afd6ef-8364-4e2b-97b9-fd7e104aef41/location[39m
[35m[HTTP][39m [90m{}[39m
[35m[W3C][39m Driver proxy active, passing request on via HTTP proxy
[35m[JSONWP Proxy][39m Replacing sessionId 20ea86e6-2c28-4fe5-acb2-1705cee5e8f9 with 8f0e9594-285f-4f39-9d8c-d962e0be5dc7
[35m[HTTP][39m [37m<-- GET /wd/hub/session/8f0e9594-285f-4f39-9d8c-d962e0be5dc7/element/47afd6ef-8364-4e2b-97b9-fd7e104aef41/location [39m[32m200[39m [90m64 ms - 88[39m
[35m[HTTP][39m [90m[39m
[35m[HTTP][39m [37m-->[39m [37mGET[39m [37m/wd/hub/session/8f0e9594-285f-4f39-9d8c-d962e0be5dc7/element/47afd6ef-8364-4e2b-97b9-fd7e104aef41/text[39m
[35m[HTTP][39m [90m{}[39m
[35m[W3C][39m Driver proxy active, passing request on via HTTP proxy
[35m[JSONWP Proxy][39m Replacing sessionId 20ea86e6-2c28-4fe5-acb2-1705cee5e8f9 with 8f0e9594-285f-4f39-9d8c-d962e0be5dc7
[35m[HTTP][39m [37m<-- GET /wd/hub/session/8f0e9594-285f-4f39-9d8c-d962e0be5dc7/element/47afd6ef-8364-4e2b-97b9-fd7e104aef41/text [39m[32m200[39m [90m91 ms - 85[39m
[35m[HTTP][39m [90m[39m
[35m[HTTP][39m [37m-->[39m [37mGET[39m [37m/wd/hub/session/8f0e9594-285f-4f39-9d8c-d962e0be5dc7/window/current/size[39m
[35m[HTTP][39m [90m{}[39m
[35m[W3C][39m Driver proxy active, passing request on via HTTP proxy
[35m[JSONWP Proxy][39m Replacing sessionId 20ea86e6-2c28-4fe5-acb2-1705cee5e8f9 with 8f0e9594-285f-4f39-9d8c-d962e0be5dc7
[35m[HTTP][39m [37m<-- GET /wd/hub/session/8f0e9594-285f-4f39-9d8c-d962e0be5dc7/window/current/size [39m[32m200[39m [90m32 ms - 100[39m
[35m[HTTP][39m [90m[39m
[35m[HTTP][39m [37m-->[39m [37mPOST[39m [37m/wd/hub/session/8f0e9594-285f-4f39-9d8c-d962e0be5dc7/elements[39m
[35m[HTTP][39m [90m{"using":"-android uiautomator","value":"new UiSelector().className(\"android.widget.TextView\").resourceId(\"it.sky.msa:id/heroTitleTextView\").instance(7)"}[39m
[35m[HTTP][39m [37m<-- POST /wd/hub/session/8f0e9594-285f-4f39-9d8c-d962e0be5dc7/elements [39m[32m200[39m [90m120 ms - 124[39m
[35m[HTTP][39m [90m[39m
[35m[HTTP][39m [37m-->[39m [37mGET[39m [37m/wd/hub/session/8f0e9594-285f-4f39-9d8c-d962e0be5dc7[39m
[35m[HTTP][39m [90m{}[39m
[35m[HTTP][39m [37m<-- GET /wd/hub/session/8f0e9594-285f-4f39-9d8c-d962e0be5dc7 [39m[32m200[39m [90m26 ms - 1133[39m
[35m[HTTP][39m [90m[39m
[35m[HTTP][39m [37m-->[39m [37mGET[39m [37m/wd/hub/session/8f0e9594-285f-4f39-9d8c-d962e0be5dc7[39m
[35m[HTTP][39m [90m{}[39m
[35m[HTTP][39m [37m<-- GET /wd/hub/session/8f0e9594-285f-4f39-9d8c-d962e0be5dc7 [39m[32m200[39m [90m25 ms - 1133[39m
[35m[HTTP][39m [90m[39m
[35m[HTTP][39m [37m-->[39m [37mGET[39m [37m/wd/hub/session/8f0e9594-285f-4f39-9d8c-d962e0be5dc7[39m
[35m[HTTP][39m [90m{}[39m
[35m[HTTP][39m [37m<-- GET /wd/hub/session/8f0e9594-285f-4f39-9d8c-d962e0be5dc7 [39m[32m200[39m [90m25 ms - 1133[39m
[35m[HTTP][39m [90m[39m
[35m[HTTP][39m [37m-->[39m [37mGET[39m [37m/wd/hub/session/8f0e9594-285f-4f39-9d8c-d962e0be5dc7[39m
[35m[HTTP][39m [90m{}[39m
[35m[HTTP][39m [37m<-- GET /wd/hub/session/8f0e9594-285f-4f39-9d8c-d962e0be5dc7 [39m[32m200[39m [90m24 ms - 1133[39m
[35m[HTTP][39m [90m[39m
[35m[HTTP][39m [37m-->[39m [37mGET[39m [37m/wd/hub/session/8f0e9594-285f-4f39-9d8c-d962e0be5dc7/element/0b6dcf8f-ae75-44d7-9eea-c84ac2840fdc/location[39m
[35m[HTTP][39m [90m{}[39m
[35m[W3C][39m Driver proxy active, passing request on via HTTP proxy
[35m[JSONWP Proxy][39m Replacing sessionId 20ea86e6-2c28-4fe5-acb2-1705cee5e8f9 with 8f0e9594-285f-4f39-9d8c-d962e0be5dc7
[35m[HTTP][39m [37m<-- GET /wd/hub/session/8f0e9594-285f-4f39-9d8c-d962e0be5dc7/element/0b6dcf8f-ae75-44d7-9eea-c84ac2840fdc/location [39m[32m200[39m [90m52 ms - 88[39m
[35m[HTTP][39m [90m[39m
[35m[HTTP][39m [37m-->[39m [37mGET[39m [37m/wd/hub/session/8f0e9594-285f-4f39-9d8c-d962e0be5dc7/window/current/size[39m
[35m[HTTP][39m [90m{}[39m
[35m[W3C][39m Driver proxy active, passing request on via HTTP proxy
[35m[JSONWP Proxy][39m Replacing sessionId 20ea86e6-2c28-4fe5-acb2-1705cee5e8f9 with 8f0e9594-285f-4f39-9d8c-d962e0be5dc7
[35m[HTTP][39m [37m<-- GET /wd/hub/session/8f0e9594-285f-4f39-9d8c-d962e0be5dc7/window/current/size [39m[32m200[39m [90m30 ms - 100[39m
[35m[HTTP][39m [90m[39m
[35m[HTTP][39m [37m-->[39m [37mPOST[39m [37m/wd/hub/session/8f0e9594-285f-4f39-9d8c-d962e0be5dc7/elements[39m
[35m[HTTP][39m [90m{"using":"-android uiautomator","value":"new UiSelector().className(\"android.widget.TextView\").resourceId(\"it.sky.msa:id/heroCaptionTextView\").instance(8)"}[39m
[35m[HTTP][39m [37m<-- POST /wd/hub/session/8f0e9594-285f-4f39-9d8c-d962e0be5dc7/elements [39m[32m200[39m [90m139 ms - 124[39m
[35m[HTTP][39m [90m[39m
[35m[HTTP][39m [37m-->[39m [37mGET[39m [37m/wd/hub/session/8f0e9594-285f-4f39-9d8c-d962e0be5dc7[39m
[35m[HTTP][39m [90m{}[39m
[35m[HTTP][39m [37m<-- GET /wd/hub/session/8f0e9594-285f-4f39-9d8c-d962e0be5dc7 [39m[32m200[39m [90m31 ms - 1133[39m
[35m[HTTP][39m [90m[39m
[35m[HTTP][39m [37m-->[39m [37mGET[39m [37m/wd/hub/session/8f0e9594-285f-4f39-9d8c-d962e0be5dc7[39m
[35m[HTTP][39m [90m{}[39m
[35m[HTTP][39m [37m<-- GET /wd/hub/session/8f0e9594-285f-4f39-9d8c-d962e0be5dc7 [39m[32m200[39m [90m26 ms - 1133[39m
[35m[HTTP][39m [90m[39m
[35m[HTTP][39m [37m-->[39m [37mGET[39m [37m/wd/hub/session/8f0e9594-285f-4f39-9d8c-d962e0be5dc7[39m
[35m[HTTP][39m [90m{}[39m
[35m[HTTP][39m [37m<-- GET /wd/hub/session/8f0e9594-285f-4f39-9d8c-d962e0be5dc7 [39m[32m200[39m [90m23 ms - 1133[39m
[35m[HTTP][39m [90m[39m
[35m[HTTP][39m [37m-->[39m [37mGET[39m [37m/wd/hub/session/8f0e9594-285f-4f39-9d8c-d962e0be5dc7[39m
[35m[HTTP][39m [90m{}[39m
[35m[HTTP][39m [37m<-- GET /wd/hub/session/8f0e9594-285f-4f39-9d8c-d962e0be5dc7 [39m[32m200[39m [90m25 ms - 1133[39m
[35m[HTTP][39m [90m[39m
[35m[HTTP][39m [37m-->[39m [37mGET[39m [37m/wd/hub/session/8f0e9594-285f-4f39-9d8c-d962e0be5dc7/element/cc4d9516-5842-452b-8185-8b626dc661b7/location[39m
[35m[HTTP][39m [90m{}[39m
[35m[W3C][39m Driver proxy active, passing request on via HTTP proxy
[35m[JSONWP Proxy][39m Replacing sessionId 20ea86e6-2c28-4fe5-acb2-1705cee5e8f9 with 8f0e9594-285f-4f39-9d8c-d962e0be5dc7
[35m[HTTP][39m [37m<-- GET /wd/hub/session/8f0e9594-285f-4f39-9d8c-d962e0be5dc7/element/cc4d9516-5842-452b-8185-8b626dc661b7/location [39m[32m200[39m [90m59 ms - 89[39m
[35m[HTTP][39m [90m[39m
[35m[HTTP][39m [37m-->[39m [37mGET[39m [37m/wd/hub/session/8f0e9594-285f-4f39-9d8c-d962e0be5dc7/window/current/size[39m
[35m[HTTP][39m [90m{}[39m
[35m[W3C][39m Driver proxy active, passing request on via HTTP proxy
[35m[JSONWP Proxy][39m Replacing sessionId 20ea86e6-2c28-4fe5-acb2-1705cee5e8f9 with 8f0e9594-285f-4f39-9d8c-d962e0be5dc7
[35m[HTTP][39m [37m<-- GET /wd/hub/session/8f0e9594-285f-4f39-9d8c-d962e0be5dc7/window/current/size [39m[32m200[39m [90m31 ms - 100[39m
[35m[HTTP][39m [90m[39m
[35m[HTTP][39m [37m-->[39m [37mPOST[39m [37m/wd/hub/session/8f0e9594-285f-4f39-9d8c-d962e0be5dc7/elements[39m
[35m[HTTP][39m [90m{"using":"-android uiautomator","value":"new UiSelector().className(\"android.widget.TextView\").resourceId(\"it.sky.msa:id/heroCaptionTextView\").instance(8)"}[39m
[35m[HTTP][39m [37m<-- POST /wd/hub/session/8f0e9594-285f-4f39-9d8c-d962e0be5dc7/elements [39m[32m200[39m [90m113 ms - 124[39m
[35m[HTTP][39m [90m[39m
[35m[HTTP][39m [37m-->[39m [37mGET[39m [37m/wd/hub/session/8f0e9594-285f-4f39-9d8c-d962e0be5dc7[39m
[35m[HTTP][39m [90m{}[39m
[35m[HTTP][39m [37m<-- GET /wd/hub/session/8f0e9594-285f-4f39-9d8c-d962e0be5dc7 [39m[32m200[39m [90m25 ms - 1133[39m
[35m[HTTP][39m [90m[39m
[35m[HTTP][39m [37m-->[39m [37mGET[39m [37m/wd/hub/session/8f0e9594-285f-4f39-9d8c-d962e0be5dc7[39m
[35m[HTTP][39m [90m{}[39m
[35m[HTTP][39m [37m<-- GET /wd/hub/session/8f0e9594-285f-4f39-9d8c-d962e0be5dc7 [39m[32m200[39m [90m27 ms - 1133[39m
[35m[HTTP][39m [90m[39m
[35m[HTTP][39m [37m-->[39m [37mGET[39m [37m/wd/hub/session/8f0e9594-285f-4f39-9d8c-d962e0be5dc7[39m
[35m[HTTP][39m [90m{}[39m
[35m[HTTP][39m [37m<-- GET /wd/hub/session/8f0e9594-285f-4f39-9d8c-d962e0be5dc7 [39m[32m200[39m [90m29 ms - 1133[39m
[35m[HTTP][39m [90m[39m
[35m[HTTP][39m [37m-->[39m [37mGET[39m [37m/wd/hub/session/8f0e9594-285f-4f39-9d8c-d962e0be5dc7[39m
[35m[HTTP][39m [90m{}[39m
[35m[HTTP][39m [37m<-- GET /wd/hub/session/8f0e9594-285f-4f39-9d8c-d962e0be5dc7 [39m[32m200[39m [90m26 ms - 1133[39m
[35m[HTTP][39m [90m[39m
[35m[HTTP][39m [37m-->[39m [37mGET[39m [37m/wd/hub/session/8f0e9594-285f-4f39-9d8c-d962e0be5dc7/element/1fb1276a-cb21-45af-97de-b3dcb7a06246/location[39m
[35m[HTTP][39m [90m{}[39m
[35m[W3C][39m Driver proxy active, passing request on via HTTP proxy
[35m[JSONWP Proxy][39m Replacing sessionId 20ea86e6-2c28-4fe5-acb2-1705cee5e8f9 with 8f0e9594-285f-4f39-9d8c-d962e0be5dc7
[35m[HTTP][39m [37m<-- GET /wd/hub/session/8f0e9594-285f-4f39-9d8c-d962e0be5dc7/element/1fb1276a-cb21-45af-97de-b3dcb7a06246/location [39m[32m200[39m [90m57 ms - 89[39m
[35m[HTTP][39m [90m[39m
[35m[HTTP][39m [37m-->[39m [37mGET[39m [37m/wd/hub/session/8f0e9594-285f-4f39-9d8c-d962e0be5dc7/element/1fb1276a-cb21-45af-97de-b3dcb7a06246/text[39m
[35m[HTTP][39m [90m{}[39m
[35m[W3C][39m Driver proxy active, passing request on via HTTP proxy
[35m[JSONWP Proxy][39m Replacing sessionId 20ea86e6-2c28-4fe5-acb2-1705cee5e8f9 with 8f0e9594-285f-4f39-9d8c-d962e0be5dc7
[35m[HTTP][39m [37m<-- GET /wd/hub/session/8f0e9594-285f-4f39-9d8c-d962e0be5dc7/element/1fb1276a-cb21-45af-97de-b3dcb7a06246/text [39m[32m200[39m [90m71 ms - 89[39m
[35m[HTTP][39m [90m[39m
[35m[HTTP][39m [37m-->[39m [37mGET[39m [37m/wd/hub/session/8f0e9594-285f-4f39-9d8c-d962e0be5dc7/context[39m
[35m[HTTP][39m [90m{}[39m
[35m[HTTP][39m [37m<-- GET /wd/hub/session/8f0e9594-285f-4f39-9d8c-d962e0be5dc7/context [39m[32m200[39m [90m4 ms - 84[39m
[35m[HTTP][39m [90m[39m
[35m[HTTP][39m [37m-->[39m [37mGET[39m [37m/wd/hub/session/8f0e9594-285f-4f39-9d8c-d962e0be5dc7/contexts[39m
[35m[HTTP][39m [90m{}[39m
[35m[HTTP][39m [37m<-- GET /wd/hub/session/8f0e9594-285f-4f39-9d8c-d962e0be5dc7/contexts [39m[32m200[39m [90m94 ms - 86[39m
[35m[HTTP][39m [90m[39m
[35m[HTTP][39m [37m-->[39m [37mPOST[39m [37m/wd/hub/session/8f0e9594-285f-4f39-9d8c-d962e0be5dc7/context[39m
[35m[HTTP][39m [90m{"name":"NATIVE_APP"}[39m
[35m[HTTP][39m [37m<-- POST /wd/hub/session/8f0e9594-285f-4f39-9d8c-d962e0be5dc7/context [39m[32m200[39m [90m115 ms - 76[39m
[35m[HTTP][39m [90m[39m
[35m[HTTP][39m [37m-->[39m [37mPOST[39m [37m/wd/hub/session/8f0e9594-285f-4f39-9d8c-d962e0be5dc7/touch/perform[39m
[35m[HTTP][39m [90m{"actions":[{"action":"press","options":{"x":0,"y":0}},{"action":"wait","options":{"ms":500}},{"action":"moveTo","options":{"x":0,"y":-900}}]}[39m
[35m[HTTP][39m [37m<-- POST /wd/hub/session/8f0e9594-285f-4f39-9d8c-d962e0be5dc7/touch/perform [39m[32m200[39m [90m2104 ms - 76[39m
[35m[HTTP][39m [90m[39m
[35m[HTTP][39m [37m-->[39m [37mPOST[39m [37m/wd/hub/session/8f0e9594-285f-4f39-9d8c-d962e0be5dc7/context[39m
[35m[HTTP][39m [90m{"name":"NATIVE_APP"}[39m
[35m[HTTP][39m [37m<-- POST /wd/hub/session/8f0e9594-285f-4f39-9d8c-d962e0be5dc7/context [39m[32m200[39m [90m91 ms - 76[39m
[35m[HTTP][39m [90m[39m
[35m[HTTP][39m [37m-->[39m [37mGET[39m [37m/wd/hub/session/8f0e9594-285f-4f39-9d8c-d962e0be5dc7/window/current/size[39m
[35m[HTTP][39m [90m{}[39m
[35m[W3C][39m Driver proxy active, passing request on via HTTP proxy
[35m[JSONWP Proxy][39m Replacing sessionId 20ea86e6-2c28-4fe5-acb2-1705cee5e8f9 with 8f0e9594-285f-4f39-9d8c-d962e0be5dc7
[35m[HTTP][39m [37m<-- GET /wd/hub/session/8f0e9594-285f-4f39-9d8c-d962e0be5dc7/window/current/size [39m[32m200[39m [90m36 ms - 100[39m
[35m[HTTP][39m [90m[39m
[35m[HTTP][39m [37m-->[39m [37mPOST[39m [37m/wd/hub/session/8f0e9594-285f-4f39-9d8c-d962e0be5dc7/elements[39m
[35m[HTTP][39m [90m{"using":"-android uiautomator","value":"new UiSelector().className(\"android.widget.TextView\").text(\"Scelti per te questa settimana\").resourceId(\"it.sky.msa:id/categoryTitle\").instance(6)"}[39m
[35m[HTTP][39m [37m<-- POST /wd/hub/session/8f0e9594-285f-4f39-9d8c-d962e0be5dc7/elements [39m[32m200[39m [90m145 ms - 124[39m
[35m[HTTP][39m [90m[39m
[35m[HTTP][39m [37m-->[39m [37mGET[39m [37m/wd/hub/session/8f0e9594-285f-4f39-9d8c-d962e0be5dc7[39m
[35m[HTTP][39m [90m{}[39m
[35m[HTTP][39m [37m<-- GET /wd/hub/session/8f0e9594-285f-4f39-9d8c-d962e0be5dc7 [39m[32m200[39m [90m28 ms - 1133[39m
[35m[HTTP][39m [90m[39m
[35m[HTTP][39m [37m-->[39m [37mGET[39m [37m/wd/hub/session/8f0e9594-285f-4f39-9d8c-d962e0be5dc7[39m
[35m[HTTP][39m [90m{}[39m
[35m[HTTP][39m [37m<-- GET /wd/hub/session/8f0e9594-285f-4f39-9d8c-d962e0be5dc7 [39m[32m200[39m [90m27 ms - 1133[39m
[35m[HTTP][39m [90m[39m
[35m[HTTP][39m [37m-->[39m [37mGET[39m [37m/wd/hub/session/8f0e9594-285f-4f39-9d8c-d962e0be5dc7[39m
[35m[HTTP][39m [90m{}[39m
[35m[HTTP][39m [37m<-- GET /wd/hub/session/8f0e9594-285f-4f39-9d8c-d962e0be5dc7 [39m[32m200[39m [90m24 ms - 1133[39m
[35m[HTTP][39m [90m[39m
[35m[HTTP][39m [37m-->[39m [37mGET[39m [37m/wd/hub/session/8f0e9594-285f-4f39-9d8c-d962e0be5dc7[39m
[35m[HTTP][39m [90m{}[39m
[35m[HTTP][39m [37m<-- GET /wd/hub/session/8f0e9594-285f-4f39-9d8c-d962e0be5dc7 [39m[32m200[39m [90m27 ms - 1133[39m
[35m[HTTP][39m [90m[39m
[35m[HTTP][39m [37m-->[39m [37mGET[39m [37m/wd/hub/session/8f0e9594-285f-4f39-9d8c-d962e0be5dc7/element/ca8f178e-1bb1-4304-bd1e-3e3b83cc40f2/location[39m
[35m[HTTP][39m [90m{}[39m
[35m[W3C][39m Driver proxy active, passing request on via HTTP proxy
[35m[JSONWP Proxy][39m Replacing sessionId 20ea86e6-2c28-4fe5-acb2-1705cee5e8f9 with 8f0e9594-285f-4f39-9d8c-d962e0be5dc7
[35m[HTTP][39m [37m<-- GET /wd/hub/session/8f0e9594-285f-4f39-9d8c-d962e0be5dc7/element/ca8f178e-1bb1-4304-bd1e-3e3b83cc40f2/location [39m[32m200[39m [90m54 ms - 89[39m
[35m[HTTP][39m [90m[39m
[35m[HTTP][39m [37m-->[39m [37mGET[39m [37m/wd/hub/session/8f0e9594-285f-4f39-9d8c-d962e0be5dc7/element/ca8f178e-1bb1-4304-bd1e-3e3b83cc40f2/text[39m
[35m[HTTP][39m [90m{}[39m
[35m[W3C][39m Driver proxy active, passing request on via HTTP proxy
[35m[JSONWP Proxy][39m Replacing sessionId 20ea86e6-2c28-4fe5-acb2-1705cee5e8f9 with 8f0e9594-285f-4f39-9d8c-d962e0be5dc7
[35m[HTTP][39m [37m<-- GET /wd/hub/session/8f0e9594-285f-4f39-9d8c-d962e0be5dc7/element/ca8f178e-1bb1-4304-bd1e-3e3b83cc40f2/text [39m[32m200[39m [90m88 ms - 104[39m
[35m[HTTP][39m [90m[39m
[35m[HTTP][39m [37m-->[39m [37mGET[39m [37m/wd/hub/session/8f0e9594-285f-4f39-9d8c-d962e0be5dc7/window/current/size[39m
[35m[HTTP][39m [90m{}[39m
[35m[W3C][39m Driver proxy active, passing request on via HTTP proxy
[35m[JSONWP Proxy][39m Replacing sessionId 20ea86e6-2c28-4fe5-acb2-1705cee5e8f9 with 8f0e9594-285f-4f39-9d8c-d962e0be5dc7
[35m[HTTP][39m [37m<-- GET /wd/hub/session/8f0e9594-285f-4f39-9d8c-d962e0be5dc7/window/current/size [39m[32m200[39m [90m31 ms - 100[39m
[35m[HTTP][39m [90m[39m
[35m[HTTP][39m [37m-->[39m [37mPOST[39m [37m/wd/hub/session/8f0e9594-285f-4f39-9d8c-d962e0be5dc7/elements[39m
[35m[HTTP][39m [90m{"using":"-android uiautomator","value":"new UiSelector().className(\"android.widget.TextView\").text(\"Scelti per te questa settimana\").resourceId(\"it.sky.msa:id/categoryTitle\").instance(6)"}[39m
[35m[HTTP][39m [37m<-- POST /wd/hub/session/8f0e9594-285f-4f39-9d8c-d962e0be5dc7/elements [39m[32m200[39m [90m119 ms - 124[39m
[35m[HTTP][39m [90m[39m
[35m[HTTP][39m [37m-->[39m [37mGET[39m [37m/wd/hub/session/8f0e9594-285f-4f39-9d8c-d962e0be5dc7[39m
[35m[HTTP][39m [90m{}[39m
[35m[HTTP][39m [37m<-- GET /wd/hub/session/8f0e9594-285f-4f39-9d8c-d962e0be5dc7 [39m[32m200[39m [90m32 ms - 1133[39m
[35m[HTTP][39m [90m[39m
[35m[HTTP][39m [37m-->[39m [37mGET[39m [37m/wd/hub/session/8f0e9594-285f-4f39-9d8c-d962e0be5dc7[39m
[35m[HTTP][39m [90m{}[39m
[35m[HTTP][39m [37m<-- GET /wd/hub/session/8f0e9594-285f-4f39-9d8c-d962e0be5dc7 [39m[32m200[39m [90m30 ms - 1133[39m
[35m[HTTP][39m [90m[39m
[35m[HTTP][39m [37m-->[39m [37mGET[39m [37m/wd/hub/session/8f0e9594-285f-4f39-9d8c-d962e0be5dc7[39m
[35m[HTTP][39m [90m{}[39m
[35m[HTTP][39m [37m<-- GET /wd/hub/session/8f0e9594-285f-4f39-9d8c-d962e0be5dc7 [39m[32m200[39m [90m26 ms - 1133[39m
[35m[HTTP][39m [90m[39m
[35m[HTTP][39m [37m-->[39m [37mGET[39m [37m/wd/hub/session/8f0e9594-285f-4f39-9d8c-d962e0be5dc7[39m
[35m[HTTP][39m [90m{}[39m
[35m[HTTP][39m [37m<-- GET /wd/hub/session/8f0e9594-285f-4f39-9d8c-d962e0be5dc7 [39m[32m200[39m [90m26 ms - 1133[39m
[35m[HTTP][39m [90m[39m
[35m[HTTP][39m [37m-->[39m [37mGET[39m [37m/wd/hub/session/8f0e9594-285f-4f39-9d8c-d962e0be5dc7/element/e2c1e8d4-8234-4729-a59d-ec36854729bc/location[39m
[35m[HTTP][39m [90m{}[39m
[35m[W3C][39m Driver proxy active, passing request on via HTTP proxy
[35m[JSONWP Proxy][39m Replacing sessionId 20ea86e6-2c28-4fe5-acb2-1705cee5e8f9 with 8f0e9594-285f-4f39-9d8c-d962e0be5dc7
[35m[HTTP][39m [37m<-- GET /wd/hub/session/8f0e9594-285f-4f39-9d8c-d962e0be5dc7/element/e2c1e8d4-8234-4729-a59d-ec36854729bc/location [39m[32m200[39m [90m67 ms - 89[39m
[35m[HTTP][39m [90m[39m
[35m[HTTP][39m [37m-->[39m [37mGET[39m [37m/wd/hub/session/8f0e9594-285f-4f39-9d8c-d962e0be5dc7/element/e2c1e8d4-8234-4729-a59d-ec36854729bc/text[39m
[35m[HTTP][39m [90m{}[39m
[35m[W3C][39m Driver proxy active, passing request on via HTTP proxy
[35m[JSONWP Proxy][39m Replacing sessionId 20ea86e6-2c28-4fe5-acb2-1705cee5e8f9 with 8f0e9594-285f-4f39-9d8c-d962e0be5dc7
[35m[HTTP][39m [37m<-- GET /wd/hub/session/8f0e9594-285f-4f39-9d8c-d962e0be5dc7/element/e2c1e8d4-8234-4729-a59d-ec36854729bc/text [39m[32m200[39m [90m75 ms - 104[39m
[35m[HTTP][39m [90m[39m
[35m[HTTP][39m [37m-->[39m [37mGET[39m [37m/wd/hub/session/8f0e9594-285f-4f39-9d8c-d962e0be5dc7/context[39m
[35m[HTTP][39m [90m{}[39m
[35m[HTTP][39m [37m<-- GET /wd/hub/session/8f0e9594-285f-4f39-9d8c-d962e0be5dc7/context [39m[32m200[39m [90m3 ms - 84[39m
[35m[HTTP][39m [90m[39m
[35m[HTTP][39m [37m-->[39m [37mGET[39m [37m/wd/hub/session/8f0e9594-285f-4f39-9d8c-d962e0be5dc7/contexts[39m
[35m[HTTP][39m [90m{}[39m
[35m[HTTP][39m [37m<-- GET /wd/hub/session/8f0e9594-285f-4f39-9d8c-d962e0be5dc7/contexts [39m[32m200[39m [90m81 ms - 86[39m
[35m[HTTP][39m [90m[39m
[35m[HTTP][39m [37m-->[39m [37mPOST[39m [37m/wd/hub/session/8f0e9594-285f-4f39-9d8c-d962e0be5dc7/context[39m
[35m[HTTP][39m [90m{"name":"NATIVE_APP"}[39m
[35m[HTTP][39m [37m<-- POST /wd/hub/session/8f0e9594-285f-4f39-9d8c-d962e0be5dc7/context [39m[32m200[39m [90m87 ms - 76[39m
[35m[HTTP][39m [90m[39m
[35m[HTTP][39m [37m-->[39m [37mPOST[39m [37m/wd/hub/session/8f0e9594-285f-4f39-9d8c-d962e0be5dc7/touch/perform[39m
[35m[HTTP][39m [90m{"actions":[{"action":"press","options":{"x":0,"y":0}},{"action":"wait","options":{"ms":500}},{"action":"moveTo","options":{"x":100,"y":0}}]}[39m
[35m[HTTP][39m [37m<-- POST /wd/hub/session/8f0e9594-285f-4f39-9d8c-d962e0be5dc7/touch/perform [39m[32m200[39m [90m2102 ms - 76[39m
[35m[HTTP][39m [90m[39m
[35m[HTTP][39m [37m-->[39m [37mPOST[39m [37m/wd/hub/session/8f0e9594-285f-4f39-9d8c-d962e0be5dc7/context[39m
[35m[HTTP][39m [90m{"name":"NATIVE_APP"}[39m
[35m[HTTP][39m [37m<-- POST /wd/hub/session/8f0e9594-285f-4f39-9d8c-d962e0be5dc7/context [39m[32m200[39m [90m98 ms - 76[39m
[35m[HTTP][39m [90m[39m
[35m[HTTP][39m [37m-->[39m [37mGET[39m [37m/wd/hub/session/8f0e9594-285f-4f39-9d8c-d962e0be5dc7/context[39m
[35m[HTTP][39m [90m{}[39m
[35m[HTTP][39m [37m<-- GET /wd/hub/session/8f0e9594-285f-4f39-9d8c-d962e0be5dc7/context [39m[32m200[39m [90m2 ms - 84[39m
[35m[HTTP][39m [90m[39m
[35m[HTTP][39m [37m-->[39m [37mGET[39m [37m/wd/hub/session/8f0e9594-285f-4f39-9d8c-d962e0be5dc7/contexts[39m
[35m[HTTP][39m [90m{}[39m
[35m[HTTP][39m [37m<-- GET /wd/hub/session/8f0e9594-285f-4f39-9d8c-d962e0be5dc7/contexts [39m[32m200[39m [90m97 ms - 86[39m
[35m[HTTP][39m [90m[39m
[35m[HTTP][39m [37m-->[39m [37mPOST[39m [37m/wd/hub/session/8f0e9594-285f-4f39-9d8c-d962e0be5dc7/context[39m
[35m[HTTP][39m [90m{"name":"NATIVE_APP"}[39m
[35m[HTTP][39m [37m<-- POST /wd/hub/session/8f0e9594-285f-4f39-9d8c-d962e0be5dc7/context [39m[32m200[39m [90m99 ms - 76[39m
[35m[HTTP][39m [90m[39m
[35m[HTTP][39m [37m-->[39m [37mPOST[39m [37m/wd/hub/session/8f0e9594-285f-4f39-9d8c-d962e0be5dc7/touch/perform[39m
[35m[HTTP][39m [90m{"actions":[{"action":"press","options":{"x":0,"y":0}},{"action":"wait","options":{"ms":500}},{"action":"moveTo","options":{"x":-100,"y":0}}]}[39m
[35m[HTTP][39m [37m<-- POST /wd/hub/session/8f0e9594-285f-4f39-9d8c-d962e0be5dc7/touch/perform [39m[32m200[39m [90m2085 ms - 76[39m
[35m[HTTP][39m [90m[39m
[35m[HTTP][39m [37m-->[39m [37mPOST[39m [37m/wd/hub/session/8f0e9594-285f-4f39-9d8c-d962e0be5dc7/context[39m
[35m[HTTP][39m [90m{"name":"NATIVE_APP"}[39m
[35m[HTTP][39m [37m<-- POST /wd/hub/session/8f0e9594-285f-4f39-9d8c-d962e0be5dc7/context [39m[32m200[39m [90m91 ms - 76[39m
[35m[HTTP][39m [90m[39m
[35m[HTTP][39m [37m-->[39m [37mGET[39m [37m/wd/hub/session/8f0e9594-285f-4f39-9d8c-d962e0be5dc7/window/current/size[39m
[35m[HTTP][39m [90m{}[39m
[35m[W3C][39m Driver proxy active, passing request on via HTTP proxy
[35m[JSONWP Proxy][39m Replacing sessionId 20ea86e6-2c28-4fe5-acb2-1705cee5e8f9 with 8f0e9594-285f-4f39-9d8c-d962e0be5dc7
[35m[HTTP][39m [37m<-- GET /wd/hub/session/8f0e9594-285f-4f39-9d8c-d962e0be5dc7/window/current/size [39m[32m200[39m [90m33 ms - 100[39m
[35m[HTTP][39m [90m[39m
[35m[HTTP][39m [37m-->[39m [37mPOST[39m [37m/wd/hub/session/8f0e9594-285f-4f39-9d8c-d962e0be5dc7/elements[39m
[35m[HTTP][39m [90m{"using":"-android uiautomator","value":"new UiSelector().className(\"android.widget.TextView\").text(\"Scelti per te questa settimana\").resourceId(\"it.sky.msa:id/categoryTitle\").instance(6)"}[39m
[35m[HTTP][39m [37m<-- POST /wd/hub/session/8f0e9594-285f-4f39-9d8c-d962e0be5dc7/elements [39m[32m200[39m [90m118 ms - 124[39m
[35m[HTTP][39m [90m[39m
[35m[HTTP][39m [37m-->[39m [37mGET[39m [37m/wd/hub/session/8f0e9594-285f-4f39-9d8c-d962e0be5dc7[39m
[35m[HTTP][39m [90m{}[39m
[35m[HTTP][39m [37m<-- GET /wd/hub/session/8f0e9594-285f-4f39-9d8c-d962e0be5dc7 [39m[32m200[39m [90m29 ms - 1133[39m
[35m[HTTP][39m [90m[39m
[35m[HTTP][39m [37m-->[39m [37mGET[39m [37m/wd/hub/session/8f0e9594-285f-4f39-9d8c-d962e0be5dc7[39m
[35m[HTTP][39m [90m{}[39m
[35m[HTTP][39m [37m<-- GET /wd/hub/session/8f0e9594-285f-4f39-9d8c-d962e0be5dc7 [39m[32m200[39m [90m23 ms - 1133[39m
[35m[HTTP][39m [90m[39m
[35m[HTTP][39m [37m-->[39m [37mGET[39m [37m/wd/hub/session/8f0e9594-285f-4f39-9d8c-d962e0be5dc7[39m
[35m[HTTP][39m [90m{}[39m
[35m[HTTP][39m [37m<-- GET /wd/hub/session/8f0e9594-285f-4f39-9d8c-d962e0be5dc7 [39m[32m200[39m [90m21 ms - 1133[39m
[35m[HTTP][39m [90m[39m
[35m[HTTP][39m [37m-->[39m [37mGET[39m [37m/wd/hub/session/8f0e9594-285f-4f39-9d8c-d962e0be5dc7[39m
[35m[HTTP][39m [90m{}[39m
[35m[HTTP][39m [37m<-- GET /wd/hub/session/8f0e9594-285f-4f39-9d8c-d962e0be5dc7 [39m[32m200[39m [90m21 ms - 1133[39m
[35m[HTTP][39m [90m[39m
[35m[HTTP][39m [37m-->[39m [37mGET[39m [37m/wd/hub/session/8f0e9594-285f-4f39-9d8c-d962e0be5dc7/element/172b1525-d4e5-4833-8545-5c900432c27f/location[39m
[35m[HTTP][39m [90m{}[39m
[35m[W3C][39m Driver proxy active, passing request on via HTTP proxy
[35m[JSONWP Proxy][39m Replacing sessionId 20ea86e6-2c28-4fe5-acb2-1705cee5e8f9 with 8f0e9594-285f-4f39-9d8c-d962e0be5dc7
[35m[HTTP][39m [37m<-- GET /wd/hub/session/8f0e9594-285f-4f39-9d8c-d962e0be5dc7/element/172b1525-d4e5-4833-8545-5c900432c27f/location [39m[32m200[39m [90m48 ms - 89[39m
[35m[HTTP][39m [90m[39m
[35m[HTTP][39m [37m-->[39m [37mGET[39m [37m/wd/hub/session/8f0e9594-285f-4f39-9d8c-d962e0be5dc7/element/172b1525-d4e5-4833-8545-5c900432c27f/size[39m
[35m[HTTP][39m [90m{}[39m
[35m[W3C][39m Driver proxy active, passing request on via HTTP proxy
[35m[JSONWP Proxy][39m Replacing sessionId 20ea86e6-2c28-4fe5-acb2-1705cee5e8f9 with 8f0e9594-285f-4f39-9d8c-d962e0be5dc7
[35m[HTTP][39m [37m<-- GET /wd/hub/session/8f0e9594-285f-4f39-9d8c-d962e0be5dc7/element/172b1525-d4e5-4833-8545-5c900432c27f/size [39m[32m200[39m [90m47 ms - 98[39m
[35m[HTTP][39m [90m[39m
[35m[HTTP][39m [37m-->[39m [37mGET[39m [37m/wd/hub/session/8f0e9594-285f-4f39-9d8c-d962e0be5dc7/window/current/size[39m
[35m[HTTP][39m [90m{}[39m
[35m[W3C][39m Driver proxy active, passing request on via HTTP proxy
[35m[JSONWP Proxy][39m Replacing sessionId 20ea86e6-2c28-4fe5-acb2-1705cee5e8f9 with 8f0e9594-285f-4f39-9d8c-d962e0be5dc7
[35m[HTTP][39m [37m<-- GET /wd/hub/session/8f0e9594-285f-4f39-9d8c-d962e0be5dc7/window/current/size [39m[32m200[39m [90m30 ms - 100[39m
[35m[HTTP][39m [90m[39m
[35m[HTTP][39m [37m-->[39m [37mPOST[39m [37m/wd/hub/session/8f0e9594-285f-4f39-9d8c-d962e0be5dc7/elements[39m
[35m[HTTP][39m [90m{"using":"-android uiautomator","value":"new UiSelector().className(\"android.widget.TextView\").text(\"Scelti per te questa settimana\").resourceId(\"it.sky.msa:id/categoryTitle\").instance(6)"}[39m
[35m[HTTP][39m [37m<-- POST /wd/hub/session/8f0e9594-285f-4f39-9d8c-d962e0be5dc7/elements [39m[32m200[39m [90m97 ms - 124[39m
[35m[HTTP][39m [90m[39m
[35m[HTTP][39m [37m-->[39m [37mGET[39m [37m/wd/hub/session/8f0e9594-285f-4f39-9d8c-d962e0be5dc7[39m
[35m[HTTP][39m [90m{}[39m
[35m[HTTP][39m [37m<-- GET /wd/hub/session/8f0e9594-285f-4f39-9d8c-d962e0be5dc7 [39m[32m200[39m [90m23 ms - 1133[39m
[35m[HTTP][39m [90m[39m
[35m[HTTP][39m [37m-->[39m [37mGET[39m [37m/wd/hub/session/8f0e9594-285f-4f39-9d8c-d962e0be5dc7[39m
[35m[HTTP][39m [90m{}[39m
[35m[HTTP][39m [37m<-- GET /wd/hub/session/8f0e9594-285f-4f39-9d8c-d962e0be5dc7 [39m[32m200[39m [90m20 ms - 1133[39m
[35m[HTTP][39m [90m[39m
[35m[HTTP][39m [37m-->[39m [37mGET[39m [37m/wd/hub/session/8f0e9594-285f-4f39-9d8c-d962e0be5dc7[39m
[35m[HTTP][39m [90m{}[39m
[35m[HTTP][39m [37m<-- GET /wd/hub/session/8f0e9594-285f-4f39-9d8c-d962e0be5dc7 [39m[32m200[39m [90m22 ms - 1133[39m
[35m[HTTP][39m [90m[39m
[35m[HTTP][39m [37m-->[39m [37mGET[39m [37m/wd/hub/session/8f0e9594-285f-4f39-9d8c-d962e0be5dc7[39m
[35m[HTTP][39m [90m{}[39m
[35m[HTTP][39m [37m<-- GET /wd/hub/session/8f0e9594-285f-4f39-9d8c-d962e0be5dc7 [39m[32m200[39m [90m21 ms - 1133[39m
[35m[HTTP][39m [90m[39m
[35m[HTTP][39m [37m-->[39m [37mGET[39m [37m/wd/hub/session/8f0e9594-285f-4f39-9d8c-d962e0be5dc7/element/8c0dc65a-bdbd-4335-ac57-5c1eb0fbdce5/location[39m
[35m[HTTP][39m [90m{}[39m
[35m[W3C][39m Driver proxy active, passing request on via HTTP proxy
[35m[JSONWP Proxy][39m Replacing sessionId 20ea86e6-2c28-4fe5-acb2-1705cee5e8f9 with 8f0e9594-285f-4f39-9d8c-d962e0be5dc7
[35m[HTTP][39m [37m<-- GET /wd/hub/session/8f0e9594-285f-4f39-9d8c-d962e0be5dc7/element/8c0dc65a-bdbd-4335-ac57-5c1eb0fbdce5/location [39m[32m200[39m [90m43 ms - 89[39m
[35m[HTTP][39m [90m[39m
[35m[HTTP][39m [37m-->[39m [37mGET[39m [37m/wd/hub/session/8f0e9594-285f-4f39-9d8c-d962e0be5dc7/element/8c0dc65a-bdbd-4335-ac57-5c1eb0fbdce5/size[39m
[35m[HTTP][39m [90m{}[39m
[35m[W3C][39m Driver proxy active, passing request on via HTTP proxy
[35m[JSONWP Proxy][39m Replacing sessionId 20ea86e6-2c28-4fe5-acb2-1705cee5e8f9 with 8f0e9594-285f-4f39-9d8c-d962e0be5dc7
[35m[HTTP][39m [37m<-- GET /wd/hub/session/8f0e9594-285f-4f39-9d8c-d962e0be5dc7/element/8c0dc65a-bdbd-4335-ac57-5c1eb0fbdce5/size [39m[32m200[39m [90m45 ms - 98[39m
[35m[HTTP][39m [90m[39m
[35m[HTTP][39m [37m-->[39m [37mGET[39m [37m/wd/hub/session/8f0e9594-285f-4f39-9d8c-d962e0be5dc7/window/current/size[39m
[35m[HTTP][39m [90m{}[39m
[35m[W3C][39m Driver proxy active, passing request on via HTTP proxy
[35m[JSONWP Proxy][39m Replacing sessionId 20ea86e6-2c28-4fe5-acb2-1705cee5e8f9 with 8f0e9594-285f-4f39-9d8c-d962e0be5dc7
[35m[HTTP][39m [37m<-- GET /wd/hub/session/8f0e9594-285f-4f39-9d8c-d962e0be5dc7/window/current/size [39m[32m200[39m [90m62 ms - 100[39m
[35m[HTTP][39m [90m[39m
[35m[HTTP][39m [37m-->[39m [37mPOST[39m [37m/wd/hub/session/8f0e9594-285f-4f39-9d8c-d962e0be5dc7/elements[39m
[35m[HTTP][39m [90m{"using":"-android uiautomator","value":"new UiSelector().className(\"android.widget.TextView\").resourceId(\"it.sky.msa:id/categoryTitle\")"}[39m
[35m[HTTP][39m [37m<-- POST /wd/hub/session/8f0e9594-285f-4f39-9d8c-d962e0be5dc7/elements [39m[32m200[39m [90m111 ms - 124[39m
[35m[HTTP][39m [90m[39m
[35m[HTTP][39m [37m-->[39m [37mGET[39m [37m/wd/hub/session/8f0e9594-285f-4f39-9d8c-d962e0be5dc7[39m
[35m[HTTP][39m [90m{}[39m
[35m[HTTP][39m [37m<-- GET /wd/hub/session/8f0e9594-285f-4f39-9d8c-d962e0be5dc7 [39m[32m200[39m [90m26 ms - 1133[39m
[35m[HTTP][39m [90m[39m
[35m[HTTP][39m [37m-->[39m [37mGET[39m [37m/wd/hub/session/8f0e9594-285f-4f39-9d8c-d962e0be5dc7[39m
[35m[HTTP][39m [90m{}[39m
[35m[HTTP][39m [37m<-- GET /wd/hub/session/8f0e9594-285f-4f39-9d8c-d962e0be5dc7 [39m[32m200[39m [90m22 ms - 1133[39m
[35m[HTTP][39m [90m[39m
[35m[HTTP][39m [37m-->[39m [37mGET[39m [37m/wd/hub/session/8f0e9594-285f-4f39-9d8c-d962e0be5dc7[39m
[35m[HTTP][39m [90m{}[39m
[35m[HTTP][39m [37m<-- GET /wd/hub/session/8f0e9594-285f-4f39-9d8c-d962e0be5dc7 [39m[32m200[39m [90m32 ms - 1133[39m
[35m[HTTP][39m [90m[39m
[35m[HTTP][39m [37m-->[39m [37mGET[39m [37m/wd/hub/session/8f0e9594-285f-4f39-9d8c-d962e0be5dc7[39m
[35m[HTTP][39m [90m{}[39m
[35m[HTTP][39m [37m<-- GET /wd/hub/session/8f0e9594-285f-4f39-9d8c-d962e0be5dc7 [39m[32m200[39m [90m38 ms - 1133[39m
[35m[HTTP][39m [90m[39m
[35m[HTTP][39m [37m-->[39m [37mGET[39m [37m/wd/hub/session/8f0e9594-285f-4f39-9d8c-d962e0be5dc7/element/8f54693d-fff5-4b4c-a6f2-50db80a4072f/location[39m
[35m[HTTP][39m [90m{}[39m
[35m[W3C][39m Driver proxy active, passing request on via HTTP proxy
[35m[JSONWP Proxy][39m Replacing sessionId 20ea86e6-2c28-4fe5-acb2-1705cee5e8f9 with 8f0e9594-285f-4f39-9d8c-d962e0be5dc7
[35m[HTTP][39m [37m<-- GET /wd/hub/session/8f0e9594-285f-4f39-9d8c-d962e0be5dc7/element/8f54693d-fff5-4b4c-a6f2-50db80a4072f/location [39m[32m200[39m [90m109 ms - 89[39m
[35m[HTTP][39m [90m[39m
[35m[HTTP][39m [37m-->[39m [37mGET[39m [37m/wd/hub/session/8f0e9594-285f-4f39-9d8c-d962e0be5dc7/element/8f54693d-fff5-4b4c-a6f2-50db80a4072f/text[39m
[35m[HTTP][39m [90m{}[39m
[35m[W3C][39m Driver proxy active, passing request on via HTTP proxy
[35m[JSONWP Proxy][39m Replacing sessionId 20ea86e6-2c28-4fe5-acb2-1705cee5e8f9 with 8f0e9594-285f-4f39-9d8c-d962e0be5dc7
[35m[HTTP][39m [37m<-- GET /wd/hub/session/8f0e9594-285f-4f39-9d8c-d962e0be5dc7/element/8f54693d-fff5-4b4c-a6f2-50db80a4072f/text [39m[32m200[39m [90m87 ms - 104[39m
[35m[HTTP][39m [90m[39m
[35m[HTTP][39m [37m-->[39m [37mGET[39m [37m/wd/hub/session/8f0e9594-285f-4f39-9d8c-d962e0be5dc7/window/current/size[39m
[35m[HTTP][39m [90m{}[39m
[35m[W3C][39m Driver proxy active, passing request on via HTTP proxy
[35m[JSONWP Proxy][39m Replacing sessionId 20ea86e6-2c28-4fe5-acb2-1705cee5e8f9 with 8f0e9594-285f-4f39-9d8c-d962e0be5dc7
[35m[HTTP][39m [37m<-- GET /wd/hub/session/8f0e9594-285f-4f39-9d8c-d962e0be5dc7/window/current/size [39m[32m200[39m [90m28 ms - 100[39m
[35m[HTTP][39m [90m[39m
[35m[HTTP][39m [37m-->[39m [37mPOST[39m [37m/wd/hub/session/8f0e9594-285f-4f39-9d8c-d962e0be5dc7/elements[39m
[35m[HTTP][39m [90m{"using":"-android uiautomator","value":"new UiSelector().className(\"android.widget.Button\").text(\"Vedi tutti\").resourceId(\"it.sky.msa:id/showAllCategoryButton\").instance(0)"}[39m
[35m[HTTP][39m [37m<-- POST /wd/hub/session/8f0e9594-285f-4f39-9d8c-d962e0be5dc7/elements [39m[32m200[39m [90m92 ms - 124[39m
[35m[HTTP][39m [90m[39m
[35m[HTTP][39m [37m-->[39m [37mGET[39m [37m/wd/hub/session/8f0e9594-285f-4f39-9d8c-d962e0be5dc7[39m
[35m[HTTP][39m [90m{}[39m
[35m[HTTP][39m [37m<-- GET /wd/hub/session/8f0e9594-285f-4f39-9d8c-d962e0be5dc7 [39m[32m200[39m [90m26 ms - 1133[39m
[35m[HTTP][39m [90m[39m
[35m[HTTP][39m [37m-->[39m [37mGET[39m [37m/wd/hub/session/8f0e9594-285f-4f39-9d8c-d962e0be5dc7[39m
[35m[HTTP][39m [90m{}[39m
[35m[HTTP][39m [37m<-- GET /wd/hub/session/8f0e9594-285f-4f39-9d8c-d962e0be5dc7 [39m[32m200[39m [90m25 ms - 1133[39m
[35m[HTTP][39m [90m[39m
[35m[HTTP][39m [37m-->[39m [37mGET[39m [37m/wd/hub/session/8f0e9594-285f-4f39-9d8c-d962e0be5dc7[39m
[35m[HTTP][39m [90m{}[39m
[35m[HTTP][39m [37m<-- GET /wd/hub/session/8f0e9594-285f-4f39-9d8c-d962e0be5dc7 [39m[32m200[39m [90m25 ms - 1133[39m
[35m[HTTP][39m [90m[39m
[35m[HTTP][39m [37m-->[39m [37mGET[39m [37m/wd/hub/session/8f0e9594-285f-4f39-9d8c-d962e0be5dc7[39m
[35m[HTTP][39m [90m{}[39m
[35m[HTTP][39m [37m<-- GET /wd/hub/session/8f0e9594-285f-4f39-9d8c-d962e0be5dc7 [39m[32m200[39m [90m34 ms - 1133[39m
[35m[HTTP][39m [90m[39m
[35m[HTTP][39m [37m-->[39m [37mGET[39m [37m/wd/hub/session/8f0e9594-285f-4f39-9d8c-d962e0be5dc7/element/21b412ff-b712-4027-a095-b232b76dcf23/location[39m
[35m[HTTP][39m [90m{}[39m
[35m[W3C][39m Driver proxy active, passing request on via HTTP proxy
[35m[JSONWP Proxy][39m Replacing sessionId 20ea86e6-2c28-4fe5-acb2-1705cee5e8f9 with 8f0e9594-285f-4f39-9d8c-d962e0be5dc7
[35m[HTTP][39m [37m<-- GET /wd/hub/session/8f0e9594-285f-4f39-9d8c-d962e0be5dc7/element/21b412ff-b712-4027-a095-b232b76dcf23/location [39m[32m200[39m [90m60 ms - 90[39m
[35m[HTTP][39m [90m[39m
[35m[HTTP][39m [37m-->[39m [37mPOST[39m [37m/wd/hub/session/8f0e9594-285f-4f39-9d8c-d962e0be5dc7/touch/perform[39m
[35m[HTTP][39m [90m{"actions":[{"action":"tap","options":{"element":"21b412ff-b712-4027-a095-b232b76dcf23","x":1,"y":1}}]}[39m
[35m[UiAutomator2][39m calling get location: 21b412ff-b712-4027-a095-b232b76dcf23
[35m[HTTP][39m [37m<-- POST /wd/hub/session/8f0e9594-285f-4f39-9d8c-d962e0be5dc7/touch/perform [39m[32m200[39m [90m965 ms - 76[39m
[35m[HTTP][39m [90m[39m
[35m[HTTP][39m [37m-->[39m [37mGET[39m [37m/wd/hub/session/8f0e9594-285f-4f39-9d8c-d962e0be5dc7/window/current/size[39m
[35m[HTTP][39m [90m{}[39m
[35m[W3C][39m Driver proxy active, passing request on via HTTP proxy
[35m[JSONWP Proxy][39m Replacing sessionId 20ea86e6-2c28-4fe5-acb2-1705cee5e8f9 with 8f0e9594-285f-4f39-9d8c-d962e0be5dc7
[35m[HTTP][39m [37m<-- GET /wd/hub/session/8f0e9594-285f-4f39-9d8c-d962e0be5dc7/window/current/size [39m[32m200[39m [90m63 ms - 100[39m
[35m[HTTP][39m [90m[39m
[35m[HTTP][39m [37m-->[39m [37mPOST[39m [37m/wd/hub/session/8f0e9594-285f-4f39-9d8c-d962e0be5dc7/elements[39m
[35m[HTTP][39m [90m{"using":"-android uiautomator","value":"new UiSelector().className(\"android.widget.TextView\").resourceId(\"it.sky.msa:id/toolbarTitle\")"}[39m
[35m[HTTP][39m [37m<-- POST /wd/hub/session/8f0e9594-285f-4f39-9d8c-d962e0be5dc7/elements [39m[32m200[39m [90m107 ms - 124[39m
[35m[HTTP][39m [90m[39m
[35m[HTTP][39m [37m-->[39m [37mGET[39m [37m/wd/hub/session/8f0e9594-285f-4f39-9d8c-d962e0be5dc7[39m
[35m[HTTP][39m [90m{}[39m
[35m[HTTP][39m [37m<-- GET /wd/hub/session/8f0e9594-285f-4f39-9d8c-d962e0be5dc7 [39m[32m200[39m [90m27 ms - 1133[39m
[35m[HTTP][39m [90m[39m
[35m[HTTP][39m [37m-->[39m [37mGET[39m [37m/wd/hub/session/8f0e9594-285f-4f39-9d8c-d962e0be5dc7[39m
[35m[HTTP][39m [90m{}[39m
[35m[HTTP][39m [37m<-- GET /wd/hub/session/8f0e9594-285f-4f39-9d8c-d962e0be5dc7 [39m[32m200[39m [90m28 ms - 1133[39m
[35m[HTTP][39m [90m[39m
[35m[HTTP][39m [37m-->[39m [37mGET[39m [37m/wd/hub/session/8f0e9594-285f-4f39-9d8c-d962e0be5dc7[39m
[35m[HTTP][39m [90m{}[39m
[35m[HTTP][39m [37m<-- GET /wd/hub/session/8f0e9594-285f-4f39-9d8c-d962e0be5dc7 [39m[32m200[39m [90m24 ms - 1133[39m
[35m[HTTP][39m [90m[39m
[35m[HTTP][39m [37m-->[39m [37mGET[39m [37m/wd/hub/session/8f0e9594-285f-4f39-9d8c-d962e0be5dc7[39m
[35m[HTTP][39m [90m{}[39m
[35m[HTTP][39m [37m<-- GET /wd/hub/session/8f0e9594-285f-4f39-9d8c-d962e0be5dc7 [39m[32m200[39m [90m22 ms - 1133[39m
[35m[HTTP][39m [90m[39m
[35m[HTTP][39m [37m-->[39m [37mGET[39m [37m/wd/hub/session/8f0e9594-285f-4f39-9d8c-d962e0be5dc7/element/5060f3ae-8e59-4e6d-921c-3d899edd51fe/location[39m
[35m[HTTP][39m [90m{}[39m
[35m[W3C][39m Driver proxy active, passing request on via HTTP proxy
[35m[JSONWP Proxy][39m Replacing sessionId 20ea86e6-2c28-4fe5-acb2-1705cee5e8f9 with 8f0e9594-285f-4f39-9d8c-d962e0be5dc7
[35m[HTTP][39m [37m<-- GET /wd/hub/session/8f0e9594-285f-4f39-9d8c-d962e0be5dc7/element/5060f3ae-8e59-4e6d-921c-3d899edd51fe/location [39m[32m200[39m [90m50 ms - 89[39m
[35m[HTTP][39m [90m[39m
[35m[HTTP][39m [37m-->[39m [37mGET[39m [37m/wd/hub/session/8f0e9594-285f-4f39-9d8c-d962e0be5dc7/element/5060f3ae-8e59-4e6d-921c-3d899edd51fe/text[39m
[35m[HTTP][39m [90m{}[39m
[35m[W3C][39m Driver proxy active, passing request on via HTTP proxy
[35m[JSONWP Proxy][39m Replacing sessionId 20ea86e6-2c28-4fe5-acb2-1705cee5e8f9 with 8f0e9594-285f-4f39-9d8c-d962e0be5dc7
[35m[HTTP][39m [37m<-- GET /wd/hub/session/8f0e9594-285f-4f39-9d8c-d962e0be5dc7/element/5060f3ae-8e59-4e6d-921c-3d899edd51fe/text [39m[32m200[39m [90m61 ms - 104[39m
[35m[HTTP][39m [90m[39m
[35m[HTTP][39m [37m-->[39m [37mGET[39m [37m/wd/hub/session/8f0e9594-285f-4f39-9d8c-d962e0be5dc7/window/current/size[39m
[35m[HTTP][39m [90m{}[39m
[35m[W3C][39m Driver proxy active, passing request on via HTTP proxy
[35m[JSONWP Proxy][39m Replacing sessionId 20ea86e6-2c28-4fe5-acb2-1705cee5e8f9 with 8f0e9594-285f-4f39-9d8c-d962e0be5dc7
[35m[HTTP][39m [37m<-- GET /wd/hub/session/8f0e9594-285f-4f39-9d8c-d962e0be5dc7/window/current/size [39m[32m200[39m [90m61 ms - 100[39m
[35m[HTTP][39m [90m[39m
[35m[HTTP][39m [37m-->[39m [37mPOST[39m [37m/wd/hub/session/8f0e9594-285f-4f39-9d8c-d962e0be5dc7/elements[39m
[35m[HTTP][39m [90m{"using":"-android uiautomator","value":"new UiSelector().className(\"android.widget.ImageButton\").instance(0)"}[39m
[35m[HTTP][39m [37m<-- POST /wd/hub/session/8f0e9594-285f-4f39-9d8c-d962e0be5dc7/elements [39m[32m200[39m [90m324 ms - 124[39m
[35m[HTTP][39m [90m[39m
[35m[HTTP][39m [37m-->[39m [37mGET[39m [37m/wd/hub/session/8f0e9594-285f-4f39-9d8c-d962e0be5dc7[39m
[35m[HTTP][39m [90m{}[39m
[35m[HTTP][39m [37m<-- GET /wd/hub/session/8f0e9594-285f-4f39-9d8c-d962e0be5dc7 [39m[32m200[39m [90m30 ms - 1133[39m
[35m[HTTP][39m [90m[39m
[35m[HTTP][39m [37m-->[39m [37mGET[39m [37m/wd/hub/session/8f0e9594-285f-4f39-9d8c-d962e0be5dc7[39m
[35m[HTTP][39m [90m{}[39m
[35m[HTTP][39m [37m<-- GET /wd/hub/session/8f0e9594-285f-4f39-9d8c-d962e0be5dc7 [39m[32m200[39m [90m30 ms - 1133[39m
[35m[HTTP][39m [90m[39m
[35m[HTTP][39m [37m-->[39m [37mGET[39m [37m/wd/hub/session/8f0e9594-285f-4f39-9d8c-d962e0be5dc7[39m
[35m[HTTP][39m [90m{}[39m
[35m[HTTP][39m [37m<-- GET /wd/hub/session/8f0e9594-285f-4f39-9d8c-d962e0be5dc7 [39m[32m200[39m [90m27 ms - 1133[39m
[35m[HTTP][39m [90m[39m
[35m[HTTP][39m [37m-->[39m [37mGET[39m [37m/wd/hub/session/8f0e9594-285f-4f39-9d8c-d962e0be5dc7[39m
[35m[HTTP][39m [90m{}[39m
[35m[HTTP][39m [37m<-- GET /wd/hub/session/8f0e9594-285f-4f39-9d8c-d962e0be5dc7 [39m[32m200[39m [90m27 ms - 1133[39m
[35m[HTTP][39m [90m[39m
[35m[HTTP][39m [37m-->[39m [37mGET[39m [37m/wd/hub/session/8f0e9594-285f-4f39-9d8c-d962e0be5dc7/element/c8186d85-575c-4967-97c7-b0ac370088c5/location[39m
[35m[HTTP][39m [90m{}[39m
[35m[W3C][39m Driver proxy active, passing request on via HTTP proxy
[35m[JSONWP Proxy][39m Replacing sessionId 20ea86e6-2c28-4fe5-acb2-1705cee5e8f9 with 8f0e9594-285f-4f39-9d8c-d962e0be5dc7
[35m[HTTP][39m [37m<-- GET /wd/hub/session/8f0e9594-285f-4f39-9d8c-d962e0be5dc7/element/c8186d85-575c-4967-97c7-b0ac370088c5/location [39m[32m200[39m [90m60 ms - 86[39m
[35m[HTTP][39m [90m[39m
[35m[HTTP][39m [37m-->[39m [37mPOST[39m [37m/wd/hub/session/8f0e9594-285f-4f39-9d8c-d962e0be5dc7/touch/perform[39m
[35m[HTTP][39m [90m{"actions":[{"action":"tap","options":{"element":"c8186d85-575c-4967-97c7-b0ac370088c5","x":1,"y":1}}]}[39m
[35m[UiAutomator2][39m calling get location: c8186d85-575c-4967-97c7-b0ac370088c5
[35m[HTTP][39m [37m<-- POST /wd/hub/session/8f0e9594-285f-4f39-9d8c-d962e0be5dc7/touch/perform [39m[32m200[39m [90m1029 ms - 76[39m
[35m[HTTP][39m [90m[39m
[35m[HTTP][39m [37m-->[39m [37mDELETE[39m [37m/wd/hub/session/8f0e9594-285f-4f39-9d8c-d962e0be5dc7[39m
[35m[HTTP][39m [90m{}[39m
[35m[Appium][39m Removing session 8f0e9594-285f-4f39-9d8c-d962e0be5dc7 from our master session list
[35m[HTTP][39m [37m<-- DELETE /wd/hub/session/8f0e9594-285f-4f39-9d8c-d962e0be5dc7 [39m[32m200[39m [90m356 ms - 76[39m
[35m[HTTP][39m [90m[39m
