<?xml version="1.0" encoding="UTF-8" standalone="no"?>
<!DOCTYPE log SYSTEM "logger.dtd">
<log>
<record>
  <date>2019-02-27T17:18:49</date>
  <millis>1551284329109</millis>
  <sequence>0</sequence>
  <level>START</level>
  <class>com.kms.katalon.core.logging.XmlKeywordLogger</class>
  <method>startSuite</method>
  <thread>1</thread>
  <message>Start Test Suite : Test Suites/Prova</message>
  <nestedLevel>0</nestedLevel>
  <property name="name">Prova</property>
  <property name="description">PreLogin_1_FUNCTIONALITY_StartApp_DTH_Wi-Fi\nLogin_1_LOGIN_Correct_DTH_Wi-Fi</property>
  <property name="id">Test Suites/Prova</property>
</record>
<record>
  <date>2019-02-27T17:18:49</date>
  <millis>1551284329133</millis>
  <sequence>1</sequence>
  <level>RUN_DATA</level>
  <class>com.kms.katalon.core.logging.XmlKeywordLogger</class>
  <method>logMessage</method>
  <thread>1</thread>
  <message>hostName = marco - 10.25.208.80</message>
  <nestedLevel>0</nestedLevel>
  <property name="hostName">marco - 10.25.208.80</property>
</record>
<record>
  <date>2019-02-27T17:18:49</date>
  <millis>1551284329134</millis>
  <sequence>2</sequence>
  <level>RUN_DATA</level>
  <class>com.kms.katalon.core.logging.XmlKeywordLogger</class>
  <method>logMessage</method>
  <thread>1</thread>
  <message>os = Windows 10 64bit</message>
  <nestedLevel>0</nestedLevel>
  <property name="os">Windows 10 64bit</property>
</record>
<record>
  <date>2019-02-27T17:18:49</date>
  <millis>1551284329135</millis>
  <sequence>3</sequence>
  <level>RUN_DATA</level>
  <class>com.kms.katalon.core.logging.XmlKeywordLogger</class>
  <method>logMessage</method>
  <thread>1</thread>
  <message>hostAddress = 10.25.208.80</message>
  <nestedLevel>0</nestedLevel>
  <property name="hostAddress">10.25.208.80</property>
</record>
<record>
  <date>2019-02-27T17:18:49</date>
  <millis>1551284329137</millis>
  <sequence>4</sequence>
  <level>RUN_DATA</level>
  <class>com.kms.katalon.core.logging.XmlKeywordLogger</class>
  <method>logMessage</method>
  <thread>1</thread>
  <message>katalonVersion = 5.10.1.1</message>
  <nestedLevel>0</nestedLevel>
  <property name="katalonVersion">5.10.1.1</property>
</record>
<record>
  <date>2019-02-27T17:18:49</date>
  <millis>1551284329522</millis>
  <sequence>5</sequence>
  <level>START</level>
  <class>com.kms.katalon.core.logging.XmlKeywordLogger</class>
  <method>startTest</method>
  <thread>1</thread>
  <message>Start Test Case : Test Cases/Pre Login/PreLogin_1_FUNCTIONALITY_StartAppLogged</message>
  <nestedLevel>1</nestedLevel>
  <property name="name">Test Cases/Pre Login/PreLogin_1_FUNCTIONALITY_StartAppLogged</property>
  <property name="description">Start msa application.\npath application: C:\\Users\\MSA-testautomation\\59.apk</property>
  <property name="id">Test Cases/Pre Login/PreLogin_1_FUNCTIONALITY_StartAppLogged</property>
  <property name="source">C:\\Users\\marco\\Katalon Studio\\MSA-testautomation\\Test Cases\\Pre Login\\PreLogin_1_FUNCTIONALITY_StartAppLogged.tc</property>
  <property name="isOptional">false</property>
</record>
<record>
  <date>2019-02-27T17:18:50</date>
  <millis>1551284330094</millis>
  <sequence>7</sequence>
  <level>START</level>
  <class>com.kms.katalon.core.logging.XmlKeywordLogger</class>
  <method>startKeyword</method>
  <thread>1</thread>
  <message>Start action : startApplication(\&amp;quot;C:\\\\Users\\\\MSA-testautomation\\\\59.apk\&amp;quot;, false, CONTINUE_ON_FAILURE)</message>
  <nestedLevel>1</nestedLevel>
  <property name="startLine">17</property>
  <property name="stepIndex">1</property>
  <property name="description">Start app MSA con utente gi\u00E0 loggato.</property>
</record>
<record>
  <date>2019-02-27T17:18:56</date>
  <millis>1551284336363</millis>
  <sequence>9</sequence>
  <level>INFO</level>
  <class>com.kms.katalon.core.logging.XmlKeywordLogger</class>
  <method>logMessage</method>
  <thread>1</thread>
  <message>Appium server started on port 58.590</message>
  <nestedLevel>1</nestedLevel>
</record>
<record>
  <date>2019-02-27T17:19:18</date>
  <millis>1551284358213</millis>
  <sequence>11</sequence>
  <level>RUN_DATA</level>
  <class>com.kms.katalon.core.logging.XmlKeywordLogger</class>
  <method>logMessage</method>
  <thread>1</thread>
  <message>appiumVersion = 1.8.1</message>
  <nestedLevel>1</nestedLevel>
  <property name="appiumVersion">1.8.1</property>
</record>
<record>
  <date>2019-02-27T17:19:18</date>
  <millis>1551284358245</millis>
  <sequence>12</sequence>
  <level>RUN_DATA</level>
  <class>com.kms.katalon.core.logging.XmlKeywordLogger</class>
  <method>logMessage</method>
  <thread>1</thread>
  <message>deviceId = 9885f7504651473733</message>
  <nestedLevel>1</nestedLevel>
  <property name="deviceId">9885f7504651473733</property>
</record>
<record>
  <date>2019-02-27T17:19:18</date>
  <millis>1551284358246</millis>
  <sequence>13</sequence>
  <level>RUN_DATA</level>
  <class>com.kms.katalon.core.logging.XmlKeywordLogger</class>
  <method>logMessage</method>
  <thread>1</thread>
  <message>deviceName = samsung SM-G935F (Android 8.0.0)</message>
  <nestedLevel>1</nestedLevel>
  <property name="deviceName">samsung SM-G935F (Android 8.0.0)</property>
</record>
<record>
  <date>2019-02-27T17:19:18</date>
  <millis>1551284358247</millis>
  <sequence>14</sequence>
  <level>RUN_DATA</level>
  <class>com.kms.katalon.core.logging.XmlKeywordLogger</class>
  <method>logMessage</method>
  <thread>1</thread>
  <message>deviceModel = SM-G935F</message>
  <nestedLevel>1</nestedLevel>
  <property name="deviceModel">SM-G935F</property>
</record>
<record>
  <date>2019-02-27T17:19:18</date>
  <millis>1551284358248</millis>
  <sequence>15</sequence>
  <level>RUN_DATA</level>
  <class>com.kms.katalon.core.logging.XmlKeywordLogger</class>
  <method>logMessage</method>
  <thread>1</thread>
  <message>deviceManufacturer = samsung</message>
  <nestedLevel>1</nestedLevel>
  <property name="deviceManufacturer">samsung</property>
</record>
<record>
  <date>2019-02-27T17:19:18</date>
  <millis>1551284358249</millis>
  <sequence>16</sequence>
  <level>RUN_DATA</level>
  <class>com.kms.katalon.core.logging.XmlKeywordLogger</class>
  <method>logMessage</method>
  <thread>1</thread>
  <message>deviceOS = Android</message>
  <nestedLevel>1</nestedLevel>
  <property name="deviceOS">Android</property>
</record>
<record>
  <date>2019-02-27T17:19:18</date>
  <millis>1551284358249</millis>
  <sequence>17</sequence>
  <level>RUN_DATA</level>
  <class>com.kms.katalon.core.logging.XmlKeywordLogger</class>
  <method>logMessage</method>
  <thread>1</thread>
  <message>deviceOSVersion = 8.0.0</message>
  <nestedLevel>1</nestedLevel>
  <property name="deviceOSVersion">8.0.0</property>
</record>
<record>
  <date>2019-02-27T17:19:18</date>
  <millis>1551284358286</millis>
  <sequence>18</sequence>
  <level>PASSED</level>
  <class>com.kms.katalon.core.logging.XmlKeywordLogger</class>
  <method>logMessage</method>
  <thread>1</thread>
  <message>Started app at: &amp;apos;C:\\Users\\MSA-testautomation\\59.apk&amp;apos;</message>
  <nestedLevel>1</nestedLevel>
</record>
<record>
  <date>2019-02-27T17:19:18</date>
  <millis>1551284358288</millis>
  <sequence>19</sequence>
  <level>END</level>
  <class>com.kms.katalon.core.logging.XmlKeywordLogger</class>
  <method>endKeyword</method>
  <thread>1</thread>
  <message>End action : startApplication(\&amp;quot;C:\\\\Users\\\\MSA-testautomation\\\\59.apk\&amp;quot;, false, CONTINUE_ON_FAILURE)</message>
  <nestedLevel>1</nestedLevel>
</record>
<record>
  <date>2019-02-27T17:19:18</date>
  <millis>1551284358288</millis>
  <sequence>20</sequence>
  <level>START</level>
  <class>com.kms.katalon.core.logging.XmlKeywordLogger</class>
  <method>startKeyword</method>
  <thread>1</thread>
  <message>Start action : verifyElementExist(findTestObject(\&amp;quot;Bottom Bar Elements/Home\&amp;quot;), 30)</message>
  <nestedLevel>1</nestedLevel>
  <property name="startLine">20</property>
  <property name="stepIndex">2</property>
  <property name="description">Verifica la presenza dell&apos;icona Home nella bottom bar.</property>
</record>
<record>
  <date>2019-02-27T17:19:21</date>
  <millis>1551284361594</millis>
  <sequence>24</sequence>
  <level>PASSED</level>
  <class>com.kms.katalon.core.logging.XmlKeywordLogger</class>
  <method>logMessage</method>
  <thread>1</thread>
  <message>Element &amp;apos;Object Repository/Bottom Bar Elements/Home&amp;apos; is exist</message>
  <nestedLevel>1</nestedLevel>
</record>
<record>
  <date>2019-02-27T17:19:21</date>
  <millis>1551284361595</millis>
  <sequence>25</sequence>
  <level>END</level>
  <class>com.kms.katalon.core.logging.XmlKeywordLogger</class>
  <method>endKeyword</method>
  <thread>1</thread>
  <message>End action : verifyElementExist(findTestObject(\&amp;quot;Bottom Bar Elements/Home\&amp;quot;), 30)</message>
  <nestedLevel>1</nestedLevel>
</record>
<record>
  <date>2019-02-27T17:19:21</date>
  <millis>1551284361595</millis>
  <sequence>26</sequence>
  <level>PASSED</level>
  <class>com.kms.katalon.core.logging.XmlKeywordLogger</class>
  <method>logMessage</method>
  <thread>1</thread>
  <message>Test Cases/Pre Login/PreLogin_1_FUNCTIONALITY_StartAppLogged</message>
  <nestedLevel>1</nestedLevel>
</record>
<record>
  <date>2019-02-27T17:19:21</date>
  <millis>1551284361596</millis>
  <sequence>27</sequence>
  <level>END</level>
  <class>com.kms.katalon.core.logging.XmlKeywordLogger</class>
  <method>endTest</method>
  <thread>1</thread>
  <message>End Test Case : Test Cases/Pre Login/PreLogin_1_FUNCTIONALITY_StartAppLogged</message>
  <nestedLevel>0</nestedLevel>
</record>
<record>
  <date>2019-02-27T17:19:21</date>
  <millis>1551284361603</millis>
  <sequence>28</sequence>
  <level>START</level>
  <class>com.kms.katalon.core.logging.XmlKeywordLogger</class>
  <method>startTest</method>
  <thread>1</thread>
  <message>Start Test Case : Test Cases/Guida TV/Guida TV_3_NAVIGATION_GTV</message>
  <nestedLevel>1</nestedLevel>
  <property name="name">Test Cases/Guida TV/Guida TV_3_NAVIGATION_GTV</property>
  <property name="description">Dalla homepage atterro nella sezione di Guida Tv ed effettuo un controolo sulla label della top bar.</property>
  <property name="id">Test Cases/Guida TV/Guida TV_3_NAVIGATION_GTV</property>
  <property name="source">C:\\Users\\marco\\Katalon Studio\\MSA-testautomation\\Test Cases\\Guida TV\\Guida TV_3_NAVIGATION_GTV.tc</property>
  <property name="isOptional">false</property>
</record>
<record>
  <date>2019-02-27T17:19:21</date>
  <millis>1551284361900</millis>
  <sequence>30</sequence>
  <level>START</level>
  <class>com.kms.katalon.core.logging.XmlKeywordLogger</class>
  <method>startKeyword</method>
  <thread>1</thread>
  <message>Start action : tap(findTestObject(\&amp;quot;Bottom Bar Elements/Guida TV\&amp;quot;), 60)</message>
  <nestedLevel>1</nestedLevel>
  <property name="startLine">17</property>
  <property name="stepIndex">1</property>
  <property name="description">Effettua tap sulla icona di Guida Tv nella bottom bar.</property>
</record>
<record>
  <date>2019-02-27T17:19:23</date>
  <millis>1551284363509</millis>
  <sequence>34</sequence>
  <level>PASSED</level>
  <class>com.kms.katalon.core.logging.XmlKeywordLogger</class>
  <method>logMessage</method>
  <thread>1</thread>
  <message>Tapped on element &amp;apos;Object Repository/Bottom Bar Elements/Guida TV&amp;apos;</message>
  <nestedLevel>1</nestedLevel>
</record>
<record>
  <date>2019-02-27T17:19:23</date>
  <millis>1551284363510</millis>
  <sequence>35</sequence>
  <level>END</level>
  <class>com.kms.katalon.core.logging.XmlKeywordLogger</class>
  <method>endKeyword</method>
  <thread>1</thread>
  <message>End action : tap(findTestObject(\&amp;quot;Bottom Bar Elements/Guida TV\&amp;quot;), 60)</message>
  <nestedLevel>1</nestedLevel>
</record>
<record>
  <date>2019-02-27T17:19:23</date>
  <millis>1551284363510</millis>
  <sequence>36</sequence>
  <level>START</level>
  <class>com.kms.katalon.core.logging.XmlKeywordLogger</class>
  <method>startKeyword</method>
  <thread>1</thread>
  <message>Start action : waitForElementPresent(findTestObject(\&amp;quot;Guida Tv/Hero Elements/Immagine\&amp;quot;), 30)</message>
  <nestedLevel>1</nestedLevel>
  <property name="startLine">19</property>
  <property name="stepIndex">2</property>
</record>
<record>
  <date>2019-02-27T17:19:53</date>
  <millis>1551284393559</millis>
  <sequence>40</sequence>
  <level>WARNING</level>
  <class>com.kms.katalon.core.logging.XmlKeywordLogger</class>
  <method>logMessage</method>
  <thread>1</thread>
  <message>Object Object Repository/Guida Tv/Hero Elements/Immagine not found</message>
  <nestedLevel>1</nestedLevel>
</record>
<record>
  <date>2019-02-27T17:19:53</date>
  <millis>1551284393559</millis>
  <sequence>41</sequence>
  <level>END</level>
  <class>com.kms.katalon.core.logging.XmlKeywordLogger</class>
  <method>endKeyword</method>
  <thread>1</thread>
  <message>End action : waitForElementPresent(findTestObject(\&amp;quot;Guida Tv/Hero Elements/Immagine\&amp;quot;), 30)</message>
  <nestedLevel>1</nestedLevel>
</record>
<record>
  <date>2019-02-27T17:19:53</date>
  <millis>1551284393560</millis>
  <sequence>42</sequence>
  <level>START</level>
  <class>com.kms.katalon.core.logging.XmlKeywordLogger</class>
  <method>startKeyword</method>
  <thread>1</thread>
  <message>Start action : verifyElementExist(findTestObject(\&amp;quot;Top Bar elements/GUIDA TV\&amp;quot;), 30)</message>
  <nestedLevel>1</nestedLevel>
  <property name="startLine">22</property>
  <property name="stepIndex">3</property>
  <property name="description">Check sulla label GUIDA TV nella top bar.</property>
</record>
<record>
  <date>2019-02-27T17:19:53</date>
  <millis>1551284393851</millis>
  <sequence>46</sequence>
  <level>PASSED</level>
  <class>com.kms.katalon.core.logging.XmlKeywordLogger</class>
  <method>logMessage</method>
  <thread>1</thread>
  <message>Element &amp;apos;Object Repository/Top Bar elements/GUIDA TV&amp;apos; is exist</message>
  <nestedLevel>1</nestedLevel>
</record>
<record>
  <date>2019-02-27T17:19:53</date>
  <millis>1551284393852</millis>
  <sequence>47</sequence>
  <level>END</level>
  <class>com.kms.katalon.core.logging.XmlKeywordLogger</class>
  <method>endKeyword</method>
  <thread>1</thread>
  <message>End action : verifyElementExist(findTestObject(\&amp;quot;Top Bar elements/GUIDA TV\&amp;quot;), 30)</message>
  <nestedLevel>1</nestedLevel>
</record>
<record>
  <date>2019-02-27T17:19:53</date>
  <millis>1551284393852</millis>
  <sequence>48</sequence>
  <level>PASSED</level>
  <class>com.kms.katalon.core.logging.XmlKeywordLogger</class>
  <method>logMessage</method>
  <thread>1</thread>
  <message>Test Cases/Guida TV/Guida TV_3_NAVIGATION_GTV</message>
  <nestedLevel>1</nestedLevel>
</record>
<record>
  <date>2019-02-27T17:19:53</date>
  <millis>1551284393853</millis>
  <sequence>49</sequence>
  <level>END</level>
  <class>com.kms.katalon.core.logging.XmlKeywordLogger</class>
  <method>endTest</method>
  <thread>1</thread>
  <message>End Test Case : Test Cases/Guida TV/Guida TV_3_NAVIGATION_GTV</message>
  <nestedLevel>0</nestedLevel>
</record>
<record>
  <date>2019-02-27T17:19:53</date>
  <millis>1551284393857</millis>
  <sequence>50</sequence>
  <level>START</level>
  <class>com.kms.katalon.core.logging.XmlKeywordLogger</class>
  <method>startTest</method>
  <thread>1</thread>
  <message>Start Test Case : Test Cases/Guida TV/Guida TV_1_NAVIGATION_TOPBAR</message>
  <nestedLevel>1</nestedLevel>
  <property name="name">Test Cases/Guida TV/Guida TV_1_NAVIGATION_TOPBAR</property>
  <property name="description">Navigazione delle sezioni presenti nella homepage di Guida Tv. Check della sezione di Programmazione e della sezione di Sky On Demand.</property>
  <property name="id">Test Cases/Guida TV/Guida TV_1_NAVIGATION_TOPBAR</property>
  <property name="source">C:\\Users\\marco\\Katalon Studio\\MSA-testautomation\\Test Cases\\Guida TV\\Guida TV_1_NAVIGATION_TOPBAR.tc</property>
  <property name="isOptional">false</property>
</record>
<record>
  <date>2019-02-27T17:19:54</date>
  <millis>1551284394102</millis>
  <sequence>52</sequence>
  <level>START</level>
  <class>com.kms.katalon.core.logging.XmlKeywordLogger</class>
  <method>startKeyword</method>
  <thread>1</thread>
  <message>Start action : waitForElementPresent(findTestObject(\&amp;quot;Guida Tv/Section Elements/Scelti per te questa settimana\&amp;quot;), 30)</message>
  <nestedLevel>1</nestedLevel>
  <property name="startLine">17</property>
  <property name="stepIndex">1</property>
  <property name="description">Load della sezione Scelti per te questa settimana.</property>
</record>
<record>
  <date>2019-02-27T17:20:24</date>
  <millis>1551284424115</millis>
  <sequence>56</sequence>
  <level>WARNING</level>
  <class>com.kms.katalon.core.logging.XmlKeywordLogger</class>
  <method>logMessage</method>
  <thread>1</thread>
  <message>Object Object Repository/Guida Tv/Section Elements/Scelti per te questa settimana not found</message>
  <nestedLevel>1</nestedLevel>
</record>
<record>
  <date>2019-02-27T17:20:24</date>
  <millis>1551284424116</millis>
  <sequence>57</sequence>
  <level>END</level>
  <class>com.kms.katalon.core.logging.XmlKeywordLogger</class>
  <method>endKeyword</method>
  <thread>1</thread>
  <message>End action : waitForElementPresent(findTestObject(\&amp;quot;Guida Tv/Section Elements/Scelti per te questa settimana\&amp;quot;), 30)</message>
  <nestedLevel>1</nestedLevel>
</record>
<record>
  <date>2019-02-27T17:20:24</date>
  <millis>1551284424116</millis>
  <sequence>58</sequence>
  <level>START</level>
  <class>com.kms.katalon.core.logging.XmlKeywordLogger</class>
  <method>startKeyword</method>
  <thread>1</thread>
  <message>Start action : verifyElementExist(findTestObject(\&amp;quot;Navigation Bar Elements/Programmazione\&amp;quot;), 30)</message>
  <nestedLevel>1</nestedLevel>
  <property name="startLine">20</property>
  <property name="stepIndex">2</property>
  <property name="description">Verifica della label Programmazione.</property>
</record>
<record>
  <date>2019-02-27T17:20:24</date>
  <millis>1551284424434</millis>
  <sequence>62</sequence>
  <level>PASSED</level>
  <class>com.kms.katalon.core.logging.XmlKeywordLogger</class>
  <method>logMessage</method>
  <thread>1</thread>
  <message>Element &amp;apos;Object Repository/Navigation Bar Elements/Programmazione&amp;apos; is exist</message>
  <nestedLevel>1</nestedLevel>
</record>
<record>
  <date>2019-02-27T17:20:24</date>
  <millis>1551284424434</millis>
  <sequence>63</sequence>
  <level>END</level>
  <class>com.kms.katalon.core.logging.XmlKeywordLogger</class>
  <method>endKeyword</method>
  <thread>1</thread>
  <message>End action : verifyElementExist(findTestObject(\&amp;quot;Navigation Bar Elements/Programmazione\&amp;quot;), 30)</message>
  <nestedLevel>1</nestedLevel>
</record>
<record>
  <date>2019-02-27T17:20:24</date>
  <millis>1551284424435</millis>
  <sequence>64</sequence>
  <level>START</level>
  <class>com.kms.katalon.core.logging.XmlKeywordLogger</class>
  <method>startKeyword</method>
  <thread>1</thread>
  <message>Start action : verifyElementExist(findTestObject(\&amp;quot;Top Bar elements/Profile\&amp;quot;), 30)</message>
  <nestedLevel>1</nestedLevel>
  <property name="startLine">23</property>
  <property name="stepIndex">3</property>
  <property name="description">Verifica della icona di Profile nella top bar.</property>
</record>
<record>
  <date>2019-02-27T17:20:24</date>
  <millis>1551284424745</millis>
  <sequence>68</sequence>
  <level>PASSED</level>
  <class>com.kms.katalon.core.logging.XmlKeywordLogger</class>
  <method>logMessage</method>
  <thread>1</thread>
  <message>Element &amp;apos;Object Repository/Top Bar elements/Profile&amp;apos; is exist</message>
  <nestedLevel>1</nestedLevel>
</record>
<record>
  <date>2019-02-27T17:20:24</date>
  <millis>1551284424746</millis>
  <sequence>69</sequence>
  <level>END</level>
  <class>com.kms.katalon.core.logging.XmlKeywordLogger</class>
  <method>endKeyword</method>
  <thread>1</thread>
  <message>End action : verifyElementExist(findTestObject(\&amp;quot;Top Bar elements/Profile\&amp;quot;), 30)</message>
  <nestedLevel>1</nestedLevel>
</record>
<record>
  <date>2019-02-27T17:20:24</date>
  <millis>1551284424746</millis>
  <sequence>70</sequence>
  <level>START</level>
  <class>com.kms.katalon.core.logging.XmlKeywordLogger</class>
  <method>startKeyword</method>
  <thread>1</thread>
  <message>Start action : verifyElementExist(findTestObject(\&amp;quot;Top Bar elements/Search\&amp;quot;), 30)</message>
  <nestedLevel>1</nestedLevel>
  <property name="startLine">26</property>
  <property name="stepIndex">4</property>
  <property name="description">Verifica della icona di Search nella top bar.</property>
</record>
<record>
  <date>2019-02-27T17:20:25</date>
  <millis>1551284425074</millis>
  <sequence>74</sequence>
  <level>PASSED</level>
  <class>com.kms.katalon.core.logging.XmlKeywordLogger</class>
  <method>logMessage</method>
  <thread>1</thread>
  <message>Element &amp;apos;Object Repository/Top Bar elements/Search&amp;apos; is exist</message>
  <nestedLevel>1</nestedLevel>
</record>
<record>
  <date>2019-02-27T17:20:25</date>
  <millis>1551284425075</millis>
  <sequence>75</sequence>
  <level>END</level>
  <class>com.kms.katalon.core.logging.XmlKeywordLogger</class>
  <method>endKeyword</method>
  <thread>1</thread>
  <message>End action : verifyElementExist(findTestObject(\&amp;quot;Top Bar elements/Search\&amp;quot;), 30)</message>
  <nestedLevel>1</nestedLevel>
</record>
<record>
  <date>2019-02-27T17:20:25</date>
  <millis>1551284425075</millis>
  <sequence>76</sequence>
  <level>START</level>
  <class>com.kms.katalon.core.logging.XmlKeywordLogger</class>
  <method>startKeyword</method>
  <thread>1</thread>
  <message>Start action : verifyElementExist(findTestObject(\&amp;quot;Top Bar elements/Assistenza\&amp;quot;), 30)</message>
  <nestedLevel>1</nestedLevel>
  <property name="startLine">29</property>
  <property name="stepIndex">5</property>
  <property name="description">Verifica della icona di Assistenza nella top bar.</property>
</record>
<record>
  <date>2019-02-27T17:20:25</date>
  <millis>1551284425431</millis>
  <sequence>80</sequence>
  <level>PASSED</level>
  <class>com.kms.katalon.core.logging.XmlKeywordLogger</class>
  <method>logMessage</method>
  <thread>1</thread>
  <message>Element &amp;apos;Object Repository/Top Bar elements/Assistenza&amp;apos; is exist</message>
  <nestedLevel>1</nestedLevel>
</record>
<record>
  <date>2019-02-27T17:20:25</date>
  <millis>1551284425432</millis>
  <sequence>81</sequence>
  <level>END</level>
  <class>com.kms.katalon.core.logging.XmlKeywordLogger</class>
  <method>endKeyword</method>
  <thread>1</thread>
  <message>End action : verifyElementExist(findTestObject(\&amp;quot;Top Bar elements/Assistenza\&amp;quot;), 30)</message>
  <nestedLevel>1</nestedLevel>
</record>
<record>
  <date>2019-02-27T17:20:25</date>
  <millis>1551284425432</millis>
  <sequence>82</sequence>
  <level>START</level>
  <class>com.kms.katalon.core.logging.XmlKeywordLogger</class>
  <method>startKeyword</method>
  <thread>1</thread>
  <message>Start action : verifyElementText(findTestObject(\&amp;quot;Top Bar elements/GUIDA TV\&amp;quot;), \&amp;quot;GUIDA TV\&amp;quot;)</message>
  <nestedLevel>1</nestedLevel>
  <property name="startLine">32</property>
  <property name="stepIndex">6</property>
  <property name="description">Verifica del title (Guida Tv) della top bar.</property>
</record>
<record>
  <date>2019-02-27T17:20:25</date>
  <millis>1551284425863</millis>
  <sequence>86</sequence>
  <level>PASSED</level>
  <class>com.kms.katalon.core.logging.XmlKeywordLogger</class>
  <method>logMessage</method>
  <thread>1</thread>
  <message>Actual text and expected text of test object &amp;apos;Object Repository/Top Bar elements/GUIDA TV&amp;apos; are matched.</message>
  <nestedLevel>1</nestedLevel>
</record>
<record>
  <date>2019-02-27T17:20:25</date>
  <millis>1551284425863</millis>
  <sequence>87</sequence>
  <level>END</level>
  <class>com.kms.katalon.core.logging.XmlKeywordLogger</class>
  <method>endKeyword</method>
  <thread>1</thread>
  <message>End action : verifyElementText(findTestObject(\&amp;quot;Top Bar elements/GUIDA TV\&amp;quot;), \&amp;quot;GUIDA TV\&amp;quot;)</message>
  <nestedLevel>1</nestedLevel>
</record>
<record>
  <date>2019-02-27T17:20:25</date>
  <millis>1551284425864</millis>
  <sequence>88</sequence>
  <level>START</level>
  <class>com.kms.katalon.core.logging.XmlKeywordLogger</class>
  <method>startKeyword</method>
  <thread>1</thread>
  <message>Start action : tap(findTestObject(\&amp;quot;Navigation Bar Elements/Sky On Demand\&amp;quot;), 60)</message>
  <nestedLevel>1</nestedLevel>
  <property name="startLine">35</property>
  <property name="stepIndex">7</property>
  <property name="description">Tap nella section di Sky On Demand.</property>
</record>
<record>
  <date>2019-02-27T17:20:27</date>
  <millis>1551284427017</millis>
  <sequence>92</sequence>
  <level>PASSED</level>
  <class>com.kms.katalon.core.logging.XmlKeywordLogger</class>
  <method>logMessage</method>
  <thread>1</thread>
  <message>Tapped on element &amp;apos;Object Repository/Navigation Bar Elements/Sky On Demand&amp;apos;</message>
  <nestedLevel>1</nestedLevel>
</record>
<record>
  <date>2019-02-27T17:20:27</date>
  <millis>1551284427017</millis>
  <sequence>93</sequence>
  <level>END</level>
  <class>com.kms.katalon.core.logging.XmlKeywordLogger</class>
  <method>endKeyword</method>
  <thread>1</thread>
  <message>End action : tap(findTestObject(\&amp;quot;Navigation Bar Elements/Sky On Demand\&amp;quot;), 60)</message>
  <nestedLevel>1</nestedLevel>
</record>
<record>
  <date>2019-02-27T17:20:27</date>
  <millis>1551284427017</millis>
  <sequence>94</sequence>
  <level>START</level>
  <class>com.kms.katalon.core.logging.XmlKeywordLogger</class>
  <method>startKeyword</method>
  <thread>1</thread>
  <message>Start action : waitForElementPresent(findTestObject(\&amp;quot;Guida Tv/Section Elements/SCELTI PER TE\&amp;quot;), 30)</message>
  <nestedLevel>1</nestedLevel>
  <property name="startLine">38</property>
  <property name="stepIndex">8</property>
  <property name="description">Load della sezione SCELTI PER TE.</property>
</record>
<record>
  <date>2019-02-27T17:20:27</date>
  <millis>1551284427306</millis>
  <sequence>98</sequence>
  <level>PASSED</level>
  <class>com.kms.katalon.core.logging.XmlKeywordLogger</class>
  <method>logMessage</method>
  <thread>1</thread>
  <message>Element &amp;apos;Object Repository/Guida Tv/Section Elements/SCELTI PER TE&amp;apos; is present</message>
  <nestedLevel>1</nestedLevel>
</record>
<record>
  <date>2019-02-27T17:20:27</date>
  <millis>1551284427307</millis>
  <sequence>99</sequence>
  <level>END</level>
  <class>com.kms.katalon.core.logging.XmlKeywordLogger</class>
  <method>endKeyword</method>
  <thread>1</thread>
  <message>End action : waitForElementPresent(findTestObject(\&amp;quot;Guida Tv/Section Elements/SCELTI PER TE\&amp;quot;), 30)</message>
  <nestedLevel>1</nestedLevel>
</record>
<record>
  <date>2019-02-27T17:20:27</date>
  <millis>1551284427307</millis>
  <sequence>100</sequence>
  <level>START</level>
  <class>com.kms.katalon.core.logging.XmlKeywordLogger</class>
  <method>startKeyword</method>
  <thread>1</thread>
  <message>Start action : verifyElementExist(findTestObject(\&amp;quot;Navigation Bar Elements/Sky On Demand\&amp;quot;), 30)</message>
  <nestedLevel>1</nestedLevel>
  <property name="startLine">41</property>
  <property name="stepIndex">9</property>
  <property name="description">Verifica della label Sky On Demand.</property>
</record>
<record>
  <date>2019-02-27T17:20:27</date>
  <millis>1551284427635</millis>
  <sequence>104</sequence>
  <level>PASSED</level>
  <class>com.kms.katalon.core.logging.XmlKeywordLogger</class>
  <method>logMessage</method>
  <thread>1</thread>
  <message>Element &amp;apos;Object Repository/Navigation Bar Elements/Sky On Demand&amp;apos; is exist</message>
  <nestedLevel>1</nestedLevel>
</record>
<record>
  <date>2019-02-27T17:20:27</date>
  <millis>1551284427635</millis>
  <sequence>105</sequence>
  <level>END</level>
  <class>com.kms.katalon.core.logging.XmlKeywordLogger</class>
  <method>endKeyword</method>
  <thread>1</thread>
  <message>End action : verifyElementExist(findTestObject(\&amp;quot;Navigation Bar Elements/Sky On Demand\&amp;quot;), 30)</message>
  <nestedLevel>1</nestedLevel>
</record>
<record>
  <date>2019-02-27T17:20:27</date>
  <millis>1551284427636</millis>
  <sequence>106</sequence>
  <level>START</level>
  <class>com.kms.katalon.core.logging.XmlKeywordLogger</class>
  <method>startKeyword</method>
  <thread>1</thread>
  <message>Start action : tap(findTestObject(\&amp;quot;Navigation Bar Elements/Programmazione\&amp;quot;), 60)</message>
  <nestedLevel>1</nestedLevel>
  <property name="startLine">44</property>
  <property name="stepIndex">10</property>
  <property name="description">Effettuo un tap nella sezione Programmazione.\r\n</property>
</record>
<record>
  <date>2019-02-27T17:20:28</date>
  <millis>1551284428818</millis>
  <sequence>110</sequence>
  <level>PASSED</level>
  <class>com.kms.katalon.core.logging.XmlKeywordLogger</class>
  <method>logMessage</method>
  <thread>1</thread>
  <message>Tapped on element &amp;apos;Object Repository/Navigation Bar Elements/Programmazione&amp;apos;</message>
  <nestedLevel>1</nestedLevel>
</record>
<record>
  <date>2019-02-27T17:20:28</date>
  <millis>1551284428820</millis>
  <sequence>111</sequence>
  <level>END</level>
  <class>com.kms.katalon.core.logging.XmlKeywordLogger</class>
  <method>endKeyword</method>
  <thread>1</thread>
  <message>End action : tap(findTestObject(\&amp;quot;Navigation Bar Elements/Programmazione\&amp;quot;), 60)</message>
  <nestedLevel>1</nestedLevel>
</record>
<record>
  <date>2019-02-27T17:20:28</date>
  <millis>1551284428820</millis>
  <sequence>112</sequence>
  <level>START</level>
  <class>com.kms.katalon.core.logging.XmlKeywordLogger</class>
  <method>startKeyword</method>
  <thread>1</thread>
  <message>Start action : waitForElementPresent(findTestObject(\&amp;quot;Guida Tv/Section Elements/Scelti per te questa settimana\&amp;quot;), 30)</message>
  <nestedLevel>1</nestedLevel>
  <property name="startLine">47</property>
  <property name="stepIndex">11</property>
  <property name="description">Load della sezione Scelti per te questa settimana.</property>
</record>
<record>
  <date>2019-02-27T17:20:29</date>
  <millis>1551284429124</millis>
  <sequence>116</sequence>
  <level>PASSED</level>
  <class>com.kms.katalon.core.logging.XmlKeywordLogger</class>
  <method>logMessage</method>
  <thread>1</thread>
  <message>Element &amp;apos;Object Repository/Guida Tv/Section Elements/Scelti per te questa settimana&amp;apos; is present</message>
  <nestedLevel>1</nestedLevel>
</record>
<record>
  <date>2019-02-27T17:20:29</date>
  <millis>1551284429124</millis>
  <sequence>117</sequence>
  <level>END</level>
  <class>com.kms.katalon.core.logging.XmlKeywordLogger</class>
  <method>endKeyword</method>
  <thread>1</thread>
  <message>End action : waitForElementPresent(findTestObject(\&amp;quot;Guida Tv/Section Elements/Scelti per te questa settimana\&amp;quot;), 30)</message>
  <nestedLevel>1</nestedLevel>
</record>
<record>
  <date>2019-02-27T17:20:29</date>
  <millis>1551284429124</millis>
  <sequence>118</sequence>
  <level>PASSED</level>
  <class>com.kms.katalon.core.logging.XmlKeywordLogger</class>
  <method>logMessage</method>
  <thread>1</thread>
  <message>Test Cases/Guida TV/Guida TV_1_NAVIGATION_TOPBAR</message>
  <nestedLevel>1</nestedLevel>
</record>
<record>
  <date>2019-02-27T17:20:29</date>
  <millis>1551284429125</millis>
  <sequence>119</sequence>
  <level>END</level>
  <class>com.kms.katalon.core.logging.XmlKeywordLogger</class>
  <method>endTest</method>
  <thread>1</thread>
  <message>End Test Case : Test Cases/Guida TV/Guida TV_1_NAVIGATION_TOPBAR</message>
  <nestedLevel>0</nestedLevel>
</record>
<record>
  <date>2019-02-27T17:20:29</date>
  <millis>1551284429128</millis>
  <sequence>120</sequence>
  <level>START</level>
  <class>com.kms.katalon.core.logging.XmlKeywordLogger</class>
  <method>startTest</method>
  <thread>1</thread>
  <message>Start Test Case : Test Cases/Guida TV/Guida TV_2_NAVIGATION_Hero</message>
  <nestedLevel>1</nestedLevel>
  <property name="name">Test Cases/Guida TV/Guida TV_2_NAVIGATION_Hero</property>
  <property name="description">Controllo degli elementi presenti nel contenuto in evidenza.</property>
  <property name="id">Test Cases/Guida TV/Guida TV_2_NAVIGATION_Hero</property>
  <property name="source">C:\\Users\\marco\\Katalon Studio\\MSA-testautomation\\Test Cases\\Guida TV\\Guida TV_2_NAVIGATION_Hero.tc</property>
  <property name="isOptional">false</property>
</record>
<record>
  <date>2019-02-27T17:20:29</date>
  <millis>1551284429360</millis>
  <sequence>122</sequence>
  <level>START</level>
  <class>com.kms.katalon.core.logging.XmlKeywordLogger</class>
  <method>startKeyword</method>
  <thread>1</thread>
  <message>Start action : verifyElementAttributeValue(findTestObject(\&amp;quot;Guida Tv/Hero Elements/Immagine\&amp;quot;), \&amp;quot;resource-id\&amp;quot;, \&amp;quot;it.sky.msa:id/heroImageImageView\&amp;quot;, 60)</message>
  <nestedLevel>1</nestedLevel>
  <property name="startLine">17</property>
  <property name="stepIndex">1</property>
  <property name="description">Verifica se esite l&apos;immagine del contenuto in evidenza.</property>
</record>
<record>
  <date>2019-02-27T17:20:29</date>
  <millis>1551284429697</millis>
  <sequence>127</sequence>
  <level>PASSED</level>
  <class>com.kms.katalon.core.logging.XmlKeywordLogger</class>
  <method>logMessage</method>
  <thread>1</thread>
  <message>Object &amp;apos;Object Repository/Guida Tv/Hero Elements/Immagine&amp;apos; has attribute &amp;apos;resource-id&amp;apos; with value &amp;apos;it.sky.msa:id/heroImageImageView&amp;apos;</message>
  <nestedLevel>1</nestedLevel>
</record>
<record>
  <date>2019-02-27T17:20:29</date>
  <millis>1551284429697</millis>
  <sequence>128</sequence>
  <level>END</level>
  <class>com.kms.katalon.core.logging.XmlKeywordLogger</class>
  <method>endKeyword</method>
  <thread>1</thread>
  <message>End action : verifyElementAttributeValue(findTestObject(\&amp;quot;Guida Tv/Hero Elements/Immagine\&amp;quot;), \&amp;quot;resource-id\&amp;quot;, \&amp;quot;it.sky.msa:id/heroImageImageView\&amp;quot;, 60)</message>
  <nestedLevel>1</nestedLevel>
</record>
<record>
  <date>2019-02-27T17:20:29</date>
  <millis>1551284429698</millis>
  <sequence>129</sequence>
  <level>START</level>
  <class>com.kms.katalon.core.logging.XmlKeywordLogger</class>
  <method>startKeyword</method>
  <thread>1</thread>
  <message>Start action : delay(2)</message>
  <nestedLevel>1</nestedLevel>
  <property name="startLine">20</property>
  <property name="stepIndex">2</property>
</record>
<record>
  <date>2019-02-27T17:20:31</date>
  <millis>1551284431726</millis>
  <sequence>131</sequence>
  <level>PASSED</level>
  <class>com.kms.katalon.core.logging.XmlKeywordLogger</class>
  <method>logMessage</method>
  <thread>1</thread>
  <message>Delayed 2 second(s)</message>
  <nestedLevel>1</nestedLevel>
</record>
<record>
  <date>2019-02-27T17:20:31</date>
  <millis>1551284431727</millis>
  <sequence>132</sequence>
  <level>END</level>
  <class>com.kms.katalon.core.logging.XmlKeywordLogger</class>
  <method>endKeyword</method>
  <thread>1</thread>
  <message>End action : delay(2)</message>
  <nestedLevel>1</nestedLevel>
</record>
<record>
  <date>2019-02-27T17:20:31</date>
  <millis>1551284431727</millis>
  <sequence>133</sequence>
  <level>START</level>
  <class>com.kms.katalon.core.logging.XmlKeywordLogger</class>
  <method>startKeyword</method>
  <thread>1</thread>
  <message>Start action : verifyElementText(findTestObject(\&amp;quot;Guida Tv/Hero Elements/IN EVIDENZA\&amp;quot;), \&amp;quot;IN EVIDENZA\&amp;quot;)</message>
  <nestedLevel>1</nestedLevel>
  <property name="startLine">23</property>
  <property name="stepIndex">3</property>
  <property name="description">Verifica se esite la label \&quot;IN EVIDENZA\&quot;</property>
</record>
<record>
  <date>2019-02-27T17:20:32</date>
  <millis>1551284432379</millis>
  <sequence>137</sequence>
  <level>PASSED</level>
  <class>com.kms.katalon.core.logging.XmlKeywordLogger</class>
  <method>logMessage</method>
  <thread>1</thread>
  <message>Actual text and expected text of test object &amp;apos;Object Repository/Guida Tv/Hero Elements/IN EVIDENZA&amp;apos; are matched.</message>
  <nestedLevel>1</nestedLevel>
</record>
<record>
  <date>2019-02-27T17:20:32</date>
  <millis>1551284432380</millis>
  <sequence>138</sequence>
  <level>END</level>
  <class>com.kms.katalon.core.logging.XmlKeywordLogger</class>
  <method>endKeyword</method>
  <thread>1</thread>
  <message>End action : verifyElementText(findTestObject(\&amp;quot;Guida Tv/Hero Elements/IN EVIDENZA\&amp;quot;), \&amp;quot;IN EVIDENZA\&amp;quot;)</message>
  <nestedLevel>1</nestedLevel>
</record>
<record>
  <date>2019-02-27T17:20:32</date>
  <millis>1551284432381</millis>
  <sequence>139</sequence>
  <level>START</level>
  <class>com.kms.katalon.core.logging.XmlKeywordLogger</class>
  <method>startKeyword</method>
  <thread>1</thread>
  <message>Start action : verifyElementExist(findTestObject(\&amp;quot;Guida Tv/Hero Elements/Titolo del contenuto\&amp;quot;), 30)</message>
  <nestedLevel>1</nestedLevel>
  <property name="startLine">26</property>
  <property name="stepIndex">4</property>
  <property name="description">Verifica che esiste il titolo del contenuto in evidenza.</property>
</record>
<record>
  <date>2019-02-27T17:20:32</date>
  <millis>1551284432737</millis>
  <sequence>143</sequence>
  <level>PASSED</level>
  <class>com.kms.katalon.core.logging.XmlKeywordLogger</class>
  <method>logMessage</method>
  <thread>1</thread>
  <message>Element &amp;apos;Object Repository/Guida Tv/Hero Elements/Titolo del contenuto&amp;apos; is exist</message>
  <nestedLevel>1</nestedLevel>
</record>
<record>
  <date>2019-02-27T17:20:32</date>
  <millis>1551284432738</millis>
  <sequence>144</sequence>
  <level>END</level>
  <class>com.kms.katalon.core.logging.XmlKeywordLogger</class>
  <method>endKeyword</method>
  <thread>1</thread>
  <message>End action : verifyElementExist(findTestObject(\&amp;quot;Guida Tv/Hero Elements/Titolo del contenuto\&amp;quot;), 30)</message>
  <nestedLevel>1</nestedLevel>
</record>
<record>
  <date>2019-02-27T17:20:32</date>
  <millis>1551284432738</millis>
  <sequence>145</sequence>
  <level>START</level>
  <class>com.kms.katalon.core.logging.XmlKeywordLogger</class>
  <method>startKeyword</method>
  <thread>1</thread>
  <message>Start action : verifyElementExist(findTestObject(\&amp;quot;Guida Tv/Hero Elements/Programmazione\&amp;quot;), 30)</message>
  <nestedLevel>1</nestedLevel>
  <property name="startLine">29</property>
  <property name="stepIndex">5</property>
  <property name="description">Verifica che \u00E8 presente la programmazione del contenuto.</property>
</record>
<record>
  <date>2019-02-27T17:20:33</date>
  <millis>1551284433085</millis>
  <sequence>149</sequence>
  <level>PASSED</level>
  <class>com.kms.katalon.core.logging.XmlKeywordLogger</class>
  <method>logMessage</method>
  <thread>1</thread>
  <message>Element &amp;apos;Object Repository/Guida Tv/Hero Elements/Programmazione&amp;apos; is exist</message>
  <nestedLevel>1</nestedLevel>
</record>
<record>
  <date>2019-02-27T17:20:33</date>
  <millis>1551284433086</millis>
  <sequence>150</sequence>
  <level>END</level>
  <class>com.kms.katalon.core.logging.XmlKeywordLogger</class>
  <method>endKeyword</method>
  <thread>1</thread>
  <message>End action : verifyElementExist(findTestObject(\&amp;quot;Guida Tv/Hero Elements/Programmazione\&amp;quot;), 30)</message>
  <nestedLevel>1</nestedLevel>
</record>
<record>
  <date>2019-02-27T17:20:33</date>
  <millis>1551284433086</millis>
  <sequence>151</sequence>
  <level>START</level>
  <class>com.kms.katalon.core.logging.XmlKeywordLogger</class>
  <method>startKeyword</method>
  <thread>1</thread>
  <message>Start action : verifyElementAttributeValue(findTestObject(\&amp;quot;Guida Tv/Hero Elements/Logo canale\&amp;quot;), \&amp;quot;resource-id\&amp;quot;, \&amp;quot;it.sky.msa:id/heroChannelLogoImageView\&amp;quot;, 60)</message>
  <nestedLevel>1</nestedLevel>
  <property name="startLine">32</property>
  <property name="stepIndex">6</property>
  <property name="description">Verifica se esiste l&apos;immagine del logo canale nel contenuto in evidenza.</property>
</record>
<record>
  <date>2019-02-27T17:20:33</date>
  <millis>1551284433407</millis>
  <sequence>156</sequence>
  <level>PASSED</level>
  <class>com.kms.katalon.core.logging.XmlKeywordLogger</class>
  <method>logMessage</method>
  <thread>1</thread>
  <message>Object &amp;apos;Object Repository/Guida Tv/Hero Elements/Logo canale&amp;apos; has attribute &amp;apos;resource-id&amp;apos; with value &amp;apos;it.sky.msa:id/heroChannelLogoImageView&amp;apos;</message>
  <nestedLevel>1</nestedLevel>
</record>
<record>
  <date>2019-02-27T17:20:33</date>
  <millis>1551284433407</millis>
  <sequence>157</sequence>
  <level>END</level>
  <class>com.kms.katalon.core.logging.XmlKeywordLogger</class>
  <method>endKeyword</method>
  <thread>1</thread>
  <message>End action : verifyElementAttributeValue(findTestObject(\&amp;quot;Guida Tv/Hero Elements/Logo canale\&amp;quot;), \&amp;quot;resource-id\&amp;quot;, \&amp;quot;it.sky.msa:id/heroChannelLogoImageView\&amp;quot;, 60)</message>
  <nestedLevel>1</nestedLevel>
</record>
<record>
  <date>2019-02-27T17:20:33</date>
  <millis>1551284433408</millis>
  <sequence>158</sequence>
  <level>PASSED</level>
  <class>com.kms.katalon.core.logging.XmlKeywordLogger</class>
  <method>logMessage</method>
  <thread>1</thread>
  <message>Test Cases/Guida TV/Guida TV_2_NAVIGATION_Hero</message>
  <nestedLevel>1</nestedLevel>
</record>
<record>
  <date>2019-02-27T17:20:33</date>
  <millis>1551284433408</millis>
  <sequence>159</sequence>
  <level>END</level>
  <class>com.kms.katalon.core.logging.XmlKeywordLogger</class>
  <method>endTest</method>
  <thread>1</thread>
  <message>End Test Case : Test Cases/Guida TV/Guida TV_2_NAVIGATION_Hero</message>
  <nestedLevel>0</nestedLevel>
</record>
<record>
  <date>2019-02-27T17:20:33</date>
  <millis>1551284433411</millis>
  <sequence>160</sequence>
  <level>START</level>
  <class>com.kms.katalon.core.logging.XmlKeywordLogger</class>
  <method>startTest</method>
  <thread>1</thread>
  <message>Start Test Case : Test Cases/Guida TV/Guida TV_4_NAVIGATION_SceltiPerTeQuestaSettimana</message>
  <nestedLevel>1</nestedLevel>
  <property name="name">Test Cases/Guida TV/Guida TV_4_NAVIGATION_SceltiPerTeQuestaSettimana</property>
  <property name="description">Navigazione della sezione \&quot;Scelti per te questa settimana\&quot;</property>
  <property name="id">Test Cases/Guida TV/Guida TV_4_NAVIGATION_SceltiPerTeQuestaSettimana</property>
  <property name="source">C:\\Users\\marco\\Katalon Studio\\MSA-testautomation\\Test Cases\\Guida TV\\Guida TV_4_NAVIGATION_SceltiPerTeQuestaSettimana.tc</property>
  <property name="isOptional">false</property>
</record>
<record>
  <date>2019-02-27T17:20:33</date>
  <millis>1551284433641</millis>
  <sequence>162</sequence>
  <level>START</level>
  <class>com.kms.katalon.core.logging.XmlKeywordLogger</class>
  <method>startKeyword</method>
  <thread>1</thread>
  <message>Start action : scrollToText(\&amp;quot;Scelti per te questa settimana\&amp;quot;)</message>
  <nestedLevel>1</nestedLevel>
  <property name="startLine">17</property>
  <property name="stepIndex">1</property>
</record>
<record>
  <date>2019-02-27T17:20:34</date>
  <millis>1551284434685</millis>
  <sequence>164</sequence>
  <level>PASSED</level>
  <class>com.kms.katalon.core.logging.XmlKeywordLogger</class>
  <method>logMessage</method>
  <thread>1</thread>
  <message>Scrolling to text &amp;apos;Scelti per te questa settimana&amp;apos; successfully</message>
  <nestedLevel>1</nestedLevel>
</record>
<record>
  <date>2019-02-27T17:20:34</date>
  <millis>1551284434780</millis>
  <sequence>165</sequence>
  <level>END</level>
  <class>com.kms.katalon.core.logging.XmlKeywordLogger</class>
  <method>endKeyword</method>
  <thread>1</thread>
  <message>End action : scrollToText(\&amp;quot;Scelti per te questa settimana\&amp;quot;)</message>
  <nestedLevel>1</nestedLevel>
</record>
<record>
  <date>2019-02-27T17:20:34</date>
  <millis>1551284434780</millis>
  <sequence>166</sequence>
  <level>START</level>
  <class>com.kms.katalon.core.logging.XmlKeywordLogger</class>
  <method>startKeyword</method>
  <thread>1</thread>
  <message>Start action : delay(10)</message>
  <nestedLevel>1</nestedLevel>
  <property name="startLine">21</property>
  <property name="stepIndex">2</property>
</record>
<record>
  <date>2019-02-27T17:20:44</date>
  <millis>1551284444781</millis>
  <sequence>168</sequence>
  <level>PASSED</level>
  <class>com.kms.katalon.core.logging.XmlKeywordLogger</class>
  <method>logMessage</method>
  <thread>1</thread>
  <message>Delayed 10 second(s)</message>
  <nestedLevel>1</nestedLevel>
</record>
<record>
  <date>2019-02-27T17:20:44</date>
  <millis>1551284444781</millis>
  <sequence>169</sequence>
  <level>END</level>
  <class>com.kms.katalon.core.logging.XmlKeywordLogger</class>
  <method>endKeyword</method>
  <thread>1</thread>
  <message>End action : delay(10)</message>
  <nestedLevel>1</nestedLevel>
</record>
<record>
  <date>2019-02-27T17:20:44</date>
  <millis>1551284444781</millis>
  <sequence>170</sequence>
  <level>PASSED</level>
  <class>com.kms.katalon.core.logging.XmlKeywordLogger</class>
  <method>logMessage</method>
  <thread>1</thread>
  <message>Test Cases/Guida TV/Guida TV_4_NAVIGATION_SceltiPerTeQuestaSettimana</message>
  <nestedLevel>1</nestedLevel>
</record>
<record>
  <date>2019-02-27T17:20:44</date>
  <millis>1551284444781</millis>
  <sequence>171</sequence>
  <level>END</level>
  <class>com.kms.katalon.core.logging.XmlKeywordLogger</class>
  <method>endTest</method>
  <thread>1</thread>
  <message>End Test Case : Test Cases/Guida TV/Guida TV_4_NAVIGATION_SceltiPerTeQuestaSettimana</message>
  <nestedLevel>0</nestedLevel>
</record>
<record>
  <date>2019-02-27T17:20:44</date>
  <millis>1551284444785</millis>
  <sequence>172</sequence>
  <level>START</level>
  <class>com.kms.katalon.core.logging.XmlKeywordLogger</class>
  <method>startTest</method>
  <thread>1</thread>
  <message>Start Test Case : Test Cases/Guida TV/Guida TV_5_FUNCTIONALITY_VediTutti</message>
  <nestedLevel>1</nestedLevel>
  <property name="name">Test Cases/Guida TV/Guida TV_5_FUNCTIONALITY_VediTutti</property>
  <property name="description">Verificare la funzionalit\u00E0 della CTA \&quot; Vedi tutti\&quot;</property>
  <property name="id">Test Cases/Guida TV/Guida TV_5_FUNCTIONALITY_VediTutti</property>
  <property name="source">C:\\Users\\marco\\Katalon Studio\\MSA-testautomation\\Test Cases\\Guida TV\\Guida TV_5_FUNCTIONALITY_VediTutti.tc</property>
  <property name="isOptional">false</property>
</record>
<record>
  <date>2019-02-27T17:20:45</date>
  <millis>1551284445070</millis>
  <sequence>174</sequence>
  <level>START</level>
  <class>com.kms.katalon.core.logging.XmlKeywordLogger</class>
  <method>startKeyword</method>
  <thread>1</thread>
  <message>Start action : text = getText(findTestObject(\&amp;quot;Guida Tv/Section Elements/Sezione programmazione\&amp;quot;), 60)</message>
  <nestedLevel>1</nestedLevel>
  <property name="startLine">17</property>
  <property name="stepIndex">1</property>
  <property name="description">Riceve la label della sezione dove tapper\u00E0 \&quot;Vedi tutti\&quot;.</property>
</record>
<record>
  <date>2019-02-27T17:20:45</date>
  <millis>1551284445533</millis>
  <sequence>178</sequence>
  <level>PASSED</level>
  <class>com.kms.katalon.core.logging.XmlKeywordLogger</class>
  <method>logMessage</method>
  <thread>1</thread>
  <message>Text of element &amp;apos;Object Repository/Guida Tv/Section Elements/Sezione programmazione&amp;apos; is: &amp;apos;Scelti per te questa settimana&amp;apos;</message>
  <nestedLevel>1</nestedLevel>
</record>
<record>
  <date>2019-02-27T17:20:45</date>
  <millis>1551284445534</millis>
  <sequence>179</sequence>
  <level>END</level>
  <class>com.kms.katalon.core.logging.XmlKeywordLogger</class>
  <method>endKeyword</method>
  <thread>1</thread>
  <message>End action : text = getText(findTestObject(\&amp;quot;Guida Tv/Section Elements/Sezione programmazione\&amp;quot;), 60)</message>
  <nestedLevel>1</nestedLevel>
</record>
<record>
  <date>2019-02-27T17:20:45</date>
  <millis>1551284445534</millis>
  <sequence>180</sequence>
  <level>START</level>
  <class>com.kms.katalon.core.logging.XmlKeywordLogger</class>
  <method>startKeyword</method>
  <thread>1</thread>
  <message>Start action : tap(findTestObject(\&amp;quot;Guida Tv/Section Elements/Vedi tutti\&amp;quot;), 60)</message>
  <nestedLevel>1</nestedLevel>
  <property name="startLine">20</property>
  <property name="stepIndex">2</property>
  <property name="description">Tap sulla CTA \&quot;Vedi tutti\&quot;.</property>
</record>
<record>
  <date>2019-02-27T17:20:47</date>
  <millis>1551284447165</millis>
  <sequence>184</sequence>
  <level>PASSED</level>
  <class>com.kms.katalon.core.logging.XmlKeywordLogger</class>
  <method>logMessage</method>
  <thread>1</thread>
  <message>Tapped on element &amp;apos;Object Repository/Guida Tv/Section Elements/Vedi tutti&amp;apos;</message>
  <nestedLevel>1</nestedLevel>
</record>
<record>
  <date>2019-02-27T17:20:47</date>
  <millis>1551284447165</millis>
  <sequence>185</sequence>
  <level>END</level>
  <class>com.kms.katalon.core.logging.XmlKeywordLogger</class>
  <method>endKeyword</method>
  <thread>1</thread>
  <message>End action : tap(findTestObject(\&amp;quot;Guida Tv/Section Elements/Vedi tutti\&amp;quot;), 60)</message>
  <nestedLevel>1</nestedLevel>
</record>
<record>
  <date>2019-02-27T17:20:47</date>
  <millis>1551284447166</millis>
  <sequence>186</sequence>
  <level>START</level>
  <class>com.kms.katalon.core.logging.XmlKeywordLogger</class>
  <method>startKeyword</method>
  <thread>1</thread>
  <message>Start action : waitForElementPresent(findTestObject(\&amp;quot;Guida Tv/Hero Elements/Titolo del contenuto\&amp;quot;), 30)</message>
  <nestedLevel>1</nestedLevel>
  <property name="startLine">23</property>
  <property name="stepIndex">3</property>
  <property name="description">Load del titolo del contenuto in evidenza.</property>
</record>
<record>
  <date>2019-02-27T17:20:49</date>
  <millis>1551284449953</millis>
  <sequence>190</sequence>
  <level>PASSED</level>
  <class>com.kms.katalon.core.logging.XmlKeywordLogger</class>
  <method>logMessage</method>
  <thread>1</thread>
  <message>Element &amp;apos;Object Repository/Guida Tv/Hero Elements/Titolo del contenuto&amp;apos; is present</message>
  <nestedLevel>1</nestedLevel>
</record>
<record>
  <date>2019-02-27T17:20:49</date>
  <millis>1551284449954</millis>
  <sequence>191</sequence>
  <level>END</level>
  <class>com.kms.katalon.core.logging.XmlKeywordLogger</class>
  <method>endKeyword</method>
  <thread>1</thread>
  <message>End action : waitForElementPresent(findTestObject(\&amp;quot;Guida Tv/Hero Elements/Titolo del contenuto\&amp;quot;), 30)</message>
  <nestedLevel>1</nestedLevel>
</record>
<record>
  <date>2019-02-27T17:20:49</date>
  <millis>1551284449954</millis>
  <sequence>192</sequence>
  <level>START</level>
  <class>com.kms.katalon.core.logging.XmlKeywordLogger</class>
  <method>startKeyword</method>
  <thread>1</thread>
  <message>Start action : verifyElementText(findTestObject(\&amp;quot;Subsection Elements/Subsection title\&amp;quot;), text)</message>
  <nestedLevel>1</nestedLevel>
  <property name="startLine">26</property>
  <property name="stepIndex">4</property>
  <property name="description">Check sulla label della sezione.</property>
</record>
<record>
  <date>2019-02-27T17:20:50</date>
  <millis>1551284450339</millis>
  <sequence>196</sequence>
  <level>PASSED</level>
  <class>com.kms.katalon.core.logging.XmlKeywordLogger</class>
  <method>logMessage</method>
  <thread>1</thread>
  <message>Actual text and expected text of test object &amp;apos;Object Repository/Subsection Elements/Subsection title&amp;apos; are matched.</message>
  <nestedLevel>1</nestedLevel>
</record>
<record>
  <date>2019-02-27T17:20:50</date>
  <millis>1551284450339</millis>
  <sequence>197</sequence>
  <level>END</level>
  <class>com.kms.katalon.core.logging.XmlKeywordLogger</class>
  <method>endKeyword</method>
  <thread>1</thread>
  <message>End action : verifyElementText(findTestObject(\&amp;quot;Subsection Elements/Subsection title\&amp;quot;), text)</message>
  <nestedLevel>1</nestedLevel>
</record>
<record>
  <date>2019-02-27T17:20:50</date>
  <millis>1551284450340</millis>
  <sequence>198</sequence>
  <level>START</level>
  <class>com.kms.katalon.core.logging.XmlKeywordLogger</class>
  <method>startKeyword</method>
  <thread>1</thread>
  <message>Start action : tap(findTestObject(\&amp;quot;Subsection Elements/Back button\&amp;quot;), 60)</message>
  <nestedLevel>1</nestedLevel>
  <property name="startLine">29</property>
  <property name="stepIndex">5</property>
  <property name="description">Tap sul button di back.</property>
</record>
<record>
  <date>2019-02-27T17:20:51</date>
  <millis>1551284451588</millis>
  <sequence>202</sequence>
  <level>PASSED</level>
  <class>com.kms.katalon.core.logging.XmlKeywordLogger</class>
  <method>logMessage</method>
  <thread>1</thread>
  <message>Tapped on element &amp;apos;Object Repository/Subsection Elements/Back button&amp;apos;</message>
  <nestedLevel>1</nestedLevel>
</record>
<record>
  <date>2019-02-27T17:20:51</date>
  <millis>1551284451589</millis>
  <sequence>203</sequence>
  <level>END</level>
  <class>com.kms.katalon.core.logging.XmlKeywordLogger</class>
  <method>endKeyword</method>
  <thread>1</thread>
  <message>End action : tap(findTestObject(\&amp;quot;Subsection Elements/Back button\&amp;quot;), 60)</message>
  <nestedLevel>1</nestedLevel>
</record>
<record>
  <date>2019-02-27T17:20:51</date>
  <millis>1551284451589</millis>
  <sequence>204</sequence>
  <level>START</level>
  <class>com.kms.katalon.core.logging.XmlKeywordLogger</class>
  <method>startKeyword</method>
  <thread>1</thread>
  <message>Start action : waitForElementPresent(findTestObject(\&amp;quot;Guida Tv/Hero Elements/Immagine\&amp;quot;), 30)</message>
  <nestedLevel>1</nestedLevel>
  <property name="startLine">32</property>
  <property name="stepIndex">6</property>
  <property name="description">Load immagine di hero.</property>
</record>
<record>
  <date>2019-02-27T17:20:53</date>
  <millis>1551284453879</millis>
  <sequence>208</sequence>
  <level>PASSED</level>
  <class>com.kms.katalon.core.logging.XmlKeywordLogger</class>
  <method>logMessage</method>
  <thread>1</thread>
  <message>Element &amp;apos;Object Repository/Guida Tv/Hero Elements/Immagine&amp;apos; is present</message>
  <nestedLevel>1</nestedLevel>
</record>
<record>
  <date>2019-02-27T17:20:53</date>
  <millis>1551284453880</millis>
  <sequence>209</sequence>
  <level>END</level>
  <class>com.kms.katalon.core.logging.XmlKeywordLogger</class>
  <method>endKeyword</method>
  <thread>1</thread>
  <message>End action : waitForElementPresent(findTestObject(\&amp;quot;Guida Tv/Hero Elements/Immagine\&amp;quot;), 30)</message>
  <nestedLevel>1</nestedLevel>
</record>
<record>
  <date>2019-02-27T17:20:53</date>
  <millis>1551284453880</millis>
  <sequence>210</sequence>
  <level>START</level>
  <class>com.kms.katalon.core.logging.XmlKeywordLogger</class>
  <method>startKeyword</method>
  <thread>1</thread>
  <message>Start action : verifyElementAttributeValue(findTestObject(\&amp;quot;Guida Tv/Hero Elements/Immagine\&amp;quot;), \&amp;quot;resource-id\&amp;quot;, \&amp;quot;it.sky.msa:id/heroImageImageView\&amp;quot;, 30)</message>
  <nestedLevel>1</nestedLevel>
  <property name="startLine">35</property>
  <property name="stepIndex">7</property>
  <property name="description">Check sull&apos;immagine di Hero.\r\n</property>
</record>
<record>
  <date>2019-02-27T17:20:54</date>
  <millis>1551284454199</millis>
  <sequence>215</sequence>
  <level>PASSED</level>
  <class>com.kms.katalon.core.logging.XmlKeywordLogger</class>
  <method>logMessage</method>
  <thread>1</thread>
  <message>Object &amp;apos;Object Repository/Guida Tv/Hero Elements/Immagine&amp;apos; has attribute &amp;apos;resource-id&amp;apos; with value &amp;apos;it.sky.msa:id/heroImageImageView&amp;apos;</message>
  <nestedLevel>1</nestedLevel>
</record>
<record>
  <date>2019-02-27T17:20:54</date>
  <millis>1551284454199</millis>
  <sequence>216</sequence>
  <level>END</level>
  <class>com.kms.katalon.core.logging.XmlKeywordLogger</class>
  <method>endKeyword</method>
  <thread>1</thread>
  <message>End action : verifyElementAttributeValue(findTestObject(\&amp;quot;Guida Tv/Hero Elements/Immagine\&amp;quot;), \&amp;quot;resource-id\&amp;quot;, \&amp;quot;it.sky.msa:id/heroImageImageView\&amp;quot;, 30)</message>
  <nestedLevel>1</nestedLevel>
</record>
<record>
  <date>2019-02-27T17:20:54</date>
  <millis>1551284454199</millis>
  <sequence>217</sequence>
  <level>PASSED</level>
  <class>com.kms.katalon.core.logging.XmlKeywordLogger</class>
  <method>logMessage</method>
  <thread>1</thread>
  <message>Test Cases/Guida TV/Guida TV_5_FUNCTIONALITY_VediTutti</message>
  <nestedLevel>1</nestedLevel>
</record>
<record>
  <date>2019-02-27T17:20:54</date>
  <millis>1551284454200</millis>
  <sequence>218</sequence>
  <level>END</level>
  <class>com.kms.katalon.core.logging.XmlKeywordLogger</class>
  <method>endTest</method>
  <thread>1</thread>
  <message>End Test Case : Test Cases/Guida TV/Guida TV_5_FUNCTIONALITY_VediTutti</message>
  <nestedLevel>0</nestedLevel>
</record>
<record>
  <date>2019-02-27T17:20:54</date>
  <millis>1551284454696</millis>
  <sequence>219</sequence>
  <level>END</level>
  <class>com.kms.katalon.core.logging.XmlKeywordLogger</class>
  <method>endSuite</method>
  <thread>1</thread>
  <message>End Test Suite : Test Suites/Prova</message>
  <nestedLevel>0</nestedLevel>
</record>
</log>