[35m[Appium][39m Welcome to Appium v1.8.1
[35m[Appium][39m Non-default server args:
[35m[Appium][39m   port: 58976
[35m[Appium][39m   loglevel: info
[35m[Appium][39m   chromeDriverPort: 58978
[35m[Appium][39m   tmpDir: C:\Users\marco\AppData\Local\Temp\\Katalon\Appium\Temp1551198931064
[35m[Appium][39m Appium REST http interface listener started on 0.0.0.0:58976
[35m[HTTP][39m [37m-->[39m [37mGET[39m [37m/wd/hub/status[39m
[35m[HTTP][39m [90m{}[39m
[35m[HTTP][39m [37m<-- GET /wd/hub/status [39m[32m200[39m [90m56 ms - 83[39m
[35m[HTTP][39m [90m[39m
[35m[HTTP][39m [37m-->[39m [37mPOST[39m [37m/wd/hub/session[39m
[35m[HTTP][39m [90m{"desiredCapabilities":{"app":"C:\\Users\\MSA-testautomation\\59.apk","autoGrantPermissions":true,"automationName":"uiautomator2","deviceName":"samsung SM-G935F (Android 8.0.0)","fullReset":false,"newCommandTimeout":1800,"noReset":true,"platform":"ANDROID","platformName":"Android","udid":"9885f7504651473733"},"capabilities":{"desiredCapabilities":{"app":"C:\\Users\\MSA-testautomation\\59.apk","autoGrantPermissions":true,"automationName":"uiautomator2","deviceName":"samsung SM-G935F (Android 8.0.0)","fullReset":false,"newCommandTimeout":1800,"noReset":true,"platform":"ANDROID","platformName":"Android","udid":"9885f7504651473733"},"firstMatch":[{"platformName":"android"}]}}[39m
[35m[Appium][39m Could not parse W3C capabilities: 'deviceName' can't be blank. Falling back to JSONWP protocol.
[35m[Appium][39m The following capabilities were provided in the JSONWP desired capabilities that are missing in W3C capabilities: ["app","autoGrantPermissions","automationName","deviceName","fullReset","newCommandTimeout","noReset","platform","platformName","udid"]. Falling back to JSONWP protocol.
[35m[Appium][39m Creating new AndroidUiautomator2Driver (v1.12.0) session
[35m[Appium][39m Capabilities:
[35m[Appium][39m   app: C:\Users\MSA-testautomation\59.apk
[35m[Appium][39m   autoGrantPermissions: true
[35m[Appium][39m   automationName: uiautomator2
[35m[Appium][39m   deviceName: samsung SM-G935F (Android 8.0.0)
[35m[Appium][39m   fullReset: false
[35m[Appium][39m   newCommandTimeout: 1800
[35m[Appium][39m   noReset: true
[35m[Appium][39m   platform: ANDROID
[35m[Appium][39m   platformName: Android
[35m[Appium][39m   udid: 9885f7504651473733
[35m[BaseDriver][39m The following capabilities were provided, but are not recognized by appium: platform.
[35m[BaseDriver][39m Session created with session id: 10beb8b9-9464-4e3e-b2e8-188320283af2
[35m[BaseDriver][39m Using local app 'C:\Users\MSA-testautomation\59.apk'
[35m[AndroidDriver][39m Java version is: 1.8.0_181
[35m[ADB][39m Checking whether adb is present
[35m[ADB][39m Found 1 'build-tools' folders under 'C:\Users\marco\.katalon\tools\android_sdk' (newest first):
[35m[ADB][39m     C:/Users/marco/.katalon/tools/android_sdk/build-tools/28.0.3
[35m[ADB][39m Using adb.exe from C:\Users\marco\.katalon\tools\android_sdk\platform-tools\adb.exe
[35m[AndroidDriver][39m Retrieving device list
[35m[AndroidDriver][39m Using device: 9885f7504651473733
[35m[ADB][39m Using the alternative activity name detection method because of: Could not find apkanalyzer.bat in C:\Users\marco\.katalon\tools\android_sdk\platform-tools\apkanalyzer.bat,C:\Users\marco\.katalon\tools\android_sdk\emulator\apkanalyzer.bat,C:\Users\marco\.katalon\tools\android_sdk\tools\apkanalyzer.bat,C:\Users\marco\.katalon\tools\android_sdk\tools\bin\apkanalyzer.bat,C:\Users\marco\.katalon\tools\android_sdk\build-tools\28.0.3\apkanalyzer.bat. Do you have the Android SDK installed at 'C:\Users\marco\.katalon\tools\android_sdk'?
[35m[ADB][39m Checking whether aapt is present
[35m[ADB][39m Using aapt.exe from C:\Users\marco\.katalon\tools\android_sdk\build-tools\28.0.3\aapt.exe
[35m[ADB][39m Extracting package and launch activity from manifest
[35m[ADB][39m Package name: 'it.sky.msa'
[35m[ADB][39m Main activity name: 'it.sky.msa.welcome.SplashActivity'
[35m[ADB][39m Getting device platform version
[35m[ADB][39m Using apksigner.bat from C:\Users\marco\.katalon\tools\android_sdk\build-tools\28.0.3\apksigner.bat
[35m[ADB][39m Checking whether zipalign is present
[35m[ADB][39m Using zipalign.exe from C:\Users\marco\.katalon\tools\android_sdk\build-tools\28.0.3\zipalign.exe
[35m[ADB][39m io.appium.uiautomator2.server was successfully uninstalled
[35m[ADB][39m io.appium.uiautomator2.server.test was successfully uninstalled
[35m[AndroidDriver][39m setDeviceLanguageCountry requires language or country.
[35m[AndroidDriver][39m Got language: 'null' and country: 'null'
[35m[ADB][39m Successfully extracted 218 strings from 'C:\Users\MSA-testautomation\59.apk' resources for '(default)' configuration
[35m[UiAutomator2][39m Starting uiautomator2 server 1.12.0
[35m[UiAutomator2][39m Using UIAutomator2 server from 'C:\Users\marco\AppData\Roaming\npm\node_modules\appium\node_modules\appium-uiautomator2-server\apks\appium-uiautomator2-server-v1.12.0.apk' and test from 'C:\Users\marco\AppData\Roaming\npm\node_modules\appium\node_modules\appium-uiautomator2-server\apks\appium-uiautomator2-server-debug-androidTest.apk'
[35m[UiAutomator2][39m Running command: 'adb -s 9885f7504651473733 shell am instrument -w io.appium.uiautomator2.server.test/android.support.test.runner.AndroidJUnitRunner'
[35m[UiAutomator2][39m Waiting up to 20000ms for UiAutomator2 to be online...
[35m[AndroidDriver][39m Screen already unlocked, doing nothing
[35m[UiAutomator2][39m UiAutomator2 did not start the activity we were waiting for, 'it.sky.msa/it.sky.msa.welcome.SplashActivity'. Starting it ourselves
[35m[Appium][39m New AndroidUiautomator2Driver session created successfully, session 10beb8b9-9464-4e3e-b2e8-188320283af2 added to master session list
[35m[HTTP][39m [37m<-- POST /wd/hub/session [39m[32m200[39m [90m21110 ms - 1133[39m
[35m[HTTP][39m [90m[39m
[35m[HTTP][39m [37m-->[39m [37mGET[39m [37m/wd/hub/status[39m
[35m[HTTP][39m [90m{}[39m
[35m[HTTP][39m [37m<-- GET /wd/hub/status [39m[32m200[39m [90m55 ms - 55[39m
[35m[HTTP][39m [90m[39m
[35m[HTTP][39m [37m-->[39m [37mPOST[39m [37m/wd/hub/session/10beb8b9-9464-4e3e-b2e8-188320283af2/timeouts[39m
[35m[HTTP][39m [90m{"type":"implicit","ms":30000}[39m
[35m[HTTP][39m [37m<-- POST /wd/hub/session/10beb8b9-9464-4e3e-b2e8-188320283af2/timeouts [39m[33m400[39m [90m25 ms - 5204[39m
[35m[HTTP][39m [90m[39m
[35m[HTTP][39m [37m-->[39m [37mGET[39m [37m/wd/hub/session/10beb8b9-9464-4e3e-b2e8-188320283af2/window/current/size[39m
[35m[HTTP][39m [90m{}[39m
[35m[W3C][39m Driver proxy active, passing request on via HTTP proxy
[35m[JSONWP Proxy][39m Replacing sessionId 232813b4-fe00-4668-9fec-1f36662844d0 with 10beb8b9-9464-4e3e-b2e8-188320283af2
[35m[HTTP][39m [37m<-- GET /wd/hub/session/10beb8b9-9464-4e3e-b2e8-188320283af2/window/current/size [39m[32m200[39m [90m68 ms - 100[39m
[35m[HTTP][39m [90m[39m
[35m[HTTP][39m [37m-->[39m [37mPOST[39m [37m/wd/hub/session/10beb8b9-9464-4e3e-b2e8-188320283af2/elements[39m
[35m[HTTP][39m [90m{"using":"-android uiautomator","value":"new UiSelector().className(\"android.widget.TextView\").text(\"Guida TV\").resourceId(\"it.sky.msa:id/title\").instance(5)"}[39m
[35m[HTTP][39m [37m<-- POST /wd/hub/session/10beb8b9-9464-4e3e-b2e8-188320283af2/elements [39m[32m200[39m [90m82 ms - 74[39m
[35m[HTTP][39m [90m[39m
[35m[HTTP][39m [37m-->[39m [37mPOST[39m [37m/wd/hub/session/10beb8b9-9464-4e3e-b2e8-188320283af2/elements[39m
[35m[HTTP][39m [90m{"using":"-android uiautomator","value":"new UiSelector().className(\"android.widget.TextView\").text(\"Guida TV\").resourceId(\"it.sky.msa:id/title\").instance(5)"}[39m
[35m[HTTP][39m [37m<-- POST /wd/hub/session/10beb8b9-9464-4e3e-b2e8-188320283af2/elements [39m[32m200[39m [90m66 ms - 74[39m
[35m[HTTP][39m [90m[39m
[35m[HTTP][39m [37m-->[39m [37mPOST[39m [37m/wd/hub/session/10beb8b9-9464-4e3e-b2e8-188320283af2/elements[39m
[35m[HTTP][39m [90m{"using":"-android uiautomator","value":"new UiSelector().className(\"android.widget.TextView\").text(\"Guida TV\").resourceId(\"it.sky.msa:id/title\").instance(5)"}[39m
[35m[HTTP][39m [37m<-- POST /wd/hub/session/10beb8b9-9464-4e3e-b2e8-188320283af2/elements [39m[32m200[39m [90m49 ms - 74[39m
[35m[HTTP][39m [90m[39m
[35m[HTTP][39m [37m-->[39m [37mPOST[39m [37m/wd/hub/session/10beb8b9-9464-4e3e-b2e8-188320283af2/elements[39m
[35m[HTTP][39m [90m{"using":"-android uiautomator","value":"new UiSelector().className(\"android.widget.TextView\").text(\"Guida TV\").resourceId(\"it.sky.msa:id/title\").instance(5)"}[39m
[35m[HTTP][39m [37m<-- POST /wd/hub/session/10beb8b9-9464-4e3e-b2e8-188320283af2/elements [39m[32m200[39m [90m53 ms - 74[39m
[35m[HTTP][39m [90m[39m
[35m[HTTP][39m [37m-->[39m [37mPOST[39m [37m/wd/hub/session/10beb8b9-9464-4e3e-b2e8-188320283af2/elements[39m
[35m[HTTP][39m [90m{"using":"-android uiautomator","value":"new UiSelector().className(\"android.widget.TextView\").text(\"Guida TV\").resourceId(\"it.sky.msa:id/title\").instance(5)"}[39m
[35m[HTTP][39m [37m<-- POST /wd/hub/session/10beb8b9-9464-4e3e-b2e8-188320283af2/elements [39m[32m200[39m [90m61 ms - 74[39m
[35m[HTTP][39m [90m[39m
[35m[HTTP][39m [37m-->[39m [37mPOST[39m [37m/wd/hub/session/10beb8b9-9464-4e3e-b2e8-188320283af2/elements[39m
[35m[HTTP][39m [90m{"using":"-android uiautomator","value":"new UiSelector().className(\"android.widget.TextView\").text(\"Guida TV\").resourceId(\"it.sky.msa:id/title\").instance(5)"}[39m
[35m[HTTP][39m [37m<-- POST /wd/hub/session/10beb8b9-9464-4e3e-b2e8-188320283af2/elements [39m[32m200[39m [90m64 ms - 74[39m
[35m[HTTP][39m [90m[39m
[35m[HTTP][39m [37m-->[39m [37mPOST[39m [37m/wd/hub/session/10beb8b9-9464-4e3e-b2e8-188320283af2/elements[39m
[35m[HTTP][39m [90m{"using":"-android uiautomator","value":"new UiSelector().className(\"android.widget.TextView\").text(\"Guida TV\").resourceId(\"it.sky.msa:id/title\").instance(5)"}[39m
[35m[HTTP][39m [37m<-- POST /wd/hub/session/10beb8b9-9464-4e3e-b2e8-188320283af2/elements [39m[32m200[39m [90m53 ms - 74[39m
[35m[HTTP][39m [90m[39m
[35m[HTTP][39m [37m-->[39m [37mPOST[39m [37m/wd/hub/session/10beb8b9-9464-4e3e-b2e8-188320283af2/elements[39m
[35m[HTTP][39m [90m{"using":"-android uiautomator","value":"new UiSelector().className(\"android.widget.TextView\").text(\"Guida TV\").resourceId(\"it.sky.msa:id/title\").instance(5)"}[39m
[35m[HTTP][39m [37m<-- POST /wd/hub/session/10beb8b9-9464-4e3e-b2e8-188320283af2/elements [39m[32m200[39m [90m87 ms - 74[39m
[35m[HTTP][39m [90m[39m
[35m[HTTP][39m [37m-->[39m [37mPOST[39m [37m/wd/hub/session/10beb8b9-9464-4e3e-b2e8-188320283af2/elements[39m
[35m[HTTP][39m [90m{"using":"-android uiautomator","value":"new UiSelector().className(\"android.widget.TextView\").text(\"Guida TV\").resourceId(\"it.sky.msa:id/title\").instance(5)"}[39m
[35m[HTTP][39m [37m<-- POST /wd/hub/session/10beb8b9-9464-4e3e-b2e8-188320283af2/elements [39m[32m200[39m [90m54 ms - 74[39m
[35m[HTTP][39m [90m[39m
[35m[HTTP][39m [37m-->[39m [37mPOST[39m [37m/wd/hub/session/10beb8b9-9464-4e3e-b2e8-188320283af2/elements[39m
[35m[HTTP][39m [90m{"using":"-android uiautomator","value":"new UiSelector().className(\"android.widget.TextView\").text(\"Guida TV\").resourceId(\"it.sky.msa:id/title\").instance(5)"}[39m
[35m[HTTP][39m [37m<-- POST /wd/hub/session/10beb8b9-9464-4e3e-b2e8-188320283af2/elements [39m[32m200[39m [90m69 ms - 74[39m
[35m[HTTP][39m [90m[39m
[35m[HTTP][39m [37m-->[39m [37mPOST[39m [37m/wd/hub/session/10beb8b9-9464-4e3e-b2e8-188320283af2/elements[39m
[35m[HTTP][39m [90m{"using":"-android uiautomator","value":"new UiSelector().className(\"android.widget.TextView\").text(\"Guida TV\").resourceId(\"it.sky.msa:id/title\").instance(5)"}[39m
[35m[HTTP][39m [37m<-- POST /wd/hub/session/10beb8b9-9464-4e3e-b2e8-188320283af2/elements [39m[32m200[39m [90m84 ms - 74[39m
[35m[HTTP][39m [90m[39m
[35m[HTTP][39m [37m-->[39m [37mPOST[39m [37m/wd/hub/session/10beb8b9-9464-4e3e-b2e8-188320283af2/elements[39m
[35m[HTTP][39m [90m{"using":"-android uiautomator","value":"new UiSelector().className(\"android.widget.TextView\").text(\"Guida TV\").resourceId(\"it.sky.msa:id/title\").instance(5)"}[39m
[35m[HTTP][39m [37m<-- POST /wd/hub/session/10beb8b9-9464-4e3e-b2e8-188320283af2/elements [39m[32m200[39m [90m80 ms - 74[39m
[35m[HTTP][39m [90m[39m
[35m[HTTP][39m [37m-->[39m [37mPOST[39m [37m/wd/hub/session/10beb8b9-9464-4e3e-b2e8-188320283af2/elements[39m
[35m[HTTP][39m [90m{"using":"-android uiautomator","value":"new UiSelector().className(\"android.widget.TextView\").text(\"Guida TV\").resourceId(\"it.sky.msa:id/title\").instance(5)"}[39m
[35m[HTTP][39m [37m<-- POST /wd/hub/session/10beb8b9-9464-4e3e-b2e8-188320283af2/elements [39m[32m200[39m [90m70 ms - 74[39m
[35m[HTTP][39m [90m[39m
[35m[HTTP][39m [37m-->[39m [37mPOST[39m [37m/wd/hub/session/10beb8b9-9464-4e3e-b2e8-188320283af2/elements[39m
[35m[HTTP][39m [90m{"using":"-android uiautomator","value":"new UiSelector().className(\"android.widget.TextView\").text(\"Guida TV\").resourceId(\"it.sky.msa:id/title\").instance(5)"}[39m
[35m[HTTP][39m [37m<-- POST /wd/hub/session/10beb8b9-9464-4e3e-b2e8-188320283af2/elements [39m[32m200[39m [90m83 ms - 74[39m
[35m[HTTP][39m [90m[39m
[35m[HTTP][39m [37m-->[39m [37mPOST[39m [37m/wd/hub/session/10beb8b9-9464-4e3e-b2e8-188320283af2/elements[39m
[35m[HTTP][39m [90m{"using":"-android uiautomator","value":"new UiSelector().className(\"android.widget.TextView\").text(\"Guida TV\").resourceId(\"it.sky.msa:id/title\").instance(5)"}[39m
[35m[HTTP][39m [37m<-- POST /wd/hub/session/10beb8b9-9464-4e3e-b2e8-188320283af2/elements [39m[32m200[39m [90m73 ms - 74[39m
[35m[HTTP][39m [90m[39m
[35m[HTTP][39m [37m-->[39m [37mPOST[39m [37m/wd/hub/session/10beb8b9-9464-4e3e-b2e8-188320283af2/elements[39m
[35m[HTTP][39m [90m{"using":"-android uiautomator","value":"new UiSelector().className(\"android.widget.TextView\").text(\"Guida TV\").resourceId(\"it.sky.msa:id/title\").instance(5)"}[39m
[35m[HTTP][39m [37m<-- POST /wd/hub/session/10beb8b9-9464-4e3e-b2e8-188320283af2/elements [39m[32m200[39m [90m67 ms - 74[39m
[35m[HTTP][39m [90m[39m
[35m[HTTP][39m [37m-->[39m [37mPOST[39m [37m/wd/hub/session/10beb8b9-9464-4e3e-b2e8-188320283af2/elements[39m
[35m[HTTP][39m [90m{"using":"-android uiautomator","value":"new UiSelector().className(\"android.widget.TextView\").text(\"Guida TV\").resourceId(\"it.sky.msa:id/title\").instance(5)"}[39m
[35m[HTTP][39m [37m<-- POST /wd/hub/session/10beb8b9-9464-4e3e-b2e8-188320283af2/elements [39m[32m200[39m [90m67 ms - 74[39m
[35m[HTTP][39m [90m[39m
[35m[HTTP][39m [37m-->[39m [37mPOST[39m [37m/wd/hub/session/10beb8b9-9464-4e3e-b2e8-188320283af2/elements[39m
[35m[HTTP][39m [90m{"using":"-android uiautomator","value":"new UiSelector().className(\"android.widget.TextView\").text(\"Guida TV\").resourceId(\"it.sky.msa:id/title\").instance(5)"}[39m
[35m[HTTP][39m [37m<-- POST /wd/hub/session/10beb8b9-9464-4e3e-b2e8-188320283af2/elements [39m[32m200[39m [90m73 ms - 74[39m
[35m[HTTP][39m [90m[39m
[35m[HTTP][39m [37m-->[39m [37mPOST[39m [37m/wd/hub/session/10beb8b9-9464-4e3e-b2e8-188320283af2/elements[39m
[35m[HTTP][39m [90m{"using":"-android uiautomator","value":"new UiSelector().className(\"android.widget.TextView\").text(\"Guida TV\").resourceId(\"it.sky.msa:id/title\").instance(5)"}[39m
[35m[HTTP][39m [37m<-- POST /wd/hub/session/10beb8b9-9464-4e3e-b2e8-188320283af2/elements [39m[32m200[39m [90m78 ms - 74[39m
[35m[HTTP][39m [90m[39m
[35m[HTTP][39m [37m-->[39m [37mPOST[39m [37m/wd/hub/session/10beb8b9-9464-4e3e-b2e8-188320283af2/elements[39m
[35m[HTTP][39m [90m{"using":"-android uiautomator","value":"new UiSelector().className(\"android.widget.TextView\").text(\"Guida TV\").resourceId(\"it.sky.msa:id/title\").instance(5)"}[39m
[35m[HTTP][39m [37m<-- POST /wd/hub/session/10beb8b9-9464-4e3e-b2e8-188320283af2/elements [39m[32m200[39m [90m82 ms - 74[39m
[35m[HTTP][39m [90m[39m
[35m[HTTP][39m [37m-->[39m [37mPOST[39m [37m/wd/hub/session/10beb8b9-9464-4e3e-b2e8-188320283af2/elements[39m
[35m[HTTP][39m [90m{"using":"-android uiautomator","value":"new UiSelector().className(\"android.widget.TextView\").text(\"Guida TV\").resourceId(\"it.sky.msa:id/title\").instance(5)"}[39m
[35m[HTTP][39m [37m<-- POST /wd/hub/session/10beb8b9-9464-4e3e-b2e8-188320283af2/elements [39m[32m200[39m [90m77 ms - 74[39m
[35m[HTTP][39m [90m[39m
[35m[HTTP][39m [37m-->[39m [37mPOST[39m [37m/wd/hub/session/10beb8b9-9464-4e3e-b2e8-188320283af2/elements[39m
[35m[HTTP][39m [90m{"using":"-android uiautomator","value":"new UiSelector().className(\"android.widget.TextView\").text(\"Guida TV\").resourceId(\"it.sky.msa:id/title\").instance(5)"}[39m
[35m[HTTP][39m [37m<-- POST /wd/hub/session/10beb8b9-9464-4e3e-b2e8-188320283af2/elements [39m[32m200[39m [90m62 ms - 74[39m
[35m[HTTP][39m [90m[39m
[35m[HTTP][39m [37m-->[39m [37mPOST[39m [37m/wd/hub/session/10beb8b9-9464-4e3e-b2e8-188320283af2/elements[39m
[35m[HTTP][39m [90m{"using":"-android uiautomator","value":"new UiSelector().className(\"android.widget.TextView\").text(\"Guida TV\").resourceId(\"it.sky.msa:id/title\").instance(5)"}[39m
[35m[HTTP][39m [37m<-- POST /wd/hub/session/10beb8b9-9464-4e3e-b2e8-188320283af2/elements [39m[32m200[39m [90m62 ms - 74[39m
[35m[HTTP][39m [90m[39m
[35m[HTTP][39m [37m-->[39m [37mPOST[39m [37m/wd/hub/session/10beb8b9-9464-4e3e-b2e8-188320283af2/elements[39m
[35m[HTTP][39m [90m{"using":"-android uiautomator","value":"new UiSelector().className(\"android.widget.TextView\").text(\"Guida TV\").resourceId(\"it.sky.msa:id/title\").instance(5)"}[39m
[35m[HTTP][39m [37m<-- POST /wd/hub/session/10beb8b9-9464-4e3e-b2e8-188320283af2/elements [39m[32m200[39m [90m859 ms - 124[39m
[35m[HTTP][39m [90m[39m
[35m[HTTP][39m [37m-->[39m [37mGET[39m [37m/wd/hub/session/10beb8b9-9464-4e3e-b2e8-188320283af2[39m
[35m[HTTP][39m [90m{}[39m
[35m[HTTP][39m [37m<-- GET /wd/hub/session/10beb8b9-9464-4e3e-b2e8-188320283af2 [39m[32m200[39m [90m31 ms - 1133[39m
[35m[HTTP][39m [90m[39m
[35m[HTTP][39m [37m-->[39m [37mGET[39m [37m/wd/hub/session/10beb8b9-9464-4e3e-b2e8-188320283af2[39m
[35m[HTTP][39m [90m{}[39m
[35m[HTTP][39m [37m<-- GET /wd/hub/session/10beb8b9-9464-4e3e-b2e8-188320283af2 [39m[32m200[39m [90m29 ms - 1133[39m
[35m[HTTP][39m [90m[39m
[35m[HTTP][39m [37m-->[39m [37mGET[39m [37m/wd/hub/session/10beb8b9-9464-4e3e-b2e8-188320283af2[39m
[35m[HTTP][39m [90m{}[39m
[35m[HTTP][39m [37m<-- GET /wd/hub/session/10beb8b9-9464-4e3e-b2e8-188320283af2 [39m[32m200[39m [90m28 ms - 1133[39m
[35m[HTTP][39m [90m[39m
[35m[HTTP][39m [37m-->[39m [37mGET[39m [37m/wd/hub/session/10beb8b9-9464-4e3e-b2e8-188320283af2[39m
[35m[HTTP][39m [90m{}[39m
[35m[HTTP][39m [37m<-- GET /wd/hub/session/10beb8b9-9464-4e3e-b2e8-188320283af2 [39m[32m200[39m [90m29 ms - 1133[39m
[35m[HTTP][39m [90m[39m
[35m[HTTP][39m [37m-->[39m [37mGET[39m [37m/wd/hub/session/10beb8b9-9464-4e3e-b2e8-188320283af2/element/0d789560-5694-4e60-927b-69ba97165d01/location[39m
[35m[HTTP][39m [90m{}[39m
[35m[W3C][39m Driver proxy active, passing request on via HTTP proxy
[35m[JSONWP Proxy][39m Replacing sessionId 232813b4-fe00-4668-9fec-1f36662844d0 with 10beb8b9-9464-4e3e-b2e8-188320283af2
[35m[HTTP][39m [37m<-- GET /wd/hub/session/10beb8b9-9464-4e3e-b2e8-188320283af2/element/0d789560-5694-4e60-927b-69ba97165d01/location [39m[32m200[39m [90m73 ms - 90[39m
[35m[HTTP][39m [90m[39m
[35m[HTTP][39m [37m-->[39m [37mPOST[39m [37m/wd/hub/session/10beb8b9-9464-4e3e-b2e8-188320283af2/touch/perform[39m
[35m[HTTP][39m [90m{"actions":[{"action":"tap","options":{"element":"0d789560-5694-4e60-927b-69ba97165d01","x":1,"y":1}}]}[39m
[35m[UiAutomator2][39m calling get location: 0d789560-5694-4e60-927b-69ba97165d01
[35m[HTTP][39m [37m<-- POST /wd/hub/session/10beb8b9-9464-4e3e-b2e8-188320283af2/touch/perform [39m[32m200[39m [90m1148 ms - 76[39m
[35m[HTTP][39m [90m[39m
[35m[HTTP][39m [37m-->[39m [37mGET[39m [37m/wd/hub/session/10beb8b9-9464-4e3e-b2e8-188320283af2/window/current/size[39m
[35m[HTTP][39m [90m{}[39m
[35m[W3C][39m Driver proxy active, passing request on via HTTP proxy
[35m[JSONWP Proxy][39m Replacing sessionId 232813b4-fe00-4668-9fec-1f36662844d0 with 10beb8b9-9464-4e3e-b2e8-188320283af2
[35m[HTTP][39m [37m<-- GET /wd/hub/session/10beb8b9-9464-4e3e-b2e8-188320283af2/window/current/size [39m[32m200[39m [90m52 ms - 100[39m
[35m[HTTP][39m [90m[39m
[35m[HTTP][39m [37m-->[39m [37mPOST[39m [37m/wd/hub/session/10beb8b9-9464-4e3e-b2e8-188320283af2/elements[39m
[35m[HTTP][39m [90m{"using":"-android uiautomator","value":"new UiSelector().className(\"android.widget.TextView\").text(\"GUIDA TV\").resourceId(\"it.sky.msa:id/headerTitle\").instance(0)"}[39m
[35m[HTTP][39m [37m<-- POST /wd/hub/session/10beb8b9-9464-4e3e-b2e8-188320283af2/elements [39m[32m200[39m [90m892 ms - 124[39m
[35m[HTTP][39m [90m[39m
[35m[HTTP][39m [37m-->[39m [37mGET[39m [37m/wd/hub/session/10beb8b9-9464-4e3e-b2e8-188320283af2[39m
[35m[HTTP][39m [90m{}[39m
[35m[HTTP][39m [37m<-- GET /wd/hub/session/10beb8b9-9464-4e3e-b2e8-188320283af2 [39m[32m200[39m [90m32 ms - 1133[39m
[35m[HTTP][39m [90m[39m
[35m[HTTP][39m [37m-->[39m [37mGET[39m [37m/wd/hub/session/10beb8b9-9464-4e3e-b2e8-188320283af2[39m
[35m[HTTP][39m [90m{}[39m
[35m[HTTP][39m [37m<-- GET /wd/hub/session/10beb8b9-9464-4e3e-b2e8-188320283af2 [39m[32m200[39m [90m28 ms - 1133[39m
[35m[HTTP][39m [90m[39m
[35m[HTTP][39m [37m-->[39m [37mGET[39m [37m/wd/hub/session/10beb8b9-9464-4e3e-b2e8-188320283af2[39m
[35m[HTTP][39m [90m{}[39m
[35m[HTTP][39m [37m<-- GET /wd/hub/session/10beb8b9-9464-4e3e-b2e8-188320283af2 [39m[32m200[39m [90m33 ms - 1133[39m
[35m[HTTP][39m [90m[39m
[35m[HTTP][39m [37m-->[39m [37mGET[39m [37m/wd/hub/session/10beb8b9-9464-4e3e-b2e8-188320283af2[39m
[35m[HTTP][39m [90m{}[39m
[35m[HTTP][39m [37m<-- GET /wd/hub/session/10beb8b9-9464-4e3e-b2e8-188320283af2 [39m[32m200[39m [90m30 ms - 1133[39m
[35m[HTTP][39m [90m[39m
[35m[HTTP][39m [37m-->[39m [37mGET[39m [37m/wd/hub/session/10beb8b9-9464-4e3e-b2e8-188320283af2/element/37c00dda-0754-441a-b87d-e1f476d98a11/location[39m
[35m[HTTP][39m [90m{}[39m
[35m[W3C][39m Driver proxy active, passing request on via HTTP proxy
[35m[JSONWP Proxy][39m Replacing sessionId 232813b4-fe00-4668-9fec-1f36662844d0 with 10beb8b9-9464-4e3e-b2e8-188320283af2
[35m[HTTP][39m [37m<-- GET /wd/hub/session/10beb8b9-9464-4e3e-b2e8-188320283af2/element/37c00dda-0754-441a-b87d-e1f476d98a11/location [39m[32m200[39m [90m60 ms - 88[39m
[35m[HTTP][39m [90m[39m
[35m[HTTP][39m [37m-->[39m [37mGET[39m [37m/wd/hub/session/10beb8b9-9464-4e3e-b2e8-188320283af2/window/current/size[39m
[35m[HTTP][39m [90m{}[39m
[35m[W3C][39m Driver proxy active, passing request on via HTTP proxy
[35m[JSONWP Proxy][39m Replacing sessionId 232813b4-fe00-4668-9fec-1f36662844d0 with 10beb8b9-9464-4e3e-b2e8-188320283af2
[35m[HTTP][39m [37m<-- GET /wd/hub/session/10beb8b9-9464-4e3e-b2e8-188320283af2/window/current/size [39m[32m200[39m [90m34 ms - 100[39m
[35m[HTTP][39m [90m[39m
[35m[HTTP][39m [37m-->[39m [37mPOST[39m [37m/wd/hub/session/10beb8b9-9464-4e3e-b2e8-188320283af2/elements[39m
[35m[HTTP][39m [90m{"using":"-android uiautomator","value":"new UiSelector().className(\"android.widget.ImageView\").resourceId(\"it.sky.msa:id/heroImageImageView\").instance(0)"}[39m
[35m[HTTP][39m [37m<-- POST /wd/hub/session/10beb8b9-9464-4e3e-b2e8-188320283af2/elements [39m[32m200[39m [90m161 ms - 124[39m
[35m[HTTP][39m [90m[39m
[35m[HTTP][39m [37m-->[39m [37mGET[39m [37m/wd/hub/session/10beb8b9-9464-4e3e-b2e8-188320283af2[39m
[35m[HTTP][39m [90m{}[39m
[35m[HTTP][39m [37m<-- GET /wd/hub/session/10beb8b9-9464-4e3e-b2e8-188320283af2 [39m[32m200[39m [90m32 ms - 1133[39m
[35m[HTTP][39m [90m[39m
[35m[HTTP][39m [37m-->[39m [37mGET[39m [37m/wd/hub/session/10beb8b9-9464-4e3e-b2e8-188320283af2[39m
[35m[HTTP][39m [90m{}[39m
[35m[HTTP][39m [37m<-- GET /wd/hub/session/10beb8b9-9464-4e3e-b2e8-188320283af2 [39m[32m200[39m [90m24 ms - 1133[39m
[35m[HTTP][39m [90m[39m
[35m[HTTP][39m [37m-->[39m [37mGET[39m [37m/wd/hub/session/10beb8b9-9464-4e3e-b2e8-188320283af2[39m
[35m[HTTP][39m [90m{}[39m
[35m[HTTP][39m [37m<-- GET /wd/hub/session/10beb8b9-9464-4e3e-b2e8-188320283af2 [39m[32m200[39m [90m26 ms - 1133[39m
[35m[HTTP][39m [90m[39m
[35m[HTTP][39m [37m-->[39m [37mGET[39m [37m/wd/hub/session/10beb8b9-9464-4e3e-b2e8-188320283af2[39m
[35m[HTTP][39m [90m{}[39m
[35m[HTTP][39m [37m<-- GET /wd/hub/session/10beb8b9-9464-4e3e-b2e8-188320283af2 [39m[32m200[39m [90m30 ms - 1133[39m
[35m[HTTP][39m [90m[39m
[35m[HTTP][39m [37m-->[39m [37mGET[39m [37m/wd/hub/session/10beb8b9-9464-4e3e-b2e8-188320283af2/element/d565610a-3884-46f4-ab36-c74f405dec2c/location[39m
[35m[HTTP][39m [90m{}[39m
[35m[W3C][39m Driver proxy active, passing request on via HTTP proxy
[35m[JSONWP Proxy][39m Replacing sessionId 232813b4-fe00-4668-9fec-1f36662844d0 with 10beb8b9-9464-4e3e-b2e8-188320283af2
[35m[HTTP][39m [37m<-- GET /wd/hub/session/10beb8b9-9464-4e3e-b2e8-188320283af2/element/d565610a-3884-46f4-ab36-c74f405dec2c/location [39m[32m200[39m [90m62 ms - 87[39m
[35m[HTTP][39m [90m[39m
[35m[HTTP][39m [37m-->[39m [37mGET[39m [37m/wd/hub/session/10beb8b9-9464-4e3e-b2e8-188320283af2/element/d565610a-3884-46f4-ab36-c74f405dec2c/attribute/resourceId[39m
[35m[HTTP][39m [90m{}[39m
[35m[HTTP][39m [37m<-- GET /wd/hub/session/10beb8b9-9464-4e3e-b2e8-188320283af2/element/d565610a-3884-46f4-ab36-c74f405dec2c/attribute/resourceId [39m[32m200[39m [90m59 ms - 106[39m
[35m[HTTP][39m [90m[39m
[35m[HTTP][39m [37m-->[39m [37mGET[39m [37m/wd/hub/session/10beb8b9-9464-4e3e-b2e8-188320283af2/window/current/size[39m
[35m[HTTP][39m [90m{}[39m
[35m[W3C][39m Driver proxy active, passing request on via HTTP proxy
[35m[JSONWP Proxy][39m Replacing sessionId 232813b4-fe00-4668-9fec-1f36662844d0 with 10beb8b9-9464-4e3e-b2e8-188320283af2
[35m[HTTP][39m [37m<-- GET /wd/hub/session/10beb8b9-9464-4e3e-b2e8-188320283af2/window/current/size [39m[32m200[39m [90m31 ms - 100[39m
[35m[HTTP][39m [90m[39m
[35m[HTTP][39m [37m-->[39m [37mPOST[39m [37m/wd/hub/session/10beb8b9-9464-4e3e-b2e8-188320283af2/elements[39m
[35m[HTTP][39m [90m{"using":"-android uiautomator","value":"new UiSelector().className(\"android.widget.TextView\").text(\"IN EVIDENZA\").resourceId(\"it.sky.msa:id/heroPromoTextView\").instance(6)"}[39m
[35m[HTTP][39m [37m<-- POST /wd/hub/session/10beb8b9-9464-4e3e-b2e8-188320283af2/elements [39m[32m200[39m [90m131 ms - 124[39m
[35m[HTTP][39m [90m[39m
[35m[HTTP][39m [37m-->[39m [37mGET[39m [37m/wd/hub/session/10beb8b9-9464-4e3e-b2e8-188320283af2[39m
[35m[HTTP][39m [90m{}[39m
[35m[HTTP][39m [37m<-- GET /wd/hub/session/10beb8b9-9464-4e3e-b2e8-188320283af2 [39m[32m200[39m [90m30 ms - 1133[39m
[35m[HTTP][39m [90m[39m
[35m[HTTP][39m [37m-->[39m [37mGET[39m [37m/wd/hub/session/10beb8b9-9464-4e3e-b2e8-188320283af2[39m
[35m[HTTP][39m [90m{}[39m
[35m[HTTP][39m [37m<-- GET /wd/hub/session/10beb8b9-9464-4e3e-b2e8-188320283af2 [39m[32m200[39m [90m34 ms - 1133[39m
[35m[HTTP][39m [90m[39m
[35m[HTTP][39m [37m-->[39m [37mGET[39m [37m/wd/hub/session/10beb8b9-9464-4e3e-b2e8-188320283af2[39m
[35m[HTTP][39m [90m{}[39m
[35m[HTTP][39m [37m<-- GET /wd/hub/session/10beb8b9-9464-4e3e-b2e8-188320283af2 [39m[32m200[39m [90m31 ms - 1133[39m
[35m[HTTP][39m [90m[39m
[35m[HTTP][39m [37m-->[39m [37mGET[39m [37m/wd/hub/session/10beb8b9-9464-4e3e-b2e8-188320283af2[39m
[35m[HTTP][39m [90m{}[39m
[35m[HTTP][39m [37m<-- GET /wd/hub/session/10beb8b9-9464-4e3e-b2e8-188320283af2 [39m[32m200[39m [90m25 ms - 1133[39m
[35m[HTTP][39m [90m[39m
[35m[HTTP][39m [37m-->[39m [37mGET[39m [37m/wd/hub/session/10beb8b9-9464-4e3e-b2e8-188320283af2/element/d1d27eae-adc8-47f0-bd8e-a458c15d8135/location[39m
[35m[HTTP][39m [90m{}[39m
[35m[W3C][39m Driver proxy active, passing request on via HTTP proxy
[35m[JSONWP Proxy][39m Replacing sessionId 232813b4-fe00-4668-9fec-1f36662844d0 with 10beb8b9-9464-4e3e-b2e8-188320283af2
[35m[HTTP][39m [37m<-- GET /wd/hub/session/10beb8b9-9464-4e3e-b2e8-188320283af2/element/d1d27eae-adc8-47f0-bd8e-a458c15d8135/location [39m[32m200[39m [90m58 ms - 88[39m
[35m[HTTP][39m [90m[39m
[35m[HTTP][39m [37m-->[39m [37mGET[39m [37m/wd/hub/session/10beb8b9-9464-4e3e-b2e8-188320283af2/element/d1d27eae-adc8-47f0-bd8e-a458c15d8135/text[39m
[35m[HTTP][39m [90m{}[39m
[35m[W3C][39m Driver proxy active, passing request on via HTTP proxy
[35m[JSONWP Proxy][39m Replacing sessionId 232813b4-fe00-4668-9fec-1f36662844d0 with 10beb8b9-9464-4e3e-b2e8-188320283af2
[35m[HTTP][39m [37m<-- GET /wd/hub/session/10beb8b9-9464-4e3e-b2e8-188320283af2/element/d1d27eae-adc8-47f0-bd8e-a458c15d8135/text [39m[32m200[39m [90m79 ms - 85[39m
[35m[HTTP][39m [90m[39m
[35m[HTTP][39m [37m-->[39m [37mGET[39m [37m/wd/hub/session/10beb8b9-9464-4e3e-b2e8-188320283af2/window/current/size[39m
[35m[HTTP][39m [90m{}[39m
[35m[W3C][39m Driver proxy active, passing request on via HTTP proxy
[35m[JSONWP Proxy][39m Replacing sessionId 232813b4-fe00-4668-9fec-1f36662844d0 with 10beb8b9-9464-4e3e-b2e8-188320283af2
[35m[HTTP][39m [37m<-- GET /wd/hub/session/10beb8b9-9464-4e3e-b2e8-188320283af2/window/current/size [39m[32m200[39m [90m36 ms - 100[39m
[35m[HTTP][39m [90m[39m
[35m[HTTP][39m [37m-->[39m [37mPOST[39m [37m/wd/hub/session/10beb8b9-9464-4e3e-b2e8-188320283af2/elements[39m
[35m[HTTP][39m [90m{"using":"-android uiautomator","value":"new UiSelector().className(\"android.widget.TextView\").resourceId(\"it.sky.msa:id/heroTitleTextView\").instance(7)"}[39m
[35m[HTTP][39m [37m<-- POST /wd/hub/session/10beb8b9-9464-4e3e-b2e8-188320283af2/elements [39m[32m200[39m [90m112 ms - 124[39m
[35m[HTTP][39m [90m[39m
[35m[HTTP][39m [37m-->[39m [37mGET[39m [37m/wd/hub/session/10beb8b9-9464-4e3e-b2e8-188320283af2[39m
[35m[HTTP][39m [90m{}[39m
[35m[HTTP][39m [37m<-- GET /wd/hub/session/10beb8b9-9464-4e3e-b2e8-188320283af2 [39m[32m200[39m [90m29 ms - 1133[39m
[35m[HTTP][39m [90m[39m
[35m[HTTP][39m [37m-->[39m [37mGET[39m [37m/wd/hub/session/10beb8b9-9464-4e3e-b2e8-188320283af2[39m
[35m[HTTP][39m [90m{}[39m
[35m[HTTP][39m [37m<-- GET /wd/hub/session/10beb8b9-9464-4e3e-b2e8-188320283af2 [39m[32m200[39m [90m26 ms - 1133[39m
[35m[HTTP][39m [90m[39m
[35m[HTTP][39m [37m-->[39m [37mGET[39m [37m/wd/hub/session/10beb8b9-9464-4e3e-b2e8-188320283af2[39m
[35m[HTTP][39m [90m{}[39m
[35m[HTTP][39m [37m<-- GET /wd/hub/session/10beb8b9-9464-4e3e-b2e8-188320283af2 [39m[32m200[39m [90m26 ms - 1133[39m
[35m[HTTP][39m [90m[39m
[35m[HTTP][39m [37m-->[39m [37mGET[39m [37m/wd/hub/session/10beb8b9-9464-4e3e-b2e8-188320283af2[39m
[35m[HTTP][39m [90m{}[39m
[35m[HTTP][39m [37m<-- GET /wd/hub/session/10beb8b9-9464-4e3e-b2e8-188320283af2 [39m[32m200[39m [90m26 ms - 1133[39m
[35m[HTTP][39m [90m[39m
[35m[HTTP][39m [37m-->[39m [37mGET[39m [37m/wd/hub/session/10beb8b9-9464-4e3e-b2e8-188320283af2/element/1504e619-258b-43d3-9ba1-76970d894c5f/location[39m
[35m[HTTP][39m [90m{}[39m
[35m[W3C][39m Driver proxy active, passing request on via HTTP proxy
[35m[JSONWP Proxy][39m Replacing sessionId 232813b4-fe00-4668-9fec-1f36662844d0 with 10beb8b9-9464-4e3e-b2e8-188320283af2
[35m[HTTP][39m [37m<-- GET /wd/hub/session/10beb8b9-9464-4e3e-b2e8-188320283af2/element/1504e619-258b-43d3-9ba1-76970d894c5f/location [39m[32m200[39m [90m56 ms - 88[39m
[35m[HTTP][39m [90m[39m
[35m[HTTP][39m [37m-->[39m [37mGET[39m [37m/wd/hub/session/10beb8b9-9464-4e3e-b2e8-188320283af2/window/current/size[39m
[35m[HTTP][39m [90m{}[39m
[35m[W3C][39m Driver proxy active, passing request on via HTTP proxy
[35m[JSONWP Proxy][39m Replacing sessionId 232813b4-fe00-4668-9fec-1f36662844d0 with 10beb8b9-9464-4e3e-b2e8-188320283af2
[35m[HTTP][39m [37m<-- GET /wd/hub/session/10beb8b9-9464-4e3e-b2e8-188320283af2/window/current/size [39m[32m200[39m [90m31 ms - 100[39m
[35m[HTTP][39m [90m[39m
[35m[HTTP][39m [37m-->[39m [37mPOST[39m [37m/wd/hub/session/10beb8b9-9464-4e3e-b2e8-188320283af2/elements[39m
[35m[HTTP][39m [90m{"using":"-android uiautomator","value":"new UiSelector().className(\"android.widget.TextView\").resourceId(\"it.sky.msa:id/heroCaptionTextView\").instance(8)"}[39m
[35m[HTTP][39m [37m<-- POST /wd/hub/session/10beb8b9-9464-4e3e-b2e8-188320283af2/elements [39m[32m200[39m [90m120 ms - 124[39m
[35m[HTTP][39m [90m[39m
[35m[HTTP][39m [37m-->[39m [37mGET[39m [37m/wd/hub/session/10beb8b9-9464-4e3e-b2e8-188320283af2[39m
[35m[HTTP][39m [90m{}[39m
[35m[HTTP][39m [37m<-- GET /wd/hub/session/10beb8b9-9464-4e3e-b2e8-188320283af2 [39m[32m200[39m [90m23 ms - 1133[39m
[35m[HTTP][39m [90m[39m
[35m[HTTP][39m [37m-->[39m [37mGET[39m [37m/wd/hub/session/10beb8b9-9464-4e3e-b2e8-188320283af2[39m
[35m[HTTP][39m [90m{}[39m
[35m[HTTP][39m [37m<-- GET /wd/hub/session/10beb8b9-9464-4e3e-b2e8-188320283af2 [39m[32m200[39m [90m27 ms - 1133[39m
[35m[HTTP][39m [90m[39m
[35m[HTTP][39m [37m-->[39m [37mGET[39m [37m/wd/hub/session/10beb8b9-9464-4e3e-b2e8-188320283af2[39m
[35m[HTTP][39m [90m{}[39m
[35m[HTTP][39m [37m<-- GET /wd/hub/session/10beb8b9-9464-4e3e-b2e8-188320283af2 [39m[32m200[39m [90m26 ms - 1133[39m
[35m[HTTP][39m [90m[39m
[35m[HTTP][39m [37m-->[39m [37mGET[39m [37m/wd/hub/session/10beb8b9-9464-4e3e-b2e8-188320283af2[39m
[35m[HTTP][39m [90m{}[39m
[35m[HTTP][39m [37m<-- GET /wd/hub/session/10beb8b9-9464-4e3e-b2e8-188320283af2 [39m[32m200[39m [90m26 ms - 1133[39m
[35m[HTTP][39m [90m[39m
[35m[HTTP][39m [37m-->[39m [37mGET[39m [37m/wd/hub/session/10beb8b9-9464-4e3e-b2e8-188320283af2/element/ac07c289-d1a0-4401-b9ce-46cbfd70ae76/location[39m
[35m[HTTP][39m [90m{}[39m
[35m[W3C][39m Driver proxy active, passing request on via HTTP proxy
[35m[JSONWP Proxy][39m Replacing sessionId 232813b4-fe00-4668-9fec-1f36662844d0 with 10beb8b9-9464-4e3e-b2e8-188320283af2
[35m[HTTP][39m [37m<-- GET /wd/hub/session/10beb8b9-9464-4e3e-b2e8-188320283af2/element/ac07c289-d1a0-4401-b9ce-46cbfd70ae76/location [39m[32m200[39m [90m56 ms - 89[39m
[35m[HTTP][39m [90m[39m
[35m[HTTP][39m [37m-->[39m [37mGET[39m [37m/wd/hub/session/10beb8b9-9464-4e3e-b2e8-188320283af2/window/current/size[39m
[35m[HTTP][39m [90m{}[39m
[35m[W3C][39m Driver proxy active, passing request on via HTTP proxy
[35m[JSONWP Proxy][39m Replacing sessionId 232813b4-fe00-4668-9fec-1f36662844d0 with 10beb8b9-9464-4e3e-b2e8-188320283af2
[35m[HTTP][39m [37m<-- GET /wd/hub/session/10beb8b9-9464-4e3e-b2e8-188320283af2/window/current/size [39m[32m200[39m [90m33 ms - 100[39m
[35m[HTTP][39m [90m[39m
[35m[HTTP][39m [37m-->[39m [37mPOST[39m [37m/wd/hub/session/10beb8b9-9464-4e3e-b2e8-188320283af2/elements[39m
[35m[HTTP][39m [90m{"using":"-android uiautomator","value":"new UiSelector().className(\"android.widget.TextView\").resourceId(\"it.sky.msa:id/heroCaptionTextView\").instance(8)"}[39m
[35m[HTTP][39m [37m<-- POST /wd/hub/session/10beb8b9-9464-4e3e-b2e8-188320283af2/elements [39m[32m200[39m [90m96 ms - 124[39m
[35m[HTTP][39m [90m[39m
[35m[HTTP][39m [37m-->[39m [37mGET[39m [37m/wd/hub/session/10beb8b9-9464-4e3e-b2e8-188320283af2[39m
[35m[HTTP][39m [90m{}[39m
[35m[HTTP][39m [37m<-- GET /wd/hub/session/10beb8b9-9464-4e3e-b2e8-188320283af2 [39m[32m200[39m [90m24 ms - 1133[39m
[35m[HTTP][39m [90m[39m
[35m[HTTP][39m [37m-->[39m [37mGET[39m [37m/wd/hub/session/10beb8b9-9464-4e3e-b2e8-188320283af2[39m
[35m[HTTP][39m [90m{}[39m
[35m[HTTP][39m [37m<-- GET /wd/hub/session/10beb8b9-9464-4e3e-b2e8-188320283af2 [39m[32m200[39m [90m25 ms - 1133[39m
[35m[HTTP][39m [90m[39m
[35m[HTTP][39m [37m-->[39m [37mGET[39m [37m/wd/hub/session/10beb8b9-9464-4e3e-b2e8-188320283af2[39m
[35m[HTTP][39m [90m{}[39m
[35m[HTTP][39m [37m<-- GET /wd/hub/session/10beb8b9-9464-4e3e-b2e8-188320283af2 [39m[32m200[39m [90m29 ms - 1133[39m
[35m[HTTP][39m [90m[39m
[35m[HTTP][39m [37m-->[39m [37mGET[39m [37m/wd/hub/session/10beb8b9-9464-4e3e-b2e8-188320283af2[39m
[35m[HTTP][39m [90m{}[39m
[35m[HTTP][39m [37m<-- GET /wd/hub/session/10beb8b9-9464-4e3e-b2e8-188320283af2 [39m[32m200[39m [90m23 ms - 1133[39m
[35m[HTTP][39m [90m[39m
[35m[HTTP][39m [37m-->[39m [37mGET[39m [37m/wd/hub/session/10beb8b9-9464-4e3e-b2e8-188320283af2/element/91619710-c0cd-4f9f-8efb-63042ae1a03d/location[39m
[35m[HTTP][39m [90m{}[39m
[35m[W3C][39m Driver proxy active, passing request on via HTTP proxy
[35m[JSONWP Proxy][39m Replacing sessionId 232813b4-fe00-4668-9fec-1f36662844d0 with 10beb8b9-9464-4e3e-b2e8-188320283af2
[35m[HTTP][39m [37m<-- GET /wd/hub/session/10beb8b9-9464-4e3e-b2e8-188320283af2/element/91619710-c0cd-4f9f-8efb-63042ae1a03d/location [39m[32m200[39m [90m59 ms - 89[39m
[35m[HTTP][39m [90m[39m
[35m[HTTP][39m [37m-->[39m [37mGET[39m [37m/wd/hub/session/10beb8b9-9464-4e3e-b2e8-188320283af2/element/91619710-c0cd-4f9f-8efb-63042ae1a03d/text[39m
[35m[HTTP][39m [90m{}[39m
[35m[W3C][39m Driver proxy active, passing request on via HTTP proxy
[35m[JSONWP Proxy][39m Replacing sessionId 232813b4-fe00-4668-9fec-1f36662844d0 with 10beb8b9-9464-4e3e-b2e8-188320283af2
[35m[HTTP][39m [37m<-- GET /wd/hub/session/10beb8b9-9464-4e3e-b2e8-188320283af2/element/91619710-c0cd-4f9f-8efb-63042ae1a03d/text [39m[32m200[39m [90m64 ms - 89[39m
[35m[HTTP][39m [90m[39m
[35m[HTTP][39m [37m-->[39m [37mGET[39m [37m/wd/hub/session/10beb8b9-9464-4e3e-b2e8-188320283af2/context[39m
[35m[HTTP][39m [90m{}[39m
[35m[HTTP][39m [37m<-- GET /wd/hub/session/10beb8b9-9464-4e3e-b2e8-188320283af2/context [39m[32m200[39m [90m2 ms - 84[39m
[35m[HTTP][39m [90m[39m
[35m[HTTP][39m [37m-->[39m [37mGET[39m [37m/wd/hub/session/10beb8b9-9464-4e3e-b2e8-188320283af2/contexts[39m
[35m[HTTP][39m [90m{}[39m
[35m[HTTP][39m [37m<-- GET /wd/hub/session/10beb8b9-9464-4e3e-b2e8-188320283af2/contexts [39m[32m200[39m [90m90 ms - 86[39m
[35m[HTTP][39m [90m[39m
[35m[HTTP][39m [37m-->[39m [37mPOST[39m [37m/wd/hub/session/10beb8b9-9464-4e3e-b2e8-188320283af2/context[39m
[35m[HTTP][39m [90m{"name":"NATIVE_APP"}[39m
[35m[HTTP][39m [37m<-- POST /wd/hub/session/10beb8b9-9464-4e3e-b2e8-188320283af2/context [39m[32m200[39m [90m88 ms - 76[39m
[35m[HTTP][39m [90m[39m
[35m[HTTP][39m [37m-->[39m [37mPOST[39m [37m/wd/hub/session/10beb8b9-9464-4e3e-b2e8-188320283af2/touch/perform[39m
[35m[HTTP][39m [90m{"actions":[{"action":"press","options":{"x":0,"y":240}},{"action":"wait","options":{"ms":500}},{"action":"moveTo","options":{"x":0,"y":1137}}]}[39m
[35m[HTTP][39m [37m<-- POST /wd/hub/session/10beb8b9-9464-4e3e-b2e8-188320283af2/touch/perform [39m[32m200[39m [90m2095 ms - 76[39m
[35m[HTTP][39m [90m[39m
[35m[HTTP][39m [37m-->[39m [37mPOST[39m [37m/wd/hub/session/10beb8b9-9464-4e3e-b2e8-188320283af2/context[39m
[35m[HTTP][39m [90m{"name":"NATIVE_APP"}[39m
[35m[HTTP][39m [37m<-- POST /wd/hub/session/10beb8b9-9464-4e3e-b2e8-188320283af2/context [39m[32m200[39m [90m105 ms - 76[39m
[35m[HTTP][39m [90m[39m
[35m[HTTP][39m [37m-->[39m [37mGET[39m [37m/wd/hub/session/10beb8b9-9464-4e3e-b2e8-188320283af2/window/current/size[39m
[35m[HTTP][39m [90m{}[39m
[35m[W3C][39m Driver proxy active, passing request on via HTTP proxy
[35m[JSONWP Proxy][39m Replacing sessionId 232813b4-fe00-4668-9fec-1f36662844d0 with 10beb8b9-9464-4e3e-b2e8-188320283af2
[35m[HTTP][39m [37m<-- GET /wd/hub/session/10beb8b9-9464-4e3e-b2e8-188320283af2/window/current/size [39m[32m200[39m [90m33 ms - 100[39m
[35m[HTTP][39m [90m[39m
[35m[HTTP][39m [37m-->[39m [37mPOST[39m [37m/wd/hub/session/10beb8b9-9464-4e3e-b2e8-188320283af2/elements[39m
[35m[HTTP][39m [90m{"using":"-android uiautomator","value":"new UiSelector().className(\"android.widget.TextView\").text(\"Scelti per te questa settimana\").resourceId(\"it.sky.msa:id/categoryTitle\").instance(6)"}[39m
[35m[HTTP][39m [37m<-- POST /wd/hub/session/10beb8b9-9464-4e3e-b2e8-188320283af2/elements [39m[32m200[39m [90m130 ms - 124[39m
[35m[HTTP][39m [90m[39m
[35m[HTTP][39m [37m-->[39m [37mGET[39m [37m/wd/hub/session/10beb8b9-9464-4e3e-b2e8-188320283af2[39m
[35m[HTTP][39m [90m{}[39m
[35m[HTTP][39m [37m<-- GET /wd/hub/session/10beb8b9-9464-4e3e-b2e8-188320283af2 [39m[32m200[39m [90m33 ms - 1133[39m
[35m[HTTP][39m [90m[39m
[35m[HTTP][39m [37m-->[39m [37mGET[39m [37m/wd/hub/session/10beb8b9-9464-4e3e-b2e8-188320283af2[39m
[35m[HTTP][39m [90m{}[39m
[35m[HTTP][39m [37m<-- GET /wd/hub/session/10beb8b9-9464-4e3e-b2e8-188320283af2 [39m[32m200[39m [90m26 ms - 1133[39m
[35m[HTTP][39m [90m[39m
[35m[HTTP][39m [37m-->[39m [37mGET[39m [37m/wd/hub/session/10beb8b9-9464-4e3e-b2e8-188320283af2[39m
[35m[HTTP][39m [90m{}[39m
[35m[HTTP][39m [37m<-- GET /wd/hub/session/10beb8b9-9464-4e3e-b2e8-188320283af2 [39m[32m200[39m [90m26 ms - 1133[39m
[35m[HTTP][39m [90m[39m
[35m[HTTP][39m [37m-->[39m [37mGET[39m [37m/wd/hub/session/10beb8b9-9464-4e3e-b2e8-188320283af2[39m
[35m[HTTP][39m [90m{}[39m
[35m[HTTP][39m [37m<-- GET /wd/hub/session/10beb8b9-9464-4e3e-b2e8-188320283af2 [39m[32m200[39m [90m24 ms - 1133[39m
[35m[HTTP][39m [90m[39m
[35m[HTTP][39m [37m-->[39m [37mGET[39m [37m/wd/hub/session/10beb8b9-9464-4e3e-b2e8-188320283af2/element/ce3888b2-66c6-42cf-9cfc-6032cb60586f/location[39m
[35m[HTTP][39m [90m{}[39m
[35m[W3C][39m Driver proxy active, passing request on via HTTP proxy
[35m[JSONWP Proxy][39m Replacing sessionId 232813b4-fe00-4668-9fec-1f36662844d0 with 10beb8b9-9464-4e3e-b2e8-188320283af2
[35m[HTTP][39m [37m<-- GET /wd/hub/session/10beb8b9-9464-4e3e-b2e8-188320283af2/element/ce3888b2-66c6-42cf-9cfc-6032cb60586f/location [39m[32m200[39m [90m51 ms - 89[39m
[35m[HTTP][39m [90m[39m
[35m[HTTP][39m [37m-->[39m [37mGET[39m [37m/wd/hub/session/10beb8b9-9464-4e3e-b2e8-188320283af2/element/ce3888b2-66c6-42cf-9cfc-6032cb60586f/text[39m
[35m[HTTP][39m [90m{}[39m
[35m[W3C][39m Driver proxy active, passing request on via HTTP proxy
[35m[JSONWP Proxy][39m Replacing sessionId 232813b4-fe00-4668-9fec-1f36662844d0 with 10beb8b9-9464-4e3e-b2e8-188320283af2
[35m[HTTP][39m [37m<-- GET /wd/hub/session/10beb8b9-9464-4e3e-b2e8-188320283af2/element/ce3888b2-66c6-42cf-9cfc-6032cb60586f/text [39m[32m200[39m [90m71 ms - 104[39m
[35m[HTTP][39m [90m[39m
[35m[HTTP][39m [37m-->[39m [37mGET[39m [37m/wd/hub/session/10beb8b9-9464-4e3e-b2e8-188320283af2/window/current/size[39m
[35m[HTTP][39m [90m{}[39m
[35m[W3C][39m Driver proxy active, passing request on via HTTP proxy
[35m[JSONWP Proxy][39m Replacing sessionId 232813b4-fe00-4668-9fec-1f36662844d0 with 10beb8b9-9464-4e3e-b2e8-188320283af2
[35m[HTTP][39m [37m<-- GET /wd/hub/session/10beb8b9-9464-4e3e-b2e8-188320283af2/window/current/size [39m[32m200[39m [90m36 ms - 100[39m
[35m[HTTP][39m [90m[39m
[35m[HTTP][39m [37m-->[39m [37mPOST[39m [37m/wd/hub/session/10beb8b9-9464-4e3e-b2e8-188320283af2/elements[39m
[35m[HTTP][39m [90m{"using":"-android uiautomator","value":"new UiSelector().className(\"android.widget.TextView\").text(\"Scelti per te questa settimana\").resourceId(\"it.sky.msa:id/categoryTitle\").instance(6)"}[39m
[35m[HTTP][39m [37m<-- POST /wd/hub/session/10beb8b9-9464-4e3e-b2e8-188320283af2/elements [39m[32m200[39m [90m102 ms - 124[39m
[35m[HTTP][39m [90m[39m
[35m[HTTP][39m [37m-->[39m [37mGET[39m [37m/wd/hub/session/10beb8b9-9464-4e3e-b2e8-188320283af2[39m
[35m[HTTP][39m [90m{}[39m
[35m[HTTP][39m [37m<-- GET /wd/hub/session/10beb8b9-9464-4e3e-b2e8-188320283af2 [39m[32m200[39m [90m25 ms - 1133[39m
[35m[HTTP][39m [90m[39m
[35m[HTTP][39m [37m-->[39m [37mGET[39m [37m/wd/hub/session/10beb8b9-9464-4e3e-b2e8-188320283af2[39m
[35m[HTTP][39m [90m{}[39m
[35m[HTTP][39m [37m<-- GET /wd/hub/session/10beb8b9-9464-4e3e-b2e8-188320283af2 [39m[32m200[39m [90m24 ms - 1133[39m
[35m[HTTP][39m [90m[39m
[35m[HTTP][39m [37m-->[39m [37mGET[39m [37m/wd/hub/session/10beb8b9-9464-4e3e-b2e8-188320283af2[39m
[35m[HTTP][39m [90m{}[39m
[35m[HTTP][39m [37m<-- GET /wd/hub/session/10beb8b9-9464-4e3e-b2e8-188320283af2 [39m[32m200[39m [90m30 ms - 1133[39m
[35m[HTTP][39m [90m[39m
[35m[HTTP][39m [37m-->[39m [37mGET[39m [37m/wd/hub/session/10beb8b9-9464-4e3e-b2e8-188320283af2[39m
[35m[HTTP][39m [90m{}[39m
[35m[HTTP][39m [37m<-- GET /wd/hub/session/10beb8b9-9464-4e3e-b2e8-188320283af2 [39m[32m200[39m [90m24 ms - 1133[39m
[35m[HTTP][39m [90m[39m
[35m[HTTP][39m [37m-->[39m [37mGET[39m [37m/wd/hub/session/10beb8b9-9464-4e3e-b2e8-188320283af2/element/0d267ba5-aedd-47b0-96c6-0d638fe74989/location[39m
[35m[HTTP][39m [90m{}[39m
[35m[W3C][39m Driver proxy active, passing request on via HTTP proxy
[35m[JSONWP Proxy][39m Replacing sessionId 232813b4-fe00-4668-9fec-1f36662844d0 with 10beb8b9-9464-4e3e-b2e8-188320283af2
[35m[HTTP][39m [37m<-- GET /wd/hub/session/10beb8b9-9464-4e3e-b2e8-188320283af2/element/0d267ba5-aedd-47b0-96c6-0d638fe74989/location [39m[32m200[39m [90m53 ms - 89[39m
[35m[HTTP][39m [90m[39m
[35m[HTTP][39m [37m-->[39m [37mGET[39m [37m/wd/hub/session/10beb8b9-9464-4e3e-b2e8-188320283af2/element/0d267ba5-aedd-47b0-96c6-0d638fe74989/text[39m
[35m[HTTP][39m [90m{}[39m
[35m[W3C][39m Driver proxy active, passing request on via HTTP proxy
[35m[JSONWP Proxy][39m Replacing sessionId 232813b4-fe00-4668-9fec-1f36662844d0 with 10beb8b9-9464-4e3e-b2e8-188320283af2
[35m[HTTP][39m [37m<-- GET /wd/hub/session/10beb8b9-9464-4e3e-b2e8-188320283af2/element/0d267ba5-aedd-47b0-96c6-0d638fe74989/text [39m[32m200[39m [90m69 ms - 104[39m
[35m[HTTP][39m [90m[39m
[35m[HTTP][39m [37m-->[39m [37mGET[39m [37m/wd/hub/session/10beb8b9-9464-4e3e-b2e8-188320283af2/context[39m
[35m[HTTP][39m [90m{}[39m
[35m[HTTP][39m [37m<-- GET /wd/hub/session/10beb8b9-9464-4e3e-b2e8-188320283af2/context [39m[32m200[39m [90m2 ms - 84[39m
[35m[HTTP][39m [90m[39m
[35m[HTTP][39m [37m-->[39m [37mGET[39m [37m/wd/hub/session/10beb8b9-9464-4e3e-b2e8-188320283af2/contexts[39m
[35m[HTTP][39m [90m{}[39m
[35m[HTTP][39m [37m<-- GET /wd/hub/session/10beb8b9-9464-4e3e-b2e8-188320283af2/contexts [39m[32m200[39m [90m87 ms - 86[39m
[35m[HTTP][39m [90m[39m
[35m[HTTP][39m [37m-->[39m [37mPOST[39m [37m/wd/hub/session/10beb8b9-9464-4e3e-b2e8-188320283af2/context[39m
[35m[HTTP][39m [90m{"name":"NATIVE_APP"}[39m
[35m[HTTP][39m [37m<-- POST /wd/hub/session/10beb8b9-9464-4e3e-b2e8-188320283af2/context [39m[32m200[39m [90m118 ms - 76[39m
[35m[HTTP][39m [90m[39m
[35m[HTTP][39m [37m-->[39m [37mPOST[39m [37m/wd/hub/session/10beb8b9-9464-4e3e-b2e8-188320283af2/touch/perform[39m
[35m[HTTP][39m [90m{"actions":[{"action":"press","options":{"x":0,"y":0}},{"action":"wait","options":{"ms":500}},{"action":"moveTo","options":{"x":100,"y":0}}]}[39m
[35m[HTTP][39m [37m<-- POST /wd/hub/session/10beb8b9-9464-4e3e-b2e8-188320283af2/touch/perform [39m[32m200[39m [90m2103 ms - 76[39m
[35m[HTTP][39m [90m[39m
[35m[HTTP][39m [37m-->[39m [37mPOST[39m [37m/wd/hub/session/10beb8b9-9464-4e3e-b2e8-188320283af2/context[39m
[35m[HTTP][39m [90m{"name":"NATIVE_APP"}[39m
[35m[HTTP][39m [37m<-- POST /wd/hub/session/10beb8b9-9464-4e3e-b2e8-188320283af2/context [39m[32m200[39m [90m100 ms - 76[39m
[35m[HTTP][39m [90m[39m
[35m[HTTP][39m [37m-->[39m [37mGET[39m [37m/wd/hub/session/10beb8b9-9464-4e3e-b2e8-188320283af2/context[39m
[35m[HTTP][39m [90m{}[39m
[35m[HTTP][39m [37m<-- GET /wd/hub/session/10beb8b9-9464-4e3e-b2e8-188320283af2/context [39m[32m200[39m [90m3 ms - 84[39m
[35m[HTTP][39m [90m[39m
[35m[HTTP][39m [37m-->[39m [37mGET[39m [37m/wd/hub/session/10beb8b9-9464-4e3e-b2e8-188320283af2/contexts[39m
[35m[HTTP][39m [90m{}[39m
[35m[HTTP][39m [37m<-- GET /wd/hub/session/10beb8b9-9464-4e3e-b2e8-188320283af2/contexts [39m[32m200[39m [90m116 ms - 86[39m
[35m[HTTP][39m [90m[39m
[35m[HTTP][39m [37m-->[39m [37mPOST[39m [37m/wd/hub/session/10beb8b9-9464-4e3e-b2e8-188320283af2/context[39m
[35m[HTTP][39m [90m{"name":"NATIVE_APP"}[39m
[35m[HTTP][39m [37m<-- POST /wd/hub/session/10beb8b9-9464-4e3e-b2e8-188320283af2/context [39m[32m200[39m [90m91 ms - 76[39m
[35m[HTTP][39m [90m[39m
[35m[HTTP][39m [37m-->[39m [37mPOST[39m [37m/wd/hub/session/10beb8b9-9464-4e3e-b2e8-188320283af2/touch/perform[39m
[35m[HTTP][39m [90m{"actions":[{"action":"press","options":{"x":0,"y":0}},{"action":"wait","options":{"ms":500}},{"action":"moveTo","options":{"x":-100,"y":0}}]}[39m
[35m[HTTP][39m [37m<-- POST /wd/hub/session/10beb8b9-9464-4e3e-b2e8-188320283af2/touch/perform [39m[32m200[39m [90m2087 ms - 76[39m
[35m[HTTP][39m [90m[39m
[35m[HTTP][39m [37m-->[39m [37mPOST[39m [37m/wd/hub/session/10beb8b9-9464-4e3e-b2e8-188320283af2/context[39m
[35m[HTTP][39m [90m{"name":"NATIVE_APP"}[39m
[35m[HTTP][39m [37m<-- POST /wd/hub/session/10beb8b9-9464-4e3e-b2e8-188320283af2/context [39m[32m200[39m [90m95 ms - 76[39m
[35m[HTTP][39m [90m[39m
[35m[HTTP][39m [37m-->[39m [37mGET[39m [37m/wd/hub/session/10beb8b9-9464-4e3e-b2e8-188320283af2/window/current/size[39m
[35m[HTTP][39m [90m{}[39m
[35m[W3C][39m Driver proxy active, passing request on via HTTP proxy
[35m[JSONWP Proxy][39m Replacing sessionId 232813b4-fe00-4668-9fec-1f36662844d0 with 10beb8b9-9464-4e3e-b2e8-188320283af2
[35m[HTTP][39m [37m<-- GET /wd/hub/session/10beb8b9-9464-4e3e-b2e8-188320283af2/window/current/size [39m[32m200[39m [90m33 ms - 100[39m
[35m[HTTP][39m [90m[39m
[35m[HTTP][39m [37m-->[39m [37mPOST[39m [37m/wd/hub/session/10beb8b9-9464-4e3e-b2e8-188320283af2/elements[39m
[35m[HTTP][39m [90m{"using":"-android uiautomator","value":"new UiSelector().className(\"android.widget.TextView\").text(\"Scelti per te questa settimana\").resourceId(\"it.sky.msa:id/categoryTitle\").instance(6)"}[39m
[35m[HTTP][39m [37m<-- POST /wd/hub/session/10beb8b9-9464-4e3e-b2e8-188320283af2/elements [39m[32m200[39m [90m133 ms - 124[39m
[35m[HTTP][39m [90m[39m
[35m[HTTP][39m [37m-->[39m [37mGET[39m [37m/wd/hub/session/10beb8b9-9464-4e3e-b2e8-188320283af2[39m
[35m[HTTP][39m [90m{}[39m
[35m[HTTP][39m [37m<-- GET /wd/hub/session/10beb8b9-9464-4e3e-b2e8-188320283af2 [39m[32m200[39m [90m27 ms - 1133[39m
[35m[HTTP][39m [90m[39m
[35m[HTTP][39m [37m-->[39m [37mGET[39m [37m/wd/hub/session/10beb8b9-9464-4e3e-b2e8-188320283af2[39m
[35m[HTTP][39m [90m{}[39m
[35m[HTTP][39m [37m<-- GET /wd/hub/session/10beb8b9-9464-4e3e-b2e8-188320283af2 [39m[32m200[39m [90m22 ms - 1133[39m
[35m[HTTP][39m [90m[39m
[35m[HTTP][39m [37m-->[39m [37mGET[39m [37m/wd/hub/session/10beb8b9-9464-4e3e-b2e8-188320283af2[39m
[35m[HTTP][39m [90m{}[39m
[35m[HTTP][39m [37m<-- GET /wd/hub/session/10beb8b9-9464-4e3e-b2e8-188320283af2 [39m[32m200[39m [90m24 ms - 1133[39m
[35m[HTTP][39m [90m[39m
[35m[HTTP][39m [37m-->[39m [37mGET[39m [37m/wd/hub/session/10beb8b9-9464-4e3e-b2e8-188320283af2[39m
[35m[HTTP][39m [90m{}[39m
[35m[HTTP][39m [37m<-- GET /wd/hub/session/10beb8b9-9464-4e3e-b2e8-188320283af2 [39m[32m200[39m [90m28 ms - 1133[39m
[35m[HTTP][39m [90m[39m
[35m[HTTP][39m [37m-->[39m [37mGET[39m [37m/wd/hub/session/10beb8b9-9464-4e3e-b2e8-188320283af2/element/49b015fe-37c8-43bc-9997-baa6cadf3dcb/location[39m
[35m[HTTP][39m [90m{}[39m
[35m[W3C][39m Driver proxy active, passing request on via HTTP proxy
[35m[JSONWP Proxy][39m Replacing sessionId 232813b4-fe00-4668-9fec-1f36662844d0 with 10beb8b9-9464-4e3e-b2e8-188320283af2
[35m[HTTP][39m [37m<-- GET /wd/hub/session/10beb8b9-9464-4e3e-b2e8-188320283af2/element/49b015fe-37c8-43bc-9997-baa6cadf3dcb/location [39m[32m200[39m [90m48 ms - 89[39m
[35m[HTTP][39m [90m[39m
[35m[HTTP][39m [37m-->[39m [37mGET[39m [37m/wd/hub/session/10beb8b9-9464-4e3e-b2e8-188320283af2/element/49b015fe-37c8-43bc-9997-baa6cadf3dcb/size[39m
[35m[HTTP][39m [90m{}[39m
[35m[W3C][39m Driver proxy active, passing request on via HTTP proxy
[35m[JSONWP Proxy][39m Replacing sessionId 232813b4-fe00-4668-9fec-1f36662844d0 with 10beb8b9-9464-4e3e-b2e8-188320283af2
[35m[HTTP][39m [37m<-- GET /wd/hub/session/10beb8b9-9464-4e3e-b2e8-188320283af2/element/49b015fe-37c8-43bc-9997-baa6cadf3dcb/size [39m[32m200[39m [90m47 ms - 98[39m
[35m[HTTP][39m [90m[39m
[35m[HTTP][39m [37m-->[39m [37mGET[39m [37m/wd/hub/session/10beb8b9-9464-4e3e-b2e8-188320283af2/window/current/size[39m
[35m[HTTP][39m [90m{}[39m
[35m[W3C][39m Driver proxy active, passing request on via HTTP proxy
[35m[JSONWP Proxy][39m Replacing sessionId 232813b4-fe00-4668-9fec-1f36662844d0 with 10beb8b9-9464-4e3e-b2e8-188320283af2
[35m[HTTP][39m [37m<-- GET /wd/hub/session/10beb8b9-9464-4e3e-b2e8-188320283af2/window/current/size [39m[32m200[39m [90m38 ms - 100[39m
[35m[HTTP][39m [90m[39m
[35m[HTTP][39m [37m-->[39m [37mPOST[39m [37m/wd/hub/session/10beb8b9-9464-4e3e-b2e8-188320283af2/elements[39m
[35m[HTTP][39m [90m{"using":"-android uiautomator","value":"new UiSelector().className(\"android.widget.TextView\").text(\"Scelti per te questa settimana\").resourceId(\"it.sky.msa:id/categoryTitle\").instance(6)"}[39m
[35m[HTTP][39m [37m<-- POST /wd/hub/session/10beb8b9-9464-4e3e-b2e8-188320283af2/elements [39m[32m200[39m [90m120 ms - 124[39m
[35m[HTTP][39m [90m[39m
[35m[HTTP][39m [37m-->[39m [37mGET[39m [37m/wd/hub/session/10beb8b9-9464-4e3e-b2e8-188320283af2[39m
[35m[HTTP][39m [90m{}[39m
[35m[HTTP][39m [37m<-- GET /wd/hub/session/10beb8b9-9464-4e3e-b2e8-188320283af2 [39m[32m200[39m [90m23 ms - 1133[39m
[35m[HTTP][39m [90m[39m
[35m[HTTP][39m [37m-->[39m [37mGET[39m [37m/wd/hub/session/10beb8b9-9464-4e3e-b2e8-188320283af2[39m
[35m[HTTP][39m [90m{}[39m
[35m[HTTP][39m [37m<-- GET /wd/hub/session/10beb8b9-9464-4e3e-b2e8-188320283af2 [39m[32m200[39m [90m23 ms - 1133[39m
[35m[HTTP][39m [90m[39m
[35m[HTTP][39m [37m-->[39m [37mGET[39m [37m/wd/hub/session/10beb8b9-9464-4e3e-b2e8-188320283af2[39m
[35m[HTTP][39m [90m{}[39m
[35m[HTTP][39m [37m<-- GET /wd/hub/session/10beb8b9-9464-4e3e-b2e8-188320283af2 [39m[32m200[39m [90m21 ms - 1133[39m
[35m[HTTP][39m [90m[39m
[35m[HTTP][39m [37m-->[39m [37mGET[39m [37m/wd/hub/session/10beb8b9-9464-4e3e-b2e8-188320283af2[39m
[35m[HTTP][39m [90m{}[39m
[35m[HTTP][39m [37m<-- GET /wd/hub/session/10beb8b9-9464-4e3e-b2e8-188320283af2 [39m[32m200[39m [90m22 ms - 1133[39m
[35m[HTTP][39m [90m[39m
[35m[HTTP][39m [37m-->[39m [37mGET[39m [37m/wd/hub/session/10beb8b9-9464-4e3e-b2e8-188320283af2/element/a8964c46-eb10-4cf5-8645-3e8d2e748da7/location[39m
[35m[HTTP][39m [90m{}[39m
[35m[W3C][39m Driver proxy active, passing request on via HTTP proxy
[35m[JSONWP Proxy][39m Replacing sessionId 232813b4-fe00-4668-9fec-1f36662844d0 with 10beb8b9-9464-4e3e-b2e8-188320283af2
[35m[HTTP][39m [37m<-- GET /wd/hub/session/10beb8b9-9464-4e3e-b2e8-188320283af2/element/a8964c46-eb10-4cf5-8645-3e8d2e748da7/location [39m[32m200[39m [90m46 ms - 89[39m
[35m[HTTP][39m [90m[39m
[35m[HTTP][39m [37m-->[39m [37mGET[39m [37m/wd/hub/session/10beb8b9-9464-4e3e-b2e8-188320283af2/element/a8964c46-eb10-4cf5-8645-3e8d2e748da7/size[39m
[35m[HTTP][39m [90m{}[39m
[35m[W3C][39m Driver proxy active, passing request on via HTTP proxy
[35m[JSONWP Proxy][39m Replacing sessionId 232813b4-fe00-4668-9fec-1f36662844d0 with 10beb8b9-9464-4e3e-b2e8-188320283af2
[35m[HTTP][39m [37m<-- GET /wd/hub/session/10beb8b9-9464-4e3e-b2e8-188320283af2/element/a8964c46-eb10-4cf5-8645-3e8d2e748da7/size [39m[32m200[39m [90m46 ms - 98[39m
[35m[HTTP][39m [90m[39m
[35m[HTTP][39m [37m-->[39m [37mGET[39m [37m/wd/hub/session/10beb8b9-9464-4e3e-b2e8-188320283af2/window/current/size[39m
[35m[HTTP][39m [90m{}[39m
[35m[W3C][39m Driver proxy active, passing request on via HTTP proxy
[35m[JSONWP Proxy][39m Replacing sessionId 232813b4-fe00-4668-9fec-1f36662844d0 with 10beb8b9-9464-4e3e-b2e8-188320283af2
[35m[HTTP][39m [37m<-- GET /wd/hub/session/10beb8b9-9464-4e3e-b2e8-188320283af2/window/current/size [39m[32m200[39m [90m58 ms - 100[39m
[35m[HTTP][39m [90m[39m
[35m[HTTP][39m [37m-->[39m [37mPOST[39m [37m/wd/hub/session/10beb8b9-9464-4e3e-b2e8-188320283af2/elements[39m
[35m[HTTP][39m [90m{"using":"-android uiautomator","value":"new UiSelector().className(\"android.widget.TextView\").resourceId(\"it.sky.msa:id/categoryTitle\")"}[39m
[35m[HTTP][39m [37m<-- POST /wd/hub/session/10beb8b9-9464-4e3e-b2e8-188320283af2/elements [39m[32m200[39m [90m92 ms - 124[39m
[35m[HTTP][39m [90m[39m
[35m[HTTP][39m [37m-->[39m [37mGET[39m [37m/wd/hub/session/10beb8b9-9464-4e3e-b2e8-188320283af2[39m
[35m[HTTP][39m [90m{}[39m
[35m[HTTP][39m [37m<-- GET /wd/hub/session/10beb8b9-9464-4e3e-b2e8-188320283af2 [39m[32m200[39m [90m28 ms - 1133[39m
[35m[HTTP][39m [90m[39m
[35m[HTTP][39m [37m-->[39m [37mGET[39m [37m/wd/hub/session/10beb8b9-9464-4e3e-b2e8-188320283af2[39m
[35m[HTTP][39m [90m{}[39m
[35m[HTTP][39m [37m<-- GET /wd/hub/session/10beb8b9-9464-4e3e-b2e8-188320283af2 [39m[32m200[39m [90m26 ms - 1133[39m
[35m[HTTP][39m [90m[39m
[35m[HTTP][39m [37m-->[39m [37mGET[39m [37m/wd/hub/session/10beb8b9-9464-4e3e-b2e8-188320283af2[39m
[35m[HTTP][39m [90m{}[39m
[35m[HTTP][39m [37m<-- GET /wd/hub/session/10beb8b9-9464-4e3e-b2e8-188320283af2 [39m[32m200[39m [90m36 ms - 1133[39m
[35m[HTTP][39m [90m[39m
[35m[HTTP][39m [37m-->[39m [37mGET[39m [37m/wd/hub/session/10beb8b9-9464-4e3e-b2e8-188320283af2[39m
[35m[HTTP][39m [90m{}[39m
[35m[HTTP][39m [37m<-- GET /wd/hub/session/10beb8b9-9464-4e3e-b2e8-188320283af2 [39m[32m200[39m [90m25 ms - 1133[39m
[35m[HTTP][39m [90m[39m
[35m[HTTP][39m [37m-->[39m [37mGET[39m [37m/wd/hub/session/10beb8b9-9464-4e3e-b2e8-188320283af2/element/9ffd5b03-daa8-4e26-8b53-661a968c6ce8/location[39m
[35m[HTTP][39m [90m{}[39m
[35m[W3C][39m Driver proxy active, passing request on via HTTP proxy
[35m[JSONWP Proxy][39m Replacing sessionId 232813b4-fe00-4668-9fec-1f36662844d0 with 10beb8b9-9464-4e3e-b2e8-188320283af2
[35m[HTTP][39m [37m<-- GET /wd/hub/session/10beb8b9-9464-4e3e-b2e8-188320283af2/element/9ffd5b03-daa8-4e26-8b53-661a968c6ce8/location [39m[32m200[39m [90m57 ms - 89[39m
[35m[HTTP][39m [90m[39m
[35m[HTTP][39m [37m-->[39m [37mGET[39m [37m/wd/hub/session/10beb8b9-9464-4e3e-b2e8-188320283af2/element/9ffd5b03-daa8-4e26-8b53-661a968c6ce8/text[39m
[35m[HTTP][39m [90m{}[39m
[35m[W3C][39m Driver proxy active, passing request on via HTTP proxy
[35m[JSONWP Proxy][39m Replacing sessionId 232813b4-fe00-4668-9fec-1f36662844d0 with 10beb8b9-9464-4e3e-b2e8-188320283af2
[35m[HTTP][39m [37m<-- GET /wd/hub/session/10beb8b9-9464-4e3e-b2e8-188320283af2/element/9ffd5b03-daa8-4e26-8b53-661a968c6ce8/text [39m[32m200[39m [90m73 ms - 104[39m
[35m[HTTP][39m [90m[39m
[35m[HTTP][39m [37m-->[39m [37mGET[39m [37m/wd/hub/session/10beb8b9-9464-4e3e-b2e8-188320283af2/window/current/size[39m
[35m[HTTP][39m [90m{}[39m
[35m[W3C][39m Driver proxy active, passing request on via HTTP proxy
[35m[JSONWP Proxy][39m Replacing sessionId 232813b4-fe00-4668-9fec-1f36662844d0 with 10beb8b9-9464-4e3e-b2e8-188320283af2
[35m[HTTP][39m [37m<-- GET /wd/hub/session/10beb8b9-9464-4e3e-b2e8-188320283af2/window/current/size [39m[32m200[39m [90m31 ms - 100[39m
[35m[HTTP][39m [90m[39m
[35m[HTTP][39m [37m-->[39m [37mPOST[39m [37m/wd/hub/session/10beb8b9-9464-4e3e-b2e8-188320283af2/elements[39m
[35m[HTTP][39m [90m{"using":"-android uiautomator","value":"new UiSelector().className(\"android.widget.Button\").text(\"Vedi tutti\").resourceId(\"it.sky.msa:id/showAllCategoryButton\").instance(0)"}[39m
[35m[HTTP][39m [37m<-- POST /wd/hub/session/10beb8b9-9464-4e3e-b2e8-188320283af2/elements [39m[32m200[39m [90m92 ms - 124[39m
[35m[HTTP][39m [90m[39m
[35m[HTTP][39m [37m-->[39m [37mGET[39m [37m/wd/hub/session/10beb8b9-9464-4e3e-b2e8-188320283af2[39m
[35m[HTTP][39m [90m{}[39m
[35m[HTTP][39m [37m<-- GET /wd/hub/session/10beb8b9-9464-4e3e-b2e8-188320283af2 [39m[32m200[39m [90m25 ms - 1133[39m
[35m[HTTP][39m [90m[39m
[35m[HTTP][39m [37m-->[39m [37mGET[39m [37m/wd/hub/session/10beb8b9-9464-4e3e-b2e8-188320283af2[39m
[35m[HTTP][39m [90m{}[39m
[35m[HTTP][39m [37m<-- GET /wd/hub/session/10beb8b9-9464-4e3e-b2e8-188320283af2 [39m[32m200[39m [90m26 ms - 1133[39m
[35m[HTTP][39m [90m[39m
[35m[HTTP][39m [37m-->[39m [37mGET[39m [37m/wd/hub/session/10beb8b9-9464-4e3e-b2e8-188320283af2[39m
[35m[HTTP][39m [90m{}[39m
[35m[HTTP][39m [37m<-- GET /wd/hub/session/10beb8b9-9464-4e3e-b2e8-188320283af2 [39m[32m200[39m [90m27 ms - 1133[39m
[35m[HTTP][39m [90m[39m
[35m[HTTP][39m [37m-->[39m [37mGET[39m [37m/wd/hub/session/10beb8b9-9464-4e3e-b2e8-188320283af2[39m
[35m[HTTP][39m [90m{}[39m
[35m[HTTP][39m [37m<-- GET /wd/hub/session/10beb8b9-9464-4e3e-b2e8-188320283af2 [39m[32m200[39m [90m25 ms - 1133[39m
[35m[HTTP][39m [90m[39m
[35m[HTTP][39m [37m-->[39m [37mGET[39m [37m/wd/hub/session/10beb8b9-9464-4e3e-b2e8-188320283af2/element/0b37f964-729a-41a4-9ab7-1a8a400fbe25/location[39m
[35m[HTTP][39m [90m{}[39m
[35m[W3C][39m Driver proxy active, passing request on via HTTP proxy
[35m[JSONWP Proxy][39m Replacing sessionId 232813b4-fe00-4668-9fec-1f36662844d0 with 10beb8b9-9464-4e3e-b2e8-188320283af2
[35m[HTTP][39m [37m<-- GET /wd/hub/session/10beb8b9-9464-4e3e-b2e8-188320283af2/element/0b37f964-729a-41a4-9ab7-1a8a400fbe25/location [39m[32m200[39m [90m51 ms - 90[39m
[35m[HTTP][39m [90m[39m
[35m[HTTP][39m [37m-->[39m [37mPOST[39m [37m/wd/hub/session/10beb8b9-9464-4e3e-b2e8-188320283af2/touch/perform[39m
[35m[HTTP][39m [90m{"actions":[{"action":"tap","options":{"element":"0b37f964-729a-41a4-9ab7-1a8a400fbe25","x":1,"y":1}}]}[39m
[35m[UiAutomator2][39m calling get location: 0b37f964-729a-41a4-9ab7-1a8a400fbe25
[35m[HTTP][39m [37m<-- POST /wd/hub/session/10beb8b9-9464-4e3e-b2e8-188320283af2/touch/perform [39m[32m200[39m [90m922 ms - 76[39m
[35m[HTTP][39m [90m[39m
[35m[HTTP][39m [37m-->[39m [37mGET[39m [37m/wd/hub/session/10beb8b9-9464-4e3e-b2e8-188320283af2/window/current/size[39m
[35m[HTTP][39m [90m{}[39m
[35m[W3C][39m Driver proxy active, passing request on via HTTP proxy
[35m[JSONWP Proxy][39m Replacing sessionId 232813b4-fe00-4668-9fec-1f36662844d0 with 10beb8b9-9464-4e3e-b2e8-188320283af2
[35m[HTTP][39m [37m<-- GET /wd/hub/session/10beb8b9-9464-4e3e-b2e8-188320283af2/window/current/size [39m[32m200[39m [90m34 ms - 100[39m
[35m[HTTP][39m [90m[39m
[35m[HTTP][39m [37m-->[39m [37mPOST[39m [37m/wd/hub/session/10beb8b9-9464-4e3e-b2e8-188320283af2/elements[39m
[35m[HTTP][39m [90m{"using":"-android uiautomator","value":"new UiSelector().className(\"android.widget.TextView\").resourceId(\"it.sky.msa:id/toolbarTitle\")"}[39m
[35m[HTTP][39m [37m<-- POST /wd/hub/session/10beb8b9-9464-4e3e-b2e8-188320283af2/elements [39m[32m200[39m [90m84 ms - 124[39m
[35m[HTTP][39m [90m[39m
[35m[HTTP][39m [37m-->[39m [37mGET[39m [37m/wd/hub/session/10beb8b9-9464-4e3e-b2e8-188320283af2[39m
[35m[HTTP][39m [90m{}[39m
[35m[HTTP][39m [37m<-- GET /wd/hub/session/10beb8b9-9464-4e3e-b2e8-188320283af2 [39m[32m200[39m [90m25 ms - 1133[39m
[35m[HTTP][39m [90m[39m
[35m[HTTP][39m [37m-->[39m [37mGET[39m [37m/wd/hub/session/10beb8b9-9464-4e3e-b2e8-188320283af2[39m
[35m[HTTP][39m [90m{}[39m
[35m[HTTP][39m [37m<-- GET /wd/hub/session/10beb8b9-9464-4e3e-b2e8-188320283af2 [39m[32m200[39m [90m23 ms - 1133[39m
[35m[HTTP][39m [90m[39m
[35m[HTTP][39m [37m-->[39m [37mGET[39m [37m/wd/hub/session/10beb8b9-9464-4e3e-b2e8-188320283af2[39m
[35m[HTTP][39m [90m{}[39m
[35m[HTTP][39m [37m<-- GET /wd/hub/session/10beb8b9-9464-4e3e-b2e8-188320283af2 [39m[32m200[39m [90m24 ms - 1133[39m
[35m[HTTP][39m [90m[39m
[35m[HTTP][39m [37m-->[39m [37mGET[39m [37m/wd/hub/session/10beb8b9-9464-4e3e-b2e8-188320283af2[39m
[35m[HTTP][39m [90m{}[39m
[35m[HTTP][39m [37m<-- GET /wd/hub/session/10beb8b9-9464-4e3e-b2e8-188320283af2 [39m[32m200[39m [90m39 ms - 1133[39m
[35m[HTTP][39m [90m[39m
[35m[HTTP][39m [37m-->[39m [37mGET[39m [37m/wd/hub/session/10beb8b9-9464-4e3e-b2e8-188320283af2/element/9e1010c6-7892-42bf-aa0b-ecac20a6f23e/location[39m
[35m[HTTP][39m [90m{}[39m
[35m[W3C][39m Driver proxy active, passing request on via HTTP proxy
[35m[JSONWP Proxy][39m Replacing sessionId 232813b4-fe00-4668-9fec-1f36662844d0 with 10beb8b9-9464-4e3e-b2e8-188320283af2
[35m[HTTP][39m [37m<-- GET /wd/hub/session/10beb8b9-9464-4e3e-b2e8-188320283af2/element/9e1010c6-7892-42bf-aa0b-ecac20a6f23e/location [39m[32m200[39m [90m41 ms - 89[39m
[35m[HTTP][39m [90m[39m
[35m[HTTP][39m [37m-->[39m [37mGET[39m [37m/wd/hub/session/10beb8b9-9464-4e3e-b2e8-188320283af2/element/9e1010c6-7892-42bf-aa0b-ecac20a6f23e/text[39m
[35m[HTTP][39m [90m{}[39m
[35m[W3C][39m Driver proxy active, passing request on via HTTP proxy
[35m[JSONWP Proxy][39m Replacing sessionId 232813b4-fe00-4668-9fec-1f36662844d0 with 10beb8b9-9464-4e3e-b2e8-188320283af2
[35m[HTTP][39m [37m<-- GET /wd/hub/session/10beb8b9-9464-4e3e-b2e8-188320283af2/element/9e1010c6-7892-42bf-aa0b-ecac20a6f23e/text [39m[32m200[39m [90m49 ms - 104[39m
[35m[HTTP][39m [90m[39m
[35m[HTTP][39m [37m-->[39m [37mGET[39m [37m/wd/hub/session/10beb8b9-9464-4e3e-b2e8-188320283af2/window/current/size[39m
[35m[HTTP][39m [90m{}[39m
[35m[W3C][39m Driver proxy active, passing request on via HTTP proxy
[35m[JSONWP Proxy][39m Replacing sessionId 232813b4-fe00-4668-9fec-1f36662844d0 with 10beb8b9-9464-4e3e-b2e8-188320283af2
[35m[HTTP][39m [37m<-- GET /wd/hub/session/10beb8b9-9464-4e3e-b2e8-188320283af2/window/current/size [39m[32m200[39m [90m36 ms - 100[39m
[35m[HTTP][39m [90m[39m
[35m[HTTP][39m [37m-->[39m [37mPOST[39m [37m/wd/hub/session/10beb8b9-9464-4e3e-b2e8-188320283af2/elements[39m
[35m[HTTP][39m [90m{"using":"-android uiautomator","value":"new UiSelector().className(\"android.widget.ImageButton\").instance(0)"}[39m
[35m[HTTP][39m [37m<-- POST /wd/hub/session/10beb8b9-9464-4e3e-b2e8-188320283af2/elements [39m[32m200[39m [90m483 ms - 124[39m
[35m[HTTP][39m [90m[39m
[35m[HTTP][39m [37m-->[39m [37mGET[39m [37m/wd/hub/session/10beb8b9-9464-4e3e-b2e8-188320283af2[39m
[35m[HTTP][39m [90m{}[39m
[35m[HTTP][39m [37m<-- GET /wd/hub/session/10beb8b9-9464-4e3e-b2e8-188320283af2 [39m[32m200[39m [90m27 ms - 1133[39m
[35m[HTTP][39m [90m[39m
[35m[HTTP][39m [37m-->[39m [37mGET[39m [37m/wd/hub/session/10beb8b9-9464-4e3e-b2e8-188320283af2[39m
[35m[HTTP][39m [90m{}[39m
[35m[HTTP][39m [37m<-- GET /wd/hub/session/10beb8b9-9464-4e3e-b2e8-188320283af2 [39m[32m200[39m [90m26 ms - 1133[39m
[35m[HTTP][39m [90m[39m
[35m[HTTP][39m [37m-->[39m [37mGET[39m [37m/wd/hub/session/10beb8b9-9464-4e3e-b2e8-188320283af2[39m
[35m[HTTP][39m [90m{}[39m
[35m[HTTP][39m [37m<-- GET /wd/hub/session/10beb8b9-9464-4e3e-b2e8-188320283af2 [39m[32m200[39m [90m23 ms - 1133[39m
[35m[HTTP][39m [90m[39m
[35m[HTTP][39m [37m-->[39m [37mGET[39m [37m/wd/hub/session/10beb8b9-9464-4e3e-b2e8-188320283af2[39m
[35m[HTTP][39m [90m{}[39m
[35m[HTTP][39m [37m<-- GET /wd/hub/session/10beb8b9-9464-4e3e-b2e8-188320283af2 [39m[32m200[39m [90m25 ms - 1133[39m
[35m[HTTP][39m [90m[39m
[35m[HTTP][39m [37m-->[39m [37mGET[39m [37m/wd/hub/session/10beb8b9-9464-4e3e-b2e8-188320283af2/element/e367e201-aeea-4830-bb63-c25ec4711eae/location[39m
[35m[HTTP][39m [90m{}[39m
[35m[W3C][39m Driver proxy active, passing request on via HTTP proxy
[35m[JSONWP Proxy][39m Replacing sessionId 232813b4-fe00-4668-9fec-1f36662844d0 with 10beb8b9-9464-4e3e-b2e8-188320283af2
[35m[HTTP][39m [37m<-- GET /wd/hub/session/10beb8b9-9464-4e3e-b2e8-188320283af2/element/e367e201-aeea-4830-bb63-c25ec4711eae/location [39m[32m200[39m [90m44 ms - 86[39m
[35m[HTTP][39m [90m[39m
[35m[HTTP][39m [37m-->[39m [37mPOST[39m [37m/wd/hub/session/10beb8b9-9464-4e3e-b2e8-188320283af2/touch/perform[39m
[35m[HTTP][39m [90m{"actions":[{"action":"tap","options":{"element":"e367e201-aeea-4830-bb63-c25ec4711eae","x":1,"y":1}}]}[39m
[35m[UiAutomator2][39m calling get location: e367e201-aeea-4830-bb63-c25ec4711eae
[35m[HTTP][39m [37m<-- POST /wd/hub/session/10beb8b9-9464-4e3e-b2e8-188320283af2/touch/perform [39m[32m200[39m [90m944 ms - 76[39m
[35m[HTTP][39m [90m[39m
[35m[HTTP][39m [37m-->[39m [37mDELETE[39m [37m/wd/hub/session/10beb8b9-9464-4e3e-b2e8-188320283af2[39m
[35m[HTTP][39m [90m{}[39m
[35m[Appium][39m Removing session 10beb8b9-9464-4e3e-b2e8-188320283af2 from our master session list
[35m[HTTP][39m [37m<-- DELETE /wd/hub/session/10beb8b9-9464-4e3e-b2e8-188320283af2 [39m[32m200[39m [90m294 ms - 76[39m
[35m[HTTP][39m [90m[39m
