[35m[Appium][39m Welcome to Appium v1.8.1
[35m[Appium][39m Non-default server args:
[35m[Appium][39m   port: 57404
[35m[Appium][39m   loglevel: info
[35m[Appium][39m   chromeDriverPort: 57405
[35m[Appium][39m   tmpDir: C:\Users\marco\AppData\Local\Temp\\Katalon\Appium\Temp1551197642713
[35m[Appium][39m Appium REST http interface listener started on 0.0.0.0:57404
[35m[HTTP][39m [37m-->[39m [37mGET[39m [37m/wd/hub/status[39m
[35m[HTTP][39m [90m{}[39m
[35m[HTTP][39m [37m<-- GET /wd/hub/status [39m[32m200[39m [90m55 ms - 83[39m
[35m[HTTP][39m [90m[39m
[35m[HTTP][39m [37m-->[39m [37mPOST[39m [37m/wd/hub/session[39m
[35m[HTTP][39m [90m{"desiredCapabilities":{"app":"C:\\Users\\MSA-testautomation\\59.apk","autoGrantPermissions":true,"automationName":"uiautomator2","deviceName":"samsung SM-G935F (Android 8.0.0)","fullReset":false,"newCommandTimeout":1800,"noReset":true,"platform":"ANDROID","platformName":"Android","udid":"9885f7504651473733"},"capabilities":{"desiredCapabilities":{"app":"C:\\Users\\MSA-testautomation\\59.apk","autoGrantPermissions":true,"automationName":"uiautomator2","deviceName":"samsung SM-G935F (Android 8.0.0)","fullReset":false,"newCommandTimeout":1800,"noReset":true,"platform":"ANDROID","platformName":"Android","udid":"9885f7504651473733"},"firstMatch":[{"platformName":"android"}]}}[39m
[35m[Appium][39m Could not parse W3C capabilities: 'deviceName' can't be blank. Falling back to JSONWP protocol.
[35m[Appium][39m The following capabilities were provided in the JSONWP desired capabilities that are missing in W3C capabilities: ["app","autoGrantPermissions","automationName","deviceName","fullReset","newCommandTimeout","noReset","platform","platformName","udid"]. Falling back to JSONWP protocol.
[35m[Appium][39m Creating new AndroidUiautomator2Driver (v1.12.0) session
[35m[Appium][39m Capabilities:
[35m[Appium][39m   app: C:\Users\MSA-testautomation\59.apk
[35m[Appium][39m   autoGrantPermissions: true
[35m[Appium][39m   automationName: uiautomator2
[35m[Appium][39m   deviceName: samsung SM-G935F (Android 8.0.0)
[35m[Appium][39m   fullReset: false
[35m[Appium][39m   newCommandTimeout: 1800
[35m[Appium][39m   noReset: true
[35m[Appium][39m   platform: ANDROID
[35m[Appium][39m   platformName: Android
[35m[Appium][39m   udid: 9885f7504651473733
[35m[BaseDriver][39m The following capabilities were provided, but are not recognized by appium: platform.
[35m[BaseDriver][39m Session created with session id: 59f85be8-17c4-47bd-b27c-065065530a0e
[35m[BaseDriver][39m Using local app 'C:\Users\MSA-testautomation\59.apk'
[35m[AndroidDriver][39m Java version is: 1.8.0_181
[35m[ADB][39m Checking whether adb is present
[35m[ADB][39m Found 1 'build-tools' folders under 'C:\Users\marco\.katalon\tools\android_sdk' (newest first):
[35m[ADB][39m     C:/Users/marco/.katalon/tools/android_sdk/build-tools/28.0.3
[35m[ADB][39m Using adb.exe from C:\Users\marco\.katalon\tools\android_sdk\platform-tools\adb.exe
[35m[AndroidDriver][39m Retrieving device list
[35m[AndroidDriver][39m Using device: 9885f7504651473733
[35m[ADB][39m Using the alternative activity name detection method because of: Could not find apkanalyzer.bat in C:\Users\marco\.katalon\tools\android_sdk\platform-tools\apkanalyzer.bat,C:\Users\marco\.katalon\tools\android_sdk\emulator\apkanalyzer.bat,C:\Users\marco\.katalon\tools\android_sdk\tools\apkanalyzer.bat,C:\Users\marco\.katalon\tools\android_sdk\tools\bin\apkanalyzer.bat,C:\Users\marco\.katalon\tools\android_sdk\build-tools\28.0.3\apkanalyzer.bat. Do you have the Android SDK installed at 'C:\Users\marco\.katalon\tools\android_sdk'?
[35m[ADB][39m Checking whether aapt is present
[35m[ADB][39m Using aapt.exe from C:\Users\marco\.katalon\tools\android_sdk\build-tools\28.0.3\aapt.exe
[35m[ADB][39m Extracting package and launch activity from manifest
[35m[ADB][39m Package name: 'it.sky.msa'
[35m[ADB][39m Main activity name: 'it.sky.msa.welcome.SplashActivity'
[35m[ADB][39m Getting device platform version
[35m[ADB][39m Using apksigner.bat from C:\Users\marco\.katalon\tools\android_sdk\build-tools\28.0.3\apksigner.bat
[35m[ADB][39m Checking whether zipalign is present
[35m[ADB][39m Using zipalign.exe from C:\Users\marco\.katalon\tools\android_sdk\build-tools\28.0.3\zipalign.exe
[35m[ADB][39m io.appium.uiautomator2.server was successfully uninstalled
[35m[ADB][39m io.appium.uiautomator2.server.test was successfully uninstalled
[35m[AndroidDriver][39m setDeviceLanguageCountry requires language or country.
[35m[AndroidDriver][39m Got language: 'null' and country: 'null'
[35m[ADB][39m Successfully extracted 218 strings from 'C:\Users\MSA-testautomation\59.apk' resources for '(default)' configuration
[35m[UiAutomator2][39m Starting uiautomator2 server 1.12.0
[35m[UiAutomator2][39m Using UIAutomator2 server from 'C:\Users\marco\AppData\Roaming\npm\node_modules\appium\node_modules\appium-uiautomator2-server\apks\appium-uiautomator2-server-v1.12.0.apk' and test from 'C:\Users\marco\AppData\Roaming\npm\node_modules\appium\node_modules\appium-uiautomator2-server\apks\appium-uiautomator2-server-debug-androidTest.apk'
[35m[UiAutomator2][39m Running command: 'adb -s 9885f7504651473733 shell am instrument -w io.appium.uiautomator2.server.test/android.support.test.runner.AndroidJUnitRunner'
[35m[UiAutomator2][39m Waiting up to 20000ms for UiAutomator2 to be online...
[35m[AndroidDriver][39m Screen already unlocked, doing nothing
[35m[UiAutomator2][39m UiAutomator2 did not start the activity we were waiting for, 'it.sky.msa/it.sky.msa.welcome.SplashActivity'. Starting it ourselves
[35m[Appium][39m New AndroidUiautomator2Driver session created successfully, session 59f85be8-17c4-47bd-b27c-065065530a0e added to master session list
[35m[HTTP][39m [37m<-- POST /wd/hub/session [39m[32m200[39m [90m23449 ms - 1133[39m
[35m[HTTP][39m [90m[39m
[35m[HTTP][39m [37m-->[39m [37mGET[39m [37m/wd/hub/status[39m
[35m[HTTP][39m [90m{}[39m
[35m[HTTP][39m [37m<-- GET /wd/hub/status [39m[32m200[39m [90m44 ms - 55[39m
[35m[HTTP][39m [90m[39m
[35m[HTTP][39m [37m-->[39m [37mPOST[39m [37m/wd/hub/session/59f85be8-17c4-47bd-b27c-065065530a0e/timeouts[39m
[35m[HTTP][39m [90m{"type":"implicit","ms":30000}[39m
[35m[HTTP][39m [37m<-- POST /wd/hub/session/59f85be8-17c4-47bd-b27c-065065530a0e/timeouts [39m[33m400[39m [90m23 ms - 5204[39m
[35m[HTTP][39m [90m[39m
[35m[HTTP][39m [37m-->[39m [37mGET[39m [37m/wd/hub/session/59f85be8-17c4-47bd-b27c-065065530a0e/window/current/size[39m
[35m[HTTP][39m [90m{}[39m
[35m[W3C][39m Driver proxy active, passing request on via HTTP proxy
[35m[JSONWP Proxy][39m Replacing sessionId 5697f101-6a23-4fe4-8c34-4c8384c6d25d with 59f85be8-17c4-47bd-b27c-065065530a0e
[35m[HTTP][39m [37m<-- GET /wd/hub/session/59f85be8-17c4-47bd-b27c-065065530a0e/window/current/size [39m[32m200[39m [90m64 ms - 100[39m
[35m[HTTP][39m [90m[39m
[35m[HTTP][39m [37m-->[39m [37mPOST[39m [37m/wd/hub/session/59f85be8-17c4-47bd-b27c-065065530a0e/elements[39m
[35m[HTTP][39m [90m{"using":"-android uiautomator","value":"new UiSelector().className(\"android.widget.TextView\").text(\"Guida TV\").resourceId(\"it.sky.msa:id/title\").instance(5)"}[39m
[35m[HTTP][39m [37m<-- POST /wd/hub/session/59f85be8-17c4-47bd-b27c-065065530a0e/elements [39m[32m200[39m [90m104 ms - 74[39m
[35m[HTTP][39m [90m[39m
[35m[HTTP][39m [37m-->[39m [37mPOST[39m [37m/wd/hub/session/59f85be8-17c4-47bd-b27c-065065530a0e/elements[39m
[35m[HTTP][39m [90m{"using":"-android uiautomator","value":"new UiSelector().className(\"android.widget.TextView\").text(\"Guida TV\").resourceId(\"it.sky.msa:id/title\").instance(5)"}[39m
[35m[HTTP][39m [37m<-- POST /wd/hub/session/59f85be8-17c4-47bd-b27c-065065530a0e/elements [39m[32m200[39m [90m97 ms - 74[39m
[35m[HTTP][39m [90m[39m
[35m[HTTP][39m [37m-->[39m [37mPOST[39m [37m/wd/hub/session/59f85be8-17c4-47bd-b27c-065065530a0e/elements[39m
[35m[HTTP][39m [90m{"using":"-android uiautomator","value":"new UiSelector().className(\"android.widget.TextView\").text(\"Guida TV\").resourceId(\"it.sky.msa:id/title\").instance(5)"}[39m
[35m[HTTP][39m [37m<-- POST /wd/hub/session/59f85be8-17c4-47bd-b27c-065065530a0e/elements [39m[32m200[39m [90m74 ms - 74[39m
[35m[HTTP][39m [90m[39m
[35m[HTTP][39m [37m-->[39m [37mPOST[39m [37m/wd/hub/session/59f85be8-17c4-47bd-b27c-065065530a0e/elements[39m
[35m[HTTP][39m [90m{"using":"-android uiautomator","value":"new UiSelector().className(\"android.widget.TextView\").text(\"Guida TV\").resourceId(\"it.sky.msa:id/title\").instance(5)"}[39m
[35m[HTTP][39m [37m<-- POST /wd/hub/session/59f85be8-17c4-47bd-b27c-065065530a0e/elements [39m[32m200[39m [90m95 ms - 74[39m
[35m[HTTP][39m [90m[39m
[35m[HTTP][39m [37m-->[39m [37mPOST[39m [37m/wd/hub/session/59f85be8-17c4-47bd-b27c-065065530a0e/elements[39m
[35m[HTTP][39m [90m{"using":"-android uiautomator","value":"new UiSelector().className(\"android.widget.TextView\").text(\"Guida TV\").resourceId(\"it.sky.msa:id/title\").instance(5)"}[39m
[35m[HTTP][39m [37m<-- POST /wd/hub/session/59f85be8-17c4-47bd-b27c-065065530a0e/elements [39m[32m200[39m [90m54 ms - 74[39m
[35m[HTTP][39m [90m[39m
[35m[HTTP][39m [37m-->[39m [37mPOST[39m [37m/wd/hub/session/59f85be8-17c4-47bd-b27c-065065530a0e/elements[39m
[35m[HTTP][39m [90m{"using":"-android uiautomator","value":"new UiSelector().className(\"android.widget.TextView\").text(\"Guida TV\").resourceId(\"it.sky.msa:id/title\").instance(5)"}[39m
[35m[HTTP][39m [37m<-- POST /wd/hub/session/59f85be8-17c4-47bd-b27c-065065530a0e/elements [39m[32m200[39m [90m75 ms - 74[39m
[35m[HTTP][39m [90m[39m
[35m[HTTP][39m [37m-->[39m [37mPOST[39m [37m/wd/hub/session/59f85be8-17c4-47bd-b27c-065065530a0e/elements[39m
[35m[HTTP][39m [90m{"using":"-android uiautomator","value":"new UiSelector().className(\"android.widget.TextView\").text(\"Guida TV\").resourceId(\"it.sky.msa:id/title\").instance(5)"}[39m
[35m[HTTP][39m [37m<-- POST /wd/hub/session/59f85be8-17c4-47bd-b27c-065065530a0e/elements [39m[32m200[39m [90m45 ms - 74[39m
[35m[HTTP][39m [90m[39m
[35m[HTTP][39m [37m-->[39m [37mPOST[39m [37m/wd/hub/session/59f85be8-17c4-47bd-b27c-065065530a0e/elements[39m
[35m[HTTP][39m [90m{"using":"-android uiautomator","value":"new UiSelector().className(\"android.widget.TextView\").text(\"Guida TV\").resourceId(\"it.sky.msa:id/title\").instance(5)"}[39m
[35m[HTTP][39m [37m<-- POST /wd/hub/session/59f85be8-17c4-47bd-b27c-065065530a0e/elements [39m[32m200[39m [90m48 ms - 74[39m
[35m[HTTP][39m [90m[39m
[35m[HTTP][39m [37m-->[39m [37mPOST[39m [37m/wd/hub/session/59f85be8-17c4-47bd-b27c-065065530a0e/elements[39m
[35m[HTTP][39m [90m{"using":"-android uiautomator","value":"new UiSelector().className(\"android.widget.TextView\").text(\"Guida TV\").resourceId(\"it.sky.msa:id/title\").instance(5)"}[39m
[35m[HTTP][39m [37m<-- POST /wd/hub/session/59f85be8-17c4-47bd-b27c-065065530a0e/elements [39m[32m200[39m [90m37 ms - 74[39m
[35m[HTTP][39m [90m[39m
[35m[HTTP][39m [37m-->[39m [37mPOST[39m [37m/wd/hub/session/59f85be8-17c4-47bd-b27c-065065530a0e/elements[39m
[35m[HTTP][39m [90m{"using":"-android uiautomator","value":"new UiSelector().className(\"android.widget.TextView\").text(\"Guida TV\").resourceId(\"it.sky.msa:id/title\").instance(5)"}[39m
[35m[HTTP][39m [37m<-- POST /wd/hub/session/59f85be8-17c4-47bd-b27c-065065530a0e/elements [39m[32m200[39m [90m45 ms - 74[39m
[35m[HTTP][39m [90m[39m
[35m[HTTP][39m [37m-->[39m [37mPOST[39m [37m/wd/hub/session/59f85be8-17c4-47bd-b27c-065065530a0e/elements[39m
[35m[HTTP][39m [90m{"using":"-android uiautomator","value":"new UiSelector().className(\"android.widget.TextView\").text(\"Guida TV\").resourceId(\"it.sky.msa:id/title\").instance(5)"}[39m
[35m[HTTP][39m [37m<-- POST /wd/hub/session/59f85be8-17c4-47bd-b27c-065065530a0e/elements [39m[32m200[39m [90m69 ms - 74[39m
[35m[HTTP][39m [90m[39m
[35m[HTTP][39m [37m-->[39m [37mPOST[39m [37m/wd/hub/session/59f85be8-17c4-47bd-b27c-065065530a0e/elements[39m
[35m[HTTP][39m [90m{"using":"-android uiautomator","value":"new UiSelector().className(\"android.widget.TextView\").text(\"Guida TV\").resourceId(\"it.sky.msa:id/title\").instance(5)"}[39m
[35m[HTTP][39m [37m<-- POST /wd/hub/session/59f85be8-17c4-47bd-b27c-065065530a0e/elements [39m[32m200[39m [90m63 ms - 74[39m
[35m[HTTP][39m [90m[39m
[35m[HTTP][39m [37m-->[39m [37mPOST[39m [37m/wd/hub/session/59f85be8-17c4-47bd-b27c-065065530a0e/elements[39m
[35m[HTTP][39m [90m{"using":"-android uiautomator","value":"new UiSelector().className(\"android.widget.TextView\").text(\"Guida TV\").resourceId(\"it.sky.msa:id/title\").instance(5)"}[39m
[35m[HTTP][39m [37m<-- POST /wd/hub/session/59f85be8-17c4-47bd-b27c-065065530a0e/elements [39m[32m200[39m [90m84 ms - 74[39m
[35m[HTTP][39m [90m[39m
[35m[HTTP][39m [37m-->[39m [37mPOST[39m [37m/wd/hub/session/59f85be8-17c4-47bd-b27c-065065530a0e/elements[39m
[35m[HTTP][39m [90m{"using":"-android uiautomator","value":"new UiSelector().className(\"android.widget.TextView\").text(\"Guida TV\").resourceId(\"it.sky.msa:id/title\").instance(5)"}[39m
[35m[HTTP][39m [37m<-- POST /wd/hub/session/59f85be8-17c4-47bd-b27c-065065530a0e/elements [39m[32m200[39m [90m82 ms - 74[39m
[35m[HTTP][39m [90m[39m
[35m[HTTP][39m [37m-->[39m [37mPOST[39m [37m/wd/hub/session/59f85be8-17c4-47bd-b27c-065065530a0e/elements[39m
[35m[HTTP][39m [90m{"using":"-android uiautomator","value":"new UiSelector().className(\"android.widget.TextView\").text(\"Guida TV\").resourceId(\"it.sky.msa:id/title\").instance(5)"}[39m
[35m[HTTP][39m [37m<-- POST /wd/hub/session/59f85be8-17c4-47bd-b27c-065065530a0e/elements [39m[32m200[39m [90m71 ms - 74[39m
[35m[HTTP][39m [90m[39m
[35m[HTTP][39m [37m-->[39m [37mPOST[39m [37m/wd/hub/session/59f85be8-17c4-47bd-b27c-065065530a0e/elements[39m
[35m[HTTP][39m [90m{"using":"-android uiautomator","value":"new UiSelector().className(\"android.widget.TextView\").text(\"Guida TV\").resourceId(\"it.sky.msa:id/title\").instance(5)"}[39m
[35m[HTTP][39m [37m<-- POST /wd/hub/session/59f85be8-17c4-47bd-b27c-065065530a0e/elements [39m[32m200[39m [90m79 ms - 74[39m
[35m[HTTP][39m [90m[39m
[35m[HTTP][39m [37m-->[39m [37mPOST[39m [37m/wd/hub/session/59f85be8-17c4-47bd-b27c-065065530a0e/elements[39m
[35m[HTTP][39m [90m{"using":"-android uiautomator","value":"new UiSelector().className(\"android.widget.TextView\").text(\"Guida TV\").resourceId(\"it.sky.msa:id/title\").instance(5)"}[39m
[35m[HTTP][39m [37m<-- POST /wd/hub/session/59f85be8-17c4-47bd-b27c-065065530a0e/elements [39m[32m200[39m [90m66 ms - 74[39m
[35m[HTTP][39m [90m[39m
[35m[HTTP][39m [37m-->[39m [37mPOST[39m [37m/wd/hub/session/59f85be8-17c4-47bd-b27c-065065530a0e/elements[39m
[35m[HTTP][39m [90m{"using":"-android uiautomator","value":"new UiSelector().className(\"android.widget.TextView\").text(\"Guida TV\").resourceId(\"it.sky.msa:id/title\").instance(5)"}[39m
[35m[HTTP][39m [37m<-- POST /wd/hub/session/59f85be8-17c4-47bd-b27c-065065530a0e/elements [39m[32m200[39m [90m73 ms - 74[39m
[35m[HTTP][39m [90m[39m
[35m[HTTP][39m [37m-->[39m [37mPOST[39m [37m/wd/hub/session/59f85be8-17c4-47bd-b27c-065065530a0e/elements[39m
[35m[HTTP][39m [90m{"using":"-android uiautomator","value":"new UiSelector().className(\"android.widget.TextView\").text(\"Guida TV\").resourceId(\"it.sky.msa:id/title\").instance(5)"}[39m
[35m[HTTP][39m [37m<-- POST /wd/hub/session/59f85be8-17c4-47bd-b27c-065065530a0e/elements [39m[32m200[39m [90m77 ms - 74[39m
[35m[HTTP][39m [90m[39m
[35m[HTTP][39m [37m-->[39m [37mPOST[39m [37m/wd/hub/session/59f85be8-17c4-47bd-b27c-065065530a0e/elements[39m
[35m[HTTP][39m [90m{"using":"-android uiautomator","value":"new UiSelector().className(\"android.widget.TextView\").text(\"Guida TV\").resourceId(\"it.sky.msa:id/title\").instance(5)"}[39m
[35m[HTTP][39m [37m<-- POST /wd/hub/session/59f85be8-17c4-47bd-b27c-065065530a0e/elements [39m[32m200[39m [90m66 ms - 74[39m
[35m[HTTP][39m [90m[39m
[35m[HTTP][39m [37m-->[39m [37mPOST[39m [37m/wd/hub/session/59f85be8-17c4-47bd-b27c-065065530a0e/elements[39m
[35m[HTTP][39m [90m{"using":"-android uiautomator","value":"new UiSelector().className(\"android.widget.TextView\").text(\"Guida TV\").resourceId(\"it.sky.msa:id/title\").instance(5)"}[39m
[35m[HTTP][39m [37m<-- POST /wd/hub/session/59f85be8-17c4-47bd-b27c-065065530a0e/elements [39m[32m200[39m [90m73 ms - 74[39m
[35m[HTTP][39m [90m[39m
[35m[HTTP][39m [37m-->[39m [37mPOST[39m [37m/wd/hub/session/59f85be8-17c4-47bd-b27c-065065530a0e/elements[39m
[35m[HTTP][39m [90m{"using":"-android uiautomator","value":"new UiSelector().className(\"android.widget.TextView\").text(\"Guida TV\").resourceId(\"it.sky.msa:id/title\").instance(5)"}[39m
[35m[HTTP][39m [37m<-- POST /wd/hub/session/59f85be8-17c4-47bd-b27c-065065530a0e/elements [39m[32m200[39m [90m69 ms - 74[39m
[35m[HTTP][39m [90m[39m
[35m[HTTP][39m [37m-->[39m [37mPOST[39m [37m/wd/hub/session/59f85be8-17c4-47bd-b27c-065065530a0e/elements[39m
[35m[HTTP][39m [90m{"using":"-android uiautomator","value":"new UiSelector().className(\"android.widget.TextView\").text(\"Guida TV\").resourceId(\"it.sky.msa:id/title\").instance(5)"}[39m
[35m[HTTP][39m [37m<-- POST /wd/hub/session/59f85be8-17c4-47bd-b27c-065065530a0e/elements [39m[32m200[39m [90m75 ms - 74[39m
[35m[HTTP][39m [90m[39m
[35m[HTTP][39m [37m-->[39m [37mPOST[39m [37m/wd/hub/session/59f85be8-17c4-47bd-b27c-065065530a0e/elements[39m
[35m[HTTP][39m [90m{"using":"-android uiautomator","value":"new UiSelector().className(\"android.widget.TextView\").text(\"Guida TV\").resourceId(\"it.sky.msa:id/title\").instance(5)"}[39m
[35m[HTTP][39m [37m<-- POST /wd/hub/session/59f85be8-17c4-47bd-b27c-065065530a0e/elements [39m[32m200[39m [90m59 ms - 74[39m
[35m[HTTP][39m [90m[39m
[35m[HTTP][39m [37m-->[39m [37mPOST[39m [37m/wd/hub/session/59f85be8-17c4-47bd-b27c-065065530a0e/elements[39m
[35m[HTTP][39m [90m{"using":"-android uiautomator","value":"new UiSelector().className(\"android.widget.TextView\").text(\"Guida TV\").resourceId(\"it.sky.msa:id/title\").instance(5)"}[39m
[35m[HTTP][39m [37m<-- POST /wd/hub/session/59f85be8-17c4-47bd-b27c-065065530a0e/elements [39m[32m200[39m [90m928 ms - 124[39m
[35m[HTTP][39m [90m[39m
[35m[HTTP][39m [37m-->[39m [37mGET[39m [37m/wd/hub/session/59f85be8-17c4-47bd-b27c-065065530a0e[39m
[35m[HTTP][39m [90m{}[39m
[35m[HTTP][39m [37m<-- GET /wd/hub/session/59f85be8-17c4-47bd-b27c-065065530a0e [39m[32m200[39m [90m35 ms - 1133[39m
[35m[HTTP][39m [90m[39m
[35m[HTTP][39m [37m-->[39m [37mGET[39m [37m/wd/hub/session/59f85be8-17c4-47bd-b27c-065065530a0e[39m
[35m[HTTP][39m [90m{}[39m
[35m[HTTP][39m [37m<-- GET /wd/hub/session/59f85be8-17c4-47bd-b27c-065065530a0e [39m[32m200[39m [90m34 ms - 1133[39m
[35m[HTTP][39m [90m[39m
[35m[HTTP][39m [37m-->[39m [37mGET[39m [37m/wd/hub/session/59f85be8-17c4-47bd-b27c-065065530a0e[39m
[35m[HTTP][39m [90m{}[39m
[35m[HTTP][39m [37m<-- GET /wd/hub/session/59f85be8-17c4-47bd-b27c-065065530a0e [39m[32m200[39m [90m28 ms - 1133[39m
[35m[HTTP][39m [90m[39m
[35m[HTTP][39m [37m-->[39m [37mGET[39m [37m/wd/hub/session/59f85be8-17c4-47bd-b27c-065065530a0e[39m
[35m[HTTP][39m [90m{}[39m
[35m[HTTP][39m [37m<-- GET /wd/hub/session/59f85be8-17c4-47bd-b27c-065065530a0e [39m[32m200[39m [90m26 ms - 1133[39m
[35m[HTTP][39m [90m[39m
[35m[HTTP][39m [37m-->[39m [37mGET[39m [37m/wd/hub/session/59f85be8-17c4-47bd-b27c-065065530a0e/element/89f94497-9099-475d-a8ca-9cd33296ae31/location[39m
[35m[HTTP][39m [90m{}[39m
[35m[W3C][39m Driver proxy active, passing request on via HTTP proxy
[35m[JSONWP Proxy][39m Replacing sessionId 5697f101-6a23-4fe4-8c34-4c8384c6d25d with 59f85be8-17c4-47bd-b27c-065065530a0e
[35m[HTTP][39m [37m<-- GET /wd/hub/session/59f85be8-17c4-47bd-b27c-065065530a0e/element/89f94497-9099-475d-a8ca-9cd33296ae31/location [39m[32m200[39m [90m64 ms - 90[39m
[35m[HTTP][39m [90m[39m
[35m[HTTP][39m [37m-->[39m [37mPOST[39m [37m/wd/hub/session/59f85be8-17c4-47bd-b27c-065065530a0e/touch/perform[39m
[35m[HTTP][39m [90m{"actions":[{"action":"tap","options":{"element":"89f94497-9099-475d-a8ca-9cd33296ae31","x":1,"y":1}}]}[39m
[35m[UiAutomator2][39m calling get location: 89f94497-9099-475d-a8ca-9cd33296ae31
[35m[HTTP][39m [37m<-- POST /wd/hub/session/59f85be8-17c4-47bd-b27c-065065530a0e/touch/perform [39m[32m200[39m [90m1117 ms - 76[39m
[35m[HTTP][39m [90m[39m
[35m[HTTP][39m [37m-->[39m [37mGET[39m [37m/wd/hub/session/59f85be8-17c4-47bd-b27c-065065530a0e/window/current/size[39m
[35m[HTTP][39m [90m{}[39m
[35m[W3C][39m Driver proxy active, passing request on via HTTP proxy
[35m[JSONWP Proxy][39m Replacing sessionId 5697f101-6a23-4fe4-8c34-4c8384c6d25d with 59f85be8-17c4-47bd-b27c-065065530a0e
[35m[HTTP][39m [37m<-- GET /wd/hub/session/59f85be8-17c4-47bd-b27c-065065530a0e/window/current/size [39m[32m200[39m [90m46 ms - 100[39m
[35m[HTTP][39m [90m[39m
[35m[HTTP][39m [37m-->[39m [37mPOST[39m [37m/wd/hub/session/59f85be8-17c4-47bd-b27c-065065530a0e/elements[39m
[35m[HTTP][39m [90m{"using":"-android uiautomator","value":"new UiSelector().className(\"android.widget.TextView\").text(\"GUIDA TV\").resourceId(\"it.sky.msa:id/headerTitle\").instance(0)"}[39m
[35m[HTTP][39m [37m<-- POST /wd/hub/session/59f85be8-17c4-47bd-b27c-065065530a0e/elements [39m[32m200[39m [90m880 ms - 124[39m
[35m[HTTP][39m [90m[39m
[35m[HTTP][39m [37m-->[39m [37mGET[39m [37m/wd/hub/session/59f85be8-17c4-47bd-b27c-065065530a0e[39m
[35m[HTTP][39m [90m{}[39m
[35m[HTTP][39m [37m<-- GET /wd/hub/session/59f85be8-17c4-47bd-b27c-065065530a0e [39m[32m200[39m [90m34 ms - 1133[39m
[35m[HTTP][39m [90m[39m
[35m[HTTP][39m [37m-->[39m [37mGET[39m [37m/wd/hub/session/59f85be8-17c4-47bd-b27c-065065530a0e[39m
[35m[HTTP][39m [90m{}[39m
[35m[HTTP][39m [37m<-- GET /wd/hub/session/59f85be8-17c4-47bd-b27c-065065530a0e [39m[32m200[39m [90m26 ms - 1133[39m
[35m[HTTP][39m [90m[39m
[35m[HTTP][39m [37m-->[39m [37mGET[39m [37m/wd/hub/session/59f85be8-17c4-47bd-b27c-065065530a0e[39m
[35m[HTTP][39m [90m{}[39m
[35m[HTTP][39m [37m<-- GET /wd/hub/session/59f85be8-17c4-47bd-b27c-065065530a0e [39m[32m200[39m [90m27 ms - 1133[39m
[35m[HTTP][39m [90m[39m
[35m[HTTP][39m [37m-->[39m [37mGET[39m [37m/wd/hub/session/59f85be8-17c4-47bd-b27c-065065530a0e[39m
[35m[HTTP][39m [90m{}[39m
[35m[HTTP][39m [37m<-- GET /wd/hub/session/59f85be8-17c4-47bd-b27c-065065530a0e [39m[32m200[39m [90m37 ms - 1133[39m
[35m[HTTP][39m [90m[39m
[35m[HTTP][39m [37m-->[39m [37mGET[39m [37m/wd/hub/session/59f85be8-17c4-47bd-b27c-065065530a0e/element/266b46d9-06d0-4465-81ef-cbea10858d70/location[39m
[35m[HTTP][39m [90m{}[39m
[35m[W3C][39m Driver proxy active, passing request on via HTTP proxy
[35m[JSONWP Proxy][39m Replacing sessionId 5697f101-6a23-4fe4-8c34-4c8384c6d25d with 59f85be8-17c4-47bd-b27c-065065530a0e
[35m[HTTP][39m [37m<-- GET /wd/hub/session/59f85be8-17c4-47bd-b27c-065065530a0e/element/266b46d9-06d0-4465-81ef-cbea10858d70/location [39m[32m200[39m [90m59 ms - 88[39m
[35m[HTTP][39m [90m[39m
[35m[HTTP][39m [37m-->[39m [37mGET[39m [37m/wd/hub/session/59f85be8-17c4-47bd-b27c-065065530a0e/window/current/size[39m
[35m[HTTP][39m [90m{}[39m
[35m[W3C][39m Driver proxy active, passing request on via HTTP proxy
[35m[JSONWP Proxy][39m Replacing sessionId 5697f101-6a23-4fe4-8c34-4c8384c6d25d with 59f85be8-17c4-47bd-b27c-065065530a0e
[35m[HTTP][39m [37m<-- GET /wd/hub/session/59f85be8-17c4-47bd-b27c-065065530a0e/window/current/size [39m[32m200[39m [90m35 ms - 100[39m
[35m[HTTP][39m [90m[39m
[35m[HTTP][39m [37m-->[39m [37mPOST[39m [37m/wd/hub/session/59f85be8-17c4-47bd-b27c-065065530a0e/elements[39m
[35m[HTTP][39m [90m{"using":"-android uiautomator","value":"new UiSelector().className(\"android.widget.ImageView\").resourceId(\"it.sky.msa:id/heroImageImageView\").instance(0)"}[39m
[35m[HTTP][39m [37m<-- POST /wd/hub/session/59f85be8-17c4-47bd-b27c-065065530a0e/elements [39m[32m200[39m [90m136 ms - 124[39m
[35m[HTTP][39m [90m[39m
[35m[HTTP][39m [37m-->[39m [37mGET[39m [37m/wd/hub/session/59f85be8-17c4-47bd-b27c-065065530a0e[39m
[35m[HTTP][39m [90m{}[39m
[35m[HTTP][39m [37m<-- GET /wd/hub/session/59f85be8-17c4-47bd-b27c-065065530a0e [39m[32m200[39m [90m25 ms - 1133[39m
[35m[HTTP][39m [90m[39m
[35m[HTTP][39m [37m-->[39m [37mGET[39m [37m/wd/hub/session/59f85be8-17c4-47bd-b27c-065065530a0e[39m
[35m[HTTP][39m [90m{}[39m
[35m[HTTP][39m [37m<-- GET /wd/hub/session/59f85be8-17c4-47bd-b27c-065065530a0e [39m[32m200[39m [90m26 ms - 1133[39m
[35m[HTTP][39m [90m[39m
[35m[HTTP][39m [37m-->[39m [37mGET[39m [37m/wd/hub/session/59f85be8-17c4-47bd-b27c-065065530a0e[39m
[35m[HTTP][39m [90m{}[39m
[35m[HTTP][39m [37m<-- GET /wd/hub/session/59f85be8-17c4-47bd-b27c-065065530a0e [39m[32m200[39m [90m27 ms - 1133[39m
[35m[HTTP][39m [90m[39m
[35m[HTTP][39m [37m-->[39m [37mGET[39m [37m/wd/hub/session/59f85be8-17c4-47bd-b27c-065065530a0e[39m
[35m[HTTP][39m [90m{}[39m
[35m[HTTP][39m [37m<-- GET /wd/hub/session/59f85be8-17c4-47bd-b27c-065065530a0e [39m[32m200[39m [90m25 ms - 1133[39m
[35m[HTTP][39m [90m[39m
[35m[HTTP][39m [37m-->[39m [37mGET[39m [37m/wd/hub/session/59f85be8-17c4-47bd-b27c-065065530a0e/element/3fb805ba-4bae-4bb4-90a2-00c90e2153af/location[39m
[35m[HTTP][39m [90m{}[39m
[35m[W3C][39m Driver proxy active, passing request on via HTTP proxy
[35m[JSONWP Proxy][39m Replacing sessionId 5697f101-6a23-4fe4-8c34-4c8384c6d25d with 59f85be8-17c4-47bd-b27c-065065530a0e
[35m[HTTP][39m [37m<-- GET /wd/hub/session/59f85be8-17c4-47bd-b27c-065065530a0e/element/3fb805ba-4bae-4bb4-90a2-00c90e2153af/location [39m[32m200[39m [90m63 ms - 87[39m
[35m[HTTP][39m [90m[39m
[35m[HTTP][39m [37m-->[39m [37mGET[39m [37m/wd/hub/session/59f85be8-17c4-47bd-b27c-065065530a0e/element/3fb805ba-4bae-4bb4-90a2-00c90e2153af/attribute/resourceId[39m
[35m[HTTP][39m [90m{}[39m
[35m[HTTP][39m [37m<-- GET /wd/hub/session/59f85be8-17c4-47bd-b27c-065065530a0e/element/3fb805ba-4bae-4bb4-90a2-00c90e2153af/attribute/resourceId [39m[32m200[39m [90m47 ms - 106[39m
[35m[HTTP][39m [90m[39m
[35m[HTTP][39m [37m-->[39m [37mGET[39m [37m/wd/hub/session/59f85be8-17c4-47bd-b27c-065065530a0e/window/current/size[39m
[35m[HTTP][39m [90m{}[39m
[35m[W3C][39m Driver proxy active, passing request on via HTTP proxy
[35m[JSONWP Proxy][39m Replacing sessionId 5697f101-6a23-4fe4-8c34-4c8384c6d25d with 59f85be8-17c4-47bd-b27c-065065530a0e
[35m[HTTP][39m [37m<-- GET /wd/hub/session/59f85be8-17c4-47bd-b27c-065065530a0e/window/current/size [39m[32m200[39m [90m45 ms - 100[39m
[35m[HTTP][39m [90m[39m
[35m[HTTP][39m [37m-->[39m [37mPOST[39m [37m/wd/hub/session/59f85be8-17c4-47bd-b27c-065065530a0e/elements[39m
[35m[HTTP][39m [90m{"using":"-android uiautomator","value":"new UiSelector().className(\"android.widget.TextView\").text(\"IN EVIDENZA\").resourceId(\"it.sky.msa:id/heroPromoTextView\").instance(6)"}[39m
[35m[HTTP][39m [37m<-- POST /wd/hub/session/59f85be8-17c4-47bd-b27c-065065530a0e/elements [39m[32m200[39m [90m163 ms - 124[39m
[35m[HTTP][39m [90m[39m
[35m[HTTP][39m [37m-->[39m [37mGET[39m [37m/wd/hub/session/59f85be8-17c4-47bd-b27c-065065530a0e[39m
[35m[HTTP][39m [90m{}[39m
[35m[HTTP][39m [37m<-- GET /wd/hub/session/59f85be8-17c4-47bd-b27c-065065530a0e [39m[32m200[39m [90m23 ms - 1133[39m
[35m[HTTP][39m [90m[39m
[35m[HTTP][39m [37m-->[39m [37mGET[39m [37m/wd/hub/session/59f85be8-17c4-47bd-b27c-065065530a0e[39m
[35m[HTTP][39m [90m{}[39m
[35m[HTTP][39m [37m<-- GET /wd/hub/session/59f85be8-17c4-47bd-b27c-065065530a0e [39m[32m200[39m [90m23 ms - 1133[39m
[35m[HTTP][39m [90m[39m
[35m[HTTP][39m [37m-->[39m [37mGET[39m [37m/wd/hub/session/59f85be8-17c4-47bd-b27c-065065530a0e[39m
[35m[HTTP][39m [90m{}[39m
[35m[HTTP][39m [37m<-- GET /wd/hub/session/59f85be8-17c4-47bd-b27c-065065530a0e [39m[32m200[39m [90m23 ms - 1133[39m
[35m[HTTP][39m [90m[39m
[35m[HTTP][39m [37m-->[39m [37mGET[39m [37m/wd/hub/session/59f85be8-17c4-47bd-b27c-065065530a0e[39m
[35m[HTTP][39m [90m{}[39m
[35m[HTTP][39m [37m<-- GET /wd/hub/session/59f85be8-17c4-47bd-b27c-065065530a0e [39m[32m200[39m [90m25 ms - 1133[39m
[35m[HTTP][39m [90m[39m
[35m[HTTP][39m [37m-->[39m [37mGET[39m [37m/wd/hub/session/59f85be8-17c4-47bd-b27c-065065530a0e/element/21a828b5-0a1e-47e2-95d5-4f79c54911cb/location[39m
[35m[HTTP][39m [90m{}[39m
[35m[W3C][39m Driver proxy active, passing request on via HTTP proxy
[35m[JSONWP Proxy][39m Replacing sessionId 5697f101-6a23-4fe4-8c34-4c8384c6d25d with 59f85be8-17c4-47bd-b27c-065065530a0e
[35m[HTTP][39m [37m<-- GET /wd/hub/session/59f85be8-17c4-47bd-b27c-065065530a0e/element/21a828b5-0a1e-47e2-95d5-4f79c54911cb/location [39m[32m200[39m [90m51 ms - 88[39m
[35m[HTTP][39m [90m[39m
[35m[HTTP][39m [37m-->[39m [37mGET[39m [37m/wd/hub/session/59f85be8-17c4-47bd-b27c-065065530a0e/element/21a828b5-0a1e-47e2-95d5-4f79c54911cb/text[39m
[35m[HTTP][39m [90m{}[39m
[35m[W3C][39m Driver proxy active, passing request on via HTTP proxy
[35m[JSONWP Proxy][39m Replacing sessionId 5697f101-6a23-4fe4-8c34-4c8384c6d25d with 59f85be8-17c4-47bd-b27c-065065530a0e
[35m[HTTP][39m [37m<-- GET /wd/hub/session/59f85be8-17c4-47bd-b27c-065065530a0e/element/21a828b5-0a1e-47e2-95d5-4f79c54911cb/text [39m[32m200[39m [90m79 ms - 85[39m
[35m[HTTP][39m [90m[39m
[35m[HTTP][39m [37m-->[39m [37mGET[39m [37m/wd/hub/session/59f85be8-17c4-47bd-b27c-065065530a0e/window/current/size[39m
[35m[HTTP][39m [90m{}[39m
[35m[W3C][39m Driver proxy active, passing request on via HTTP proxy
[35m[JSONWP Proxy][39m Replacing sessionId 5697f101-6a23-4fe4-8c34-4c8384c6d25d with 59f85be8-17c4-47bd-b27c-065065530a0e
[35m[HTTP][39m [37m<-- GET /wd/hub/session/59f85be8-17c4-47bd-b27c-065065530a0e/window/current/size [39m[32m200[39m [90m31 ms - 100[39m
[35m[HTTP][39m [90m[39m
[35m[HTTP][39m [37m-->[39m [37mPOST[39m [37m/wd/hub/session/59f85be8-17c4-47bd-b27c-065065530a0e/elements[39m
[35m[HTTP][39m [90m{"using":"-android uiautomator","value":"new UiSelector().className(\"android.widget.TextView\").resourceId(\"it.sky.msa:id/heroTitleTextView\").instance(7)"}[39m
[35m[HTTP][39m [37m<-- POST /wd/hub/session/59f85be8-17c4-47bd-b27c-065065530a0e/elements [39m[32m200[39m [90m112 ms - 124[39m
[35m[HTTP][39m [90m[39m
[35m[HTTP][39m [37m-->[39m [37mGET[39m [37m/wd/hub/session/59f85be8-17c4-47bd-b27c-065065530a0e[39m
[35m[HTTP][39m [90m{}[39m
[35m[HTTP][39m [37m<-- GET /wd/hub/session/59f85be8-17c4-47bd-b27c-065065530a0e [39m[32m200[39m [90m32 ms - 1133[39m
[35m[HTTP][39m [90m[39m
[35m[HTTP][39m [37m-->[39m [37mGET[39m [37m/wd/hub/session/59f85be8-17c4-47bd-b27c-065065530a0e[39m
[35m[HTTP][39m [90m{}[39m
[35m[HTTP][39m [37m<-- GET /wd/hub/session/59f85be8-17c4-47bd-b27c-065065530a0e [39m[32m200[39m [90m34 ms - 1133[39m
[35m[HTTP][39m [90m[39m
[35m[HTTP][39m [37m-->[39m [37mGET[39m [37m/wd/hub/session/59f85be8-17c4-47bd-b27c-065065530a0e[39m
[35m[HTTP][39m [90m{}[39m
[35m[HTTP][39m [37m<-- GET /wd/hub/session/59f85be8-17c4-47bd-b27c-065065530a0e [39m[32m200[39m [90m27 ms - 1133[39m
[35m[HTTP][39m [90m[39m
[35m[HTTP][39m [37m-->[39m [37mGET[39m [37m/wd/hub/session/59f85be8-17c4-47bd-b27c-065065530a0e[39m
[35m[HTTP][39m [90m{}[39m
[35m[HTTP][39m [37m<-- GET /wd/hub/session/59f85be8-17c4-47bd-b27c-065065530a0e [39m[32m200[39m [90m28 ms - 1133[39m
[35m[HTTP][39m [90m[39m
[35m[HTTP][39m [37m-->[39m [37mGET[39m [37m/wd/hub/session/59f85be8-17c4-47bd-b27c-065065530a0e/element/b3a8c82d-5d71-4d2b-801a-f610c710bd9b/location[39m
[35m[HTTP][39m [90m{}[39m
[35m[W3C][39m Driver proxy active, passing request on via HTTP proxy
[35m[JSONWP Proxy][39m Replacing sessionId 5697f101-6a23-4fe4-8c34-4c8384c6d25d with 59f85be8-17c4-47bd-b27c-065065530a0e
[35m[HTTP][39m [37m<-- GET /wd/hub/session/59f85be8-17c4-47bd-b27c-065065530a0e/element/b3a8c82d-5d71-4d2b-801a-f610c710bd9b/location [39m[32m200[39m [90m52 ms - 88[39m
[35m[HTTP][39m [90m[39m
[35m[HTTP][39m [37m-->[39m [37mGET[39m [37m/wd/hub/session/59f85be8-17c4-47bd-b27c-065065530a0e/window/current/size[39m
[35m[HTTP][39m [90m{}[39m
[35m[W3C][39m Driver proxy active, passing request on via HTTP proxy
[35m[JSONWP Proxy][39m Replacing sessionId 5697f101-6a23-4fe4-8c34-4c8384c6d25d with 59f85be8-17c4-47bd-b27c-065065530a0e
[35m[HTTP][39m [37m<-- GET /wd/hub/session/59f85be8-17c4-47bd-b27c-065065530a0e/window/current/size [39m[32m200[39m [90m30 ms - 100[39m
[35m[HTTP][39m [90m[39m
[35m[HTTP][39m [37m-->[39m [37mPOST[39m [37m/wd/hub/session/59f85be8-17c4-47bd-b27c-065065530a0e/elements[39m
[35m[HTTP][39m [90m{"using":"-android uiautomator","value":"new UiSelector().className(\"android.widget.TextView\").resourceId(\"it.sky.msa:id/heroCaptionTextView\").instance(8)"}[39m
[35m[HTTP][39m [37m<-- POST /wd/hub/session/59f85be8-17c4-47bd-b27c-065065530a0e/elements [39m[32m200[39m [90m108 ms - 124[39m
[35m[HTTP][39m [90m[39m
[35m[HTTP][39m [37m-->[39m [37mGET[39m [37m/wd/hub/session/59f85be8-17c4-47bd-b27c-065065530a0e[39m
[35m[HTTP][39m [90m{}[39m
[35m[HTTP][39m [37m<-- GET /wd/hub/session/59f85be8-17c4-47bd-b27c-065065530a0e [39m[32m200[39m [90m30 ms - 1133[39m
[35m[HTTP][39m [90m[39m
[35m[HTTP][39m [37m-->[39m [37mGET[39m [37m/wd/hub/session/59f85be8-17c4-47bd-b27c-065065530a0e[39m
[35m[HTTP][39m [90m{}[39m
[35m[HTTP][39m [37m<-- GET /wd/hub/session/59f85be8-17c4-47bd-b27c-065065530a0e [39m[32m200[39m [90m26 ms - 1133[39m
[35m[HTTP][39m [90m[39m
[35m[HTTP][39m [37m-->[39m [37mGET[39m [37m/wd/hub/session/59f85be8-17c4-47bd-b27c-065065530a0e[39m
[35m[HTTP][39m [90m{}[39m
[35m[HTTP][39m [37m<-- GET /wd/hub/session/59f85be8-17c4-47bd-b27c-065065530a0e [39m[32m200[39m [90m31 ms - 1133[39m
[35m[HTTP][39m [90m[39m
[35m[HTTP][39m [37m-->[39m [37mGET[39m [37m/wd/hub/session/59f85be8-17c4-47bd-b27c-065065530a0e[39m
[35m[HTTP][39m [90m{}[39m
[35m[HTTP][39m [37m<-- GET /wd/hub/session/59f85be8-17c4-47bd-b27c-065065530a0e [39m[32m200[39m [90m37 ms - 1133[39m
[35m[HTTP][39m [90m[39m
[35m[HTTP][39m [37m-->[39m [37mGET[39m [37m/wd/hub/session/59f85be8-17c4-47bd-b27c-065065530a0e/element/0d7e540f-83d4-4ad2-a9aa-c29312aeb3f2/location[39m
[35m[HTTP][39m [90m{}[39m
[35m[W3C][39m Driver proxy active, passing request on via HTTP proxy
[35m[JSONWP Proxy][39m Replacing sessionId 5697f101-6a23-4fe4-8c34-4c8384c6d25d with 59f85be8-17c4-47bd-b27c-065065530a0e
[35m[HTTP][39m [37m<-- GET /wd/hub/session/59f85be8-17c4-47bd-b27c-065065530a0e/element/0d7e540f-83d4-4ad2-a9aa-c29312aeb3f2/location [39m[32m200[39m [90m57 ms - 89[39m
[35m[HTTP][39m [90m[39m
[35m[HTTP][39m [37m-->[39m [37mGET[39m [37m/wd/hub/session/59f85be8-17c4-47bd-b27c-065065530a0e/window/current/size[39m
[35m[HTTP][39m [90m{}[39m
[35m[W3C][39m Driver proxy active, passing request on via HTTP proxy
[35m[JSONWP Proxy][39m Replacing sessionId 5697f101-6a23-4fe4-8c34-4c8384c6d25d with 59f85be8-17c4-47bd-b27c-065065530a0e
[35m[HTTP][39m [37m<-- GET /wd/hub/session/59f85be8-17c4-47bd-b27c-065065530a0e/window/current/size [39m[32m200[39m [90m29 ms - 100[39m
[35m[HTTP][39m [90m[39m
[35m[HTTP][39m [37m-->[39m [37mPOST[39m [37m/wd/hub/session/59f85be8-17c4-47bd-b27c-065065530a0e/elements[39m
[35m[HTTP][39m [90m{"using":"-android uiautomator","value":"new UiSelector().className(\"android.widget.TextView\").resourceId(\"it.sky.msa:id/heroCaptionTextView\").instance(8)"}[39m
[35m[HTTP][39m [37m<-- POST /wd/hub/session/59f85be8-17c4-47bd-b27c-065065530a0e/elements [39m[32m200[39m [90m89 ms - 124[39m
[35m[HTTP][39m [90m[39m
[35m[HTTP][39m [37m-->[39m [37mGET[39m [37m/wd/hub/session/59f85be8-17c4-47bd-b27c-065065530a0e[39m
[35m[HTTP][39m [90m{}[39m
[35m[HTTP][39m [37m<-- GET /wd/hub/session/59f85be8-17c4-47bd-b27c-065065530a0e [39m[32m200[39m [90m27 ms - 1133[39m
[35m[HTTP][39m [90m[39m
[35m[HTTP][39m [37m-->[39m [37mGET[39m [37m/wd/hub/session/59f85be8-17c4-47bd-b27c-065065530a0e[39m
[35m[HTTP][39m [90m{}[39m
[35m[HTTP][39m [37m<-- GET /wd/hub/session/59f85be8-17c4-47bd-b27c-065065530a0e [39m[32m200[39m [90m28 ms - 1133[39m
[35m[HTTP][39m [90m[39m
[35m[HTTP][39m [37m-->[39m [37mGET[39m [37m/wd/hub/session/59f85be8-17c4-47bd-b27c-065065530a0e[39m
[35m[HTTP][39m [90m{}[39m
[35m[HTTP][39m [37m<-- GET /wd/hub/session/59f85be8-17c4-47bd-b27c-065065530a0e [39m[32m200[39m [90m26 ms - 1133[39m
[35m[HTTP][39m [90m[39m
[35m[HTTP][39m [37m-->[39m [37mGET[39m [37m/wd/hub/session/59f85be8-17c4-47bd-b27c-065065530a0e[39m
[35m[HTTP][39m [90m{}[39m
[35m[HTTP][39m [37m<-- GET /wd/hub/session/59f85be8-17c4-47bd-b27c-065065530a0e [39m[32m200[39m [90m25 ms - 1133[39m
[35m[HTTP][39m [90m[39m
[35m[HTTP][39m [37m-->[39m [37mGET[39m [37m/wd/hub/session/59f85be8-17c4-47bd-b27c-065065530a0e/element/57b736ed-3335-4fa9-93f2-424fb3852d6d/location[39m
[35m[HTTP][39m [90m{}[39m
[35m[W3C][39m Driver proxy active, passing request on via HTTP proxy
[35m[JSONWP Proxy][39m Replacing sessionId 5697f101-6a23-4fe4-8c34-4c8384c6d25d with 59f85be8-17c4-47bd-b27c-065065530a0e
[35m[HTTP][39m [37m<-- GET /wd/hub/session/59f85be8-17c4-47bd-b27c-065065530a0e/element/57b736ed-3335-4fa9-93f2-424fb3852d6d/location [39m[32m200[39m [90m54 ms - 89[39m
[35m[HTTP][39m [90m[39m
[35m[HTTP][39m [37m-->[39m [37mGET[39m [37m/wd/hub/session/59f85be8-17c4-47bd-b27c-065065530a0e/element/57b736ed-3335-4fa9-93f2-424fb3852d6d/text[39m
[35m[HTTP][39m [90m{}[39m
[35m[W3C][39m Driver proxy active, passing request on via HTTP proxy
[35m[JSONWP Proxy][39m Replacing sessionId 5697f101-6a23-4fe4-8c34-4c8384c6d25d with 59f85be8-17c4-47bd-b27c-065065530a0e
[35m[HTTP][39m [37m<-- GET /wd/hub/session/59f85be8-17c4-47bd-b27c-065065530a0e/element/57b736ed-3335-4fa9-93f2-424fb3852d6d/text [39m[32m200[39m [90m83 ms - 89[39m
[35m[HTTP][39m [90m[39m
[35m[HTTP][39m [37m-->[39m [37mGET[39m [37m/wd/hub/session/59f85be8-17c4-47bd-b27c-065065530a0e/context[39m
[35m[HTTP][39m [90m{}[39m
[35m[HTTP][39m [37m<-- GET /wd/hub/session/59f85be8-17c4-47bd-b27c-065065530a0e/context [39m[32m200[39m [90m2 ms - 84[39m
[35m[HTTP][39m [90m[39m
[35m[HTTP][39m [37m-->[39m [37mGET[39m [37m/wd/hub/session/59f85be8-17c4-47bd-b27c-065065530a0e/contexts[39m
[35m[HTTP][39m [90m{}[39m
[35m[HTTP][39m [37m<-- GET /wd/hub/session/59f85be8-17c4-47bd-b27c-065065530a0e/contexts [39m[32m200[39m [90m105 ms - 86[39m
[35m[HTTP][39m [90m[39m
[35m[HTTP][39m [37m-->[39m [37mPOST[39m [37m/wd/hub/session/59f85be8-17c4-47bd-b27c-065065530a0e/context[39m
[35m[HTTP][39m [90m{"name":"NATIVE_APP"}[39m
[35m[HTTP][39m [37m<-- POST /wd/hub/session/59f85be8-17c4-47bd-b27c-065065530a0e/context [39m[32m200[39m [90m124 ms - 76[39m
[35m[HTTP][39m [90m[39m
[35m[HTTP][39m [37m-->[39m [37mPOST[39m [37m/wd/hub/session/59f85be8-17c4-47bd-b27c-065065530a0e/touch/perform[39m
[35m[HTTP][39m [90m{"actions":[{"action":"press","options":{"x":200,"y":300}},{"action":"wait","options":{"ms":500}},{"action":"moveTo","options":{"x":400,"y":600}}]}[39m
[35m[HTTP][39m [37m<-- POST /wd/hub/session/59f85be8-17c4-47bd-b27c-065065530a0e/touch/perform [39m[32m200[39m [90m2152 ms - 76[39m
[35m[HTTP][39m [90m[39m
[35m[HTTP][39m [37m-->[39m [37mPOST[39m [37m/wd/hub/session/59f85be8-17c4-47bd-b27c-065065530a0e/context[39m
[35m[HTTP][39m [90m{"name":"NATIVE_APP"}[39m
[35m[HTTP][39m [37m<-- POST /wd/hub/session/59f85be8-17c4-47bd-b27c-065065530a0e/context [39m[32m200[39m [90m91 ms - 76[39m
[35m[HTTP][39m [90m[39m
[35m[HTTP][39m [37m-->[39m [37mGET[39m [37m/wd/hub/session/59f85be8-17c4-47bd-b27c-065065530a0e/window/current/size[39m
[35m[HTTP][39m [90m{}[39m
[35m[W3C][39m Driver proxy active, passing request on via HTTP proxy
[35m[JSONWP Proxy][39m Replacing sessionId 5697f101-6a23-4fe4-8c34-4c8384c6d25d with 59f85be8-17c4-47bd-b27c-065065530a0e
[35m[HTTP][39m [37m<-- GET /wd/hub/session/59f85be8-17c4-47bd-b27c-065065530a0e/window/current/size [39m[32m200[39m [90m32 ms - 100[39m
[35m[HTTP][39m [90m[39m
[35m[HTTP][39m [37m-->[39m [37mPOST[39m [37m/wd/hub/session/59f85be8-17c4-47bd-b27c-065065530a0e/elements[39m
[35m[HTTP][39m [90m{"using":"-android uiautomator","value":"new UiSelector().className(\"android.widget.TextView\").text(\"Scelti per te questa settimana\").resourceId(\"it.sky.msa:id/categoryTitle\").instance(6)"}[39m
[35m[HTTP][39m [37m<-- POST /wd/hub/session/59f85be8-17c4-47bd-b27c-065065530a0e/elements [39m[32m200[39m [90m92 ms - 124[39m
[35m[HTTP][39m [90m[39m
[35m[HTTP][39m [37m-->[39m [37mGET[39m [37m/wd/hub/session/59f85be8-17c4-47bd-b27c-065065530a0e[39m
[35m[HTTP][39m [90m{}[39m
[35m[HTTP][39m [37m<-- GET /wd/hub/session/59f85be8-17c4-47bd-b27c-065065530a0e [39m[32m200[39m [90m24 ms - 1133[39m
[35m[HTTP][39m [90m[39m
[35m[HTTP][39m [37m-->[39m [37mGET[39m [37m/wd/hub/session/59f85be8-17c4-47bd-b27c-065065530a0e[39m
[35m[HTTP][39m [90m{}[39m
[35m[HTTP][39m [37m<-- GET /wd/hub/session/59f85be8-17c4-47bd-b27c-065065530a0e [39m[32m200[39m [90m28 ms - 1133[39m
[35m[HTTP][39m [90m[39m
[35m[HTTP][39m [37m-->[39m [37mGET[39m [37m/wd/hub/session/59f85be8-17c4-47bd-b27c-065065530a0e[39m
[35m[HTTP][39m [90m{}[39m
[35m[HTTP][39m [37m<-- GET /wd/hub/session/59f85be8-17c4-47bd-b27c-065065530a0e [39m[32m200[39m [90m24 ms - 1133[39m
[35m[HTTP][39m [90m[39m
[35m[HTTP][39m [37m-->[39m [37mGET[39m [37m/wd/hub/session/59f85be8-17c4-47bd-b27c-065065530a0e[39m
[35m[HTTP][39m [90m{}[39m
[35m[HTTP][39m [37m<-- GET /wd/hub/session/59f85be8-17c4-47bd-b27c-065065530a0e [39m[32m200[39m [90m24 ms - 1133[39m
[35m[HTTP][39m [90m[39m
[35m[HTTP][39m [37m-->[39m [37mGET[39m [37m/wd/hub/session/59f85be8-17c4-47bd-b27c-065065530a0e/element/ad9eadd7-a331-4147-98cf-770d9e844c84/location[39m
[35m[HTTP][39m [90m{}[39m
[35m[W3C][39m Driver proxy active, passing request on via HTTP proxy
[35m[JSONWP Proxy][39m Replacing sessionId 5697f101-6a23-4fe4-8c34-4c8384c6d25d with 59f85be8-17c4-47bd-b27c-065065530a0e
[35m[HTTP][39m [37m<-- GET /wd/hub/session/59f85be8-17c4-47bd-b27c-065065530a0e/element/ad9eadd7-a331-4147-98cf-770d9e844c84/location [39m[32m200[39m [90m50 ms - 89[39m
[35m[HTTP][39m [90m[39m
[35m[HTTP][39m [37m-->[39m [37mGET[39m [37m/wd/hub/session/59f85be8-17c4-47bd-b27c-065065530a0e/element/ad9eadd7-a331-4147-98cf-770d9e844c84/text[39m
[35m[HTTP][39m [90m{}[39m
[35m[W3C][39m Driver proxy active, passing request on via HTTP proxy
[35m[JSONWP Proxy][39m Replacing sessionId 5697f101-6a23-4fe4-8c34-4c8384c6d25d with 59f85be8-17c4-47bd-b27c-065065530a0e
[35m[HTTP][39m [37m<-- GET /wd/hub/session/59f85be8-17c4-47bd-b27c-065065530a0e/element/ad9eadd7-a331-4147-98cf-770d9e844c84/text [39m[32m200[39m [90m67 ms - 104[39m
[35m[HTTP][39m [90m[39m
[35m[HTTP][39m [37m-->[39m [37mGET[39m [37m/wd/hub/session/59f85be8-17c4-47bd-b27c-065065530a0e/window/current/size[39m
[35m[HTTP][39m [90m{}[39m
[35m[W3C][39m Driver proxy active, passing request on via HTTP proxy
[35m[JSONWP Proxy][39m Replacing sessionId 5697f101-6a23-4fe4-8c34-4c8384c6d25d with 59f85be8-17c4-47bd-b27c-065065530a0e
[35m[HTTP][39m [37m<-- GET /wd/hub/session/59f85be8-17c4-47bd-b27c-065065530a0e/window/current/size [39m[32m200[39m [90m39 ms - 100[39m
[35m[HTTP][39m [90m[39m
[35m[HTTP][39m [37m-->[39m [37mPOST[39m [37m/wd/hub/session/59f85be8-17c4-47bd-b27c-065065530a0e/elements[39m
[35m[HTTP][39m [90m{"using":"-android uiautomator","value":"new UiSelector().className(\"android.widget.TextView\").text(\"Scelti per te questa settimana\").resourceId(\"it.sky.msa:id/categoryTitle\").instance(6)"}[39m
[35m[HTTP][39m [37m<-- POST /wd/hub/session/59f85be8-17c4-47bd-b27c-065065530a0e/elements [39m[32m200[39m [90m102 ms - 124[39m
[35m[HTTP][39m [90m[39m
[35m[HTTP][39m [37m-->[39m [37mGET[39m [37m/wd/hub/session/59f85be8-17c4-47bd-b27c-065065530a0e[39m
[35m[HTTP][39m [90m{}[39m
[35m[HTTP][39m [37m<-- GET /wd/hub/session/59f85be8-17c4-47bd-b27c-065065530a0e [39m[32m200[39m [90m27 ms - 1133[39m
[35m[HTTP][39m [90m[39m
[35m[HTTP][39m [37m-->[39m [37mGET[39m [37m/wd/hub/session/59f85be8-17c4-47bd-b27c-065065530a0e[39m
[35m[HTTP][39m [90m{}[39m
[35m[HTTP][39m [37m<-- GET /wd/hub/session/59f85be8-17c4-47bd-b27c-065065530a0e [39m[32m200[39m [90m28 ms - 1133[39m
[35m[HTTP][39m [90m[39m
[35m[HTTP][39m [37m-->[39m [37mGET[39m [37m/wd/hub/session/59f85be8-17c4-47bd-b27c-065065530a0e[39m
[35m[HTTP][39m [90m{}[39m
[35m[HTTP][39m [37m<-- GET /wd/hub/session/59f85be8-17c4-47bd-b27c-065065530a0e [39m[32m200[39m [90m25 ms - 1133[39m
[35m[HTTP][39m [90m[39m
[35m[HTTP][39m [37m-->[39m [37mGET[39m [37m/wd/hub/session/59f85be8-17c4-47bd-b27c-065065530a0e[39m
[35m[HTTP][39m [90m{}[39m
[35m[HTTP][39m [37m<-- GET /wd/hub/session/59f85be8-17c4-47bd-b27c-065065530a0e [39m[32m200[39m [90m24 ms - 1133[39m
[35m[HTTP][39m [90m[39m
[35m[HTTP][39m [37m-->[39m [37mGET[39m [37m/wd/hub/session/59f85be8-17c4-47bd-b27c-065065530a0e/element/1f98f1d5-feaf-4815-aba2-db1cc6cdeef0/location[39m
[35m[HTTP][39m [90m{}[39m
[35m[W3C][39m Driver proxy active, passing request on via HTTP proxy
[35m[JSONWP Proxy][39m Replacing sessionId 5697f101-6a23-4fe4-8c34-4c8384c6d25d with 59f85be8-17c4-47bd-b27c-065065530a0e
[35m[HTTP][39m [37m<-- GET /wd/hub/session/59f85be8-17c4-47bd-b27c-065065530a0e/element/1f98f1d5-feaf-4815-aba2-db1cc6cdeef0/location [39m[32m200[39m [90m42 ms - 89[39m
[35m[HTTP][39m [90m[39m
[35m[HTTP][39m [37m-->[39m [37mGET[39m [37m/wd/hub/session/59f85be8-17c4-47bd-b27c-065065530a0e/element/1f98f1d5-feaf-4815-aba2-db1cc6cdeef0/text[39m
[35m[HTTP][39m [90m{}[39m
[35m[W3C][39m Driver proxy active, passing request on via HTTP proxy
[35m[JSONWP Proxy][39m Replacing sessionId 5697f101-6a23-4fe4-8c34-4c8384c6d25d with 59f85be8-17c4-47bd-b27c-065065530a0e
[35m[HTTP][39m [37m<-- GET /wd/hub/session/59f85be8-17c4-47bd-b27c-065065530a0e/element/1f98f1d5-feaf-4815-aba2-db1cc6cdeef0/text [39m[32m200[39m [90m64 ms - 104[39m
[35m[HTTP][39m [90m[39m
[35m[HTTP][39m [37m-->[39m [37mGET[39m [37m/wd/hub/session/59f85be8-17c4-47bd-b27c-065065530a0e/context[39m
[35m[HTTP][39m [90m{}[39m
[35m[HTTP][39m [37m<-- GET /wd/hub/session/59f85be8-17c4-47bd-b27c-065065530a0e/context [39m[32m200[39m [90m1 ms - 84[39m
[35m[HTTP][39m [90m[39m
[35m[HTTP][39m [37m-->[39m [37mGET[39m [37m/wd/hub/session/59f85be8-17c4-47bd-b27c-065065530a0e/contexts[39m
[35m[HTTP][39m [90m{}[39m
[35m[HTTP][39m [37m<-- GET /wd/hub/session/59f85be8-17c4-47bd-b27c-065065530a0e/contexts [39m[32m200[39m [90m113 ms - 86[39m
[35m[HTTP][39m [90m[39m
[35m[HTTP][39m [37m-->[39m [37mPOST[39m [37m/wd/hub/session/59f85be8-17c4-47bd-b27c-065065530a0e/context[39m
[35m[HTTP][39m [90m{"name":"NATIVE_APP"}[39m
[35m[HTTP][39m [37m<-- POST /wd/hub/session/59f85be8-17c4-47bd-b27c-065065530a0e/context [39m[32m200[39m [90m106 ms - 76[39m
[35m[HTTP][39m [90m[39m
[35m[HTTP][39m [37m-->[39m [37mPOST[39m [37m/wd/hub/session/59f85be8-17c4-47bd-b27c-065065530a0e/touch/perform[39m
[35m[HTTP][39m [90m{"actions":[{"action":"press","options":{"x":0,"y":0}},{"action":"wait","options":{"ms":500}},{"action":"moveTo","options":{"x":100,"y":0}}]}[39m
[35m[HTTP][39m [37m<-- POST /wd/hub/session/59f85be8-17c4-47bd-b27c-065065530a0e/touch/perform [39m[32m200[39m [90m2157 ms - 76[39m
[35m[HTTP][39m [90m[39m
[35m[HTTP][39m [37m-->[39m [37mPOST[39m [37m/wd/hub/session/59f85be8-17c4-47bd-b27c-065065530a0e/context[39m
[35m[HTTP][39m [90m{"name":"NATIVE_APP"}[39m
[35m[HTTP][39m [37m<-- POST /wd/hub/session/59f85be8-17c4-47bd-b27c-065065530a0e/context [39m[32m200[39m [90m100 ms - 76[39m
[35m[HTTP][39m [90m[39m
[35m[HTTP][39m [37m-->[39m [37mGET[39m [37m/wd/hub/session/59f85be8-17c4-47bd-b27c-065065530a0e/context[39m
[35m[HTTP][39m [90m{}[39m
[35m[HTTP][39m [37m<-- GET /wd/hub/session/59f85be8-17c4-47bd-b27c-065065530a0e/context [39m[32m200[39m [90m4 ms - 84[39m
[35m[HTTP][39m [90m[39m
[35m[HTTP][39m [37m-->[39m [37mGET[39m [37m/wd/hub/session/59f85be8-17c4-47bd-b27c-065065530a0e/contexts[39m
[35m[HTTP][39m [90m{}[39m
[35m[HTTP][39m [37m<-- GET /wd/hub/session/59f85be8-17c4-47bd-b27c-065065530a0e/contexts [39m[32m200[39m [90m102 ms - 86[39m
[35m[HTTP][39m [90m[39m
[35m[HTTP][39m [37m-->[39m [37mPOST[39m [37m/wd/hub/session/59f85be8-17c4-47bd-b27c-065065530a0e/context[39m
[35m[HTTP][39m [90m{"name":"NATIVE_APP"}[39m
[35m[HTTP][39m [37m<-- POST /wd/hub/session/59f85be8-17c4-47bd-b27c-065065530a0e/context [39m[32m200[39m [90m117 ms - 76[39m
[35m[HTTP][39m [90m[39m
[35m[HTTP][39m [37m-->[39m [37mPOST[39m [37m/wd/hub/session/59f85be8-17c4-47bd-b27c-065065530a0e/touch/perform[39m
[35m[HTTP][39m [90m{"actions":[{"action":"press","options":{"x":0,"y":0}},{"action":"wait","options":{"ms":500}},{"action":"moveTo","options":{"x":-100,"y":0}}]}[39m
[35m[HTTP][39m [37m<-- POST /wd/hub/session/59f85be8-17c4-47bd-b27c-065065530a0e/touch/perform [39m[32m200[39m [90m2132 ms - 76[39m
[35m[HTTP][39m [90m[39m
[35m[HTTP][39m [37m-->[39m [37mPOST[39m [37m/wd/hub/session/59f85be8-17c4-47bd-b27c-065065530a0e/context[39m
[35m[HTTP][39m [90m{"name":"NATIVE_APP"}[39m
[35m[HTTP][39m [37m<-- POST /wd/hub/session/59f85be8-17c4-47bd-b27c-065065530a0e/context [39m[32m200[39m [90m78 ms - 76[39m
[35m[HTTP][39m [90m[39m
[35m[HTTP][39m [37m-->[39m [37mGET[39m [37m/wd/hub/session/59f85be8-17c4-47bd-b27c-065065530a0e/window/current/size[39m
[35m[HTTP][39m [90m{}[39m
[35m[W3C][39m Driver proxy active, passing request on via HTTP proxy
[35m[JSONWP Proxy][39m Replacing sessionId 5697f101-6a23-4fe4-8c34-4c8384c6d25d with 59f85be8-17c4-47bd-b27c-065065530a0e
[35m[HTTP][39m [37m<-- GET /wd/hub/session/59f85be8-17c4-47bd-b27c-065065530a0e/window/current/size [39m[32m200[39m [90m55 ms - 100[39m
[35m[HTTP][39m [90m[39m
[35m[HTTP][39m [37m-->[39m [37mPOST[39m [37m/wd/hub/session/59f85be8-17c4-47bd-b27c-065065530a0e/elements[39m
[35m[HTTP][39m [90m{"using":"-android uiautomator","value":"new UiSelector().className(\"android.widget.TextView\").text(\"Scelti per te questa settimana\").resourceId(\"it.sky.msa:id/categoryTitle\").instance(6)"}[39m
[35m[HTTP][39m [37m<-- POST /wd/hub/session/59f85be8-17c4-47bd-b27c-065065530a0e/elements [39m[32m200[39m [90m139 ms - 124[39m
[35m[HTTP][39m [90m[39m
[35m[HTTP][39m [37m-->[39m [37mGET[39m [37m/wd/hub/session/59f85be8-17c4-47bd-b27c-065065530a0e[39m
[35m[HTTP][39m [90m{}[39m
[35m[HTTP][39m [37m<-- GET /wd/hub/session/59f85be8-17c4-47bd-b27c-065065530a0e [39m[32m200[39m [90m31 ms - 1133[39m
[35m[HTTP][39m [90m[39m
[35m[HTTP][39m [37m-->[39m [37mGET[39m [37m/wd/hub/session/59f85be8-17c4-47bd-b27c-065065530a0e[39m
[35m[HTTP][39m [90m{}[39m
[35m[HTTP][39m [37m<-- GET /wd/hub/session/59f85be8-17c4-47bd-b27c-065065530a0e [39m[32m200[39m [90m34 ms - 1133[39m
[35m[HTTP][39m [90m[39m
[35m[HTTP][39m [37m-->[39m [37mGET[39m [37m/wd/hub/session/59f85be8-17c4-47bd-b27c-065065530a0e[39m
[35m[HTTP][39m [90m{}[39m
[35m[HTTP][39m [37m<-- GET /wd/hub/session/59f85be8-17c4-47bd-b27c-065065530a0e [39m[32m200[39m [90m39 ms - 1133[39m
[35m[HTTP][39m [90m[39m
[35m[HTTP][39m [37m-->[39m [37mGET[39m [37m/wd/hub/session/59f85be8-17c4-47bd-b27c-065065530a0e[39m
[35m[HTTP][39m [90m{}[39m
[35m[HTTP][39m [37m<-- GET /wd/hub/session/59f85be8-17c4-47bd-b27c-065065530a0e [39m[32m200[39m [90m29 ms - 1133[39m
[35m[HTTP][39m [90m[39m
[35m[HTTP][39m [37m-->[39m [37mGET[39m [37m/wd/hub/session/59f85be8-17c4-47bd-b27c-065065530a0e/element/bc2342c1-0548-4756-9b0f-ce56fda24aed/location[39m
[35m[HTTP][39m [90m{}[39m
[35m[W3C][39m Driver proxy active, passing request on via HTTP proxy
[35m[JSONWP Proxy][39m Replacing sessionId 5697f101-6a23-4fe4-8c34-4c8384c6d25d with 59f85be8-17c4-47bd-b27c-065065530a0e
[35m[HTTP][39m [37m<-- GET /wd/hub/session/59f85be8-17c4-47bd-b27c-065065530a0e/element/bc2342c1-0548-4756-9b0f-ce56fda24aed/location [39m[32m200[39m [90m48 ms - 89[39m
[35m[HTTP][39m [90m[39m
[35m[HTTP][39m [37m-->[39m [37mGET[39m [37m/wd/hub/session/59f85be8-17c4-47bd-b27c-065065530a0e/element/bc2342c1-0548-4756-9b0f-ce56fda24aed/size[39m
[35m[HTTP][39m [90m{}[39m
[35m[W3C][39m Driver proxy active, passing request on via HTTP proxy
[35m[JSONWP Proxy][39m Replacing sessionId 5697f101-6a23-4fe4-8c34-4c8384c6d25d with 59f85be8-17c4-47bd-b27c-065065530a0e
[35m[HTTP][39m [37m<-- GET /wd/hub/session/59f85be8-17c4-47bd-b27c-065065530a0e/element/bc2342c1-0548-4756-9b0f-ce56fda24aed/size [39m[32m200[39m [90m55 ms - 98[39m
[35m[HTTP][39m [90m[39m
[35m[HTTP][39m [37m-->[39m [37mGET[39m [37m/wd/hub/session/59f85be8-17c4-47bd-b27c-065065530a0e/window/current/size[39m
[35m[HTTP][39m [90m{}[39m
[35m[W3C][39m Driver proxy active, passing request on via HTTP proxy
[35m[JSONWP Proxy][39m Replacing sessionId 5697f101-6a23-4fe4-8c34-4c8384c6d25d with 59f85be8-17c4-47bd-b27c-065065530a0e
[35m[HTTP][39m [37m<-- GET /wd/hub/session/59f85be8-17c4-47bd-b27c-065065530a0e/window/current/size [39m[32m200[39m [90m55 ms - 100[39m
[35m[HTTP][39m [90m[39m
[35m[HTTP][39m [37m-->[39m [37mPOST[39m [37m/wd/hub/session/59f85be8-17c4-47bd-b27c-065065530a0e/elements[39m
[35m[HTTP][39m [90m{"using":"-android uiautomator","value":"new UiSelector().className(\"android.widget.TextView\").text(\"Scelti per te questa settimana\").resourceId(\"it.sky.msa:id/categoryTitle\").instance(6)"}[39m
[35m[HTTP][39m [37m<-- POST /wd/hub/session/59f85be8-17c4-47bd-b27c-065065530a0e/elements [39m[32m200[39m [90m107 ms - 124[39m
[35m[HTTP][39m [90m[39m
[35m[HTTP][39m [37m-->[39m [37mGET[39m [37m/wd/hub/session/59f85be8-17c4-47bd-b27c-065065530a0e[39m
[35m[HTTP][39m [90m{}[39m
[35m[HTTP][39m [37m<-- GET /wd/hub/session/59f85be8-17c4-47bd-b27c-065065530a0e [39m[32m200[39m [90m30 ms - 1133[39m
[35m[HTTP][39m [90m[39m
[35m[HTTP][39m [37m-->[39m [37mGET[39m [37m/wd/hub/session/59f85be8-17c4-47bd-b27c-065065530a0e[39m
[35m[HTTP][39m [90m{}[39m
[35m[HTTP][39m [37m<-- GET /wd/hub/session/59f85be8-17c4-47bd-b27c-065065530a0e [39m[32m200[39m [90m27 ms - 1133[39m
[35m[HTTP][39m [90m[39m
[35m[HTTP][39m [37m-->[39m [37mGET[39m [37m/wd/hub/session/59f85be8-17c4-47bd-b27c-065065530a0e[39m
[35m[HTTP][39m [90m{}[39m
[35m[HTTP][39m [37m<-- GET /wd/hub/session/59f85be8-17c4-47bd-b27c-065065530a0e [39m[32m200[39m [90m29 ms - 1133[39m
[35m[HTTP][39m [90m[39m
[35m[HTTP][39m [37m-->[39m [37mGET[39m [37m/wd/hub/session/59f85be8-17c4-47bd-b27c-065065530a0e[39m
[35m[HTTP][39m [90m{}[39m
[35m[HTTP][39m [37m<-- GET /wd/hub/session/59f85be8-17c4-47bd-b27c-065065530a0e [39m[32m200[39m [90m30 ms - 1133[39m
[35m[HTTP][39m [90m[39m
[35m[HTTP][39m [37m-->[39m [37mGET[39m [37m/wd/hub/session/59f85be8-17c4-47bd-b27c-065065530a0e/element/4c81fa14-4105-4826-8a64-5e143b92dd50/location[39m
[35m[HTTP][39m [90m{}[39m
[35m[W3C][39m Driver proxy active, passing request on via HTTP proxy
[35m[JSONWP Proxy][39m Replacing sessionId 5697f101-6a23-4fe4-8c34-4c8384c6d25d with 59f85be8-17c4-47bd-b27c-065065530a0e
[35m[HTTP][39m [37m<-- GET /wd/hub/session/59f85be8-17c4-47bd-b27c-065065530a0e/element/4c81fa14-4105-4826-8a64-5e143b92dd50/location [39m[32m200[39m [90m58 ms - 89[39m
[35m[HTTP][39m [90m[39m
[35m[HTTP][39m [37m-->[39m [37mGET[39m [37m/wd/hub/session/59f85be8-17c4-47bd-b27c-065065530a0e/element/4c81fa14-4105-4826-8a64-5e143b92dd50/size[39m
[35m[HTTP][39m [90m{}[39m
[35m[W3C][39m Driver proxy active, passing request on via HTTP proxy
[35m[JSONWP Proxy][39m Replacing sessionId 5697f101-6a23-4fe4-8c34-4c8384c6d25d with 59f85be8-17c4-47bd-b27c-065065530a0e
[35m[HTTP][39m [37m<-- GET /wd/hub/session/59f85be8-17c4-47bd-b27c-065065530a0e/element/4c81fa14-4105-4826-8a64-5e143b92dd50/size [39m[32m200[39m [90m53 ms - 98[39m
[35m[HTTP][39m [90m[39m
[35m[HTTP][39m [37m-->[39m [37mGET[39m [37m/wd/hub/session/59f85be8-17c4-47bd-b27c-065065530a0e/window/current/size[39m
[35m[HTTP][39m [90m{}[39m
[35m[W3C][39m Driver proxy active, passing request on via HTTP proxy
[35m[JSONWP Proxy][39m Replacing sessionId 5697f101-6a23-4fe4-8c34-4c8384c6d25d with 59f85be8-17c4-47bd-b27c-065065530a0e
[35m[HTTP][39m [37m<-- GET /wd/hub/session/59f85be8-17c4-47bd-b27c-065065530a0e/window/current/size [39m[32m200[39m [90m56 ms - 100[39m
[35m[HTTP][39m [90m[39m
[35m[HTTP][39m [37m-->[39m [37mPOST[39m [37m/wd/hub/session/59f85be8-17c4-47bd-b27c-065065530a0e/elements[39m
[35m[HTTP][39m [90m{"using":"-android uiautomator","value":"new UiSelector().className(\"android.widget.TextView\").resourceId(\"it.sky.msa:id/categoryTitle\")"}[39m
[35m[HTTP][39m [37m<-- POST /wd/hub/session/59f85be8-17c4-47bd-b27c-065065530a0e/elements [39m[32m200[39m [90m110 ms - 124[39m
[35m[HTTP][39m [90m[39m
[35m[HTTP][39m [37m-->[39m [37mGET[39m [37m/wd/hub/session/59f85be8-17c4-47bd-b27c-065065530a0e[39m
[35m[HTTP][39m [90m{}[39m
[35m[HTTP][39m [37m<-- GET /wd/hub/session/59f85be8-17c4-47bd-b27c-065065530a0e [39m[32m200[39m [90m31 ms - 1133[39m
[35m[HTTP][39m [90m[39m
[35m[HTTP][39m [37m-->[39m [37mGET[39m [37m/wd/hub/session/59f85be8-17c4-47bd-b27c-065065530a0e[39m
[35m[HTTP][39m [90m{}[39m
[35m[HTTP][39m [37m<-- GET /wd/hub/session/59f85be8-17c4-47bd-b27c-065065530a0e [39m[32m200[39m [90m28 ms - 1133[39m
[35m[HTTP][39m [90m[39m
[35m[HTTP][39m [37m-->[39m [37mGET[39m [37m/wd/hub/session/59f85be8-17c4-47bd-b27c-065065530a0e[39m
[35m[HTTP][39m [90m{}[39m
[35m[HTTP][39m [37m<-- GET /wd/hub/session/59f85be8-17c4-47bd-b27c-065065530a0e [39m[32m200[39m [90m24 ms - 1133[39m
[35m[HTTP][39m [90m[39m
[35m[HTTP][39m [37m-->[39m [37mGET[39m [37m/wd/hub/session/59f85be8-17c4-47bd-b27c-065065530a0e[39m
[35m[HTTP][39m [90m{}[39m
[35m[HTTP][39m [37m<-- GET /wd/hub/session/59f85be8-17c4-47bd-b27c-065065530a0e [39m[32m200[39m [90m36 ms - 1133[39m
[35m[HTTP][39m [90m[39m
[35m[HTTP][39m [37m-->[39m [37mGET[39m [37m/wd/hub/session/59f85be8-17c4-47bd-b27c-065065530a0e/element/355499b0-0f89-409d-b0ae-d700c69818ef/location[39m
[35m[HTTP][39m [90m{}[39m
[35m[W3C][39m Driver proxy active, passing request on via HTTP proxy
[35m[JSONWP Proxy][39m Replacing sessionId 5697f101-6a23-4fe4-8c34-4c8384c6d25d with 59f85be8-17c4-47bd-b27c-065065530a0e
[35m[HTTP][39m [37m<-- GET /wd/hub/session/59f85be8-17c4-47bd-b27c-065065530a0e/element/355499b0-0f89-409d-b0ae-d700c69818ef/location [39m[32m200[39m [90m67 ms - 89[39m
[35m[HTTP][39m [90m[39m
[35m[HTTP][39m [37m-->[39m [37mGET[39m [37m/wd/hub/session/59f85be8-17c4-47bd-b27c-065065530a0e/element/355499b0-0f89-409d-b0ae-d700c69818ef/text[39m
[35m[HTTP][39m [90m{}[39m
[35m[W3C][39m Driver proxy active, passing request on via HTTP proxy
[35m[JSONWP Proxy][39m Replacing sessionId 5697f101-6a23-4fe4-8c34-4c8384c6d25d with 59f85be8-17c4-47bd-b27c-065065530a0e
[35m[HTTP][39m [37m<-- GET /wd/hub/session/59f85be8-17c4-47bd-b27c-065065530a0e/element/355499b0-0f89-409d-b0ae-d700c69818ef/text [39m[32m200[39m [90m76 ms - 104[39m
[35m[HTTP][39m [90m[39m
[35m[HTTP][39m [37m-->[39m [37mGET[39m [37m/wd/hub/session/59f85be8-17c4-47bd-b27c-065065530a0e/window/current/size[39m
[35m[HTTP][39m [90m{}[39m
[35m[W3C][39m Driver proxy active, passing request on via HTTP proxy
[35m[JSONWP Proxy][39m Replacing sessionId 5697f101-6a23-4fe4-8c34-4c8384c6d25d with 59f85be8-17c4-47bd-b27c-065065530a0e
[35m[HTTP][39m [37m<-- GET /wd/hub/session/59f85be8-17c4-47bd-b27c-065065530a0e/window/current/size [39m[32m200[39m [90m28 ms - 100[39m
[35m[HTTP][39m [90m[39m
[35m[HTTP][39m [37m-->[39m [37mPOST[39m [37m/wd/hub/session/59f85be8-17c4-47bd-b27c-065065530a0e/elements[39m
[35m[HTTP][39m [90m{"using":"-android uiautomator","value":"new UiSelector().className(\"android.widget.Button\").text(\"Vedi tutti\").resourceId(\"it.sky.msa:id/showAllCategoryButton\").instance(0)"}[39m
[35m[HTTP][39m [37m<-- POST /wd/hub/session/59f85be8-17c4-47bd-b27c-065065530a0e/elements [39m[32m200[39m [90m119 ms - 124[39m
[35m[HTTP][39m [90m[39m
[35m[HTTP][39m [37m-->[39m [37mGET[39m [37m/wd/hub/session/59f85be8-17c4-47bd-b27c-065065530a0e[39m
[35m[HTTP][39m [90m{}[39m
[35m[HTTP][39m [37m<-- GET /wd/hub/session/59f85be8-17c4-47bd-b27c-065065530a0e [39m[32m200[39m [90m37 ms - 1133[39m
[35m[HTTP][39m [90m[39m
[35m[HTTP][39m [37m-->[39m [37mGET[39m [37m/wd/hub/session/59f85be8-17c4-47bd-b27c-065065530a0e[39m
[35m[HTTP][39m [90m{}[39m
[35m[HTTP][39m [37m<-- GET /wd/hub/session/59f85be8-17c4-47bd-b27c-065065530a0e [39m[32m200[39m [90m29 ms - 1133[39m
[35m[HTTP][39m [90m[39m
[35m[HTTP][39m [37m-->[39m [37mGET[39m [37m/wd/hub/session/59f85be8-17c4-47bd-b27c-065065530a0e[39m
[35m[HTTP][39m [90m{}[39m
[35m[HTTP][39m [37m<-- GET /wd/hub/session/59f85be8-17c4-47bd-b27c-065065530a0e [39m[32m200[39m [90m26 ms - 1133[39m
[35m[HTTP][39m [90m[39m
[35m[HTTP][39m [37m-->[39m [37mGET[39m [37m/wd/hub/session/59f85be8-17c4-47bd-b27c-065065530a0e[39m
[35m[HTTP][39m [90m{}[39m
[35m[HTTP][39m [37m<-- GET /wd/hub/session/59f85be8-17c4-47bd-b27c-065065530a0e [39m[32m200[39m [90m25 ms - 1133[39m
[35m[HTTP][39m [90m[39m
[35m[HTTP][39m [37m-->[39m [37mGET[39m [37m/wd/hub/session/59f85be8-17c4-47bd-b27c-065065530a0e/element/feaa9f9f-2953-4688-ba38-8461d621c06c/location[39m
[35m[HTTP][39m [90m{}[39m
[35m[W3C][39m Driver proxy active, passing request on via HTTP proxy
[35m[JSONWP Proxy][39m Replacing sessionId 5697f101-6a23-4fe4-8c34-4c8384c6d25d with 59f85be8-17c4-47bd-b27c-065065530a0e
[35m[HTTP][39m [37m<-- GET /wd/hub/session/59f85be8-17c4-47bd-b27c-065065530a0e/element/feaa9f9f-2953-4688-ba38-8461d621c06c/location [39m[32m200[39m [90m81 ms - 90[39m
[35m[HTTP][39m [90m[39m
[35m[HTTP][39m [37m-->[39m [37mPOST[39m [37m/wd/hub/session/59f85be8-17c4-47bd-b27c-065065530a0e/touch/perform[39m
[35m[HTTP][39m [90m{"actions":[{"action":"tap","options":{"element":"feaa9f9f-2953-4688-ba38-8461d621c06c","x":1,"y":1}}]}[39m
[35m[UiAutomator2][39m calling get location: feaa9f9f-2953-4688-ba38-8461d621c06c
[35m[HTTP][39m [37m<-- POST /wd/hub/session/59f85be8-17c4-47bd-b27c-065065530a0e/touch/perform [39m[32m200[39m [90m954 ms - 76[39m
[35m[HTTP][39m [90m[39m
[35m[HTTP][39m [37m-->[39m [37mGET[39m [37m/wd/hub/session/59f85be8-17c4-47bd-b27c-065065530a0e/window/current/size[39m
[35m[HTTP][39m [90m{}[39m
[35m[W3C][39m Driver proxy active, passing request on via HTTP proxy
[35m[JSONWP Proxy][39m Replacing sessionId 5697f101-6a23-4fe4-8c34-4c8384c6d25d with 59f85be8-17c4-47bd-b27c-065065530a0e
[35m[HTTP][39m [37m<-- GET /wd/hub/session/59f85be8-17c4-47bd-b27c-065065530a0e/window/current/size [39m[32m200[39m [90m38 ms - 100[39m
[35m[HTTP][39m [90m[39m
[35m[HTTP][39m [37m-->[39m [37mPOST[39m [37m/wd/hub/session/59f85be8-17c4-47bd-b27c-065065530a0e/elements[39m
[35m[HTTP][39m [90m{"using":"-android uiautomator","value":"new UiSelector().className(\"android.widget.TextView\").resourceId(\"it.sky.msa:id/toolbarTitle\")"}[39m
[35m[HTTP][39m [37m<-- POST /wd/hub/session/59f85be8-17c4-47bd-b27c-065065530a0e/elements [39m[32m200[39m [90m95 ms - 124[39m
[35m[HTTP][39m [90m[39m
[35m[HTTP][39m [37m-->[39m [37mGET[39m [37m/wd/hub/session/59f85be8-17c4-47bd-b27c-065065530a0e[39m
[35m[HTTP][39m [90m{}[39m
[35m[HTTP][39m [37m<-- GET /wd/hub/session/59f85be8-17c4-47bd-b27c-065065530a0e [39m[32m200[39m [90m24 ms - 1133[39m
[35m[HTTP][39m [90m[39m
[35m[HTTP][39m [37m-->[39m [37mGET[39m [37m/wd/hub/session/59f85be8-17c4-47bd-b27c-065065530a0e[39m
[35m[HTTP][39m [90m{}[39m
[35m[HTTP][39m [37m<-- GET /wd/hub/session/59f85be8-17c4-47bd-b27c-065065530a0e [39m[32m200[39m [90m23 ms - 1133[39m
[35m[HTTP][39m [90m[39m
[35m[HTTP][39m [37m-->[39m [37mGET[39m [37m/wd/hub/session/59f85be8-17c4-47bd-b27c-065065530a0e[39m
[35m[HTTP][39m [90m{}[39m
[35m[HTTP][39m [37m<-- GET /wd/hub/session/59f85be8-17c4-47bd-b27c-065065530a0e [39m[32m200[39m [90m23 ms - 1133[39m
[35m[HTTP][39m [90m[39m
[35m[HTTP][39m [37m-->[39m [37mGET[39m [37m/wd/hub/session/59f85be8-17c4-47bd-b27c-065065530a0e[39m
[35m[HTTP][39m [90m{}[39m
[35m[HTTP][39m [37m<-- GET /wd/hub/session/59f85be8-17c4-47bd-b27c-065065530a0e [39m[32m200[39m [90m21 ms - 1133[39m
[35m[HTTP][39m [90m[39m
[35m[HTTP][39m [37m-->[39m [37mGET[39m [37m/wd/hub/session/59f85be8-17c4-47bd-b27c-065065530a0e/element/8919a5b4-8d8b-4daf-82a4-6fe63b92fa1e/location[39m
[35m[HTTP][39m [90m{}[39m
[35m[W3C][39m Driver proxy active, passing request on via HTTP proxy
[35m[JSONWP Proxy][39m Replacing sessionId 5697f101-6a23-4fe4-8c34-4c8384c6d25d with 59f85be8-17c4-47bd-b27c-065065530a0e
[35m[HTTP][39m [37m<-- GET /wd/hub/session/59f85be8-17c4-47bd-b27c-065065530a0e/element/8919a5b4-8d8b-4daf-82a4-6fe63b92fa1e/location [39m[32m200[39m [90m1071 ms - 89[39m
[35m[HTTP][39m [90m[39m
[35m[HTTP][39m [37m-->[39m [37mGET[39m [37m/wd/hub/session/59f85be8-17c4-47bd-b27c-065065530a0e/element/8919a5b4-8d8b-4daf-82a4-6fe63b92fa1e/text[39m
[35m[HTTP][39m [90m{}[39m
[35m[W3C][39m Driver proxy active, passing request on via HTTP proxy
[35m[JSONWP Proxy][39m Replacing sessionId 5697f101-6a23-4fe4-8c34-4c8384c6d25d with 59f85be8-17c4-47bd-b27c-065065530a0e
[35m[HTTP][39m [37m<-- GET /wd/hub/session/59f85be8-17c4-47bd-b27c-065065530a0e/element/8919a5b4-8d8b-4daf-82a4-6fe63b92fa1e/text [39m[32m200[39m [90m766 ms - 104[39m
[35m[HTTP][39m [90m[39m
[35m[HTTP][39m [37m-->[39m [37mGET[39m [37m/wd/hub/session/59f85be8-17c4-47bd-b27c-065065530a0e/window/current/size[39m
[35m[HTTP][39m [90m{}[39m
[35m[W3C][39m Driver proxy active, passing request on via HTTP proxy
[35m[JSONWP Proxy][39m Replacing sessionId 5697f101-6a23-4fe4-8c34-4c8384c6d25d with 59f85be8-17c4-47bd-b27c-065065530a0e
[35m[HTTP][39m [37m<-- GET /wd/hub/session/59f85be8-17c4-47bd-b27c-065065530a0e/window/current/size [39m[32m200[39m [90m61 ms - 100[39m
[35m[HTTP][39m [90m[39m
[35m[HTTP][39m [37m-->[39m [37mPOST[39m [37m/wd/hub/session/59f85be8-17c4-47bd-b27c-065065530a0e/elements[39m
[35m[HTTP][39m [90m{"using":"-android uiautomator","value":"new UiSelector().className(\"android.widget.ImageButton\").instance(0)"}[39m
[35m[HTTP][39m [37m<-- POST /wd/hub/session/59f85be8-17c4-47bd-b27c-065065530a0e/elements [39m[32m200[39m [90m96 ms - 124[39m
[35m[HTTP][39m [90m[39m
[35m[HTTP][39m [37m-->[39m [37mGET[39m [37m/wd/hub/session/59f85be8-17c4-47bd-b27c-065065530a0e[39m
[35m[HTTP][39m [90m{}[39m
[35m[HTTP][39m [37m<-- GET /wd/hub/session/59f85be8-17c4-47bd-b27c-065065530a0e [39m[32m200[39m [90m23 ms - 1133[39m
[35m[HTTP][39m [90m[39m
[35m[HTTP][39m [37m-->[39m [37mGET[39m [37m/wd/hub/session/59f85be8-17c4-47bd-b27c-065065530a0e[39m
[35m[HTTP][39m [90m{}[39m
[35m[HTTP][39m [37m<-- GET /wd/hub/session/59f85be8-17c4-47bd-b27c-065065530a0e [39m[32m200[39m [90m23 ms - 1133[39m
[35m[HTTP][39m [90m[39m
[35m[HTTP][39m [37m-->[39m [37mGET[39m [37m/wd/hub/session/59f85be8-17c4-47bd-b27c-065065530a0e[39m
[35m[HTTP][39m [90m{}[39m
[35m[HTTP][39m [37m<-- GET /wd/hub/session/59f85be8-17c4-47bd-b27c-065065530a0e [39m[32m200[39m [90m24 ms - 1133[39m
[35m[HTTP][39m [90m[39m
[35m[HTTP][39m [37m-->[39m [37mGET[39m [37m/wd/hub/session/59f85be8-17c4-47bd-b27c-065065530a0e[39m
[35m[HTTP][39m [90m{}[39m
[35m[HTTP][39m [37m<-- GET /wd/hub/session/59f85be8-17c4-47bd-b27c-065065530a0e [39m[32m200[39m [90m26 ms - 1133[39m
[35m[HTTP][39m [90m[39m
[35m[HTTP][39m [37m-->[39m [37mGET[39m [37m/wd/hub/session/59f85be8-17c4-47bd-b27c-065065530a0e/element/e1dce13d-beac-41f9-9b80-ee44e626ffe3/location[39m
[35m[HTTP][39m [90m{}[39m
[35m[W3C][39m Driver proxy active, passing request on via HTTP proxy
[35m[JSONWP Proxy][39m Replacing sessionId 5697f101-6a23-4fe4-8c34-4c8384c6d25d with 59f85be8-17c4-47bd-b27c-065065530a0e
[35m[HTTP][39m [37m<-- GET /wd/hub/session/59f85be8-17c4-47bd-b27c-065065530a0e/element/e1dce13d-beac-41f9-9b80-ee44e626ffe3/location [39m[32m200[39m [90m57 ms - 86[39m
[35m[HTTP][39m [90m[39m
[35m[HTTP][39m [37m-->[39m [37mPOST[39m [37m/wd/hub/session/59f85be8-17c4-47bd-b27c-065065530a0e/touch/perform[39m
[35m[HTTP][39m [90m{"actions":[{"action":"tap","options":{"element":"e1dce13d-beac-41f9-9b80-ee44e626ffe3","x":1,"y":1}}]}[39m
[35m[UiAutomator2][39m calling get location: e1dce13d-beac-41f9-9b80-ee44e626ffe3
[35m[HTTP][39m [37m<-- POST /wd/hub/session/59f85be8-17c4-47bd-b27c-065065530a0e/touch/perform [39m[32m200[39m [90m1013 ms - 76[39m
[35m[HTTP][39m [90m[39m
[35m[HTTP][39m [37m-->[39m [37mDELETE[39m [37m/wd/hub/session/59f85be8-17c4-47bd-b27c-065065530a0e[39m
[35m[HTTP][39m [90m{}[39m
[35m[Appium][39m Removing session 59f85be8-17c4-47bd-b27c-065065530a0e from our master session list
[35m[HTTP][39m [37m<-- DELETE /wd/hub/session/59f85be8-17c4-47bd-b27c-065065530a0e [39m[32m200[39m [90m323 ms - 76[39m
[35m[HTTP][39m [90m[39m
