[35m[Appium][39m Welcome to Appium v1.8.1
[35m[Appium][39m Non-default server args:
[35m[Appium][39m   port: 50362
[35m[Appium][39m   loglevel: info
[35m[Appium][39m   chromeDriverPort: 50363
[35m[Appium][39m   tmpDir: C:\Users\marco\AppData\Local\Temp\\Katalon\Appium\Temp1551281045131
[35m[Appium][39m Appium REST http interface listener started on 0.0.0.0:50362
[35m[HTTP][39m [37m-->[39m [37mGET[39m [37m/wd/hub/status[39m
[35m[HTTP][39m [90m{}[39m
[35m[HTTP][39m [37m<-- GET /wd/hub/status [39m[32m200[39m [90m54 ms - 83[39m
[35m[HTTP][39m [90m[39m
[35m[HTTP][39m [37m-->[39m [37mPOST[39m [37m/wd/hub/session[39m
[35m[HTTP][39m [90m{"desiredCapabilities":{"app":"C:\\Users\\MSA-testautomation\\59.apk","autoGrantPermissions":true,"automationName":"uiautomator2","deviceName":"samsung SM-G935F (Android 8.0.0)","fullReset":false,"newCommandTimeout":1800,"noReset":true,"platform":"ANDROID","platformName":"Android","udid":"9885f7504651473733"},"capabilities":{"desiredCapabilities":{"app":"C:\\Users\\MSA-testautomation\\59.apk","autoGrantPermissions":true,"automationName":"uiautomator2","deviceName":"samsung SM-G935F (Android 8.0.0)","fullReset":false,"newCommandTimeout":1800,"noReset":true,"platform":"ANDROID","platformName":"Android","udid":"9885f7504651473733"},"firstMatch":[{"platformName":"android"}]}}[39m
[35m[Appium][39m Could not parse W3C capabilities: 'deviceName' can't be blank. Falling back to JSONWP protocol.
[35m[Appium][39m The following capabilities were provided in the JSONWP desired capabilities that are missing in W3C capabilities: ["app","autoGrantPermissions","automationName","deviceName","fullReset","newCommandTimeout","noReset","platform","platformName","udid"]. Falling back to JSONWP protocol.
[35m[Appium][39m Creating new AndroidUiautomator2Driver (v1.12.0) session
[35m[Appium][39m Capabilities:
[35m[Appium][39m   app: C:\Users\MSA-testautomation\59.apk
[35m[Appium][39m   autoGrantPermissions: true
[35m[Appium][39m   automationName: uiautomator2
[35m[Appium][39m   deviceName: samsung SM-G935F (Android 8.0.0)
[35m[Appium][39m   fullReset: false
[35m[Appium][39m   newCommandTimeout: 1800
[35m[Appium][39m   noReset: true
[35m[Appium][39m   platform: ANDROID
[35m[Appium][39m   platformName: Android
[35m[Appium][39m   udid: 9885f7504651473733
[35m[BaseDriver][39m The following capabilities were provided, but are not recognized by appium: platform.
[35m[BaseDriver][39m Session created with session id: df1abbcc-5419-4421-8622-edf77e17e186
[35m[BaseDriver][39m Using local app 'C:\Users\MSA-testautomation\59.apk'
[35m[AndroidDriver][39m Java version is: 1.8.0_181
[35m[ADB][39m Checking whether adb is present
[35m[ADB][39m Found 1 'build-tools' folders under 'C:\Users\marco\.katalon\tools\android_sdk' (newest first):
[35m[ADB][39m     C:/Users/marco/.katalon/tools/android_sdk/build-tools/28.0.3
[35m[ADB][39m Using adb.exe from C:\Users\marco\.katalon\tools\android_sdk\platform-tools\adb.exe
[35m[AndroidDriver][39m Retrieving device list
[35m[AndroidDriver][39m Using device: 9885f7504651473733
[35m[ADB][39m Using the alternative activity name detection method because of: Could not find apkanalyzer.bat in C:\Users\marco\.katalon\tools\android_sdk\platform-tools\apkanalyzer.bat,C:\Users\marco\.katalon\tools\android_sdk\emulator\apkanalyzer.bat,C:\Users\marco\.katalon\tools\android_sdk\tools\apkanalyzer.bat,C:\Users\marco\.katalon\tools\android_sdk\tools\bin\apkanalyzer.bat,C:\Users\marco\.katalon\tools\android_sdk\build-tools\28.0.3\apkanalyzer.bat. Do you have the Android SDK installed at 'C:\Users\marco\.katalon\tools\android_sdk'?
[35m[ADB][39m Checking whether aapt is present
[35m[ADB][39m Using aapt.exe from C:\Users\marco\.katalon\tools\android_sdk\build-tools\28.0.3\aapt.exe
[35m[ADB][39m Extracting package and launch activity from manifest
[35m[ADB][39m Package name: 'it.sky.msa'
[35m[ADB][39m Main activity name: 'it.sky.msa.welcome.SplashActivity'
[35m[ADB][39m Getting device platform version
[35m[ADB][39m Using apksigner.bat from C:\Users\marco\.katalon\tools\android_sdk\build-tools\28.0.3\apksigner.bat
[35m[ADB][39m Checking whether zipalign is present
[35m[ADB][39m Using zipalign.exe from C:\Users\marco\.katalon\tools\android_sdk\build-tools\28.0.3\zipalign.exe
[35m[ADB][39m io.appium.uiautomator2.server was successfully uninstalled
[35m[ADB][39m io.appium.uiautomator2.server.test was successfully uninstalled
[35m[AndroidDriver][39m setDeviceLanguageCountry requires language or country.
[35m[AndroidDriver][39m Got language: 'null' and country: 'null'
[35m[ADB][39m Successfully extracted 218 strings from 'C:\Users\MSA-testautomation\59.apk' resources for '(default)' configuration
[35m[UiAutomator2][39m Starting uiautomator2 server 1.12.0
[35m[UiAutomator2][39m Using UIAutomator2 server from 'C:\Users\marco\AppData\Roaming\npm\node_modules\appium\node_modules\appium-uiautomator2-server\apks\appium-uiautomator2-server-v1.12.0.apk' and test from 'C:\Users\marco\AppData\Roaming\npm\node_modules\appium\node_modules\appium-uiautomator2-server\apks\appium-uiautomator2-server-debug-androidTest.apk'
[35m[UiAutomator2][39m Running command: 'adb -s 9885f7504651473733 shell am instrument -w io.appium.uiautomator2.server.test/android.support.test.runner.AndroidJUnitRunner'
[35m[UiAutomator2][39m Waiting up to 20000ms for UiAutomator2 to be online...
[35m[AndroidDriver][39m Screen already unlocked, doing nothing
[35m[UiAutomator2][39m UiAutomator2 did not start the activity we were waiting for, 'it.sky.msa/it.sky.msa.welcome.SplashActivity'. Starting it ourselves
[35m[Appium][39m New AndroidUiautomator2Driver session created successfully, session df1abbcc-5419-4421-8622-edf77e17e186 added to master session list
[35m[HTTP][39m [37m<-- POST /wd/hub/session [39m[32m200[39m [90m21430 ms - 1133[39m
[35m[HTTP][39m [90m[39m
[35m[HTTP][39m [37m-->[39m [37mGET[39m [37m/wd/hub/status[39m
[35m[HTTP][39m [90m{}[39m
[35m[HTTP][39m [37m<-- GET /wd/hub/status [39m[32m200[39m [90m44 ms - 55[39m
[35m[HTTP][39m [90m[39m
[35m[HTTP][39m [37m-->[39m [37mPOST[39m [37m/wd/hub/session/df1abbcc-5419-4421-8622-edf77e17e186/timeouts[39m
[35m[HTTP][39m [90m{"type":"implicit","ms":60000}[39m
[35m[HTTP][39m [37m<-- POST /wd/hub/session/df1abbcc-5419-4421-8622-edf77e17e186/timeouts [39m[33m400[39m [90m20 ms - 5204[39m
[35m[HTTP][39m [90m[39m
[35m[HTTP][39m [37m-->[39m [37mGET[39m [37m/wd/hub/session/df1abbcc-5419-4421-8622-edf77e17e186/window/current/size[39m
[35m[HTTP][39m [90m{}[39m
[35m[W3C][39m Driver proxy active, passing request on via HTTP proxy
[35m[JSONWP Proxy][39m Replacing sessionId f09a98da-4e11-4026-a11b-96b38b8a1be8 with df1abbcc-5419-4421-8622-edf77e17e186
[35m[HTTP][39m [37m<-- GET /wd/hub/session/df1abbcc-5419-4421-8622-edf77e17e186/window/current/size [39m[32m200[39m [90m41 ms - 100[39m
[35m[HTTP][39m [90m[39m
[35m[HTTP][39m [37m-->[39m [37mPOST[39m [37m/wd/hub/session/df1abbcc-5419-4421-8622-edf77e17e186/elements[39m
[35m[HTTP][39m [90m{"using":"-android uiautomator","value":"new UiSelector().className(\"android.widget.TextView\").text(\"Home\").resourceId(\"it.sky.msa:id/title\").instance(4)"}[39m
[35m[HTTP][39m [37m<-- POST /wd/hub/session/df1abbcc-5419-4421-8622-edf77e17e186/elements [39m[32m200[39m [90m251 ms - 74[39m
[35m[HTTP][39m [90m[39m
[35m[HTTP][39m [37m-->[39m [37mPOST[39m [37m/wd/hub/session/df1abbcc-5419-4421-8622-edf77e17e186/elements[39m
[35m[HTTP][39m [90m{"using":"-android uiautomator","value":"new UiSelector().className(\"android.widget.TextView\").text(\"Home\").resourceId(\"it.sky.msa:id/title\").instance(4)"}[39m
[35m[HTTP][39m [37m<-- POST /wd/hub/session/df1abbcc-5419-4421-8622-edf77e17e186/elements [39m[32m200[39m [90m62 ms - 74[39m
[35m[HTTP][39m [90m[39m
[35m[HTTP][39m [37m-->[39m [37mPOST[39m [37m/wd/hub/session/df1abbcc-5419-4421-8622-edf77e17e186/elements[39m
[35m[HTTP][39m [90m{"using":"-android uiautomator","value":"new UiSelector().className(\"android.widget.TextView\").text(\"Home\").resourceId(\"it.sky.msa:id/title\").instance(4)"}[39m
[35m[HTTP][39m [37m<-- POST /wd/hub/session/df1abbcc-5419-4421-8622-edf77e17e186/elements [39m[32m200[39m [90m50 ms - 74[39m
[35m[HTTP][39m [90m[39m
[35m[HTTP][39m [37m-->[39m [37mPOST[39m [37m/wd/hub/session/df1abbcc-5419-4421-8622-edf77e17e186/elements[39m
[35m[HTTP][39m [90m{"using":"-android uiautomator","value":"new UiSelector().className(\"android.widget.TextView\").text(\"Home\").resourceId(\"it.sky.msa:id/title\").instance(4)"}[39m
[35m[HTTP][39m [37m<-- POST /wd/hub/session/df1abbcc-5419-4421-8622-edf77e17e186/elements [39m[32m200[39m [90m57 ms - 74[39m
[35m[HTTP][39m [90m[39m
[35m[HTTP][39m [37m-->[39m [37mPOST[39m [37m/wd/hub/session/df1abbcc-5419-4421-8622-edf77e17e186/elements[39m
[35m[HTTP][39m [90m{"using":"-android uiautomator","value":"new UiSelector().className(\"android.widget.TextView\").text(\"Home\").resourceId(\"it.sky.msa:id/title\").instance(4)"}[39m
[35m[HTTP][39m [37m<-- POST /wd/hub/session/df1abbcc-5419-4421-8622-edf77e17e186/elements [39m[32m200[39m [90m58 ms - 74[39m
[35m[HTTP][39m [90m[39m
[35m[HTTP][39m [37m-->[39m [37mPOST[39m [37m/wd/hub/session/df1abbcc-5419-4421-8622-edf77e17e186/elements[39m
[35m[HTTP][39m [90m{"using":"-android uiautomator","value":"new UiSelector().className(\"android.widget.TextView\").text(\"Home\").resourceId(\"it.sky.msa:id/title\").instance(4)"}[39m
[35m[HTTP][39m [37m<-- POST /wd/hub/session/df1abbcc-5419-4421-8622-edf77e17e186/elements [39m[32m200[39m [90m57 ms - 74[39m
[35m[HTTP][39m [90m[39m
[35m[HTTP][39m [37m-->[39m [37mPOST[39m [37m/wd/hub/session/df1abbcc-5419-4421-8622-edf77e17e186/elements[39m
[35m[HTTP][39m [90m{"using":"-android uiautomator","value":"new UiSelector().className(\"android.widget.TextView\").text(\"Home\").resourceId(\"it.sky.msa:id/title\").instance(4)"}[39m
[35m[HTTP][39m [37m<-- POST /wd/hub/session/df1abbcc-5419-4421-8622-edf77e17e186/elements [39m[32m200[39m [90m70 ms - 74[39m
[35m[HTTP][39m [90m[39m
[35m[HTTP][39m [37m-->[39m [37mPOST[39m [37m/wd/hub/session/df1abbcc-5419-4421-8622-edf77e17e186/elements[39m
[35m[HTTP][39m [90m{"using":"-android uiautomator","value":"new UiSelector().className(\"android.widget.TextView\").text(\"Home\").resourceId(\"it.sky.msa:id/title\").instance(4)"}[39m
[35m[HTTP][39m [37m<-- POST /wd/hub/session/df1abbcc-5419-4421-8622-edf77e17e186/elements [39m[32m200[39m [90m67 ms - 74[39m
[35m[HTTP][39m [90m[39m
[35m[HTTP][39m [37m-->[39m [37mPOST[39m [37m/wd/hub/session/df1abbcc-5419-4421-8622-edf77e17e186/elements[39m
[35m[HTTP][39m [90m{"using":"-android uiautomator","value":"new UiSelector().className(\"android.widget.TextView\").text(\"Home\").resourceId(\"it.sky.msa:id/title\").instance(4)"}[39m
[35m[HTTP][39m [37m<-- POST /wd/hub/session/df1abbcc-5419-4421-8622-edf77e17e186/elements [39m[32m200[39m [90m64 ms - 74[39m
[35m[HTTP][39m [90m[39m
[35m[HTTP][39m [37m-->[39m [37mPOST[39m [37m/wd/hub/session/df1abbcc-5419-4421-8622-edf77e17e186/elements[39m
[35m[HTTP][39m [90m{"using":"-android uiautomator","value":"new UiSelector().className(\"android.widget.TextView\").text(\"Home\").resourceId(\"it.sky.msa:id/title\").instance(4)"}[39m
[35m[HTTP][39m [37m<-- POST /wd/hub/session/df1abbcc-5419-4421-8622-edf77e17e186/elements [39m[32m200[39m [90m66 ms - 74[39m
[35m[HTTP][39m [90m[39m
[35m[HTTP][39m [37m-->[39m [37mPOST[39m [37m/wd/hub/session/df1abbcc-5419-4421-8622-edf77e17e186/elements[39m
[35m[HTTP][39m [90m{"using":"-android uiautomator","value":"new UiSelector().className(\"android.widget.TextView\").text(\"Home\").resourceId(\"it.sky.msa:id/title\").instance(4)"}[39m
[35m[HTTP][39m [37m<-- POST /wd/hub/session/df1abbcc-5419-4421-8622-edf77e17e186/elements [39m[32m200[39m [90m69 ms - 74[39m
[35m[HTTP][39m [90m[39m
[35m[HTTP][39m [37m-->[39m [37mPOST[39m [37m/wd/hub/session/df1abbcc-5419-4421-8622-edf77e17e186/elements[39m
[35m[HTTP][39m [90m{"using":"-android uiautomator","value":"new UiSelector().className(\"android.widget.TextView\").text(\"Home\").resourceId(\"it.sky.msa:id/title\").instance(4)"}[39m
[35m[HTTP][39m [37m<-- POST /wd/hub/session/df1abbcc-5419-4421-8622-edf77e17e186/elements [39m[32m200[39m [90m84 ms - 74[39m
[35m[HTTP][39m [90m[39m
[35m[HTTP][39m [37m-->[39m [37mPOST[39m [37m/wd/hub/session/df1abbcc-5419-4421-8622-edf77e17e186/elements[39m
[35m[HTTP][39m [90m{"using":"-android uiautomator","value":"new UiSelector().className(\"android.widget.TextView\").text(\"Home\").resourceId(\"it.sky.msa:id/title\").instance(4)"}[39m
[35m[HTTP][39m [37m<-- POST /wd/hub/session/df1abbcc-5419-4421-8622-edf77e17e186/elements [39m[32m200[39m [90m73 ms - 74[39m
[35m[HTTP][39m [90m[39m
[35m[HTTP][39m [37m-->[39m [37mPOST[39m [37m/wd/hub/session/df1abbcc-5419-4421-8622-edf77e17e186/elements[39m
[35m[HTTP][39m [90m{"using":"-android uiautomator","value":"new UiSelector().className(\"android.widget.TextView\").text(\"Home\").resourceId(\"it.sky.msa:id/title\").instance(4)"}[39m
[35m[HTTP][39m [37m<-- POST /wd/hub/session/df1abbcc-5419-4421-8622-edf77e17e186/elements [39m[32m200[39m [90m87 ms - 74[39m
[35m[HTTP][39m [90m[39m
[35m[HTTP][39m [37m-->[39m [37mPOST[39m [37m/wd/hub/session/df1abbcc-5419-4421-8622-edf77e17e186/elements[39m
[35m[HTTP][39m [90m{"using":"-android uiautomator","value":"new UiSelector().className(\"android.widget.TextView\").text(\"Home\").resourceId(\"it.sky.msa:id/title\").instance(4)"}[39m
[35m[HTTP][39m [37m<-- POST /wd/hub/session/df1abbcc-5419-4421-8622-edf77e17e186/elements [39m[32m200[39m [90m110 ms - 74[39m
[35m[HTTP][39m [90m[39m
[35m[HTTP][39m [37m-->[39m [37mPOST[39m [37m/wd/hub/session/df1abbcc-5419-4421-8622-edf77e17e186/elements[39m
[35m[HTTP][39m [90m{"using":"-android uiautomator","value":"new UiSelector().className(\"android.widget.TextView\").text(\"Home\").resourceId(\"it.sky.msa:id/title\").instance(4)"}[39m
[35m[HTTP][39m [37m<-- POST /wd/hub/session/df1abbcc-5419-4421-8622-edf77e17e186/elements [39m[32m200[39m [90m76 ms - 74[39m
[35m[HTTP][39m [90m[39m
[35m[HTTP][39m [37m-->[39m [37mPOST[39m [37m/wd/hub/session/df1abbcc-5419-4421-8622-edf77e17e186/elements[39m
[35m[HTTP][39m [90m{"using":"-android uiautomator","value":"new UiSelector().className(\"android.widget.TextView\").text(\"Home\").resourceId(\"it.sky.msa:id/title\").instance(4)"}[39m
[35m[HTTP][39m [37m<-- POST /wd/hub/session/df1abbcc-5419-4421-8622-edf77e17e186/elements [39m[32m200[39m [90m82 ms - 74[39m
[35m[HTTP][39m [90m[39m
[35m[HTTP][39m [37m-->[39m [37mPOST[39m [37m/wd/hub/session/df1abbcc-5419-4421-8622-edf77e17e186/elements[39m
[35m[HTTP][39m [90m{"using":"-android uiautomator","value":"new UiSelector().className(\"android.widget.TextView\").text(\"Home\").resourceId(\"it.sky.msa:id/title\").instance(4)"}[39m
[35m[HTTP][39m [37m<-- POST /wd/hub/session/df1abbcc-5419-4421-8622-edf77e17e186/elements [39m[32m200[39m [90m68 ms - 74[39m
[35m[HTTP][39m [90m[39m
[35m[HTTP][39m [37m-->[39m [37mPOST[39m [37m/wd/hub/session/df1abbcc-5419-4421-8622-edf77e17e186/elements[39m
[35m[HTTP][39m [90m{"using":"-android uiautomator","value":"new UiSelector().className(\"android.widget.TextView\").text(\"Home\").resourceId(\"it.sky.msa:id/title\").instance(4)"}[39m
[35m[HTTP][39m [37m<-- POST /wd/hub/session/df1abbcc-5419-4421-8622-edf77e17e186/elements [39m[32m200[39m [90m80 ms - 74[39m
[35m[HTTP][39m [90m[39m
[35m[HTTP][39m [37m-->[39m [37mPOST[39m [37m/wd/hub/session/df1abbcc-5419-4421-8622-edf77e17e186/elements[39m
[35m[HTTP][39m [90m{"using":"-android uiautomator","value":"new UiSelector().className(\"android.widget.TextView\").text(\"Home\").resourceId(\"it.sky.msa:id/title\").instance(4)"}[39m
[35m[HTTP][39m [37m<-- POST /wd/hub/session/df1abbcc-5419-4421-8622-edf77e17e186/elements [39m[32m200[39m [90m98 ms - 74[39m
[35m[HTTP][39m [90m[39m
[35m[HTTP][39m [37m-->[39m [37mPOST[39m [37m/wd/hub/session/df1abbcc-5419-4421-8622-edf77e17e186/elements[39m
[35m[HTTP][39m [90m{"using":"-android uiautomator","value":"new UiSelector().className(\"android.widget.TextView\").text(\"Home\").resourceId(\"it.sky.msa:id/title\").instance(4)"}[39m
[35m[HTTP][39m [37m<-- POST /wd/hub/session/df1abbcc-5419-4421-8622-edf77e17e186/elements [39m[32m200[39m [90m61 ms - 74[39m
[35m[HTTP][39m [90m[39m
[35m[HTTP][39m [37m-->[39m [37mPOST[39m [37m/wd/hub/session/df1abbcc-5419-4421-8622-edf77e17e186/elements[39m
[35m[HTTP][39m [90m{"using":"-android uiautomator","value":"new UiSelector().className(\"android.widget.TextView\").text(\"Home\").resourceId(\"it.sky.msa:id/title\").instance(4)"}[39m
[35m[HTTP][39m [37m<-- POST /wd/hub/session/df1abbcc-5419-4421-8622-edf77e17e186/elements [39m[32m200[39m [90m881 ms - 124[39m
[35m[HTTP][39m [90m[39m
[35m[HTTP][39m [37m-->[39m [37mGET[39m [37m/wd/hub/session/df1abbcc-5419-4421-8622-edf77e17e186[39m
[35m[HTTP][39m [90m{}[39m
[35m[HTTP][39m [37m<-- GET /wd/hub/session/df1abbcc-5419-4421-8622-edf77e17e186 [39m[32m200[39m [90m38 ms - 1133[39m
[35m[HTTP][39m [90m[39m
[35m[HTTP][39m [37m-->[39m [37mGET[39m [37m/wd/hub/session/df1abbcc-5419-4421-8622-edf77e17e186[39m
[35m[HTTP][39m [90m{}[39m
[35m[HTTP][39m [37m<-- GET /wd/hub/session/df1abbcc-5419-4421-8622-edf77e17e186 [39m[32m200[39m [90m31 ms - 1133[39m
[35m[HTTP][39m [90m[39m
[35m[HTTP][39m [37m-->[39m [37mGET[39m [37m/wd/hub/session/df1abbcc-5419-4421-8622-edf77e17e186[39m
[35m[HTTP][39m [90m{}[39m
[35m[HTTP][39m [37m<-- GET /wd/hub/session/df1abbcc-5419-4421-8622-edf77e17e186 [39m[32m200[39m [90m31 ms - 1133[39m
[35m[HTTP][39m [90m[39m
[35m[HTTP][39m [37m-->[39m [37mGET[39m [37m/wd/hub/session/df1abbcc-5419-4421-8622-edf77e17e186[39m
[35m[HTTP][39m [90m{}[39m
[35m[HTTP][39m [37m<-- GET /wd/hub/session/df1abbcc-5419-4421-8622-edf77e17e186 [39m[32m200[39m [90m27 ms - 1133[39m
[35m[HTTP][39m [90m[39m
[35m[HTTP][39m [37m-->[39m [37mGET[39m [37m/wd/hub/session/df1abbcc-5419-4421-8622-edf77e17e186/element/4972ca92-6116-4381-9866-6e6097bd2cd8/location[39m
[35m[HTTP][39m [90m{}[39m
[35m[W3C][39m Driver proxy active, passing request on via HTTP proxy
[35m[JSONWP Proxy][39m Replacing sessionId f09a98da-4e11-4026-a11b-96b38b8a1be8 with df1abbcc-5419-4421-8622-edf77e17e186
[35m[HTTP][39m [37m<-- GET /wd/hub/session/df1abbcc-5419-4421-8622-edf77e17e186/element/4972ca92-6116-4381-9866-6e6097bd2cd8/location [39m[32m200[39m [90m64 ms - 89[39m
[35m[HTTP][39m [90m[39m
[35m[HTTP][39m [37m-->[39m [37mGET[39m [37m/wd/hub/session/df1abbcc-5419-4421-8622-edf77e17e186/window/current/size[39m
[35m[HTTP][39m [90m{}[39m
[35m[W3C][39m Driver proxy active, passing request on via HTTP proxy
[35m[JSONWP Proxy][39m Replacing sessionId f09a98da-4e11-4026-a11b-96b38b8a1be8 with df1abbcc-5419-4421-8622-edf77e17e186
[35m[HTTP][39m [37m<-- GET /wd/hub/session/df1abbcc-5419-4421-8622-edf77e17e186/window/current/size [39m[32m200[39m [90m39 ms - 100[39m
[35m[HTTP][39m [90m[39m
[35m[HTTP][39m [37m-->[39m [37mPOST[39m [37m/wd/hub/session/df1abbcc-5419-4421-8622-edf77e17e186/elements[39m
[35m[HTTP][39m [90m{"using":"-android uiautomator","value":"new UiSelector().className(\"android.widget.TextView\").text(\"Guida TV\").resourceId(\"it.sky.msa:id/title\").instance(5)"}[39m
[35m[HTTP][39m [37m<-- POST /wd/hub/session/df1abbcc-5419-4421-8622-edf77e17e186/elements [39m[32m200[39m [90m155 ms - 124[39m
[35m[HTTP][39m [90m[39m
[35m[HTTP][39m [37m-->[39m [37mGET[39m [37m/wd/hub/session/df1abbcc-5419-4421-8622-edf77e17e186[39m
[35m[HTTP][39m [90m{}[39m
[35m[HTTP][39m [37m<-- GET /wd/hub/session/df1abbcc-5419-4421-8622-edf77e17e186 [39m[32m200[39m [90m27 ms - 1133[39m
[35m[HTTP][39m [90m[39m
[35m[HTTP][39m [37m-->[39m [37mGET[39m [37m/wd/hub/session/df1abbcc-5419-4421-8622-edf77e17e186[39m
[35m[HTTP][39m [90m{}[39m
[35m[HTTP][39m [37m<-- GET /wd/hub/session/df1abbcc-5419-4421-8622-edf77e17e186 [39m[32m200[39m [90m28 ms - 1133[39m
[35m[HTTP][39m [90m[39m
[35m[HTTP][39m [37m-->[39m [37mGET[39m [37m/wd/hub/session/df1abbcc-5419-4421-8622-edf77e17e186[39m
[35m[HTTP][39m [90m{}[39m
[35m[HTTP][39m [37m<-- GET /wd/hub/session/df1abbcc-5419-4421-8622-edf77e17e186 [39m[32m200[39m [90m27 ms - 1133[39m
[35m[HTTP][39m [90m[39m
[35m[HTTP][39m [37m-->[39m [37mGET[39m [37m/wd/hub/session/df1abbcc-5419-4421-8622-edf77e17e186[39m
[35m[HTTP][39m [90m{}[39m
[35m[HTTP][39m [37m<-- GET /wd/hub/session/df1abbcc-5419-4421-8622-edf77e17e186 [39m[32m200[39m [90m31 ms - 1133[39m
[35m[HTTP][39m [90m[39m
[35m[HTTP][39m [37m-->[39m [37mGET[39m [37m/wd/hub/session/df1abbcc-5419-4421-8622-edf77e17e186/element/c596f515-094b-4563-bdb6-311c8dd4a8ee/location[39m
[35m[HTTP][39m [90m{}[39m
[35m[W3C][39m Driver proxy active, passing request on via HTTP proxy
[35m[JSONWP Proxy][39m Replacing sessionId f09a98da-4e11-4026-a11b-96b38b8a1be8 with df1abbcc-5419-4421-8622-edf77e17e186
[35m[HTTP][39m [37m<-- GET /wd/hub/session/df1abbcc-5419-4421-8622-edf77e17e186/element/c596f515-094b-4563-bdb6-311c8dd4a8ee/location [39m[32m200[39m [90m63 ms - 90[39m
[35m[HTTP][39m [90m[39m
[35m[HTTP][39m [37m-->[39m [37mPOST[39m [37m/wd/hub/session/df1abbcc-5419-4421-8622-edf77e17e186/touch/perform[39m
[35m[HTTP][39m [90m{"actions":[{"action":"tap","options":{"element":"c596f515-094b-4563-bdb6-311c8dd4a8ee","x":1,"y":1}}]}[39m
[35m[UiAutomator2][39m calling get location: c596f515-094b-4563-bdb6-311c8dd4a8ee
[35m[HTTP][39m [37m<-- POST /wd/hub/session/df1abbcc-5419-4421-8622-edf77e17e186/touch/perform [39m[32m200[39m [90m1120 ms - 76[39m
[35m[HTTP][39m [90m[39m
[35m[HTTP][39m [37m-->[39m [37mGET[39m [37m/wd/hub/session/df1abbcc-5419-4421-8622-edf77e17e186/window/current/size[39m
[35m[HTTP][39m [90m{}[39m
[35m[W3C][39m Driver proxy active, passing request on via HTTP proxy
[35m[JSONWP Proxy][39m Replacing sessionId f09a98da-4e11-4026-a11b-96b38b8a1be8 with df1abbcc-5419-4421-8622-edf77e17e186
[35m[HTTP][39m [37m<-- GET /wd/hub/session/df1abbcc-5419-4421-8622-edf77e17e186/window/current/size [39m[32m200[39m [90m42 ms - 100[39m
[35m[HTTP][39m [90m[39m
[35m[HTTP][39m [37m-->[39m [37mPOST[39m [37m/wd/hub/session/df1abbcc-5419-4421-8622-edf77e17e186/elements[39m
[35m[HTTP][39m [90m{"using":"-android uiautomator","value":"new UiSelector().className(\"android.widget.ImageView\").resourceId(\"it.sky.msa:id/heroImageImageView\").packageName(\"it.sky.msa\").instance(0)"}[39m
[35m[HTTP][39m [37m<-- POST /wd/hub/session/df1abbcc-5419-4421-8622-edf77e17e186/elements [39m[32m200[39m [90m151 ms - 74[39m
[35m[HTTP][39m [90m[39m
[35m[HTTP][39m [37m-->[39m [37mPOST[39m [37m/wd/hub/session/df1abbcc-5419-4421-8622-edf77e17e186/elements[39m
[35m[HTTP][39m [90m{"using":"-android uiautomator","value":"new UiSelector().className(\"android.widget.ImageView\").resourceId(\"it.sky.msa:id/heroImageImageView\").packageName(\"it.sky.msa\").instance(0)"}[39m
[35m[HTTP][39m [37m<-- POST /wd/hub/session/df1abbcc-5419-4421-8622-edf77e17e186/elements [39m[32m200[39m [90m98 ms - 74[39m
[35m[HTTP][39m [90m[39m
[35m[HTTP][39m [37m-->[39m [37mPOST[39m [37m/wd/hub/session/df1abbcc-5419-4421-8622-edf77e17e186/elements[39m
[35m[HTTP][39m [90m{"using":"-android uiautomator","value":"new UiSelector().className(\"android.widget.ImageView\").resourceId(\"it.sky.msa:id/heroImageImageView\").packageName(\"it.sky.msa\").instance(0)"}[39m
[35m[HTTP][39m [37m<-- POST /wd/hub/session/df1abbcc-5419-4421-8622-edf77e17e186/elements [39m[32m200[39m [90m104 ms - 74[39m
[35m[HTTP][39m [90m[39m
[35m[HTTP][39m [37m-->[39m [37mPOST[39m [37m/wd/hub/session/df1abbcc-5419-4421-8622-edf77e17e186/elements[39m
[35m[HTTP][39m [90m{"using":"-android uiautomator","value":"new UiSelector().className(\"android.widget.ImageView\").resourceId(\"it.sky.msa:id/heroImageImageView\").packageName(\"it.sky.msa\").instance(0)"}[39m
[35m[HTTP][39m [37m<-- POST /wd/hub/session/df1abbcc-5419-4421-8622-edf77e17e186/elements [39m[32m200[39m [90m99 ms - 74[39m
[35m[HTTP][39m [90m[39m
[35m[HTTP][39m [37m-->[39m [37mPOST[39m [37m/wd/hub/session/df1abbcc-5419-4421-8622-edf77e17e186/elements[39m
[35m[HTTP][39m [90m{"using":"-android uiautomator","value":"new UiSelector().className(\"android.widget.ImageView\").resourceId(\"it.sky.msa:id/heroImageImageView\").packageName(\"it.sky.msa\").instance(0)"}[39m
[35m[HTTP][39m [37m<-- POST /wd/hub/session/df1abbcc-5419-4421-8622-edf77e17e186/elements [39m[32m200[39m [90m102 ms - 74[39m
[35m[HTTP][39m [90m[39m
[35m[HTTP][39m [37m-->[39m [37mPOST[39m [37m/wd/hub/session/df1abbcc-5419-4421-8622-edf77e17e186/elements[39m
[35m[HTTP][39m [90m{"using":"-android uiautomator","value":"new UiSelector().className(\"android.widget.ImageView\").resourceId(\"it.sky.msa:id/heroImageImageView\").packageName(\"it.sky.msa\").instance(0)"}[39m
[35m[HTTP][39m [37m<-- POST /wd/hub/session/df1abbcc-5419-4421-8622-edf77e17e186/elements [39m[32m200[39m [90m102 ms - 74[39m
[35m[HTTP][39m [90m[39m
[35m[HTTP][39m [37m-->[39m [37mPOST[39m [37m/wd/hub/session/df1abbcc-5419-4421-8622-edf77e17e186/elements[39m
[35m[HTTP][39m [90m{"using":"-android uiautomator","value":"new UiSelector().className(\"android.widget.ImageView\").resourceId(\"it.sky.msa:id/heroImageImageView\").packageName(\"it.sky.msa\").instance(0)"}[39m
[35m[HTTP][39m [37m<-- POST /wd/hub/session/df1abbcc-5419-4421-8622-edf77e17e186/elements [39m[32m200[39m [90m739 ms - 74[39m
[35m[HTTP][39m [90m[39m
[35m[HTTP][39m [37m-->[39m [37mPOST[39m [37m/wd/hub/session/df1abbcc-5419-4421-8622-edf77e17e186/elements[39m
[35m[HTTP][39m [90m{"using":"-android uiautomator","value":"new UiSelector().className(\"android.widget.ImageView\").resourceId(\"it.sky.msa:id/heroImageImageView\").packageName(\"it.sky.msa\").instance(0)"}[39m
[35m[HTTP][39m [37m<-- POST /wd/hub/session/df1abbcc-5419-4421-8622-edf77e17e186/elements [39m[32m200[39m [90m1353 ms - 124[39m
[35m[HTTP][39m [90m[39m
[35m[HTTP][39m [37m-->[39m [37mGET[39m [37m/wd/hub/session/df1abbcc-5419-4421-8622-edf77e17e186[39m
[35m[HTTP][39m [90m{}[39m
[35m[HTTP][39m [37m<-- GET /wd/hub/session/df1abbcc-5419-4421-8622-edf77e17e186 [39m[32m200[39m [90m30 ms - 1133[39m
[35m[HTTP][39m [90m[39m
[35m[HTTP][39m [37m-->[39m [37mGET[39m [37m/wd/hub/session/df1abbcc-5419-4421-8622-edf77e17e186[39m
[35m[HTTP][39m [90m{}[39m
[35m[HTTP][39m [37m<-- GET /wd/hub/session/df1abbcc-5419-4421-8622-edf77e17e186 [39m[32m200[39m [90m32 ms - 1133[39m
[35m[HTTP][39m [90m[39m
[35m[HTTP][39m [37m-->[39m [37mGET[39m [37m/wd/hub/session/df1abbcc-5419-4421-8622-edf77e17e186[39m
[35m[HTTP][39m [90m{}[39m
[35m[HTTP][39m [37m<-- GET /wd/hub/session/df1abbcc-5419-4421-8622-edf77e17e186 [39m[32m200[39m [90m32 ms - 1133[39m
[35m[HTTP][39m [90m[39m
[35m[HTTP][39m [37m-->[39m [37mGET[39m [37m/wd/hub/session/df1abbcc-5419-4421-8622-edf77e17e186[39m
[35m[HTTP][39m [90m{}[39m
[35m[HTTP][39m [37m<-- GET /wd/hub/session/df1abbcc-5419-4421-8622-edf77e17e186 [39m[32m200[39m [90m41 ms - 1133[39m
[35m[HTTP][39m [90m[39m
[35m[HTTP][39m [37m-->[39m [37mGET[39m [37m/wd/hub/session/df1abbcc-5419-4421-8622-edf77e17e186/element/0e86a4d7-40a4-4beb-acec-bcb237e8e83e/location[39m
[35m[HTTP][39m [90m{}[39m
[35m[W3C][39m Driver proxy active, passing request on via HTTP proxy
[35m[JSONWP Proxy][39m Replacing sessionId f09a98da-4e11-4026-a11b-96b38b8a1be8 with df1abbcc-5419-4421-8622-edf77e17e186
[35m[HTTP][39m [37m<-- GET /wd/hub/session/df1abbcc-5419-4421-8622-edf77e17e186/element/0e86a4d7-40a4-4beb-acec-bcb237e8e83e/location [39m[32m200[39m [90m64 ms - 87[39m
[35m[HTTP][39m [90m[39m
[35m[HTTP][39m [37m-->[39m [37mGET[39m [37m/wd/hub/session/df1abbcc-5419-4421-8622-edf77e17e186/window/current/size[39m
[35m[HTTP][39m [90m{}[39m
[35m[W3C][39m Driver proxy active, passing request on via HTTP proxy
[35m[JSONWP Proxy][39m Replacing sessionId f09a98da-4e11-4026-a11b-96b38b8a1be8 with df1abbcc-5419-4421-8622-edf77e17e186
[35m[HTTP][39m [37m<-- GET /wd/hub/session/df1abbcc-5419-4421-8622-edf77e17e186/window/current/size [39m[32m200[39m [90m39 ms - 100[39m
[35m[HTTP][39m [90m[39m
[35m[HTTP][39m [37m-->[39m [37mPOST[39m [37m/wd/hub/session/df1abbcc-5419-4421-8622-edf77e17e186/elements[39m
[35m[HTTP][39m [90m{"using":"-android uiautomator","value":"new UiSelector().className(\"android.widget.TextView\").text(\"GUIDA TV\").resourceId(\"it.sky.msa:id/headerTitle\").instance(0)"}[39m
[35m[HTTP][39m [37m<-- POST /wd/hub/session/df1abbcc-5419-4421-8622-edf77e17e186/elements [39m[32m200[39m [90m632 ms - 124[39m
[35m[HTTP][39m [90m[39m
[35m[HTTP][39m [37m-->[39m [37mGET[39m [37m/wd/hub/session/df1abbcc-5419-4421-8622-edf77e17e186[39m
[35m[HTTP][39m [90m{}[39m
[35m[HTTP][39m [37m<-- GET /wd/hub/session/df1abbcc-5419-4421-8622-edf77e17e186 [39m[32m200[39m [90m28 ms - 1133[39m
[35m[HTTP][39m [90m[39m
[35m[HTTP][39m [37m-->[39m [37mGET[39m [37m/wd/hub/session/df1abbcc-5419-4421-8622-edf77e17e186[39m
[35m[HTTP][39m [90m{}[39m
[35m[HTTP][39m [37m<-- GET /wd/hub/session/df1abbcc-5419-4421-8622-edf77e17e186 [39m[32m200[39m [90m29 ms - 1133[39m
[35m[HTTP][39m [90m[39m
[35m[HTTP][39m [37m-->[39m [37mGET[39m [37m/wd/hub/session/df1abbcc-5419-4421-8622-edf77e17e186[39m
[35m[HTTP][39m [90m{}[39m
[35m[HTTP][39m [37m<-- GET /wd/hub/session/df1abbcc-5419-4421-8622-edf77e17e186 [39m[32m200[39m [90m24 ms - 1133[39m
[35m[HTTP][39m [90m[39m
[35m[HTTP][39m [37m-->[39m [37mGET[39m [37m/wd/hub/session/df1abbcc-5419-4421-8622-edf77e17e186[39m
[35m[HTTP][39m [90m{}[39m
[35m[HTTP][39m [37m<-- GET /wd/hub/session/df1abbcc-5419-4421-8622-edf77e17e186 [39m[32m200[39m [90m26 ms - 1133[39m
[35m[HTTP][39m [90m[39m
[35m[HTTP][39m [37m-->[39m [37mGET[39m [37m/wd/hub/session/df1abbcc-5419-4421-8622-edf77e17e186/element/968a7e2e-4943-4dcf-afe7-560418d12596/location[39m
[35m[HTTP][39m [90m{}[39m
[35m[W3C][39m Driver proxy active, passing request on via HTTP proxy
[35m[JSONWP Proxy][39m Replacing sessionId f09a98da-4e11-4026-a11b-96b38b8a1be8 with df1abbcc-5419-4421-8622-edf77e17e186
[35m[HTTP][39m [37m<-- GET /wd/hub/session/df1abbcc-5419-4421-8622-edf77e17e186/element/968a7e2e-4943-4dcf-afe7-560418d12596/location [39m[32m200[39m [90m93 ms - 88[39m
[35m[HTTP][39m [90m[39m
[35m[HTTP][39m [37m-->[39m [37mGET[39m [37m/wd/hub/session/df1abbcc-5419-4421-8622-edf77e17e186/window/current/size[39m
[35m[HTTP][39m [90m{}[39m
[35m[W3C][39m Driver proxy active, passing request on via HTTP proxy
[35m[JSONWP Proxy][39m Replacing sessionId f09a98da-4e11-4026-a11b-96b38b8a1be8 with df1abbcc-5419-4421-8622-edf77e17e186
[35m[HTTP][39m [37m<-- GET /wd/hub/session/df1abbcc-5419-4421-8622-edf77e17e186/window/current/size [39m[32m200[39m [90m31 ms - 100[39m
[35m[HTTP][39m [90m[39m
[35m[HTTP][39m [37m-->[39m [37mPOST[39m [37m/wd/hub/session/df1abbcc-5419-4421-8622-edf77e17e186/elements[39m
[35m[HTTP][39m [90m{"using":"-android uiautomator","value":"new UiSelector().className(\"android.widget.TextView\").text(\"Scelti per te questa settimana\").resourceId(\"it.sky.msa:id/categoryTitle\").packageName(\"it.sky.msa\").instance(6)"}[39m
[35m[HTTP][39m [37m<-- POST /wd/hub/session/df1abbcc-5419-4421-8622-edf77e17e186/elements [39m[32m200[39m [90m474 ms - 124[39m
[35m[HTTP][39m [90m[39m
[35m[HTTP][39m [37m-->[39m [37mGET[39m [37m/wd/hub/session/df1abbcc-5419-4421-8622-edf77e17e186[39m
[35m[HTTP][39m [90m{}[39m
[35m[HTTP][39m [37m<-- GET /wd/hub/session/df1abbcc-5419-4421-8622-edf77e17e186 [39m[32m200[39m [90m30 ms - 1133[39m
[35m[HTTP][39m [90m[39m
[35m[HTTP][39m [37m-->[39m [37mGET[39m [37m/wd/hub/session/df1abbcc-5419-4421-8622-edf77e17e186[39m
[35m[HTTP][39m [90m{}[39m
[35m[HTTP][39m [37m<-- GET /wd/hub/session/df1abbcc-5419-4421-8622-edf77e17e186 [39m[32m200[39m [90m32 ms - 1133[39m
[35m[HTTP][39m [90m[39m
[35m[HTTP][39m [37m-->[39m [37mGET[39m [37m/wd/hub/session/df1abbcc-5419-4421-8622-edf77e17e186[39m
[35m[HTTP][39m [90m{}[39m
[35m[HTTP][39m [37m<-- GET /wd/hub/session/df1abbcc-5419-4421-8622-edf77e17e186 [39m[32m200[39m [90m25 ms - 1133[39m
[35m[HTTP][39m [90m[39m
[35m[HTTP][39m [37m-->[39m [37mGET[39m [37m/wd/hub/session/df1abbcc-5419-4421-8622-edf77e17e186[39m
[35m[HTTP][39m [90m{}[39m
[35m[HTTP][39m [37m<-- GET /wd/hub/session/df1abbcc-5419-4421-8622-edf77e17e186 [39m[32m200[39m [90m32 ms - 1133[39m
[35m[HTTP][39m [90m[39m
[35m[HTTP][39m [37m-->[39m [37mGET[39m [37m/wd/hub/session/df1abbcc-5419-4421-8622-edf77e17e186/element/81e02c0c-a0bc-444a-9c08-e253f54b71c9/location[39m
[35m[HTTP][39m [90m{}[39m
[35m[W3C][39m Driver proxy active, passing request on via HTTP proxy
[35m[JSONWP Proxy][39m Replacing sessionId f09a98da-4e11-4026-a11b-96b38b8a1be8 with df1abbcc-5419-4421-8622-edf77e17e186
[35m[HTTP][39m [37m<-- GET /wd/hub/session/df1abbcc-5419-4421-8622-edf77e17e186/element/81e02c0c-a0bc-444a-9c08-e253f54b71c9/location [39m[32m200[39m [90m83 ms - 89[39m
[35m[HTTP][39m [90m[39m
[35m[HTTP][39m [37m-->[39m [37mGET[39m [37m/wd/hub/session/df1abbcc-5419-4421-8622-edf77e17e186/window/current/size[39m
[35m[HTTP][39m [90m{}[39m
[35m[W3C][39m Driver proxy active, passing request on via HTTP proxy
[35m[JSONWP Proxy][39m Replacing sessionId f09a98da-4e11-4026-a11b-96b38b8a1be8 with df1abbcc-5419-4421-8622-edf77e17e186
[35m[HTTP][39m [37m<-- GET /wd/hub/session/df1abbcc-5419-4421-8622-edf77e17e186/window/current/size [39m[32m200[39m [90m36 ms - 100[39m
[35m[HTTP][39m [90m[39m
[35m[HTTP][39m [37m-->[39m [37mPOST[39m [37m/wd/hub/session/df1abbcc-5419-4421-8622-edf77e17e186/elements[39m
[35m[HTTP][39m [90m{"using":"-android uiautomator","value":"new UiSelector().className(\"android.widget.TextView\").text(\"Programmazione\").packageName(\"it.sky.msa\").instance(1)"}[39m
[35m[HTTP][39m [37m<-- POST /wd/hub/session/df1abbcc-5419-4421-8622-edf77e17e186/elements [39m[32m200[39m [90m131 ms - 124[39m
[35m[HTTP][39m [90m[39m
[35m[HTTP][39m [37m-->[39m [37mGET[39m [37m/wd/hub/session/df1abbcc-5419-4421-8622-edf77e17e186[39m
[35m[HTTP][39m [90m{}[39m
[35m[HTTP][39m [37m<-- GET /wd/hub/session/df1abbcc-5419-4421-8622-edf77e17e186 [39m[32m200[39m [90m32 ms - 1133[39m
[35m[HTTP][39m [90m[39m
[35m[HTTP][39m [37m-->[39m [37mGET[39m [37m/wd/hub/session/df1abbcc-5419-4421-8622-edf77e17e186[39m
[35m[HTTP][39m [90m{}[39m
[35m[HTTP][39m [37m<-- GET /wd/hub/session/df1abbcc-5419-4421-8622-edf77e17e186 [39m[32m200[39m [90m31 ms - 1133[39m
[35m[HTTP][39m [90m[39m
[35m[HTTP][39m [37m-->[39m [37mGET[39m [37m/wd/hub/session/df1abbcc-5419-4421-8622-edf77e17e186[39m
[35m[HTTP][39m [90m{}[39m
[35m[HTTP][39m [37m<-- GET /wd/hub/session/df1abbcc-5419-4421-8622-edf77e17e186 [39m[32m200[39m [90m25 ms - 1133[39m
[35m[HTTP][39m [90m[39m
[35m[HTTP][39m [37m-->[39m [37mGET[39m [37m/wd/hub/session/df1abbcc-5419-4421-8622-edf77e17e186[39m
[35m[HTTP][39m [90m{}[39m
[35m[HTTP][39m [37m<-- GET /wd/hub/session/df1abbcc-5419-4421-8622-edf77e17e186 [39m[32m200[39m [90m30 ms - 1133[39m
[35m[HTTP][39m [90m[39m
[35m[HTTP][39m [37m-->[39m [37mGET[39m [37m/wd/hub/session/df1abbcc-5419-4421-8622-edf77e17e186/element/5c585bc1-2d31-45b7-bc6b-473ce68f1338/location[39m
[35m[HTTP][39m [90m{}[39m
[35m[W3C][39m Driver proxy active, passing request on via HTTP proxy
[35m[JSONWP Proxy][39m Replacing sessionId f09a98da-4e11-4026-a11b-96b38b8a1be8 with df1abbcc-5419-4421-8622-edf77e17e186
[35m[HTTP][39m [37m<-- GET /wd/hub/session/df1abbcc-5419-4421-8622-edf77e17e186/element/5c585bc1-2d31-45b7-bc6b-473ce68f1338/location [39m[32m200[39m [90m52 ms - 88[39m
[35m[HTTP][39m [90m[39m
[35m[HTTP][39m [37m-->[39m [37mGET[39m [37m/wd/hub/session/df1abbcc-5419-4421-8622-edf77e17e186/window/current/size[39m
[35m[HTTP][39m [90m{}[39m
[35m[W3C][39m Driver proxy active, passing request on via HTTP proxy
[35m[JSONWP Proxy][39m Replacing sessionId f09a98da-4e11-4026-a11b-96b38b8a1be8 with df1abbcc-5419-4421-8622-edf77e17e186
[35m[HTTP][39m [37m<-- GET /wd/hub/session/df1abbcc-5419-4421-8622-edf77e17e186/window/current/size [39m[32m200[39m [90m27 ms - 100[39m
[35m[HTTP][39m [90m[39m
[35m[HTTP][39m [37m-->[39m [37mPOST[39m [37m/wd/hub/session/df1abbcc-5419-4421-8622-edf77e17e186/elements[39m
[35m[HTTP][39m [90m{"using":"-android uiautomator","value":"new UiSelector().className(\"android.widget.ImageView\").resourceId(\"it.sky.msa:id/imageView6\").instance(2)"}[39m
[35m[HTTP][39m [37m<-- POST /wd/hub/session/df1abbcc-5419-4421-8622-edf77e17e186/elements [39m[32m200[39m [90m136 ms - 124[39m
[35m[HTTP][39m [90m[39m
[35m[HTTP][39m [37m-->[39m [37mGET[39m [37m/wd/hub/session/df1abbcc-5419-4421-8622-edf77e17e186[39m
[35m[HTTP][39m [90m{}[39m
[35m[HTTP][39m [37m<-- GET /wd/hub/session/df1abbcc-5419-4421-8622-edf77e17e186 [39m[32m200[39m [90m28 ms - 1133[39m
[35m[HTTP][39m [90m[39m
[35m[HTTP][39m [37m-->[39m [37mGET[39m [37m/wd/hub/session/df1abbcc-5419-4421-8622-edf77e17e186[39m
[35m[HTTP][39m [90m{}[39m
[35m[HTTP][39m [37m<-- GET /wd/hub/session/df1abbcc-5419-4421-8622-edf77e17e186 [39m[32m200[39m [90m27 ms - 1133[39m
[35m[HTTP][39m [90m[39m
[35m[HTTP][39m [37m-->[39m [37mGET[39m [37m/wd/hub/session/df1abbcc-5419-4421-8622-edf77e17e186[39m
[35m[HTTP][39m [90m{}[39m
[35m[HTTP][39m [37m<-- GET /wd/hub/session/df1abbcc-5419-4421-8622-edf77e17e186 [39m[32m200[39m [90m30 ms - 1133[39m
[35m[HTTP][39m [90m[39m
[35m[HTTP][39m [37m-->[39m [37mGET[39m [37m/wd/hub/session/df1abbcc-5419-4421-8622-edf77e17e186[39m
[35m[HTTP][39m [90m{}[39m
[35m[HTTP][39m [37m<-- GET /wd/hub/session/df1abbcc-5419-4421-8622-edf77e17e186 [39m[32m200[39m [90m25 ms - 1133[39m
[35m[HTTP][39m [90m[39m
[35m[HTTP][39m [37m-->[39m [37mGET[39m [37m/wd/hub/session/df1abbcc-5419-4421-8622-edf77e17e186/element/6bc96044-13d1-4bcb-8aa6-71a06efb9d05/location[39m
[35m[HTTP][39m [90m{}[39m
[35m[W3C][39m Driver proxy active, passing request on via HTTP proxy
[35m[JSONWP Proxy][39m Replacing sessionId f09a98da-4e11-4026-a11b-96b38b8a1be8 with df1abbcc-5419-4421-8622-edf77e17e186
[35m[HTTP][39m [37m<-- GET /wd/hub/session/df1abbcc-5419-4421-8622-edf77e17e186/element/6bc96044-13d1-4bcb-8aa6-71a06efb9d05/location [39m[32m200[39m [90m50 ms - 88[39m
[35m[HTTP][39m [90m[39m
[35m[HTTP][39m [37m-->[39m [37mGET[39m [37m/wd/hub/session/df1abbcc-5419-4421-8622-edf77e17e186/window/current/size[39m
[35m[HTTP][39m [90m{}[39m
[35m[W3C][39m Driver proxy active, passing request on via HTTP proxy
[35m[JSONWP Proxy][39m Replacing sessionId f09a98da-4e11-4026-a11b-96b38b8a1be8 with df1abbcc-5419-4421-8622-edf77e17e186
[35m[HTTP][39m [37m<-- GET /wd/hub/session/df1abbcc-5419-4421-8622-edf77e17e186/window/current/size [39m[32m200[39m [90m34 ms - 100[39m
[35m[HTTP][39m [90m[39m
[35m[HTTP][39m [37m-->[39m [37mPOST[39m [37m/wd/hub/session/df1abbcc-5419-4421-8622-edf77e17e186/elements[39m
[35m[HTTP][39m [90m{"using":"-android uiautomator","value":"new UiSelector().className(\"android.widget.ImageView\").resourceId(\"it.sky.msa:id/imageView7\").instance(1)"}[39m
[35m[HTTP][39m [37m<-- POST /wd/hub/session/df1abbcc-5419-4421-8622-edf77e17e186/elements [39m[32m200[39m [90m106 ms - 124[39m
[35m[HTTP][39m [90m[39m
[35m[HTTP][39m [37m-->[39m [37mGET[39m [37m/wd/hub/session/df1abbcc-5419-4421-8622-edf77e17e186[39m
[35m[HTTP][39m [90m{}[39m
[35m[HTTP][39m [37m<-- GET /wd/hub/session/df1abbcc-5419-4421-8622-edf77e17e186 [39m[32m200[39m [90m25 ms - 1133[39m
[35m[HTTP][39m [90m[39m
[35m[HTTP][39m [37m-->[39m [37mGET[39m [37m/wd/hub/session/df1abbcc-5419-4421-8622-edf77e17e186[39m
[35m[HTTP][39m [90m{}[39m
[35m[HTTP][39m [37m<-- GET /wd/hub/session/df1abbcc-5419-4421-8622-edf77e17e186 [39m[32m200[39m [90m24 ms - 1133[39m
[35m[HTTP][39m [90m[39m
[35m[HTTP][39m [37m-->[39m [37mGET[39m [37m/wd/hub/session/df1abbcc-5419-4421-8622-edf77e17e186[39m
[35m[HTTP][39m [90m{}[39m
[35m[HTTP][39m [37m<-- GET /wd/hub/session/df1abbcc-5419-4421-8622-edf77e17e186 [39m[32m200[39m [90m25 ms - 1133[39m
[35m[HTTP][39m [90m[39m
[35m[HTTP][39m [37m-->[39m [37mGET[39m [37m/wd/hub/session/df1abbcc-5419-4421-8622-edf77e17e186[39m
[35m[HTTP][39m [90m{}[39m
[35m[HTTP][39m [37m<-- GET /wd/hub/session/df1abbcc-5419-4421-8622-edf77e17e186 [39m[32m200[39m [90m25 ms - 1133[39m
[35m[HTTP][39m [90m[39m
[35m[HTTP][39m [37m-->[39m [37mGET[39m [37m/wd/hub/session/df1abbcc-5419-4421-8622-edf77e17e186/element/c5b1c44d-69dd-4213-91a2-a9a84c995b8b/location[39m
[35m[HTTP][39m [90m{}[39m
[35m[W3C][39m Driver proxy active, passing request on via HTTP proxy
[35m[JSONWP Proxy][39m Replacing sessionId f09a98da-4e11-4026-a11b-96b38b8a1be8 with df1abbcc-5419-4421-8622-edf77e17e186
[35m[HTTP][39m [37m<-- GET /wd/hub/session/df1abbcc-5419-4421-8622-edf77e17e186/element/c5b1c44d-69dd-4213-91a2-a9a84c995b8b/location [39m[32m200[39m [90m58 ms - 89[39m
[35m[HTTP][39m [90m[39m
[35m[HTTP][39m [37m-->[39m [37mGET[39m [37m/wd/hub/session/df1abbcc-5419-4421-8622-edf77e17e186/window/current/size[39m
[35m[HTTP][39m [90m{}[39m
[35m[W3C][39m Driver proxy active, passing request on via HTTP proxy
[35m[JSONWP Proxy][39m Replacing sessionId f09a98da-4e11-4026-a11b-96b38b8a1be8 with df1abbcc-5419-4421-8622-edf77e17e186
[35m[HTTP][39m [37m<-- GET /wd/hub/session/df1abbcc-5419-4421-8622-edf77e17e186/window/current/size [39m[32m200[39m [90m42 ms - 100[39m
[35m[HTTP][39m [90m[39m
[35m[HTTP][39m [37m-->[39m [37mPOST[39m [37m/wd/hub/session/df1abbcc-5419-4421-8622-edf77e17e186/elements[39m
[35m[HTTP][39m [90m{"using":"-android uiautomator","value":"new UiSelector().className(\"android.widget.ImageView\").resourceId(\"it.sky.msa:id/imageView5\").instance(0)"}[39m
[35m[HTTP][39m [37m<-- POST /wd/hub/session/df1abbcc-5419-4421-8622-edf77e17e186/elements [39m[32m200[39m [90m115 ms - 124[39m
[35m[HTTP][39m [90m[39m
[35m[HTTP][39m [37m-->[39m [37mGET[39m [37m/wd/hub/session/df1abbcc-5419-4421-8622-edf77e17e186[39m
[35m[HTTP][39m [90m{}[39m
[35m[HTTP][39m [37m<-- GET /wd/hub/session/df1abbcc-5419-4421-8622-edf77e17e186 [39m[32m200[39m [90m24 ms - 1133[39m
[35m[HTTP][39m [90m[39m
[35m[HTTP][39m [37m-->[39m [37mGET[39m [37m/wd/hub/session/df1abbcc-5419-4421-8622-edf77e17e186[39m
[35m[HTTP][39m [90m{}[39m
[35m[HTTP][39m [37m<-- GET /wd/hub/session/df1abbcc-5419-4421-8622-edf77e17e186 [39m[32m200[39m [90m24 ms - 1133[39m
[35m[HTTP][39m [90m[39m
[35m[HTTP][39m [37m-->[39m [37mGET[39m [37m/wd/hub/session/df1abbcc-5419-4421-8622-edf77e17e186[39m
[35m[HTTP][39m [90m{}[39m
[35m[HTTP][39m [37m<-- GET /wd/hub/session/df1abbcc-5419-4421-8622-edf77e17e186 [39m[32m200[39m [90m24 ms - 1133[39m
[35m[HTTP][39m [90m[39m
[35m[HTTP][39m [37m-->[39m [37mGET[39m [37m/wd/hub/session/df1abbcc-5419-4421-8622-edf77e17e186[39m
[35m[HTTP][39m [90m{}[39m
[35m[HTTP][39m [37m<-- GET /wd/hub/session/df1abbcc-5419-4421-8622-edf77e17e186 [39m[32m200[39m [90m24 ms - 1133[39m
[35m[HTTP][39m [90m[39m
[35m[HTTP][39m [37m-->[39m [37mGET[39m [37m/wd/hub/session/df1abbcc-5419-4421-8622-edf77e17e186/element/f0ec247d-5f45-4948-9eec-0a072b18a93c/location[39m
[35m[HTTP][39m [90m{}[39m
[35m[W3C][39m Driver proxy active, passing request on via HTTP proxy
[35m[JSONWP Proxy][39m Replacing sessionId f09a98da-4e11-4026-a11b-96b38b8a1be8 with df1abbcc-5419-4421-8622-edf77e17e186
[35m[HTTP][39m [37m<-- GET /wd/hub/session/df1abbcc-5419-4421-8622-edf77e17e186/element/f0ec247d-5f45-4948-9eec-0a072b18a93c/location [39m[32m200[39m [90m45 ms - 89[39m
[35m[HTTP][39m [90m[39m
[35m[HTTP][39m [37m-->[39m [37mGET[39m [37m/wd/hub/session/df1abbcc-5419-4421-8622-edf77e17e186/window/current/size[39m
[35m[HTTP][39m [90m{}[39m
[35m[W3C][39m Driver proxy active, passing request on via HTTP proxy
[35m[JSONWP Proxy][39m Replacing sessionId f09a98da-4e11-4026-a11b-96b38b8a1be8 with df1abbcc-5419-4421-8622-edf77e17e186
[35m[HTTP][39m [37m<-- GET /wd/hub/session/df1abbcc-5419-4421-8622-edf77e17e186/window/current/size [39m[32m200[39m [90m30 ms - 100[39m
[35m[HTTP][39m [90m[39m
[35m[HTTP][39m [37m-->[39m [37mPOST[39m [37m/wd/hub/session/df1abbcc-5419-4421-8622-edf77e17e186/elements[39m
[35m[HTTP][39m [90m{"using":"-android uiautomator","value":"new UiSelector().className(\"android.widget.TextView\").text(\"GUIDA TV\").resourceId(\"it.sky.msa:id/headerTitle\").instance(0)"}[39m
[35m[HTTP][39m [37m<-- POST /wd/hub/session/df1abbcc-5419-4421-8622-edf77e17e186/elements [39m[32m200[39m [90m99 ms - 124[39m
[35m[HTTP][39m [90m[39m
[35m[HTTP][39m [37m-->[39m [37mGET[39m [37m/wd/hub/session/df1abbcc-5419-4421-8622-edf77e17e186[39m
[35m[HTTP][39m [90m{}[39m
[35m[HTTP][39m [37m<-- GET /wd/hub/session/df1abbcc-5419-4421-8622-edf77e17e186 [39m[32m200[39m [90m24 ms - 1133[39m
[35m[HTTP][39m [90m[39m
[35m[HTTP][39m [37m-->[39m [37mGET[39m [37m/wd/hub/session/df1abbcc-5419-4421-8622-edf77e17e186[39m
[35m[HTTP][39m [90m{}[39m
[35m[HTTP][39m [37m<-- GET /wd/hub/session/df1abbcc-5419-4421-8622-edf77e17e186 [39m[32m200[39m [90m23 ms - 1133[39m
[35m[HTTP][39m [90m[39m
[35m[HTTP][39m [37m-->[39m [37mGET[39m [37m/wd/hub/session/df1abbcc-5419-4421-8622-edf77e17e186[39m
[35m[HTTP][39m [90m{}[39m
[35m[HTTP][39m [37m<-- GET /wd/hub/session/df1abbcc-5419-4421-8622-edf77e17e186 [39m[32m200[39m [90m24 ms - 1133[39m
[35m[HTTP][39m [90m[39m
[35m[HTTP][39m [37m-->[39m [37mGET[39m [37m/wd/hub/session/df1abbcc-5419-4421-8622-edf77e17e186[39m
[35m[HTTP][39m [90m{}[39m
[35m[HTTP][39m [37m<-- GET /wd/hub/session/df1abbcc-5419-4421-8622-edf77e17e186 [39m[32m200[39m [90m27 ms - 1133[39m
[35m[HTTP][39m [90m[39m
[35m[HTTP][39m [37m-->[39m [37mGET[39m [37m/wd/hub/session/df1abbcc-5419-4421-8622-edf77e17e186/element/843c449a-c427-40d6-8d91-5ef8f31f9d50/location[39m
[35m[HTTP][39m [90m{}[39m
[35m[W3C][39m Driver proxy active, passing request on via HTTP proxy
[35m[JSONWP Proxy][39m Replacing sessionId f09a98da-4e11-4026-a11b-96b38b8a1be8 with df1abbcc-5419-4421-8622-edf77e17e186
[35m[HTTP][39m [37m<-- GET /wd/hub/session/df1abbcc-5419-4421-8622-edf77e17e186/element/843c449a-c427-40d6-8d91-5ef8f31f9d50/location [39m[32m200[39m [90m52 ms - 88[39m
[35m[HTTP][39m [90m[39m
[35m[HTTP][39m [37m-->[39m [37mGET[39m [37m/wd/hub/session/df1abbcc-5419-4421-8622-edf77e17e186/element/843c449a-c427-40d6-8d91-5ef8f31f9d50/text[39m
[35m[HTTP][39m [90m{}[39m
[35m[W3C][39m Driver proxy active, passing request on via HTTP proxy
[35m[JSONWP Proxy][39m Replacing sessionId f09a98da-4e11-4026-a11b-96b38b8a1be8 with df1abbcc-5419-4421-8622-edf77e17e186
[35m[HTTP][39m [37m<-- GET /wd/hub/session/df1abbcc-5419-4421-8622-edf77e17e186/element/843c449a-c427-40d6-8d91-5ef8f31f9d50/text [39m[32m200[39m [90m71 ms - 82[39m
[35m[HTTP][39m [90m[39m
[35m[HTTP][39m [37m-->[39m [37mGET[39m [37m/wd/hub/session/df1abbcc-5419-4421-8622-edf77e17e186/window/current/size[39m
[35m[HTTP][39m [90m{}[39m
[35m[W3C][39m Driver proxy active, passing request on via HTTP proxy
[35m[JSONWP Proxy][39m Replacing sessionId f09a98da-4e11-4026-a11b-96b38b8a1be8 with df1abbcc-5419-4421-8622-edf77e17e186
[35m[HTTP][39m [37m<-- GET /wd/hub/session/df1abbcc-5419-4421-8622-edf77e17e186/window/current/size [39m[32m200[39m [90m31 ms - 100[39m
[35m[HTTP][39m [90m[39m
[35m[HTTP][39m [37m-->[39m [37mPOST[39m [37m/wd/hub/session/df1abbcc-5419-4421-8622-edf77e17e186/elements[39m
[35m[HTTP][39m [90m{"using":"-android uiautomator","value":"new UiSelector().className(\"android.widget.TextView\").text(\"Sky On Demand\").packageName(\"it.sky.msa\").instance(2)"}[39m
[35m[HTTP][39m [37m<-- POST /wd/hub/session/df1abbcc-5419-4421-8622-edf77e17e186/elements [39m[32m200[39m [90m112 ms - 124[39m
[35m[HTTP][39m [90m[39m
[35m[HTTP][39m [37m-->[39m [37mGET[39m [37m/wd/hub/session/df1abbcc-5419-4421-8622-edf77e17e186[39m
[35m[HTTP][39m [90m{}[39m
[35m[HTTP][39m [37m<-- GET /wd/hub/session/df1abbcc-5419-4421-8622-edf77e17e186 [39m[32m200[39m [90m24 ms - 1133[39m
[35m[HTTP][39m [90m[39m
[35m[HTTP][39m [37m-->[39m [37mGET[39m [37m/wd/hub/session/df1abbcc-5419-4421-8622-edf77e17e186[39m
[35m[HTTP][39m [90m{}[39m
[35m[HTTP][39m [37m<-- GET /wd/hub/session/df1abbcc-5419-4421-8622-edf77e17e186 [39m[32m200[39m [90m23 ms - 1133[39m
[35m[HTTP][39m [90m[39m
[35m[HTTP][39m [37m-->[39m [37mGET[39m [37m/wd/hub/session/df1abbcc-5419-4421-8622-edf77e17e186[39m
[35m[HTTP][39m [90m{}[39m
[35m[HTTP][39m [37m<-- GET /wd/hub/session/df1abbcc-5419-4421-8622-edf77e17e186 [39m[32m200[39m [90m24 ms - 1133[39m
[35m[HTTP][39m [90m[39m
[35m[HTTP][39m [37m-->[39m [37mGET[39m [37m/wd/hub/session/df1abbcc-5419-4421-8622-edf77e17e186[39m
[35m[HTTP][39m [90m{}[39m
[35m[HTTP][39m [37m<-- GET /wd/hub/session/df1abbcc-5419-4421-8622-edf77e17e186 [39m[32m200[39m [90m23 ms - 1133[39m
[35m[HTTP][39m [90m[39m
[35m[HTTP][39m [37m-->[39m [37mGET[39m [37m/wd/hub/session/df1abbcc-5419-4421-8622-edf77e17e186/element/6d3e8c60-bc33-49c7-a5f2-4589e8071e98/location[39m
[35m[HTTP][39m [90m{}[39m
[35m[W3C][39m Driver proxy active, passing request on via HTTP proxy
[35m[JSONWP Proxy][39m Replacing sessionId f09a98da-4e11-4026-a11b-96b38b8a1be8 with df1abbcc-5419-4421-8622-edf77e17e186
[35m[HTTP][39m [37m<-- GET /wd/hub/session/df1abbcc-5419-4421-8622-edf77e17e186/element/6d3e8c60-bc33-49c7-a5f2-4589e8071e98/location [39m[32m200[39m [90m59 ms - 89[39m
[35m[HTTP][39m [90m[39m
[35m[HTTP][39m [37m-->[39m [37mPOST[39m [37m/wd/hub/session/df1abbcc-5419-4421-8622-edf77e17e186/touch/perform[39m
[35m[HTTP][39m [90m{"actions":[{"action":"tap","options":{"element":"6d3e8c60-bc33-49c7-a5f2-4589e8071e98","x":1,"y":1}}]}[39m
[35m[UiAutomator2][39m calling get location: 6d3e8c60-bc33-49c7-a5f2-4589e8071e98
[35m[HTTP][39m [37m<-- POST /wd/hub/session/df1abbcc-5419-4421-8622-edf77e17e186/touch/perform [39m[32m200[39m [90m828 ms - 76[39m
[35m[HTTP][39m [90m[39m
[35m[HTTP][39m [37m-->[39m [37mGET[39m [37m/wd/hub/session/df1abbcc-5419-4421-8622-edf77e17e186/window/current/size[39m
[35m[HTTP][39m [90m{}[39m
[35m[W3C][39m Driver proxy active, passing request on via HTTP proxy
[35m[JSONWP Proxy][39m Replacing sessionId f09a98da-4e11-4026-a11b-96b38b8a1be8 with df1abbcc-5419-4421-8622-edf77e17e186
[35m[HTTP][39m [37m<-- GET /wd/hub/session/df1abbcc-5419-4421-8622-edf77e17e186/window/current/size [39m[32m200[39m [90m37 ms - 100[39m
[35m[HTTP][39m [90m[39m
[35m[HTTP][39m [37m-->[39m [37mPOST[39m [37m/wd/hub/session/df1abbcc-5419-4421-8622-edf77e17e186/elements[39m
[35m[HTTP][39m [90m{"using":"-android uiautomator","value":"new UiSelector().className(\"android.widget.TextView\").text(\"SCELTI PER TE\").resourceId(\"it.sky.msa:id/categoryTitle\").instance(5)"}[39m
[35m[HTTP][39m [37m<-- POST /wd/hub/session/df1abbcc-5419-4421-8622-edf77e17e186/elements [39m[32m200[39m [90m122 ms - 124[39m
[35m[HTTP][39m [90m[39m
[35m[HTTP][39m [37m-->[39m [37mGET[39m [37m/wd/hub/session/df1abbcc-5419-4421-8622-edf77e17e186[39m
[35m[HTTP][39m [90m{}[39m
[35m[HTTP][39m [37m<-- GET /wd/hub/session/df1abbcc-5419-4421-8622-edf77e17e186 [39m[32m200[39m [90m24 ms - 1133[39m
[35m[HTTP][39m [90m[39m
[35m[HTTP][39m [37m-->[39m [37mGET[39m [37m/wd/hub/session/df1abbcc-5419-4421-8622-edf77e17e186[39m
[35m[HTTP][39m [90m{}[39m
[35m[HTTP][39m [37m<-- GET /wd/hub/session/df1abbcc-5419-4421-8622-edf77e17e186 [39m[32m200[39m [90m30 ms - 1133[39m
[35m[HTTP][39m [90m[39m
[35m[HTTP][39m [37m-->[39m [37mGET[39m [37m/wd/hub/session/df1abbcc-5419-4421-8622-edf77e17e186[39m
[35m[HTTP][39m [90m{}[39m
[35m[HTTP][39m [37m<-- GET /wd/hub/session/df1abbcc-5419-4421-8622-edf77e17e186 [39m[32m200[39m [90m24 ms - 1133[39m
[35m[HTTP][39m [90m[39m
[35m[HTTP][39m [37m-->[39m [37mGET[39m [37m/wd/hub/session/df1abbcc-5419-4421-8622-edf77e17e186[39m
[35m[HTTP][39m [90m{}[39m
[35m[HTTP][39m [37m<-- GET /wd/hub/session/df1abbcc-5419-4421-8622-edf77e17e186 [39m[32m200[39m [90m23 ms - 1133[39m
[35m[HTTP][39m [90m[39m
[35m[HTTP][39m [37m-->[39m [37mGET[39m [37m/wd/hub/session/df1abbcc-5419-4421-8622-edf77e17e186/element/09d4f4c4-a991-4fef-8f5d-6bd562f8ff07/location[39m
[35m[HTTP][39m [90m{}[39m
[35m[W3C][39m Driver proxy active, passing request on via HTTP proxy
[35m[JSONWP Proxy][39m Replacing sessionId f09a98da-4e11-4026-a11b-96b38b8a1be8 with df1abbcc-5419-4421-8622-edf77e17e186
[35m[HTTP][39m [37m<-- GET /wd/hub/session/df1abbcc-5419-4421-8622-edf77e17e186/element/09d4f4c4-a991-4fef-8f5d-6bd562f8ff07/location [39m[32m200[39m [90m50 ms - 89[39m
[35m[HTTP][39m [90m[39m
[35m[HTTP][39m [37m-->[39m [37mGET[39m [37m/wd/hub/session/df1abbcc-5419-4421-8622-edf77e17e186/window/current/size[39m
[35m[HTTP][39m [90m{}[39m
[35m[W3C][39m Driver proxy active, passing request on via HTTP proxy
[35m[JSONWP Proxy][39m Replacing sessionId f09a98da-4e11-4026-a11b-96b38b8a1be8 with df1abbcc-5419-4421-8622-edf77e17e186
[35m[HTTP][39m [37m<-- GET /wd/hub/session/df1abbcc-5419-4421-8622-edf77e17e186/window/current/size [39m[32m200[39m [90m37 ms - 100[39m
[35m[HTTP][39m [90m[39m
[35m[HTTP][39m [37m-->[39m [37mPOST[39m [37m/wd/hub/session/df1abbcc-5419-4421-8622-edf77e17e186/elements[39m
[35m[HTTP][39m [90m{"using":"-android uiautomator","value":"new UiSelector().className(\"android.widget.TextView\").text(\"Sky On Demand\").packageName(\"it.sky.msa\").instance(2)"}[39m
[35m[HTTP][39m [37m<-- POST /wd/hub/session/df1abbcc-5419-4421-8622-edf77e17e186/elements [39m[32m200[39m [90m106 ms - 124[39m
[35m[HTTP][39m [90m[39m
[35m[HTTP][39m [37m-->[39m [37mGET[39m [37m/wd/hub/session/df1abbcc-5419-4421-8622-edf77e17e186[39m
[35m[HTTP][39m [90m{}[39m
[35m[HTTP][39m [37m<-- GET /wd/hub/session/df1abbcc-5419-4421-8622-edf77e17e186 [39m[32m200[39m [90m24 ms - 1133[39m
[35m[HTTP][39m [90m[39m
[35m[HTTP][39m [37m-->[39m [37mGET[39m [37m/wd/hub/session/df1abbcc-5419-4421-8622-edf77e17e186[39m
[35m[HTTP][39m [90m{}[39m
[35m[HTTP][39m [37m<-- GET /wd/hub/session/df1abbcc-5419-4421-8622-edf77e17e186 [39m[32m200[39m [90m35 ms - 1133[39m
[35m[HTTP][39m [90m[39m
[35m[HTTP][39m [37m-->[39m [37mGET[39m [37m/wd/hub/session/df1abbcc-5419-4421-8622-edf77e17e186[39m
[35m[HTTP][39m [90m{}[39m
[35m[HTTP][39m [37m<-- GET /wd/hub/session/df1abbcc-5419-4421-8622-edf77e17e186 [39m[32m200[39m [90m30 ms - 1133[39m
[35m[HTTP][39m [90m[39m
[35m[HTTP][39m [37m-->[39m [37mGET[39m [37m/wd/hub/session/df1abbcc-5419-4421-8622-edf77e17e186[39m
[35m[HTTP][39m [90m{}[39m
[35m[HTTP][39m [37m<-- GET /wd/hub/session/df1abbcc-5419-4421-8622-edf77e17e186 [39m[32m200[39m [90m23 ms - 1133[39m
[35m[HTTP][39m [90m[39m
[35m[HTTP][39m [37m-->[39m [37mGET[39m [37m/wd/hub/session/df1abbcc-5419-4421-8622-edf77e17e186/element/8fe3c5e1-5a0a-4818-9570-d7b9062ba2cc/location[39m
[35m[HTTP][39m [90m{}[39m
[35m[W3C][39m Driver proxy active, passing request on via HTTP proxy
[35m[JSONWP Proxy][39m Replacing sessionId f09a98da-4e11-4026-a11b-96b38b8a1be8 with df1abbcc-5419-4421-8622-edf77e17e186
[35m[HTTP][39m [37m<-- GET /wd/hub/session/df1abbcc-5419-4421-8622-edf77e17e186/element/8fe3c5e1-5a0a-4818-9570-d7b9062ba2cc/location [39m[32m200[39m [90m51 ms - 89[39m
[35m[HTTP][39m [90m[39m
[35m[HTTP][39m [37m-->[39m [37mGET[39m [37m/wd/hub/session/df1abbcc-5419-4421-8622-edf77e17e186/window/current/size[39m
[35m[HTTP][39m [90m{}[39m
[35m[W3C][39m Driver proxy active, passing request on via HTTP proxy
[35m[JSONWP Proxy][39m Replacing sessionId f09a98da-4e11-4026-a11b-96b38b8a1be8 with df1abbcc-5419-4421-8622-edf77e17e186
[35m[HTTP][39m [37m<-- GET /wd/hub/session/df1abbcc-5419-4421-8622-edf77e17e186/window/current/size [39m[32m200[39m [90m29 ms - 100[39m
[35m[HTTP][39m [90m[39m
[35m[HTTP][39m [37m-->[39m [37mPOST[39m [37m/wd/hub/session/df1abbcc-5419-4421-8622-edf77e17e186/elements[39m
[35m[HTTP][39m [90m{"using":"-android uiautomator","value":"new UiSelector().className(\"android.widget.TextView\").text(\"Programmazione\").packageName(\"it.sky.msa\").instance(1)"}[39m
[35m[HTTP][39m [37m<-- POST /wd/hub/session/df1abbcc-5419-4421-8622-edf77e17e186/elements [39m[32m200[39m [90m120 ms - 124[39m
[35m[HTTP][39m [90m[39m
[35m[HTTP][39m [37m-->[39m [37mGET[39m [37m/wd/hub/session/df1abbcc-5419-4421-8622-edf77e17e186[39m
[35m[HTTP][39m [90m{}[39m
[35m[HTTP][39m [37m<-- GET /wd/hub/session/df1abbcc-5419-4421-8622-edf77e17e186 [39m[32m200[39m [90m23 ms - 1133[39m
[35m[HTTP][39m [90m[39m
[35m[HTTP][39m [37m-->[39m [37mGET[39m [37m/wd/hub/session/df1abbcc-5419-4421-8622-edf77e17e186[39m
[35m[HTTP][39m [90m{}[39m
[35m[HTTP][39m [37m<-- GET /wd/hub/session/df1abbcc-5419-4421-8622-edf77e17e186 [39m[32m200[39m [90m22 ms - 1133[39m
[35m[HTTP][39m [90m[39m
[35m[HTTP][39m [37m-->[39m [37mGET[39m [37m/wd/hub/session/df1abbcc-5419-4421-8622-edf77e17e186[39m
[35m[HTTP][39m [90m{}[39m
[35m[HTTP][39m [37m<-- GET /wd/hub/session/df1abbcc-5419-4421-8622-edf77e17e186 [39m[32m200[39m [90m27 ms - 1133[39m
[35m[HTTP][39m [90m[39m
[35m[HTTP][39m [37m-->[39m [37mGET[39m [37m/wd/hub/session/df1abbcc-5419-4421-8622-edf77e17e186[39m
[35m[HTTP][39m [90m{}[39m
[35m[HTTP][39m [37m<-- GET /wd/hub/session/df1abbcc-5419-4421-8622-edf77e17e186 [39m[32m200[39m [90m23 ms - 1133[39m
[35m[HTTP][39m [90m[39m
[35m[HTTP][39m [37m-->[39m [37mGET[39m [37m/wd/hub/session/df1abbcc-5419-4421-8622-edf77e17e186/element/3f426148-2a87-4600-8cd2-4bd10458a7cd/location[39m
[35m[HTTP][39m [90m{}[39m
[35m[W3C][39m Driver proxy active, passing request on via HTTP proxy
[35m[JSONWP Proxy][39m Replacing sessionId f09a98da-4e11-4026-a11b-96b38b8a1be8 with df1abbcc-5419-4421-8622-edf77e17e186
[35m[HTTP][39m [37m<-- GET /wd/hub/session/df1abbcc-5419-4421-8622-edf77e17e186/element/3f426148-2a87-4600-8cd2-4bd10458a7cd/location [39m[32m200[39m [90m54 ms - 88[39m
[35m[HTTP][39m [90m[39m
[35m[HTTP][39m [37m-->[39m [37mPOST[39m [37m/wd/hub/session/df1abbcc-5419-4421-8622-edf77e17e186/touch/perform[39m
[35m[HTTP][39m [90m{"actions":[{"action":"tap","options":{"element":"3f426148-2a87-4600-8cd2-4bd10458a7cd","x":1,"y":1}}]}[39m
[35m[UiAutomator2][39m calling get location: 3f426148-2a87-4600-8cd2-4bd10458a7cd
[35m[HTTP][39m [37m<-- POST /wd/hub/session/df1abbcc-5419-4421-8622-edf77e17e186/touch/perform [39m[32m200[39m [90m838 ms - 76[39m
[35m[HTTP][39m [90m[39m
[35m[HTTP][39m [37m-->[39m [37mGET[39m [37m/wd/hub/session/df1abbcc-5419-4421-8622-edf77e17e186/window/current/size[39m
[35m[HTTP][39m [90m{}[39m
[35m[W3C][39m Driver proxy active, passing request on via HTTP proxy
[35m[JSONWP Proxy][39m Replacing sessionId f09a98da-4e11-4026-a11b-96b38b8a1be8 with df1abbcc-5419-4421-8622-edf77e17e186
[35m[HTTP][39m [37m<-- GET /wd/hub/session/df1abbcc-5419-4421-8622-edf77e17e186/window/current/size [39m[32m200[39m [90m44 ms - 100[39m
[35m[HTTP][39m [90m[39m
[35m[HTTP][39m [37m-->[39m [37mPOST[39m [37m/wd/hub/session/df1abbcc-5419-4421-8622-edf77e17e186/elements[39m
[35m[HTTP][39m [90m{"using":"-android uiautomator","value":"new UiSelector().className(\"android.widget.TextView\").text(\"Scelti per te questa settimana\").resourceId(\"it.sky.msa:id/categoryTitle\").packageName(\"it.sky.msa\").instance(6)"}[39m
[35m[HTTP][39m [37m<-- POST /wd/hub/session/df1abbcc-5419-4421-8622-edf77e17e186/elements [39m[32m200[39m [90m175 ms - 124[39m
[35m[HTTP][39m [90m[39m
[35m[HTTP][39m [37m-->[39m [37mGET[39m [37m/wd/hub/session/df1abbcc-5419-4421-8622-edf77e17e186[39m
[35m[HTTP][39m [90m{}[39m
[35m[HTTP][39m [37m<-- GET /wd/hub/session/df1abbcc-5419-4421-8622-edf77e17e186 [39m[32m200[39m [90m27 ms - 1133[39m
[35m[HTTP][39m [90m[39m
[35m[HTTP][39m [37m-->[39m [37mGET[39m [37m/wd/hub/session/df1abbcc-5419-4421-8622-edf77e17e186[39m
[35m[HTTP][39m [90m{}[39m
[35m[HTTP][39m [37m<-- GET /wd/hub/session/df1abbcc-5419-4421-8622-edf77e17e186 [39m[32m200[39m [90m25 ms - 1133[39m
[35m[HTTP][39m [90m[39m
[35m[HTTP][39m [37m-->[39m [37mGET[39m [37m/wd/hub/session/df1abbcc-5419-4421-8622-edf77e17e186[39m
[35m[HTTP][39m [90m{}[39m
[35m[HTTP][39m [37m<-- GET /wd/hub/session/df1abbcc-5419-4421-8622-edf77e17e186 [39m[32m200[39m [90m25 ms - 1133[39m
[35m[HTTP][39m [90m[39m
[35m[HTTP][39m [37m-->[39m [37mGET[39m [37m/wd/hub/session/df1abbcc-5419-4421-8622-edf77e17e186[39m
[35m[HTTP][39m [90m{}[39m
[35m[HTTP][39m [37m<-- GET /wd/hub/session/df1abbcc-5419-4421-8622-edf77e17e186 [39m[32m200[39m [90m23 ms - 1133[39m
[35m[HTTP][39m [90m[39m
[35m[HTTP][39m [37m-->[39m [37mGET[39m [37m/wd/hub/session/df1abbcc-5419-4421-8622-edf77e17e186/element/c002c052-5704-4deb-9abd-47113b37e56e/location[39m
[35m[HTTP][39m [90m{}[39m
[35m[W3C][39m Driver proxy active, passing request on via HTTP proxy
[35m[JSONWP Proxy][39m Replacing sessionId f09a98da-4e11-4026-a11b-96b38b8a1be8 with df1abbcc-5419-4421-8622-edf77e17e186
[35m[HTTP][39m [37m<-- GET /wd/hub/session/df1abbcc-5419-4421-8622-edf77e17e186/element/c002c052-5704-4deb-9abd-47113b37e56e/location [39m[32m200[39m [90m45 ms - 89[39m
[35m[HTTP][39m [90m[39m
[35m[HTTP][39m [37m-->[39m [37mGET[39m [37m/wd/hub/session/df1abbcc-5419-4421-8622-edf77e17e186/window/current/size[39m
[35m[HTTP][39m [90m{}[39m
[35m[W3C][39m Driver proxy active, passing request on via HTTP proxy
[35m[JSONWP Proxy][39m Replacing sessionId f09a98da-4e11-4026-a11b-96b38b8a1be8 with df1abbcc-5419-4421-8622-edf77e17e186
[35m[HTTP][39m [37m<-- GET /wd/hub/session/df1abbcc-5419-4421-8622-edf77e17e186/window/current/size [39m[32m200[39m [90m31 ms - 100[39m
[35m[HTTP][39m [90m[39m
[35m[HTTP][39m [37m-->[39m [37mPOST[39m [37m/wd/hub/session/df1abbcc-5419-4421-8622-edf77e17e186/elements[39m
[35m[HTTP][39m [90m{"using":"-android uiautomator","value":"new UiSelector().className(\"android.widget.ImageView\").resourceId(\"it.sky.msa:id/heroImageImageView\").packageName(\"it.sky.msa\").instance(0)"}[39m
[35m[HTTP][39m [37m<-- POST /wd/hub/session/df1abbcc-5419-4421-8622-edf77e17e186/elements [39m[32m200[39m [90m112 ms - 124[39m
[35m[HTTP][39m [90m[39m
[35m[HTTP][39m [37m-->[39m [37mGET[39m [37m/wd/hub/session/df1abbcc-5419-4421-8622-edf77e17e186[39m
[35m[HTTP][39m [90m{}[39m
[35m[HTTP][39m [37m<-- GET /wd/hub/session/df1abbcc-5419-4421-8622-edf77e17e186 [39m[32m200[39m [90m19 ms - 1133[39m
[35m[HTTP][39m [90m[39m
[35m[HTTP][39m [37m-->[39m [37mGET[39m [37m/wd/hub/session/df1abbcc-5419-4421-8622-edf77e17e186[39m
[35m[HTTP][39m [90m{}[39m
[35m[HTTP][39m [37m<-- GET /wd/hub/session/df1abbcc-5419-4421-8622-edf77e17e186 [39m[32m200[39m [90m20 ms - 1133[39m
[35m[HTTP][39m [90m[39m
[35m[HTTP][39m [37m-->[39m [37mGET[39m [37m/wd/hub/session/df1abbcc-5419-4421-8622-edf77e17e186[39m
[35m[HTTP][39m [90m{}[39m
[35m[HTTP][39m [37m<-- GET /wd/hub/session/df1abbcc-5419-4421-8622-edf77e17e186 [39m[32m200[39m [90m23 ms - 1133[39m
[35m[HTTP][39m [90m[39m
[35m[HTTP][39m [37m-->[39m [37mGET[39m [37m/wd/hub/session/df1abbcc-5419-4421-8622-edf77e17e186[39m
[35m[HTTP][39m [90m{}[39m
[35m[HTTP][39m [37m<-- GET /wd/hub/session/df1abbcc-5419-4421-8622-edf77e17e186 [39m[32m200[39m [90m22 ms - 1133[39m
[35m[HTTP][39m [90m[39m
[35m[HTTP][39m [37m-->[39m [37mGET[39m [37m/wd/hub/session/df1abbcc-5419-4421-8622-edf77e17e186/element/0569971a-c50b-483e-b447-05c87e64bdc8/location[39m
[35m[HTTP][39m [90m{}[39m
[35m[W3C][39m Driver proxy active, passing request on via HTTP proxy
[35m[JSONWP Proxy][39m Replacing sessionId f09a98da-4e11-4026-a11b-96b38b8a1be8 with df1abbcc-5419-4421-8622-edf77e17e186
[35m[HTTP][39m [37m<-- GET /wd/hub/session/df1abbcc-5419-4421-8622-edf77e17e186/element/0569971a-c50b-483e-b447-05c87e64bdc8/location [39m[32m200[39m [90m51 ms - 87[39m
[35m[HTTP][39m [90m[39m
[35m[HTTP][39m [37m-->[39m [37mGET[39m [37m/wd/hub/session/df1abbcc-5419-4421-8622-edf77e17e186/element/0569971a-c50b-483e-b447-05c87e64bdc8/attribute/resourceId[39m
[35m[HTTP][39m [90m{}[39m
[35m[HTTP][39m [37m<-- GET /wd/hub/session/df1abbcc-5419-4421-8622-edf77e17e186/element/0569971a-c50b-483e-b447-05c87e64bdc8/attribute/resourceId [39m[32m200[39m [90m54 ms - 106[39m
[35m[HTTP][39m [90m[39m
[35m[HTTP][39m [37m-->[39m [37mGET[39m [37m/wd/hub/session/df1abbcc-5419-4421-8622-edf77e17e186/window/current/size[39m
[35m[HTTP][39m [90m{}[39m
[35m[W3C][39m Driver proxy active, passing request on via HTTP proxy
[35m[JSONWP Proxy][39m Replacing sessionId f09a98da-4e11-4026-a11b-96b38b8a1be8 with df1abbcc-5419-4421-8622-edf77e17e186
[35m[HTTP][39m [37m<-- GET /wd/hub/session/df1abbcc-5419-4421-8622-edf77e17e186/window/current/size [39m[32m200[39m [90m67 ms - 100[39m
[35m[HTTP][39m [90m[39m
[35m[HTTP][39m [37m-->[39m [37mPOST[39m [37m/wd/hub/session/df1abbcc-5419-4421-8622-edf77e17e186/elements[39m
[35m[HTTP][39m [90m{"using":"-android uiautomator","value":"new UiSelector().className(\"android.widget.TextView\").text(\"IN EVIDENZA\").resourceId(\"it.sky.msa:id/heroPromoTextView\").instance(6)"}[39m
[35m[HTTP][39m [37m<-- POST /wd/hub/session/df1abbcc-5419-4421-8622-edf77e17e186/elements [39m[32m200[39m [90m132 ms - 124[39m
[35m[HTTP][39m [90m[39m
[35m[HTTP][39m [37m-->[39m [37mGET[39m [37m/wd/hub/session/df1abbcc-5419-4421-8622-edf77e17e186[39m
[35m[HTTP][39m [90m{}[39m
[35m[HTTP][39m [37m<-- GET /wd/hub/session/df1abbcc-5419-4421-8622-edf77e17e186 [39m[32m200[39m [90m23 ms - 1133[39m
[35m[HTTP][39m [90m[39m
[35m[HTTP][39m [37m-->[39m [37mGET[39m [37m/wd/hub/session/df1abbcc-5419-4421-8622-edf77e17e186[39m
[35m[HTTP][39m [90m{}[39m
[35m[HTTP][39m [37m<-- GET /wd/hub/session/df1abbcc-5419-4421-8622-edf77e17e186 [39m[32m200[39m [90m20 ms - 1133[39m
[35m[HTTP][39m [90m[39m
[35m[HTTP][39m [37m-->[39m [37mGET[39m [37m/wd/hub/session/df1abbcc-5419-4421-8622-edf77e17e186[39m
[35m[HTTP][39m [90m{}[39m
[35m[HTTP][39m [37m<-- GET /wd/hub/session/df1abbcc-5419-4421-8622-edf77e17e186 [39m[32m200[39m [90m21 ms - 1133[39m
[35m[HTTP][39m [90m[39m
[35m[HTTP][39m [37m-->[39m [37mGET[39m [37m/wd/hub/session/df1abbcc-5419-4421-8622-edf77e17e186[39m
[35m[HTTP][39m [90m{}[39m
[35m[HTTP][39m [37m<-- GET /wd/hub/session/df1abbcc-5419-4421-8622-edf77e17e186 [39m[32m200[39m [90m28 ms - 1133[39m
[35m[HTTP][39m [90m[39m
[35m[HTTP][39m [37m-->[39m [37mGET[39m [37m/wd/hub/session/df1abbcc-5419-4421-8622-edf77e17e186/element/7e497865-089d-4a4d-affc-d4228bedb905/location[39m
[35m[HTTP][39m [90m{}[39m
[35m[W3C][39m Driver proxy active, passing request on via HTTP proxy
[35m[JSONWP Proxy][39m Replacing sessionId f09a98da-4e11-4026-a11b-96b38b8a1be8 with df1abbcc-5419-4421-8622-edf77e17e186
[35m[HTTP][39m [37m<-- GET /wd/hub/session/df1abbcc-5419-4421-8622-edf77e17e186/element/7e497865-089d-4a4d-affc-d4228bedb905/location [39m[32m200[39m [90m59 ms - 88[39m
[35m[HTTP][39m [90m[39m
[35m[HTTP][39m [37m-->[39m [37mGET[39m [37m/wd/hub/session/df1abbcc-5419-4421-8622-edf77e17e186/element/7e497865-089d-4a4d-affc-d4228bedb905/text[39m
[35m[HTTP][39m [90m{}[39m
[35m[W3C][39m Driver proxy active, passing request on via HTTP proxy
[35m[JSONWP Proxy][39m Replacing sessionId f09a98da-4e11-4026-a11b-96b38b8a1be8 with df1abbcc-5419-4421-8622-edf77e17e186
[35m[HTTP][39m [37m<-- GET /wd/hub/session/df1abbcc-5419-4421-8622-edf77e17e186/element/7e497865-089d-4a4d-affc-d4228bedb905/text [39m[32m200[39m [90m85 ms - 85[39m
[35m[HTTP][39m [90m[39m
[35m[HTTP][39m [37m-->[39m [37mGET[39m [37m/wd/hub/session/df1abbcc-5419-4421-8622-edf77e17e186/window/current/size[39m
[35m[HTTP][39m [90m{}[39m
[35m[W3C][39m Driver proxy active, passing request on via HTTP proxy
[35m[JSONWP Proxy][39m Replacing sessionId f09a98da-4e11-4026-a11b-96b38b8a1be8 with df1abbcc-5419-4421-8622-edf77e17e186
[35m[HTTP][39m [37m<-- GET /wd/hub/session/df1abbcc-5419-4421-8622-edf77e17e186/window/current/size [39m[32m200[39m [90m33 ms - 100[39m
[35m[HTTP][39m [90m[39m
[35m[HTTP][39m [37m-->[39m [37mPOST[39m [37m/wd/hub/session/df1abbcc-5419-4421-8622-edf77e17e186/elements[39m
[35m[HTTP][39m [90m{"using":"-android uiautomator","value":"new UiSelector().className(\"android.widget.TextView\").resourceId(\"it.sky.msa:id/heroTitleTextView\").instance(7)"}[39m
[35m[HTTP][39m [37m<-- POST /wd/hub/session/df1abbcc-5419-4421-8622-edf77e17e186/elements [39m[32m200[39m [90m132 ms - 124[39m
[35m[HTTP][39m [90m[39m
[35m[HTTP][39m [37m-->[39m [37mGET[39m [37m/wd/hub/session/df1abbcc-5419-4421-8622-edf77e17e186[39m
[35m[HTTP][39m [90m{}[39m
[35m[HTTP][39m [37m<-- GET /wd/hub/session/df1abbcc-5419-4421-8622-edf77e17e186 [39m[32m200[39m [90m34 ms - 1133[39m
[35m[HTTP][39m [90m[39m
[35m[HTTP][39m [37m-->[39m [37mGET[39m [37m/wd/hub/session/df1abbcc-5419-4421-8622-edf77e17e186[39m
[35m[HTTP][39m [90m{}[39m
[35m[HTTP][39m [37m<-- GET /wd/hub/session/df1abbcc-5419-4421-8622-edf77e17e186 [39m[32m200[39m [90m30 ms - 1133[39m
[35m[HTTP][39m [90m[39m
[35m[HTTP][39m [37m-->[39m [37mGET[39m [37m/wd/hub/session/df1abbcc-5419-4421-8622-edf77e17e186[39m
[35m[HTTP][39m [90m{}[39m
[35m[HTTP][39m [37m<-- GET /wd/hub/session/df1abbcc-5419-4421-8622-edf77e17e186 [39m[32m200[39m [90m23 ms - 1133[39m
[35m[HTTP][39m [90m[39m
[35m[HTTP][39m [37m-->[39m [37mGET[39m [37m/wd/hub/session/df1abbcc-5419-4421-8622-edf77e17e186[39m
[35m[HTTP][39m [90m{}[39m
[35m[HTTP][39m [37m<-- GET /wd/hub/session/df1abbcc-5419-4421-8622-edf77e17e186 [39m[32m200[39m [90m24 ms - 1133[39m
[35m[HTTP][39m [90m[39m
[35m[HTTP][39m [37m-->[39m [37mGET[39m [37m/wd/hub/session/df1abbcc-5419-4421-8622-edf77e17e186/element/3c7fbf49-9f69-466d-8e34-80d61541da72/location[39m
[35m[HTTP][39m [90m{}[39m
[35m[W3C][39m Driver proxy active, passing request on via HTTP proxy
[35m[JSONWP Proxy][39m Replacing sessionId f09a98da-4e11-4026-a11b-96b38b8a1be8 with df1abbcc-5419-4421-8622-edf77e17e186
[35m[HTTP][39m [37m<-- GET /wd/hub/session/df1abbcc-5419-4421-8622-edf77e17e186/element/3c7fbf49-9f69-466d-8e34-80d61541da72/location [39m[32m200[39m [90m52 ms - 88[39m
[35m[HTTP][39m [90m[39m
[35m[HTTP][39m [37m-->[39m [37mGET[39m [37m/wd/hub/session/df1abbcc-5419-4421-8622-edf77e17e186/window/current/size[39m
[35m[HTTP][39m [90m{}[39m
[35m[W3C][39m Driver proxy active, passing request on via HTTP proxy
[35m[JSONWP Proxy][39m Replacing sessionId f09a98da-4e11-4026-a11b-96b38b8a1be8 with df1abbcc-5419-4421-8622-edf77e17e186
[35m[HTTP][39m [37m<-- GET /wd/hub/session/df1abbcc-5419-4421-8622-edf77e17e186/window/current/size [39m[32m200[39m [90m43 ms - 100[39m
[35m[HTTP][39m [90m[39m
[35m[HTTP][39m [37m-->[39m [37mPOST[39m [37m/wd/hub/session/df1abbcc-5419-4421-8622-edf77e17e186/elements[39m
[35m[HTTP][39m [90m{"using":"-android uiautomator","value":"new UiSelector().className(\"android.widget.TextView\").resourceId(\"it.sky.msa:id/heroCaptionTextView\").instance(8)"}[39m
[35m[HTTP][39m [37m<-- POST /wd/hub/session/df1abbcc-5419-4421-8622-edf77e17e186/elements [39m[32m200[39m [90m107 ms - 124[39m
[35m[HTTP][39m [90m[39m
[35m[HTTP][39m [37m-->[39m [37mGET[39m [37m/wd/hub/session/df1abbcc-5419-4421-8622-edf77e17e186[39m
[35m[HTTP][39m [90m{}[39m
[35m[HTTP][39m [37m<-- GET /wd/hub/session/df1abbcc-5419-4421-8622-edf77e17e186 [39m[32m200[39m [90m23 ms - 1133[39m
[35m[HTTP][39m [90m[39m
[35m[HTTP][39m [37m-->[39m [37mGET[39m [37m/wd/hub/session/df1abbcc-5419-4421-8622-edf77e17e186[39m
[35m[HTTP][39m [90m{}[39m
[35m[HTTP][39m [37m<-- GET /wd/hub/session/df1abbcc-5419-4421-8622-edf77e17e186 [39m[32m200[39m [90m22 ms - 1133[39m
[35m[HTTP][39m [90m[39m
[35m[HTTP][39m [37m-->[39m [37mGET[39m [37m/wd/hub/session/df1abbcc-5419-4421-8622-edf77e17e186[39m
[35m[HTTP][39m [90m{}[39m
[35m[HTTP][39m [37m<-- GET /wd/hub/session/df1abbcc-5419-4421-8622-edf77e17e186 [39m[32m200[39m [90m24 ms - 1133[39m
[35m[HTTP][39m [90m[39m
[35m[HTTP][39m [37m-->[39m [37mGET[39m [37m/wd/hub/session/df1abbcc-5419-4421-8622-edf77e17e186[39m
[35m[HTTP][39m [90m{}[39m
[35m[HTTP][39m [37m<-- GET /wd/hub/session/df1abbcc-5419-4421-8622-edf77e17e186 [39m[32m200[39m [90m23 ms - 1133[39m
[35m[HTTP][39m [90m[39m
[35m[HTTP][39m [37m-->[39m [37mGET[39m [37m/wd/hub/session/df1abbcc-5419-4421-8622-edf77e17e186/element/9fed8a00-13b9-47d6-9a3d-f07edf838164/location[39m
[35m[HTTP][39m [90m{}[39m
[35m[W3C][39m Driver proxy active, passing request on via HTTP proxy
[35m[JSONWP Proxy][39m Replacing sessionId f09a98da-4e11-4026-a11b-96b38b8a1be8 with df1abbcc-5419-4421-8622-edf77e17e186
[35m[HTTP][39m [37m<-- GET /wd/hub/session/df1abbcc-5419-4421-8622-edf77e17e186/element/9fed8a00-13b9-47d6-9a3d-f07edf838164/location [39m[32m200[39m [90m49 ms - 89[39m
[35m[HTTP][39m [90m[39m
[35m[HTTP][39m [37m-->[39m [37mGET[39m [37m/wd/hub/session/df1abbcc-5419-4421-8622-edf77e17e186/window/current/size[39m
[35m[HTTP][39m [90m{}[39m
[35m[W3C][39m Driver proxy active, passing request on via HTTP proxy
[35m[JSONWP Proxy][39m Replacing sessionId f09a98da-4e11-4026-a11b-96b38b8a1be8 with df1abbcc-5419-4421-8622-edf77e17e186
[35m[HTTP][39m [37m<-- GET /wd/hub/session/df1abbcc-5419-4421-8622-edf77e17e186/window/current/size [39m[32m200[39m [90m38 ms - 100[39m
[35m[HTTP][39m [90m[39m
[35m[HTTP][39m [37m-->[39m [37mPOST[39m [37m/wd/hub/session/df1abbcc-5419-4421-8622-edf77e17e186/elements[39m
[35m[HTTP][39m [90m{"using":"-android uiautomator","value":"new UiSelector().className(\"android.widget.ImageView\").resourceId(\"it.sky.msa:id/heroChannelLogoImageView\").packageName(\"it.sky.msa\").instance(1)"}[39m
[35m[HTTP][39m [37m<-- POST /wd/hub/session/df1abbcc-5419-4421-8622-edf77e17e186/elements [39m[32m200[39m [90m94 ms - 124[39m
[35m[HTTP][39m [90m[39m
[35m[HTTP][39m [37m-->[39m [37mGET[39m [37m/wd/hub/session/df1abbcc-5419-4421-8622-edf77e17e186[39m
[35m[HTTP][39m [90m{}[39m
[35m[HTTP][39m [37m<-- GET /wd/hub/session/df1abbcc-5419-4421-8622-edf77e17e186 [39m[32m200[39m [90m24 ms - 1133[39m
[35m[HTTP][39m [90m[39m
[35m[HTTP][39m [37m-->[39m [37mGET[39m [37m/wd/hub/session/df1abbcc-5419-4421-8622-edf77e17e186[39m
[35m[HTTP][39m [90m{}[39m
[35m[HTTP][39m [37m<-- GET /wd/hub/session/df1abbcc-5419-4421-8622-edf77e17e186 [39m[32m200[39m [90m23 ms - 1133[39m
[35m[HTTP][39m [90m[39m
[35m[HTTP][39m [37m-->[39m [37mGET[39m [37m/wd/hub/session/df1abbcc-5419-4421-8622-edf77e17e186[39m
[35m[HTTP][39m [90m{}[39m
[35m[HTTP][39m [37m<-- GET /wd/hub/session/df1abbcc-5419-4421-8622-edf77e17e186 [39m[32m200[39m [90m24 ms - 1133[39m
[35m[HTTP][39m [90m[39m
[35m[HTTP][39m [37m-->[39m [37mGET[39m [37m/wd/hub/session/df1abbcc-5419-4421-8622-edf77e17e186[39m
[35m[HTTP][39m [90m{}[39m
[35m[HTTP][39m [37m<-- GET /wd/hub/session/df1abbcc-5419-4421-8622-edf77e17e186 [39m[32m200[39m [90m24 ms - 1133[39m
[35m[HTTP][39m [90m[39m
[35m[HTTP][39m [37m-->[39m [37mGET[39m [37m/wd/hub/session/df1abbcc-5419-4421-8622-edf77e17e186/element/054f2d91-9f89-48e3-ab5c-c35cce3ef260/location[39m
[35m[HTTP][39m [90m{}[39m
[35m[W3C][39m Driver proxy active, passing request on via HTTP proxy
[35m[JSONWP Proxy][39m Replacing sessionId f09a98da-4e11-4026-a11b-96b38b8a1be8 with df1abbcc-5419-4421-8622-edf77e17e186
[35m[HTTP][39m [37m<-- GET /wd/hub/session/df1abbcc-5419-4421-8622-edf77e17e186/element/054f2d91-9f89-48e3-ab5c-c35cce3ef260/location [39m[32m200[39m [90m49 ms - 89[39m
[35m[HTTP][39m [90m[39m
[35m[HTTP][39m [37m-->[39m [37mGET[39m [37m/wd/hub/session/df1abbcc-5419-4421-8622-edf77e17e186/element/054f2d91-9f89-48e3-ab5c-c35cce3ef260/attribute/resourceId[39m
[35m[HTTP][39m [90m{}[39m
[35m[HTTP][39m [37m<-- GET /wd/hub/session/df1abbcc-5419-4421-8622-edf77e17e186/element/054f2d91-9f89-48e3-ab5c-c35cce3ef260/attribute/resourceId [39m[32m200[39m [90m46 ms - 112[39m
[35m[HTTP][39m [90m[39m
[35m[BaseDriver][39m Shutting down because we waited 1800 seconds for a command
[35m[Appium][39m Closing session, cause was 'New Command Timeout of 1800 seconds expired. Try customizing the timeout using the 'newCommandTimeout' desired capability'
[35m[Appium][39m Removing session df1abbcc-5419-4421-8622-edf77e17e186 from our master session list
[35m[UiAutomator2][39m Did not get confirmation UiAutomator2 deleteSession worked; Error was: ProxyRequestError: Could not proxy command to remote server. Original error: Error: connect ECONNREFUSED 127.0.0.1:8200
[35m[UiAutomator2][39m Unable to remove port forward 'Error executing adbExec. Original error: 'Command 'C\:\\Users\\marco\\.katalon\\tools\\android_sdk\\platform-tools\\adb.exe -P 5037 -s 9885f7504651473733 forward --remove tcp\:8200' exited with code 1'; Stderr: 'error: listener 'tcp:8200' not found'; Code: '1''
