[35m[Appium][39m Welcome to Appium v1.8.1
[35m[Appium][39m Non-default server args:
[35m[Appium][39m   port: 56392
[35m[Appium][39m   loglevel: info
[35m[Appium][39m   chromeDriverPort: 56393
[35m[Appium][39m   tmpDir: C:\Users\marco\AppData\Local\Temp\\Katalon\Appium\Temp1551196567062
[35m[Appium][39m Appium REST http interface listener started on 0.0.0.0:56392
[35m[HTTP][39m [37m-->[39m [37mGET[39m [37m/wd/hub/status[39m
[35m[HTTP][39m [90m{}[39m
[35m[HTTP][39m [37m<-- GET /wd/hub/status [39m[32m200[39m [90m55 ms - 83[39m
[35m[HTTP][39m [90m[39m
[35m[HTTP][39m [37m-->[39m [37mPOST[39m [37m/wd/hub/session[39m
[35m[HTTP][39m [90m{"desiredCapabilities":{"app":"C:\\Users\\MSA-testautomation\\59.apk","autoGrantPermissions":true,"automationName":"uiautomator2","deviceName":"samsung SM-G935F (Android 8.0.0)","fullReset":false,"newCommandTimeout":1800,"noReset":true,"platform":"ANDROID","platformName":"Android","udid":"9885f7504651473733"},"capabilities":{"desiredCapabilities":{"app":"C:\\Users\\MSA-testautomation\\59.apk","autoGrantPermissions":true,"automationName":"uiautomator2","deviceName":"samsung SM-G935F (Android 8.0.0)","fullReset":false,"newCommandTimeout":1800,"noReset":true,"platform":"ANDROID","platformName":"Android","udid":"9885f7504651473733"},"firstMatch":[{"platformName":"android"}]}}[39m
[35m[Appium][39m Could not parse W3C capabilities: 'deviceName' can't be blank. Falling back to JSONWP protocol.
[35m[Appium][39m The following capabilities were provided in the JSONWP desired capabilities that are missing in W3C capabilities: ["app","autoGrantPermissions","automationName","deviceName","fullReset","newCommandTimeout","noReset","platform","platformName","udid"]. Falling back to JSONWP protocol.
[35m[Appium][39m Creating new AndroidUiautomator2Driver (v1.12.0) session
[35m[Appium][39m Capabilities:
[35m[Appium][39m   app: C:\Users\MSA-testautomation\59.apk
[35m[Appium][39m   autoGrantPermissions: true
[35m[Appium][39m   automationName: uiautomator2
[35m[Appium][39m   deviceName: samsung SM-G935F (Android 8.0.0)
[35m[Appium][39m   fullReset: false
[35m[Appium][39m   newCommandTimeout: 1800
[35m[Appium][39m   noReset: true
[35m[Appium][39m   platform: ANDROID
[35m[Appium][39m   platformName: Android
[35m[Appium][39m   udid: 9885f7504651473733
[35m[BaseDriver][39m The following capabilities were provided, but are not recognized by appium: platform.
[35m[BaseDriver][39m Session created with session id: 27213828-3497-4c0e-a3f9-9b58d2e3d410
[35m[BaseDriver][39m Using local app 'C:\Users\MSA-testautomation\59.apk'
[35m[AndroidDriver][39m Java version is: 1.8.0_181
[35m[ADB][39m Checking whether adb is present
[35m[ADB][39m Found 1 'build-tools' folders under 'C:\Users\marco\.katalon\tools\android_sdk' (newest first):
[35m[ADB][39m     C:/Users/marco/.katalon/tools/android_sdk/build-tools/28.0.3
[35m[ADB][39m Using adb.exe from C:\Users\marco\.katalon\tools\android_sdk\platform-tools\adb.exe
[35m[AndroidDriver][39m Retrieving device list
[35m[AndroidDriver][39m Using device: 9885f7504651473733
[35m[ADB][39m Using the alternative activity name detection method because of: Could not find apkanalyzer.bat in C:\Users\marco\.katalon\tools\android_sdk\platform-tools\apkanalyzer.bat,C:\Users\marco\.katalon\tools\android_sdk\emulator\apkanalyzer.bat,C:\Users\marco\.katalon\tools\android_sdk\tools\apkanalyzer.bat,C:\Users\marco\.katalon\tools\android_sdk\tools\bin\apkanalyzer.bat,C:\Users\marco\.katalon\tools\android_sdk\build-tools\28.0.3\apkanalyzer.bat. Do you have the Android SDK installed at 'C:\Users\marco\.katalon\tools\android_sdk'?
[35m[ADB][39m Checking whether aapt is present
[35m[ADB][39m Using aapt.exe from C:\Users\marco\.katalon\tools\android_sdk\build-tools\28.0.3\aapt.exe
[35m[ADB][39m Extracting package and launch activity from manifest
[35m[ADB][39m Package name: 'it.sky.msa'
[35m[ADB][39m Main activity name: 'it.sky.msa.welcome.SplashActivity'
[35m[ADB][39m Getting device platform version
[35m[ADB][39m Using apksigner.bat from C:\Users\marco\.katalon\tools\android_sdk\build-tools\28.0.3\apksigner.bat
[35m[ADB][39m Checking whether zipalign is present
[35m[ADB][39m Using zipalign.exe from C:\Users\marco\.katalon\tools\android_sdk\build-tools\28.0.3\zipalign.exe
[35m[ADB][39m io.appium.uiautomator2.server was successfully uninstalled
[35m[ADB][39m io.appium.uiautomator2.server.test was successfully uninstalled
[35m[AndroidDriver][39m setDeviceLanguageCountry requires language or country.
[35m[AndroidDriver][39m Got language: 'null' and country: 'null'
[35m[ADB][39m Successfully extracted 218 strings from 'C:\Users\MSA-testautomation\59.apk' resources for '(default)' configuration
[35m[UiAutomator2][39m Starting uiautomator2 server 1.12.0
[35m[UiAutomator2][39m Using UIAutomator2 server from 'C:\Users\marco\AppData\Roaming\npm\node_modules\appium\node_modules\appium-uiautomator2-server\apks\appium-uiautomator2-server-v1.12.0.apk' and test from 'C:\Users\marco\AppData\Roaming\npm\node_modules\appium\node_modules\appium-uiautomator2-server\apks\appium-uiautomator2-server-debug-androidTest.apk'
[35m[UiAutomator2][39m Running command: 'adb -s 9885f7504651473733 shell am instrument -w io.appium.uiautomator2.server.test/android.support.test.runner.AndroidJUnitRunner'
[35m[UiAutomator2][39m Waiting up to 20000ms for UiAutomator2 to be online...
[35m[AndroidDriver][39m Screen already unlocked, doing nothing
[35m[UiAutomator2][39m UiAutomator2 did not start the activity we were waiting for, 'it.sky.msa/it.sky.msa.welcome.SplashActivity'. Starting it ourselves
[35m[Appium][39m New AndroidUiautomator2Driver session created successfully, session 27213828-3497-4c0e-a3f9-9b58d2e3d410 added to master session list
[35m[HTTP][39m [37m<-- POST /wd/hub/session [39m[32m200[39m [90m21559 ms - 1133[39m
[35m[HTTP][39m [90m[39m
[35m[HTTP][39m [37m-->[39m [37mGET[39m [37m/wd/hub/status[39m
[35m[HTTP][39m [90m{}[39m
[35m[HTTP][39m [37m<-- GET /wd/hub/status [39m[32m200[39m [90m52 ms - 55[39m
[35m[HTTP][39m [90m[39m
[35m[HTTP][39m [37m-->[39m [37mPOST[39m [37m/wd/hub/session/27213828-3497-4c0e-a3f9-9b58d2e3d410/timeouts[39m
[35m[HTTP][39m [90m{"type":"implicit","ms":30000}[39m
[35m[HTTP][39m [37m<-- POST /wd/hub/session/27213828-3497-4c0e-a3f9-9b58d2e3d410/timeouts [39m[33m400[39m [90m19 ms - 5204[39m
[35m[HTTP][39m [90m[39m
[35m[HTTP][39m [37m-->[39m [37mGET[39m [37m/wd/hub/session/27213828-3497-4c0e-a3f9-9b58d2e3d410/window/current/size[39m
[35m[HTTP][39m [90m{}[39m
[35m[W3C][39m Driver proxy active, passing request on via HTTP proxy
[35m[JSONWP Proxy][39m Replacing sessionId f63bcb0a-73b1-464b-abc4-f08aae746449 with 27213828-3497-4c0e-a3f9-9b58d2e3d410
[35m[HTTP][39m [37m<-- GET /wd/hub/session/27213828-3497-4c0e-a3f9-9b58d2e3d410/window/current/size [39m[32m200[39m [90m64 ms - 100[39m
[35m[HTTP][39m [90m[39m
[35m[HTTP][39m [37m-->[39m [37mPOST[39m [37m/wd/hub/session/27213828-3497-4c0e-a3f9-9b58d2e3d410/elements[39m
[35m[HTTP][39m [90m{"using":"-android uiautomator","value":"new UiSelector().className(\"android.widget.TextView\").text(\"Guida TV\").resourceId(\"it.sky.msa:id/title\").instance(5)"}[39m
[35m[HTTP][39m [37m<-- POST /wd/hub/session/27213828-3497-4c0e-a3f9-9b58d2e3d410/elements [39m[32m200[39m [90m85 ms - 74[39m
[35m[HTTP][39m [90m[39m
[35m[HTTP][39m [37m-->[39m [37mPOST[39m [37m/wd/hub/session/27213828-3497-4c0e-a3f9-9b58d2e3d410/elements[39m
[35m[HTTP][39m [90m{"using":"-android uiautomator","value":"new UiSelector().className(\"android.widget.TextView\").text(\"Guida TV\").resourceId(\"it.sky.msa:id/title\").instance(5)"}[39m
[35m[HTTP][39m [37m<-- POST /wd/hub/session/27213828-3497-4c0e-a3f9-9b58d2e3d410/elements [39m[32m200[39m [90m76 ms - 74[39m
[35m[HTTP][39m [90m[39m
[35m[HTTP][39m [37m-->[39m [37mPOST[39m [37m/wd/hub/session/27213828-3497-4c0e-a3f9-9b58d2e3d410/elements[39m
[35m[HTTP][39m [90m{"using":"-android uiautomator","value":"new UiSelector().className(\"android.widget.TextView\").text(\"Guida TV\").resourceId(\"it.sky.msa:id/title\").instance(5)"}[39m
[35m[HTTP][39m [37m<-- POST /wd/hub/session/27213828-3497-4c0e-a3f9-9b58d2e3d410/elements [39m[32m200[39m [90m61 ms - 74[39m
[35m[HTTP][39m [90m[39m
[35m[HTTP][39m [37m-->[39m [37mPOST[39m [37m/wd/hub/session/27213828-3497-4c0e-a3f9-9b58d2e3d410/elements[39m
[35m[HTTP][39m [90m{"using":"-android uiautomator","value":"new UiSelector().className(\"android.widget.TextView\").text(\"Guida TV\").resourceId(\"it.sky.msa:id/title\").instance(5)"}[39m
[35m[HTTP][39m [37m<-- POST /wd/hub/session/27213828-3497-4c0e-a3f9-9b58d2e3d410/elements [39m[32m200[39m [90m80 ms - 74[39m
[35m[HTTP][39m [90m[39m
[35m[HTTP][39m [37m-->[39m [37mPOST[39m [37m/wd/hub/session/27213828-3497-4c0e-a3f9-9b58d2e3d410/elements[39m
[35m[HTTP][39m [90m{"using":"-android uiautomator","value":"new UiSelector().className(\"android.widget.TextView\").text(\"Guida TV\").resourceId(\"it.sky.msa:id/title\").instance(5)"}[39m
[35m[HTTP][39m [37m<-- POST /wd/hub/session/27213828-3497-4c0e-a3f9-9b58d2e3d410/elements [39m[32m200[39m [90m66 ms - 74[39m
[35m[HTTP][39m [90m[39m
[35m[HTTP][39m [37m-->[39m [37mPOST[39m [37m/wd/hub/session/27213828-3497-4c0e-a3f9-9b58d2e3d410/elements[39m
[35m[HTTP][39m [90m{"using":"-android uiautomator","value":"new UiSelector().className(\"android.widget.TextView\").text(\"Guida TV\").resourceId(\"it.sky.msa:id/title\").instance(5)"}[39m
[35m[HTTP][39m [37m<-- POST /wd/hub/session/27213828-3497-4c0e-a3f9-9b58d2e3d410/elements [39m[32m200[39m [90m58 ms - 74[39m
[35m[HTTP][39m [90m[39m
[35m[HTTP][39m [37m-->[39m [37mPOST[39m [37m/wd/hub/session/27213828-3497-4c0e-a3f9-9b58d2e3d410/elements[39m
[35m[HTTP][39m [90m{"using":"-android uiautomator","value":"new UiSelector().className(\"android.widget.TextView\").text(\"Guida TV\").resourceId(\"it.sky.msa:id/title\").instance(5)"}[39m
[35m[HTTP][39m [37m<-- POST /wd/hub/session/27213828-3497-4c0e-a3f9-9b58d2e3d410/elements [39m[32m200[39m [90m52 ms - 74[39m
[35m[HTTP][39m [90m[39m
[35m[HTTP][39m [37m-->[39m [37mPOST[39m [37m/wd/hub/session/27213828-3497-4c0e-a3f9-9b58d2e3d410/elements[39m
[35m[HTTP][39m [90m{"using":"-android uiautomator","value":"new UiSelector().className(\"android.widget.TextView\").text(\"Guida TV\").resourceId(\"it.sky.msa:id/title\").instance(5)"}[39m
[35m[HTTP][39m [37m<-- POST /wd/hub/session/27213828-3497-4c0e-a3f9-9b58d2e3d410/elements [39m[32m200[39m [90m72 ms - 74[39m
[35m[HTTP][39m [90m[39m
[35m[HTTP][39m [37m-->[39m [37mPOST[39m [37m/wd/hub/session/27213828-3497-4c0e-a3f9-9b58d2e3d410/elements[39m
[35m[HTTP][39m [90m{"using":"-android uiautomator","value":"new UiSelector().className(\"android.widget.TextView\").text(\"Guida TV\").resourceId(\"it.sky.msa:id/title\").instance(5)"}[39m
[35m[HTTP][39m [37m<-- POST /wd/hub/session/27213828-3497-4c0e-a3f9-9b58d2e3d410/elements [39m[32m200[39m [90m70 ms - 74[39m
[35m[HTTP][39m [90m[39m
[35m[HTTP][39m [37m-->[39m [37mPOST[39m [37m/wd/hub/session/27213828-3497-4c0e-a3f9-9b58d2e3d410/elements[39m
[35m[HTTP][39m [90m{"using":"-android uiautomator","value":"new UiSelector().className(\"android.widget.TextView\").text(\"Guida TV\").resourceId(\"it.sky.msa:id/title\").instance(5)"}[39m
[35m[HTTP][39m [37m<-- POST /wd/hub/session/27213828-3497-4c0e-a3f9-9b58d2e3d410/elements [39m[32m200[39m [90m72 ms - 74[39m
[35m[HTTP][39m [90m[39m
[35m[HTTP][39m [37m-->[39m [37mPOST[39m [37m/wd/hub/session/27213828-3497-4c0e-a3f9-9b58d2e3d410/elements[39m
[35m[HTTP][39m [90m{"using":"-android uiautomator","value":"new UiSelector().className(\"android.widget.TextView\").text(\"Guida TV\").resourceId(\"it.sky.msa:id/title\").instance(5)"}[39m
[35m[HTTP][39m [37m<-- POST /wd/hub/session/27213828-3497-4c0e-a3f9-9b58d2e3d410/elements [39m[32m200[39m [90m81 ms - 74[39m
[35m[HTTP][39m [90m[39m
[35m[HTTP][39m [37m-->[39m [37mPOST[39m [37m/wd/hub/session/27213828-3497-4c0e-a3f9-9b58d2e3d410/elements[39m
[35m[HTTP][39m [90m{"using":"-android uiautomator","value":"new UiSelector().className(\"android.widget.TextView\").text(\"Guida TV\").resourceId(\"it.sky.msa:id/title\").instance(5)"}[39m
[35m[HTTP][39m [37m<-- POST /wd/hub/session/27213828-3497-4c0e-a3f9-9b58d2e3d410/elements [39m[32m200[39m [90m79 ms - 74[39m
[35m[HTTP][39m [90m[39m
[35m[HTTP][39m [37m-->[39m [37mPOST[39m [37m/wd/hub/session/27213828-3497-4c0e-a3f9-9b58d2e3d410/elements[39m
[35m[HTTP][39m [90m{"using":"-android uiautomator","value":"new UiSelector().className(\"android.widget.TextView\").text(\"Guida TV\").resourceId(\"it.sky.msa:id/title\").instance(5)"}[39m
[35m[HTTP][39m [37m<-- POST /wd/hub/session/27213828-3497-4c0e-a3f9-9b58d2e3d410/elements [39m[32m200[39m [90m81 ms - 74[39m
[35m[HTTP][39m [90m[39m
[35m[HTTP][39m [37m-->[39m [37mPOST[39m [37m/wd/hub/session/27213828-3497-4c0e-a3f9-9b58d2e3d410/elements[39m
[35m[HTTP][39m [90m{"using":"-android uiautomator","value":"new UiSelector().className(\"android.widget.TextView\").text(\"Guida TV\").resourceId(\"it.sky.msa:id/title\").instance(5)"}[39m
[35m[HTTP][39m [37m<-- POST /wd/hub/session/27213828-3497-4c0e-a3f9-9b58d2e3d410/elements [39m[32m200[39m [90m96 ms - 74[39m
[35m[HTTP][39m [90m[39m
[35m[HTTP][39m [37m-->[39m [37mPOST[39m [37m/wd/hub/session/27213828-3497-4c0e-a3f9-9b58d2e3d410/elements[39m
[35m[HTTP][39m [90m{"using":"-android uiautomator","value":"new UiSelector().className(\"android.widget.TextView\").text(\"Guida TV\").resourceId(\"it.sky.msa:id/title\").instance(5)"}[39m
[35m[HTTP][39m [37m<-- POST /wd/hub/session/27213828-3497-4c0e-a3f9-9b58d2e3d410/elements [39m[32m200[39m [90m886 ms - 124[39m
[35m[HTTP][39m [90m[39m
[35m[HTTP][39m [37m-->[39m [37mGET[39m [37m/wd/hub/session/27213828-3497-4c0e-a3f9-9b58d2e3d410[39m
[35m[HTTP][39m [90m{}[39m
[35m[HTTP][39m [37m<-- GET /wd/hub/session/27213828-3497-4c0e-a3f9-9b58d2e3d410 [39m[32m200[39m [90m35 ms - 1133[39m
[35m[HTTP][39m [90m[39m
[35m[HTTP][39m [37m-->[39m [37mGET[39m [37m/wd/hub/session/27213828-3497-4c0e-a3f9-9b58d2e3d410[39m
[35m[HTTP][39m [90m{}[39m
[35m[HTTP][39m [37m<-- GET /wd/hub/session/27213828-3497-4c0e-a3f9-9b58d2e3d410 [39m[32m200[39m [90m32 ms - 1133[39m
[35m[HTTP][39m [90m[39m
[35m[HTTP][39m [37m-->[39m [37mGET[39m [37m/wd/hub/session/27213828-3497-4c0e-a3f9-9b58d2e3d410[39m
[35m[HTTP][39m [90m{}[39m
[35m[HTTP][39m [37m<-- GET /wd/hub/session/27213828-3497-4c0e-a3f9-9b58d2e3d410 [39m[32m200[39m [90m32 ms - 1133[39m
[35m[HTTP][39m [90m[39m
[35m[HTTP][39m [37m-->[39m [37mGET[39m [37m/wd/hub/session/27213828-3497-4c0e-a3f9-9b58d2e3d410[39m
[35m[HTTP][39m [90m{}[39m
[35m[HTTP][39m [37m<-- GET /wd/hub/session/27213828-3497-4c0e-a3f9-9b58d2e3d410 [39m[32m200[39m [90m31 ms - 1133[39m
[35m[HTTP][39m [90m[39m
[35m[HTTP][39m [37m-->[39m [37mGET[39m [37m/wd/hub/session/27213828-3497-4c0e-a3f9-9b58d2e3d410/element/a1d1c162-92b7-4d8d-977c-9eeb9bb5e673/location[39m
[35m[HTTP][39m [90m{}[39m
[35m[W3C][39m Driver proxy active, passing request on via HTTP proxy
[35m[JSONWP Proxy][39m Replacing sessionId f63bcb0a-73b1-464b-abc4-f08aae746449 with 27213828-3497-4c0e-a3f9-9b58d2e3d410
[35m[HTTP][39m [37m<-- GET /wd/hub/session/27213828-3497-4c0e-a3f9-9b58d2e3d410/element/a1d1c162-92b7-4d8d-977c-9eeb9bb5e673/location [39m[32m200[39m [90m79 ms - 90[39m
[35m[HTTP][39m [90m[39m
[35m[HTTP][39m [37m-->[39m [37mPOST[39m [37m/wd/hub/session/27213828-3497-4c0e-a3f9-9b58d2e3d410/touch/perform[39m
[35m[HTTP][39m [90m{"actions":[{"action":"tap","options":{"element":"a1d1c162-92b7-4d8d-977c-9eeb9bb5e673","x":1,"y":1}}]}[39m
[35m[UiAutomator2][39m calling get location: a1d1c162-92b7-4d8d-977c-9eeb9bb5e673
[35m[HTTP][39m [37m<-- POST /wd/hub/session/27213828-3497-4c0e-a3f9-9b58d2e3d410/touch/perform [39m[32m200[39m [90m1149 ms - 76[39m
[35m[HTTP][39m [90m[39m
[35m[HTTP][39m [37m-->[39m [37mGET[39m [37m/wd/hub/session/27213828-3497-4c0e-a3f9-9b58d2e3d410/window/current/size[39m
[35m[HTTP][39m [90m{}[39m
[35m[W3C][39m Driver proxy active, passing request on via HTTP proxy
[35m[JSONWP Proxy][39m Replacing sessionId f63bcb0a-73b1-464b-abc4-f08aae746449 with 27213828-3497-4c0e-a3f9-9b58d2e3d410
[35m[HTTP][39m [37m<-- GET /wd/hub/session/27213828-3497-4c0e-a3f9-9b58d2e3d410/window/current/size [39m[32m200[39m [90m53 ms - 100[39m
[35m[HTTP][39m [90m[39m
[35m[HTTP][39m [37m-->[39m [37mPOST[39m [37m/wd/hub/session/27213828-3497-4c0e-a3f9-9b58d2e3d410/elements[39m
[35m[HTTP][39m [90m{"using":"-android uiautomator","value":"new UiSelector().className(\"android.widget.TextView\").text(\"GUIDA TV\").resourceId(\"it.sky.msa:id/headerTitle\").instance(0)"}[39m
[35m[HTTP][39m [37m<-- POST /wd/hub/session/27213828-3497-4c0e-a3f9-9b58d2e3d410/elements [39m[32m200[39m [90m1665 ms - 124[39m
[35m[HTTP][39m [90m[39m
[35m[HTTP][39m [37m-->[39m [37mGET[39m [37m/wd/hub/session/27213828-3497-4c0e-a3f9-9b58d2e3d410[39m
[35m[HTTP][39m [90m{}[39m
[35m[HTTP][39m [37m<-- GET /wd/hub/session/27213828-3497-4c0e-a3f9-9b58d2e3d410 [39m[32m200[39m [90m33 ms - 1133[39m
[35m[HTTP][39m [90m[39m
[35m[HTTP][39m [37m-->[39m [37mGET[39m [37m/wd/hub/session/27213828-3497-4c0e-a3f9-9b58d2e3d410[39m
[35m[HTTP][39m [90m{}[39m
[35m[HTTP][39m [37m<-- GET /wd/hub/session/27213828-3497-4c0e-a3f9-9b58d2e3d410 [39m[32m200[39m [90m28 ms - 1133[39m
[35m[HTTP][39m [90m[39m
[35m[HTTP][39m [37m-->[39m [37mGET[39m [37m/wd/hub/session/27213828-3497-4c0e-a3f9-9b58d2e3d410[39m
[35m[HTTP][39m [90m{}[39m
[35m[HTTP][39m [37m<-- GET /wd/hub/session/27213828-3497-4c0e-a3f9-9b58d2e3d410 [39m[32m200[39m [90m27 ms - 1133[39m
[35m[HTTP][39m [90m[39m
[35m[HTTP][39m [37m-->[39m [37mGET[39m [37m/wd/hub/session/27213828-3497-4c0e-a3f9-9b58d2e3d410[39m
[35m[HTTP][39m [90m{}[39m
[35m[HTTP][39m [37m<-- GET /wd/hub/session/27213828-3497-4c0e-a3f9-9b58d2e3d410 [39m[32m200[39m [90m26 ms - 1133[39m
[35m[HTTP][39m [90m[39m
[35m[HTTP][39m [37m-->[39m [37mGET[39m [37m/wd/hub/session/27213828-3497-4c0e-a3f9-9b58d2e3d410/element/cf2a91e7-b5e9-4e95-908d-0abcdeb4c141/location[39m
[35m[HTTP][39m [90m{}[39m
[35m[W3C][39m Driver proxy active, passing request on via HTTP proxy
[35m[JSONWP Proxy][39m Replacing sessionId f63bcb0a-73b1-464b-abc4-f08aae746449 with 27213828-3497-4c0e-a3f9-9b58d2e3d410
[35m[HTTP][39m [37m<-- GET /wd/hub/session/27213828-3497-4c0e-a3f9-9b58d2e3d410/element/cf2a91e7-b5e9-4e95-908d-0abcdeb4c141/location [39m[32m200[39m [90m72 ms - 88[39m
[35m[HTTP][39m [90m[39m
[35m[HTTP][39m [37m-->[39m [37mGET[39m [37m/wd/hub/session/27213828-3497-4c0e-a3f9-9b58d2e3d410/window/current/size[39m
[35m[HTTP][39m [90m{}[39m
[35m[W3C][39m Driver proxy active, passing request on via HTTP proxy
[35m[JSONWP Proxy][39m Replacing sessionId f63bcb0a-73b1-464b-abc4-f08aae746449 with 27213828-3497-4c0e-a3f9-9b58d2e3d410
[35m[HTTP][39m [37m<-- GET /wd/hub/session/27213828-3497-4c0e-a3f9-9b58d2e3d410/window/current/size [39m[32m200[39m [90m37 ms - 100[39m
[35m[HTTP][39m [90m[39m
[35m[HTTP][39m [37m-->[39m [37mPOST[39m [37m/wd/hub/session/27213828-3497-4c0e-a3f9-9b58d2e3d410/elements[39m
[35m[HTTP][39m [90m{"using":"-android uiautomator","value":"new UiSelector().className(\"android.widget.ImageView\").resourceId(\"it.sky.msa:id/heroImageImageView\").instance(0)"}[39m
[35m[HTTP][39m [37m<-- POST /wd/hub/session/27213828-3497-4c0e-a3f9-9b58d2e3d410/elements [39m[32m200[39m [90m146 ms - 124[39m
[35m[HTTP][39m [90m[39m
[35m[HTTP][39m [37m-->[39m [37mGET[39m [37m/wd/hub/session/27213828-3497-4c0e-a3f9-9b58d2e3d410[39m
[35m[HTTP][39m [90m{}[39m
[35m[HTTP][39m [37m<-- GET /wd/hub/session/27213828-3497-4c0e-a3f9-9b58d2e3d410 [39m[32m200[39m [90m25 ms - 1133[39m
[35m[HTTP][39m [90m[39m
[35m[HTTP][39m [37m-->[39m [37mGET[39m [37m/wd/hub/session/27213828-3497-4c0e-a3f9-9b58d2e3d410[39m
[35m[HTTP][39m [90m{}[39m
[35m[HTTP][39m [37m<-- GET /wd/hub/session/27213828-3497-4c0e-a3f9-9b58d2e3d410 [39m[32m200[39m [90m36 ms - 1133[39m
[35m[HTTP][39m [90m[39m
[35m[HTTP][39m [37m-->[39m [37mGET[39m [37m/wd/hub/session/27213828-3497-4c0e-a3f9-9b58d2e3d410[39m
[35m[HTTP][39m [90m{}[39m
[35m[HTTP][39m [37m<-- GET /wd/hub/session/27213828-3497-4c0e-a3f9-9b58d2e3d410 [39m[32m200[39m [90m27 ms - 1133[39m
[35m[HTTP][39m [90m[39m
[35m[HTTP][39m [37m-->[39m [37mGET[39m [37m/wd/hub/session/27213828-3497-4c0e-a3f9-9b58d2e3d410[39m
[35m[HTTP][39m [90m{}[39m
[35m[HTTP][39m [37m<-- GET /wd/hub/session/27213828-3497-4c0e-a3f9-9b58d2e3d410 [39m[32m200[39m [90m25 ms - 1133[39m
[35m[HTTP][39m [90m[39m
[35m[HTTP][39m [37m-->[39m [37mGET[39m [37m/wd/hub/session/27213828-3497-4c0e-a3f9-9b58d2e3d410/element/7b76fb08-a95c-4e6b-852b-4be342923804/location[39m
[35m[HTTP][39m [90m{}[39m
[35m[W3C][39m Driver proxy active, passing request on via HTTP proxy
[35m[JSONWP Proxy][39m Replacing sessionId f63bcb0a-73b1-464b-abc4-f08aae746449 with 27213828-3497-4c0e-a3f9-9b58d2e3d410
[35m[HTTP][39m [37m<-- GET /wd/hub/session/27213828-3497-4c0e-a3f9-9b58d2e3d410/element/7b76fb08-a95c-4e6b-852b-4be342923804/location [39m[32m200[39m [90m74 ms - 87[39m
[35m[HTTP][39m [90m[39m
[35m[HTTP][39m [37m-->[39m [37mGET[39m [37m/wd/hub/session/27213828-3497-4c0e-a3f9-9b58d2e3d410/element/7b76fb08-a95c-4e6b-852b-4be342923804/attribute/resourceId[39m
[35m[HTTP][39m [90m{}[39m
[35m[HTTP][39m [37m<-- GET /wd/hub/session/27213828-3497-4c0e-a3f9-9b58d2e3d410/element/7b76fb08-a95c-4e6b-852b-4be342923804/attribute/resourceId [39m[32m200[39m [90m55 ms - 106[39m
[35m[HTTP][39m [90m[39m
[35m[HTTP][39m [37m-->[39m [37mGET[39m [37m/wd/hub/session/27213828-3497-4c0e-a3f9-9b58d2e3d410/window/current/size[39m
[35m[HTTP][39m [90m{}[39m
[35m[W3C][39m Driver proxy active, passing request on via HTTP proxy
[35m[JSONWP Proxy][39m Replacing sessionId f63bcb0a-73b1-464b-abc4-f08aae746449 with 27213828-3497-4c0e-a3f9-9b58d2e3d410
[35m[HTTP][39m [37m<-- GET /wd/hub/session/27213828-3497-4c0e-a3f9-9b58d2e3d410/window/current/size [39m[32m200[39m [90m35 ms - 100[39m
[35m[HTTP][39m [90m[39m
[35m[HTTP][39m [37m-->[39m [37mPOST[39m [37m/wd/hub/session/27213828-3497-4c0e-a3f9-9b58d2e3d410/elements[39m
[35m[HTTP][39m [90m{"using":"-android uiautomator","value":"new UiSelector().className(\"android.widget.TextView\").text(\"IN EVIDENZA\").resourceId(\"it.sky.msa:id/heroPromoTextView\").instance(6)"}[39m
[35m[HTTP][39m [37m<-- POST /wd/hub/session/27213828-3497-4c0e-a3f9-9b58d2e3d410/elements [39m[32m200[39m [90m131 ms - 124[39m
[35m[HTTP][39m [90m[39m
[35m[HTTP][39m [37m-->[39m [37mGET[39m [37m/wd/hub/session/27213828-3497-4c0e-a3f9-9b58d2e3d410[39m
[35m[HTTP][39m [90m{}[39m
[35m[HTTP][39m [37m<-- GET /wd/hub/session/27213828-3497-4c0e-a3f9-9b58d2e3d410 [39m[32m200[39m [90m25 ms - 1133[39m
[35m[HTTP][39m [90m[39m
[35m[HTTP][39m [37m-->[39m [37mGET[39m [37m/wd/hub/session/27213828-3497-4c0e-a3f9-9b58d2e3d410[39m
[35m[HTTP][39m [90m{}[39m
[35m[HTTP][39m [37m<-- GET /wd/hub/session/27213828-3497-4c0e-a3f9-9b58d2e3d410 [39m[32m200[39m [90m26 ms - 1133[39m
[35m[HTTP][39m [90m[39m
[35m[HTTP][39m [37m-->[39m [37mGET[39m [37m/wd/hub/session/27213828-3497-4c0e-a3f9-9b58d2e3d410[39m
[35m[HTTP][39m [90m{}[39m
[35m[HTTP][39m [37m<-- GET /wd/hub/session/27213828-3497-4c0e-a3f9-9b58d2e3d410 [39m[32m200[39m [90m28 ms - 1133[39m
[35m[HTTP][39m [90m[39m
[35m[HTTP][39m [37m-->[39m [37mGET[39m [37m/wd/hub/session/27213828-3497-4c0e-a3f9-9b58d2e3d410[39m
[35m[HTTP][39m [90m{}[39m
[35m[HTTP][39m [37m<-- GET /wd/hub/session/27213828-3497-4c0e-a3f9-9b58d2e3d410 [39m[32m200[39m [90m27 ms - 1133[39m
[35m[HTTP][39m [90m[39m
[35m[HTTP][39m [37m-->[39m [37mGET[39m [37m/wd/hub/session/27213828-3497-4c0e-a3f9-9b58d2e3d410/element/4e4ff527-2841-43c3-9e1b-b31329611084/location[39m
[35m[HTTP][39m [90m{}[39m
[35m[W3C][39m Driver proxy active, passing request on via HTTP proxy
[35m[JSONWP Proxy][39m Replacing sessionId f63bcb0a-73b1-464b-abc4-f08aae746449 with 27213828-3497-4c0e-a3f9-9b58d2e3d410
[35m[HTTP][39m [37m<-- GET /wd/hub/session/27213828-3497-4c0e-a3f9-9b58d2e3d410/element/4e4ff527-2841-43c3-9e1b-b31329611084/location [39m[32m200[39m [90m61 ms - 88[39m
[35m[HTTP][39m [90m[39m
[35m[HTTP][39m [37m-->[39m [37mGET[39m [37m/wd/hub/session/27213828-3497-4c0e-a3f9-9b58d2e3d410/element/4e4ff527-2841-43c3-9e1b-b31329611084/text[39m
[35m[HTTP][39m [90m{}[39m
[35m[W3C][39m Driver proxy active, passing request on via HTTP proxy
[35m[JSONWP Proxy][39m Replacing sessionId f63bcb0a-73b1-464b-abc4-f08aae746449 with 27213828-3497-4c0e-a3f9-9b58d2e3d410
[35m[HTTP][39m [37m<-- GET /wd/hub/session/27213828-3497-4c0e-a3f9-9b58d2e3d410/element/4e4ff527-2841-43c3-9e1b-b31329611084/text [39m[32m200[39m [90m88 ms - 85[39m
[35m[HTTP][39m [90m[39m
[35m[HTTP][39m [37m-->[39m [37mGET[39m [37m/wd/hub/session/27213828-3497-4c0e-a3f9-9b58d2e3d410/window/current/size[39m
[35m[HTTP][39m [90m{}[39m
[35m[W3C][39m Driver proxy active, passing request on via HTTP proxy
[35m[JSONWP Proxy][39m Replacing sessionId f63bcb0a-73b1-464b-abc4-f08aae746449 with 27213828-3497-4c0e-a3f9-9b58d2e3d410
[35m[HTTP][39m [37m<-- GET /wd/hub/session/27213828-3497-4c0e-a3f9-9b58d2e3d410/window/current/size [39m[32m200[39m [90m32 ms - 100[39m
[35m[HTTP][39m [90m[39m
[35m[HTTP][39m [37m-->[39m [37mPOST[39m [37m/wd/hub/session/27213828-3497-4c0e-a3f9-9b58d2e3d410/elements[39m
[35m[HTTP][39m [90m{"using":"-android uiautomator","value":"new UiSelector().className(\"android.widget.TextView\").resourceId(\"it.sky.msa:id/heroTitleTextView\").instance(7)"}[39m
[35m[HTTP][39m [37m<-- POST /wd/hub/session/27213828-3497-4c0e-a3f9-9b58d2e3d410/elements [39m[32m200[39m [90m112 ms - 124[39m
[35m[HTTP][39m [90m[39m
[35m[HTTP][39m [37m-->[39m [37mGET[39m [37m/wd/hub/session/27213828-3497-4c0e-a3f9-9b58d2e3d410[39m
[35m[HTTP][39m [90m{}[39m
[35m[HTTP][39m [37m<-- GET /wd/hub/session/27213828-3497-4c0e-a3f9-9b58d2e3d410 [39m[32m200[39m [90m27 ms - 1133[39m
[35m[HTTP][39m [90m[39m
[35m[HTTP][39m [37m-->[39m [37mGET[39m [37m/wd/hub/session/27213828-3497-4c0e-a3f9-9b58d2e3d410[39m
[35m[HTTP][39m [90m{}[39m
[35m[HTTP][39m [37m<-- GET /wd/hub/session/27213828-3497-4c0e-a3f9-9b58d2e3d410 [39m[32m200[39m [90m28 ms - 1133[39m
[35m[HTTP][39m [90m[39m
[35m[HTTP][39m [37m-->[39m [37mGET[39m [37m/wd/hub/session/27213828-3497-4c0e-a3f9-9b58d2e3d410[39m
[35m[HTTP][39m [90m{}[39m
[35m[HTTP][39m [37m<-- GET /wd/hub/session/27213828-3497-4c0e-a3f9-9b58d2e3d410 [39m[32m200[39m [90m26 ms - 1133[39m
[35m[HTTP][39m [90m[39m
[35m[HTTP][39m [37m-->[39m [37mGET[39m [37m/wd/hub/session/27213828-3497-4c0e-a3f9-9b58d2e3d410[39m
[35m[HTTP][39m [90m{}[39m
[35m[HTTP][39m [37m<-- GET /wd/hub/session/27213828-3497-4c0e-a3f9-9b58d2e3d410 [39m[32m200[39m [90m29 ms - 1133[39m
[35m[HTTP][39m [90m[39m
[35m[HTTP][39m [37m-->[39m [37mGET[39m [37m/wd/hub/session/27213828-3497-4c0e-a3f9-9b58d2e3d410/element/035cfd93-6b7a-4dfc-827e-623ca05ac9ef/location[39m
[35m[HTTP][39m [90m{}[39m
[35m[W3C][39m Driver proxy active, passing request on via HTTP proxy
[35m[JSONWP Proxy][39m Replacing sessionId f63bcb0a-73b1-464b-abc4-f08aae746449 with 27213828-3497-4c0e-a3f9-9b58d2e3d410
[35m[HTTP][39m [37m<-- GET /wd/hub/session/27213828-3497-4c0e-a3f9-9b58d2e3d410/element/035cfd93-6b7a-4dfc-827e-623ca05ac9ef/location [39m[32m200[39m [90m53 ms - 88[39m
[35m[HTTP][39m [90m[39m
[35m[HTTP][39m [37m-->[39m [37mGET[39m [37m/wd/hub/session/27213828-3497-4c0e-a3f9-9b58d2e3d410/window/current/size[39m
[35m[HTTP][39m [90m{}[39m
[35m[W3C][39m Driver proxy active, passing request on via HTTP proxy
[35m[JSONWP Proxy][39m Replacing sessionId f63bcb0a-73b1-464b-abc4-f08aae746449 with 27213828-3497-4c0e-a3f9-9b58d2e3d410
[35m[HTTP][39m [37m<-- GET /wd/hub/session/27213828-3497-4c0e-a3f9-9b58d2e3d410/window/current/size [39m[32m200[39m [90m28 ms - 100[39m
[35m[HTTP][39m [90m[39m
[35m[HTTP][39m [37m-->[39m [37mPOST[39m [37m/wd/hub/session/27213828-3497-4c0e-a3f9-9b58d2e3d410/elements[39m
[35m[HTTP][39m [90m{"using":"-android uiautomator","value":"new UiSelector().className(\"android.widget.TextView\").resourceId(\"it.sky.msa:id/heroCaptionTextView\").instance(8)"}[39m
[35m[HTTP][39m [37m<-- POST /wd/hub/session/27213828-3497-4c0e-a3f9-9b58d2e3d410/elements [39m[32m200[39m [90m109 ms - 124[39m
[35m[HTTP][39m [90m[39m
[35m[HTTP][39m [37m-->[39m [37mGET[39m [37m/wd/hub/session/27213828-3497-4c0e-a3f9-9b58d2e3d410[39m
[35m[HTTP][39m [90m{}[39m
[35m[HTTP][39m [37m<-- GET /wd/hub/session/27213828-3497-4c0e-a3f9-9b58d2e3d410 [39m[32m200[39m [90m23 ms - 1133[39m
[35m[HTTP][39m [90m[39m
[35m[HTTP][39m [37m-->[39m [37mGET[39m [37m/wd/hub/session/27213828-3497-4c0e-a3f9-9b58d2e3d410[39m
[35m[HTTP][39m [90m{}[39m
[35m[HTTP][39m [37m<-- GET /wd/hub/session/27213828-3497-4c0e-a3f9-9b58d2e3d410 [39m[32m200[39m [90m32 ms - 1133[39m
[35m[HTTP][39m [90m[39m
[35m[HTTP][39m [37m-->[39m [37mGET[39m [37m/wd/hub/session/27213828-3497-4c0e-a3f9-9b58d2e3d410[39m
[35m[HTTP][39m [90m{}[39m
[35m[HTTP][39m [37m<-- GET /wd/hub/session/27213828-3497-4c0e-a3f9-9b58d2e3d410 [39m[32m200[39m [90m28 ms - 1133[39m
[35m[HTTP][39m [90m[39m
[35m[HTTP][39m [37m-->[39m [37mGET[39m [37m/wd/hub/session/27213828-3497-4c0e-a3f9-9b58d2e3d410[39m
[35m[HTTP][39m [90m{}[39m
[35m[HTTP][39m [37m<-- GET /wd/hub/session/27213828-3497-4c0e-a3f9-9b58d2e3d410 [39m[32m200[39m [90m25 ms - 1133[39m
[35m[HTTP][39m [90m[39m
[35m[HTTP][39m [37m-->[39m [37mGET[39m [37m/wd/hub/session/27213828-3497-4c0e-a3f9-9b58d2e3d410/element/fd8460ff-f86b-44eb-a197-ae1a6e74ce87/location[39m
[35m[HTTP][39m [90m{}[39m
[35m[W3C][39m Driver proxy active, passing request on via HTTP proxy
[35m[JSONWP Proxy][39m Replacing sessionId f63bcb0a-73b1-464b-abc4-f08aae746449 with 27213828-3497-4c0e-a3f9-9b58d2e3d410
[35m[HTTP][39m [37m<-- GET /wd/hub/session/27213828-3497-4c0e-a3f9-9b58d2e3d410/element/fd8460ff-f86b-44eb-a197-ae1a6e74ce87/location [39m[32m200[39m [90m51 ms - 89[39m
[35m[HTTP][39m [90m[39m
[35m[HTTP][39m [37m-->[39m [37mGET[39m [37m/wd/hub/session/27213828-3497-4c0e-a3f9-9b58d2e3d410/window/current/size[39m
[35m[HTTP][39m [90m{}[39m
[35m[W3C][39m Driver proxy active, passing request on via HTTP proxy
[35m[JSONWP Proxy][39m Replacing sessionId f63bcb0a-73b1-464b-abc4-f08aae746449 with 27213828-3497-4c0e-a3f9-9b58d2e3d410
[35m[HTTP][39m [37m<-- GET /wd/hub/session/27213828-3497-4c0e-a3f9-9b58d2e3d410/window/current/size [39m[32m200[39m [90m30 ms - 100[39m
[35m[HTTP][39m [90m[39m
[35m[HTTP][39m [37m-->[39m [37mPOST[39m [37m/wd/hub/session/27213828-3497-4c0e-a3f9-9b58d2e3d410/elements[39m
[35m[HTTP][39m [90m{"using":"-android uiautomator","value":"new UiSelector().className(\"android.widget.TextView\").resourceId(\"it.sky.msa:id/heroCaptionTextView\").instance(8)"}[39m
[35m[HTTP][39m [37m<-- POST /wd/hub/session/27213828-3497-4c0e-a3f9-9b58d2e3d410/elements [39m[32m200[39m [90m112 ms - 124[39m
[35m[HTTP][39m [90m[39m
[35m[HTTP][39m [37m-->[39m [37mGET[39m [37m/wd/hub/session/27213828-3497-4c0e-a3f9-9b58d2e3d410[39m
[35m[HTTP][39m [90m{}[39m
[35m[HTTP][39m [37m<-- GET /wd/hub/session/27213828-3497-4c0e-a3f9-9b58d2e3d410 [39m[32m200[39m [90m24 ms - 1133[39m
[35m[HTTP][39m [90m[39m
[35m[HTTP][39m [37m-->[39m [37mGET[39m [37m/wd/hub/session/27213828-3497-4c0e-a3f9-9b58d2e3d410[39m
[35m[HTTP][39m [90m{}[39m
[35m[HTTP][39m [37m<-- GET /wd/hub/session/27213828-3497-4c0e-a3f9-9b58d2e3d410 [39m[32m200[39m [90m22 ms - 1133[39m
[35m[HTTP][39m [90m[39m
[35m[HTTP][39m [37m-->[39m [37mGET[39m [37m/wd/hub/session/27213828-3497-4c0e-a3f9-9b58d2e3d410[39m
[35m[HTTP][39m [90m{}[39m
[35m[HTTP][39m [37m<-- GET /wd/hub/session/27213828-3497-4c0e-a3f9-9b58d2e3d410 [39m[32m200[39m [90m24 ms - 1133[39m
[35m[HTTP][39m [90m[39m
[35m[HTTP][39m [37m-->[39m [37mGET[39m [37m/wd/hub/session/27213828-3497-4c0e-a3f9-9b58d2e3d410[39m
[35m[HTTP][39m [90m{}[39m
[35m[HTTP][39m [37m<-- GET /wd/hub/session/27213828-3497-4c0e-a3f9-9b58d2e3d410 [39m[32m200[39m [90m23 ms - 1133[39m
[35m[HTTP][39m [90m[39m
[35m[HTTP][39m [37m-->[39m [37mGET[39m [37m/wd/hub/session/27213828-3497-4c0e-a3f9-9b58d2e3d410/element/a6b8bed0-d566-4bae-9fa9-d347571daf7d/location[39m
[35m[HTTP][39m [90m{}[39m
[35m[W3C][39m Driver proxy active, passing request on via HTTP proxy
[35m[JSONWP Proxy][39m Replacing sessionId f63bcb0a-73b1-464b-abc4-f08aae746449 with 27213828-3497-4c0e-a3f9-9b58d2e3d410
[35m[HTTP][39m [37m<-- GET /wd/hub/session/27213828-3497-4c0e-a3f9-9b58d2e3d410/element/a6b8bed0-d566-4bae-9fa9-d347571daf7d/location [39m[32m200[39m [90m47 ms - 89[39m
[35m[HTTP][39m [90m[39m
[35m[HTTP][39m [37m-->[39m [37mGET[39m [37m/wd/hub/session/27213828-3497-4c0e-a3f9-9b58d2e3d410/element/a6b8bed0-d566-4bae-9fa9-d347571daf7d/text[39m
[35m[HTTP][39m [90m{}[39m
[35m[W3C][39m Driver proxy active, passing request on via HTTP proxy
[35m[JSONWP Proxy][39m Replacing sessionId f63bcb0a-73b1-464b-abc4-f08aae746449 with 27213828-3497-4c0e-a3f9-9b58d2e3d410
[35m[HTTP][39m [37m<-- GET /wd/hub/session/27213828-3497-4c0e-a3f9-9b58d2e3d410/element/a6b8bed0-d566-4bae-9fa9-d347571daf7d/text [39m[32m200[39m [90m66 ms - 89[39m
[35m[HTTP][39m [90m[39m
[35m[HTTP][39m [37m-->[39m [37mGET[39m [37m/wd/hub/session/27213828-3497-4c0e-a3f9-9b58d2e3d410/context[39m
[35m[HTTP][39m [90m{}[39m
[35m[HTTP][39m [37m<-- GET /wd/hub/session/27213828-3497-4c0e-a3f9-9b58d2e3d410/context [39m[32m200[39m [90m4 ms - 84[39m
[35m[HTTP][39m [90m[39m
[35m[HTTP][39m [37m-->[39m [37mGET[39m [37m/wd/hub/session/27213828-3497-4c0e-a3f9-9b58d2e3d410/contexts[39m
[35m[HTTP][39m [90m{}[39m
[35m[HTTP][39m [37m<-- GET /wd/hub/session/27213828-3497-4c0e-a3f9-9b58d2e3d410/contexts [39m[32m200[39m [90m115 ms - 86[39m
[35m[HTTP][39m [90m[39m
[35m[HTTP][39m [37m-->[39m [37mPOST[39m [37m/wd/hub/session/27213828-3497-4c0e-a3f9-9b58d2e3d410/context[39m
[35m[HTTP][39m [90m{"name":"NATIVE_APP"}[39m
[35m[HTTP][39m [37m<-- POST /wd/hub/session/27213828-3497-4c0e-a3f9-9b58d2e3d410/context [39m[32m200[39m [90m110 ms - 76[39m
[35m[HTTP][39m [90m[39m
[35m[HTTP][39m [37m-->[39m [37mPOST[39m [37m/wd/hub/session/27213828-3497-4c0e-a3f9-9b58d2e3d410/touch/perform[39m
[35m[HTTP][39m [90m{"actions":[{"action":"press","options":{"x":200,"y":200}},{"action":"wait","options":{"ms":500}},{"action":"moveTo","options":{"x":200,"y":1000}}]}[39m
[35m[HTTP][39m [37m<-- POST /wd/hub/session/27213828-3497-4c0e-a3f9-9b58d2e3d410/touch/perform [39m[32m200[39m [90m2102 ms - 76[39m
[35m[HTTP][39m [90m[39m
[35m[HTTP][39m [37m-->[39m [37mPOST[39m [37m/wd/hub/session/27213828-3497-4c0e-a3f9-9b58d2e3d410/context[39m
[35m[HTTP][39m [90m{"name":"NATIVE_APP"}[39m
[35m[HTTP][39m [37m<-- POST /wd/hub/session/27213828-3497-4c0e-a3f9-9b58d2e3d410/context [39m[32m200[39m [90m112 ms - 76[39m
[35m[HTTP][39m [90m[39m
[35m[HTTP][39m [37m-->[39m [37mGET[39m [37m/wd/hub/session/27213828-3497-4c0e-a3f9-9b58d2e3d410/window/current/size[39m
[35m[HTTP][39m [90m{}[39m
[35m[W3C][39m Driver proxy active, passing request on via HTTP proxy
[35m[JSONWP Proxy][39m Replacing sessionId f63bcb0a-73b1-464b-abc4-f08aae746449 with 27213828-3497-4c0e-a3f9-9b58d2e3d410
[35m[HTTP][39m [37m<-- GET /wd/hub/session/27213828-3497-4c0e-a3f9-9b58d2e3d410/window/current/size [39m[32m200[39m [90m39 ms - 100[39m
[35m[HTTP][39m [90m[39m
[35m[HTTP][39m [37m-->[39m [37mPOST[39m [37m/wd/hub/session/27213828-3497-4c0e-a3f9-9b58d2e3d410/elements[39m
[35m[HTTP][39m [90m{"using":"-android uiautomator","value":"new UiSelector().className(\"android.widget.TextView\").text(\"Scelti per te questa settimana\").resourceId(\"it.sky.msa:id/categoryTitle\").instance(6)"}[39m
[35m[HTTP][39m [37m<-- POST /wd/hub/session/27213828-3497-4c0e-a3f9-9b58d2e3d410/elements [39m[32m200[39m [90m139 ms - 124[39m
[35m[HTTP][39m [90m[39m
[35m[HTTP][39m [37m-->[39m [37mGET[39m [37m/wd/hub/session/27213828-3497-4c0e-a3f9-9b58d2e3d410[39m
[35m[HTTP][39m [90m{}[39m
[35m[HTTP][39m [37m<-- GET /wd/hub/session/27213828-3497-4c0e-a3f9-9b58d2e3d410 [39m[32m200[39m [90m35 ms - 1133[39m
[35m[HTTP][39m [90m[39m
[35m[HTTP][39m [37m-->[39m [37mGET[39m [37m/wd/hub/session/27213828-3497-4c0e-a3f9-9b58d2e3d410[39m
[35m[HTTP][39m [90m{}[39m
[35m[HTTP][39m [37m<-- GET /wd/hub/session/27213828-3497-4c0e-a3f9-9b58d2e3d410 [39m[32m200[39m [90m26 ms - 1133[39m
[35m[HTTP][39m [90m[39m
[35m[HTTP][39m [37m-->[39m [37mGET[39m [37m/wd/hub/session/27213828-3497-4c0e-a3f9-9b58d2e3d410[39m
[35m[HTTP][39m [90m{}[39m
[35m[HTTP][39m [37m<-- GET /wd/hub/session/27213828-3497-4c0e-a3f9-9b58d2e3d410 [39m[32m200[39m [90m23 ms - 1133[39m
[35m[HTTP][39m [90m[39m
[35m[HTTP][39m [37m-->[39m [37mGET[39m [37m/wd/hub/session/27213828-3497-4c0e-a3f9-9b58d2e3d410[39m
[35m[HTTP][39m [90m{}[39m
[35m[HTTP][39m [37m<-- GET /wd/hub/session/27213828-3497-4c0e-a3f9-9b58d2e3d410 [39m[32m200[39m [90m24 ms - 1133[39m
[35m[HTTP][39m [90m[39m
[35m[HTTP][39m [37m-->[39m [37mGET[39m [37m/wd/hub/session/27213828-3497-4c0e-a3f9-9b58d2e3d410/element/d3fdf482-2ee1-480f-ba4a-bcc53ee7949b/location[39m
[35m[HTTP][39m [90m{}[39m
[35m[W3C][39m Driver proxy active, passing request on via HTTP proxy
[35m[JSONWP Proxy][39m Replacing sessionId f63bcb0a-73b1-464b-abc4-f08aae746449 with 27213828-3497-4c0e-a3f9-9b58d2e3d410
[35m[HTTP][39m [37m<-- GET /wd/hub/session/27213828-3497-4c0e-a3f9-9b58d2e3d410/element/d3fdf482-2ee1-480f-ba4a-bcc53ee7949b/location [39m[32m200[39m [90m58 ms - 89[39m
[35m[HTTP][39m [90m[39m
[35m[HTTP][39m [37m-->[39m [37mGET[39m [37m/wd/hub/session/27213828-3497-4c0e-a3f9-9b58d2e3d410/element/d3fdf482-2ee1-480f-ba4a-bcc53ee7949b/text[39m
[35m[HTTP][39m [90m{}[39m
[35m[W3C][39m Driver proxy active, passing request on via HTTP proxy
[35m[JSONWP Proxy][39m Replacing sessionId f63bcb0a-73b1-464b-abc4-f08aae746449 with 27213828-3497-4c0e-a3f9-9b58d2e3d410
[35m[HTTP][39m [37m<-- GET /wd/hub/session/27213828-3497-4c0e-a3f9-9b58d2e3d410/element/d3fdf482-2ee1-480f-ba4a-bcc53ee7949b/text [39m[32m200[39m [90m83 ms - 104[39m
[35m[HTTP][39m [90m[39m
[35m[HTTP][39m [37m-->[39m [37mGET[39m [37m/wd/hub/session/27213828-3497-4c0e-a3f9-9b58d2e3d410/window/current/size[39m
[35m[HTTP][39m [90m{}[39m
[35m[W3C][39m Driver proxy active, passing request on via HTTP proxy
[35m[JSONWP Proxy][39m Replacing sessionId f63bcb0a-73b1-464b-abc4-f08aae746449 with 27213828-3497-4c0e-a3f9-9b58d2e3d410
[35m[HTTP][39m [37m<-- GET /wd/hub/session/27213828-3497-4c0e-a3f9-9b58d2e3d410/window/current/size [39m[32m200[39m [90m38 ms - 100[39m
[35m[HTTP][39m [90m[39m
[35m[HTTP][39m [37m-->[39m [37mPOST[39m [37m/wd/hub/session/27213828-3497-4c0e-a3f9-9b58d2e3d410/elements[39m
[35m[HTTP][39m [90m{"using":"-android uiautomator","value":"new UiSelector().className(\"android.widget.TextView\").text(\"Scelti per te questa settimana\").resourceId(\"it.sky.msa:id/categoryTitle\").instance(6)"}[39m
[35m[HTTP][39m [37m<-- POST /wd/hub/session/27213828-3497-4c0e-a3f9-9b58d2e3d410/elements [39m[32m200[39m [90m115 ms - 124[39m
[35m[HTTP][39m [90m[39m
[35m[HTTP][39m [37m-->[39m [37mGET[39m [37m/wd/hub/session/27213828-3497-4c0e-a3f9-9b58d2e3d410[39m
[35m[HTTP][39m [90m{}[39m
[35m[HTTP][39m [37m<-- GET /wd/hub/session/27213828-3497-4c0e-a3f9-9b58d2e3d410 [39m[32m200[39m [90m27 ms - 1133[39m
[35m[HTTP][39m [90m[39m
[35m[HTTP][39m [37m-->[39m [37mGET[39m [37m/wd/hub/session/27213828-3497-4c0e-a3f9-9b58d2e3d410[39m
[35m[HTTP][39m [90m{}[39m
[35m[HTTP][39m [37m<-- GET /wd/hub/session/27213828-3497-4c0e-a3f9-9b58d2e3d410 [39m[32m200[39m [90m28 ms - 1133[39m
[35m[HTTP][39m [90m[39m
[35m[HTTP][39m [37m-->[39m [37mGET[39m [37m/wd/hub/session/27213828-3497-4c0e-a3f9-9b58d2e3d410[39m
[35m[HTTP][39m [90m{}[39m
[35m[HTTP][39m [37m<-- GET /wd/hub/session/27213828-3497-4c0e-a3f9-9b58d2e3d410 [39m[32m200[39m [90m25 ms - 1133[39m
[35m[HTTP][39m [90m[39m
[35m[HTTP][39m [37m-->[39m [37mGET[39m [37m/wd/hub/session/27213828-3497-4c0e-a3f9-9b58d2e3d410[39m
[35m[HTTP][39m [90m{}[39m
[35m[HTTP][39m [37m<-- GET /wd/hub/session/27213828-3497-4c0e-a3f9-9b58d2e3d410 [39m[32m200[39m [90m27 ms - 1133[39m
[35m[HTTP][39m [90m[39m
[35m[HTTP][39m [37m-->[39m [37mGET[39m [37m/wd/hub/session/27213828-3497-4c0e-a3f9-9b58d2e3d410/element/1a93d8a2-b647-421b-9c17-9189d6ea4b21/location[39m
[35m[HTTP][39m [90m{}[39m
[35m[W3C][39m Driver proxy active, passing request on via HTTP proxy
[35m[JSONWP Proxy][39m Replacing sessionId f63bcb0a-73b1-464b-abc4-f08aae746449 with 27213828-3497-4c0e-a3f9-9b58d2e3d410
[35m[HTTP][39m [37m<-- GET /wd/hub/session/27213828-3497-4c0e-a3f9-9b58d2e3d410/element/1a93d8a2-b647-421b-9c17-9189d6ea4b21/location [39m[32m200[39m [90m64 ms - 89[39m
[35m[HTTP][39m [90m[39m
[35m[HTTP][39m [37m-->[39m [37mGET[39m [37m/wd/hub/session/27213828-3497-4c0e-a3f9-9b58d2e3d410/element/1a93d8a2-b647-421b-9c17-9189d6ea4b21/text[39m
[35m[HTTP][39m [90m{}[39m
[35m[W3C][39m Driver proxy active, passing request on via HTTP proxy
[35m[JSONWP Proxy][39m Replacing sessionId f63bcb0a-73b1-464b-abc4-f08aae746449 with 27213828-3497-4c0e-a3f9-9b58d2e3d410
[35m[HTTP][39m [37m<-- GET /wd/hub/session/27213828-3497-4c0e-a3f9-9b58d2e3d410/element/1a93d8a2-b647-421b-9c17-9189d6ea4b21/text [39m[32m200[39m [90m78 ms - 104[39m
[35m[HTTP][39m [90m[39m
[35m[HTTP][39m [37m-->[39m [37mGET[39m [37m/wd/hub/session/27213828-3497-4c0e-a3f9-9b58d2e3d410/context[39m
[35m[HTTP][39m [90m{}[39m
[35m[HTTP][39m [37m<-- GET /wd/hub/session/27213828-3497-4c0e-a3f9-9b58d2e3d410/context [39m[32m200[39m [90m2 ms - 84[39m
[35m[HTTP][39m [90m[39m
[35m[HTTP][39m [37m-->[39m [37mGET[39m [37m/wd/hub/session/27213828-3497-4c0e-a3f9-9b58d2e3d410/contexts[39m
[35m[HTTP][39m [90m{}[39m
[35m[HTTP][39m [37m<-- GET /wd/hub/session/27213828-3497-4c0e-a3f9-9b58d2e3d410/contexts [39m[32m200[39m [90m112 ms - 86[39m
[35m[HTTP][39m [90m[39m
[35m[HTTP][39m [37m-->[39m [37mPOST[39m [37m/wd/hub/session/27213828-3497-4c0e-a3f9-9b58d2e3d410/context[39m
[35m[HTTP][39m [90m{"name":"NATIVE_APP"}[39m
[35m[HTTP][39m [37m<-- POST /wd/hub/session/27213828-3497-4c0e-a3f9-9b58d2e3d410/context [39m[32m200[39m [90m172 ms - 76[39m
[35m[HTTP][39m [90m[39m
[35m[HTTP][39m [37m-->[39m [37mPOST[39m [37m/wd/hub/session/27213828-3497-4c0e-a3f9-9b58d2e3d410/touch/perform[39m
[35m[HTTP][39m [90m{"actions":[{"action":"press","options":{"x":0,"y":0}},{"action":"wait","options":{"ms":500}},{"action":"moveTo","options":{"x":100,"y":0}}]}[39m
[35m[HTTP][39m [37m<-- POST /wd/hub/session/27213828-3497-4c0e-a3f9-9b58d2e3d410/touch/perform [39m[32m200[39m [90m2094 ms - 76[39m
[35m[HTTP][39m [90m[39m
[35m[HTTP][39m [37m-->[39m [37mPOST[39m [37m/wd/hub/session/27213828-3497-4c0e-a3f9-9b58d2e3d410/context[39m
[35m[HTTP][39m [90m{"name":"NATIVE_APP"}[39m
[35m[HTTP][39m [37m<-- POST /wd/hub/session/27213828-3497-4c0e-a3f9-9b58d2e3d410/context [39m[32m200[39m [90m89 ms - 76[39m
[35m[HTTP][39m [90m[39m
[35m[HTTP][39m [37m-->[39m [37mGET[39m [37m/wd/hub/session/27213828-3497-4c0e-a3f9-9b58d2e3d410/context[39m
[35m[HTTP][39m [90m{}[39m
[35m[HTTP][39m [37m<-- GET /wd/hub/session/27213828-3497-4c0e-a3f9-9b58d2e3d410/context [39m[32m200[39m [90m2 ms - 84[39m
[35m[HTTP][39m [90m[39m
[35m[HTTP][39m [37m-->[39m [37mGET[39m [37m/wd/hub/session/27213828-3497-4c0e-a3f9-9b58d2e3d410/contexts[39m
[35m[HTTP][39m [90m{}[39m
[35m[HTTP][39m [37m<-- GET /wd/hub/session/27213828-3497-4c0e-a3f9-9b58d2e3d410/contexts [39m[32m200[39m [90m93 ms - 86[39m
[35m[HTTP][39m [90m[39m
[35m[HTTP][39m [37m-->[39m [37mPOST[39m [37m/wd/hub/session/27213828-3497-4c0e-a3f9-9b58d2e3d410/context[39m
[35m[HTTP][39m [90m{"name":"NATIVE_APP"}[39m
[35m[HTTP][39m [37m<-- POST /wd/hub/session/27213828-3497-4c0e-a3f9-9b58d2e3d410/context [39m[32m200[39m [90m128 ms - 76[39m
[35m[HTTP][39m [90m[39m
[35m[HTTP][39m [37m-->[39m [37mPOST[39m [37m/wd/hub/session/27213828-3497-4c0e-a3f9-9b58d2e3d410/touch/perform[39m
[35m[HTTP][39m [90m{"actions":[{"action":"press","options":{"x":0,"y":0}},{"action":"wait","options":{"ms":500}},{"action":"moveTo","options":{"x":-100,"y":0}}]}[39m
[35m[HTTP][39m [37m<-- POST /wd/hub/session/27213828-3497-4c0e-a3f9-9b58d2e3d410/touch/perform [39m[32m200[39m [90m2082 ms - 76[39m
[35m[HTTP][39m [90m[39m
[35m[HTTP][39m [37m-->[39m [37mPOST[39m [37m/wd/hub/session/27213828-3497-4c0e-a3f9-9b58d2e3d410/context[39m
[35m[HTTP][39m [90m{"name":"NATIVE_APP"}[39m
[35m[HTTP][39m [37m<-- POST /wd/hub/session/27213828-3497-4c0e-a3f9-9b58d2e3d410/context [39m[32m200[39m [90m102 ms - 76[39m
[35m[HTTP][39m [90m[39m
[35m[HTTP][39m [37m-->[39m [37mGET[39m [37m/wd/hub/session/27213828-3497-4c0e-a3f9-9b58d2e3d410/window/current/size[39m
[35m[HTTP][39m [90m{}[39m
[35m[W3C][39m Driver proxy active, passing request on via HTTP proxy
[35m[JSONWP Proxy][39m Replacing sessionId f63bcb0a-73b1-464b-abc4-f08aae746449 with 27213828-3497-4c0e-a3f9-9b58d2e3d410
[35m[HTTP][39m [37m<-- GET /wd/hub/session/27213828-3497-4c0e-a3f9-9b58d2e3d410/window/current/size [39m[32m200[39m [90m31 ms - 100[39m
[35m[HTTP][39m [90m[39m
[35m[HTTP][39m [37m-->[39m [37mPOST[39m [37m/wd/hub/session/27213828-3497-4c0e-a3f9-9b58d2e3d410/elements[39m
[35m[HTTP][39m [90m{"using":"-android uiautomator","value":"new UiSelector().className(\"android.widget.TextView\").text(\"Scelti per te questa settimana\").resourceId(\"it.sky.msa:id/categoryTitle\").instance(6)"}[39m
[35m[HTTP][39m [37m<-- POST /wd/hub/session/27213828-3497-4c0e-a3f9-9b58d2e3d410/elements [39m[32m200[39m [90m161 ms - 124[39m
[35m[HTTP][39m [90m[39m
[35m[HTTP][39m [37m-->[39m [37mGET[39m [37m/wd/hub/session/27213828-3497-4c0e-a3f9-9b58d2e3d410[39m
[35m[HTTP][39m [90m{}[39m
[35m[HTTP][39m [37m<-- GET /wd/hub/session/27213828-3497-4c0e-a3f9-9b58d2e3d410 [39m[32m200[39m [90m22 ms - 1133[39m
[35m[HTTP][39m [90m[39m
[35m[HTTP][39m [37m-->[39m [37mGET[39m [37m/wd/hub/session/27213828-3497-4c0e-a3f9-9b58d2e3d410[39m
[35m[HTTP][39m [90m{}[39m
[35m[HTTP][39m [37m<-- GET /wd/hub/session/27213828-3497-4c0e-a3f9-9b58d2e3d410 [39m[32m200[39m [90m24 ms - 1133[39m
[35m[HTTP][39m [90m[39m
[35m[HTTP][39m [37m-->[39m [37mGET[39m [37m/wd/hub/session/27213828-3497-4c0e-a3f9-9b58d2e3d410[39m
[35m[HTTP][39m [90m{}[39m
[35m[HTTP][39m [37m<-- GET /wd/hub/session/27213828-3497-4c0e-a3f9-9b58d2e3d410 [39m[32m200[39m [90m24 ms - 1133[39m
[35m[HTTP][39m [90m[39m
[35m[HTTP][39m [37m-->[39m [37mGET[39m [37m/wd/hub/session/27213828-3497-4c0e-a3f9-9b58d2e3d410[39m
[35m[HTTP][39m [90m{}[39m
[35m[HTTP][39m [37m<-- GET /wd/hub/session/27213828-3497-4c0e-a3f9-9b58d2e3d410 [39m[32m200[39m [90m21 ms - 1133[39m
[35m[HTTP][39m [90m[39m
[35m[HTTP][39m [37m-->[39m [37mGET[39m [37m/wd/hub/session/27213828-3497-4c0e-a3f9-9b58d2e3d410/element/194696ae-8c87-428c-9305-77e967b110b3/location[39m
[35m[HTTP][39m [90m{}[39m
[35m[W3C][39m Driver proxy active, passing request on via HTTP proxy
[35m[JSONWP Proxy][39m Replacing sessionId f63bcb0a-73b1-464b-abc4-f08aae746449 with 27213828-3497-4c0e-a3f9-9b58d2e3d410
[35m[HTTP][39m [37m<-- GET /wd/hub/session/27213828-3497-4c0e-a3f9-9b58d2e3d410/element/194696ae-8c87-428c-9305-77e967b110b3/location [39m[32m200[39m [90m43 ms - 89[39m
[35m[HTTP][39m [90m[39m
[35m[HTTP][39m [37m-->[39m [37mGET[39m [37m/wd/hub/session/27213828-3497-4c0e-a3f9-9b58d2e3d410/element/194696ae-8c87-428c-9305-77e967b110b3/size[39m
[35m[HTTP][39m [90m{}[39m
[35m[W3C][39m Driver proxy active, passing request on via HTTP proxy
[35m[JSONWP Proxy][39m Replacing sessionId f63bcb0a-73b1-464b-abc4-f08aae746449 with 27213828-3497-4c0e-a3f9-9b58d2e3d410
[35m[HTTP][39m [37m<-- GET /wd/hub/session/27213828-3497-4c0e-a3f9-9b58d2e3d410/element/194696ae-8c87-428c-9305-77e967b110b3/size [39m[32m200[39m [90m43 ms - 98[39m
[35m[HTTP][39m [90m[39m
[35m[HTTP][39m [37m-->[39m [37mGET[39m [37m/wd/hub/session/27213828-3497-4c0e-a3f9-9b58d2e3d410/window/current/size[39m
[35m[HTTP][39m [90m{}[39m
[35m[W3C][39m Driver proxy active, passing request on via HTTP proxy
[35m[JSONWP Proxy][39m Replacing sessionId f63bcb0a-73b1-464b-abc4-f08aae746449 with 27213828-3497-4c0e-a3f9-9b58d2e3d410
[35m[HTTP][39m [37m<-- GET /wd/hub/session/27213828-3497-4c0e-a3f9-9b58d2e3d410/window/current/size [39m[32m200[39m [90m28 ms - 100[39m
[35m[HTTP][39m [90m[39m
[35m[HTTP][39m [37m-->[39m [37mPOST[39m [37m/wd/hub/session/27213828-3497-4c0e-a3f9-9b58d2e3d410/elements[39m
[35m[HTTP][39m [90m{"using":"-android uiautomator","value":"new UiSelector().className(\"android.widget.TextView\").text(\"Scelti per te questa settimana\").resourceId(\"it.sky.msa:id/categoryTitle\").instance(6)"}[39m
[35m[HTTP][39m [37m<-- POST /wd/hub/session/27213828-3497-4c0e-a3f9-9b58d2e3d410/elements [39m[32m200[39m [90m736 ms - 124[39m
[35m[HTTP][39m [90m[39m
[35m[HTTP][39m [37m-->[39m [37mGET[39m [37m/wd/hub/session/27213828-3497-4c0e-a3f9-9b58d2e3d410[39m
[35m[HTTP][39m [90m{}[39m
[35m[HTTP][39m [37m<-- GET /wd/hub/session/27213828-3497-4c0e-a3f9-9b58d2e3d410 [39m[32m200[39m [90m28 ms - 1133[39m
[35m[HTTP][39m [90m[39m
[35m[HTTP][39m [37m-->[39m [37mGET[39m [37m/wd/hub/session/27213828-3497-4c0e-a3f9-9b58d2e3d410[39m
[35m[HTTP][39m [90m{}[39m
[35m[HTTP][39m [37m<-- GET /wd/hub/session/27213828-3497-4c0e-a3f9-9b58d2e3d410 [39m[32m200[39m [90m25 ms - 1133[39m
[35m[HTTP][39m [90m[39m
[35m[HTTP][39m [37m-->[39m [37mGET[39m [37m/wd/hub/session/27213828-3497-4c0e-a3f9-9b58d2e3d410[39m
[35m[HTTP][39m [90m{}[39m
[35m[HTTP][39m [37m<-- GET /wd/hub/session/27213828-3497-4c0e-a3f9-9b58d2e3d410 [39m[32m200[39m [90m26 ms - 1133[39m
[35m[HTTP][39m [90m[39m
[35m[HTTP][39m [37m-->[39m [37mGET[39m [37m/wd/hub/session/27213828-3497-4c0e-a3f9-9b58d2e3d410[39m
[35m[HTTP][39m [90m{}[39m
[35m[HTTP][39m [37m<-- GET /wd/hub/session/27213828-3497-4c0e-a3f9-9b58d2e3d410 [39m[32m200[39m [90m25 ms - 1133[39m
[35m[HTTP][39m [90m[39m
[35m[HTTP][39m [37m-->[39m [37mGET[39m [37m/wd/hub/session/27213828-3497-4c0e-a3f9-9b58d2e3d410/element/d8b55302-f96f-4d50-a076-7bc24e549768/location[39m
[35m[HTTP][39m [90m{}[39m
[35m[W3C][39m Driver proxy active, passing request on via HTTP proxy
[35m[JSONWP Proxy][39m Replacing sessionId f63bcb0a-73b1-464b-abc4-f08aae746449 with 27213828-3497-4c0e-a3f9-9b58d2e3d410
[35m[HTTP][39m [37m<-- GET /wd/hub/session/27213828-3497-4c0e-a3f9-9b58d2e3d410/element/d8b55302-f96f-4d50-a076-7bc24e549768/location [39m[32m200[39m [90m47 ms - 89[39m
[35m[HTTP][39m [90m[39m
[35m[HTTP][39m [37m-->[39m [37mGET[39m [37m/wd/hub/session/27213828-3497-4c0e-a3f9-9b58d2e3d410/element/d8b55302-f96f-4d50-a076-7bc24e549768/size[39m
[35m[HTTP][39m [90m{}[39m
[35m[W3C][39m Driver proxy active, passing request on via HTTP proxy
[35m[JSONWP Proxy][39m Replacing sessionId f63bcb0a-73b1-464b-abc4-f08aae746449 with 27213828-3497-4c0e-a3f9-9b58d2e3d410
[35m[HTTP][39m [37m<-- GET /wd/hub/session/27213828-3497-4c0e-a3f9-9b58d2e3d410/element/d8b55302-f96f-4d50-a076-7bc24e549768/size [39m[32m200[39m [90m54 ms - 98[39m
[35m[HTTP][39m [90m[39m
[35m[HTTP][39m [37m-->[39m [37mGET[39m [37m/wd/hub/session/27213828-3497-4c0e-a3f9-9b58d2e3d410/window/current/size[39m
[35m[HTTP][39m [90m{}[39m
[35m[W3C][39m Driver proxy active, passing request on via HTTP proxy
[35m[JSONWP Proxy][39m Replacing sessionId f63bcb0a-73b1-464b-abc4-f08aae746449 with 27213828-3497-4c0e-a3f9-9b58d2e3d410
[35m[HTTP][39m [37m<-- GET /wd/hub/session/27213828-3497-4c0e-a3f9-9b58d2e3d410/window/current/size [39m[32m200[39m [90m57 ms - 100[39m
[35m[HTTP][39m [90m[39m
[35m[HTTP][39m [37m-->[39m [37mPOST[39m [37m/wd/hub/session/27213828-3497-4c0e-a3f9-9b58d2e3d410/elements[39m
[35m[HTTP][39m [90m{"using":"-android uiautomator","value":"new UiSelector().className(\"android.widget.TextView\").resourceId(\"it.sky.msa:id/categoryTitle\")"}[39m
[35m[HTTP][39m [37m<-- POST /wd/hub/session/27213828-3497-4c0e-a3f9-9b58d2e3d410/elements [39m[32m200[39m [90m88 ms - 124[39m
[35m[HTTP][39m [90m[39m
[35m[HTTP][39m [37m-->[39m [37mGET[39m [37m/wd/hub/session/27213828-3497-4c0e-a3f9-9b58d2e3d410[39m
[35m[HTTP][39m [90m{}[39m
[35m[HTTP][39m [37m<-- GET /wd/hub/session/27213828-3497-4c0e-a3f9-9b58d2e3d410 [39m[32m200[39m [90m22 ms - 1133[39m
[35m[HTTP][39m [90m[39m
[35m[HTTP][39m [37m-->[39m [37mGET[39m [37m/wd/hub/session/27213828-3497-4c0e-a3f9-9b58d2e3d410[39m
[35m[HTTP][39m [90m{}[39m
[35m[HTTP][39m [37m<-- GET /wd/hub/session/27213828-3497-4c0e-a3f9-9b58d2e3d410 [39m[32m200[39m [90m21 ms - 1133[39m
[35m[HTTP][39m [90m[39m
[35m[HTTP][39m [37m-->[39m [37mGET[39m [37m/wd/hub/session/27213828-3497-4c0e-a3f9-9b58d2e3d410[39m
[35m[HTTP][39m [90m{}[39m
[35m[HTTP][39m [37m<-- GET /wd/hub/session/27213828-3497-4c0e-a3f9-9b58d2e3d410 [39m[32m200[39m [90m22 ms - 1133[39m
[35m[HTTP][39m [90m[39m
[35m[HTTP][39m [37m-->[39m [37mGET[39m [37m/wd/hub/session/27213828-3497-4c0e-a3f9-9b58d2e3d410[39m
[35m[HTTP][39m [90m{}[39m
[35m[HTTP][39m [37m<-- GET /wd/hub/session/27213828-3497-4c0e-a3f9-9b58d2e3d410 [39m[32m200[39m [90m24 ms - 1133[39m
[35m[HTTP][39m [90m[39m
[35m[HTTP][39m [37m-->[39m [37mGET[39m [37m/wd/hub/session/27213828-3497-4c0e-a3f9-9b58d2e3d410/element/243b9ef7-1780-441d-ac74-88f09ae1e4d1/location[39m
[35m[HTTP][39m [90m{}[39m
[35m[W3C][39m Driver proxy active, passing request on via HTTP proxy
[35m[JSONWP Proxy][39m Replacing sessionId f63bcb0a-73b1-464b-abc4-f08aae746449 with 27213828-3497-4c0e-a3f9-9b58d2e3d410
[35m[HTTP][39m [37m<-- GET /wd/hub/session/27213828-3497-4c0e-a3f9-9b58d2e3d410/element/243b9ef7-1780-441d-ac74-88f09ae1e4d1/location [39m[32m200[39m [90m52 ms - 89[39m
[35m[HTTP][39m [90m[39m
[35m[HTTP][39m [37m-->[39m [37mGET[39m [37m/wd/hub/session/27213828-3497-4c0e-a3f9-9b58d2e3d410/element/243b9ef7-1780-441d-ac74-88f09ae1e4d1/text[39m
[35m[HTTP][39m [90m{}[39m
[35m[W3C][39m Driver proxy active, passing request on via HTTP proxy
[35m[JSONWP Proxy][39m Replacing sessionId f63bcb0a-73b1-464b-abc4-f08aae746449 with 27213828-3497-4c0e-a3f9-9b58d2e3d410
[35m[HTTP][39m [37m<-- GET /wd/hub/session/27213828-3497-4c0e-a3f9-9b58d2e3d410/element/243b9ef7-1780-441d-ac74-88f09ae1e4d1/text [39m[32m200[39m [90m72 ms - 104[39m
[35m[HTTP][39m [90m[39m
[35m[HTTP][39m [37m-->[39m [37mGET[39m [37m/wd/hub/session/27213828-3497-4c0e-a3f9-9b58d2e3d410/window/current/size[39m
[35m[HTTP][39m [90m{}[39m
[35m[W3C][39m Driver proxy active, passing request on via HTTP proxy
[35m[JSONWP Proxy][39m Replacing sessionId f63bcb0a-73b1-464b-abc4-f08aae746449 with 27213828-3497-4c0e-a3f9-9b58d2e3d410
[35m[HTTP][39m [37m<-- GET /wd/hub/session/27213828-3497-4c0e-a3f9-9b58d2e3d410/window/current/size [39m[32m200[39m [90m77 ms - 100[39m
[35m[HTTP][39m [90m[39m
[35m[HTTP][39m [37m-->[39m [37mPOST[39m [37m/wd/hub/session/27213828-3497-4c0e-a3f9-9b58d2e3d410/elements[39m
[35m[HTTP][39m [90m{"using":"-android uiautomator","value":"new UiSelector().className(\"android.widget.Button\").text(\"Vedi tutti\").resourceId(\"it.sky.msa:id/showAllCategoryButton\").instance(0)"}[39m
[35m[HTTP][39m [37m<-- POST /wd/hub/session/27213828-3497-4c0e-a3f9-9b58d2e3d410/elements [39m[32m200[39m [90m106 ms - 124[39m
[35m[HTTP][39m [90m[39m
[35m[HTTP][39m [37m-->[39m [37mGET[39m [37m/wd/hub/session/27213828-3497-4c0e-a3f9-9b58d2e3d410[39m
[35m[HTTP][39m [90m{}[39m
[35m[HTTP][39m [37m<-- GET /wd/hub/session/27213828-3497-4c0e-a3f9-9b58d2e3d410 [39m[32m200[39m [90m31 ms - 1133[39m
[35m[HTTP][39m [90m[39m
[35m[HTTP][39m [37m-->[39m [37mGET[39m [37m/wd/hub/session/27213828-3497-4c0e-a3f9-9b58d2e3d410[39m
[35m[HTTP][39m [90m{}[39m
[35m[HTTP][39m [37m<-- GET /wd/hub/session/27213828-3497-4c0e-a3f9-9b58d2e3d410 [39m[32m200[39m [90m27 ms - 1133[39m
[35m[HTTP][39m [90m[39m
[35m[HTTP][39m [37m-->[39m [37mGET[39m [37m/wd/hub/session/27213828-3497-4c0e-a3f9-9b58d2e3d410[39m
[35m[HTTP][39m [90m{}[39m
[35m[HTTP][39m [37m<-- GET /wd/hub/session/27213828-3497-4c0e-a3f9-9b58d2e3d410 [39m[32m200[39m [90m25 ms - 1133[39m
[35m[HTTP][39m [90m[39m
[35m[HTTP][39m [37m-->[39m [37mGET[39m [37m/wd/hub/session/27213828-3497-4c0e-a3f9-9b58d2e3d410[39m
[35m[HTTP][39m [90m{}[39m
[35m[HTTP][39m [37m<-- GET /wd/hub/session/27213828-3497-4c0e-a3f9-9b58d2e3d410 [39m[32m200[39m [90m24 ms - 1133[39m
[35m[HTTP][39m [90m[39m
[35m[HTTP][39m [37m-->[39m [37mGET[39m [37m/wd/hub/session/27213828-3497-4c0e-a3f9-9b58d2e3d410/element/f442dbb3-11c5-43b1-b16b-009c92a86f7c/location[39m
[35m[HTTP][39m [90m{}[39m
[35m[W3C][39m Driver proxy active, passing request on via HTTP proxy
[35m[JSONWP Proxy][39m Replacing sessionId f63bcb0a-73b1-464b-abc4-f08aae746449 with 27213828-3497-4c0e-a3f9-9b58d2e3d410
[35m[HTTP][39m [37m<-- GET /wd/hub/session/27213828-3497-4c0e-a3f9-9b58d2e3d410/element/f442dbb3-11c5-43b1-b16b-009c92a86f7c/location [39m[32m200[39m [90m53 ms - 90[39m
[35m[HTTP][39m [90m[39m
[35m[HTTP][39m [37m-->[39m [37mPOST[39m [37m/wd/hub/session/27213828-3497-4c0e-a3f9-9b58d2e3d410/touch/perform[39m
[35m[HTTP][39m [90m{"actions":[{"action":"tap","options":{"element":"f442dbb3-11c5-43b1-b16b-009c92a86f7c","x":1,"y":1}}]}[39m
[35m[UiAutomator2][39m calling get location: f442dbb3-11c5-43b1-b16b-009c92a86f7c
[35m[HTTP][39m [37m<-- POST /wd/hub/session/27213828-3497-4c0e-a3f9-9b58d2e3d410/touch/perform [39m[32m200[39m [90m966 ms - 76[39m
[35m[HTTP][39m [90m[39m
[35m[HTTP][39m [37m-->[39m [37mGET[39m [37m/wd/hub/session/27213828-3497-4c0e-a3f9-9b58d2e3d410/window/current/size[39m
[35m[HTTP][39m [90m{}[39m
[35m[W3C][39m Driver proxy active, passing request on via HTTP proxy
[35m[JSONWP Proxy][39m Replacing sessionId f63bcb0a-73b1-464b-abc4-f08aae746449 with 27213828-3497-4c0e-a3f9-9b58d2e3d410
[35m[HTTP][39m [37m<-- GET /wd/hub/session/27213828-3497-4c0e-a3f9-9b58d2e3d410/window/current/size [39m[32m200[39m [90m53 ms - 100[39m
[35m[HTTP][39m [90m[39m
[35m[HTTP][39m [37m-->[39m [37mPOST[39m [37m/wd/hub/session/27213828-3497-4c0e-a3f9-9b58d2e3d410/elements[39m
[35m[HTTP][39m [90m{"using":"-android uiautomator","value":"new UiSelector().className(\"android.widget.TextView\").resourceId(\"it.sky.msa:id/toolbarTitle\")"}[39m
[35m[HTTP][39m [37m<-- POST /wd/hub/session/27213828-3497-4c0e-a3f9-9b58d2e3d410/elements [39m[32m200[39m [90m90 ms - 124[39m
[35m[HTTP][39m [90m[39m
[35m[HTTP][39m [37m-->[39m [37mGET[39m [37m/wd/hub/session/27213828-3497-4c0e-a3f9-9b58d2e3d410[39m
[35m[HTTP][39m [90m{}[39m
[35m[HTTP][39m [37m<-- GET /wd/hub/session/27213828-3497-4c0e-a3f9-9b58d2e3d410 [39m[32m200[39m [90m26 ms - 1133[39m
[35m[HTTP][39m [90m[39m
[35m[HTTP][39m [37m-->[39m [37mGET[39m [37m/wd/hub/session/27213828-3497-4c0e-a3f9-9b58d2e3d410[39m
[35m[HTTP][39m [90m{}[39m
[35m[HTTP][39m [37m<-- GET /wd/hub/session/27213828-3497-4c0e-a3f9-9b58d2e3d410 [39m[32m200[39m [90m25 ms - 1133[39m
[35m[HTTP][39m [90m[39m
[35m[HTTP][39m [37m-->[39m [37mGET[39m [37m/wd/hub/session/27213828-3497-4c0e-a3f9-9b58d2e3d410[39m
[35m[HTTP][39m [90m{}[39m
[35m[HTTP][39m [37m<-- GET /wd/hub/session/27213828-3497-4c0e-a3f9-9b58d2e3d410 [39m[32m200[39m [90m53 ms - 1133[39m
[35m[HTTP][39m [90m[39m
[35m[HTTP][39m [37m-->[39m [37mGET[39m [37m/wd/hub/session/27213828-3497-4c0e-a3f9-9b58d2e3d410[39m
[35m[HTTP][39m [90m{}[39m
[35m[HTTP][39m [37m<-- GET /wd/hub/session/27213828-3497-4c0e-a3f9-9b58d2e3d410 [39m[32m200[39m [90m40 ms - 1133[39m
[35m[HTTP][39m [90m[39m
[35m[HTTP][39m [37m-->[39m [37mGET[39m [37m/wd/hub/session/27213828-3497-4c0e-a3f9-9b58d2e3d410/element/76aa07a4-3ce5-469d-9929-1970d3d8ccb8/location[39m
[35m[HTTP][39m [90m{}[39m
[35m[W3C][39m Driver proxy active, passing request on via HTTP proxy
[35m[JSONWP Proxy][39m Replacing sessionId f63bcb0a-73b1-464b-abc4-f08aae746449 with 27213828-3497-4c0e-a3f9-9b58d2e3d410
[35m[HTTP][39m [37m<-- GET /wd/hub/session/27213828-3497-4c0e-a3f9-9b58d2e3d410/element/76aa07a4-3ce5-469d-9929-1970d3d8ccb8/location [39m[32m200[39m [90m49 ms - 89[39m
[35m[HTTP][39m [90m[39m
[35m[HTTP][39m [37m-->[39m [37mGET[39m [37m/wd/hub/session/27213828-3497-4c0e-a3f9-9b58d2e3d410/element/76aa07a4-3ce5-469d-9929-1970d3d8ccb8/text[39m
[35m[HTTP][39m [90m{}[39m
[35m[W3C][39m Driver proxy active, passing request on via HTTP proxy
[35m[JSONWP Proxy][39m Replacing sessionId f63bcb0a-73b1-464b-abc4-f08aae746449 with 27213828-3497-4c0e-a3f9-9b58d2e3d410
[35m[HTTP][39m [37m<-- GET /wd/hub/session/27213828-3497-4c0e-a3f9-9b58d2e3d410/element/76aa07a4-3ce5-469d-9929-1970d3d8ccb8/text [39m[32m200[39m [90m60 ms - 104[39m
[35m[HTTP][39m [90m[39m
[35m[HTTP][39m [37m-->[39m [37mGET[39m [37m/wd/hub/session/27213828-3497-4c0e-a3f9-9b58d2e3d410/window/current/size[39m
[35m[HTTP][39m [90m{}[39m
[35m[W3C][39m Driver proxy active, passing request on via HTTP proxy
[35m[JSONWP Proxy][39m Replacing sessionId f63bcb0a-73b1-464b-abc4-f08aae746449 with 27213828-3497-4c0e-a3f9-9b58d2e3d410
[35m[HTTP][39m [37m<-- GET /wd/hub/session/27213828-3497-4c0e-a3f9-9b58d2e3d410/window/current/size [39m[32m200[39m [90m69 ms - 100[39m
[35m[HTTP][39m [90m[39m
[35m[HTTP][39m [37m-->[39m [37mPOST[39m [37m/wd/hub/session/27213828-3497-4c0e-a3f9-9b58d2e3d410/elements[39m
[35m[HTTP][39m [90m{"using":"-android uiautomator","value":"new UiSelector().className(\"android.widget.ImageButton\").instance(0)"}[39m
[35m[HTTP][39m [37m<-- POST /wd/hub/session/27213828-3497-4c0e-a3f9-9b58d2e3d410/elements [39m[32m200[39m [90m349 ms - 124[39m
[35m[HTTP][39m [90m[39m
[35m[HTTP][39m [37m-->[39m [37mGET[39m [37m/wd/hub/session/27213828-3497-4c0e-a3f9-9b58d2e3d410[39m
[35m[HTTP][39m [90m{}[39m
[35m[HTTP][39m [37m<-- GET /wd/hub/session/27213828-3497-4c0e-a3f9-9b58d2e3d410 [39m[32m200[39m [90m35 ms - 1133[39m
[35m[HTTP][39m [90m[39m
[35m[HTTP][39m [37m-->[39m [37mGET[39m [37m/wd/hub/session/27213828-3497-4c0e-a3f9-9b58d2e3d410[39m
[35m[HTTP][39m [90m{}[39m
[35m[HTTP][39m [37m<-- GET /wd/hub/session/27213828-3497-4c0e-a3f9-9b58d2e3d410 [39m[32m200[39m [90m30 ms - 1133[39m
[35m[HTTP][39m [90m[39m
[35m[HTTP][39m [37m-->[39m [37mGET[39m [37m/wd/hub/session/27213828-3497-4c0e-a3f9-9b58d2e3d410[39m
[35m[HTTP][39m [90m{}[39m
[35m[HTTP][39m [37m<-- GET /wd/hub/session/27213828-3497-4c0e-a3f9-9b58d2e3d410 [39m[32m200[39m [90m29 ms - 1133[39m
[35m[HTTP][39m [90m[39m
[35m[HTTP][39m [37m-->[39m [37mGET[39m [37m/wd/hub/session/27213828-3497-4c0e-a3f9-9b58d2e3d410[39m
[35m[HTTP][39m [90m{}[39m
[35m[HTTP][39m [37m<-- GET /wd/hub/session/27213828-3497-4c0e-a3f9-9b58d2e3d410 [39m[32m200[39m [90m31 ms - 1133[39m
[35m[HTTP][39m [90m[39m
[35m[HTTP][39m [37m-->[39m [37mGET[39m [37m/wd/hub/session/27213828-3497-4c0e-a3f9-9b58d2e3d410/element/5856650a-27d7-4727-b1f8-e354ccdeecf2/location[39m
[35m[HTTP][39m [90m{}[39m
[35m[W3C][39m Driver proxy active, passing request on via HTTP proxy
[35m[JSONWP Proxy][39m Replacing sessionId f63bcb0a-73b1-464b-abc4-f08aae746449 with 27213828-3497-4c0e-a3f9-9b58d2e3d410
[35m[HTTP][39m [37m<-- GET /wd/hub/session/27213828-3497-4c0e-a3f9-9b58d2e3d410/element/5856650a-27d7-4727-b1f8-e354ccdeecf2/location [39m[32m200[39m [90m58 ms - 86[39m
[35m[HTTP][39m [90m[39m
[35m[HTTP][39m [37m-->[39m [37mPOST[39m [37m/wd/hub/session/27213828-3497-4c0e-a3f9-9b58d2e3d410/touch/perform[39m
[35m[HTTP][39m [90m{"actions":[{"action":"tap","options":{"element":"5856650a-27d7-4727-b1f8-e354ccdeecf2","x":1,"y":1}}]}[39m
[35m[UiAutomator2][39m calling get location: 5856650a-27d7-4727-b1f8-e354ccdeecf2
[35m[HTTP][39m [37m<-- POST /wd/hub/session/27213828-3497-4c0e-a3f9-9b58d2e3d410/touch/perform [39m[32m200[39m [90m997 ms - 76[39m
[35m[HTTP][39m [90m[39m
[35m[HTTP][39m [37m-->[39m [37mDELETE[39m [37m/wd/hub/session/27213828-3497-4c0e-a3f9-9b58d2e3d410[39m
[35m[HTTP][39m [90m{}[39m
[35m[Appium][39m Removing session 27213828-3497-4c0e-a3f9-9b58d2e3d410 from our master session list
[35m[HTTP][39m [37m<-- DELETE /wd/hub/session/27213828-3497-4c0e-a3f9-9b58d2e3d410 [39m[32m200[39m [90m287 ms - 76[39m
[35m[HTTP][39m [90m[39m
