[35m[Appium][39m Welcome to Appium v1.8.1
[35m[Appium][39m Non-default server args:
[35m[Appium][39m   port: 56521
[35m[Appium][39m   loglevel: info
[35m[Appium][39m   chromeDriverPort: 56523
[35m[Appium][39m   tmpDir: C:\Users\marco\AppData\Local\Temp\\Katalon\Appium\Temp1551276746236
[35m[Appium][39m Appium REST http interface listener started on 0.0.0.0:56521
[35m[HTTP][39m [37m-->[39m [37mGET[39m [37m/wd/hub/status[39m
[35m[HTTP][39m [90m{}[39m
[35m[HTTP][39m [37m<-- GET /wd/hub/status [39m[32m200[39m [90m48 ms - 83[39m
[35m[HTTP][39m [90m[39m
[35m[HTTP][39m [37m-->[39m [37mPOST[39m [37m/wd/hub/session[39m
[35m[HTTP][39m [90m{"desiredCapabilities":{"app":"C:\\Users\\MSA-testautomation\\59.apk","autoGrantPermissions":true,"automationName":"uiautomator2","deviceName":"samsung SM-G935F (Android 8.0.0)","fullReset":false,"newCommandTimeout":1800,"noReset":true,"platform":"ANDROID","platformName":"Android","udid":"9885f7504651473733"},"capabilities":{"desiredCapabilities":{"app":"C:\\Users\\MSA-testautomation\\59.apk","autoGrantPermissions":true,"automationName":"uiautomator2","deviceName":"samsung SM-G935F (Android 8.0.0)","fullReset":false,"newCommandTimeout":1800,"noReset":true,"platform":"ANDROID","platformName":"Android","udid":"9885f7504651473733"},"firstMatch":[{"platformName":"android"}]}}[39m
[35m[Appium][39m Could not parse W3C capabilities: 'deviceName' can't be blank. Falling back to JSONWP protocol.
[35m[Appium][39m The following capabilities were provided in the JSONWP desired capabilities that are missing in W3C capabilities: ["app","autoGrantPermissions","automationName","deviceName","fullReset","newCommandTimeout","noReset","platform","platformName","udid"]. Falling back to JSONWP protocol.
[35m[Appium][39m Creating new AndroidUiautomator2Driver (v1.12.0) session
[35m[Appium][39m Capabilities:
[35m[Appium][39m   app: C:\Users\MSA-testautomation\59.apk
[35m[Appium][39m   autoGrantPermissions: true
[35m[Appium][39m   automationName: uiautomator2
[35m[Appium][39m   deviceName: samsung SM-G935F (Android 8.0.0)
[35m[Appium][39m   fullReset: false
[35m[Appium][39m   newCommandTimeout: 1800
[35m[Appium][39m   noReset: true
[35m[Appium][39m   platform: ANDROID
[35m[Appium][39m   platformName: Android
[35m[Appium][39m   udid: 9885f7504651473733
[35m[BaseDriver][39m The following capabilities were provided, but are not recognized by appium: platform.
[35m[BaseDriver][39m Session created with session id: 4b7c2011-a85e-403e-a6ae-b119cd9ff16e
[35m[BaseDriver][39m Using local app 'C:\Users\MSA-testautomation\59.apk'
[35m[AndroidDriver][39m Java version is: 1.8.0_181
[35m[ADB][39m Checking whether adb is present
[35m[ADB][39m Found 1 'build-tools' folders under 'C:\Users\marco\.katalon\tools\android_sdk' (newest first):
[35m[ADB][39m     C:/Users/marco/.katalon/tools/android_sdk/build-tools/28.0.3
[35m[ADB][39m Using adb.exe from C:\Users\marco\.katalon\tools\android_sdk\platform-tools\adb.exe
[35m[AndroidDriver][39m Retrieving device list
[35m[AndroidDriver][39m Using device: 9885f7504651473733
[35m[ADB][39m Using the alternative activity name detection method because of: Could not find apkanalyzer.bat in C:\Users\marco\.katalon\tools\android_sdk\platform-tools\apkanalyzer.bat,C:\Users\marco\.katalon\tools\android_sdk\emulator\apkanalyzer.bat,C:\Users\marco\.katalon\tools\android_sdk\tools\apkanalyzer.bat,C:\Users\marco\.katalon\tools\android_sdk\tools\bin\apkanalyzer.bat,C:\Users\marco\.katalon\tools\android_sdk\build-tools\28.0.3\apkanalyzer.bat. Do you have the Android SDK installed at 'C:\Users\marco\.katalon\tools\android_sdk'?
[35m[ADB][39m Checking whether aapt is present
[35m[ADB][39m Using aapt.exe from C:\Users\marco\.katalon\tools\android_sdk\build-tools\28.0.3\aapt.exe
[35m[ADB][39m Extracting package and launch activity from manifest
[35m[ADB][39m Package name: 'it.sky.msa'
[35m[ADB][39m Main activity name: 'it.sky.msa.welcome.SplashActivity'
[35m[ADB][39m Getting device platform version
[35m[ADB][39m Using apksigner.bat from C:\Users\marco\.katalon\tools\android_sdk\build-tools\28.0.3\apksigner.bat
[35m[ADB][39m Checking whether zipalign is present
[35m[ADB][39m Using zipalign.exe from C:\Users\marco\.katalon\tools\android_sdk\build-tools\28.0.3\zipalign.exe
[35m[ADB][39m io.appium.uiautomator2.server was successfully uninstalled
[35m[ADB][39m io.appium.uiautomator2.server.test was successfully uninstalled
[35m[AndroidDriver][39m setDeviceLanguageCountry requires language or country.
[35m[AndroidDriver][39m Got language: 'null' and country: 'null'
[35m[ADB][39m Successfully extracted 218 strings from 'C:\Users\MSA-testautomation\59.apk' resources for '(default)' configuration
[35m[UiAutomator2][39m Starting uiautomator2 server 1.12.0
[35m[UiAutomator2][39m Using UIAutomator2 server from 'C:\Users\marco\AppData\Roaming\npm\node_modules\appium\node_modules\appium-uiautomator2-server\apks\appium-uiautomator2-server-v1.12.0.apk' and test from 'C:\Users\marco\AppData\Roaming\npm\node_modules\appium\node_modules\appium-uiautomator2-server\apks\appium-uiautomator2-server-debug-androidTest.apk'
[35m[UiAutomator2][39m Running command: 'adb -s 9885f7504651473733 shell am instrument -w io.appium.uiautomator2.server.test/android.support.test.runner.AndroidJUnitRunner'
[35m[UiAutomator2][39m Waiting up to 20000ms for UiAutomator2 to be online...
[35m[AndroidDriver][39m Screen already unlocked, doing nothing
[35m[UiAutomator2][39m UiAutomator2 did not start the activity we were waiting for, 'it.sky.msa/it.sky.msa.welcome.SplashActivity'. Starting it ourselves
[35m[Appium][39m New AndroidUiautomator2Driver session created successfully, session 4b7c2011-a85e-403e-a6ae-b119cd9ff16e added to master session list
[35m[HTTP][39m [37m<-- POST /wd/hub/session [39m[32m200[39m [90m21351 ms - 1133[39m
[35m[HTTP][39m [90m[39m
[35m[HTTP][39m [37m-->[39m [37mGET[39m [37m/wd/hub/status[39m
[35m[HTTP][39m [90m{}[39m
[35m[HTTP][39m [37m<-- GET /wd/hub/status [39m[32m200[39m [90m43 ms - 55[39m
[35m[HTTP][39m [90m[39m
[35m[HTTP][39m [37m-->[39m [37mPOST[39m [37m/wd/hub/session/4b7c2011-a85e-403e-a6ae-b119cd9ff16e/timeouts[39m
[35m[HTTP][39m [90m{"type":"implicit","ms":60000}[39m
[35m[HTTP][39m [37m<-- POST /wd/hub/session/4b7c2011-a85e-403e-a6ae-b119cd9ff16e/timeouts [39m[33m400[39m [90m15 ms - 5204[39m
[35m[HTTP][39m [90m[39m
[35m[HTTP][39m [37m-->[39m [37mGET[39m [37m/wd/hub/session/4b7c2011-a85e-403e-a6ae-b119cd9ff16e/window/current/size[39m
[35m[HTTP][39m [90m{}[39m
[35m[W3C][39m Driver proxy active, passing request on via HTTP proxy
[35m[JSONWP Proxy][39m Replacing sessionId 5a05b2f7-40de-4c62-a936-d059d4a92a63 with 4b7c2011-a85e-403e-a6ae-b119cd9ff16e
[35m[HTTP][39m [37m<-- GET /wd/hub/session/4b7c2011-a85e-403e-a6ae-b119cd9ff16e/window/current/size [39m[32m200[39m [90m60 ms - 100[39m
[35m[HTTP][39m [90m[39m
[35m[HTTP][39m [37m-->[39m [37mPOST[39m [37m/wd/hub/session/4b7c2011-a85e-403e-a6ae-b119cd9ff16e/elements[39m
[35m[HTTP][39m [90m{"using":"-android uiautomator","value":"new UiSelector().className(\"android.widget.TextView\").text(\"Home\").resourceId(\"it.sky.msa:id/title\").instance(4)"}[39m
[35m[HTTP][39m [37m<-- POST /wd/hub/session/4b7c2011-a85e-403e-a6ae-b119cd9ff16e/elements [39m[32m200[39m [90m308 ms - 74[39m
[35m[HTTP][39m [90m[39m
[35m[HTTP][39m [37m-->[39m [37mPOST[39m [37m/wd/hub/session/4b7c2011-a85e-403e-a6ae-b119cd9ff16e/elements[39m
[35m[HTTP][39m [90m{"using":"-android uiautomator","value":"new UiSelector().className(\"android.widget.TextView\").text(\"Home\").resourceId(\"it.sky.msa:id/title\").instance(4)"}[39m
[35m[HTTP][39m [37m<-- POST /wd/hub/session/4b7c2011-a85e-403e-a6ae-b119cd9ff16e/elements [39m[32m200[39m [90m72 ms - 74[39m
[35m[HTTP][39m [90m[39m
[35m[HTTP][39m [37m-->[39m [37mPOST[39m [37m/wd/hub/session/4b7c2011-a85e-403e-a6ae-b119cd9ff16e/elements[39m
[35m[HTTP][39m [90m{"using":"-android uiautomator","value":"new UiSelector().className(\"android.widget.TextView\").text(\"Home\").resourceId(\"it.sky.msa:id/title\").instance(4)"}[39m
[35m[HTTP][39m [37m<-- POST /wd/hub/session/4b7c2011-a85e-403e-a6ae-b119cd9ff16e/elements [39m[32m200[39m [90m72 ms - 74[39m
[35m[HTTP][39m [90m[39m
[35m[HTTP][39m [37m-->[39m [37mPOST[39m [37m/wd/hub/session/4b7c2011-a85e-403e-a6ae-b119cd9ff16e/elements[39m
[35m[HTTP][39m [90m{"using":"-android uiautomator","value":"new UiSelector().className(\"android.widget.TextView\").text(\"Home\").resourceId(\"it.sky.msa:id/title\").instance(4)"}[39m
[35m[HTTP][39m [37m<-- POST /wd/hub/session/4b7c2011-a85e-403e-a6ae-b119cd9ff16e/elements [39m[32m200[39m [90m64 ms - 74[39m
[35m[HTTP][39m [90m[39m
[35m[HTTP][39m [37m-->[39m [37mPOST[39m [37m/wd/hub/session/4b7c2011-a85e-403e-a6ae-b119cd9ff16e/elements[39m
[35m[HTTP][39m [90m{"using":"-android uiautomator","value":"new UiSelector().className(\"android.widget.TextView\").text(\"Home\").resourceId(\"it.sky.msa:id/title\").instance(4)"}[39m
[35m[HTTP][39m [37m<-- POST /wd/hub/session/4b7c2011-a85e-403e-a6ae-b119cd9ff16e/elements [39m[32m200[39m [90m63 ms - 74[39m
[35m[HTTP][39m [90m[39m
[35m[HTTP][39m [37m-->[39m [37mPOST[39m [37m/wd/hub/session/4b7c2011-a85e-403e-a6ae-b119cd9ff16e/elements[39m
[35m[HTTP][39m [90m{"using":"-android uiautomator","value":"new UiSelector().className(\"android.widget.TextView\").text(\"Home\").resourceId(\"it.sky.msa:id/title\").instance(4)"}[39m
[35m[HTTP][39m [37m<-- POST /wd/hub/session/4b7c2011-a85e-403e-a6ae-b119cd9ff16e/elements [39m[32m200[39m [90m54 ms - 74[39m
[35m[HTTP][39m [90m[39m
[35m[HTTP][39m [37m-->[39m [37mPOST[39m [37m/wd/hub/session/4b7c2011-a85e-403e-a6ae-b119cd9ff16e/elements[39m
[35m[HTTP][39m [90m{"using":"-android uiautomator","value":"new UiSelector().className(\"android.widget.TextView\").text(\"Home\").resourceId(\"it.sky.msa:id/title\").instance(4)"}[39m
[35m[HTTP][39m [37m<-- POST /wd/hub/session/4b7c2011-a85e-403e-a6ae-b119cd9ff16e/elements [39m[32m200[39m [90m61 ms - 74[39m
[35m[HTTP][39m [90m[39m
[35m[HTTP][39m [37m-->[39m [37mPOST[39m [37m/wd/hub/session/4b7c2011-a85e-403e-a6ae-b119cd9ff16e/elements[39m
[35m[HTTP][39m [90m{"using":"-android uiautomator","value":"new UiSelector().className(\"android.widget.TextView\").text(\"Home\").resourceId(\"it.sky.msa:id/title\").instance(4)"}[39m
[35m[HTTP][39m [37m<-- POST /wd/hub/session/4b7c2011-a85e-403e-a6ae-b119cd9ff16e/elements [39m[32m200[39m [90m68 ms - 74[39m
[35m[HTTP][39m [90m[39m
[35m[HTTP][39m [37m-->[39m [37mPOST[39m [37m/wd/hub/session/4b7c2011-a85e-403e-a6ae-b119cd9ff16e/elements[39m
[35m[HTTP][39m [90m{"using":"-android uiautomator","value":"new UiSelector().className(\"android.widget.TextView\").text(\"Home\").resourceId(\"it.sky.msa:id/title\").instance(4)"}[39m
[35m[HTTP][39m [37m<-- POST /wd/hub/session/4b7c2011-a85e-403e-a6ae-b119cd9ff16e/elements [39m[32m200[39m [90m55 ms - 74[39m
[35m[HTTP][39m [90m[39m
[35m[HTTP][39m [37m-->[39m [37mPOST[39m [37m/wd/hub/session/4b7c2011-a85e-403e-a6ae-b119cd9ff16e/elements[39m
[35m[HTTP][39m [90m{"using":"-android uiautomator","value":"new UiSelector().className(\"android.widget.TextView\").text(\"Home\").resourceId(\"it.sky.msa:id/title\").instance(4)"}[39m
[35m[HTTP][39m [37m<-- POST /wd/hub/session/4b7c2011-a85e-403e-a6ae-b119cd9ff16e/elements [39m[32m200[39m [90m59 ms - 74[39m
[35m[HTTP][39m [90m[39m
[35m[HTTP][39m [37m-->[39m [37mPOST[39m [37m/wd/hub/session/4b7c2011-a85e-403e-a6ae-b119cd9ff16e/elements[39m
[35m[HTTP][39m [90m{"using":"-android uiautomator","value":"new UiSelector().className(\"android.widget.TextView\").text(\"Home\").resourceId(\"it.sky.msa:id/title\").instance(4)"}[39m
[35m[HTTP][39m [37m<-- POST /wd/hub/session/4b7c2011-a85e-403e-a6ae-b119cd9ff16e/elements [39m[32m200[39m [90m71 ms - 74[39m
[35m[HTTP][39m [90m[39m
[35m[HTTP][39m [37m-->[39m [37mPOST[39m [37m/wd/hub/session/4b7c2011-a85e-403e-a6ae-b119cd9ff16e/elements[39m
[35m[HTTP][39m [90m{"using":"-android uiautomator","value":"new UiSelector().className(\"android.widget.TextView\").text(\"Home\").resourceId(\"it.sky.msa:id/title\").instance(4)"}[39m
[35m[HTTP][39m [37m<-- POST /wd/hub/session/4b7c2011-a85e-403e-a6ae-b119cd9ff16e/elements [39m[32m200[39m [90m62 ms - 74[39m
[35m[HTTP][39m [90m[39m
[35m[HTTP][39m [37m-->[39m [37mPOST[39m [37m/wd/hub/session/4b7c2011-a85e-403e-a6ae-b119cd9ff16e/elements[39m
[35m[HTTP][39m [90m{"using":"-android uiautomator","value":"new UiSelector().className(\"android.widget.TextView\").text(\"Home\").resourceId(\"it.sky.msa:id/title\").instance(4)"}[39m
[35m[HTTP][39m [37m<-- POST /wd/hub/session/4b7c2011-a85e-403e-a6ae-b119cd9ff16e/elements [39m[32m200[39m [90m72 ms - 74[39m
[35m[HTTP][39m [90m[39m
[35m[HTTP][39m [37m-->[39m [37mPOST[39m [37m/wd/hub/session/4b7c2011-a85e-403e-a6ae-b119cd9ff16e/elements[39m
[35m[HTTP][39m [90m{"using":"-android uiautomator","value":"new UiSelector().className(\"android.widget.TextView\").text(\"Home\").resourceId(\"it.sky.msa:id/title\").instance(4)"}[39m
[35m[HTTP][39m [37m<-- POST /wd/hub/session/4b7c2011-a85e-403e-a6ae-b119cd9ff16e/elements [39m[32m200[39m [90m68 ms - 74[39m
[35m[HTTP][39m [90m[39m
[35m[HTTP][39m [37m-->[39m [37mPOST[39m [37m/wd/hub/session/4b7c2011-a85e-403e-a6ae-b119cd9ff16e/elements[39m
[35m[HTTP][39m [90m{"using":"-android uiautomator","value":"new UiSelector().className(\"android.widget.TextView\").text(\"Home\").resourceId(\"it.sky.msa:id/title\").instance(4)"}[39m
[35m[HTTP][39m [37m<-- POST /wd/hub/session/4b7c2011-a85e-403e-a6ae-b119cd9ff16e/elements [39m[32m200[39m [90m85 ms - 74[39m
[35m[HTTP][39m [90m[39m
[35m[HTTP][39m [37m-->[39m [37mPOST[39m [37m/wd/hub/session/4b7c2011-a85e-403e-a6ae-b119cd9ff16e/elements[39m
[35m[HTTP][39m [90m{"using":"-android uiautomator","value":"new UiSelector().className(\"android.widget.TextView\").text(\"Home\").resourceId(\"it.sky.msa:id/title\").instance(4)"}[39m
[35m[HTTP][39m [37m<-- POST /wd/hub/session/4b7c2011-a85e-403e-a6ae-b119cd9ff16e/elements [39m[32m200[39m [90m55 ms - 74[39m
[35m[HTTP][39m [90m[39m
[35m[HTTP][39m [37m-->[39m [37mPOST[39m [37m/wd/hub/session/4b7c2011-a85e-403e-a6ae-b119cd9ff16e/elements[39m
[35m[HTTP][39m [90m{"using":"-android uiautomator","value":"new UiSelector().className(\"android.widget.TextView\").text(\"Home\").resourceId(\"it.sky.msa:id/title\").instance(4)"}[39m
[35m[HTTP][39m [37m<-- POST /wd/hub/session/4b7c2011-a85e-403e-a6ae-b119cd9ff16e/elements [39m[32m200[39m [90m65 ms - 74[39m
[35m[HTTP][39m [90m[39m
[35m[HTTP][39m [37m-->[39m [37mPOST[39m [37m/wd/hub/session/4b7c2011-a85e-403e-a6ae-b119cd9ff16e/elements[39m
[35m[HTTP][39m [90m{"using":"-android uiautomator","value":"new UiSelector().className(\"android.widget.TextView\").text(\"Home\").resourceId(\"it.sky.msa:id/title\").instance(4)"}[39m
[35m[HTTP][39m [37m<-- POST /wd/hub/session/4b7c2011-a85e-403e-a6ae-b119cd9ff16e/elements [39m[32m200[39m [90m75 ms - 74[39m
[35m[HTTP][39m [90m[39m
[35m[HTTP][39m [37m-->[39m [37mPOST[39m [37m/wd/hub/session/4b7c2011-a85e-403e-a6ae-b119cd9ff16e/elements[39m
[35m[HTTP][39m [90m{"using":"-android uiautomator","value":"new UiSelector().className(\"android.widget.TextView\").text(\"Home\").resourceId(\"it.sky.msa:id/title\").instance(4)"}[39m
[35m[HTTP][39m [37m<-- POST /wd/hub/session/4b7c2011-a85e-403e-a6ae-b119cd9ff16e/elements [39m[32m200[39m [90m81 ms - 74[39m
[35m[HTTP][39m [90m[39m
[35m[HTTP][39m [37m-->[39m [37mPOST[39m [37m/wd/hub/session/4b7c2011-a85e-403e-a6ae-b119cd9ff16e/elements[39m
[35m[HTTP][39m [90m{"using":"-android uiautomator","value":"new UiSelector().className(\"android.widget.TextView\").text(\"Home\").resourceId(\"it.sky.msa:id/title\").instance(4)"}[39m
[35m[HTTP][39m [37m<-- POST /wd/hub/session/4b7c2011-a85e-403e-a6ae-b119cd9ff16e/elements [39m[32m200[39m [90m77 ms - 74[39m
[35m[HTTP][39m [90m[39m
[35m[HTTP][39m [37m-->[39m [37mPOST[39m [37m/wd/hub/session/4b7c2011-a85e-403e-a6ae-b119cd9ff16e/elements[39m
[35m[HTTP][39m [90m{"using":"-android uiautomator","value":"new UiSelector().className(\"android.widget.TextView\").text(\"Home\").resourceId(\"it.sky.msa:id/title\").instance(4)"}[39m
[35m[HTTP][39m [37m<-- POST /wd/hub/session/4b7c2011-a85e-403e-a6ae-b119cd9ff16e/elements [39m[32m200[39m [90m82 ms - 74[39m
[35m[HTTP][39m [90m[39m
[35m[HTTP][39m [37m-->[39m [37mPOST[39m [37m/wd/hub/session/4b7c2011-a85e-403e-a6ae-b119cd9ff16e/elements[39m
[35m[HTTP][39m [90m{"using":"-android uiautomator","value":"new UiSelector().className(\"android.widget.TextView\").text(\"Home\").resourceId(\"it.sky.msa:id/title\").instance(4)"}[39m
[35m[HTTP][39m [37m<-- POST /wd/hub/session/4b7c2011-a85e-403e-a6ae-b119cd9ff16e/elements [39m[32m200[39m [90m74 ms - 74[39m
[35m[HTTP][39m [90m[39m
[35m[HTTP][39m [37m-->[39m [37mPOST[39m [37m/wd/hub/session/4b7c2011-a85e-403e-a6ae-b119cd9ff16e/elements[39m
[35m[HTTP][39m [90m{"using":"-android uiautomator","value":"new UiSelector().className(\"android.widget.TextView\").text(\"Home\").resourceId(\"it.sky.msa:id/title\").instance(4)"}[39m
[35m[HTTP][39m [37m<-- POST /wd/hub/session/4b7c2011-a85e-403e-a6ae-b119cd9ff16e/elements [39m[32m200[39m [90m71 ms - 74[39m
[35m[HTTP][39m [90m[39m
[35m[HTTP][39m [37m-->[39m [37mPOST[39m [37m/wd/hub/session/4b7c2011-a85e-403e-a6ae-b119cd9ff16e/elements[39m
[35m[HTTP][39m [90m{"using":"-android uiautomator","value":"new UiSelector().className(\"android.widget.TextView\").text(\"Home\").resourceId(\"it.sky.msa:id/title\").instance(4)"}[39m
[35m[HTTP][39m [37m<-- POST /wd/hub/session/4b7c2011-a85e-403e-a6ae-b119cd9ff16e/elements [39m[32m200[39m [90m64 ms - 74[39m
[35m[HTTP][39m [90m[39m
[35m[HTTP][39m [37m-->[39m [37mPOST[39m [37m/wd/hub/session/4b7c2011-a85e-403e-a6ae-b119cd9ff16e/elements[39m
[35m[HTTP][39m [90m{"using":"-android uiautomator","value":"new UiSelector().className(\"android.widget.TextView\").text(\"Home\").resourceId(\"it.sky.msa:id/title\").instance(4)"}[39m
[35m[HTTP][39m [37m<-- POST /wd/hub/session/4b7c2011-a85e-403e-a6ae-b119cd9ff16e/elements [39m[32m200[39m [90m66 ms - 74[39m
[35m[HTTP][39m [90m[39m
[35m[HTTP][39m [37m-->[39m [37mPOST[39m [37m/wd/hub/session/4b7c2011-a85e-403e-a6ae-b119cd9ff16e/elements[39m
[35m[HTTP][39m [90m{"using":"-android uiautomator","value":"new UiSelector().className(\"android.widget.TextView\").text(\"Home\").resourceId(\"it.sky.msa:id/title\").instance(4)"}[39m
[35m[HTTP][39m [37m<-- POST /wd/hub/session/4b7c2011-a85e-403e-a6ae-b119cd9ff16e/elements [39m[32m200[39m [90m69 ms - 74[39m
[35m[HTTP][39m [90m[39m
[35m[HTTP][39m [37m-->[39m [37mPOST[39m [37m/wd/hub/session/4b7c2011-a85e-403e-a6ae-b119cd9ff16e/elements[39m
[35m[HTTP][39m [90m{"using":"-android uiautomator","value":"new UiSelector().className(\"android.widget.TextView\").text(\"Home\").resourceId(\"it.sky.msa:id/title\").instance(4)"}[39m
[35m[HTTP][39m [37m<-- POST /wd/hub/session/4b7c2011-a85e-403e-a6ae-b119cd9ff16e/elements [39m[32m200[39m [90m71 ms - 74[39m
[35m[HTTP][39m [90m[39m
[35m[HTTP][39m [37m-->[39m [37mPOST[39m [37m/wd/hub/session/4b7c2011-a85e-403e-a6ae-b119cd9ff16e/elements[39m
[35m[HTTP][39m [90m{"using":"-android uiautomator","value":"new UiSelector().className(\"android.widget.TextView\").text(\"Home\").resourceId(\"it.sky.msa:id/title\").instance(4)"}[39m
[35m[HTTP][39m [37m<-- POST /wd/hub/session/4b7c2011-a85e-403e-a6ae-b119cd9ff16e/elements [39m[32m200[39m [90m65 ms - 74[39m
[35m[HTTP][39m [90m[39m
[35m[HTTP][39m [37m-->[39m [37mPOST[39m [37m/wd/hub/session/4b7c2011-a85e-403e-a6ae-b119cd9ff16e/elements[39m
[35m[HTTP][39m [90m{"using":"-android uiautomator","value":"new UiSelector().className(\"android.widget.TextView\").text(\"Home\").resourceId(\"it.sky.msa:id/title\").instance(4)"}[39m
[35m[HTTP][39m [37m<-- POST /wd/hub/session/4b7c2011-a85e-403e-a6ae-b119cd9ff16e/elements [39m[32m200[39m [90m68 ms - 74[39m
[35m[HTTP][39m [90m[39m
[35m[HTTP][39m [37m-->[39m [37mPOST[39m [37m/wd/hub/session/4b7c2011-a85e-403e-a6ae-b119cd9ff16e/elements[39m
[35m[HTTP][39m [90m{"using":"-android uiautomator","value":"new UiSelector().className(\"android.widget.TextView\").text(\"Home\").resourceId(\"it.sky.msa:id/title\").instance(4)"}[39m
[35m[HTTP][39m [37m<-- POST /wd/hub/session/4b7c2011-a85e-403e-a6ae-b119cd9ff16e/elements [39m[32m200[39m [90m63 ms - 74[39m
[35m[HTTP][39m [90m[39m
[35m[HTTP][39m [37m-->[39m [37mPOST[39m [37m/wd/hub/session/4b7c2011-a85e-403e-a6ae-b119cd9ff16e/elements[39m
[35m[HTTP][39m [90m{"using":"-android uiautomator","value":"new UiSelector().className(\"android.widget.TextView\").text(\"Home\").resourceId(\"it.sky.msa:id/title\").instance(4)"}[39m
[35m[HTTP][39m [37m<-- POST /wd/hub/session/4b7c2011-a85e-403e-a6ae-b119cd9ff16e/elements [39m[32m200[39m [90m65 ms - 74[39m
[35m[HTTP][39m [90m[39m
[35m[HTTP][39m [37m-->[39m [37mPOST[39m [37m/wd/hub/session/4b7c2011-a85e-403e-a6ae-b119cd9ff16e/elements[39m
[35m[HTTP][39m [90m{"using":"-android uiautomator","value":"new UiSelector().className(\"android.widget.TextView\").text(\"Home\").resourceId(\"it.sky.msa:id/title\").instance(4)"}[39m
[35m[HTTP][39m [37m<-- POST /wd/hub/session/4b7c2011-a85e-403e-a6ae-b119cd9ff16e/elements [39m[32m200[39m [90m61 ms - 74[39m
[35m[HTTP][39m [90m[39m
[35m[HTTP][39m [37m-->[39m [37mPOST[39m [37m/wd/hub/session/4b7c2011-a85e-403e-a6ae-b119cd9ff16e/elements[39m
[35m[HTTP][39m [90m{"using":"-android uiautomator","value":"new UiSelector().className(\"android.widget.TextView\").text(\"Home\").resourceId(\"it.sky.msa:id/title\").instance(4)"}[39m
[35m[HTTP][39m [37m<-- POST /wd/hub/session/4b7c2011-a85e-403e-a6ae-b119cd9ff16e/elements [39m[32m200[39m [90m65 ms - 74[39m
[35m[HTTP][39m [90m[39m
[35m[HTTP][39m [37m-->[39m [37mPOST[39m [37m/wd/hub/session/4b7c2011-a85e-403e-a6ae-b119cd9ff16e/elements[39m
[35m[HTTP][39m [90m{"using":"-android uiautomator","value":"new UiSelector().className(\"android.widget.TextView\").text(\"Home\").resourceId(\"it.sky.msa:id/title\").instance(4)"}[39m
[35m[HTTP][39m [37m<-- POST /wd/hub/session/4b7c2011-a85e-403e-a6ae-b119cd9ff16e/elements [39m[32m200[39m [90m119 ms - 74[39m
[35m[HTTP][39m [90m[39m
[35m[HTTP][39m [37m-->[39m [37mPOST[39m [37m/wd/hub/session/4b7c2011-a85e-403e-a6ae-b119cd9ff16e/elements[39m
[35m[HTTP][39m [90m{"using":"-android uiautomator","value":"new UiSelector().className(\"android.widget.TextView\").text(\"Home\").resourceId(\"it.sky.msa:id/title\").instance(4)"}[39m
[35m[HTTP][39m [37m<-- POST /wd/hub/session/4b7c2011-a85e-403e-a6ae-b119cd9ff16e/elements [39m[32m200[39m [90m78 ms - 74[39m
[35m[HTTP][39m [90m[39m
[35m[HTTP][39m [37m-->[39m [37mPOST[39m [37m/wd/hub/session/4b7c2011-a85e-403e-a6ae-b119cd9ff16e/elements[39m
[35m[HTTP][39m [90m{"using":"-android uiautomator","value":"new UiSelector().className(\"android.widget.TextView\").text(\"Home\").resourceId(\"it.sky.msa:id/title\").instance(4)"}[39m
[35m[HTTP][39m [37m<-- POST /wd/hub/session/4b7c2011-a85e-403e-a6ae-b119cd9ff16e/elements [39m[32m200[39m [90m173 ms - 74[39m
[35m[HTTP][39m [90m[39m
[35m[HTTP][39m [37m-->[39m [37mPOST[39m [37m/wd/hub/session/4b7c2011-a85e-403e-a6ae-b119cd9ff16e/elements[39m
[35m[HTTP][39m [90m{"using":"-android uiautomator","value":"new UiSelector().className(\"android.widget.TextView\").text(\"Home\").resourceId(\"it.sky.msa:id/title\").instance(4)"}[39m
[35m[HTTP][39m [37m<-- POST /wd/hub/session/4b7c2011-a85e-403e-a6ae-b119cd9ff16e/elements [39m[32m200[39m [90m753 ms - 124[39m
[35m[HTTP][39m [90m[39m
[35m[HTTP][39m [37m-->[39m [37mGET[39m [37m/wd/hub/session/4b7c2011-a85e-403e-a6ae-b119cd9ff16e[39m
[35m[HTTP][39m [90m{}[39m
[35m[HTTP][39m [37m<-- GET /wd/hub/session/4b7c2011-a85e-403e-a6ae-b119cd9ff16e [39m[32m200[39m [90m33 ms - 1133[39m
[35m[HTTP][39m [90m[39m
[35m[HTTP][39m [37m-->[39m [37mGET[39m [37m/wd/hub/session/4b7c2011-a85e-403e-a6ae-b119cd9ff16e[39m
[35m[HTTP][39m [90m{}[39m
[35m[HTTP][39m [37m<-- GET /wd/hub/session/4b7c2011-a85e-403e-a6ae-b119cd9ff16e [39m[32m200[39m [90m28 ms - 1133[39m
[35m[HTTP][39m [90m[39m
[35m[HTTP][39m [37m-->[39m [37mGET[39m [37m/wd/hub/session/4b7c2011-a85e-403e-a6ae-b119cd9ff16e[39m
[35m[HTTP][39m [90m{}[39m
[35m[HTTP][39m [37m<-- GET /wd/hub/session/4b7c2011-a85e-403e-a6ae-b119cd9ff16e [39m[32m200[39m [90m26 ms - 1133[39m
[35m[HTTP][39m [90m[39m
[35m[HTTP][39m [37m-->[39m [37mGET[39m [37m/wd/hub/session/4b7c2011-a85e-403e-a6ae-b119cd9ff16e[39m
[35m[HTTP][39m [90m{}[39m
[35m[HTTP][39m [37m<-- GET /wd/hub/session/4b7c2011-a85e-403e-a6ae-b119cd9ff16e [39m[32m200[39m [90m28 ms - 1133[39m
[35m[HTTP][39m [90m[39m
[35m[HTTP][39m [37m-->[39m [37mGET[39m [37m/wd/hub/session/4b7c2011-a85e-403e-a6ae-b119cd9ff16e/element/ac43df1c-6fe4-49da-808b-4f858d0ec9ca/location[39m
[35m[HTTP][39m [90m{}[39m
[35m[W3C][39m Driver proxy active, passing request on via HTTP proxy
[35m[JSONWP Proxy][39m Replacing sessionId 5a05b2f7-40de-4c62-a936-d059d4a92a63 with 4b7c2011-a85e-403e-a6ae-b119cd9ff16e
[35m[HTTP][39m [37m<-- GET /wd/hub/session/4b7c2011-a85e-403e-a6ae-b119cd9ff16e/element/ac43df1c-6fe4-49da-808b-4f858d0ec9ca/location [39m[32m200[39m [90m62 ms - 89[39m
[35m[HTTP][39m [90m[39m
[35m[HTTP][39m [37m-->[39m [37mGET[39m [37m/wd/hub/session/4b7c2011-a85e-403e-a6ae-b119cd9ff16e/window/current/size[39m
[35m[HTTP][39m [90m{}[39m
[35m[W3C][39m Driver proxy active, passing request on via HTTP proxy
[35m[JSONWP Proxy][39m Replacing sessionId 5a05b2f7-40de-4c62-a936-d059d4a92a63 with 4b7c2011-a85e-403e-a6ae-b119cd9ff16e
[35m[HTTP][39m [37m<-- GET /wd/hub/session/4b7c2011-a85e-403e-a6ae-b119cd9ff16e/window/current/size [39m[32m200[39m [90m45 ms - 100[39m
[35m[HTTP][39m [90m[39m
[35m[HTTP][39m [37m-->[39m [37mPOST[39m [37m/wd/hub/session/4b7c2011-a85e-403e-a6ae-b119cd9ff16e/elements[39m
[35m[HTTP][39m [90m{"using":"-android uiautomator","value":"new UiSelector().className(\"android.widget.TextView\").text(\"Guida TV\").resourceId(\"it.sky.msa:id/title\").instance(5)"}[39m
[35m[HTTP][39m [37m<-- POST /wd/hub/session/4b7c2011-a85e-403e-a6ae-b119cd9ff16e/elements [39m[32m200[39m [90m158 ms - 124[39m
[35m[HTTP][39m [90m[39m
[35m[HTTP][39m [37m-->[39m [37mGET[39m [37m/wd/hub/session/4b7c2011-a85e-403e-a6ae-b119cd9ff16e[39m
[35m[HTTP][39m [90m{}[39m
[35m[HTTP][39m [37m<-- GET /wd/hub/session/4b7c2011-a85e-403e-a6ae-b119cd9ff16e [39m[32m200[39m [90m26 ms - 1133[39m
[35m[HTTP][39m [90m[39m
[35m[HTTP][39m [37m-->[39m [37mGET[39m [37m/wd/hub/session/4b7c2011-a85e-403e-a6ae-b119cd9ff16e[39m
[35m[HTTP][39m [90m{}[39m
[35m[HTTP][39m [37m<-- GET /wd/hub/session/4b7c2011-a85e-403e-a6ae-b119cd9ff16e [39m[32m200[39m [90m29 ms - 1133[39m
[35m[HTTP][39m [90m[39m
[35m[HTTP][39m [37m-->[39m [37mGET[39m [37m/wd/hub/session/4b7c2011-a85e-403e-a6ae-b119cd9ff16e[39m
[35m[HTTP][39m [90m{}[39m
[35m[HTTP][39m [37m<-- GET /wd/hub/session/4b7c2011-a85e-403e-a6ae-b119cd9ff16e [39m[32m200[39m [90m28 ms - 1133[39m
[35m[HTTP][39m [90m[39m
[35m[HTTP][39m [37m-->[39m [37mGET[39m [37m/wd/hub/session/4b7c2011-a85e-403e-a6ae-b119cd9ff16e[39m
[35m[HTTP][39m [90m{}[39m
[35m[HTTP][39m [37m<-- GET /wd/hub/session/4b7c2011-a85e-403e-a6ae-b119cd9ff16e [39m[32m200[39m [90m27 ms - 1133[39m
[35m[HTTP][39m [90m[39m
[35m[HTTP][39m [37m-->[39m [37mGET[39m [37m/wd/hub/session/4b7c2011-a85e-403e-a6ae-b119cd9ff16e/element/ca5a1eca-1cb9-459f-abb3-4ef405332034/location[39m
[35m[HTTP][39m [90m{}[39m
[35m[W3C][39m Driver proxy active, passing request on via HTTP proxy
[35m[JSONWP Proxy][39m Replacing sessionId 5a05b2f7-40de-4c62-a936-d059d4a92a63 with 4b7c2011-a85e-403e-a6ae-b119cd9ff16e
[35m[HTTP][39m [37m<-- GET /wd/hub/session/4b7c2011-a85e-403e-a6ae-b119cd9ff16e/element/ca5a1eca-1cb9-459f-abb3-4ef405332034/location [39m[32m200[39m [90m58 ms - 90[39m
[35m[HTTP][39m [90m[39m
[35m[HTTP][39m [37m-->[39m [37mPOST[39m [37m/wd/hub/session/4b7c2011-a85e-403e-a6ae-b119cd9ff16e/touch/perform[39m
[35m[HTTP][39m [90m{"actions":[{"action":"tap","options":{"element":"ca5a1eca-1cb9-459f-abb3-4ef405332034","x":1,"y":1}}]}[39m
[35m[UiAutomator2][39m calling get location: ca5a1eca-1cb9-459f-abb3-4ef405332034
[35m[HTTP][39m [37m<-- POST /wd/hub/session/4b7c2011-a85e-403e-a6ae-b119cd9ff16e/touch/perform [39m[32m200[39m [90m1118 ms - 76[39m
[35m[HTTP][39m [90m[39m
[35m[HTTP][39m [37m-->[39m [37mGET[39m [37m/wd/hub/session/4b7c2011-a85e-403e-a6ae-b119cd9ff16e/window/current/size[39m
[35m[HTTP][39m [90m{}[39m
[35m[W3C][39m Driver proxy active, passing request on via HTTP proxy
[35m[JSONWP Proxy][39m Replacing sessionId 5a05b2f7-40de-4c62-a936-d059d4a92a63 with 4b7c2011-a85e-403e-a6ae-b119cd9ff16e
[35m[HTTP][39m [37m<-- GET /wd/hub/session/4b7c2011-a85e-403e-a6ae-b119cd9ff16e/window/current/size [39m[32m200[39m [90m43 ms - 100[39m
[35m[HTTP][39m [90m[39m
[35m[HTTP][39m [37m-->[39m [37mPOST[39m [37m/wd/hub/session/4b7c2011-a85e-403e-a6ae-b119cd9ff16e/elements[39m
[35m[HTTP][39m [90m{"using":"-android uiautomator","value":"new UiSelector().className(\"android.widget.ImageView\").resourceId(\"it.sky.msa:id/heroImageImageView\").packageName(\"it.sky.msa\").instance(0)"}[39m
[35m[HTTP][39m [37m<-- POST /wd/hub/session/4b7c2011-a85e-403e-a6ae-b119cd9ff16e/elements [39m[32m200[39m [90m122 ms - 74[39m
[35m[HTTP][39m [90m[39m
[35m[HTTP][39m [37m-->[39m [37mPOST[39m [37m/wd/hub/session/4b7c2011-a85e-403e-a6ae-b119cd9ff16e/elements[39m
[35m[HTTP][39m [90m{"using":"-android uiautomator","value":"new UiSelector().className(\"android.widget.ImageView\").resourceId(\"it.sky.msa:id/heroImageImageView\").packageName(\"it.sky.msa\").instance(0)"}[39m
[35m[HTTP][39m [37m<-- POST /wd/hub/session/4b7c2011-a85e-403e-a6ae-b119cd9ff16e/elements [39m[32m200[39m [90m87 ms - 74[39m
[35m[HTTP][39m [90m[39m
[35m[HTTP][39m [37m-->[39m [37mPOST[39m [37m/wd/hub/session/4b7c2011-a85e-403e-a6ae-b119cd9ff16e/elements[39m
[35m[HTTP][39m [90m{"using":"-android uiautomator","value":"new UiSelector().className(\"android.widget.ImageView\").resourceId(\"it.sky.msa:id/heroImageImageView\").packageName(\"it.sky.msa\").instance(0)"}[39m
[35m[HTTP][39m [37m<-- POST /wd/hub/session/4b7c2011-a85e-403e-a6ae-b119cd9ff16e/elements [39m[32m200[39m [90m80 ms - 74[39m
[35m[HTTP][39m [90m[39m
[35m[HTTP][39m [37m-->[39m [37mPOST[39m [37m/wd/hub/session/4b7c2011-a85e-403e-a6ae-b119cd9ff16e/elements[39m
[35m[HTTP][39m [90m{"using":"-android uiautomator","value":"new UiSelector().className(\"android.widget.ImageView\").resourceId(\"it.sky.msa:id/heroImageImageView\").packageName(\"it.sky.msa\").instance(0)"}[39m
[35m[HTTP][39m [37m<-- POST /wd/hub/session/4b7c2011-a85e-403e-a6ae-b119cd9ff16e/elements [39m[32m200[39m [90m91 ms - 74[39m
[35m[HTTP][39m [90m[39m
[35m[HTTP][39m [37m-->[39m [37mPOST[39m [37m/wd/hub/session/4b7c2011-a85e-403e-a6ae-b119cd9ff16e/elements[39m
[35m[HTTP][39m [90m{"using":"-android uiautomator","value":"new UiSelector().className(\"android.widget.ImageView\").resourceId(\"it.sky.msa:id/heroImageImageView\").packageName(\"it.sky.msa\").instance(0)"}[39m
[35m[HTTP][39m [37m<-- POST /wd/hub/session/4b7c2011-a85e-403e-a6ae-b119cd9ff16e/elements [39m[32m200[39m [90m97 ms - 74[39m
[35m[HTTP][39m [90m[39m
[35m[HTTP][39m [37m-->[39m [37mPOST[39m [37m/wd/hub/session/4b7c2011-a85e-403e-a6ae-b119cd9ff16e/elements[39m
[35m[HTTP][39m [90m{"using":"-android uiautomator","value":"new UiSelector().className(\"android.widget.ImageView\").resourceId(\"it.sky.msa:id/heroImageImageView\").packageName(\"it.sky.msa\").instance(0)"}[39m
[35m[HTTP][39m [37m<-- POST /wd/hub/session/4b7c2011-a85e-403e-a6ae-b119cd9ff16e/elements [39m[32m200[39m [90m94 ms - 74[39m
[35m[HTTP][39m [90m[39m
[35m[HTTP][39m [37m-->[39m [37mPOST[39m [37m/wd/hub/session/4b7c2011-a85e-403e-a6ae-b119cd9ff16e/elements[39m
[35m[HTTP][39m [90m{"using":"-android uiautomator","value":"new UiSelector().className(\"android.widget.ImageView\").resourceId(\"it.sky.msa:id/heroImageImageView\").packageName(\"it.sky.msa\").instance(0)"}[39m
[35m[HTTP][39m [37m<-- POST /wd/hub/session/4b7c2011-a85e-403e-a6ae-b119cd9ff16e/elements [39m[32m200[39m [90m91 ms - 74[39m
[35m[HTTP][39m [90m[39m
[35m[HTTP][39m [37m-->[39m [37mPOST[39m [37m/wd/hub/session/4b7c2011-a85e-403e-a6ae-b119cd9ff16e/elements[39m
[35m[HTTP][39m [90m{"using":"-android uiautomator","value":"new UiSelector().className(\"android.widget.ImageView\").resourceId(\"it.sky.msa:id/heroImageImageView\").packageName(\"it.sky.msa\").instance(0)"}[39m
[35m[HTTP][39m [37m<-- POST /wd/hub/session/4b7c2011-a85e-403e-a6ae-b119cd9ff16e/elements [39m[32m200[39m [90m915 ms - 74[39m
[35m[HTTP][39m [90m[39m
[35m[HTTP][39m [37m-->[39m [37mPOST[39m [37m/wd/hub/session/4b7c2011-a85e-403e-a6ae-b119cd9ff16e/elements[39m
[35m[HTTP][39m [90m{"using":"-android uiautomator","value":"new UiSelector().className(\"android.widget.ImageView\").resourceId(\"it.sky.msa:id/heroImageImageView\").packageName(\"it.sky.msa\").instance(0)"}[39m
[35m[HTTP][39m [37m<-- POST /wd/hub/session/4b7c2011-a85e-403e-a6ae-b119cd9ff16e/elements [39m[32m200[39m [90m821 ms - 124[39m
[35m[HTTP][39m [90m[39m
[35m[HTTP][39m [37m-->[39m [37mGET[39m [37m/wd/hub/session/4b7c2011-a85e-403e-a6ae-b119cd9ff16e[39m
[35m[HTTP][39m [90m{}[39m
[35m[HTTP][39m [37m<-- GET /wd/hub/session/4b7c2011-a85e-403e-a6ae-b119cd9ff16e [39m[32m200[39m [90m36 ms - 1133[39m
[35m[HTTP][39m [90m[39m
[35m[HTTP][39m [37m-->[39m [37mGET[39m [37m/wd/hub/session/4b7c2011-a85e-403e-a6ae-b119cd9ff16e[39m
[35m[HTTP][39m [90m{}[39m
[35m[HTTP][39m [37m<-- GET /wd/hub/session/4b7c2011-a85e-403e-a6ae-b119cd9ff16e [39m[32m200[39m [90m32 ms - 1133[39m
[35m[HTTP][39m [90m[39m
[35m[HTTP][39m [37m-->[39m [37mGET[39m [37m/wd/hub/session/4b7c2011-a85e-403e-a6ae-b119cd9ff16e[39m
[35m[HTTP][39m [90m{}[39m
[35m[HTTP][39m [37m<-- GET /wd/hub/session/4b7c2011-a85e-403e-a6ae-b119cd9ff16e [39m[32m200[39m [90m35 ms - 1133[39m
[35m[HTTP][39m [90m[39m
[35m[HTTP][39m [37m-->[39m [37mGET[39m [37m/wd/hub/session/4b7c2011-a85e-403e-a6ae-b119cd9ff16e[39m
[35m[HTTP][39m [90m{}[39m
[35m[HTTP][39m [37m<-- GET /wd/hub/session/4b7c2011-a85e-403e-a6ae-b119cd9ff16e [39m[32m200[39m [90m27 ms - 1133[39m
[35m[HTTP][39m [90m[39m
[35m[HTTP][39m [37m-->[39m [37mGET[39m [37m/wd/hub/session/4b7c2011-a85e-403e-a6ae-b119cd9ff16e/element/2cfbaa03-3357-4169-9b3b-701d5cffd1c2/location[39m
[35m[HTTP][39m [90m{}[39m
[35m[W3C][39m Driver proxy active, passing request on via HTTP proxy
[35m[JSONWP Proxy][39m Replacing sessionId 5a05b2f7-40de-4c62-a936-d059d4a92a63 with 4b7c2011-a85e-403e-a6ae-b119cd9ff16e
[35m[HTTP][39m [37m<-- GET /wd/hub/session/4b7c2011-a85e-403e-a6ae-b119cd9ff16e/element/2cfbaa03-3357-4169-9b3b-701d5cffd1c2/location [39m[32m200[39m [90m62 ms - 87[39m
[35m[HTTP][39m [90m[39m
[35m[HTTP][39m [37m-->[39m [37mGET[39m [37m/wd/hub/session/4b7c2011-a85e-403e-a6ae-b119cd9ff16e/window/current/size[39m
[35m[HTTP][39m [90m{}[39m
[35m[W3C][39m Driver proxy active, passing request on via HTTP proxy
[35m[JSONWP Proxy][39m Replacing sessionId 5a05b2f7-40de-4c62-a936-d059d4a92a63 with 4b7c2011-a85e-403e-a6ae-b119cd9ff16e
[35m[HTTP][39m [37m<-- GET /wd/hub/session/4b7c2011-a85e-403e-a6ae-b119cd9ff16e/window/current/size [39m[32m200[39m [90m33 ms - 100[39m
[35m[HTTP][39m [90m[39m
[35m[HTTP][39m [37m-->[39m [37mPOST[39m [37m/wd/hub/session/4b7c2011-a85e-403e-a6ae-b119cd9ff16e/elements[39m
[35m[HTTP][39m [90m{"using":"-android uiautomator","value":"new UiSelector().className(\"android.widget.TextView\").text(\"GUIDA TV\").resourceId(\"it.sky.msa:id/headerTitle\").instance(0)"}[39m
[35m[HTTP][39m [37m<-- POST /wd/hub/session/4b7c2011-a85e-403e-a6ae-b119cd9ff16e/elements [39m[32m200[39m [90m133 ms - 124[39m
[35m[HTTP][39m [90m[39m
[35m[HTTP][39m [37m-->[39m [37mGET[39m [37m/wd/hub/session/4b7c2011-a85e-403e-a6ae-b119cd9ff16e[39m
[35m[HTTP][39m [90m{}[39m
[35m[HTTP][39m [37m<-- GET /wd/hub/session/4b7c2011-a85e-403e-a6ae-b119cd9ff16e [39m[32m200[39m [90m24 ms - 1133[39m
[35m[HTTP][39m [90m[39m
[35m[HTTP][39m [37m-->[39m [37mGET[39m [37m/wd/hub/session/4b7c2011-a85e-403e-a6ae-b119cd9ff16e[39m
[35m[HTTP][39m [90m{}[39m
[35m[HTTP][39m [37m<-- GET /wd/hub/session/4b7c2011-a85e-403e-a6ae-b119cd9ff16e [39m[32m200[39m [90m23 ms - 1133[39m
[35m[HTTP][39m [90m[39m
[35m[HTTP][39m [37m-->[39m [37mGET[39m [37m/wd/hub/session/4b7c2011-a85e-403e-a6ae-b119cd9ff16e[39m
[35m[HTTP][39m [90m{}[39m
[35m[HTTP][39m [37m<-- GET /wd/hub/session/4b7c2011-a85e-403e-a6ae-b119cd9ff16e [39m[32m200[39m [90m25 ms - 1133[39m
[35m[HTTP][39m [90m[39m
[35m[HTTP][39m [37m-->[39m [37mGET[39m [37m/wd/hub/session/4b7c2011-a85e-403e-a6ae-b119cd9ff16e[39m
[35m[HTTP][39m [90m{}[39m
[35m[HTTP][39m [37m<-- GET /wd/hub/session/4b7c2011-a85e-403e-a6ae-b119cd9ff16e [39m[32m200[39m [90m25 ms - 1133[39m
[35m[HTTP][39m [90m[39m
[35m[HTTP][39m [37m-->[39m [37mGET[39m [37m/wd/hub/session/4b7c2011-a85e-403e-a6ae-b119cd9ff16e/element/575f08a5-ba7c-4357-941c-f05e8ef30726/location[39m
[35m[HTTP][39m [90m{}[39m
[35m[W3C][39m Driver proxy active, passing request on via HTTP proxy
[35m[JSONWP Proxy][39m Replacing sessionId 5a05b2f7-40de-4c62-a936-d059d4a92a63 with 4b7c2011-a85e-403e-a6ae-b119cd9ff16e
[35m[HTTP][39m [37m<-- GET /wd/hub/session/4b7c2011-a85e-403e-a6ae-b119cd9ff16e/element/575f08a5-ba7c-4357-941c-f05e8ef30726/location [39m[32m200[39m [90m59 ms - 88[39m
[35m[HTTP][39m [90m[39m
[35m[HTTP][39m [37m-->[39m [37mGET[39m [37m/wd/hub/session/4b7c2011-a85e-403e-a6ae-b119cd9ff16e/window/current/size[39m
[35m[HTTP][39m [90m{}[39m
[35m[W3C][39m Driver proxy active, passing request on via HTTP proxy
[35m[JSONWP Proxy][39m Replacing sessionId 5a05b2f7-40de-4c62-a936-d059d4a92a63 with 4b7c2011-a85e-403e-a6ae-b119cd9ff16e
[35m[HTTP][39m [37m<-- GET /wd/hub/session/4b7c2011-a85e-403e-a6ae-b119cd9ff16e/window/current/size [39m[32m200[39m [90m54 ms - 100[39m
[35m[HTTP][39m [90m[39m
[35m[HTTP][39m [37m-->[39m [37mPOST[39m [37m/wd/hub/session/4b7c2011-a85e-403e-a6ae-b119cd9ff16e/elements[39m
[35m[HTTP][39m [90m{"using":"-android uiautomator","value":"new UiSelector().className(\"android.widget.TextView\").text(\"Scelti per te questa settimana\").resourceId(\"it.sky.msa:id/categoryTitle\").packageName(\"it.sky.msa\").instance(6)"}[39m
[35m[HTTP][39m [37m<-- POST /wd/hub/session/4b7c2011-a85e-403e-a6ae-b119cd9ff16e/elements [39m[32m200[39m [90m120 ms - 124[39m
[35m[HTTP][39m [90m[39m
[35m[HTTP][39m [37m-->[39m [37mGET[39m [37m/wd/hub/session/4b7c2011-a85e-403e-a6ae-b119cd9ff16e[39m
[35m[HTTP][39m [90m{}[39m
[35m[HTTP][39m [37m<-- GET /wd/hub/session/4b7c2011-a85e-403e-a6ae-b119cd9ff16e [39m[32m200[39m [90m33 ms - 1133[39m
[35m[HTTP][39m [90m[39m
[35m[HTTP][39m [37m-->[39m [37mGET[39m [37m/wd/hub/session/4b7c2011-a85e-403e-a6ae-b119cd9ff16e[39m
[35m[HTTP][39m [90m{}[39m
[35m[HTTP][39m [37m<-- GET /wd/hub/session/4b7c2011-a85e-403e-a6ae-b119cd9ff16e [39m[32m200[39m [90m25 ms - 1133[39m
[35m[HTTP][39m [90m[39m
[35m[HTTP][39m [37m-->[39m [37mGET[39m [37m/wd/hub/session/4b7c2011-a85e-403e-a6ae-b119cd9ff16e[39m
[35m[HTTP][39m [90m{}[39m
[35m[HTTP][39m [37m<-- GET /wd/hub/session/4b7c2011-a85e-403e-a6ae-b119cd9ff16e [39m[32m200[39m [90m25 ms - 1133[39m
[35m[HTTP][39m [90m[39m
[35m[HTTP][39m [37m-->[39m [37mGET[39m [37m/wd/hub/session/4b7c2011-a85e-403e-a6ae-b119cd9ff16e[39m
[35m[HTTP][39m [90m{}[39m
[35m[HTTP][39m [37m<-- GET /wd/hub/session/4b7c2011-a85e-403e-a6ae-b119cd9ff16e [39m[32m200[39m [90m27 ms - 1133[39m
[35m[HTTP][39m [90m[39m
[35m[HTTP][39m [37m-->[39m [37mGET[39m [37m/wd/hub/session/4b7c2011-a85e-403e-a6ae-b119cd9ff16e/element/07cd3f5b-2015-4061-a346-48d5a5c0a994/location[39m
[35m[HTTP][39m [90m{}[39m
[35m[W3C][39m Driver proxy active, passing request on via HTTP proxy
[35m[JSONWP Proxy][39m Replacing sessionId 5a05b2f7-40de-4c62-a936-d059d4a92a63 with 4b7c2011-a85e-403e-a6ae-b119cd9ff16e
[35m[HTTP][39m [37m<-- GET /wd/hub/session/4b7c2011-a85e-403e-a6ae-b119cd9ff16e/element/07cd3f5b-2015-4061-a346-48d5a5c0a994/location [39m[32m200[39m [90m57 ms - 89[39m
[35m[HTTP][39m [90m[39m
[35m[HTTP][39m [37m-->[39m [37mGET[39m [37m/wd/hub/session/4b7c2011-a85e-403e-a6ae-b119cd9ff16e/window/current/size[39m
[35m[HTTP][39m [90m{}[39m
[35m[W3C][39m Driver proxy active, passing request on via HTTP proxy
[35m[JSONWP Proxy][39m Replacing sessionId 5a05b2f7-40de-4c62-a936-d059d4a92a63 with 4b7c2011-a85e-403e-a6ae-b119cd9ff16e
[35m[HTTP][39m [37m<-- GET /wd/hub/session/4b7c2011-a85e-403e-a6ae-b119cd9ff16e/window/current/size [39m[32m200[39m [90m46 ms - 100[39m
[35m[HTTP][39m [90m[39m
[35m[HTTP][39m [37m-->[39m [37mPOST[39m [37m/wd/hub/session/4b7c2011-a85e-403e-a6ae-b119cd9ff16e/elements[39m
[35m[HTTP][39m [90m{"using":"-android uiautomator","value":"new UiSelector().className(\"android.widget.TextView\").text(\"Programmazione\").packageName(\"it.sky.msa\").instance(1)"}[39m
[35m[HTTP][39m [37m<-- POST /wd/hub/session/4b7c2011-a85e-403e-a6ae-b119cd9ff16e/elements [39m[32m200[39m [90m112 ms - 124[39m
[35m[HTTP][39m [90m[39m
[35m[HTTP][39m [37m-->[39m [37mGET[39m [37m/wd/hub/session/4b7c2011-a85e-403e-a6ae-b119cd9ff16e[39m
[35m[HTTP][39m [90m{}[39m
[35m[HTTP][39m [37m<-- GET /wd/hub/session/4b7c2011-a85e-403e-a6ae-b119cd9ff16e [39m[32m200[39m [90m32 ms - 1133[39m
[35m[HTTP][39m [90m[39m
[35m[HTTP][39m [37m-->[39m [37mGET[39m [37m/wd/hub/session/4b7c2011-a85e-403e-a6ae-b119cd9ff16e[39m
[35m[HTTP][39m [90m{}[39m
[35m[HTTP][39m [37m<-- GET /wd/hub/session/4b7c2011-a85e-403e-a6ae-b119cd9ff16e [39m[32m200[39m [90m25 ms - 1133[39m
[35m[HTTP][39m [90m[39m
[35m[HTTP][39m [37m-->[39m [37mGET[39m [37m/wd/hub/session/4b7c2011-a85e-403e-a6ae-b119cd9ff16e[39m
[35m[HTTP][39m [90m{}[39m
[35m[HTTP][39m [37m<-- GET /wd/hub/session/4b7c2011-a85e-403e-a6ae-b119cd9ff16e [39m[32m200[39m [90m24 ms - 1133[39m
[35m[HTTP][39m [90m[39m
[35m[HTTP][39m [37m-->[39m [37mGET[39m [37m/wd/hub/session/4b7c2011-a85e-403e-a6ae-b119cd9ff16e[39m
[35m[HTTP][39m [90m{}[39m
[35m[HTTP][39m [37m<-- GET /wd/hub/session/4b7c2011-a85e-403e-a6ae-b119cd9ff16e [39m[32m200[39m [90m25 ms - 1133[39m
[35m[HTTP][39m [90m[39m
[35m[HTTP][39m [37m-->[39m [37mGET[39m [37m/wd/hub/session/4b7c2011-a85e-403e-a6ae-b119cd9ff16e/element/d3c2cc84-ef0d-4a5c-b46d-2d3d875c6767/location[39m
[35m[HTTP][39m [90m{}[39m
[35m[W3C][39m Driver proxy active, passing request on via HTTP proxy
[35m[JSONWP Proxy][39m Replacing sessionId 5a05b2f7-40de-4c62-a936-d059d4a92a63 with 4b7c2011-a85e-403e-a6ae-b119cd9ff16e
[35m[HTTP][39m [37m<-- GET /wd/hub/session/4b7c2011-a85e-403e-a6ae-b119cd9ff16e/element/d3c2cc84-ef0d-4a5c-b46d-2d3d875c6767/location [39m[32m200[39m [90m50 ms - 88[39m
[35m[HTTP][39m [90m[39m
[35m[HTTP][39m [37m-->[39m [37mGET[39m [37m/wd/hub/session/4b7c2011-a85e-403e-a6ae-b119cd9ff16e/window/current/size[39m
[35m[HTTP][39m [90m{}[39m
[35m[W3C][39m Driver proxy active, passing request on via HTTP proxy
[35m[JSONWP Proxy][39m Replacing sessionId 5a05b2f7-40de-4c62-a936-d059d4a92a63 with 4b7c2011-a85e-403e-a6ae-b119cd9ff16e
[35m[HTTP][39m [37m<-- GET /wd/hub/session/4b7c2011-a85e-403e-a6ae-b119cd9ff16e/window/current/size [39m[32m200[39m [90m41 ms - 100[39m
[35m[HTTP][39m [90m[39m
[35m[HTTP][39m [37m-->[39m [37mPOST[39m [37m/wd/hub/session/4b7c2011-a85e-403e-a6ae-b119cd9ff16e/elements[39m
[35m[HTTP][39m [90m{"using":"-android uiautomator","value":"new UiSelector().className(\"android.widget.ImageView\").resourceId(\"it.sky.msa:id/imageView6\").instance(2)"}[39m
[35m[HTTP][39m [37m<-- POST /wd/hub/session/4b7c2011-a85e-403e-a6ae-b119cd9ff16e/elements [39m[32m200[39m [90m96 ms - 124[39m
[35m[HTTP][39m [90m[39m
[35m[HTTP][39m [37m-->[39m [37mGET[39m [37m/wd/hub/session/4b7c2011-a85e-403e-a6ae-b119cd9ff16e[39m
[35m[HTTP][39m [90m{}[39m
[35m[HTTP][39m [37m<-- GET /wd/hub/session/4b7c2011-a85e-403e-a6ae-b119cd9ff16e [39m[32m200[39m [90m23 ms - 1133[39m
[35m[HTTP][39m [90m[39m
[35m[HTTP][39m [37m-->[39m [37mGET[39m [37m/wd/hub/session/4b7c2011-a85e-403e-a6ae-b119cd9ff16e[39m
[35m[HTTP][39m [90m{}[39m
[35m[HTTP][39m [37m<-- GET /wd/hub/session/4b7c2011-a85e-403e-a6ae-b119cd9ff16e [39m[32m200[39m [90m23 ms - 1133[39m
[35m[HTTP][39m [90m[39m
[35m[HTTP][39m [37m-->[39m [37mGET[39m [37m/wd/hub/session/4b7c2011-a85e-403e-a6ae-b119cd9ff16e[39m
[35m[HTTP][39m [90m{}[39m
[35m[HTTP][39m [37m<-- GET /wd/hub/session/4b7c2011-a85e-403e-a6ae-b119cd9ff16e [39m[32m200[39m [90m30 ms - 1133[39m
[35m[HTTP][39m [90m[39m
[35m[HTTP][39m [37m-->[39m [37mGET[39m [37m/wd/hub/session/4b7c2011-a85e-403e-a6ae-b119cd9ff16e[39m
[35m[HTTP][39m [90m{}[39m
[35m[HTTP][39m [37m<-- GET /wd/hub/session/4b7c2011-a85e-403e-a6ae-b119cd9ff16e [39m[32m200[39m [90m46 ms - 1133[39m
[35m[HTTP][39m [90m[39m
[35m[HTTP][39m [37m-->[39m [37mGET[39m [37m/wd/hub/session/4b7c2011-a85e-403e-a6ae-b119cd9ff16e/element/08ca6a20-a78e-4185-baed-6b8d2e44e7b4/location[39m
[35m[HTTP][39m [90m{}[39m
[35m[W3C][39m Driver proxy active, passing request on via HTTP proxy
[35m[JSONWP Proxy][39m Replacing sessionId 5a05b2f7-40de-4c62-a936-d059d4a92a63 with 4b7c2011-a85e-403e-a6ae-b119cd9ff16e
[35m[HTTP][39m [37m<-- GET /wd/hub/session/4b7c2011-a85e-403e-a6ae-b119cd9ff16e/element/08ca6a20-a78e-4185-baed-6b8d2e44e7b4/location [39m[32m200[39m [90m81 ms - 88[39m
[35m[HTTP][39m [90m[39m
[35m[HTTP][39m [37m-->[39m [37mGET[39m [37m/wd/hub/session/4b7c2011-a85e-403e-a6ae-b119cd9ff16e/window/current/size[39m
[35m[HTTP][39m [90m{}[39m
[35m[W3C][39m Driver proxy active, passing request on via HTTP proxy
[35m[JSONWP Proxy][39m Replacing sessionId 5a05b2f7-40de-4c62-a936-d059d4a92a63 with 4b7c2011-a85e-403e-a6ae-b119cd9ff16e
[35m[HTTP][39m [37m<-- GET /wd/hub/session/4b7c2011-a85e-403e-a6ae-b119cd9ff16e/window/current/size [39m[32m200[39m [90m34 ms - 100[39m
[35m[HTTP][39m [90m[39m
[35m[HTTP][39m [37m-->[39m [37mPOST[39m [37m/wd/hub/session/4b7c2011-a85e-403e-a6ae-b119cd9ff16e/elements[39m
[35m[HTTP][39m [90m{"using":"-android uiautomator","value":"new UiSelector().className(\"android.widget.ImageView\").resourceId(\"it.sky.msa:id/imageView7\").instance(1)"}[39m
[35m[HTTP][39m [37m<-- POST /wd/hub/session/4b7c2011-a85e-403e-a6ae-b119cd9ff16e/elements [39m[32m200[39m [90m104 ms - 124[39m
[35m[HTTP][39m [90m[39m
[35m[HTTP][39m [37m-->[39m [37mGET[39m [37m/wd/hub/session/4b7c2011-a85e-403e-a6ae-b119cd9ff16e[39m
[35m[HTTP][39m [90m{}[39m
[35m[HTTP][39m [37m<-- GET /wd/hub/session/4b7c2011-a85e-403e-a6ae-b119cd9ff16e [39m[32m200[39m [90m23 ms - 1133[39m
[35m[HTTP][39m [90m[39m
[35m[HTTP][39m [37m-->[39m [37mGET[39m [37m/wd/hub/session/4b7c2011-a85e-403e-a6ae-b119cd9ff16e[39m
[35m[HTTP][39m [90m{}[39m
[35m[HTTP][39m [37m<-- GET /wd/hub/session/4b7c2011-a85e-403e-a6ae-b119cd9ff16e [39m[32m200[39m [90m20 ms - 1133[39m
[35m[HTTP][39m [90m[39m
[35m[HTTP][39m [37m-->[39m [37mGET[39m [37m/wd/hub/session/4b7c2011-a85e-403e-a6ae-b119cd9ff16e[39m
[35m[HTTP][39m [90m{}[39m
[35m[HTTP][39m [37m<-- GET /wd/hub/session/4b7c2011-a85e-403e-a6ae-b119cd9ff16e [39m[32m200[39m [90m26 ms - 1133[39m
[35m[HTTP][39m [90m[39m
[35m[HTTP][39m [37m-->[39m [37mGET[39m [37m/wd/hub/session/4b7c2011-a85e-403e-a6ae-b119cd9ff16e[39m
[35m[HTTP][39m [90m{}[39m
[35m[HTTP][39m [37m<-- GET /wd/hub/session/4b7c2011-a85e-403e-a6ae-b119cd9ff16e [39m[32m200[39m [90m25 ms - 1133[39m
[35m[HTTP][39m [90m[39m
[35m[HTTP][39m [37m-->[39m [37mGET[39m [37m/wd/hub/session/4b7c2011-a85e-403e-a6ae-b119cd9ff16e/element/f35d6f5a-8b50-424f-ac64-e7c091577532/location[39m
[35m[HTTP][39m [90m{}[39m
[35m[W3C][39m Driver proxy active, passing request on via HTTP proxy
[35m[JSONWP Proxy][39m Replacing sessionId 5a05b2f7-40de-4c62-a936-d059d4a92a63 with 4b7c2011-a85e-403e-a6ae-b119cd9ff16e
[35m[HTTP][39m [37m<-- GET /wd/hub/session/4b7c2011-a85e-403e-a6ae-b119cd9ff16e/element/f35d6f5a-8b50-424f-ac64-e7c091577532/location [39m[32m200[39m [90m50 ms - 89[39m
[35m[HTTP][39m [90m[39m
[35m[HTTP][39m [37m-->[39m [37mGET[39m [37m/wd/hub/session/4b7c2011-a85e-403e-a6ae-b119cd9ff16e/window/current/size[39m
[35m[HTTP][39m [90m{}[39m
[35m[W3C][39m Driver proxy active, passing request on via HTTP proxy
[35m[JSONWP Proxy][39m Replacing sessionId 5a05b2f7-40de-4c62-a936-d059d4a92a63 with 4b7c2011-a85e-403e-a6ae-b119cd9ff16e
[35m[HTTP][39m [37m<-- GET /wd/hub/session/4b7c2011-a85e-403e-a6ae-b119cd9ff16e/window/current/size [39m[32m200[39m [90m30 ms - 100[39m
[35m[HTTP][39m [90m[39m
[35m[HTTP][39m [37m-->[39m [37mPOST[39m [37m/wd/hub/session/4b7c2011-a85e-403e-a6ae-b119cd9ff16e/elements[39m
[35m[HTTP][39m [90m{"using":"-android uiautomator","value":"new UiSelector().className(\"android.widget.ImageView\").resourceId(\"it.sky.msa:id/imageView5\").instance(0)"}[39m
[35m[HTTP][39m [37m<-- POST /wd/hub/session/4b7c2011-a85e-403e-a6ae-b119cd9ff16e/elements [39m[32m200[39m [90m131 ms - 124[39m
[35m[HTTP][39m [90m[39m
[35m[HTTP][39m [37m-->[39m [37mGET[39m [37m/wd/hub/session/4b7c2011-a85e-403e-a6ae-b119cd9ff16e[39m
[35m[HTTP][39m [90m{}[39m
[35m[HTTP][39m [37m<-- GET /wd/hub/session/4b7c2011-a85e-403e-a6ae-b119cd9ff16e [39m[32m200[39m [90m24 ms - 1133[39m
[35m[HTTP][39m [90m[39m
[35m[HTTP][39m [37m-->[39m [37mGET[39m [37m/wd/hub/session/4b7c2011-a85e-403e-a6ae-b119cd9ff16e[39m
[35m[HTTP][39m [90m{}[39m
[35m[HTTP][39m [37m<-- GET /wd/hub/session/4b7c2011-a85e-403e-a6ae-b119cd9ff16e [39m[32m200[39m [90m22 ms - 1133[39m
[35m[HTTP][39m [90m[39m
[35m[HTTP][39m [37m-->[39m [37mGET[39m [37m/wd/hub/session/4b7c2011-a85e-403e-a6ae-b119cd9ff16e[39m
[35m[HTTP][39m [90m{}[39m
[35m[HTTP][39m [37m<-- GET /wd/hub/session/4b7c2011-a85e-403e-a6ae-b119cd9ff16e [39m[32m200[39m [90m21 ms - 1133[39m
[35m[HTTP][39m [90m[39m
[35m[HTTP][39m [37m-->[39m [37mGET[39m [37m/wd/hub/session/4b7c2011-a85e-403e-a6ae-b119cd9ff16e[39m
[35m[HTTP][39m [90m{}[39m
[35m[HTTP][39m [37m<-- GET /wd/hub/session/4b7c2011-a85e-403e-a6ae-b119cd9ff16e [39m[32m200[39m [90m23 ms - 1133[39m
[35m[HTTP][39m [90m[39m
[35m[HTTP][39m [37m-->[39m [37mGET[39m [37m/wd/hub/session/4b7c2011-a85e-403e-a6ae-b119cd9ff16e/element/5c559bb4-7b2e-4ffa-86f9-fdeddbcc5afa/location[39m
[35m[HTTP][39m [90m{}[39m
[35m[W3C][39m Driver proxy active, passing request on via HTTP proxy
[35m[JSONWP Proxy][39m Replacing sessionId 5a05b2f7-40de-4c62-a936-d059d4a92a63 with 4b7c2011-a85e-403e-a6ae-b119cd9ff16e
[35m[HTTP][39m [37m<-- GET /wd/hub/session/4b7c2011-a85e-403e-a6ae-b119cd9ff16e/element/5c559bb4-7b2e-4ffa-86f9-fdeddbcc5afa/location [39m[32m200[39m [90m53 ms - 89[39m
[35m[HTTP][39m [90m[39m
[35m[HTTP][39m [37m-->[39m [37mGET[39m [37m/wd/hub/session/4b7c2011-a85e-403e-a6ae-b119cd9ff16e/window/current/size[39m
[35m[HTTP][39m [90m{}[39m
[35m[W3C][39m Driver proxy active, passing request on via HTTP proxy
[35m[JSONWP Proxy][39m Replacing sessionId 5a05b2f7-40de-4c62-a936-d059d4a92a63 with 4b7c2011-a85e-403e-a6ae-b119cd9ff16e
[35m[HTTP][39m [37m<-- GET /wd/hub/session/4b7c2011-a85e-403e-a6ae-b119cd9ff16e/window/current/size [39m[32m200[39m [90m29 ms - 100[39m
[35m[HTTP][39m [90m[39m
[35m[HTTP][39m [37m-->[39m [37mPOST[39m [37m/wd/hub/session/4b7c2011-a85e-403e-a6ae-b119cd9ff16e/elements[39m
[35m[HTTP][39m [90m{"using":"-android uiautomator","value":"new UiSelector().className(\"android.widget.TextView\").text(\"GUIDA TV\").resourceId(\"it.sky.msa:id/headerTitle\").instance(0)"}[39m
[35m[HTTP][39m [37m<-- POST /wd/hub/session/4b7c2011-a85e-403e-a6ae-b119cd9ff16e/elements [39m[32m200[39m [90m103 ms - 124[39m
[35m[HTTP][39m [90m[39m
[35m[HTTP][39m [37m-->[39m [37mGET[39m [37m/wd/hub/session/4b7c2011-a85e-403e-a6ae-b119cd9ff16e[39m
[35m[HTTP][39m [90m{}[39m
[35m[HTTP][39m [37m<-- GET /wd/hub/session/4b7c2011-a85e-403e-a6ae-b119cd9ff16e [39m[32m200[39m [90m24 ms - 1133[39m
[35m[HTTP][39m [90m[39m
[35m[HTTP][39m [37m-->[39m [37mGET[39m [37m/wd/hub/session/4b7c2011-a85e-403e-a6ae-b119cd9ff16e[39m
[35m[HTTP][39m [90m{}[39m
[35m[HTTP][39m [37m<-- GET /wd/hub/session/4b7c2011-a85e-403e-a6ae-b119cd9ff16e [39m[32m200[39m [90m22 ms - 1133[39m
[35m[HTTP][39m [90m[39m
[35m[HTTP][39m [37m-->[39m [37mGET[39m [37m/wd/hub/session/4b7c2011-a85e-403e-a6ae-b119cd9ff16e[39m
[35m[HTTP][39m [90m{}[39m
[35m[HTTP][39m [37m<-- GET /wd/hub/session/4b7c2011-a85e-403e-a6ae-b119cd9ff16e [39m[32m200[39m [90m22 ms - 1133[39m
[35m[HTTP][39m [90m[39m
[35m[HTTP][39m [37m-->[39m [37mGET[39m [37m/wd/hub/session/4b7c2011-a85e-403e-a6ae-b119cd9ff16e[39m
[35m[HTTP][39m [90m{}[39m
[35m[HTTP][39m [37m<-- GET /wd/hub/session/4b7c2011-a85e-403e-a6ae-b119cd9ff16e [39m[32m200[39m [90m22 ms - 1133[39m
[35m[HTTP][39m [90m[39m
[35m[HTTP][39m [37m-->[39m [37mGET[39m [37m/wd/hub/session/4b7c2011-a85e-403e-a6ae-b119cd9ff16e/element/1d3e1ee6-d684-4c3e-82d6-96304b1b898c/location[39m
[35m[HTTP][39m [90m{}[39m
[35m[W3C][39m Driver proxy active, passing request on via HTTP proxy
[35m[JSONWP Proxy][39m Replacing sessionId 5a05b2f7-40de-4c62-a936-d059d4a92a63 with 4b7c2011-a85e-403e-a6ae-b119cd9ff16e
[35m[HTTP][39m [37m<-- GET /wd/hub/session/4b7c2011-a85e-403e-a6ae-b119cd9ff16e/element/1d3e1ee6-d684-4c3e-82d6-96304b1b898c/location [39m[32m200[39m [90m61 ms - 88[39m
[35m[HTTP][39m [90m[39m
[35m[HTTP][39m [37m-->[39m [37mGET[39m [37m/wd/hub/session/4b7c2011-a85e-403e-a6ae-b119cd9ff16e/element/1d3e1ee6-d684-4c3e-82d6-96304b1b898c/text[39m
[35m[HTTP][39m [90m{}[39m
[35m[W3C][39m Driver proxy active, passing request on via HTTP proxy
[35m[JSONWP Proxy][39m Replacing sessionId 5a05b2f7-40de-4c62-a936-d059d4a92a63 with 4b7c2011-a85e-403e-a6ae-b119cd9ff16e
[35m[HTTP][39m [37m<-- GET /wd/hub/session/4b7c2011-a85e-403e-a6ae-b119cd9ff16e/element/1d3e1ee6-d684-4c3e-82d6-96304b1b898c/text [39m[32m200[39m [90m63 ms - 82[39m
[35m[HTTP][39m [90m[39m
[35m[HTTP][39m [37m-->[39m [37mGET[39m [37m/wd/hub/session/4b7c2011-a85e-403e-a6ae-b119cd9ff16e/window/current/size[39m
[35m[HTTP][39m [90m{}[39m
[35m[W3C][39m Driver proxy active, passing request on via HTTP proxy
[35m[JSONWP Proxy][39m Replacing sessionId 5a05b2f7-40de-4c62-a936-d059d4a92a63 with 4b7c2011-a85e-403e-a6ae-b119cd9ff16e
[35m[HTTP][39m [37m<-- GET /wd/hub/session/4b7c2011-a85e-403e-a6ae-b119cd9ff16e/window/current/size [39m[32m200[39m [90m35 ms - 100[39m
[35m[HTTP][39m [90m[39m
[35m[HTTP][39m [37m-->[39m [37mPOST[39m [37m/wd/hub/session/4b7c2011-a85e-403e-a6ae-b119cd9ff16e/elements[39m
[35m[HTTP][39m [90m{"using":"-android uiautomator","value":"new UiSelector().className(\"android.widget.TextView\").text(\"Sky On Demand\").packageName(\"it.sky.msa\").instance(2)"}[39m
[35m[HTTP][39m [37m<-- POST /wd/hub/session/4b7c2011-a85e-403e-a6ae-b119cd9ff16e/elements [39m[32m200[39m [90m139 ms - 124[39m
[35m[HTTP][39m [90m[39m
[35m[HTTP][39m [37m-->[39m [37mGET[39m [37m/wd/hub/session/4b7c2011-a85e-403e-a6ae-b119cd9ff16e[39m
[35m[HTTP][39m [90m{}[39m
[35m[HTTP][39m [37m<-- GET /wd/hub/session/4b7c2011-a85e-403e-a6ae-b119cd9ff16e [39m[32m200[39m [90m26 ms - 1133[39m
[35m[HTTP][39m [90m[39m
[35m[HTTP][39m [37m-->[39m [37mGET[39m [37m/wd/hub/session/4b7c2011-a85e-403e-a6ae-b119cd9ff16e[39m
[35m[HTTP][39m [90m{}[39m
[35m[HTTP][39m [37m<-- GET /wd/hub/session/4b7c2011-a85e-403e-a6ae-b119cd9ff16e [39m[32m200[39m [90m25 ms - 1133[39m
[35m[HTTP][39m [90m[39m
[35m[HTTP][39m [37m-->[39m [37mGET[39m [37m/wd/hub/session/4b7c2011-a85e-403e-a6ae-b119cd9ff16e[39m
[35m[HTTP][39m [90m{}[39m
[35m[HTTP][39m [37m<-- GET /wd/hub/session/4b7c2011-a85e-403e-a6ae-b119cd9ff16e [39m[32m200[39m [90m31 ms - 1133[39m
[35m[HTTP][39m [90m[39m
[35m[HTTP][39m [37m-->[39m [37mGET[39m [37m/wd/hub/session/4b7c2011-a85e-403e-a6ae-b119cd9ff16e[39m
[35m[HTTP][39m [90m{}[39m
[35m[HTTP][39m [37m<-- GET /wd/hub/session/4b7c2011-a85e-403e-a6ae-b119cd9ff16e [39m[32m200[39m [90m23 ms - 1133[39m
[35m[HTTP][39m [90m[39m
[35m[HTTP][39m [37m-->[39m [37mGET[39m [37m/wd/hub/session/4b7c2011-a85e-403e-a6ae-b119cd9ff16e/element/02324588-0489-49e8-bcea-4d753e6d1424/location[39m
[35m[HTTP][39m [90m{}[39m
[35m[W3C][39m Driver proxy active, passing request on via HTTP proxy
[35m[JSONWP Proxy][39m Replacing sessionId 5a05b2f7-40de-4c62-a936-d059d4a92a63 with 4b7c2011-a85e-403e-a6ae-b119cd9ff16e
[35m[HTTP][39m [37m<-- GET /wd/hub/session/4b7c2011-a85e-403e-a6ae-b119cd9ff16e/element/02324588-0489-49e8-bcea-4d753e6d1424/location [39m[32m200[39m [90m52 ms - 89[39m
[35m[HTTP][39m [90m[39m
[35m[HTTP][39m [37m-->[39m [37mPOST[39m [37m/wd/hub/session/4b7c2011-a85e-403e-a6ae-b119cd9ff16e/touch/perform[39m
[35m[HTTP][39m [90m{"actions":[{"action":"tap","options":{"element":"02324588-0489-49e8-bcea-4d753e6d1424","x":1,"y":1}}]}[39m
[35m[UiAutomator2][39m calling get location: 02324588-0489-49e8-bcea-4d753e6d1424
[35m[HTTP][39m [37m<-- POST /wd/hub/session/4b7c2011-a85e-403e-a6ae-b119cd9ff16e/touch/perform [39m[32m200[39m [90m850 ms - 76[39m
[35m[HTTP][39m [90m[39m
[35m[HTTP][39m [37m-->[39m [37mGET[39m [37m/wd/hub/session/4b7c2011-a85e-403e-a6ae-b119cd9ff16e/window/current/size[39m
[35m[HTTP][39m [90m{}[39m
[35m[W3C][39m Driver proxy active, passing request on via HTTP proxy
[35m[JSONWP Proxy][39m Replacing sessionId 5a05b2f7-40de-4c62-a936-d059d4a92a63 with 4b7c2011-a85e-403e-a6ae-b119cd9ff16e
[35m[HTTP][39m [37m<-- GET /wd/hub/session/4b7c2011-a85e-403e-a6ae-b119cd9ff16e/window/current/size [39m[32m200[39m [90m42 ms - 100[39m
[35m[HTTP][39m [90m[39m
[35m[HTTP][39m [37m-->[39m [37mPOST[39m [37m/wd/hub/session/4b7c2011-a85e-403e-a6ae-b119cd9ff16e/elements[39m
[35m[HTTP][39m [90m{"using":"-android uiautomator","value":"new UiSelector().className(\"android.widget.TextView\").text(\"SCELTI PER TE\").resourceId(\"it.sky.msa:id/categoryTitle\").instance(5)"}[39m
[35m[HTTP][39m [37m<-- POST /wd/hub/session/4b7c2011-a85e-403e-a6ae-b119cd9ff16e/elements [39m[32m200[39m [90m215 ms - 124[39m
[35m[HTTP][39m [90m[39m
[35m[HTTP][39m [37m-->[39m [37mGET[39m [37m/wd/hub/session/4b7c2011-a85e-403e-a6ae-b119cd9ff16e[39m
[35m[HTTP][39m [90m{}[39m
[35m[HTTP][39m [37m<-- GET /wd/hub/session/4b7c2011-a85e-403e-a6ae-b119cd9ff16e [39m[32m200[39m [90m24 ms - 1133[39m
[35m[HTTP][39m [90m[39m
[35m[HTTP][39m [37m-->[39m [37mGET[39m [37m/wd/hub/session/4b7c2011-a85e-403e-a6ae-b119cd9ff16e[39m
[35m[HTTP][39m [90m{}[39m
[35m[HTTP][39m [37m<-- GET /wd/hub/session/4b7c2011-a85e-403e-a6ae-b119cd9ff16e [39m[32m200[39m [90m23 ms - 1133[39m
[35m[HTTP][39m [90m[39m
[35m[HTTP][39m [37m-->[39m [37mGET[39m [37m/wd/hub/session/4b7c2011-a85e-403e-a6ae-b119cd9ff16e[39m
[35m[HTTP][39m [90m{}[39m
[35m[HTTP][39m [37m<-- GET /wd/hub/session/4b7c2011-a85e-403e-a6ae-b119cd9ff16e [39m[32m200[39m [90m31 ms - 1133[39m
[35m[HTTP][39m [90m[39m
[35m[HTTP][39m [37m-->[39m [37mGET[39m [37m/wd/hub/session/4b7c2011-a85e-403e-a6ae-b119cd9ff16e[39m
[35m[HTTP][39m [90m{}[39m
[35m[HTTP][39m [37m<-- GET /wd/hub/session/4b7c2011-a85e-403e-a6ae-b119cd9ff16e [39m[32m200[39m [90m25 ms - 1133[39m
[35m[HTTP][39m [90m[39m
[35m[HTTP][39m [37m-->[39m [37mGET[39m [37m/wd/hub/session/4b7c2011-a85e-403e-a6ae-b119cd9ff16e/element/47f779ce-4c4c-499f-928d-b833edf821c2/location[39m
[35m[HTTP][39m [90m{}[39m
[35m[W3C][39m Driver proxy active, passing request on via HTTP proxy
[35m[JSONWP Proxy][39m Replacing sessionId 5a05b2f7-40de-4c62-a936-d059d4a92a63 with 4b7c2011-a85e-403e-a6ae-b119cd9ff16e
[35m[HTTP][39m [37m<-- GET /wd/hub/session/4b7c2011-a85e-403e-a6ae-b119cd9ff16e/element/47f779ce-4c4c-499f-928d-b833edf821c2/location [39m[32m200[39m [90m59 ms - 89[39m
[35m[HTTP][39m [90m[39m
[35m[HTTP][39m [37m-->[39m [37mGET[39m [37m/wd/hub/session/4b7c2011-a85e-403e-a6ae-b119cd9ff16e/window/current/size[39m
[35m[HTTP][39m [90m{}[39m
[35m[W3C][39m Driver proxy active, passing request on via HTTP proxy
[35m[JSONWP Proxy][39m Replacing sessionId 5a05b2f7-40de-4c62-a936-d059d4a92a63 with 4b7c2011-a85e-403e-a6ae-b119cd9ff16e
[35m[HTTP][39m [37m<-- GET /wd/hub/session/4b7c2011-a85e-403e-a6ae-b119cd9ff16e/window/current/size [39m[32m200[39m [90m39 ms - 100[39m
[35m[HTTP][39m [90m[39m
[35m[HTTP][39m [37m-->[39m [37mPOST[39m [37m/wd/hub/session/4b7c2011-a85e-403e-a6ae-b119cd9ff16e/elements[39m
[35m[HTTP][39m [90m{"using":"-android uiautomator","value":"new UiSelector().className(\"android.widget.TextView\").text(\"Sky On Demand\").packageName(\"it.sky.msa\").instance(2)"}[39m
[35m[HTTP][39m [37m<-- POST /wd/hub/session/4b7c2011-a85e-403e-a6ae-b119cd9ff16e/elements [39m[32m200[39m [90m120 ms - 124[39m
[35m[HTTP][39m [90m[39m
[35m[HTTP][39m [37m-->[39m [37mGET[39m [37m/wd/hub/session/4b7c2011-a85e-403e-a6ae-b119cd9ff16e[39m
[35m[HTTP][39m [90m{}[39m
[35m[HTTP][39m [37m<-- GET /wd/hub/session/4b7c2011-a85e-403e-a6ae-b119cd9ff16e [39m[32m200[39m [90m25 ms - 1133[39m
[35m[HTTP][39m [90m[39m
[35m[HTTP][39m [37m-->[39m [37mGET[39m [37m/wd/hub/session/4b7c2011-a85e-403e-a6ae-b119cd9ff16e[39m
[35m[HTTP][39m [90m{}[39m
[35m[HTTP][39m [37m<-- GET /wd/hub/session/4b7c2011-a85e-403e-a6ae-b119cd9ff16e [39m[32m200[39m [90m25 ms - 1133[39m
[35m[HTTP][39m [90m[39m
[35m[HTTP][39m [37m-->[39m [37mGET[39m [37m/wd/hub/session/4b7c2011-a85e-403e-a6ae-b119cd9ff16e[39m
[35m[HTTP][39m [90m{}[39m
[35m[HTTP][39m [37m<-- GET /wd/hub/session/4b7c2011-a85e-403e-a6ae-b119cd9ff16e [39m[32m200[39m [90m32 ms - 1133[39m
[35m[HTTP][39m [90m[39m
[35m[HTTP][39m [37m-->[39m [37mGET[39m [37m/wd/hub/session/4b7c2011-a85e-403e-a6ae-b119cd9ff16e[39m
[35m[HTTP][39m [90m{}[39m
[35m[HTTP][39m [37m<-- GET /wd/hub/session/4b7c2011-a85e-403e-a6ae-b119cd9ff16e [39m[32m200[39m [90m24 ms - 1133[39m
[35m[HTTP][39m [90m[39m
[35m[HTTP][39m [37m-->[39m [37mGET[39m [37m/wd/hub/session/4b7c2011-a85e-403e-a6ae-b119cd9ff16e/element/c408de7e-9dad-4ad7-8023-4138cc9d4723/location[39m
[35m[HTTP][39m [90m{}[39m
[35m[W3C][39m Driver proxy active, passing request on via HTTP proxy
[35m[JSONWP Proxy][39m Replacing sessionId 5a05b2f7-40de-4c62-a936-d059d4a92a63 with 4b7c2011-a85e-403e-a6ae-b119cd9ff16e
[35m[HTTP][39m [37m<-- GET /wd/hub/session/4b7c2011-a85e-403e-a6ae-b119cd9ff16e/element/c408de7e-9dad-4ad7-8023-4138cc9d4723/location [39m[32m200[39m [90m50 ms - 89[39m
[35m[HTTP][39m [90m[39m
[35m[HTTP][39m [37m-->[39m [37mGET[39m [37m/wd/hub/session/4b7c2011-a85e-403e-a6ae-b119cd9ff16e/window/current/size[39m
[35m[HTTP][39m [90m{}[39m
[35m[W3C][39m Driver proxy active, passing request on via HTTP proxy
[35m[JSONWP Proxy][39m Replacing sessionId 5a05b2f7-40de-4c62-a936-d059d4a92a63 with 4b7c2011-a85e-403e-a6ae-b119cd9ff16e
[35m[HTTP][39m [37m<-- GET /wd/hub/session/4b7c2011-a85e-403e-a6ae-b119cd9ff16e/window/current/size [39m[32m200[39m [90m27 ms - 100[39m
[35m[HTTP][39m [90m[39m
[35m[HTTP][39m [37m-->[39m [37mPOST[39m [37m/wd/hub/session/4b7c2011-a85e-403e-a6ae-b119cd9ff16e/elements[39m
[35m[HTTP][39m [90m{"using":"-android uiautomator","value":"new UiSelector().className(\"android.widget.TextView\").text(\"Programmazione\").packageName(\"it.sky.msa\").instance(1)"}[39m
[35m[HTTP][39m [37m<-- POST /wd/hub/session/4b7c2011-a85e-403e-a6ae-b119cd9ff16e/elements [39m[32m200[39m [90m102 ms - 124[39m
[35m[HTTP][39m [90m[39m
[35m[HTTP][39m [37m-->[39m [37mGET[39m [37m/wd/hub/session/4b7c2011-a85e-403e-a6ae-b119cd9ff16e[39m
[35m[HTTP][39m [90m{}[39m
[35m[HTTP][39m [37m<-- GET /wd/hub/session/4b7c2011-a85e-403e-a6ae-b119cd9ff16e [39m[32m200[39m [90m24 ms - 1133[39m
[35m[HTTP][39m [90m[39m
[35m[HTTP][39m [37m-->[39m [37mGET[39m [37m/wd/hub/session/4b7c2011-a85e-403e-a6ae-b119cd9ff16e[39m
[35m[HTTP][39m [90m{}[39m
[35m[HTTP][39m [37m<-- GET /wd/hub/session/4b7c2011-a85e-403e-a6ae-b119cd9ff16e [39m[32m200[39m [90m24 ms - 1133[39m
[35m[HTTP][39m [90m[39m
[35m[HTTP][39m [37m-->[39m [37mGET[39m [37m/wd/hub/session/4b7c2011-a85e-403e-a6ae-b119cd9ff16e[39m
[35m[HTTP][39m [90m{}[39m
[35m[HTTP][39m [37m<-- GET /wd/hub/session/4b7c2011-a85e-403e-a6ae-b119cd9ff16e [39m[32m200[39m [90m23 ms - 1133[39m
[35m[HTTP][39m [90m[39m
[35m[HTTP][39m [37m-->[39m [37mGET[39m [37m/wd/hub/session/4b7c2011-a85e-403e-a6ae-b119cd9ff16e[39m
[35m[HTTP][39m [90m{}[39m
[35m[HTTP][39m [37m<-- GET /wd/hub/session/4b7c2011-a85e-403e-a6ae-b119cd9ff16e [39m[32m200[39m [90m27 ms - 1133[39m
[35m[HTTP][39m [90m[39m
[35m[HTTP][39m [37m-->[39m [37mGET[39m [37m/wd/hub/session/4b7c2011-a85e-403e-a6ae-b119cd9ff16e/element/7f4f49d6-3cdf-4efd-9d77-ac86db952b62/location[39m
[35m[HTTP][39m [90m{}[39m
[35m[W3C][39m Driver proxy active, passing request on via HTTP proxy
[35m[JSONWP Proxy][39m Replacing sessionId 5a05b2f7-40de-4c62-a936-d059d4a92a63 with 4b7c2011-a85e-403e-a6ae-b119cd9ff16e
[35m[HTTP][39m [37m<-- GET /wd/hub/session/4b7c2011-a85e-403e-a6ae-b119cd9ff16e/element/7f4f49d6-3cdf-4efd-9d77-ac86db952b62/location [39m[32m200[39m [90m52 ms - 88[39m
[35m[HTTP][39m [90m[39m
[35m[HTTP][39m [37m-->[39m [37mPOST[39m [37m/wd/hub/session/4b7c2011-a85e-403e-a6ae-b119cd9ff16e/touch/perform[39m
[35m[HTTP][39m [90m{"actions":[{"action":"tap","options":{"element":"7f4f49d6-3cdf-4efd-9d77-ac86db952b62","x":1,"y":1}}]}[39m
[35m[UiAutomator2][39m calling get location: 7f4f49d6-3cdf-4efd-9d77-ac86db952b62
[35m[HTTP][39m [37m<-- POST /wd/hub/session/4b7c2011-a85e-403e-a6ae-b119cd9ff16e/touch/perform [39m[32m200[39m [90m836 ms - 76[39m
[35m[HTTP][39m [90m[39m
[35m[HTTP][39m [37m-->[39m [37mGET[39m [37m/wd/hub/session/4b7c2011-a85e-403e-a6ae-b119cd9ff16e/window/current/size[39m
[35m[HTTP][39m [90m{}[39m
[35m[W3C][39m Driver proxy active, passing request on via HTTP proxy
[35m[JSONWP Proxy][39m Replacing sessionId 5a05b2f7-40de-4c62-a936-d059d4a92a63 with 4b7c2011-a85e-403e-a6ae-b119cd9ff16e
[35m[HTTP][39m [37m<-- GET /wd/hub/session/4b7c2011-a85e-403e-a6ae-b119cd9ff16e/window/current/size [39m[32m200[39m [90m34 ms - 100[39m
[35m[HTTP][39m [90m[39m
[35m[HTTP][39m [37m-->[39m [37mPOST[39m [37m/wd/hub/session/4b7c2011-a85e-403e-a6ae-b119cd9ff16e/elements[39m
[35m[HTTP][39m [90m{"using":"-android uiautomator","value":"new UiSelector().className(\"android.widget.TextView\").text(\"Scelti per te questa settimana\").resourceId(\"it.sky.msa:id/categoryTitle\").packageName(\"it.sky.msa\").instance(6)"}[39m
[35m[HTTP][39m [37m<-- POST /wd/hub/session/4b7c2011-a85e-403e-a6ae-b119cd9ff16e/elements [39m[32m200[39m [90m151 ms - 124[39m
[35m[HTTP][39m [90m[39m
[35m[HTTP][39m [37m-->[39m [37mGET[39m [37m/wd/hub/session/4b7c2011-a85e-403e-a6ae-b119cd9ff16e[39m
[35m[HTTP][39m [90m{}[39m
[35m[HTTP][39m [37m<-- GET /wd/hub/session/4b7c2011-a85e-403e-a6ae-b119cd9ff16e [39m[32m200[39m [90m21 ms - 1133[39m
[35m[HTTP][39m [90m[39m
[35m[HTTP][39m [37m-->[39m [37mGET[39m [37m/wd/hub/session/4b7c2011-a85e-403e-a6ae-b119cd9ff16e[39m
[35m[HTTP][39m [90m{}[39m
[35m[HTTP][39m [37m<-- GET /wd/hub/session/4b7c2011-a85e-403e-a6ae-b119cd9ff16e [39m[32m200[39m [90m20 ms - 1133[39m
[35m[HTTP][39m [90m[39m
[35m[HTTP][39m [37m-->[39m [37mGET[39m [37m/wd/hub/session/4b7c2011-a85e-403e-a6ae-b119cd9ff16e[39m
[35m[HTTP][39m [90m{}[39m
[35m[HTTP][39m [37m<-- GET /wd/hub/session/4b7c2011-a85e-403e-a6ae-b119cd9ff16e [39m[32m200[39m [90m20 ms - 1133[39m
[35m[HTTP][39m [90m[39m
[35m[HTTP][39m [37m-->[39m [37mGET[39m [37m/wd/hub/session/4b7c2011-a85e-403e-a6ae-b119cd9ff16e[39m
[35m[HTTP][39m [90m{}[39m
[35m[HTTP][39m [37m<-- GET /wd/hub/session/4b7c2011-a85e-403e-a6ae-b119cd9ff16e [39m[32m200[39m [90m20 ms - 1133[39m
[35m[HTTP][39m [90m[39m
[35m[HTTP][39m [37m-->[39m [37mGET[39m [37m/wd/hub/session/4b7c2011-a85e-403e-a6ae-b119cd9ff16e/element/6a224498-b8d6-491e-b8ff-4862cb3af033/location[39m
[35m[HTTP][39m [90m{}[39m
[35m[W3C][39m Driver proxy active, passing request on via HTTP proxy
[35m[JSONWP Proxy][39m Replacing sessionId 5a05b2f7-40de-4c62-a936-d059d4a92a63 with 4b7c2011-a85e-403e-a6ae-b119cd9ff16e
[35m[HTTP][39m [37m<-- GET /wd/hub/session/4b7c2011-a85e-403e-a6ae-b119cd9ff16e/element/6a224498-b8d6-491e-b8ff-4862cb3af033/location [39m[32m200[39m [90m43 ms - 89[39m
[35m[HTTP][39m [90m[39m
[35m[HTTP][39m [37m-->[39m [37mGET[39m [37m/wd/hub/session/4b7c2011-a85e-403e-a6ae-b119cd9ff16e/window/current/size[39m
[35m[HTTP][39m [90m{}[39m
[35m[W3C][39m Driver proxy active, passing request on via HTTP proxy
[35m[JSONWP Proxy][39m Replacing sessionId 5a05b2f7-40de-4c62-a936-d059d4a92a63 with 4b7c2011-a85e-403e-a6ae-b119cd9ff16e
[35m[HTTP][39m [37m<-- GET /wd/hub/session/4b7c2011-a85e-403e-a6ae-b119cd9ff16e/window/current/size [39m[32m200[39m [90m61 ms - 100[39m
[35m[HTTP][39m [90m[39m
[35m[HTTP][39m [37m-->[39m [37mPOST[39m [37m/wd/hub/session/4b7c2011-a85e-403e-a6ae-b119cd9ff16e/elements[39m
[35m[HTTP][39m [90m{"using":"-android uiautomator","value":"new UiSelector().className(\"android.widget.ImageView\").resourceId(\"it.sky.msa:id/heroImageImageView\").packageName(\"it.sky.msa\").instance(0)"}[39m
[35m[HTTP][39m [37m<-- POST /wd/hub/session/4b7c2011-a85e-403e-a6ae-b119cd9ff16e/elements [39m[32m200[39m [90m102 ms - 124[39m
[35m[HTTP][39m [90m[39m
[35m[HTTP][39m [37m-->[39m [37mGET[39m [37m/wd/hub/session/4b7c2011-a85e-403e-a6ae-b119cd9ff16e[39m
[35m[HTTP][39m [90m{}[39m
[35m[HTTP][39m [37m<-- GET /wd/hub/session/4b7c2011-a85e-403e-a6ae-b119cd9ff16e [39m[32m200[39m [90m24 ms - 1133[39m
[35m[HTTP][39m [90m[39m
[35m[HTTP][39m [37m-->[39m [37mGET[39m [37m/wd/hub/session/4b7c2011-a85e-403e-a6ae-b119cd9ff16e[39m
[35m[HTTP][39m [90m{}[39m
[35m[HTTP][39m [37m<-- GET /wd/hub/session/4b7c2011-a85e-403e-a6ae-b119cd9ff16e [39m[32m200[39m [90m21 ms - 1133[39m
[35m[HTTP][39m [90m[39m
[35m[HTTP][39m [37m-->[39m [37mGET[39m [37m/wd/hub/session/4b7c2011-a85e-403e-a6ae-b119cd9ff16e[39m
[35m[HTTP][39m [90m{}[39m
[35m[HTTP][39m [37m<-- GET /wd/hub/session/4b7c2011-a85e-403e-a6ae-b119cd9ff16e [39m[32m200[39m [90m28 ms - 1133[39m
[35m[HTTP][39m [90m[39m
[35m[HTTP][39m [37m-->[39m [37mGET[39m [37m/wd/hub/session/4b7c2011-a85e-403e-a6ae-b119cd9ff16e[39m
[35m[HTTP][39m [90m{}[39m
[35m[HTTP][39m [37m<-- GET /wd/hub/session/4b7c2011-a85e-403e-a6ae-b119cd9ff16e [39m[32m200[39m [90m24 ms - 1133[39m
[35m[HTTP][39m [90m[39m
[35m[HTTP][39m [37m-->[39m [37mGET[39m [37m/wd/hub/session/4b7c2011-a85e-403e-a6ae-b119cd9ff16e/element/13b30b45-6202-4f2b-8b72-7644f8f548a8/location[39m
[35m[HTTP][39m [90m{}[39m
[35m[W3C][39m Driver proxy active, passing request on via HTTP proxy
[35m[JSONWP Proxy][39m Replacing sessionId 5a05b2f7-40de-4c62-a936-d059d4a92a63 with 4b7c2011-a85e-403e-a6ae-b119cd9ff16e
[35m[HTTP][39m [37m<-- GET /wd/hub/session/4b7c2011-a85e-403e-a6ae-b119cd9ff16e/element/13b30b45-6202-4f2b-8b72-7644f8f548a8/location [39m[32m200[39m [90m52 ms - 87[39m
[35m[HTTP][39m [90m[39m
[35m[HTTP][39m [37m-->[39m [37mGET[39m [37m/wd/hub/session/4b7c2011-a85e-403e-a6ae-b119cd9ff16e/element/13b30b45-6202-4f2b-8b72-7644f8f548a8/attribute/resourceId[39m
[35m[HTTP][39m [90m{}[39m
[35m[HTTP][39m [37m<-- GET /wd/hub/session/4b7c2011-a85e-403e-a6ae-b119cd9ff16e/element/13b30b45-6202-4f2b-8b72-7644f8f548a8/attribute/resourceId [39m[32m200[39m [90m55 ms - 106[39m
[35m[HTTP][39m [90m[39m
[35m[HTTP][39m [37m-->[39m [37mGET[39m [37m/wd/hub/session/4b7c2011-a85e-403e-a6ae-b119cd9ff16e/window/current/size[39m
[35m[HTTP][39m [90m{}[39m
[35m[W3C][39m Driver proxy active, passing request on via HTTP proxy
[35m[JSONWP Proxy][39m Replacing sessionId 5a05b2f7-40de-4c62-a936-d059d4a92a63 with 4b7c2011-a85e-403e-a6ae-b119cd9ff16e
[35m[HTTP][39m [37m<-- GET /wd/hub/session/4b7c2011-a85e-403e-a6ae-b119cd9ff16e/window/current/size [39m[32m200[39m [90m37 ms - 100[39m
[35m[HTTP][39m [90m[39m
[35m[HTTP][39m [37m-->[39m [37mPOST[39m [37m/wd/hub/session/4b7c2011-a85e-403e-a6ae-b119cd9ff16e/elements[39m
[35m[HTTP][39m [90m{"using":"-android uiautomator","value":"new UiSelector().className(\"android.widget.TextView\").text(\"IN EVIDENZA\").resourceId(\"it.sky.msa:id/heroPromoTextView\").instance(6)"}[39m
[35m[HTTP][39m [37m<-- POST /wd/hub/session/4b7c2011-a85e-403e-a6ae-b119cd9ff16e/elements [39m[32m200[39m [90m109 ms - 124[39m
[35m[HTTP][39m [90m[39m
[35m[HTTP][39m [37m-->[39m [37mGET[39m [37m/wd/hub/session/4b7c2011-a85e-403e-a6ae-b119cd9ff16e[39m
[35m[HTTP][39m [90m{}[39m
[35m[HTTP][39m [37m<-- GET /wd/hub/session/4b7c2011-a85e-403e-a6ae-b119cd9ff16e [39m[32m200[39m [90m29 ms - 1133[39m
[35m[HTTP][39m [90m[39m
[35m[HTTP][39m [37m-->[39m [37mGET[39m [37m/wd/hub/session/4b7c2011-a85e-403e-a6ae-b119cd9ff16e[39m
[35m[HTTP][39m [90m{}[39m
[35m[HTTP][39m [37m<-- GET /wd/hub/session/4b7c2011-a85e-403e-a6ae-b119cd9ff16e [39m[32m200[39m [90m23 ms - 1133[39m
[35m[HTTP][39m [90m[39m
[35m[HTTP][39m [37m-->[39m [37mGET[39m [37m/wd/hub/session/4b7c2011-a85e-403e-a6ae-b119cd9ff16e[39m
[35m[HTTP][39m [90m{}[39m
[35m[HTTP][39m [37m<-- GET /wd/hub/session/4b7c2011-a85e-403e-a6ae-b119cd9ff16e [39m[32m200[39m [90m27 ms - 1133[39m
[35m[HTTP][39m [90m[39m
[35m[HTTP][39m [37m-->[39m [37mGET[39m [37m/wd/hub/session/4b7c2011-a85e-403e-a6ae-b119cd9ff16e[39m
[35m[HTTP][39m [90m{}[39m
[35m[HTTP][39m [37m<-- GET /wd/hub/session/4b7c2011-a85e-403e-a6ae-b119cd9ff16e [39m[32m200[39m [90m24 ms - 1133[39m
[35m[HTTP][39m [90m[39m
[35m[HTTP][39m [37m-->[39m [37mGET[39m [37m/wd/hub/session/4b7c2011-a85e-403e-a6ae-b119cd9ff16e/element/a3c0ce59-96c6-40de-afcd-165b0376e663/location[39m
[35m[HTTP][39m [90m{}[39m
[35m[W3C][39m Driver proxy active, passing request on via HTTP proxy
[35m[JSONWP Proxy][39m Replacing sessionId 5a05b2f7-40de-4c62-a936-d059d4a92a63 with 4b7c2011-a85e-403e-a6ae-b119cd9ff16e
[35m[HTTP][39m [37m<-- GET /wd/hub/session/4b7c2011-a85e-403e-a6ae-b119cd9ff16e/element/a3c0ce59-96c6-40de-afcd-165b0376e663/location [39m[32m200[39m [90m49 ms - 88[39m
[35m[HTTP][39m [90m[39m
[35m[HTTP][39m [37m-->[39m [37mGET[39m [37m/wd/hub/session/4b7c2011-a85e-403e-a6ae-b119cd9ff16e/element/a3c0ce59-96c6-40de-afcd-165b0376e663/text[39m
[35m[HTTP][39m [90m{}[39m
[35m[W3C][39m Driver proxy active, passing request on via HTTP proxy
[35m[JSONWP Proxy][39m Replacing sessionId 5a05b2f7-40de-4c62-a936-d059d4a92a63 with 4b7c2011-a85e-403e-a6ae-b119cd9ff16e
[35m[HTTP][39m [37m<-- GET /wd/hub/session/4b7c2011-a85e-403e-a6ae-b119cd9ff16e/element/a3c0ce59-96c6-40de-afcd-165b0376e663/text [39m[32m200[39m [90m59 ms - 85[39m
[35m[HTTP][39m [90m[39m
[35m[HTTP][39m [37m-->[39m [37mGET[39m [37m/wd/hub/session/4b7c2011-a85e-403e-a6ae-b119cd9ff16e/window/current/size[39m
[35m[HTTP][39m [90m{}[39m
[35m[W3C][39m Driver proxy active, passing request on via HTTP proxy
[35m[JSONWP Proxy][39m Replacing sessionId 5a05b2f7-40de-4c62-a936-d059d4a92a63 with 4b7c2011-a85e-403e-a6ae-b119cd9ff16e
[35m[HTTP][39m [37m<-- GET /wd/hub/session/4b7c2011-a85e-403e-a6ae-b119cd9ff16e/window/current/size [39m[32m200[39m [90m29 ms - 100[39m
[35m[HTTP][39m [90m[39m
[35m[HTTP][39m [37m-->[39m [37mPOST[39m [37m/wd/hub/session/4b7c2011-a85e-403e-a6ae-b119cd9ff16e/elements[39m
[35m[HTTP][39m [90m{"using":"-android uiautomator","value":"new UiSelector().className(\"android.widget.TextView\").resourceId(\"it.sky.msa:id/heroTitleTextView\").instance(7)"}[39m
[35m[HTTP][39m [37m<-- POST /wd/hub/session/4b7c2011-a85e-403e-a6ae-b119cd9ff16e/elements [39m[32m200[39m [90m84 ms - 124[39m
[35m[HTTP][39m [90m[39m
[35m[HTTP][39m [37m-->[39m [37mGET[39m [37m/wd/hub/session/4b7c2011-a85e-403e-a6ae-b119cd9ff16e[39m
[35m[HTTP][39m [90m{}[39m
[35m[HTTP][39m [37m<-- GET /wd/hub/session/4b7c2011-a85e-403e-a6ae-b119cd9ff16e [39m[32m200[39m [90m26 ms - 1133[39m
[35m[HTTP][39m [90m[39m
[35m[HTTP][39m [37m-->[39m [37mGET[39m [37m/wd/hub/session/4b7c2011-a85e-403e-a6ae-b119cd9ff16e[39m
[35m[HTTP][39m [90m{}[39m
[35m[HTTP][39m [37m<-- GET /wd/hub/session/4b7c2011-a85e-403e-a6ae-b119cd9ff16e [39m[32m200[39m [90m23 ms - 1133[39m
[35m[HTTP][39m [90m[39m
[35m[HTTP][39m [37m-->[39m [37mGET[39m [37m/wd/hub/session/4b7c2011-a85e-403e-a6ae-b119cd9ff16e[39m
[35m[HTTP][39m [90m{}[39m
[35m[HTTP][39m [37m<-- GET /wd/hub/session/4b7c2011-a85e-403e-a6ae-b119cd9ff16e [39m[32m200[39m [90m25 ms - 1133[39m
[35m[HTTP][39m [90m[39m
[35m[HTTP][39m [37m-->[39m [37mGET[39m [37m/wd/hub/session/4b7c2011-a85e-403e-a6ae-b119cd9ff16e[39m
[35m[HTTP][39m [90m{}[39m
[35m[HTTP][39m [37m<-- GET /wd/hub/session/4b7c2011-a85e-403e-a6ae-b119cd9ff16e [39m[32m200[39m [90m22 ms - 1133[39m
[35m[HTTP][39m [90m[39m
[35m[HTTP][39m [37m-->[39m [37mGET[39m [37m/wd/hub/session/4b7c2011-a85e-403e-a6ae-b119cd9ff16e/element/b8db75b0-1fce-4aa9-9563-c23b04c61f09/location[39m
[35m[HTTP][39m [90m{}[39m
[35m[W3C][39m Driver proxy active, passing request on via HTTP proxy
[35m[JSONWP Proxy][39m Replacing sessionId 5a05b2f7-40de-4c62-a936-d059d4a92a63 with 4b7c2011-a85e-403e-a6ae-b119cd9ff16e
[35m[HTTP][39m [37m<-- GET /wd/hub/session/4b7c2011-a85e-403e-a6ae-b119cd9ff16e/element/b8db75b0-1fce-4aa9-9563-c23b04c61f09/location [39m[32m200[39m [90m74 ms - 88[39m
[35m[HTTP][39m [90m[39m
[35m[HTTP][39m [37m-->[39m [37mGET[39m [37m/wd/hub/session/4b7c2011-a85e-403e-a6ae-b119cd9ff16e/window/current/size[39m
[35m[HTTP][39m [90m{}[39m
[35m[W3C][39m Driver proxy active, passing request on via HTTP proxy
[35m[JSONWP Proxy][39m Replacing sessionId 5a05b2f7-40de-4c62-a936-d059d4a92a63 with 4b7c2011-a85e-403e-a6ae-b119cd9ff16e
[35m[HTTP][39m [37m<-- GET /wd/hub/session/4b7c2011-a85e-403e-a6ae-b119cd9ff16e/window/current/size [39m[32m200[39m [90m38 ms - 100[39m
[35m[HTTP][39m [90m[39m
[35m[HTTP][39m [37m-->[39m [37mPOST[39m [37m/wd/hub/session/4b7c2011-a85e-403e-a6ae-b119cd9ff16e/elements[39m
[35m[HTTP][39m [90m{"using":"-android uiautomator","value":"new UiSelector().className(\"android.widget.TextView\").resourceId(\"it.sky.msa:id/heroCaptionTextView\").instance(8)"}[39m
[35m[HTTP][39m [37m<-- POST /wd/hub/session/4b7c2011-a85e-403e-a6ae-b119cd9ff16e/elements [39m[32m200[39m [90m118 ms - 124[39m
[35m[HTTP][39m [90m[39m
[35m[HTTP][39m [37m-->[39m [37mGET[39m [37m/wd/hub/session/4b7c2011-a85e-403e-a6ae-b119cd9ff16e[39m
[35m[HTTP][39m [90m{}[39m
[35m[HTTP][39m [37m<-- GET /wd/hub/session/4b7c2011-a85e-403e-a6ae-b119cd9ff16e [39m[32m200[39m [90m28 ms - 1133[39m
[35m[HTTP][39m [90m[39m
[35m[HTTP][39m [37m-->[39m [37mGET[39m [37m/wd/hub/session/4b7c2011-a85e-403e-a6ae-b119cd9ff16e[39m
[35m[HTTP][39m [90m{}[39m
[35m[HTTP][39m [37m<-- GET /wd/hub/session/4b7c2011-a85e-403e-a6ae-b119cd9ff16e [39m[32m200[39m [90m29 ms - 1133[39m
[35m[HTTP][39m [90m[39m
[35m[HTTP][39m [37m-->[39m [37mGET[39m [37m/wd/hub/session/4b7c2011-a85e-403e-a6ae-b119cd9ff16e[39m
[35m[HTTP][39m [90m{}[39m
[35m[HTTP][39m [37m<-- GET /wd/hub/session/4b7c2011-a85e-403e-a6ae-b119cd9ff16e [39m[32m200[39m [90m24 ms - 1133[39m
[35m[HTTP][39m [90m[39m
[35m[HTTP][39m [37m-->[39m [37mGET[39m [37m/wd/hub/session/4b7c2011-a85e-403e-a6ae-b119cd9ff16e[39m
[35m[HTTP][39m [90m{}[39m
[35m[HTTP][39m [37m<-- GET /wd/hub/session/4b7c2011-a85e-403e-a6ae-b119cd9ff16e [39m[32m200[39m [90m24 ms - 1133[39m
[35m[HTTP][39m [90m[39m
[35m[HTTP][39m [37m-->[39m [37mGET[39m [37m/wd/hub/session/4b7c2011-a85e-403e-a6ae-b119cd9ff16e/element/76bb7d9b-8631-4e81-a62d-1e5445362c4c/location[39m
[35m[HTTP][39m [90m{}[39m
[35m[W3C][39m Driver proxy active, passing request on via HTTP proxy
[35m[JSONWP Proxy][39m Replacing sessionId 5a05b2f7-40de-4c62-a936-d059d4a92a63 with 4b7c2011-a85e-403e-a6ae-b119cd9ff16e
[35m[HTTP][39m [37m<-- GET /wd/hub/session/4b7c2011-a85e-403e-a6ae-b119cd9ff16e/element/76bb7d9b-8631-4e81-a62d-1e5445362c4c/location [39m[32m200[39m [90m53 ms - 89[39m
[35m[HTTP][39m [90m[39m
[35m[HTTP][39m [37m-->[39m [37mGET[39m [37m/wd/hub/session/4b7c2011-a85e-403e-a6ae-b119cd9ff16e/window/current/size[39m
[35m[HTTP][39m [90m{}[39m
[35m[W3C][39m Driver proxy active, passing request on via HTTP proxy
[35m[JSONWP Proxy][39m Replacing sessionId 5a05b2f7-40de-4c62-a936-d059d4a92a63 with 4b7c2011-a85e-403e-a6ae-b119cd9ff16e
[35m[HTTP][39m [37m<-- GET /wd/hub/session/4b7c2011-a85e-403e-a6ae-b119cd9ff16e/window/current/size [39m[32m200[39m [90m38 ms - 100[39m
[35m[HTTP][39m [90m[39m
[35m[HTTP][39m [37m-->[39m [37mPOST[39m [37m/wd/hub/session/4b7c2011-a85e-403e-a6ae-b119cd9ff16e/elements[39m
[35m[HTTP][39m [90m{"using":"-android uiautomator","value":"new UiSelector().className(\"android.widget.ImageView\").resourceId(\"it.sky.msa:id/heroChannelLogoImageView\").packageName(\"it.sky.msa\").instance(1)"}[39m
[35m[HTTP][39m [37m<-- POST /wd/hub/session/4b7c2011-a85e-403e-a6ae-b119cd9ff16e/elements [39m[32m200[39m [90m134 ms - 124[39m
[35m[HTTP][39m [90m[39m
[35m[HTTP][39m [37m-->[39m [37mGET[39m [37m/wd/hub/session/4b7c2011-a85e-403e-a6ae-b119cd9ff16e[39m
[35m[HTTP][39m [90m{}[39m
[35m[HTTP][39m [37m<-- GET /wd/hub/session/4b7c2011-a85e-403e-a6ae-b119cd9ff16e [39m[32m200[39m [90m25 ms - 1133[39m
[35m[HTTP][39m [90m[39m
[35m[HTTP][39m [37m-->[39m [37mGET[39m [37m/wd/hub/session/4b7c2011-a85e-403e-a6ae-b119cd9ff16e[39m
[35m[HTTP][39m [90m{}[39m
[35m[HTTP][39m [37m<-- GET /wd/hub/session/4b7c2011-a85e-403e-a6ae-b119cd9ff16e [39m[32m200[39m [90m19 ms - 1133[39m
[35m[HTTP][39m [90m[39m
[35m[HTTP][39m [37m-->[39m [37mGET[39m [37m/wd/hub/session/4b7c2011-a85e-403e-a6ae-b119cd9ff16e[39m
[35m[HTTP][39m [90m{}[39m
[35m[HTTP][39m [37m<-- GET /wd/hub/session/4b7c2011-a85e-403e-a6ae-b119cd9ff16e [39m[32m200[39m [90m20 ms - 1133[39m
[35m[HTTP][39m [90m[39m
[35m[HTTP][39m [37m-->[39m [37mGET[39m [37m/wd/hub/session/4b7c2011-a85e-403e-a6ae-b119cd9ff16e[39m
[35m[HTTP][39m [90m{}[39m
[35m[HTTP][39m [37m<-- GET /wd/hub/session/4b7c2011-a85e-403e-a6ae-b119cd9ff16e [39m[32m200[39m [90m23 ms - 1133[39m
[35m[HTTP][39m [90m[39m
[35m[HTTP][39m [37m-->[39m [37mGET[39m [37m/wd/hub/session/4b7c2011-a85e-403e-a6ae-b119cd9ff16e/element/7957dc98-c139-4ae6-ad42-0dc90f4ec077/location[39m
[35m[HTTP][39m [90m{}[39m
[35m[W3C][39m Driver proxy active, passing request on via HTTP proxy
[35m[JSONWP Proxy][39m Replacing sessionId 5a05b2f7-40de-4c62-a936-d059d4a92a63 with 4b7c2011-a85e-403e-a6ae-b119cd9ff16e
[35m[HTTP][39m [37m<-- GET /wd/hub/session/4b7c2011-a85e-403e-a6ae-b119cd9ff16e/element/7957dc98-c139-4ae6-ad42-0dc90f4ec077/location [39m[32m200[39m [90m50 ms - 89[39m
[35m[HTTP][39m [90m[39m
[35m[HTTP][39m [37m-->[39m [37mGET[39m [37m/wd/hub/session/4b7c2011-a85e-403e-a6ae-b119cd9ff16e/element/7957dc98-c139-4ae6-ad42-0dc90f4ec077/attribute/resourceId[39m
[35m[HTTP][39m [90m{}[39m
[35m[HTTP][39m [37m<-- GET /wd/hub/session/4b7c2011-a85e-403e-a6ae-b119cd9ff16e/element/7957dc98-c139-4ae6-ad42-0dc90f4ec077/attribute/resourceId [39m[32m200[39m [90m45 ms - 112[39m
[35m[HTTP][39m [90m[39m
[35m[HTTP][39m [37m-->[39m [37mGET[39m [37m/wd/hub/session/4b7c2011-a85e-403e-a6ae-b119cd9ff16e/context[39m
[35m[HTTP][39m [90m{}[39m
[35m[HTTP][39m [37m<-- GET /wd/hub/session/4b7c2011-a85e-403e-a6ae-b119cd9ff16e/context [39m[32m200[39m [90m2 ms - 84[39m
[35m[HTTP][39m [90m[39m
[35m[HTTP][39m [37m-->[39m [37mGET[39m [37m/wd/hub/session/4b7c2011-a85e-403e-a6ae-b119cd9ff16e/contexts[39m
[35m[HTTP][39m [90m{}[39m
[35m[HTTP][39m [37m<-- GET /wd/hub/session/4b7c2011-a85e-403e-a6ae-b119cd9ff16e/contexts [39m[32m200[39m [90m97 ms - 86[39m
[35m[HTTP][39m [90m[39m
[35m[HTTP][39m [37m-->[39m [37mPOST[39m [37m/wd/hub/session/4b7c2011-a85e-403e-a6ae-b119cd9ff16e/context[39m
[35m[HTTP][39m [90m{"name":"NATIVE_APP"}[39m
[35m[HTTP][39m [37m<-- POST /wd/hub/session/4b7c2011-a85e-403e-a6ae-b119cd9ff16e/context [39m[32m200[39m [90m94 ms - 76[39m
[35m[HTTP][39m [90m[39m
[35m[HTTP][39m [37m-->[39m [37mPOST[39m [37m/wd/hub/session/4b7c2011-a85e-403e-a6ae-b119cd9ff16e/touch/perform[39m
[35m[HTTP][39m [90m{"actions":[{"action":"press","options":{"x":0,"y":1000}},{"action":"wait","options":{"ms":500}},{"action":"moveTo","options":{"x":0,"y":200}}]}[39m
[35m[HTTP][39m [37m<-- POST /wd/hub/session/4b7c2011-a85e-403e-a6ae-b119cd9ff16e/touch/perform [39m[32m200[39m [90m2114 ms - 76[39m
[35m[HTTP][39m [90m[39m
[35m[HTTP][39m [37m-->[39m [37mPOST[39m [37m/wd/hub/session/4b7c2011-a85e-403e-a6ae-b119cd9ff16e/context[39m
[35m[HTTP][39m [90m{"name":"NATIVE_APP"}[39m
[35m[HTTP][39m [37m<-- POST /wd/hub/session/4b7c2011-a85e-403e-a6ae-b119cd9ff16e/context [39m[32m200[39m [90m109 ms - 76[39m
[35m[HTTP][39m [90m[39m
[35m[HTTP][39m [37m-->[39m [37mDELETE[39m [37m/wd/hub/session/4b7c2011-a85e-403e-a6ae-b119cd9ff16e[39m
[35m[HTTP][39m [90m{}[39m
[35m[Appium][39m Removing session 4b7c2011-a85e-403e-a6ae-b119cd9ff16e from our master session list
[35m[HTTP][39m [37m<-- DELETE /wd/hub/session/4b7c2011-a85e-403e-a6ae-b119cd9ff16e [39m[32m200[39m [90m349 ms - 76[39m
[35m[HTTP][39m [90m[39m
