[35m[Appium][39m Welcome to Appium v1.8.1
[35m[Appium][39m Non-default server args:
[35m[Appium][39m   port: 53911
[35m[Appium][39m   loglevel: info
[35m[Appium][39m   chromeDriverPort: 53912
[35m[Appium][39m   tmpDir: C:\Users\marco\AppData\Local\Temp\\Katalon\Appium\Temp1551195196586
[35m[Appium][39m Appium REST http interface listener started on 0.0.0.0:53911
[35m[HTTP][39m [37m-->[39m [37mGET[39m [37m/wd/hub/status[39m
[35m[HTTP][39m [90m{}[39m
[35m[HTTP][39m [37m<-- GET /wd/hub/status [39m[32m200[39m [90m61 ms - 83[39m
[35m[HTTP][39m [90m[39m
[35m[HTTP][39m [37m-->[39m [37mPOST[39m [37m/wd/hub/session[39m
[35m[HTTP][39m [90m{"desiredCapabilities":{"app":"C:\\Users\\MSA-testautomation\\59.apk","autoGrantPermissions":true,"automationName":"uiautomator2","deviceName":"samsung SM-G935F (Android 8.0.0)","fullReset":false,"newCommandTimeout":1800,"noReset":true,"platform":"ANDROID","platformName":"Android","udid":"9885f7504651473733"},"capabilities":{"desiredCapabilities":{"app":"C:\\Users\\MSA-testautomation\\59.apk","autoGrantPermissions":true,"automationName":"uiautomator2","deviceName":"samsung SM-G935F (Android 8.0.0)","fullReset":false,"newCommandTimeout":1800,"noReset":true,"platform":"ANDROID","platformName":"Android","udid":"9885f7504651473733"},"firstMatch":[{"platformName":"android"}]}}[39m
[35m[Appium][39m Could not parse W3C capabilities: 'deviceName' can't be blank. Falling back to JSONWP protocol.
[35m[Appium][39m The following capabilities were provided in the JSONWP desired capabilities that are missing in W3C capabilities: ["app","autoGrantPermissions","automationName","deviceName","fullReset","newCommandTimeout","noReset","platform","platformName","udid"]. Falling back to JSONWP protocol.
[35m[Appium][39m Creating new AndroidUiautomator2Driver (v1.12.0) session
[35m[Appium][39m Capabilities:
[35m[Appium][39m   app: C:\Users\MSA-testautomation\59.apk
[35m[Appium][39m   autoGrantPermissions: true
[35m[Appium][39m   automationName: uiautomator2
[35m[Appium][39m   deviceName: samsung SM-G935F (Android 8.0.0)
[35m[Appium][39m   fullReset: false
[35m[Appium][39m   newCommandTimeout: 1800
[35m[Appium][39m   noReset: true
[35m[Appium][39m   platform: ANDROID
[35m[Appium][39m   platformName: Android
[35m[Appium][39m   udid: 9885f7504651473733
[35m[BaseDriver][39m The following capabilities were provided, but are not recognized by appium: platform.
[35m[BaseDriver][39m Session created with session id: f43b13c8-0428-4bd5-a614-9e8649d10917
[35m[BaseDriver][39m Using local app 'C:\Users\MSA-testautomation\59.apk'
[35m[AndroidDriver][39m Java version is: 1.8.0_181
[35m[ADB][39m Checking whether adb is present
[35m[ADB][39m Found 1 'build-tools' folders under 'C:\Users\marco\.katalon\tools\android_sdk' (newest first):
[35m[ADB][39m     C:/Users/marco/.katalon/tools/android_sdk/build-tools/28.0.3
[35m[ADB][39m Using adb.exe from C:\Users\marco\.katalon\tools\android_sdk\platform-tools\adb.exe
[35m[AndroidDriver][39m Retrieving device list
[35m[AndroidDriver][39m Using device: 9885f7504651473733
[35m[ADB][39m Using the alternative activity name detection method because of: Could not find apkanalyzer.bat in C:\Users\marco\.katalon\tools\android_sdk\platform-tools\apkanalyzer.bat,C:\Users\marco\.katalon\tools\android_sdk\emulator\apkanalyzer.bat,C:\Users\marco\.katalon\tools\android_sdk\tools\apkanalyzer.bat,C:\Users\marco\.katalon\tools\android_sdk\tools\bin\apkanalyzer.bat,C:\Users\marco\.katalon\tools\android_sdk\build-tools\28.0.3\apkanalyzer.bat. Do you have the Android SDK installed at 'C:\Users\marco\.katalon\tools\android_sdk'?
[35m[ADB][39m Checking whether aapt is present
[35m[ADB][39m Using aapt.exe from C:\Users\marco\.katalon\tools\android_sdk\build-tools\28.0.3\aapt.exe
[35m[ADB][39m Extracting package and launch activity from manifest
[35m[ADB][39m Package name: 'it.sky.msa'
[35m[ADB][39m Main activity name: 'it.sky.msa.welcome.SplashActivity'
[35m[ADB][39m Getting device platform version
[35m[ADB][39m Using apksigner.bat from C:\Users\marco\.katalon\tools\android_sdk\build-tools\28.0.3\apksigner.bat
[35m[ADB][39m Checking whether zipalign is present
[35m[ADB][39m Using zipalign.exe from C:\Users\marco\.katalon\tools\android_sdk\build-tools\28.0.3\zipalign.exe
[35m[ADB][39m io.appium.uiautomator2.server was successfully uninstalled
[35m[ADB][39m io.appium.uiautomator2.server.test was successfully uninstalled
[35m[AndroidDriver][39m setDeviceLanguageCountry requires language or country.
[35m[AndroidDriver][39m Got language: 'null' and country: 'null'
[35m[ADB][39m Successfully extracted 218 strings from 'C:\Users\MSA-testautomation\59.apk' resources for '(default)' configuration
[35m[UiAutomator2][39m Starting uiautomator2 server 1.12.0
[35m[UiAutomator2][39m Using UIAutomator2 server from 'C:\Users\marco\AppData\Roaming\npm\node_modules\appium\node_modules\appium-uiautomator2-server\apks\appium-uiautomator2-server-v1.12.0.apk' and test from 'C:\Users\marco\AppData\Roaming\npm\node_modules\appium\node_modules\appium-uiautomator2-server\apks\appium-uiautomator2-server-debug-androidTest.apk'
[35m[UiAutomator2][39m Running command: 'adb -s 9885f7504651473733 shell am instrument -w io.appium.uiautomator2.server.test/android.support.test.runner.AndroidJUnitRunner'
[35m[UiAutomator2][39m Waiting up to 20000ms for UiAutomator2 to be online...
[35m[AndroidDriver][39m Screen already unlocked, doing nothing
[35m[UiAutomator2][39m UiAutomator2 did not start the activity we were waiting for, 'it.sky.msa/it.sky.msa.welcome.SplashActivity'. Starting it ourselves
[35m[Appium][39m New AndroidUiautomator2Driver session created successfully, session f43b13c8-0428-4bd5-a614-9e8649d10917 added to master session list
[35m[HTTP][39m [37m<-- POST /wd/hub/session [39m[32m200[39m [90m21797 ms - 1133[39m
[35m[HTTP][39m [90m[39m
[35m[HTTP][39m [37m-->[39m [37mGET[39m [37m/wd/hub/status[39m
[35m[HTTP][39m [90m{}[39m
[35m[HTTP][39m [37m<-- GET /wd/hub/status [39m[32m200[39m [90m51 ms - 55[39m
[35m[HTTP][39m [90m[39m
[35m[HTTP][39m [37m-->[39m [37mPOST[39m [37m/wd/hub/session/f43b13c8-0428-4bd5-a614-9e8649d10917/timeouts[39m
[35m[HTTP][39m [90m{"type":"implicit","ms":30000}[39m
[35m[HTTP][39m [37m<-- POST /wd/hub/session/f43b13c8-0428-4bd5-a614-9e8649d10917/timeouts [39m[33m400[39m [90m21 ms - 5204[39m
[35m[HTTP][39m [90m[39m
[35m[HTTP][39m [37m-->[39m [37mGET[39m [37m/wd/hub/session/f43b13c8-0428-4bd5-a614-9e8649d10917/window/current/size[39m
[35m[HTTP][39m [90m{}[39m
[35m[W3C][39m Driver proxy active, passing request on via HTTP proxy
[35m[JSONWP Proxy][39m Replacing sessionId 2a7b76ee-7eb5-4049-b833-a92a78e934ac with f43b13c8-0428-4bd5-a614-9e8649d10917
[35m[HTTP][39m [37m<-- GET /wd/hub/session/f43b13c8-0428-4bd5-a614-9e8649d10917/window/current/size [39m[32m200[39m [90m68 ms - 100[39m
[35m[HTTP][39m [90m[39m
[35m[HTTP][39m [37m-->[39m [37mPOST[39m [37m/wd/hub/session/f43b13c8-0428-4bd5-a614-9e8649d10917/elements[39m
[35m[HTTP][39m [90m{"using":"-android uiautomator","value":"new UiSelector().className(\"android.widget.TextView\").text(\"Guida TV\").resourceId(\"it.sky.msa:id/title\").instance(5)"}[39m
[35m[HTTP][39m [37m<-- POST /wd/hub/session/f43b13c8-0428-4bd5-a614-9e8649d10917/elements [39m[32m200[39m [90m96 ms - 74[39m
[35m[HTTP][39m [90m[39m
[35m[HTTP][39m [37m-->[39m [37mPOST[39m [37m/wd/hub/session/f43b13c8-0428-4bd5-a614-9e8649d10917/elements[39m
[35m[HTTP][39m [90m{"using":"-android uiautomator","value":"new UiSelector().className(\"android.widget.TextView\").text(\"Guida TV\").resourceId(\"it.sky.msa:id/title\").instance(5)"}[39m
[35m[HTTP][39m [37m<-- POST /wd/hub/session/f43b13c8-0428-4bd5-a614-9e8649d10917/elements [39m[32m200[39m [90m130 ms - 74[39m
[35m[HTTP][39m [90m[39m
[35m[HTTP][39m [37m-->[39m [37mPOST[39m [37m/wd/hub/session/f43b13c8-0428-4bd5-a614-9e8649d10917/elements[39m
[35m[HTTP][39m [90m{"using":"-android uiautomator","value":"new UiSelector().className(\"android.widget.TextView\").text(\"Guida TV\").resourceId(\"it.sky.msa:id/title\").instance(5)"}[39m
[35m[HTTP][39m [37m<-- POST /wd/hub/session/f43b13c8-0428-4bd5-a614-9e8649d10917/elements [39m[32m200[39m [90m65 ms - 74[39m
[35m[HTTP][39m [90m[39m
[35m[HTTP][39m [37m-->[39m [37mPOST[39m [37m/wd/hub/session/f43b13c8-0428-4bd5-a614-9e8649d10917/elements[39m
[35m[HTTP][39m [90m{"using":"-android uiautomator","value":"new UiSelector().className(\"android.widget.TextView\").text(\"Guida TV\").resourceId(\"it.sky.msa:id/title\").instance(5)"}[39m
[35m[HTTP][39m [37m<-- POST /wd/hub/session/f43b13c8-0428-4bd5-a614-9e8649d10917/elements [39m[32m200[39m [90m62 ms - 74[39m
[35m[HTTP][39m [90m[39m
[35m[HTTP][39m [37m-->[39m [37mPOST[39m [37m/wd/hub/session/f43b13c8-0428-4bd5-a614-9e8649d10917/elements[39m
[35m[HTTP][39m [90m{"using":"-android uiautomator","value":"new UiSelector().className(\"android.widget.TextView\").text(\"Guida TV\").resourceId(\"it.sky.msa:id/title\").instance(5)"}[39m
[35m[HTTP][39m [37m<-- POST /wd/hub/session/f43b13c8-0428-4bd5-a614-9e8649d10917/elements [39m[32m200[39m [90m77 ms - 74[39m
[35m[HTTP][39m [90m[39m
[35m[HTTP][39m [37m-->[39m [37mPOST[39m [37m/wd/hub/session/f43b13c8-0428-4bd5-a614-9e8649d10917/elements[39m
[35m[HTTP][39m [90m{"using":"-android uiautomator","value":"new UiSelector().className(\"android.widget.TextView\").text(\"Guida TV\").resourceId(\"it.sky.msa:id/title\").instance(5)"}[39m
[35m[HTTP][39m [37m<-- POST /wd/hub/session/f43b13c8-0428-4bd5-a614-9e8649d10917/elements [39m[32m200[39m [90m65 ms - 74[39m
[35m[HTTP][39m [90m[39m
[35m[HTTP][39m [37m-->[39m [37mPOST[39m [37m/wd/hub/session/f43b13c8-0428-4bd5-a614-9e8649d10917/elements[39m
[35m[HTTP][39m [90m{"using":"-android uiautomator","value":"new UiSelector().className(\"android.widget.TextView\").text(\"Guida TV\").resourceId(\"it.sky.msa:id/title\").instance(5)"}[39m
[35m[HTTP][39m [37m<-- POST /wd/hub/session/f43b13c8-0428-4bd5-a614-9e8649d10917/elements [39m[32m200[39m [90m71 ms - 74[39m
[35m[HTTP][39m [90m[39m
[35m[HTTP][39m [37m-->[39m [37mPOST[39m [37m/wd/hub/session/f43b13c8-0428-4bd5-a614-9e8649d10917/elements[39m
[35m[HTTP][39m [90m{"using":"-android uiautomator","value":"new UiSelector().className(\"android.widget.TextView\").text(\"Guida TV\").resourceId(\"it.sky.msa:id/title\").instance(5)"}[39m
[35m[HTTP][39m [37m<-- POST /wd/hub/session/f43b13c8-0428-4bd5-a614-9e8649d10917/elements [39m[32m200[39m [90m56 ms - 74[39m
[35m[HTTP][39m [90m[39m
[35m[HTTP][39m [37m-->[39m [37mPOST[39m [37m/wd/hub/session/f43b13c8-0428-4bd5-a614-9e8649d10917/elements[39m
[35m[HTTP][39m [90m{"using":"-android uiautomator","value":"new UiSelector().className(\"android.widget.TextView\").text(\"Guida TV\").resourceId(\"it.sky.msa:id/title\").instance(5)"}[39m
[35m[HTTP][39m [37m<-- POST /wd/hub/session/f43b13c8-0428-4bd5-a614-9e8649d10917/elements [39m[32m200[39m [90m51 ms - 74[39m
[35m[HTTP][39m [90m[39m
[35m[HTTP][39m [37m-->[39m [37mPOST[39m [37m/wd/hub/session/f43b13c8-0428-4bd5-a614-9e8649d10917/elements[39m
[35m[HTTP][39m [90m{"using":"-android uiautomator","value":"new UiSelector().className(\"android.widget.TextView\").text(\"Guida TV\").resourceId(\"it.sky.msa:id/title\").instance(5)"}[39m
[35m[HTTP][39m [37m<-- POST /wd/hub/session/f43b13c8-0428-4bd5-a614-9e8649d10917/elements [39m[32m200[39m [90m59 ms - 74[39m
[35m[HTTP][39m [90m[39m
[35m[HTTP][39m [37m-->[39m [37mPOST[39m [37m/wd/hub/session/f43b13c8-0428-4bd5-a614-9e8649d10917/elements[39m
[35m[HTTP][39m [90m{"using":"-android uiautomator","value":"new UiSelector().className(\"android.widget.TextView\").text(\"Guida TV\").resourceId(\"it.sky.msa:id/title\").instance(5)"}[39m
[35m[HTTP][39m [37m<-- POST /wd/hub/session/f43b13c8-0428-4bd5-a614-9e8649d10917/elements [39m[32m200[39m [90m79 ms - 74[39m
[35m[HTTP][39m [90m[39m
[35m[HTTP][39m [37m-->[39m [37mPOST[39m [37m/wd/hub/session/f43b13c8-0428-4bd5-a614-9e8649d10917/elements[39m
[35m[HTTP][39m [90m{"using":"-android uiautomator","value":"new UiSelector().className(\"android.widget.TextView\").text(\"Guida TV\").resourceId(\"it.sky.msa:id/title\").instance(5)"}[39m
[35m[HTTP][39m [37m<-- POST /wd/hub/session/f43b13c8-0428-4bd5-a614-9e8649d10917/elements [39m[32m200[39m [90m63 ms - 74[39m
[35m[HTTP][39m [90m[39m
[35m[HTTP][39m [37m-->[39m [37mPOST[39m [37m/wd/hub/session/f43b13c8-0428-4bd5-a614-9e8649d10917/elements[39m
[35m[HTTP][39m [90m{"using":"-android uiautomator","value":"new UiSelector().className(\"android.widget.TextView\").text(\"Guida TV\").resourceId(\"it.sky.msa:id/title\").instance(5)"}[39m
[35m[HTTP][39m [37m<-- POST /wd/hub/session/f43b13c8-0428-4bd5-a614-9e8649d10917/elements [39m[32m200[39m [90m86 ms - 74[39m
[35m[HTTP][39m [90m[39m
[35m[HTTP][39m [37m-->[39m [37mPOST[39m [37m/wd/hub/session/f43b13c8-0428-4bd5-a614-9e8649d10917/elements[39m
[35m[HTTP][39m [90m{"using":"-android uiautomator","value":"new UiSelector().className(\"android.widget.TextView\").text(\"Guida TV\").resourceId(\"it.sky.msa:id/title\").instance(5)"}[39m
[35m[HTTP][39m [37m<-- POST /wd/hub/session/f43b13c8-0428-4bd5-a614-9e8649d10917/elements [39m[32m200[39m [90m75 ms - 74[39m
[35m[HTTP][39m [90m[39m
[35m[HTTP][39m [37m-->[39m [37mPOST[39m [37m/wd/hub/session/f43b13c8-0428-4bd5-a614-9e8649d10917/elements[39m
[35m[HTTP][39m [90m{"using":"-android uiautomator","value":"new UiSelector().className(\"android.widget.TextView\").text(\"Guida TV\").resourceId(\"it.sky.msa:id/title\").instance(5)"}[39m
[35m[HTTP][39m [37m<-- POST /wd/hub/session/f43b13c8-0428-4bd5-a614-9e8649d10917/elements [39m[32m200[39m [90m71 ms - 74[39m
[35m[HTTP][39m [90m[39m
[35m[HTTP][39m [37m-->[39m [37mPOST[39m [37m/wd/hub/session/f43b13c8-0428-4bd5-a614-9e8649d10917/elements[39m
[35m[HTTP][39m [90m{"using":"-android uiautomator","value":"new UiSelector().className(\"android.widget.TextView\").text(\"Guida TV\").resourceId(\"it.sky.msa:id/title\").instance(5)"}[39m
[35m[HTTP][39m [37m<-- POST /wd/hub/session/f43b13c8-0428-4bd5-a614-9e8649d10917/elements [39m[32m200[39m [90m76 ms - 74[39m
[35m[HTTP][39m [90m[39m
[35m[HTTP][39m [37m-->[39m [37mPOST[39m [37m/wd/hub/session/f43b13c8-0428-4bd5-a614-9e8649d10917/elements[39m
[35m[HTTP][39m [90m{"using":"-android uiautomator","value":"new UiSelector().className(\"android.widget.TextView\").text(\"Guida TV\").resourceId(\"it.sky.msa:id/title\").instance(5)"}[39m
[35m[HTTP][39m [37m<-- POST /wd/hub/session/f43b13c8-0428-4bd5-a614-9e8649d10917/elements [39m[32m200[39m [90m68 ms - 74[39m
[35m[HTTP][39m [90m[39m
[35m[HTTP][39m [37m-->[39m [37mPOST[39m [37m/wd/hub/session/f43b13c8-0428-4bd5-a614-9e8649d10917/elements[39m
[35m[HTTP][39m [90m{"using":"-android uiautomator","value":"new UiSelector().className(\"android.widget.TextView\").text(\"Guida TV\").resourceId(\"it.sky.msa:id/title\").instance(5)"}[39m
[35m[HTTP][39m [37m<-- POST /wd/hub/session/f43b13c8-0428-4bd5-a614-9e8649d10917/elements [39m[32m200[39m [90m97 ms - 74[39m
[35m[HTTP][39m [90m[39m
[35m[HTTP][39m [37m-->[39m [37mPOST[39m [37m/wd/hub/session/f43b13c8-0428-4bd5-a614-9e8649d10917/elements[39m
[35m[HTTP][39m [90m{"using":"-android uiautomator","value":"new UiSelector().className(\"android.widget.TextView\").text(\"Guida TV\").resourceId(\"it.sky.msa:id/title\").instance(5)"}[39m
[35m[HTTP][39m [37m<-- POST /wd/hub/session/f43b13c8-0428-4bd5-a614-9e8649d10917/elements [39m[32m200[39m [90m79 ms - 74[39m
[35m[HTTP][39m [90m[39m
[35m[HTTP][39m [37m-->[39m [37mPOST[39m [37m/wd/hub/session/f43b13c8-0428-4bd5-a614-9e8649d10917/elements[39m
[35m[HTTP][39m [90m{"using":"-android uiautomator","value":"new UiSelector().className(\"android.widget.TextView\").text(\"Guida TV\").resourceId(\"it.sky.msa:id/title\").instance(5)"}[39m
[35m[HTTP][39m [37m<-- POST /wd/hub/session/f43b13c8-0428-4bd5-a614-9e8649d10917/elements [39m[32m200[39m [90m72 ms - 74[39m
[35m[HTTP][39m [90m[39m
[35m[HTTP][39m [37m-->[39m [37mPOST[39m [37m/wd/hub/session/f43b13c8-0428-4bd5-a614-9e8649d10917/elements[39m
[35m[HTTP][39m [90m{"using":"-android uiautomator","value":"new UiSelector().className(\"android.widget.TextView\").text(\"Guida TV\").resourceId(\"it.sky.msa:id/title\").instance(5)"}[39m
[35m[HTTP][39m [37m<-- POST /wd/hub/session/f43b13c8-0428-4bd5-a614-9e8649d10917/elements [39m[32m200[39m [90m67 ms - 74[39m
[35m[HTTP][39m [90m[39m
[35m[HTTP][39m [37m-->[39m [37mPOST[39m [37m/wd/hub/session/f43b13c8-0428-4bd5-a614-9e8649d10917/elements[39m
[35m[HTTP][39m [90m{"using":"-android uiautomator","value":"new UiSelector().className(\"android.widget.TextView\").text(\"Guida TV\").resourceId(\"it.sky.msa:id/title\").instance(5)"}[39m
[35m[HTTP][39m [37m<-- POST /wd/hub/session/f43b13c8-0428-4bd5-a614-9e8649d10917/elements [39m[32m200[39m [90m75 ms - 74[39m
[35m[HTTP][39m [90m[39m
[35m[HTTP][39m [37m-->[39m [37mPOST[39m [37m/wd/hub/session/f43b13c8-0428-4bd5-a614-9e8649d10917/elements[39m
[35m[HTTP][39m [90m{"using":"-android uiautomator","value":"new UiSelector().className(\"android.widget.TextView\").text(\"Guida TV\").resourceId(\"it.sky.msa:id/title\").instance(5)"}[39m
[35m[HTTP][39m [37m<-- POST /wd/hub/session/f43b13c8-0428-4bd5-a614-9e8649d10917/elements [39m[32m200[39m [90m70 ms - 74[39m
[35m[HTTP][39m [90m[39m
[35m[HTTP][39m [37m-->[39m [37mPOST[39m [37m/wd/hub/session/f43b13c8-0428-4bd5-a614-9e8649d10917/elements[39m
[35m[HTTP][39m [90m{"using":"-android uiautomator","value":"new UiSelector().className(\"android.widget.TextView\").text(\"Guida TV\").resourceId(\"it.sky.msa:id/title\").instance(5)"}[39m
[35m[HTTP][39m [37m<-- POST /wd/hub/session/f43b13c8-0428-4bd5-a614-9e8649d10917/elements [39m[32m200[39m [90m65 ms - 74[39m
[35m[HTTP][39m [90m[39m
[35m[HTTP][39m [37m-->[39m [37mPOST[39m [37m/wd/hub/session/f43b13c8-0428-4bd5-a614-9e8649d10917/elements[39m
[35m[HTTP][39m [90m{"using":"-android uiautomator","value":"new UiSelector().className(\"android.widget.TextView\").text(\"Guida TV\").resourceId(\"it.sky.msa:id/title\").instance(5)"}[39m
[35m[HTTP][39m [37m<-- POST /wd/hub/session/f43b13c8-0428-4bd5-a614-9e8649d10917/elements [39m[32m200[39m [90m68 ms - 74[39m
[35m[HTTP][39m [90m[39m
[35m[HTTP][39m [37m-->[39m [37mPOST[39m [37m/wd/hub/session/f43b13c8-0428-4bd5-a614-9e8649d10917/elements[39m
[35m[HTTP][39m [90m{"using":"-android uiautomator","value":"new UiSelector().className(\"android.widget.TextView\").text(\"Guida TV\").resourceId(\"it.sky.msa:id/title\").instance(5)"}[39m
[35m[HTTP][39m [37m<-- POST /wd/hub/session/f43b13c8-0428-4bd5-a614-9e8649d10917/elements [39m[32m200[39m [90m55 ms - 74[39m
[35m[HTTP][39m [90m[39m
[35m[HTTP][39m [37m-->[39m [37mPOST[39m [37m/wd/hub/session/f43b13c8-0428-4bd5-a614-9e8649d10917/elements[39m
[35m[HTTP][39m [90m{"using":"-android uiautomator","value":"new UiSelector().className(\"android.widget.TextView\").text(\"Guida TV\").resourceId(\"it.sky.msa:id/title\").instance(5)"}[39m
[35m[HTTP][39m [37m<-- POST /wd/hub/session/f43b13c8-0428-4bd5-a614-9e8649d10917/elements [39m[32m200[39m [90m89 ms - 74[39m
[35m[HTTP][39m [90m[39m
[35m[HTTP][39m [37m-->[39m [37mPOST[39m [37m/wd/hub/session/f43b13c8-0428-4bd5-a614-9e8649d10917/elements[39m
[35m[HTTP][39m [90m{"using":"-android uiautomator","value":"new UiSelector().className(\"android.widget.TextView\").text(\"Guida TV\").resourceId(\"it.sky.msa:id/title\").instance(5)"}[39m
[35m[HTTP][39m [37m<-- POST /wd/hub/session/f43b13c8-0428-4bd5-a614-9e8649d10917/elements [39m[32m200[39m [90m62 ms - 74[39m
[35m[HTTP][39m [90m[39m
[35m[HTTP][39m [37m-->[39m [37mPOST[39m [37m/wd/hub/session/f43b13c8-0428-4bd5-a614-9e8649d10917/elements[39m
[35m[HTTP][39m [90m{"using":"-android uiautomator","value":"new UiSelector().className(\"android.widget.TextView\").text(\"Guida TV\").resourceId(\"it.sky.msa:id/title\").instance(5)"}[39m
[35m[HTTP][39m [37m<-- POST /wd/hub/session/f43b13c8-0428-4bd5-a614-9e8649d10917/elements [39m[32m200[39m [90m73 ms - 74[39m
[35m[HTTP][39m [90m[39m
[35m[HTTP][39m [37m-->[39m [37mPOST[39m [37m/wd/hub/session/f43b13c8-0428-4bd5-a614-9e8649d10917/elements[39m
[35m[HTTP][39m [90m{"using":"-android uiautomator","value":"new UiSelector().className(\"android.widget.TextView\").text(\"Guida TV\").resourceId(\"it.sky.msa:id/title\").instance(5)"}[39m
[35m[HTTP][39m [37m<-- POST /wd/hub/session/f43b13c8-0428-4bd5-a614-9e8649d10917/elements [39m[32m200[39m [90m63 ms - 74[39m
[35m[HTTP][39m [90m[39m
[35m[HTTP][39m [37m-->[39m [37mPOST[39m [37m/wd/hub/session/f43b13c8-0428-4bd5-a614-9e8649d10917/elements[39m
[35m[HTTP][39m [90m{"using":"-android uiautomator","value":"new UiSelector().className(\"android.widget.TextView\").text(\"Guida TV\").resourceId(\"it.sky.msa:id/title\").instance(5)"}[39m
[35m[HTTP][39m [37m<-- POST /wd/hub/session/f43b13c8-0428-4bd5-a614-9e8649d10917/elements [39m[32m200[39m [90m75 ms - 74[39m
[35m[HTTP][39m [90m[39m
[35m[HTTP][39m [37m-->[39m [37mPOST[39m [37m/wd/hub/session/f43b13c8-0428-4bd5-a614-9e8649d10917/elements[39m
[35m[HTTP][39m [90m{"using":"-android uiautomator","value":"new UiSelector().className(\"android.widget.TextView\").text(\"Guida TV\").resourceId(\"it.sky.msa:id/title\").instance(5)"}[39m
[35m[HTTP][39m [37m<-- POST /wd/hub/session/f43b13c8-0428-4bd5-a614-9e8649d10917/elements [39m[32m200[39m [90m65 ms - 74[39m
[35m[HTTP][39m [90m[39m
[35m[HTTP][39m [37m-->[39m [37mPOST[39m [37m/wd/hub/session/f43b13c8-0428-4bd5-a614-9e8649d10917/elements[39m
[35m[HTTP][39m [90m{"using":"-android uiautomator","value":"new UiSelector().className(\"android.widget.TextView\").text(\"Guida TV\").resourceId(\"it.sky.msa:id/title\").instance(5)"}[39m
[35m[HTTP][39m [37m<-- POST /wd/hub/session/f43b13c8-0428-4bd5-a614-9e8649d10917/elements [39m[32m200[39m [90m60 ms - 74[39m
[35m[HTTP][39m [90m[39m
[35m[HTTP][39m [37m-->[39m [37mPOST[39m [37m/wd/hub/session/f43b13c8-0428-4bd5-a614-9e8649d10917/elements[39m
[35m[HTTP][39m [90m{"using":"-android uiautomator","value":"new UiSelector().className(\"android.widget.TextView\").text(\"Guida TV\").resourceId(\"it.sky.msa:id/title\").instance(5)"}[39m
[35m[HTTP][39m [37m<-- POST /wd/hub/session/f43b13c8-0428-4bd5-a614-9e8649d10917/elements [39m[32m200[39m [90m71 ms - 74[39m
[35m[HTTP][39m [90m[39m
[35m[HTTP][39m [37m-->[39m [37mPOST[39m [37m/wd/hub/session/f43b13c8-0428-4bd5-a614-9e8649d10917/elements[39m
[35m[HTTP][39m [90m{"using":"-android uiautomator","value":"new UiSelector().className(\"android.widget.TextView\").text(\"Guida TV\").resourceId(\"it.sky.msa:id/title\").instance(5)"}[39m
[35m[HTTP][39m [37m<-- POST /wd/hub/session/f43b13c8-0428-4bd5-a614-9e8649d10917/elements [39m[32m200[39m [90m926 ms - 124[39m
[35m[HTTP][39m [90m[39m
[35m[HTTP][39m [37m-->[39m [37mGET[39m [37m/wd/hub/session/f43b13c8-0428-4bd5-a614-9e8649d10917[39m
[35m[HTTP][39m [90m{}[39m
[35m[HTTP][39m [37m<-- GET /wd/hub/session/f43b13c8-0428-4bd5-a614-9e8649d10917 [39m[32m200[39m [90m31 ms - 1133[39m
[35m[HTTP][39m [90m[39m
[35m[HTTP][39m [37m-->[39m [37mGET[39m [37m/wd/hub/session/f43b13c8-0428-4bd5-a614-9e8649d10917[39m
[35m[HTTP][39m [90m{}[39m
[35m[HTTP][39m [37m<-- GET /wd/hub/session/f43b13c8-0428-4bd5-a614-9e8649d10917 [39m[32m200[39m [90m29 ms - 1133[39m
[35m[HTTP][39m [90m[39m
[35m[HTTP][39m [37m-->[39m [37mGET[39m [37m/wd/hub/session/f43b13c8-0428-4bd5-a614-9e8649d10917[39m
[35m[HTTP][39m [90m{}[39m
[35m[HTTP][39m [37m<-- GET /wd/hub/session/f43b13c8-0428-4bd5-a614-9e8649d10917 [39m[32m200[39m [90m35 ms - 1133[39m
[35m[HTTP][39m [90m[39m
[35m[HTTP][39m [37m-->[39m [37mGET[39m [37m/wd/hub/session/f43b13c8-0428-4bd5-a614-9e8649d10917[39m
[35m[HTTP][39m [90m{}[39m
[35m[HTTP][39m [37m<-- GET /wd/hub/session/f43b13c8-0428-4bd5-a614-9e8649d10917 [39m[32m200[39m [90m29 ms - 1133[39m
[35m[HTTP][39m [90m[39m
[35m[HTTP][39m [37m-->[39m [37mGET[39m [37m/wd/hub/session/f43b13c8-0428-4bd5-a614-9e8649d10917/element/e3b10462-71c5-441f-828e-64d3fac2b272/location[39m
[35m[HTTP][39m [90m{}[39m
[35m[W3C][39m Driver proxy active, passing request on via HTTP proxy
[35m[JSONWP Proxy][39m Replacing sessionId 2a7b76ee-7eb5-4049-b833-a92a78e934ac with f43b13c8-0428-4bd5-a614-9e8649d10917
[35m[HTTP][39m [37m<-- GET /wd/hub/session/f43b13c8-0428-4bd5-a614-9e8649d10917/element/e3b10462-71c5-441f-828e-64d3fac2b272/location [39m[32m200[39m [90m70 ms - 90[39m
[35m[HTTP][39m [90m[39m
[35m[HTTP][39m [37m-->[39m [37mPOST[39m [37m/wd/hub/session/f43b13c8-0428-4bd5-a614-9e8649d10917/touch/perform[39m
[35m[HTTP][39m [90m{"actions":[{"action":"tap","options":{"element":"e3b10462-71c5-441f-828e-64d3fac2b272","x":1,"y":1}}]}[39m
[35m[UiAutomator2][39m calling get location: e3b10462-71c5-441f-828e-64d3fac2b272
[35m[HTTP][39m [37m<-- POST /wd/hub/session/f43b13c8-0428-4bd5-a614-9e8649d10917/touch/perform [39m[32m200[39m [90m1129 ms - 76[39m
[35m[HTTP][39m [90m[39m
[35m[HTTP][39m [37m-->[39m [37mGET[39m [37m/wd/hub/session/f43b13c8-0428-4bd5-a614-9e8649d10917/window/current/size[39m
[35m[HTTP][39m [90m{}[39m
[35m[W3C][39m Driver proxy active, passing request on via HTTP proxy
[35m[JSONWP Proxy][39m Replacing sessionId 2a7b76ee-7eb5-4049-b833-a92a78e934ac with f43b13c8-0428-4bd5-a614-9e8649d10917
[35m[HTTP][39m [37m<-- GET /wd/hub/session/f43b13c8-0428-4bd5-a614-9e8649d10917/window/current/size [39m[32m200[39m [90m37 ms - 100[39m
[35m[HTTP][39m [90m[39m
[35m[HTTP][39m [37m-->[39m [37mPOST[39m [37m/wd/hub/session/f43b13c8-0428-4bd5-a614-9e8649d10917/elements[39m
[35m[HTTP][39m [90m{"using":"-android uiautomator","value":"new UiSelector().className(\"android.widget.TextView\").text(\"GUIDA TV\").resourceId(\"it.sky.msa:id/headerTitle\").instance(0)"}[39m
[35m[HTTP][39m [37m<-- POST /wd/hub/session/f43b13c8-0428-4bd5-a614-9e8649d10917/elements [39m[32m200[39m [90m193 ms - 124[39m
[35m[HTTP][39m [90m[39m
[35m[HTTP][39m [37m-->[39m [37mGET[39m [37m/wd/hub/session/f43b13c8-0428-4bd5-a614-9e8649d10917[39m
[35m[HTTP][39m [90m{}[39m
[35m[HTTP][39m [37m<-- GET /wd/hub/session/f43b13c8-0428-4bd5-a614-9e8649d10917 [39m[32m200[39m [90m26 ms - 1133[39m
[35m[HTTP][39m [90m[39m
[35m[HTTP][39m [37m-->[39m [37mGET[39m [37m/wd/hub/session/f43b13c8-0428-4bd5-a614-9e8649d10917[39m
[35m[HTTP][39m [90m{}[39m
[35m[HTTP][39m [37m<-- GET /wd/hub/session/f43b13c8-0428-4bd5-a614-9e8649d10917 [39m[32m200[39m [90m27 ms - 1133[39m
[35m[HTTP][39m [90m[39m
[35m[HTTP][39m [37m-->[39m [37mGET[39m [37m/wd/hub/session/f43b13c8-0428-4bd5-a614-9e8649d10917[39m
[35m[HTTP][39m [90m{}[39m
[35m[HTTP][39m [37m<-- GET /wd/hub/session/f43b13c8-0428-4bd5-a614-9e8649d10917 [39m[32m200[39m [90m26 ms - 1133[39m
[35m[HTTP][39m [90m[39m
[35m[HTTP][39m [37m-->[39m [37mGET[39m [37m/wd/hub/session/f43b13c8-0428-4bd5-a614-9e8649d10917[39m
[35m[HTTP][39m [90m{}[39m
[35m[HTTP][39m [37m<-- GET /wd/hub/session/f43b13c8-0428-4bd5-a614-9e8649d10917 [39m[32m200[39m [90m25 ms - 1133[39m
[35m[HTTP][39m [90m[39m
[35m[HTTP][39m [37m-->[39m [37mGET[39m [37m/wd/hub/session/f43b13c8-0428-4bd5-a614-9e8649d10917/element/44079124-1685-479a-bb08-190d8d2784fa/location[39m
[35m[HTTP][39m [90m{}[39m
[35m[W3C][39m Driver proxy active, passing request on via HTTP proxy
[35m[JSONWP Proxy][39m Replacing sessionId 2a7b76ee-7eb5-4049-b833-a92a78e934ac with f43b13c8-0428-4bd5-a614-9e8649d10917
[35m[HTTP][39m [37m<-- GET /wd/hub/session/f43b13c8-0428-4bd5-a614-9e8649d10917/element/44079124-1685-479a-bb08-190d8d2784fa/location [39m[32m200[39m [90m72 ms - 88[39m
[35m[HTTP][39m [90m[39m
[35m[HTTP][39m [37m-->[39m [37mGET[39m [37m/wd/hub/session/f43b13c8-0428-4bd5-a614-9e8649d10917/window/current/size[39m
[35m[HTTP][39m [90m{}[39m
[35m[W3C][39m Driver proxy active, passing request on via HTTP proxy
[35m[JSONWP Proxy][39m Replacing sessionId 2a7b76ee-7eb5-4049-b833-a92a78e934ac with f43b13c8-0428-4bd5-a614-9e8649d10917
[35m[HTTP][39m [37m<-- GET /wd/hub/session/f43b13c8-0428-4bd5-a614-9e8649d10917/window/current/size [39m[32m200[39m [90m35 ms - 100[39m
[35m[HTTP][39m [90m[39m
[35m[HTTP][39m [37m-->[39m [37mPOST[39m [37m/wd/hub/session/f43b13c8-0428-4bd5-a614-9e8649d10917/elements[39m
[35m[HTTP][39m [90m{"using":"-android uiautomator","value":"new UiSelector().className(\"android.widget.ImageView\").resourceId(\"it.sky.msa:id/heroImageImageView\").instance(0)"}[39m
[35m[HTTP][39m [37m<-- POST /wd/hub/session/f43b13c8-0428-4bd5-a614-9e8649d10917/elements [39m[32m200[39m [90m180 ms - 124[39m
[35m[HTTP][39m [90m[39m
[35m[HTTP][39m [37m-->[39m [37mGET[39m [37m/wd/hub/session/f43b13c8-0428-4bd5-a614-9e8649d10917[39m
[35m[HTTP][39m [90m{}[39m
[35m[HTTP][39m [37m<-- GET /wd/hub/session/f43b13c8-0428-4bd5-a614-9e8649d10917 [39m[32m200[39m [90m33 ms - 1133[39m
[35m[HTTP][39m [90m[39m
[35m[HTTP][39m [37m-->[39m [37mGET[39m [37m/wd/hub/session/f43b13c8-0428-4bd5-a614-9e8649d10917[39m
[35m[HTTP][39m [90m{}[39m
[35m[HTTP][39m [37m<-- GET /wd/hub/session/f43b13c8-0428-4bd5-a614-9e8649d10917 [39m[32m200[39m [90m37 ms - 1133[39m
[35m[HTTP][39m [90m[39m
[35m[HTTP][39m [37m-->[39m [37mGET[39m [37m/wd/hub/session/f43b13c8-0428-4bd5-a614-9e8649d10917[39m
[35m[HTTP][39m [90m{}[39m
[35m[HTTP][39m [37m<-- GET /wd/hub/session/f43b13c8-0428-4bd5-a614-9e8649d10917 [39m[32m200[39m [90m31 ms - 1133[39m
[35m[HTTP][39m [90m[39m
[35m[HTTP][39m [37m-->[39m [37mGET[39m [37m/wd/hub/session/f43b13c8-0428-4bd5-a614-9e8649d10917[39m
[35m[HTTP][39m [90m{}[39m
[35m[HTTP][39m [37m<-- GET /wd/hub/session/f43b13c8-0428-4bd5-a614-9e8649d10917 [39m[32m200[39m [90m27 ms - 1133[39m
[35m[HTTP][39m [90m[39m
[35m[HTTP][39m [37m-->[39m [37mGET[39m [37m/wd/hub/session/f43b13c8-0428-4bd5-a614-9e8649d10917/element/63633859-5499-4f18-88a6-8e6d56dacd6e/location[39m
[35m[HTTP][39m [90m{}[39m
[35m[W3C][39m Driver proxy active, passing request on via HTTP proxy
[35m[JSONWP Proxy][39m Replacing sessionId 2a7b76ee-7eb5-4049-b833-a92a78e934ac with f43b13c8-0428-4bd5-a614-9e8649d10917
[35m[HTTP][39m [37m<-- GET /wd/hub/session/f43b13c8-0428-4bd5-a614-9e8649d10917/element/63633859-5499-4f18-88a6-8e6d56dacd6e/location [39m[32m200[39m [90m695 ms - 87[39m
[35m[HTTP][39m [90m[39m
[35m[HTTP][39m [37m-->[39m [37mGET[39m [37m/wd/hub/session/f43b13c8-0428-4bd5-a614-9e8649d10917/element/63633859-5499-4f18-88a6-8e6d56dacd6e/attribute/resourceId[39m
[35m[HTTP][39m [90m{}[39m
[35m[HTTP][39m [37m<-- GET /wd/hub/session/f43b13c8-0428-4bd5-a614-9e8649d10917/element/63633859-5499-4f18-88a6-8e6d56dacd6e/attribute/resourceId [39m[32m200[39m [90m61 ms - 106[39m
[35m[HTTP][39m [90m[39m
[35m[HTTP][39m [37m-->[39m [37mGET[39m [37m/wd/hub/session/f43b13c8-0428-4bd5-a614-9e8649d10917/window/current/size[39m
[35m[HTTP][39m [90m{}[39m
[35m[W3C][39m Driver proxy active, passing request on via HTTP proxy
[35m[JSONWP Proxy][39m Replacing sessionId 2a7b76ee-7eb5-4049-b833-a92a78e934ac with f43b13c8-0428-4bd5-a614-9e8649d10917
[35m[HTTP][39m [37m<-- GET /wd/hub/session/f43b13c8-0428-4bd5-a614-9e8649d10917/window/current/size [39m[32m200[39m [90m45 ms - 100[39m
[35m[HTTP][39m [90m[39m
[35m[HTTP][39m [37m-->[39m [37mPOST[39m [37m/wd/hub/session/f43b13c8-0428-4bd5-a614-9e8649d10917/elements[39m
[35m[HTTP][39m [90m{"using":"-android uiautomator","value":"new UiSelector().className(\"android.widget.TextView\").text(\"IN EVIDENZA\").resourceId(\"it.sky.msa:id/heroPromoTextView\").instance(6)"}[39m
[35m[HTTP][39m [37m<-- POST /wd/hub/session/f43b13c8-0428-4bd5-a614-9e8649d10917/elements [39m[32m200[39m [90m1071 ms - 124[39m
[35m[HTTP][39m [90m[39m
[35m[HTTP][39m [37m-->[39m [37mGET[39m [37m/wd/hub/session/f43b13c8-0428-4bd5-a614-9e8649d10917[39m
[35m[HTTP][39m [90m{}[39m
[35m[HTTP][39m [37m<-- GET /wd/hub/session/f43b13c8-0428-4bd5-a614-9e8649d10917 [39m[32m200[39m [90m30 ms - 1133[39m
[35m[HTTP][39m [90m[39m
[35m[HTTP][39m [37m-->[39m [37mGET[39m [37m/wd/hub/session/f43b13c8-0428-4bd5-a614-9e8649d10917[39m
[35m[HTTP][39m [90m{}[39m
[35m[HTTP][39m [37m<-- GET /wd/hub/session/f43b13c8-0428-4bd5-a614-9e8649d10917 [39m[32m200[39m [90m30 ms - 1133[39m
[35m[HTTP][39m [90m[39m
[35m[HTTP][39m [37m-->[39m [37mGET[39m [37m/wd/hub/session/f43b13c8-0428-4bd5-a614-9e8649d10917[39m
[35m[HTTP][39m [90m{}[39m
[35m[HTTP][39m [37m<-- GET /wd/hub/session/f43b13c8-0428-4bd5-a614-9e8649d10917 [39m[32m200[39m [90m30 ms - 1133[39m
[35m[HTTP][39m [90m[39m
[35m[HTTP][39m [37m-->[39m [37mGET[39m [37m/wd/hub/session/f43b13c8-0428-4bd5-a614-9e8649d10917[39m
[35m[HTTP][39m [90m{}[39m
[35m[HTTP][39m [37m<-- GET /wd/hub/session/f43b13c8-0428-4bd5-a614-9e8649d10917 [39m[32m200[39m [90m27 ms - 1133[39m
[35m[HTTP][39m [90m[39m
[35m[HTTP][39m [37m-->[39m [37mGET[39m [37m/wd/hub/session/f43b13c8-0428-4bd5-a614-9e8649d10917/element/7057dab6-42d4-4106-bca0-87193ad25884/location[39m
[35m[HTTP][39m [90m{}[39m
[35m[W3C][39m Driver proxy active, passing request on via HTTP proxy
[35m[JSONWP Proxy][39m Replacing sessionId 2a7b76ee-7eb5-4049-b833-a92a78e934ac with f43b13c8-0428-4bd5-a614-9e8649d10917
[35m[HTTP][39m [37m<-- GET /wd/hub/session/f43b13c8-0428-4bd5-a614-9e8649d10917/element/7057dab6-42d4-4106-bca0-87193ad25884/location [39m[32m200[39m [90m63 ms - 88[39m
[35m[HTTP][39m [90m[39m
[35m[HTTP][39m [37m-->[39m [37mGET[39m [37m/wd/hub/session/f43b13c8-0428-4bd5-a614-9e8649d10917/element/7057dab6-42d4-4106-bca0-87193ad25884/text[39m
[35m[HTTP][39m [90m{}[39m
[35m[W3C][39m Driver proxy active, passing request on via HTTP proxy
[35m[JSONWP Proxy][39m Replacing sessionId 2a7b76ee-7eb5-4049-b833-a92a78e934ac with f43b13c8-0428-4bd5-a614-9e8649d10917
[35m[HTTP][39m [37m<-- GET /wd/hub/session/f43b13c8-0428-4bd5-a614-9e8649d10917/element/7057dab6-42d4-4106-bca0-87193ad25884/text [39m[32m200[39m [90m80 ms - 85[39m
[35m[HTTP][39m [90m[39m
[35m[HTTP][39m [37m-->[39m [37mGET[39m [37m/wd/hub/session/f43b13c8-0428-4bd5-a614-9e8649d10917/window/current/size[39m
[35m[HTTP][39m [90m{}[39m
[35m[W3C][39m Driver proxy active, passing request on via HTTP proxy
[35m[JSONWP Proxy][39m Replacing sessionId 2a7b76ee-7eb5-4049-b833-a92a78e934ac with f43b13c8-0428-4bd5-a614-9e8649d10917
[35m[HTTP][39m [37m<-- GET /wd/hub/session/f43b13c8-0428-4bd5-a614-9e8649d10917/window/current/size [39m[32m200[39m [90m31 ms - 100[39m
[35m[HTTP][39m [90m[39m
[35m[HTTP][39m [37m-->[39m [37mPOST[39m [37m/wd/hub/session/f43b13c8-0428-4bd5-a614-9e8649d10917/elements[39m
[35m[HTTP][39m [90m{"using":"-android uiautomator","value":"new UiSelector().className(\"android.widget.TextView\").resourceId(\"it.sky.msa:id/heroTitleTextView\").instance(7)"}[39m
[35m[HTTP][39m [37m<-- POST /wd/hub/session/f43b13c8-0428-4bd5-a614-9e8649d10917/elements [39m[32m200[39m [90m94 ms - 124[39m
[35m[HTTP][39m [90m[39m
[35m[HTTP][39m [37m-->[39m [37mGET[39m [37m/wd/hub/session/f43b13c8-0428-4bd5-a614-9e8649d10917[39m
[35m[HTTP][39m [90m{}[39m
[35m[HTTP][39m [37m<-- GET /wd/hub/session/f43b13c8-0428-4bd5-a614-9e8649d10917 [39m[32m200[39m [90m25 ms - 1133[39m
[35m[HTTP][39m [90m[39m
[35m[HTTP][39m [37m-->[39m [37mGET[39m [37m/wd/hub/session/f43b13c8-0428-4bd5-a614-9e8649d10917[39m
[35m[HTTP][39m [90m{}[39m
[35m[HTTP][39m [37m<-- GET /wd/hub/session/f43b13c8-0428-4bd5-a614-9e8649d10917 [39m[32m200[39m [90m22 ms - 1133[39m
[35m[HTTP][39m [90m[39m
[35m[HTTP][39m [37m-->[39m [37mGET[39m [37m/wd/hub/session/f43b13c8-0428-4bd5-a614-9e8649d10917[39m
[35m[HTTP][39m [90m{}[39m
[35m[HTTP][39m [37m<-- GET /wd/hub/session/f43b13c8-0428-4bd5-a614-9e8649d10917 [39m[32m200[39m [90m23 ms - 1133[39m
[35m[HTTP][39m [90m[39m
[35m[HTTP][39m [37m-->[39m [37mGET[39m [37m/wd/hub/session/f43b13c8-0428-4bd5-a614-9e8649d10917[39m
[35m[HTTP][39m [90m{}[39m
[35m[HTTP][39m [37m<-- GET /wd/hub/session/f43b13c8-0428-4bd5-a614-9e8649d10917 [39m[32m200[39m [90m25 ms - 1133[39m
[35m[HTTP][39m [90m[39m
[35m[HTTP][39m [37m-->[39m [37mGET[39m [37m/wd/hub/session/f43b13c8-0428-4bd5-a614-9e8649d10917/element/4767f3e0-fa3a-4ace-98fe-78aef67c6c93/location[39m
[35m[HTTP][39m [90m{}[39m
[35m[W3C][39m Driver proxy active, passing request on via HTTP proxy
[35m[JSONWP Proxy][39m Replacing sessionId 2a7b76ee-7eb5-4049-b833-a92a78e934ac with f43b13c8-0428-4bd5-a614-9e8649d10917
[35m[HTTP][39m [37m<-- GET /wd/hub/session/f43b13c8-0428-4bd5-a614-9e8649d10917/element/4767f3e0-fa3a-4ace-98fe-78aef67c6c93/location [39m[32m200[39m [90m51 ms - 88[39m
[35m[HTTP][39m [90m[39m
[35m[HTTP][39m [37m-->[39m [37mGET[39m [37m/wd/hub/session/f43b13c8-0428-4bd5-a614-9e8649d10917/window/current/size[39m
[35m[HTTP][39m [90m{}[39m
[35m[W3C][39m Driver proxy active, passing request on via HTTP proxy
[35m[JSONWP Proxy][39m Replacing sessionId 2a7b76ee-7eb5-4049-b833-a92a78e934ac with f43b13c8-0428-4bd5-a614-9e8649d10917
[35m[HTTP][39m [37m<-- GET /wd/hub/session/f43b13c8-0428-4bd5-a614-9e8649d10917/window/current/size [39m[32m200[39m [90m30 ms - 100[39m
[35m[HTTP][39m [90m[39m
[35m[HTTP][39m [37m-->[39m [37mPOST[39m [37m/wd/hub/session/f43b13c8-0428-4bd5-a614-9e8649d10917/elements[39m
[35m[HTTP][39m [90m{"using":"-android uiautomator","value":"new UiSelector().className(\"android.widget.TextView\").resourceId(\"it.sky.msa:id/heroCaptionTextView\").instance(8)"}[39m
[35m[HTTP][39m [37m<-- POST /wd/hub/session/f43b13c8-0428-4bd5-a614-9e8649d10917/elements [39m[32m200[39m [90m98 ms - 124[39m
[35m[HTTP][39m [90m[39m
[35m[HTTP][39m [37m-->[39m [37mGET[39m [37m/wd/hub/session/f43b13c8-0428-4bd5-a614-9e8649d10917[39m
[35m[HTTP][39m [90m{}[39m
[35m[HTTP][39m [37m<-- GET /wd/hub/session/f43b13c8-0428-4bd5-a614-9e8649d10917 [39m[32m200[39m [90m28 ms - 1133[39m
[35m[HTTP][39m [90m[39m
[35m[HTTP][39m [37m-->[39m [37mGET[39m [37m/wd/hub/session/f43b13c8-0428-4bd5-a614-9e8649d10917[39m
[35m[HTTP][39m [90m{}[39m
[35m[HTTP][39m [37m<-- GET /wd/hub/session/f43b13c8-0428-4bd5-a614-9e8649d10917 [39m[32m200[39m [90m26 ms - 1133[39m
[35m[HTTP][39m [90m[39m
[35m[HTTP][39m [37m-->[39m [37mGET[39m [37m/wd/hub/session/f43b13c8-0428-4bd5-a614-9e8649d10917[39m
[35m[HTTP][39m [90m{}[39m
[35m[HTTP][39m [37m<-- GET /wd/hub/session/f43b13c8-0428-4bd5-a614-9e8649d10917 [39m[32m200[39m [90m25 ms - 1133[39m
[35m[HTTP][39m [90m[39m
[35m[HTTP][39m [37m-->[39m [37mGET[39m [37m/wd/hub/session/f43b13c8-0428-4bd5-a614-9e8649d10917[39m
[35m[HTTP][39m [90m{}[39m
[35m[HTTP][39m [37m<-- GET /wd/hub/session/f43b13c8-0428-4bd5-a614-9e8649d10917 [39m[32m200[39m [90m25 ms - 1133[39m
[35m[HTTP][39m [90m[39m
[35m[HTTP][39m [37m-->[39m [37mGET[39m [37m/wd/hub/session/f43b13c8-0428-4bd5-a614-9e8649d10917/element/5665cfd6-1ba3-4bf5-b1d2-b05a37b53651/location[39m
[35m[HTTP][39m [90m{}[39m
[35m[W3C][39m Driver proxy active, passing request on via HTTP proxy
[35m[JSONWP Proxy][39m Replacing sessionId 2a7b76ee-7eb5-4049-b833-a92a78e934ac with f43b13c8-0428-4bd5-a614-9e8649d10917
[35m[HTTP][39m [37m<-- GET /wd/hub/session/f43b13c8-0428-4bd5-a614-9e8649d10917/element/5665cfd6-1ba3-4bf5-b1d2-b05a37b53651/location [39m[32m200[39m [90m59 ms - 89[39m
[35m[HTTP][39m [90m[39m
[35m[HTTP][39m [37m-->[39m [37mGET[39m [37m/wd/hub/session/f43b13c8-0428-4bd5-a614-9e8649d10917/window/current/size[39m
[35m[HTTP][39m [90m{}[39m
[35m[W3C][39m Driver proxy active, passing request on via HTTP proxy
[35m[JSONWP Proxy][39m Replacing sessionId 2a7b76ee-7eb5-4049-b833-a92a78e934ac with f43b13c8-0428-4bd5-a614-9e8649d10917
[35m[HTTP][39m [37m<-- GET /wd/hub/session/f43b13c8-0428-4bd5-a614-9e8649d10917/window/current/size [39m[32m200[39m [90m45 ms - 100[39m
[35m[HTTP][39m [90m[39m
[35m[HTTP][39m [37m-->[39m [37mPOST[39m [37m/wd/hub/session/f43b13c8-0428-4bd5-a614-9e8649d10917/elements[39m
[35m[HTTP][39m [90m{"using":"-android uiautomator","value":"new UiSelector().className(\"android.widget.TextView\").resourceId(\"it.sky.msa:id/heroCaptionTextView\").instance(8)"}[39m
[35m[HTTP][39m [37m<-- POST /wd/hub/session/f43b13c8-0428-4bd5-a614-9e8649d10917/elements [39m[32m200[39m [90m113 ms - 124[39m
[35m[HTTP][39m [90m[39m
[35m[HTTP][39m [37m-->[39m [37mGET[39m [37m/wd/hub/session/f43b13c8-0428-4bd5-a614-9e8649d10917[39m
[35m[HTTP][39m [90m{}[39m
[35m[HTTP][39m [37m<-- GET /wd/hub/session/f43b13c8-0428-4bd5-a614-9e8649d10917 [39m[32m200[39m [90m23 ms - 1133[39m
[35m[HTTP][39m [90m[39m
[35m[HTTP][39m [37m-->[39m [37mGET[39m [37m/wd/hub/session/f43b13c8-0428-4bd5-a614-9e8649d10917[39m
[35m[HTTP][39m [90m{}[39m
[35m[HTTP][39m [37m<-- GET /wd/hub/session/f43b13c8-0428-4bd5-a614-9e8649d10917 [39m[32m200[39m [90m26 ms - 1133[39m
[35m[HTTP][39m [90m[39m
[35m[HTTP][39m [37m-->[39m [37mGET[39m [37m/wd/hub/session/f43b13c8-0428-4bd5-a614-9e8649d10917[39m
[35m[HTTP][39m [90m{}[39m
[35m[HTTP][39m [37m<-- GET /wd/hub/session/f43b13c8-0428-4bd5-a614-9e8649d10917 [39m[32m200[39m [90m25 ms - 1133[39m
[35m[HTTP][39m [90m[39m
[35m[HTTP][39m [37m-->[39m [37mGET[39m [37m/wd/hub/session/f43b13c8-0428-4bd5-a614-9e8649d10917[39m
[35m[HTTP][39m [90m{}[39m
[35m[HTTP][39m [37m<-- GET /wd/hub/session/f43b13c8-0428-4bd5-a614-9e8649d10917 [39m[32m200[39m [90m25 ms - 1133[39m
[35m[HTTP][39m [90m[39m
[35m[HTTP][39m [37m-->[39m [37mGET[39m [37m/wd/hub/session/f43b13c8-0428-4bd5-a614-9e8649d10917/element/3fa6e5d8-9f52-4d9d-ac46-5db04fe6efe9/location[39m
[35m[HTTP][39m [90m{}[39m
[35m[W3C][39m Driver proxy active, passing request on via HTTP proxy
[35m[JSONWP Proxy][39m Replacing sessionId 2a7b76ee-7eb5-4049-b833-a92a78e934ac with f43b13c8-0428-4bd5-a614-9e8649d10917
[35m[HTTP][39m [37m<-- GET /wd/hub/session/f43b13c8-0428-4bd5-a614-9e8649d10917/element/3fa6e5d8-9f52-4d9d-ac46-5db04fe6efe9/location [39m[32m200[39m [90m49 ms - 89[39m
[35m[HTTP][39m [90m[39m
[35m[HTTP][39m [37m-->[39m [37mGET[39m [37m/wd/hub/session/f43b13c8-0428-4bd5-a614-9e8649d10917/element/3fa6e5d8-9f52-4d9d-ac46-5db04fe6efe9/text[39m
[35m[HTTP][39m [90m{}[39m
[35m[W3C][39m Driver proxy active, passing request on via HTTP proxy
[35m[JSONWP Proxy][39m Replacing sessionId 2a7b76ee-7eb5-4049-b833-a92a78e934ac with f43b13c8-0428-4bd5-a614-9e8649d10917
[35m[HTTP][39m [37m<-- GET /wd/hub/session/f43b13c8-0428-4bd5-a614-9e8649d10917/element/3fa6e5d8-9f52-4d9d-ac46-5db04fe6efe9/text [39m[32m200[39m [90m64 ms - 89[39m
[35m[HTTP][39m [90m[39m
[35m[HTTP][39m [37m-->[39m [37mGET[39m [37m/wd/hub/session/f43b13c8-0428-4bd5-a614-9e8649d10917/context[39m
[35m[HTTP][39m [90m{}[39m
[35m[HTTP][39m [37m<-- GET /wd/hub/session/f43b13c8-0428-4bd5-a614-9e8649d10917/context [39m[32m200[39m [90m3 ms - 84[39m
[35m[HTTP][39m [90m[39m
[35m[HTTP][39m [37m-->[39m [37mGET[39m [37m/wd/hub/session/f43b13c8-0428-4bd5-a614-9e8649d10917/contexts[39m
[35m[HTTP][39m [90m{}[39m
[35m[HTTP][39m [37m<-- GET /wd/hub/session/f43b13c8-0428-4bd5-a614-9e8649d10917/contexts [39m[32m200[39m [90m116 ms - 86[39m
[35m[HTTP][39m [90m[39m
[35m[HTTP][39m [37m-->[39m [37mPOST[39m [37m/wd/hub/session/f43b13c8-0428-4bd5-a614-9e8649d10917/context[39m
[35m[HTTP][39m [90m{"name":"NATIVE_APP"}[39m
[35m[HTTP][39m [37m<-- POST /wd/hub/session/f43b13c8-0428-4bd5-a614-9e8649d10917/context [39m[32m200[39m [90m93 ms - 76[39m
[35m[HTTP][39m [90m[39m
[35m[HTTP][39m [37m-->[39m [37mPOST[39m [37m/wd/hub/session/f43b13c8-0428-4bd5-a614-9e8649d10917/touch/perform[39m
[35m[HTTP][39m [90m{"actions":[{"action":"press","options":{"x":0,"y":200}},{"action":"wait","options":{"ms":500}},{"action":"moveTo","options":{"x":0,"y":1000}}]}[39m
[35m[HTTP][39m [37m<-- POST /wd/hub/session/f43b13c8-0428-4bd5-a614-9e8649d10917/touch/perform [39m[32m200[39m [90m2137 ms - 76[39m
[35m[HTTP][39m [90m[39m
[35m[HTTP][39m [37m-->[39m [37mPOST[39m [37m/wd/hub/session/f43b13c8-0428-4bd5-a614-9e8649d10917/context[39m
[35m[HTTP][39m [90m{"name":"NATIVE_APP"}[39m
[35m[HTTP][39m [37m<-- POST /wd/hub/session/f43b13c8-0428-4bd5-a614-9e8649d10917/context [39m[32m200[39m [90m102 ms - 76[39m
[35m[HTTP][39m [90m[39m
[35m[HTTP][39m [37m-->[39m [37mGET[39m [37m/wd/hub/session/f43b13c8-0428-4bd5-a614-9e8649d10917/window/current/size[39m
[35m[HTTP][39m [90m{}[39m
[35m[W3C][39m Driver proxy active, passing request on via HTTP proxy
[35m[JSONWP Proxy][39m Replacing sessionId 2a7b76ee-7eb5-4049-b833-a92a78e934ac with f43b13c8-0428-4bd5-a614-9e8649d10917
[35m[HTTP][39m [37m<-- GET /wd/hub/session/f43b13c8-0428-4bd5-a614-9e8649d10917/window/current/size [39m[32m200[39m [90m45 ms - 100[39m
[35m[HTTP][39m [90m[39m
[35m[HTTP][39m [37m-->[39m [37mPOST[39m [37m/wd/hub/session/f43b13c8-0428-4bd5-a614-9e8649d10917/elements[39m
[35m[HTTP][39m [90m{"using":"-android uiautomator","value":"new UiSelector().className(\"android.widget.TextView\").text(\"Scelti per te questa settimana\").resourceId(\"it.sky.msa:id/categoryTitle\").instance(6)"}[39m
[35m[HTTP][39m [37m<-- POST /wd/hub/session/f43b13c8-0428-4bd5-a614-9e8649d10917/elements [39m[32m200[39m [90m119 ms - 124[39m
[35m[HTTP][39m [90m[39m
[35m[HTTP][39m [37m-->[39m [37mGET[39m [37m/wd/hub/session/f43b13c8-0428-4bd5-a614-9e8649d10917[39m
[35m[HTTP][39m [90m{}[39m
[35m[HTTP][39m [37m<-- GET /wd/hub/session/f43b13c8-0428-4bd5-a614-9e8649d10917 [39m[32m200[39m [90m30 ms - 1133[39m
[35m[HTTP][39m [90m[39m
[35m[HTTP][39m [37m-->[39m [37mGET[39m [37m/wd/hub/session/f43b13c8-0428-4bd5-a614-9e8649d10917[39m
[35m[HTTP][39m [90m{}[39m
[35m[HTTP][39m [37m<-- GET /wd/hub/session/f43b13c8-0428-4bd5-a614-9e8649d10917 [39m[32m200[39m [90m25 ms - 1133[39m
[35m[HTTP][39m [90m[39m
[35m[HTTP][39m [37m-->[39m [37mGET[39m [37m/wd/hub/session/f43b13c8-0428-4bd5-a614-9e8649d10917[39m
[35m[HTTP][39m [90m{}[39m
[35m[HTTP][39m [37m<-- GET /wd/hub/session/f43b13c8-0428-4bd5-a614-9e8649d10917 [39m[32m200[39m [90m43 ms - 1133[39m
[35m[HTTP][39m [90m[39m
[35m[HTTP][39m [37m-->[39m [37mGET[39m [37m/wd/hub/session/f43b13c8-0428-4bd5-a614-9e8649d10917[39m
[35m[HTTP][39m [90m{}[39m
[35m[HTTP][39m [37m<-- GET /wd/hub/session/f43b13c8-0428-4bd5-a614-9e8649d10917 [39m[32m200[39m [90m33 ms - 1133[39m
[35m[HTTP][39m [90m[39m
[35m[HTTP][39m [37m-->[39m [37mGET[39m [37m/wd/hub/session/f43b13c8-0428-4bd5-a614-9e8649d10917/element/bb822030-4ed8-4c94-b9b1-5a8f8fe9e355/location[39m
[35m[HTTP][39m [90m{}[39m
[35m[W3C][39m Driver proxy active, passing request on via HTTP proxy
[35m[JSONWP Proxy][39m Replacing sessionId 2a7b76ee-7eb5-4049-b833-a92a78e934ac with f43b13c8-0428-4bd5-a614-9e8649d10917
[35m[HTTP][39m [37m<-- GET /wd/hub/session/f43b13c8-0428-4bd5-a614-9e8649d10917/element/bb822030-4ed8-4c94-b9b1-5a8f8fe9e355/location [39m[32m200[39m [90m53 ms - 89[39m
[35m[HTTP][39m [90m[39m
[35m[HTTP][39m [37m-->[39m [37mGET[39m [37m/wd/hub/session/f43b13c8-0428-4bd5-a614-9e8649d10917/element/bb822030-4ed8-4c94-b9b1-5a8f8fe9e355/text[39m
[35m[HTTP][39m [90m{}[39m
[35m[W3C][39m Driver proxy active, passing request on via HTTP proxy
[35m[JSONWP Proxy][39m Replacing sessionId 2a7b76ee-7eb5-4049-b833-a92a78e934ac with f43b13c8-0428-4bd5-a614-9e8649d10917
[35m[HTTP][39m [37m<-- GET /wd/hub/session/f43b13c8-0428-4bd5-a614-9e8649d10917/element/bb822030-4ed8-4c94-b9b1-5a8f8fe9e355/text [39m[32m200[39m [90m69 ms - 104[39m
[35m[HTTP][39m [90m[39m
[35m[HTTP][39m [37m-->[39m [37mGET[39m [37m/wd/hub/session/f43b13c8-0428-4bd5-a614-9e8649d10917/window/current/size[39m
[35m[HTTP][39m [90m{}[39m
[35m[W3C][39m Driver proxy active, passing request on via HTTP proxy
[35m[JSONWP Proxy][39m Replacing sessionId 2a7b76ee-7eb5-4049-b833-a92a78e934ac with f43b13c8-0428-4bd5-a614-9e8649d10917
[35m[HTTP][39m [37m<-- GET /wd/hub/session/f43b13c8-0428-4bd5-a614-9e8649d10917/window/current/size [39m[32m200[39m [90m33 ms - 100[39m
[35m[HTTP][39m [90m[39m
[35m[HTTP][39m [37m-->[39m [37mPOST[39m [37m/wd/hub/session/f43b13c8-0428-4bd5-a614-9e8649d10917/elements[39m
[35m[HTTP][39m [90m{"using":"-android uiautomator","value":"new UiSelector().className(\"android.widget.TextView\").text(\"Scelti per te questa settimana\").resourceId(\"it.sky.msa:id/categoryTitle\").instance(6)"}[39m
[35m[HTTP][39m [37m<-- POST /wd/hub/session/f43b13c8-0428-4bd5-a614-9e8649d10917/elements [39m[32m200[39m [90m113 ms - 124[39m
[35m[HTTP][39m [90m[39m
[35m[HTTP][39m [37m-->[39m [37mGET[39m [37m/wd/hub/session/f43b13c8-0428-4bd5-a614-9e8649d10917[39m
[35m[HTTP][39m [90m{}[39m
[35m[HTTP][39m [37m<-- GET /wd/hub/session/f43b13c8-0428-4bd5-a614-9e8649d10917 [39m[32m200[39m [90m25 ms - 1133[39m
[35m[HTTP][39m [90m[39m
[35m[HTTP][39m [37m-->[39m [37mGET[39m [37m/wd/hub/session/f43b13c8-0428-4bd5-a614-9e8649d10917[39m
[35m[HTTP][39m [90m{}[39m
[35m[HTTP][39m [37m<-- GET /wd/hub/session/f43b13c8-0428-4bd5-a614-9e8649d10917 [39m[32m200[39m [90m24 ms - 1133[39m
[35m[HTTP][39m [90m[39m
[35m[HTTP][39m [37m-->[39m [37mGET[39m [37m/wd/hub/session/f43b13c8-0428-4bd5-a614-9e8649d10917[39m
[35m[HTTP][39m [90m{}[39m
[35m[HTTP][39m [37m<-- GET /wd/hub/session/f43b13c8-0428-4bd5-a614-9e8649d10917 [39m[32m200[39m [90m25 ms - 1133[39m
[35m[HTTP][39m [90m[39m
[35m[HTTP][39m [37m-->[39m [37mGET[39m [37m/wd/hub/session/f43b13c8-0428-4bd5-a614-9e8649d10917[39m
[35m[HTTP][39m [90m{}[39m
[35m[HTTP][39m [37m<-- GET /wd/hub/session/f43b13c8-0428-4bd5-a614-9e8649d10917 [39m[32m200[39m [90m25 ms - 1133[39m
[35m[HTTP][39m [90m[39m
[35m[HTTP][39m [37m-->[39m [37mGET[39m [37m/wd/hub/session/f43b13c8-0428-4bd5-a614-9e8649d10917/element/fd23d535-02e1-4355-b09a-4ef6fffab703/location[39m
[35m[HTTP][39m [90m{}[39m
[35m[W3C][39m Driver proxy active, passing request on via HTTP proxy
[35m[JSONWP Proxy][39m Replacing sessionId 2a7b76ee-7eb5-4049-b833-a92a78e934ac with f43b13c8-0428-4bd5-a614-9e8649d10917
[35m[HTTP][39m [37m<-- GET /wd/hub/session/f43b13c8-0428-4bd5-a614-9e8649d10917/element/fd23d535-02e1-4355-b09a-4ef6fffab703/location [39m[32m200[39m [90m59 ms - 89[39m
[35m[HTTP][39m [90m[39m
[35m[HTTP][39m [37m-->[39m [37mGET[39m [37m/wd/hub/session/f43b13c8-0428-4bd5-a614-9e8649d10917/element/fd23d535-02e1-4355-b09a-4ef6fffab703/text[39m
[35m[HTTP][39m [90m{}[39m
[35m[W3C][39m Driver proxy active, passing request on via HTTP proxy
[35m[JSONWP Proxy][39m Replacing sessionId 2a7b76ee-7eb5-4049-b833-a92a78e934ac with f43b13c8-0428-4bd5-a614-9e8649d10917
[35m[HTTP][39m [37m<-- GET /wd/hub/session/f43b13c8-0428-4bd5-a614-9e8649d10917/element/fd23d535-02e1-4355-b09a-4ef6fffab703/text [39m[32m200[39m [90m70 ms - 104[39m
[35m[HTTP][39m [90m[39m
[35m[HTTP][39m [37m-->[39m [37mGET[39m [37m/wd/hub/session/f43b13c8-0428-4bd5-a614-9e8649d10917/context[39m
[35m[HTTP][39m [90m{}[39m
[35m[HTTP][39m [37m<-- GET /wd/hub/session/f43b13c8-0428-4bd5-a614-9e8649d10917/context [39m[32m200[39m [90m3 ms - 84[39m
[35m[HTTP][39m [90m[39m
[35m[HTTP][39m [37m-->[39m [37mGET[39m [37m/wd/hub/session/f43b13c8-0428-4bd5-a614-9e8649d10917/contexts[39m
[35m[HTTP][39m [90m{}[39m
[35m[HTTP][39m [37m<-- GET /wd/hub/session/f43b13c8-0428-4bd5-a614-9e8649d10917/contexts [39m[32m200[39m [90m101 ms - 86[39m
[35m[HTTP][39m [90m[39m
[35m[HTTP][39m [37m-->[39m [37mPOST[39m [37m/wd/hub/session/f43b13c8-0428-4bd5-a614-9e8649d10917/context[39m
[35m[HTTP][39m [90m{"name":"NATIVE_APP"}[39m
[35m[HTTP][39m [37m<-- POST /wd/hub/session/f43b13c8-0428-4bd5-a614-9e8649d10917/context [39m[32m200[39m [90m147 ms - 76[39m
[35m[HTTP][39m [90m[39m
[35m[HTTP][39m [37m-->[39m [37mPOST[39m [37m/wd/hub/session/f43b13c8-0428-4bd5-a614-9e8649d10917/touch/perform[39m
[35m[HTTP][39m [90m{"actions":[{"action":"press","options":{"x":0,"y":0}},{"action":"wait","options":{"ms":500}},{"action":"moveTo","options":{"x":100,"y":0}}]}[39m
[35m[HTTP][39m [37m<-- POST /wd/hub/session/f43b13c8-0428-4bd5-a614-9e8649d10917/touch/perform [39m[32m200[39m [90m2140 ms - 76[39m
[35m[HTTP][39m [90m[39m
[35m[HTTP][39m [37m-->[39m [37mPOST[39m [37m/wd/hub/session/f43b13c8-0428-4bd5-a614-9e8649d10917/context[39m
[35m[HTTP][39m [90m{"name":"NATIVE_APP"}[39m
[35m[HTTP][39m [37m<-- POST /wd/hub/session/f43b13c8-0428-4bd5-a614-9e8649d10917/context [39m[32m200[39m [90m97 ms - 76[39m
[35m[HTTP][39m [90m[39m
[35m[HTTP][39m [37m-->[39m [37mGET[39m [37m/wd/hub/session/f43b13c8-0428-4bd5-a614-9e8649d10917/context[39m
[35m[HTTP][39m [90m{}[39m
[35m[HTTP][39m [37m<-- GET /wd/hub/session/f43b13c8-0428-4bd5-a614-9e8649d10917/context [39m[32m200[39m [90m2 ms - 84[39m
[35m[HTTP][39m [90m[39m
[35m[HTTP][39m [37m-->[39m [37mGET[39m [37m/wd/hub/session/f43b13c8-0428-4bd5-a614-9e8649d10917/contexts[39m
[35m[HTTP][39m [90m{}[39m
[35m[HTTP][39m [37m<-- GET /wd/hub/session/f43b13c8-0428-4bd5-a614-9e8649d10917/contexts [39m[32m200[39m [90m185 ms - 86[39m
[35m[HTTP][39m [90m[39m
[35m[HTTP][39m [37m-->[39m [37mPOST[39m [37m/wd/hub/session/f43b13c8-0428-4bd5-a614-9e8649d10917/context[39m
[35m[HTTP][39m [90m{"name":"NATIVE_APP"}[39m
[35m[HTTP][39m [37m<-- POST /wd/hub/session/f43b13c8-0428-4bd5-a614-9e8649d10917/context [39m[32m200[39m [90m171 ms - 76[39m
[35m[HTTP][39m [90m[39m
[35m[HTTP][39m [37m-->[39m [37mPOST[39m [37m/wd/hub/session/f43b13c8-0428-4bd5-a614-9e8649d10917/touch/perform[39m
[35m[HTTP][39m [90m{"actions":[{"action":"press","options":{"x":0,"y":0}},{"action":"wait","options":{"ms":500}},{"action":"moveTo","options":{"x":-100,"y":0}}]}[39m
[35m[HTTP][39m [37m<-- POST /wd/hub/session/f43b13c8-0428-4bd5-a614-9e8649d10917/touch/perform [39m[32m200[39m [90m2164 ms - 76[39m
[35m[HTTP][39m [90m[39m
[35m[HTTP][39m [37m-->[39m [37mPOST[39m [37m/wd/hub/session/f43b13c8-0428-4bd5-a614-9e8649d10917/context[39m
[35m[HTTP][39m [90m{"name":"NATIVE_APP"}[39m
[35m[HTTP][39m [37m<-- POST /wd/hub/session/f43b13c8-0428-4bd5-a614-9e8649d10917/context [39m[32m200[39m [90m99 ms - 76[39m
[35m[HTTP][39m [90m[39m
[35m[HTTP][39m [37m-->[39m [37mGET[39m [37m/wd/hub/session/f43b13c8-0428-4bd5-a614-9e8649d10917/window/current/size[39m
[35m[HTTP][39m [90m{}[39m
[35m[W3C][39m Driver proxy active, passing request on via HTTP proxy
[35m[JSONWP Proxy][39m Replacing sessionId 2a7b76ee-7eb5-4049-b833-a92a78e934ac with f43b13c8-0428-4bd5-a614-9e8649d10917
[35m[HTTP][39m [37m<-- GET /wd/hub/session/f43b13c8-0428-4bd5-a614-9e8649d10917/window/current/size [39m[32m200[39m [90m60 ms - 100[39m
[35m[HTTP][39m [90m[39m
[35m[HTTP][39m [37m-->[39m [37mPOST[39m [37m/wd/hub/session/f43b13c8-0428-4bd5-a614-9e8649d10917/elements[39m
[35m[HTTP][39m [90m{"using":"-android uiautomator","value":"new UiSelector().className(\"android.widget.TextView\").resourceId(\"it.sky.msa:id/categoryTitle\")"}[39m
[35m[HTTP][39m [37m<-- POST /wd/hub/session/f43b13c8-0428-4bd5-a614-9e8649d10917/elements [39m[32m200[39m [90m164 ms - 124[39m
[35m[HTTP][39m [90m[39m
[35m[HTTP][39m [37m-->[39m [37mGET[39m [37m/wd/hub/session/f43b13c8-0428-4bd5-a614-9e8649d10917[39m
[35m[HTTP][39m [90m{}[39m
[35m[HTTP][39m [37m<-- GET /wd/hub/session/f43b13c8-0428-4bd5-a614-9e8649d10917 [39m[32m200[39m [90m31 ms - 1133[39m
[35m[HTTP][39m [90m[39m
[35m[HTTP][39m [37m-->[39m [37mGET[39m [37m/wd/hub/session/f43b13c8-0428-4bd5-a614-9e8649d10917[39m
[35m[HTTP][39m [90m{}[39m
[35m[HTTP][39m [37m<-- GET /wd/hub/session/f43b13c8-0428-4bd5-a614-9e8649d10917 [39m[32m200[39m [90m31 ms - 1133[39m
[35m[HTTP][39m [90m[39m
[35m[HTTP][39m [37m-->[39m [37mGET[39m [37m/wd/hub/session/f43b13c8-0428-4bd5-a614-9e8649d10917[39m
[35m[HTTP][39m [90m{}[39m
[35m[HTTP][39m [37m<-- GET /wd/hub/session/f43b13c8-0428-4bd5-a614-9e8649d10917 [39m[32m200[39m [90m26 ms - 1133[39m
[35m[HTTP][39m [90m[39m
[35m[HTTP][39m [37m-->[39m [37mGET[39m [37m/wd/hub/session/f43b13c8-0428-4bd5-a614-9e8649d10917[39m
[35m[HTTP][39m [90m{}[39m
[35m[HTTP][39m [37m<-- GET /wd/hub/session/f43b13c8-0428-4bd5-a614-9e8649d10917 [39m[32m200[39m [90m24 ms - 1133[39m
[35m[HTTP][39m [90m[39m
[35m[HTTP][39m [37m-->[39m [37mGET[39m [37m/wd/hub/session/f43b13c8-0428-4bd5-a614-9e8649d10917/element/2997de5a-b438-40d3-81a2-5c7e6c439579/location[39m
[35m[HTTP][39m [90m{}[39m
[35m[W3C][39m Driver proxy active, passing request on via HTTP proxy
[35m[JSONWP Proxy][39m Replacing sessionId 2a7b76ee-7eb5-4049-b833-a92a78e934ac with f43b13c8-0428-4bd5-a614-9e8649d10917
[35m[HTTP][39m [37m<-- GET /wd/hub/session/f43b13c8-0428-4bd5-a614-9e8649d10917/element/2997de5a-b438-40d3-81a2-5c7e6c439579/location [39m[32m200[39m [90m51 ms - 89[39m
[35m[HTTP][39m [90m[39m
[35m[HTTP][39m [37m-->[39m [37mGET[39m [37m/wd/hub/session/f43b13c8-0428-4bd5-a614-9e8649d10917/element/2997de5a-b438-40d3-81a2-5c7e6c439579/text[39m
[35m[HTTP][39m [90m{}[39m
[35m[W3C][39m Driver proxy active, passing request on via HTTP proxy
[35m[JSONWP Proxy][39m Replacing sessionId 2a7b76ee-7eb5-4049-b833-a92a78e934ac with f43b13c8-0428-4bd5-a614-9e8649d10917
[35m[HTTP][39m [37m<-- GET /wd/hub/session/f43b13c8-0428-4bd5-a614-9e8649d10917/element/2997de5a-b438-40d3-81a2-5c7e6c439579/text [39m[32m200[39m [90m79 ms - 104[39m
[35m[HTTP][39m [90m[39m
[35m[HTTP][39m [37m-->[39m [37mGET[39m [37m/wd/hub/session/f43b13c8-0428-4bd5-a614-9e8649d10917/window/current/size[39m
[35m[HTTP][39m [90m{}[39m
[35m[W3C][39m Driver proxy active, passing request on via HTTP proxy
[35m[JSONWP Proxy][39m Replacing sessionId 2a7b76ee-7eb5-4049-b833-a92a78e934ac with f43b13c8-0428-4bd5-a614-9e8649d10917
[35m[HTTP][39m [37m<-- GET /wd/hub/session/f43b13c8-0428-4bd5-a614-9e8649d10917/window/current/size [39m[32m200[39m [90m39 ms - 100[39m
[35m[HTTP][39m [90m[39m
[35m[HTTP][39m [37m-->[39m [37mPOST[39m [37m/wd/hub/session/f43b13c8-0428-4bd5-a614-9e8649d10917/elements[39m
[35m[HTTP][39m [90m{"using":"-android uiautomator","value":"new UiSelector().className(\"android.widget.Button\").text(\"Vedi tutti\").resourceId(\"it.sky.msa:id/showAllCategoryButton\").instance(0)"}[39m
[35m[HTTP][39m [37m<-- POST /wd/hub/session/f43b13c8-0428-4bd5-a614-9e8649d10917/elements [39m[32m200[39m [90m110 ms - 124[39m
[35m[HTTP][39m [90m[39m
[35m[HTTP][39m [37m-->[39m [37mGET[39m [37m/wd/hub/session/f43b13c8-0428-4bd5-a614-9e8649d10917[39m
[35m[HTTP][39m [90m{}[39m
[35m[HTTP][39m [37m<-- GET /wd/hub/session/f43b13c8-0428-4bd5-a614-9e8649d10917 [39m[32m200[39m [90m23 ms - 1133[39m
[35m[HTTP][39m [90m[39m
[35m[HTTP][39m [37m-->[39m [37mGET[39m [37m/wd/hub/session/f43b13c8-0428-4bd5-a614-9e8649d10917[39m
[35m[HTTP][39m [90m{}[39m
[35m[HTTP][39m [37m<-- GET /wd/hub/session/f43b13c8-0428-4bd5-a614-9e8649d10917 [39m[32m200[39m [90m38 ms - 1133[39m
[35m[HTTP][39m [90m[39m
[35m[HTTP][39m [37m-->[39m [37mGET[39m [37m/wd/hub/session/f43b13c8-0428-4bd5-a614-9e8649d10917[39m
[35m[HTTP][39m [90m{}[39m
[35m[HTTP][39m [37m<-- GET /wd/hub/session/f43b13c8-0428-4bd5-a614-9e8649d10917 [39m[32m200[39m [90m22 ms - 1133[39m
[35m[HTTP][39m [90m[39m
[35m[HTTP][39m [37m-->[39m [37mGET[39m [37m/wd/hub/session/f43b13c8-0428-4bd5-a614-9e8649d10917[39m
[35m[HTTP][39m [90m{}[39m
[35m[HTTP][39m [37m<-- GET /wd/hub/session/f43b13c8-0428-4bd5-a614-9e8649d10917 [39m[32m200[39m [90m21 ms - 1133[39m
[35m[HTTP][39m [90m[39m
[35m[HTTP][39m [37m-->[39m [37mGET[39m [37m/wd/hub/session/f43b13c8-0428-4bd5-a614-9e8649d10917/element/93cff7a8-908e-4e1c-af72-6a7e78894623/location[39m
[35m[HTTP][39m [90m{}[39m
[35m[W3C][39m Driver proxy active, passing request on via HTTP proxy
[35m[JSONWP Proxy][39m Replacing sessionId 2a7b76ee-7eb5-4049-b833-a92a78e934ac with f43b13c8-0428-4bd5-a614-9e8649d10917
[35m[HTTP][39m [37m<-- GET /wd/hub/session/f43b13c8-0428-4bd5-a614-9e8649d10917/element/93cff7a8-908e-4e1c-af72-6a7e78894623/location [39m[32m200[39m [90m50 ms - 90[39m
[35m[HTTP][39m [90m[39m
[35m[HTTP][39m [37m-->[39m [37mPOST[39m [37m/wd/hub/session/f43b13c8-0428-4bd5-a614-9e8649d10917/touch/perform[39m
[35m[HTTP][39m [90m{"actions":[{"action":"tap","options":{"element":"93cff7a8-908e-4e1c-af72-6a7e78894623","x":1,"y":1}}]}[39m
[35m[UiAutomator2][39m calling get location: 93cff7a8-908e-4e1c-af72-6a7e78894623
[35m[HTTP][39m [37m<-- POST /wd/hub/session/f43b13c8-0428-4bd5-a614-9e8649d10917/touch/perform [39m[32m200[39m [90m951 ms - 76[39m
[35m[HTTP][39m [90m[39m
[35m[HTTP][39m [37m-->[39m [37mGET[39m [37m/wd/hub/session/f43b13c8-0428-4bd5-a614-9e8649d10917/window/current/size[39m
[35m[HTTP][39m [90m{}[39m
[35m[W3C][39m Driver proxy active, passing request on via HTTP proxy
[35m[JSONWP Proxy][39m Replacing sessionId 2a7b76ee-7eb5-4049-b833-a92a78e934ac with f43b13c8-0428-4bd5-a614-9e8649d10917
[35m[HTTP][39m [37m<-- GET /wd/hub/session/f43b13c8-0428-4bd5-a614-9e8649d10917/window/current/size [39m[32m200[39m [90m53 ms - 100[39m
[35m[HTTP][39m [90m[39m
[35m[HTTP][39m [37m-->[39m [37mPOST[39m [37m/wd/hub/session/f43b13c8-0428-4bd5-a614-9e8649d10917/elements[39m
[35m[HTTP][39m [90m{"using":"-android uiautomator","value":"new UiSelector().className(\"android.widget.TextView\").resourceId(\"it.sky.msa:id/toolbarTitle\")"}[39m
[35m[HTTP][39m [37m<-- POST /wd/hub/session/f43b13c8-0428-4bd5-a614-9e8649d10917/elements [39m[32m200[39m [90m98 ms - 124[39m
[35m[HTTP][39m [90m[39m
[35m[HTTP][39m [37m-->[39m [37mGET[39m [37m/wd/hub/session/f43b13c8-0428-4bd5-a614-9e8649d10917[39m
[35m[HTTP][39m [90m{}[39m
[35m[HTTP][39m [37m<-- GET /wd/hub/session/f43b13c8-0428-4bd5-a614-9e8649d10917 [39m[32m200[39m [90m25 ms - 1133[39m
[35m[HTTP][39m [90m[39m
[35m[HTTP][39m [37m-->[39m [37mGET[39m [37m/wd/hub/session/f43b13c8-0428-4bd5-a614-9e8649d10917[39m
[35m[HTTP][39m [90m{}[39m
[35m[HTTP][39m [37m<-- GET /wd/hub/session/f43b13c8-0428-4bd5-a614-9e8649d10917 [39m[32m200[39m [90m22 ms - 1133[39m
[35m[HTTP][39m [90m[39m
[35m[HTTP][39m [37m-->[39m [37mGET[39m [37m/wd/hub/session/f43b13c8-0428-4bd5-a614-9e8649d10917[39m
[35m[HTTP][39m [90m{}[39m
[35m[HTTP][39m [37m<-- GET /wd/hub/session/f43b13c8-0428-4bd5-a614-9e8649d10917 [39m[32m200[39m [90m23 ms - 1133[39m
[35m[HTTP][39m [90m[39m
[35m[HTTP][39m [37m-->[39m [37mGET[39m [37m/wd/hub/session/f43b13c8-0428-4bd5-a614-9e8649d10917[39m
[35m[HTTP][39m [90m{}[39m
[35m[HTTP][39m [37m<-- GET /wd/hub/session/f43b13c8-0428-4bd5-a614-9e8649d10917 [39m[32m200[39m [90m25 ms - 1133[39m
[35m[HTTP][39m [90m[39m
[35m[HTTP][39m [37m-->[39m [37mGET[39m [37m/wd/hub/session/f43b13c8-0428-4bd5-a614-9e8649d10917/element/e57a5e2f-622b-436c-91d8-3bf99316a1ea/location[39m
[35m[HTTP][39m [90m{}[39m
[35m[W3C][39m Driver proxy active, passing request on via HTTP proxy
[35m[JSONWP Proxy][39m Replacing sessionId 2a7b76ee-7eb5-4049-b833-a92a78e934ac with f43b13c8-0428-4bd5-a614-9e8649d10917
[35m[HTTP][39m [37m<-- GET /wd/hub/session/f43b13c8-0428-4bd5-a614-9e8649d10917/element/e57a5e2f-622b-436c-91d8-3bf99316a1ea/location [39m[32m200[39m [90m46 ms - 89[39m
[35m[HTTP][39m [90m[39m
[35m[HTTP][39m [37m-->[39m [37mGET[39m [37m/wd/hub/session/f43b13c8-0428-4bd5-a614-9e8649d10917/element/e57a5e2f-622b-436c-91d8-3bf99316a1ea/text[39m
[35m[HTTP][39m [90m{}[39m
[35m[W3C][39m Driver proxy active, passing request on via HTTP proxy
[35m[JSONWP Proxy][39m Replacing sessionId 2a7b76ee-7eb5-4049-b833-a92a78e934ac with f43b13c8-0428-4bd5-a614-9e8649d10917
[35m[HTTP][39m [37m<-- GET /wd/hub/session/f43b13c8-0428-4bd5-a614-9e8649d10917/element/e57a5e2f-622b-436c-91d8-3bf99316a1ea/text [39m[32m200[39m [90m62 ms - 104[39m
[35m[HTTP][39m [90m[39m
[35m[HTTP][39m [37m-->[39m [37mGET[39m [37m/wd/hub/session/f43b13c8-0428-4bd5-a614-9e8649d10917/window/current/size[39m
[35m[HTTP][39m [90m{}[39m
[35m[W3C][39m Driver proxy active, passing request on via HTTP proxy
[35m[JSONWP Proxy][39m Replacing sessionId 2a7b76ee-7eb5-4049-b833-a92a78e934ac with f43b13c8-0428-4bd5-a614-9e8649d10917
[35m[HTTP][39m [37m<-- GET /wd/hub/session/f43b13c8-0428-4bd5-a614-9e8649d10917/window/current/size [39m[32m200[39m [90m57 ms - 100[39m
[35m[HTTP][39m [90m[39m
[35m[HTTP][39m [37m-->[39m [37mPOST[39m [37m/wd/hub/session/f43b13c8-0428-4bd5-a614-9e8649d10917/elements[39m
[35m[HTTP][39m [90m{"using":"-android uiautomator","value":"new UiSelector().className(\"android.widget.ImageButton\").instance(0)"}[39m
[35m[HTTP][39m [37m<-- POST /wd/hub/session/f43b13c8-0428-4bd5-a614-9e8649d10917/elements [39m[32m200[39m [90m549 ms - 124[39m
[35m[HTTP][39m [90m[39m
[35m[HTTP][39m [37m-->[39m [37mGET[39m [37m/wd/hub/session/f43b13c8-0428-4bd5-a614-9e8649d10917[39m
[35m[HTTP][39m [90m{}[39m
[35m[HTTP][39m [37m<-- GET /wd/hub/session/f43b13c8-0428-4bd5-a614-9e8649d10917 [39m[32m200[39m [90m28 ms - 1133[39m
[35m[HTTP][39m [90m[39m
[35m[HTTP][39m [37m-->[39m [37mGET[39m [37m/wd/hub/session/f43b13c8-0428-4bd5-a614-9e8649d10917[39m
[35m[HTTP][39m [90m{}[39m
[35m[HTTP][39m [37m<-- GET /wd/hub/session/f43b13c8-0428-4bd5-a614-9e8649d10917 [39m[32m200[39m [90m30 ms - 1133[39m
[35m[HTTP][39m [90m[39m
[35m[HTTP][39m [37m-->[39m [37mGET[39m [37m/wd/hub/session/f43b13c8-0428-4bd5-a614-9e8649d10917[39m
[35m[HTTP][39m [90m{}[39m
[35m[HTTP][39m [37m<-- GET /wd/hub/session/f43b13c8-0428-4bd5-a614-9e8649d10917 [39m[32m200[39m [90m27 ms - 1133[39m
[35m[HTTP][39m [90m[39m
[35m[HTTP][39m [37m-->[39m [37mGET[39m [37m/wd/hub/session/f43b13c8-0428-4bd5-a614-9e8649d10917[39m
[35m[HTTP][39m [90m{}[39m
[35m[HTTP][39m [37m<-- GET /wd/hub/session/f43b13c8-0428-4bd5-a614-9e8649d10917 [39m[32m200[39m [90m21 ms - 1133[39m
[35m[HTTP][39m [90m[39m
[35m[HTTP][39m [37m-->[39m [37mGET[39m [37m/wd/hub/session/f43b13c8-0428-4bd5-a614-9e8649d10917/element/71c5b04f-6743-4e01-a084-687681fb8b3e/location[39m
[35m[HTTP][39m [90m{}[39m
[35m[W3C][39m Driver proxy active, passing request on via HTTP proxy
[35m[JSONWP Proxy][39m Replacing sessionId 2a7b76ee-7eb5-4049-b833-a92a78e934ac with f43b13c8-0428-4bd5-a614-9e8649d10917
[35m[HTTP][39m [37m<-- GET /wd/hub/session/f43b13c8-0428-4bd5-a614-9e8649d10917/element/71c5b04f-6743-4e01-a084-687681fb8b3e/location [39m[32m200[39m [90m58 ms - 86[39m
[35m[HTTP][39m [90m[39m
[35m[HTTP][39m [37m-->[39m [37mPOST[39m [37m/wd/hub/session/f43b13c8-0428-4bd5-a614-9e8649d10917/touch/perform[39m
[35m[HTTP][39m [90m{"actions":[{"action":"tap","options":{"element":"71c5b04f-6743-4e01-a084-687681fb8b3e","x":1,"y":1}}]}[39m
[35m[UiAutomator2][39m calling get location: 71c5b04f-6743-4e01-a084-687681fb8b3e
[35m[HTTP][39m [37m<-- POST /wd/hub/session/f43b13c8-0428-4bd5-a614-9e8649d10917/touch/perform [39m[32m200[39m [90m963 ms - 76[39m
[35m[HTTP][39m [90m[39m
[35m[HTTP][39m [37m-->[39m [37mDELETE[39m [37m/wd/hub/session/f43b13c8-0428-4bd5-a614-9e8649d10917[39m
[35m[HTTP][39m [90m{}[39m
[35m[Appium][39m Removing session f43b13c8-0428-4bd5-a614-9e8649d10917 from our master session list
[35m[HTTP][39m [37m<-- DELETE /wd/hub/session/f43b13c8-0428-4bd5-a614-9e8649d10917 [39m[32m200[39m [90m318 ms - 76[39m
[35m[HTTP][39m [90m[39m
