[35m[Appium][39m Welcome to Appium v1.8.1
[35m[Appium][39m Non-default server args:
[35m[Appium][39m   port: 55509
[35m[Appium][39m   loglevel: info
[35m[Appium][39m   chromeDriverPort: 55510
[35m[Appium][39m   tmpDir: C:\Users\marco\AppData\Local\Temp\\Katalon\Appium\Temp1551196297991
[35m[Appium][39m Appium REST http interface listener started on 0.0.0.0:55509
[35m[HTTP][39m [37m-->[39m [37mGET[39m [37m/wd/hub/status[39m
[35m[HTTP][39m [90m{}[39m
[35m[HTTP][39m [37m<-- GET /wd/hub/status [39m[32m200[39m [90m120 ms - 83[39m
[35m[HTTP][39m [90m[39m
[35m[HTTP][39m [37m-->[39m [37mPOST[39m [37m/wd/hub/session[39m
[35m[HTTP][39m [90m{"desiredCapabilities":{"app":"C:\\Users\\MSA-testautomation\\59.apk","autoGrantPermissions":true,"automationName":"uiautomator2","deviceName":"samsung SM-G935F (Android 8.0.0)","fullReset":false,"newCommandTimeout":1800,"noReset":true,"platform":"ANDROID","platformName":"Android","udid":"9885f7504651473733"},"capabilities":{"desiredCapabilities":{"app":"C:\\Users\\MSA-testautomation\\59.apk","autoGrantPermissions":true,"automationName":"uiautomator2","deviceName":"samsung SM-G935F (Android 8.0.0)","fullReset":false,"newCommandTimeout":1800,"noReset":true,"platform":"ANDROID","platformName":"Android","udid":"9885f7504651473733"},"firstMatch":[{"platformName":"android"}]}}[39m
[35m[Appium][39m Could not parse W3C capabilities: 'deviceName' can't be blank. Falling back to JSONWP protocol.
[35m[Appium][39m The following capabilities were provided in the JSONWP desired capabilities that are missing in W3C capabilities: ["app","autoGrantPermissions","automationName","deviceName","fullReset","newCommandTimeout","noReset","platform","platformName","udid"]. Falling back to JSONWP protocol.
[35m[Appium][39m Creating new AndroidUiautomator2Driver (v1.12.0) session
[35m[Appium][39m Capabilities:
[35m[Appium][39m   app: C:\Users\MSA-testautomation\59.apk
[35m[Appium][39m   autoGrantPermissions: true
[35m[Appium][39m   automationName: uiautomator2
[35m[Appium][39m   deviceName: samsung SM-G935F (Android 8.0.0)
[35m[Appium][39m   fullReset: false
[35m[Appium][39m   newCommandTimeout: 1800
[35m[Appium][39m   noReset: true
[35m[Appium][39m   platform: ANDROID
[35m[Appium][39m   platformName: Android
[35m[Appium][39m   udid: 9885f7504651473733
[35m[BaseDriver][39m The following capabilities were provided, but are not recognized by appium: platform.
[35m[BaseDriver][39m Session created with session id: a241b6e7-9404-4b99-bb65-c70255abe1ed
[35m[BaseDriver][39m Using local app 'C:\Users\MSA-testautomation\59.apk'
[35m[AndroidDriver][39m Java version is: 1.8.0_181
[35m[ADB][39m Checking whether adb is present
[35m[ADB][39m Found 1 'build-tools' folders under 'C:\Users\marco\.katalon\tools\android_sdk' (newest first):
[35m[ADB][39m     C:/Users/marco/.katalon/tools/android_sdk/build-tools/28.0.3
[35m[ADB][39m Using adb.exe from C:\Users\marco\.katalon\tools\android_sdk\platform-tools\adb.exe
[35m[AndroidDriver][39m Retrieving device list
[35m[AndroidDriver][39m Using device: 9885f7504651473733
[35m[ADB][39m Using the alternative activity name detection method because of: Could not find apkanalyzer.bat in C:\Users\marco\.katalon\tools\android_sdk\platform-tools\apkanalyzer.bat,C:\Users\marco\.katalon\tools\android_sdk\emulator\apkanalyzer.bat,C:\Users\marco\.katalon\tools\android_sdk\tools\apkanalyzer.bat,C:\Users\marco\.katalon\tools\android_sdk\tools\bin\apkanalyzer.bat,C:\Users\marco\.katalon\tools\android_sdk\build-tools\28.0.3\apkanalyzer.bat. Do you have the Android SDK installed at 'C:\Users\marco\.katalon\tools\android_sdk'?
[35m[ADB][39m Checking whether aapt is present
[35m[ADB][39m Using aapt.exe from C:\Users\marco\.katalon\tools\android_sdk\build-tools\28.0.3\aapt.exe
[35m[ADB][39m Extracting package and launch activity from manifest
[35m[ADB][39m Package name: 'it.sky.msa'
[35m[ADB][39m Main activity name: 'it.sky.msa.welcome.SplashActivity'
[35m[ADB][39m Getting device platform version
[35m[ADB][39m Using apksigner.bat from C:\Users\marco\.katalon\tools\android_sdk\build-tools\28.0.3\apksigner.bat
[35m[ADB][39m Checking whether zipalign is present
[35m[ADB][39m Using zipalign.exe from C:\Users\marco\.katalon\tools\android_sdk\build-tools\28.0.3\zipalign.exe
[35m[ADB][39m io.appium.uiautomator2.server was successfully uninstalled
[35m[ADB][39m io.appium.uiautomator2.server.test was successfully uninstalled
[35m[AndroidDriver][39m setDeviceLanguageCountry requires language or country.
[35m[AndroidDriver][39m Got language: 'null' and country: 'null'
[35m[ADB][39m Successfully extracted 218 strings from 'C:\Users\MSA-testautomation\59.apk' resources for '(default)' configuration
[35m[UiAutomator2][39m Starting uiautomator2 server 1.12.0
[35m[UiAutomator2][39m Using UIAutomator2 server from 'C:\Users\marco\AppData\Roaming\npm\node_modules\appium\node_modules\appium-uiautomator2-server\apks\appium-uiautomator2-server-v1.12.0.apk' and test from 'C:\Users\marco\AppData\Roaming\npm\node_modules\appium\node_modules\appium-uiautomator2-server\apks\appium-uiautomator2-server-debug-androidTest.apk'
[35m[UiAutomator2][39m Running command: 'adb -s 9885f7504651473733 shell am instrument -w io.appium.uiautomator2.server.test/android.support.test.runner.AndroidJUnitRunner'
[35m[UiAutomator2][39m Waiting up to 20000ms for UiAutomator2 to be online...
[35m[AndroidDriver][39m Screen already unlocked, doing nothing
[35m[UiAutomator2][39m UiAutomator2 did not start the activity we were waiting for, 'it.sky.msa/it.sky.msa.welcome.SplashActivity'. Starting it ourselves
[35m[Appium][39m New AndroidUiautomator2Driver session created successfully, session a241b6e7-9404-4b99-bb65-c70255abe1ed added to master session list
[35m[HTTP][39m [37m<-- POST /wd/hub/session [39m[32m200[39m [90m23741 ms - 1133[39m
[35m[HTTP][39m [90m[39m
[35m[HTTP][39m [37m-->[39m [37mGET[39m [37m/wd/hub/status[39m
[35m[HTTP][39m [90m{}[39m
[35m[HTTP][39m [37m<-- GET /wd/hub/status [39m[32m200[39m [90m46 ms - 55[39m
[35m[HTTP][39m [90m[39m
[35m[HTTP][39m [37m-->[39m [37mPOST[39m [37m/wd/hub/session/a241b6e7-9404-4b99-bb65-c70255abe1ed/timeouts[39m
[35m[HTTP][39m [90m{"type":"implicit","ms":30000}[39m
[35m[HTTP][39m [37m<-- POST /wd/hub/session/a241b6e7-9404-4b99-bb65-c70255abe1ed/timeouts [39m[33m400[39m [90m19 ms - 5204[39m
[35m[HTTP][39m [90m[39m
[35m[HTTP][39m [37m-->[39m [37mGET[39m [37m/wd/hub/session/a241b6e7-9404-4b99-bb65-c70255abe1ed/window/current/size[39m
[35m[HTTP][39m [90m{}[39m
[35m[W3C][39m Driver proxy active, passing request on via HTTP proxy
[35m[JSONWP Proxy][39m Replacing sessionId b21e5e0b-ea25-400f-96e2-d65e9fe1aba3 with a241b6e7-9404-4b99-bb65-c70255abe1ed
[35m[HTTP][39m [37m<-- GET /wd/hub/session/a241b6e7-9404-4b99-bb65-c70255abe1ed/window/current/size [39m[32m200[39m [90m62 ms - 100[39m
[35m[HTTP][39m [90m[39m
[35m[HTTP][39m [37m-->[39m [37mPOST[39m [37m/wd/hub/session/a241b6e7-9404-4b99-bb65-c70255abe1ed/elements[39m
[35m[HTTP][39m [90m{"using":"-android uiautomator","value":"new UiSelector().className(\"android.widget.TextView\").text(\"Guida TV\").resourceId(\"it.sky.msa:id/title\").instance(5)"}[39m
[35m[HTTP][39m [37m<-- POST /wd/hub/session/a241b6e7-9404-4b99-bb65-c70255abe1ed/elements [39m[32m200[39m [90m97 ms - 74[39m
[35m[HTTP][39m [90m[39m
[35m[HTTP][39m [37m-->[39m [37mPOST[39m [37m/wd/hub/session/a241b6e7-9404-4b99-bb65-c70255abe1ed/elements[39m
[35m[HTTP][39m [90m{"using":"-android uiautomator","value":"new UiSelector().className(\"android.widget.TextView\").text(\"Guida TV\").resourceId(\"it.sky.msa:id/title\").instance(5)"}[39m
[35m[HTTP][39m [37m<-- POST /wd/hub/session/a241b6e7-9404-4b99-bb65-c70255abe1ed/elements [39m[32m200[39m [90m85 ms - 74[39m
[35m[HTTP][39m [90m[39m
[35m[HTTP][39m [37m-->[39m [37mPOST[39m [37m/wd/hub/session/a241b6e7-9404-4b99-bb65-c70255abe1ed/elements[39m
[35m[HTTP][39m [90m{"using":"-android uiautomator","value":"new UiSelector().className(\"android.widget.TextView\").text(\"Guida TV\").resourceId(\"it.sky.msa:id/title\").instance(5)"}[39m
[35m[HTTP][39m [37m<-- POST /wd/hub/session/a241b6e7-9404-4b99-bb65-c70255abe1ed/elements [39m[32m200[39m [90m50 ms - 74[39m
[35m[HTTP][39m [90m[39m
[35m[HTTP][39m [37m-->[39m [37mPOST[39m [37m/wd/hub/session/a241b6e7-9404-4b99-bb65-c70255abe1ed/elements[39m
[35m[HTTP][39m [90m{"using":"-android uiautomator","value":"new UiSelector().className(\"android.widget.TextView\").text(\"Guida TV\").resourceId(\"it.sky.msa:id/title\").instance(5)"}[39m
[35m[HTTP][39m [37m<-- POST /wd/hub/session/a241b6e7-9404-4b99-bb65-c70255abe1ed/elements [39m[32m200[39m [90m66 ms - 74[39m
[35m[HTTP][39m [90m[39m
[35m[HTTP][39m [37m-->[39m [37mPOST[39m [37m/wd/hub/session/a241b6e7-9404-4b99-bb65-c70255abe1ed/elements[39m
[35m[HTTP][39m [90m{"using":"-android uiautomator","value":"new UiSelector().className(\"android.widget.TextView\").text(\"Guida TV\").resourceId(\"it.sky.msa:id/title\").instance(5)"}[39m
[35m[HTTP][39m [37m<-- POST /wd/hub/session/a241b6e7-9404-4b99-bb65-c70255abe1ed/elements [39m[32m200[39m [90m108 ms - 74[39m
[35m[HTTP][39m [90m[39m
[35m[HTTP][39m [37m-->[39m [37mPOST[39m [37m/wd/hub/session/a241b6e7-9404-4b99-bb65-c70255abe1ed/elements[39m
[35m[HTTP][39m [90m{"using":"-android uiautomator","value":"new UiSelector().className(\"android.widget.TextView\").text(\"Guida TV\").resourceId(\"it.sky.msa:id/title\").instance(5)"}[39m
[35m[HTTP][39m [37m<-- POST /wd/hub/session/a241b6e7-9404-4b99-bb65-c70255abe1ed/elements [39m[32m200[39m [90m70 ms - 74[39m
[35m[HTTP][39m [90m[39m
[35m[HTTP][39m [37m-->[39m [37mPOST[39m [37m/wd/hub/session/a241b6e7-9404-4b99-bb65-c70255abe1ed/elements[39m
[35m[HTTP][39m [90m{"using":"-android uiautomator","value":"new UiSelector().className(\"android.widget.TextView\").text(\"Guida TV\").resourceId(\"it.sky.msa:id/title\").instance(5)"}[39m
[35m[HTTP][39m [37m<-- POST /wd/hub/session/a241b6e7-9404-4b99-bb65-c70255abe1ed/elements [39m[32m200[39m [90m58 ms - 74[39m
[35m[HTTP][39m [90m[39m
[35m[HTTP][39m [37m-->[39m [37mPOST[39m [37m/wd/hub/session/a241b6e7-9404-4b99-bb65-c70255abe1ed/elements[39m
[35m[HTTP][39m [90m{"using":"-android uiautomator","value":"new UiSelector().className(\"android.widget.TextView\").text(\"Guida TV\").resourceId(\"it.sky.msa:id/title\").instance(5)"}[39m
[35m[HTTP][39m [37m<-- POST /wd/hub/session/a241b6e7-9404-4b99-bb65-c70255abe1ed/elements [39m[32m200[39m [90m58 ms - 74[39m
[35m[HTTP][39m [90m[39m
[35m[HTTP][39m [37m-->[39m [37mPOST[39m [37m/wd/hub/session/a241b6e7-9404-4b99-bb65-c70255abe1ed/elements[39m
[35m[HTTP][39m [90m{"using":"-android uiautomator","value":"new UiSelector().className(\"android.widget.TextView\").text(\"Guida TV\").resourceId(\"it.sky.msa:id/title\").instance(5)"}[39m
[35m[HTTP][39m [37m<-- POST /wd/hub/session/a241b6e7-9404-4b99-bb65-c70255abe1ed/elements [39m[32m200[39m [90m65 ms - 74[39m
[35m[HTTP][39m [90m[39m
[35m[HTTP][39m [37m-->[39m [37mPOST[39m [37m/wd/hub/session/a241b6e7-9404-4b99-bb65-c70255abe1ed/elements[39m
[35m[HTTP][39m [90m{"using":"-android uiautomator","value":"new UiSelector().className(\"android.widget.TextView\").text(\"Guida TV\").resourceId(\"it.sky.msa:id/title\").instance(5)"}[39m
[35m[HTTP][39m [37m<-- POST /wd/hub/session/a241b6e7-9404-4b99-bb65-c70255abe1ed/elements [39m[32m200[39m [90m81 ms - 74[39m
[35m[HTTP][39m [90m[39m
[35m[HTTP][39m [37m-->[39m [37mPOST[39m [37m/wd/hub/session/a241b6e7-9404-4b99-bb65-c70255abe1ed/elements[39m
[35m[HTTP][39m [90m{"using":"-android uiautomator","value":"new UiSelector().className(\"android.widget.TextView\").text(\"Guida TV\").resourceId(\"it.sky.msa:id/title\").instance(5)"}[39m
[35m[HTTP][39m [37m<-- POST /wd/hub/session/a241b6e7-9404-4b99-bb65-c70255abe1ed/elements [39m[32m200[39m [90m74 ms - 74[39m
[35m[HTTP][39m [90m[39m
[35m[HTTP][39m [37m-->[39m [37mPOST[39m [37m/wd/hub/session/a241b6e7-9404-4b99-bb65-c70255abe1ed/elements[39m
[35m[HTTP][39m [90m{"using":"-android uiautomator","value":"new UiSelector().className(\"android.widget.TextView\").text(\"Guida TV\").resourceId(\"it.sky.msa:id/title\").instance(5)"}[39m
[35m[HTTP][39m [37m<-- POST /wd/hub/session/a241b6e7-9404-4b99-bb65-c70255abe1ed/elements [39m[32m200[39m [90m75 ms - 74[39m
[35m[HTTP][39m [90m[39m
[35m[HTTP][39m [37m-->[39m [37mPOST[39m [37m/wd/hub/session/a241b6e7-9404-4b99-bb65-c70255abe1ed/elements[39m
[35m[HTTP][39m [90m{"using":"-android uiautomator","value":"new UiSelector().className(\"android.widget.TextView\").text(\"Guida TV\").resourceId(\"it.sky.msa:id/title\").instance(5)"}[39m
[35m[HTTP][39m [37m<-- POST /wd/hub/session/a241b6e7-9404-4b99-bb65-c70255abe1ed/elements [39m[32m200[39m [90m78 ms - 74[39m
[35m[HTTP][39m [90m[39m
[35m[HTTP][39m [37m-->[39m [37mPOST[39m [37m/wd/hub/session/a241b6e7-9404-4b99-bb65-c70255abe1ed/elements[39m
[35m[HTTP][39m [90m{"using":"-android uiautomator","value":"new UiSelector().className(\"android.widget.TextView\").text(\"Guida TV\").resourceId(\"it.sky.msa:id/title\").instance(5)"}[39m
[35m[HTTP][39m [37m<-- POST /wd/hub/session/a241b6e7-9404-4b99-bb65-c70255abe1ed/elements [39m[32m200[39m [90m74 ms - 74[39m
[35m[HTTP][39m [90m[39m
[35m[HTTP][39m [37m-->[39m [37mPOST[39m [37m/wd/hub/session/a241b6e7-9404-4b99-bb65-c70255abe1ed/elements[39m
[35m[HTTP][39m [90m{"using":"-android uiautomator","value":"new UiSelector().className(\"android.widget.TextView\").text(\"Guida TV\").resourceId(\"it.sky.msa:id/title\").instance(5)"}[39m
[35m[HTTP][39m [37m<-- POST /wd/hub/session/a241b6e7-9404-4b99-bb65-c70255abe1ed/elements [39m[32m200[39m [90m88 ms - 74[39m
[35m[HTTP][39m [90m[39m
[35m[HTTP][39m [37m-->[39m [37mPOST[39m [37m/wd/hub/session/a241b6e7-9404-4b99-bb65-c70255abe1ed/elements[39m
[35m[HTTP][39m [90m{"using":"-android uiautomator","value":"new UiSelector().className(\"android.widget.TextView\").text(\"Guida TV\").resourceId(\"it.sky.msa:id/title\").instance(5)"}[39m
[35m[HTTP][39m [37m<-- POST /wd/hub/session/a241b6e7-9404-4b99-bb65-c70255abe1ed/elements [39m[32m200[39m [90m76 ms - 74[39m
[35m[HTTP][39m [90m[39m
[35m[HTTP][39m [37m-->[39m [37mPOST[39m [37m/wd/hub/session/a241b6e7-9404-4b99-bb65-c70255abe1ed/elements[39m
[35m[HTTP][39m [90m{"using":"-android uiautomator","value":"new UiSelector().className(\"android.widget.TextView\").text(\"Guida TV\").resourceId(\"it.sky.msa:id/title\").instance(5)"}[39m
[35m[HTTP][39m [37m<-- POST /wd/hub/session/a241b6e7-9404-4b99-bb65-c70255abe1ed/elements [39m[32m200[39m [90m91 ms - 74[39m
[35m[HTTP][39m [90m[39m
[35m[HTTP][39m [37m-->[39m [37mPOST[39m [37m/wd/hub/session/a241b6e7-9404-4b99-bb65-c70255abe1ed/elements[39m
[35m[HTTP][39m [90m{"using":"-android uiautomator","value":"new UiSelector().className(\"android.widget.TextView\").text(\"Guida TV\").resourceId(\"it.sky.msa:id/title\").instance(5)"}[39m
[35m[HTTP][39m [37m<-- POST /wd/hub/session/a241b6e7-9404-4b99-bb65-c70255abe1ed/elements [39m[32m200[39m [90m74 ms - 74[39m
[35m[HTTP][39m [90m[39m
[35m[HTTP][39m [37m-->[39m [37mPOST[39m [37m/wd/hub/session/a241b6e7-9404-4b99-bb65-c70255abe1ed/elements[39m
[35m[HTTP][39m [90m{"using":"-android uiautomator","value":"new UiSelector().className(\"android.widget.TextView\").text(\"Guida TV\").resourceId(\"it.sky.msa:id/title\").instance(5)"}[39m
[35m[HTTP][39m [37m<-- POST /wd/hub/session/a241b6e7-9404-4b99-bb65-c70255abe1ed/elements [39m[32m200[39m [90m91 ms - 74[39m
[35m[HTTP][39m [90m[39m
[35m[HTTP][39m [37m-->[39m [37mPOST[39m [37m/wd/hub/session/a241b6e7-9404-4b99-bb65-c70255abe1ed/elements[39m
[35m[HTTP][39m [90m{"using":"-android uiautomator","value":"new UiSelector().className(\"android.widget.TextView\").text(\"Guida TV\").resourceId(\"it.sky.msa:id/title\").instance(5)"}[39m
[35m[HTTP][39m [37m<-- POST /wd/hub/session/a241b6e7-9404-4b99-bb65-c70255abe1ed/elements [39m[32m200[39m [90m85 ms - 74[39m
[35m[HTTP][39m [90m[39m
[35m[HTTP][39m [37m-->[39m [37mPOST[39m [37m/wd/hub/session/a241b6e7-9404-4b99-bb65-c70255abe1ed/elements[39m
[35m[HTTP][39m [90m{"using":"-android uiautomator","value":"new UiSelector().className(\"android.widget.TextView\").text(\"Guida TV\").resourceId(\"it.sky.msa:id/title\").instance(5)"}[39m
[35m[HTTP][39m [37m<-- POST /wd/hub/session/a241b6e7-9404-4b99-bb65-c70255abe1ed/elements [39m[32m200[39m [90m94 ms - 74[39m
[35m[HTTP][39m [90m[39m
[35m[HTTP][39m [37m-->[39m [37mPOST[39m [37m/wd/hub/session/a241b6e7-9404-4b99-bb65-c70255abe1ed/elements[39m
[35m[HTTP][39m [90m{"using":"-android uiautomator","value":"new UiSelector().className(\"android.widget.TextView\").text(\"Guida TV\").resourceId(\"it.sky.msa:id/title\").instance(5)"}[39m
[35m[HTTP][39m [37m<-- POST /wd/hub/session/a241b6e7-9404-4b99-bb65-c70255abe1ed/elements [39m[32m200[39m [90m77 ms - 74[39m
[35m[HTTP][39m [90m[39m
[35m[HTTP][39m [37m-->[39m [37mPOST[39m [37m/wd/hub/session/a241b6e7-9404-4b99-bb65-c70255abe1ed/elements[39m
[35m[HTTP][39m [90m{"using":"-android uiautomator","value":"new UiSelector().className(\"android.widget.TextView\").text(\"Guida TV\").resourceId(\"it.sky.msa:id/title\").instance(5)"}[39m
[35m[HTTP][39m [37m<-- POST /wd/hub/session/a241b6e7-9404-4b99-bb65-c70255abe1ed/elements [39m[32m200[39m [90m70 ms - 74[39m
[35m[HTTP][39m [90m[39m
[35m[HTTP][39m [37m-->[39m [37mPOST[39m [37m/wd/hub/session/a241b6e7-9404-4b99-bb65-c70255abe1ed/elements[39m
[35m[HTTP][39m [90m{"using":"-android uiautomator","value":"new UiSelector().className(\"android.widget.TextView\").text(\"Guida TV\").resourceId(\"it.sky.msa:id/title\").instance(5)"}[39m
[35m[HTTP][39m [37m<-- POST /wd/hub/session/a241b6e7-9404-4b99-bb65-c70255abe1ed/elements [39m[32m200[39m [90m66 ms - 74[39m
[35m[HTTP][39m [90m[39m
[35m[HTTP][39m [37m-->[39m [37mPOST[39m [37m/wd/hub/session/a241b6e7-9404-4b99-bb65-c70255abe1ed/elements[39m
[35m[HTTP][39m [90m{"using":"-android uiautomator","value":"new UiSelector().className(\"android.widget.TextView\").text(\"Guida TV\").resourceId(\"it.sky.msa:id/title\").instance(5)"}[39m
[35m[HTTP][39m [37m<-- POST /wd/hub/session/a241b6e7-9404-4b99-bb65-c70255abe1ed/elements [39m[32m200[39m [90m69 ms - 74[39m
[35m[HTTP][39m [90m[39m
[35m[HTTP][39m [37m-->[39m [37mPOST[39m [37m/wd/hub/session/a241b6e7-9404-4b99-bb65-c70255abe1ed/elements[39m
[35m[HTTP][39m [90m{"using":"-android uiautomator","value":"new UiSelector().className(\"android.widget.TextView\").text(\"Guida TV\").resourceId(\"it.sky.msa:id/title\").instance(5)"}[39m
[35m[HTTP][39m [37m<-- POST /wd/hub/session/a241b6e7-9404-4b99-bb65-c70255abe1ed/elements [39m[32m200[39m [90m63 ms - 74[39m
[35m[HTTP][39m [90m[39m
[35m[HTTP][39m [37m-->[39m [37mPOST[39m [37m/wd/hub/session/a241b6e7-9404-4b99-bb65-c70255abe1ed/elements[39m
[35m[HTTP][39m [90m{"using":"-android uiautomator","value":"new UiSelector().className(\"android.widget.TextView\").text(\"Guida TV\").resourceId(\"it.sky.msa:id/title\").instance(5)"}[39m
[35m[HTTP][39m [37m<-- POST /wd/hub/session/a241b6e7-9404-4b99-bb65-c70255abe1ed/elements [39m[32m200[39m [90m893 ms - 124[39m
[35m[HTTP][39m [90m[39m
[35m[HTTP][39m [37m-->[39m [37mGET[39m [37m/wd/hub/session/a241b6e7-9404-4b99-bb65-c70255abe1ed[39m
[35m[HTTP][39m [90m{}[39m
[35m[HTTP][39m [37m<-- GET /wd/hub/session/a241b6e7-9404-4b99-bb65-c70255abe1ed [39m[32m200[39m [90m30 ms - 1133[39m
[35m[HTTP][39m [90m[39m
[35m[HTTP][39m [37m-->[39m [37mGET[39m [37m/wd/hub/session/a241b6e7-9404-4b99-bb65-c70255abe1ed[39m
[35m[HTTP][39m [90m{}[39m
[35m[HTTP][39m [37m<-- GET /wd/hub/session/a241b6e7-9404-4b99-bb65-c70255abe1ed [39m[32m200[39m [90m27 ms - 1133[39m
[35m[HTTP][39m [90m[39m
[35m[HTTP][39m [37m-->[39m [37mGET[39m [37m/wd/hub/session/a241b6e7-9404-4b99-bb65-c70255abe1ed[39m
[35m[HTTP][39m [90m{}[39m
[35m[HTTP][39m [37m<-- GET /wd/hub/session/a241b6e7-9404-4b99-bb65-c70255abe1ed [39m[32m200[39m [90m31 ms - 1133[39m
[35m[HTTP][39m [90m[39m
[35m[HTTP][39m [37m-->[39m [37mGET[39m [37m/wd/hub/session/a241b6e7-9404-4b99-bb65-c70255abe1ed[39m
[35m[HTTP][39m [90m{}[39m
[35m[HTTP][39m [37m<-- GET /wd/hub/session/a241b6e7-9404-4b99-bb65-c70255abe1ed [39m[32m200[39m [90m29 ms - 1133[39m
[35m[HTTP][39m [90m[39m
[35m[HTTP][39m [37m-->[39m [37mGET[39m [37m/wd/hub/session/a241b6e7-9404-4b99-bb65-c70255abe1ed/element/129618aa-5eca-4e3e-870b-cd8958e8bc54/location[39m
[35m[HTTP][39m [90m{}[39m
[35m[W3C][39m Driver proxy active, passing request on via HTTP proxy
[35m[JSONWP Proxy][39m Replacing sessionId b21e5e0b-ea25-400f-96e2-d65e9fe1aba3 with a241b6e7-9404-4b99-bb65-c70255abe1ed
[35m[HTTP][39m [37m<-- GET /wd/hub/session/a241b6e7-9404-4b99-bb65-c70255abe1ed/element/129618aa-5eca-4e3e-870b-cd8958e8bc54/location [39m[32m200[39m [90m67 ms - 90[39m
[35m[HTTP][39m [90m[39m
[35m[HTTP][39m [37m-->[39m [37mPOST[39m [37m/wd/hub/session/a241b6e7-9404-4b99-bb65-c70255abe1ed/touch/perform[39m
[35m[HTTP][39m [90m{"actions":[{"action":"tap","options":{"element":"129618aa-5eca-4e3e-870b-cd8958e8bc54","x":1,"y":1}}]}[39m
[35m[UiAutomator2][39m calling get location: 129618aa-5eca-4e3e-870b-cd8958e8bc54
[35m[HTTP][39m [37m<-- POST /wd/hub/session/a241b6e7-9404-4b99-bb65-c70255abe1ed/touch/perform [39m[32m200[39m [90m1130 ms - 76[39m
[35m[HTTP][39m [90m[39m
[35m[HTTP][39m [37m-->[39m [37mGET[39m [37m/wd/hub/session/a241b6e7-9404-4b99-bb65-c70255abe1ed/window/current/size[39m
[35m[HTTP][39m [90m{}[39m
[35m[W3C][39m Driver proxy active, passing request on via HTTP proxy
[35m[JSONWP Proxy][39m Replacing sessionId b21e5e0b-ea25-400f-96e2-d65e9fe1aba3 with a241b6e7-9404-4b99-bb65-c70255abe1ed
[35m[HTTP][39m [37m<-- GET /wd/hub/session/a241b6e7-9404-4b99-bb65-c70255abe1ed/window/current/size [39m[32m200[39m [90m37 ms - 100[39m
[35m[HTTP][39m [90m[39m
[35m[HTTP][39m [37m-->[39m [37mPOST[39m [37m/wd/hub/session/a241b6e7-9404-4b99-bb65-c70255abe1ed/elements[39m
[35m[HTTP][39m [90m{"using":"-android uiautomator","value":"new UiSelector().className(\"android.widget.TextView\").text(\"GUIDA TV\").resourceId(\"it.sky.msa:id/headerTitle\").instance(0)"}[39m
[35m[HTTP][39m [37m<-- POST /wd/hub/session/a241b6e7-9404-4b99-bb65-c70255abe1ed/elements [39m[32m200[39m [90m1408 ms - 124[39m
[35m[HTTP][39m [90m[39m
[35m[HTTP][39m [37m-->[39m [37mGET[39m [37m/wd/hub/session/a241b6e7-9404-4b99-bb65-c70255abe1ed[39m
[35m[HTTP][39m [90m{}[39m
[35m[HTTP][39m [37m<-- GET /wd/hub/session/a241b6e7-9404-4b99-bb65-c70255abe1ed [39m[32m200[39m [90m34 ms - 1133[39m
[35m[HTTP][39m [90m[39m
[35m[HTTP][39m [37m-->[39m [37mGET[39m [37m/wd/hub/session/a241b6e7-9404-4b99-bb65-c70255abe1ed[39m
[35m[HTTP][39m [90m{}[39m
[35m[HTTP][39m [37m<-- GET /wd/hub/session/a241b6e7-9404-4b99-bb65-c70255abe1ed [39m[32m200[39m [90m28 ms - 1133[39m
[35m[HTTP][39m [90m[39m
[35m[HTTP][39m [37m-->[39m [37mGET[39m [37m/wd/hub/session/a241b6e7-9404-4b99-bb65-c70255abe1ed[39m
[35m[HTTP][39m [90m{}[39m
[35m[HTTP][39m [37m<-- GET /wd/hub/session/a241b6e7-9404-4b99-bb65-c70255abe1ed [39m[32m200[39m [90m30 ms - 1133[39m
[35m[HTTP][39m [90m[39m
[35m[HTTP][39m [37m-->[39m [37mGET[39m [37m/wd/hub/session/a241b6e7-9404-4b99-bb65-c70255abe1ed[39m
[35m[HTTP][39m [90m{}[39m
[35m[HTTP][39m [37m<-- GET /wd/hub/session/a241b6e7-9404-4b99-bb65-c70255abe1ed [39m[32m200[39m [90m28 ms - 1133[39m
[35m[HTTP][39m [90m[39m
[35m[HTTP][39m [37m-->[39m [37mGET[39m [37m/wd/hub/session/a241b6e7-9404-4b99-bb65-c70255abe1ed/element/dddbebd7-efdd-44b0-9aa2-b287db4352f1/location[39m
[35m[HTTP][39m [90m{}[39m
[35m[W3C][39m Driver proxy active, passing request on via HTTP proxy
[35m[JSONWP Proxy][39m Replacing sessionId b21e5e0b-ea25-400f-96e2-d65e9fe1aba3 with a241b6e7-9404-4b99-bb65-c70255abe1ed
[35m[HTTP][39m [37m<-- GET /wd/hub/session/a241b6e7-9404-4b99-bb65-c70255abe1ed/element/dddbebd7-efdd-44b0-9aa2-b287db4352f1/location [39m[32m200[39m [90m68 ms - 88[39m
[35m[HTTP][39m [90m[39m
[35m[HTTP][39m [37m-->[39m [37mGET[39m [37m/wd/hub/session/a241b6e7-9404-4b99-bb65-c70255abe1ed/window/current/size[39m
[35m[HTTP][39m [90m{}[39m
[35m[W3C][39m Driver proxy active, passing request on via HTTP proxy
[35m[JSONWP Proxy][39m Replacing sessionId b21e5e0b-ea25-400f-96e2-d65e9fe1aba3 with a241b6e7-9404-4b99-bb65-c70255abe1ed
[35m[HTTP][39m [37m<-- GET /wd/hub/session/a241b6e7-9404-4b99-bb65-c70255abe1ed/window/current/size [39m[32m200[39m [90m30 ms - 100[39m
[35m[HTTP][39m [90m[39m
[35m[HTTP][39m [37m-->[39m [37mPOST[39m [37m/wd/hub/session/a241b6e7-9404-4b99-bb65-c70255abe1ed/elements[39m
[35m[HTTP][39m [90m{"using":"-android uiautomator","value":"new UiSelector().className(\"android.widget.ImageView\").resourceId(\"it.sky.msa:id/heroImageImageView\").instance(0)"}[39m
[35m[HTTP][39m [37m<-- POST /wd/hub/session/a241b6e7-9404-4b99-bb65-c70255abe1ed/elements [39m[32m200[39m [90m134 ms - 124[39m
[35m[HTTP][39m [90m[39m
[35m[HTTP][39m [37m-->[39m [37mGET[39m [37m/wd/hub/session/a241b6e7-9404-4b99-bb65-c70255abe1ed[39m
[35m[HTTP][39m [90m{}[39m
[35m[HTTP][39m [37m<-- GET /wd/hub/session/a241b6e7-9404-4b99-bb65-c70255abe1ed [39m[32m200[39m [90m30 ms - 1133[39m
[35m[HTTP][39m [90m[39m
[35m[HTTP][39m [37m-->[39m [37mGET[39m [37m/wd/hub/session/a241b6e7-9404-4b99-bb65-c70255abe1ed[39m
[35m[HTTP][39m [90m{}[39m
[35m[HTTP][39m [37m<-- GET /wd/hub/session/a241b6e7-9404-4b99-bb65-c70255abe1ed [39m[32m200[39m [90m27 ms - 1133[39m
[35m[HTTP][39m [90m[39m
[35m[HTTP][39m [37m-->[39m [37mGET[39m [37m/wd/hub/session/a241b6e7-9404-4b99-bb65-c70255abe1ed[39m
[35m[HTTP][39m [90m{}[39m
[35m[HTTP][39m [37m<-- GET /wd/hub/session/a241b6e7-9404-4b99-bb65-c70255abe1ed [39m[32m200[39m [90m26 ms - 1133[39m
[35m[HTTP][39m [90m[39m
[35m[HTTP][39m [37m-->[39m [37mGET[39m [37m/wd/hub/session/a241b6e7-9404-4b99-bb65-c70255abe1ed[39m
[35m[HTTP][39m [90m{}[39m
[35m[HTTP][39m [37m<-- GET /wd/hub/session/a241b6e7-9404-4b99-bb65-c70255abe1ed [39m[32m200[39m [90m25 ms - 1133[39m
[35m[HTTP][39m [90m[39m
[35m[HTTP][39m [37m-->[39m [37mGET[39m [37m/wd/hub/session/a241b6e7-9404-4b99-bb65-c70255abe1ed/element/ec06f58d-0f14-4b5c-86f6-c87ad459bb4b/location[39m
[35m[HTTP][39m [90m{}[39m
[35m[W3C][39m Driver proxy active, passing request on via HTTP proxy
[35m[JSONWP Proxy][39m Replacing sessionId b21e5e0b-ea25-400f-96e2-d65e9fe1aba3 with a241b6e7-9404-4b99-bb65-c70255abe1ed
[35m[HTTP][39m [37m<-- GET /wd/hub/session/a241b6e7-9404-4b99-bb65-c70255abe1ed/element/ec06f58d-0f14-4b5c-86f6-c87ad459bb4b/location [39m[32m200[39m [90m63 ms - 87[39m
[35m[HTTP][39m [90m[39m
[35m[HTTP][39m [37m-->[39m [37mGET[39m [37m/wd/hub/session/a241b6e7-9404-4b99-bb65-c70255abe1ed/element/ec06f58d-0f14-4b5c-86f6-c87ad459bb4b/attribute/resourceId[39m
[35m[HTTP][39m [90m{}[39m
[35m[HTTP][39m [37m<-- GET /wd/hub/session/a241b6e7-9404-4b99-bb65-c70255abe1ed/element/ec06f58d-0f14-4b5c-86f6-c87ad459bb4b/attribute/resourceId [39m[32m200[39m [90m44 ms - 106[39m
[35m[HTTP][39m [90m[39m
[35m[HTTP][39m [37m-->[39m [37mGET[39m [37m/wd/hub/session/a241b6e7-9404-4b99-bb65-c70255abe1ed/window/current/size[39m
[35m[HTTP][39m [90m{}[39m
[35m[W3C][39m Driver proxy active, passing request on via HTTP proxy
[35m[JSONWP Proxy][39m Replacing sessionId b21e5e0b-ea25-400f-96e2-d65e9fe1aba3 with a241b6e7-9404-4b99-bb65-c70255abe1ed
[35m[HTTP][39m [37m<-- GET /wd/hub/session/a241b6e7-9404-4b99-bb65-c70255abe1ed/window/current/size [39m[32m200[39m [90m69 ms - 100[39m
[35m[HTTP][39m [90m[39m
[35m[HTTP][39m [37m-->[39m [37mPOST[39m [37m/wd/hub/session/a241b6e7-9404-4b99-bb65-c70255abe1ed/elements[39m
[35m[HTTP][39m [90m{"using":"-android uiautomator","value":"new UiSelector().className(\"android.widget.TextView\").text(\"IN EVIDENZA\").resourceId(\"it.sky.msa:id/heroPromoTextView\").instance(6)"}[39m
[35m[HTTP][39m [37m<-- POST /wd/hub/session/a241b6e7-9404-4b99-bb65-c70255abe1ed/elements [39m[32m200[39m [90m143 ms - 124[39m
[35m[HTTP][39m [90m[39m
[35m[HTTP][39m [37m-->[39m [37mGET[39m [37m/wd/hub/session/a241b6e7-9404-4b99-bb65-c70255abe1ed[39m
[35m[HTTP][39m [90m{}[39m
[35m[HTTP][39m [37m<-- GET /wd/hub/session/a241b6e7-9404-4b99-bb65-c70255abe1ed [39m[32m200[39m [90m25 ms - 1133[39m
[35m[HTTP][39m [90m[39m
[35m[HTTP][39m [37m-->[39m [37mGET[39m [37m/wd/hub/session/a241b6e7-9404-4b99-bb65-c70255abe1ed[39m
[35m[HTTP][39m [90m{}[39m
[35m[HTTP][39m [37m<-- GET /wd/hub/session/a241b6e7-9404-4b99-bb65-c70255abe1ed [39m[32m200[39m [90m27 ms - 1133[39m
[35m[HTTP][39m [90m[39m
[35m[HTTP][39m [37m-->[39m [37mGET[39m [37m/wd/hub/session/a241b6e7-9404-4b99-bb65-c70255abe1ed[39m
[35m[HTTP][39m [90m{}[39m
[35m[HTTP][39m [37m<-- GET /wd/hub/session/a241b6e7-9404-4b99-bb65-c70255abe1ed [39m[32m200[39m [90m27 ms - 1133[39m
[35m[HTTP][39m [90m[39m
[35m[HTTP][39m [37m-->[39m [37mGET[39m [37m/wd/hub/session/a241b6e7-9404-4b99-bb65-c70255abe1ed[39m
[35m[HTTP][39m [90m{}[39m
[35m[HTTP][39m [37m<-- GET /wd/hub/session/a241b6e7-9404-4b99-bb65-c70255abe1ed [39m[32m200[39m [90m26 ms - 1133[39m
[35m[HTTP][39m [90m[39m
[35m[HTTP][39m [37m-->[39m [37mGET[39m [37m/wd/hub/session/a241b6e7-9404-4b99-bb65-c70255abe1ed/element/d72f058b-bdc2-4512-96d0-6e36f679ea2d/location[39m
[35m[HTTP][39m [90m{}[39m
[35m[W3C][39m Driver proxy active, passing request on via HTTP proxy
[35m[JSONWP Proxy][39m Replacing sessionId b21e5e0b-ea25-400f-96e2-d65e9fe1aba3 with a241b6e7-9404-4b99-bb65-c70255abe1ed
[35m[HTTP][39m [37m<-- GET /wd/hub/session/a241b6e7-9404-4b99-bb65-c70255abe1ed/element/d72f058b-bdc2-4512-96d0-6e36f679ea2d/location [39m[32m200[39m [90m65 ms - 88[39m
[35m[HTTP][39m [90m[39m
[35m[HTTP][39m [37m-->[39m [37mGET[39m [37m/wd/hub/session/a241b6e7-9404-4b99-bb65-c70255abe1ed/element/d72f058b-bdc2-4512-96d0-6e36f679ea2d/text[39m
[35m[HTTP][39m [90m{}[39m
[35m[W3C][39m Driver proxy active, passing request on via HTTP proxy
[35m[JSONWP Proxy][39m Replacing sessionId b21e5e0b-ea25-400f-96e2-d65e9fe1aba3 with a241b6e7-9404-4b99-bb65-c70255abe1ed
[35m[HTTP][39m [37m<-- GET /wd/hub/session/a241b6e7-9404-4b99-bb65-c70255abe1ed/element/d72f058b-bdc2-4512-96d0-6e36f679ea2d/text [39m[32m200[39m [90m78 ms - 85[39m
[35m[HTTP][39m [90m[39m
[35m[HTTP][39m [37m-->[39m [37mGET[39m [37m/wd/hub/session/a241b6e7-9404-4b99-bb65-c70255abe1ed/window/current/size[39m
[35m[HTTP][39m [90m{}[39m
[35m[W3C][39m Driver proxy active, passing request on via HTTP proxy
[35m[JSONWP Proxy][39m Replacing sessionId b21e5e0b-ea25-400f-96e2-d65e9fe1aba3 with a241b6e7-9404-4b99-bb65-c70255abe1ed
[35m[HTTP][39m [37m<-- GET /wd/hub/session/a241b6e7-9404-4b99-bb65-c70255abe1ed/window/current/size [39m[32m200[39m [90m31 ms - 100[39m
[35m[HTTP][39m [90m[39m
[35m[HTTP][39m [37m-->[39m [37mPOST[39m [37m/wd/hub/session/a241b6e7-9404-4b99-bb65-c70255abe1ed/elements[39m
[35m[HTTP][39m [90m{"using":"-android uiautomator","value":"new UiSelector().className(\"android.widget.TextView\").resourceId(\"it.sky.msa:id/heroTitleTextView\").instance(7)"}[39m
[35m[HTTP][39m [37m<-- POST /wd/hub/session/a241b6e7-9404-4b99-bb65-c70255abe1ed/elements [39m[32m200[39m [90m140 ms - 124[39m
[35m[HTTP][39m [90m[39m
[35m[HTTP][39m [37m-->[39m [37mGET[39m [37m/wd/hub/session/a241b6e7-9404-4b99-bb65-c70255abe1ed[39m
[35m[HTTP][39m [90m{}[39m
[35m[HTTP][39m [37m<-- GET /wd/hub/session/a241b6e7-9404-4b99-bb65-c70255abe1ed [39m[32m200[39m [90m30 ms - 1133[39m
[35m[HTTP][39m [90m[39m
[35m[HTTP][39m [37m-->[39m [37mGET[39m [37m/wd/hub/session/a241b6e7-9404-4b99-bb65-c70255abe1ed[39m
[35m[HTTP][39m [90m{}[39m
[35m[HTTP][39m [37m<-- GET /wd/hub/session/a241b6e7-9404-4b99-bb65-c70255abe1ed [39m[32m200[39m [90m26 ms - 1133[39m
[35m[HTTP][39m [90m[39m
[35m[HTTP][39m [37m-->[39m [37mGET[39m [37m/wd/hub/session/a241b6e7-9404-4b99-bb65-c70255abe1ed[39m
[35m[HTTP][39m [90m{}[39m
[35m[HTTP][39m [37m<-- GET /wd/hub/session/a241b6e7-9404-4b99-bb65-c70255abe1ed [39m[32m200[39m [90m26 ms - 1133[39m
[35m[HTTP][39m [90m[39m
[35m[HTTP][39m [37m-->[39m [37mGET[39m [37m/wd/hub/session/a241b6e7-9404-4b99-bb65-c70255abe1ed[39m
[35m[HTTP][39m [90m{}[39m
[35m[HTTP][39m [37m<-- GET /wd/hub/session/a241b6e7-9404-4b99-bb65-c70255abe1ed [39m[32m200[39m [90m31 ms - 1133[39m
[35m[HTTP][39m [90m[39m
[35m[HTTP][39m [37m-->[39m [37mGET[39m [37m/wd/hub/session/a241b6e7-9404-4b99-bb65-c70255abe1ed/element/44ec8d8e-5072-4393-b653-71984d9e3723/location[39m
[35m[HTTP][39m [90m{}[39m
[35m[W3C][39m Driver proxy active, passing request on via HTTP proxy
[35m[JSONWP Proxy][39m Replacing sessionId b21e5e0b-ea25-400f-96e2-d65e9fe1aba3 with a241b6e7-9404-4b99-bb65-c70255abe1ed
[35m[HTTP][39m [37m<-- GET /wd/hub/session/a241b6e7-9404-4b99-bb65-c70255abe1ed/element/44ec8d8e-5072-4393-b653-71984d9e3723/location [39m[32m200[39m [90m54 ms - 88[39m
[35m[HTTP][39m [90m[39m
[35m[HTTP][39m [37m-->[39m [37mGET[39m [37m/wd/hub/session/a241b6e7-9404-4b99-bb65-c70255abe1ed/window/current/size[39m
[35m[HTTP][39m [90m{}[39m
[35m[W3C][39m Driver proxy active, passing request on via HTTP proxy
[35m[JSONWP Proxy][39m Replacing sessionId b21e5e0b-ea25-400f-96e2-d65e9fe1aba3 with a241b6e7-9404-4b99-bb65-c70255abe1ed
[35m[HTTP][39m [37m<-- GET /wd/hub/session/a241b6e7-9404-4b99-bb65-c70255abe1ed/window/current/size [39m[32m200[39m [90m35 ms - 100[39m
[35m[HTTP][39m [90m[39m
[35m[HTTP][39m [37m-->[39m [37mPOST[39m [37m/wd/hub/session/a241b6e7-9404-4b99-bb65-c70255abe1ed/elements[39m
[35m[HTTP][39m [90m{"using":"-android uiautomator","value":"new UiSelector().className(\"android.widget.TextView\").resourceId(\"it.sky.msa:id/heroCaptionTextView\").instance(8)"}[39m
[35m[HTTP][39m [37m<-- POST /wd/hub/session/a241b6e7-9404-4b99-bb65-c70255abe1ed/elements [39m[32m200[39m [90m88 ms - 124[39m
[35m[HTTP][39m [90m[39m
[35m[HTTP][39m [37m-->[39m [37mGET[39m [37m/wd/hub/session/a241b6e7-9404-4b99-bb65-c70255abe1ed[39m
[35m[HTTP][39m [90m{}[39m
[35m[HTTP][39m [37m<-- GET /wd/hub/session/a241b6e7-9404-4b99-bb65-c70255abe1ed [39m[32m200[39m [90m23 ms - 1133[39m
[35m[HTTP][39m [90m[39m
[35m[HTTP][39m [37m-->[39m [37mGET[39m [37m/wd/hub/session/a241b6e7-9404-4b99-bb65-c70255abe1ed[39m
[35m[HTTP][39m [90m{}[39m
[35m[HTTP][39m [37m<-- GET /wd/hub/session/a241b6e7-9404-4b99-bb65-c70255abe1ed [39m[32m200[39m [90m35 ms - 1133[39m
[35m[HTTP][39m [90m[39m
[35m[HTTP][39m [37m-->[39m [37mGET[39m [37m/wd/hub/session/a241b6e7-9404-4b99-bb65-c70255abe1ed[39m
[35m[HTTP][39m [90m{}[39m
[35m[HTTP][39m [37m<-- GET /wd/hub/session/a241b6e7-9404-4b99-bb65-c70255abe1ed [39m[32m200[39m [90m32 ms - 1133[39m
[35m[HTTP][39m [90m[39m
[35m[HTTP][39m [37m-->[39m [37mGET[39m [37m/wd/hub/session/a241b6e7-9404-4b99-bb65-c70255abe1ed[39m
[35m[HTTP][39m [90m{}[39m
[35m[HTTP][39m [37m<-- GET /wd/hub/session/a241b6e7-9404-4b99-bb65-c70255abe1ed [39m[32m200[39m [90m26 ms - 1133[39m
[35m[HTTP][39m [90m[39m
[35m[HTTP][39m [37m-->[39m [37mGET[39m [37m/wd/hub/session/a241b6e7-9404-4b99-bb65-c70255abe1ed/element/96f80916-191a-4dff-b850-9fdda485b671/location[39m
[35m[HTTP][39m [90m{}[39m
[35m[W3C][39m Driver proxy active, passing request on via HTTP proxy
[35m[JSONWP Proxy][39m Replacing sessionId b21e5e0b-ea25-400f-96e2-d65e9fe1aba3 with a241b6e7-9404-4b99-bb65-c70255abe1ed
[35m[HTTP][39m [37m<-- GET /wd/hub/session/a241b6e7-9404-4b99-bb65-c70255abe1ed/element/96f80916-191a-4dff-b850-9fdda485b671/location [39m[32m200[39m [90m55 ms - 89[39m
[35m[HTTP][39m [90m[39m
[35m[HTTP][39m [37m-->[39m [37mGET[39m [37m/wd/hub/session/a241b6e7-9404-4b99-bb65-c70255abe1ed/window/current/size[39m
[35m[HTTP][39m [90m{}[39m
[35m[W3C][39m Driver proxy active, passing request on via HTTP proxy
[35m[JSONWP Proxy][39m Replacing sessionId b21e5e0b-ea25-400f-96e2-d65e9fe1aba3 with a241b6e7-9404-4b99-bb65-c70255abe1ed
[35m[HTTP][39m [37m<-- GET /wd/hub/session/a241b6e7-9404-4b99-bb65-c70255abe1ed/window/current/size [39m[32m200[39m [90m40 ms - 100[39m
[35m[HTTP][39m [90m[39m
[35m[HTTP][39m [37m-->[39m [37mPOST[39m [37m/wd/hub/session/a241b6e7-9404-4b99-bb65-c70255abe1ed/elements[39m
[35m[HTTP][39m [90m{"using":"-android uiautomator","value":"new UiSelector().className(\"android.widget.TextView\").resourceId(\"it.sky.msa:id/heroCaptionTextView\").instance(8)"}[39m
[35m[HTTP][39m [37m<-- POST /wd/hub/session/a241b6e7-9404-4b99-bb65-c70255abe1ed/elements [39m[32m200[39m [90m109 ms - 124[39m
[35m[HTTP][39m [90m[39m
[35m[HTTP][39m [37m-->[39m [37mGET[39m [37m/wd/hub/session/a241b6e7-9404-4b99-bb65-c70255abe1ed[39m
[35m[HTTP][39m [90m{}[39m
[35m[HTTP][39m [37m<-- GET /wd/hub/session/a241b6e7-9404-4b99-bb65-c70255abe1ed [39m[32m200[39m [90m27 ms - 1133[39m
[35m[HTTP][39m [90m[39m
[35m[HTTP][39m [37m-->[39m [37mGET[39m [37m/wd/hub/session/a241b6e7-9404-4b99-bb65-c70255abe1ed[39m
[35m[HTTP][39m [90m{}[39m
[35m[HTTP][39m [37m<-- GET /wd/hub/session/a241b6e7-9404-4b99-bb65-c70255abe1ed [39m[32m200[39m [90m25 ms - 1133[39m
[35m[HTTP][39m [90m[39m
[35m[HTTP][39m [37m-->[39m [37mGET[39m [37m/wd/hub/session/a241b6e7-9404-4b99-bb65-c70255abe1ed[39m
[35m[HTTP][39m [90m{}[39m
[35m[HTTP][39m [37m<-- GET /wd/hub/session/a241b6e7-9404-4b99-bb65-c70255abe1ed [39m[32m200[39m [90m25 ms - 1133[39m
[35m[HTTP][39m [90m[39m
[35m[HTTP][39m [37m-->[39m [37mGET[39m [37m/wd/hub/session/a241b6e7-9404-4b99-bb65-c70255abe1ed[39m
[35m[HTTP][39m [90m{}[39m
[35m[HTTP][39m [37m<-- GET /wd/hub/session/a241b6e7-9404-4b99-bb65-c70255abe1ed [39m[32m200[39m [90m26 ms - 1133[39m
[35m[HTTP][39m [90m[39m
[35m[HTTP][39m [37m-->[39m [37mGET[39m [37m/wd/hub/session/a241b6e7-9404-4b99-bb65-c70255abe1ed/element/012d43ca-a216-4835-b496-9e4237f51b32/location[39m
[35m[HTTP][39m [90m{}[39m
[35m[W3C][39m Driver proxy active, passing request on via HTTP proxy
[35m[JSONWP Proxy][39m Replacing sessionId b21e5e0b-ea25-400f-96e2-d65e9fe1aba3 with a241b6e7-9404-4b99-bb65-c70255abe1ed
[35m[HTTP][39m [37m<-- GET /wd/hub/session/a241b6e7-9404-4b99-bb65-c70255abe1ed/element/012d43ca-a216-4835-b496-9e4237f51b32/location [39m[32m200[39m [90m53 ms - 89[39m
[35m[HTTP][39m [90m[39m
[35m[HTTP][39m [37m-->[39m [37mGET[39m [37m/wd/hub/session/a241b6e7-9404-4b99-bb65-c70255abe1ed/element/012d43ca-a216-4835-b496-9e4237f51b32/text[39m
[35m[HTTP][39m [90m{}[39m
[35m[W3C][39m Driver proxy active, passing request on via HTTP proxy
[35m[JSONWP Proxy][39m Replacing sessionId b21e5e0b-ea25-400f-96e2-d65e9fe1aba3 with a241b6e7-9404-4b99-bb65-c70255abe1ed
[35m[HTTP][39m [37m<-- GET /wd/hub/session/a241b6e7-9404-4b99-bb65-c70255abe1ed/element/012d43ca-a216-4835-b496-9e4237f51b32/text [39m[32m200[39m [90m73 ms - 89[39m
[35m[HTTP][39m [90m[39m
[35m[HTTP][39m [37m-->[39m [37mGET[39m [37m/wd/hub/session/a241b6e7-9404-4b99-bb65-c70255abe1ed/context[39m
[35m[HTTP][39m [90m{}[39m
[35m[HTTP][39m [37m<-- GET /wd/hub/session/a241b6e7-9404-4b99-bb65-c70255abe1ed/context [39m[32m200[39m [90m3 ms - 84[39m
[35m[HTTP][39m [90m[39m
[35m[HTTP][39m [37m-->[39m [37mGET[39m [37m/wd/hub/session/a241b6e7-9404-4b99-bb65-c70255abe1ed/contexts[39m
[35m[HTTP][39m [90m{}[39m
[35m[HTTP][39m [37m<-- GET /wd/hub/session/a241b6e7-9404-4b99-bb65-c70255abe1ed/contexts [39m[32m200[39m [90m93 ms - 86[39m
[35m[HTTP][39m [90m[39m
[35m[HTTP][39m [37m-->[39m [37mPOST[39m [37m/wd/hub/session/a241b6e7-9404-4b99-bb65-c70255abe1ed/context[39m
[35m[HTTP][39m [90m{"name":"NATIVE_APP"}[39m
[35m[HTTP][39m [37m<-- POST /wd/hub/session/a241b6e7-9404-4b99-bb65-c70255abe1ed/context [39m[32m200[39m [90m101 ms - 76[39m
[35m[HTTP][39m [90m[39m
[35m[HTTP][39m [37m-->[39m [37mPOST[39m [37m/wd/hub/session/a241b6e7-9404-4b99-bb65-c70255abe1ed/touch/perform[39m
[35m[HTTP][39m [90m{"actions":[{"action":"press","options":{"x":200,"y":200}},{"action":"wait","options":{"ms":500}},{"action":"moveTo","options":{"x":200,"y":1000}}]}[39m
[35m[HTTP][39m [37m<-- POST /wd/hub/session/a241b6e7-9404-4b99-bb65-c70255abe1ed/touch/perform [39m[32m200[39m [90m2134 ms - 76[39m
[35m[HTTP][39m [90m[39m
[35m[HTTP][39m [37m-->[39m [37mPOST[39m [37m/wd/hub/session/a241b6e7-9404-4b99-bb65-c70255abe1ed/context[39m
[35m[HTTP][39m [90m{"name":"NATIVE_APP"}[39m
[35m[HTTP][39m [37m<-- POST /wd/hub/session/a241b6e7-9404-4b99-bb65-c70255abe1ed/context [39m[32m200[39m [90m88 ms - 76[39m
[35m[HTTP][39m [90m[39m
[35m[HTTP][39m [37m-->[39m [37mGET[39m [37m/wd/hub/session/a241b6e7-9404-4b99-bb65-c70255abe1ed/window/current/size[39m
[35m[HTTP][39m [90m{}[39m
[35m[W3C][39m Driver proxy active, passing request on via HTTP proxy
[35m[JSONWP Proxy][39m Replacing sessionId b21e5e0b-ea25-400f-96e2-d65e9fe1aba3 with a241b6e7-9404-4b99-bb65-c70255abe1ed
[35m[HTTP][39m [37m<-- GET /wd/hub/session/a241b6e7-9404-4b99-bb65-c70255abe1ed/window/current/size [39m[32m200[39m [90m40 ms - 100[39m
[35m[HTTP][39m [90m[39m
[35m[HTTP][39m [37m-->[39m [37mPOST[39m [37m/wd/hub/session/a241b6e7-9404-4b99-bb65-c70255abe1ed/elements[39m
[35m[HTTP][39m [90m{"using":"-android uiautomator","value":"new UiSelector().className(\"android.widget.TextView\").text(\"Scelti per te questa settimana\").resourceId(\"it.sky.msa:id/categoryTitle\").instance(6)"}[39m
[35m[HTTP][39m [37m<-- POST /wd/hub/session/a241b6e7-9404-4b99-bb65-c70255abe1ed/elements [39m[32m200[39m [90m122 ms - 124[39m
[35m[HTTP][39m [90m[39m
[35m[HTTP][39m [37m-->[39m [37mGET[39m [37m/wd/hub/session/a241b6e7-9404-4b99-bb65-c70255abe1ed[39m
[35m[HTTP][39m [90m{}[39m
[35m[HTTP][39m [37m<-- GET /wd/hub/session/a241b6e7-9404-4b99-bb65-c70255abe1ed [39m[32m200[39m [90m47 ms - 1133[39m
[35m[HTTP][39m [90m[39m
[35m[HTTP][39m [37m-->[39m [37mGET[39m [37m/wd/hub/session/a241b6e7-9404-4b99-bb65-c70255abe1ed[39m
[35m[HTTP][39m [90m{}[39m
[35m[HTTP][39m [37m<-- GET /wd/hub/session/a241b6e7-9404-4b99-bb65-c70255abe1ed [39m[32m200[39m [90m36 ms - 1133[39m
[35m[HTTP][39m [90m[39m
[35m[HTTP][39m [37m-->[39m [37mGET[39m [37m/wd/hub/session/a241b6e7-9404-4b99-bb65-c70255abe1ed[39m
[35m[HTTP][39m [90m{}[39m
[35m[HTTP][39m [37m<-- GET /wd/hub/session/a241b6e7-9404-4b99-bb65-c70255abe1ed [39m[32m200[39m [90m33 ms - 1133[39m
[35m[HTTP][39m [90m[39m
[35m[HTTP][39m [37m-->[39m [37mGET[39m [37m/wd/hub/session/a241b6e7-9404-4b99-bb65-c70255abe1ed[39m
[35m[HTTP][39m [90m{}[39m
[35m[HTTP][39m [37m<-- GET /wd/hub/session/a241b6e7-9404-4b99-bb65-c70255abe1ed [39m[32m200[39m [90m29 ms - 1133[39m
[35m[HTTP][39m [90m[39m
[35m[HTTP][39m [37m-->[39m [37mGET[39m [37m/wd/hub/session/a241b6e7-9404-4b99-bb65-c70255abe1ed/element/978b71c7-701b-4a02-9da3-bbbf4efcbaaf/location[39m
[35m[HTTP][39m [90m{}[39m
[35m[W3C][39m Driver proxy active, passing request on via HTTP proxy
[35m[JSONWP Proxy][39m Replacing sessionId b21e5e0b-ea25-400f-96e2-d65e9fe1aba3 with a241b6e7-9404-4b99-bb65-c70255abe1ed
[35m[HTTP][39m [37m<-- GET /wd/hub/session/a241b6e7-9404-4b99-bb65-c70255abe1ed/element/978b71c7-701b-4a02-9da3-bbbf4efcbaaf/location [39m[32m200[39m [90m85 ms - 89[39m
[35m[HTTP][39m [90m[39m
[35m[HTTP][39m [37m-->[39m [37mGET[39m [37m/wd/hub/session/a241b6e7-9404-4b99-bb65-c70255abe1ed/element/978b71c7-701b-4a02-9da3-bbbf4efcbaaf/text[39m
[35m[HTTP][39m [90m{}[39m
[35m[W3C][39m Driver proxy active, passing request on via HTTP proxy
[35m[JSONWP Proxy][39m Replacing sessionId b21e5e0b-ea25-400f-96e2-d65e9fe1aba3 with a241b6e7-9404-4b99-bb65-c70255abe1ed
[35m[HTTP][39m [37m<-- GET /wd/hub/session/a241b6e7-9404-4b99-bb65-c70255abe1ed/element/978b71c7-701b-4a02-9da3-bbbf4efcbaaf/text [39m[32m200[39m [90m66 ms - 104[39m
[35m[HTTP][39m [90m[39m
[35m[HTTP][39m [37m-->[39m [37mGET[39m [37m/wd/hub/session/a241b6e7-9404-4b99-bb65-c70255abe1ed/window/current/size[39m
[35m[HTTP][39m [90m{}[39m
[35m[W3C][39m Driver proxy active, passing request on via HTTP proxy
[35m[JSONWP Proxy][39m Replacing sessionId b21e5e0b-ea25-400f-96e2-d65e9fe1aba3 with a241b6e7-9404-4b99-bb65-c70255abe1ed
[35m[HTTP][39m [37m<-- GET /wd/hub/session/a241b6e7-9404-4b99-bb65-c70255abe1ed/window/current/size [39m[32m200[39m [90m40 ms - 100[39m
[35m[HTTP][39m [90m[39m
[35m[HTTP][39m [37m-->[39m [37mPOST[39m [37m/wd/hub/session/a241b6e7-9404-4b99-bb65-c70255abe1ed/elements[39m
[35m[HTTP][39m [90m{"using":"-android uiautomator","value":"new UiSelector().className(\"android.widget.TextView\").text(\"Scelti per te questa settimana\").resourceId(\"it.sky.msa:id/categoryTitle\").instance(6)"}[39m
[35m[HTTP][39m [37m<-- POST /wd/hub/session/a241b6e7-9404-4b99-bb65-c70255abe1ed/elements [39m[32m200[39m [90m119 ms - 124[39m
[35m[HTTP][39m [90m[39m
[35m[HTTP][39m [37m-->[39m [37mGET[39m [37m/wd/hub/session/a241b6e7-9404-4b99-bb65-c70255abe1ed[39m
[35m[HTTP][39m [90m{}[39m
[35m[HTTP][39m [37m<-- GET /wd/hub/session/a241b6e7-9404-4b99-bb65-c70255abe1ed [39m[32m200[39m [90m29 ms - 1133[39m
[35m[HTTP][39m [90m[39m
[35m[HTTP][39m [37m-->[39m [37mGET[39m [37m/wd/hub/session/a241b6e7-9404-4b99-bb65-c70255abe1ed[39m
[35m[HTTP][39m [90m{}[39m
[35m[HTTP][39m [37m<-- GET /wd/hub/session/a241b6e7-9404-4b99-bb65-c70255abe1ed [39m[32m200[39m [90m30 ms - 1133[39m
[35m[HTTP][39m [90m[39m
[35m[HTTP][39m [37m-->[39m [37mGET[39m [37m/wd/hub/session/a241b6e7-9404-4b99-bb65-c70255abe1ed[39m
[35m[HTTP][39m [90m{}[39m
[35m[HTTP][39m [37m<-- GET /wd/hub/session/a241b6e7-9404-4b99-bb65-c70255abe1ed [39m[32m200[39m [90m28 ms - 1133[39m
[35m[HTTP][39m [90m[39m
[35m[HTTP][39m [37m-->[39m [37mGET[39m [37m/wd/hub/session/a241b6e7-9404-4b99-bb65-c70255abe1ed[39m
[35m[HTTP][39m [90m{}[39m
[35m[HTTP][39m [37m<-- GET /wd/hub/session/a241b6e7-9404-4b99-bb65-c70255abe1ed [39m[32m200[39m [90m27 ms - 1133[39m
[35m[HTTP][39m [90m[39m
[35m[HTTP][39m [37m-->[39m [37mGET[39m [37m/wd/hub/session/a241b6e7-9404-4b99-bb65-c70255abe1ed/element/208bde64-109f-45f4-bfe6-d495592def4c/location[39m
[35m[HTTP][39m [90m{}[39m
[35m[W3C][39m Driver proxy active, passing request on via HTTP proxy
[35m[JSONWP Proxy][39m Replacing sessionId b21e5e0b-ea25-400f-96e2-d65e9fe1aba3 with a241b6e7-9404-4b99-bb65-c70255abe1ed
[35m[HTTP][39m [37m<-- GET /wd/hub/session/a241b6e7-9404-4b99-bb65-c70255abe1ed/element/208bde64-109f-45f4-bfe6-d495592def4c/location [39m[32m200[39m [90m43 ms - 89[39m
[35m[HTTP][39m [90m[39m
[35m[HTTP][39m [37m-->[39m [37mGET[39m [37m/wd/hub/session/a241b6e7-9404-4b99-bb65-c70255abe1ed/element/208bde64-109f-45f4-bfe6-d495592def4c/text[39m
[35m[HTTP][39m [90m{}[39m
[35m[W3C][39m Driver proxy active, passing request on via HTTP proxy
[35m[JSONWP Proxy][39m Replacing sessionId b21e5e0b-ea25-400f-96e2-d65e9fe1aba3 with a241b6e7-9404-4b99-bb65-c70255abe1ed
[35m[HTTP][39m [37m<-- GET /wd/hub/session/a241b6e7-9404-4b99-bb65-c70255abe1ed/element/208bde64-109f-45f4-bfe6-d495592def4c/text [39m[32m200[39m [90m96 ms - 104[39m
[35m[HTTP][39m [90m[39m
[35m[HTTP][39m [37m-->[39m [37mGET[39m [37m/wd/hub/session/a241b6e7-9404-4b99-bb65-c70255abe1ed/context[39m
[35m[HTTP][39m [90m{}[39m
[35m[HTTP][39m [37m<-- GET /wd/hub/session/a241b6e7-9404-4b99-bb65-c70255abe1ed/context [39m[32m200[39m [90m2 ms - 84[39m
[35m[HTTP][39m [90m[39m
[35m[HTTP][39m [37m-->[39m [37mGET[39m [37m/wd/hub/session/a241b6e7-9404-4b99-bb65-c70255abe1ed/contexts[39m
[35m[HTTP][39m [90m{}[39m
[35m[HTTP][39m [37m<-- GET /wd/hub/session/a241b6e7-9404-4b99-bb65-c70255abe1ed/contexts [39m[32m200[39m [90m86 ms - 86[39m
[35m[HTTP][39m [90m[39m
[35m[HTTP][39m [37m-->[39m [37mPOST[39m [37m/wd/hub/session/a241b6e7-9404-4b99-bb65-c70255abe1ed/context[39m
[35m[HTTP][39m [90m{"name":"NATIVE_APP"}[39m
[35m[HTTP][39m [37m<-- POST /wd/hub/session/a241b6e7-9404-4b99-bb65-c70255abe1ed/context [39m[32m200[39m [90m172 ms - 76[39m
[35m[HTTP][39m [90m[39m
[35m[HTTP][39m [37m-->[39m [37mPOST[39m [37m/wd/hub/session/a241b6e7-9404-4b99-bb65-c70255abe1ed/touch/perform[39m
[35m[HTTP][39m [90m{"actions":[{"action":"press","options":{"x":0,"y":0}},{"action":"wait","options":{"ms":500}},{"action":"moveTo","options":{"x":100,"y":0}}]}[39m
[35m[HTTP][39m [37m<-- POST /wd/hub/session/a241b6e7-9404-4b99-bb65-c70255abe1ed/touch/perform [39m[32m200[39m [90m2146 ms - 76[39m
[35m[HTTP][39m [90m[39m
[35m[HTTP][39m [37m-->[39m [37mPOST[39m [37m/wd/hub/session/a241b6e7-9404-4b99-bb65-c70255abe1ed/context[39m
[35m[HTTP][39m [90m{"name":"NATIVE_APP"}[39m
[35m[HTTP][39m [37m<-- POST /wd/hub/session/a241b6e7-9404-4b99-bb65-c70255abe1ed/context [39m[32m200[39m [90m97 ms - 76[39m
[35m[HTTP][39m [90m[39m
[35m[HTTP][39m [37m-->[39m [37mGET[39m [37m/wd/hub/session/a241b6e7-9404-4b99-bb65-c70255abe1ed/context[39m
[35m[HTTP][39m [90m{}[39m
[35m[HTTP][39m [37m<-- GET /wd/hub/session/a241b6e7-9404-4b99-bb65-c70255abe1ed/context [39m[32m200[39m [90m2 ms - 84[39m
[35m[HTTP][39m [90m[39m
[35m[HTTP][39m [37m-->[39m [37mGET[39m [37m/wd/hub/session/a241b6e7-9404-4b99-bb65-c70255abe1ed/contexts[39m
[35m[HTTP][39m [90m{}[39m
[35m[HTTP][39m [37m<-- GET /wd/hub/session/a241b6e7-9404-4b99-bb65-c70255abe1ed/contexts [39m[32m200[39m [90m199 ms - 86[39m
[35m[HTTP][39m [90m[39m
[35m[HTTP][39m [37m-->[39m [37mPOST[39m [37m/wd/hub/session/a241b6e7-9404-4b99-bb65-c70255abe1ed/context[39m
[35m[HTTP][39m [90m{"name":"NATIVE_APP"}[39m
[35m[HTTP][39m [37m<-- POST /wd/hub/session/a241b6e7-9404-4b99-bb65-c70255abe1ed/context [39m[32m200[39m [90m133 ms - 76[39m
[35m[HTTP][39m [90m[39m
[35m[HTTP][39m [37m-->[39m [37mPOST[39m [37m/wd/hub/session/a241b6e7-9404-4b99-bb65-c70255abe1ed/touch/perform[39m
[35m[HTTP][39m [90m{"actions":[{"action":"press","options":{"x":0,"y":0}},{"action":"wait","options":{"ms":500}},{"action":"moveTo","options":{"x":-100,"y":0}}]}[39m
[35m[HTTP][39m [37m<-- POST /wd/hub/session/a241b6e7-9404-4b99-bb65-c70255abe1ed/touch/perform [39m[32m200[39m [90m2151 ms - 76[39m
[35m[HTTP][39m [90m[39m
[35m[HTTP][39m [37m-->[39m [37mPOST[39m [37m/wd/hub/session/a241b6e7-9404-4b99-bb65-c70255abe1ed/context[39m
[35m[HTTP][39m [90m{"name":"NATIVE_APP"}[39m
[35m[HTTP][39m [37m<-- POST /wd/hub/session/a241b6e7-9404-4b99-bb65-c70255abe1ed/context [39m[32m200[39m [90m97 ms - 76[39m
[35m[HTTP][39m [90m[39m
[35m[HTTP][39m [37m-->[39m [37mGET[39m [37m/wd/hub/session/a241b6e7-9404-4b99-bb65-c70255abe1ed/window/current/size[39m
[35m[HTTP][39m [90m{}[39m
[35m[W3C][39m Driver proxy active, passing request on via HTTP proxy
[35m[JSONWP Proxy][39m Replacing sessionId b21e5e0b-ea25-400f-96e2-d65e9fe1aba3 with a241b6e7-9404-4b99-bb65-c70255abe1ed
[35m[HTTP][39m [37m<-- GET /wd/hub/session/a241b6e7-9404-4b99-bb65-c70255abe1ed/window/current/size [39m[32m200[39m [90m62 ms - 100[39m
[35m[HTTP][39m [90m[39m
[35m[HTTP][39m [37m-->[39m [37mPOST[39m [37m/wd/hub/session/a241b6e7-9404-4b99-bb65-c70255abe1ed/elements[39m
[35m[HTTP][39m [90m{"using":"-android uiautomator","value":"new UiSelector().className(\"android.widget.TextView\").resourceId(\"it.sky.msa:id/categoryTitle\")"}[39m
[35m[HTTP][39m [37m<-- POST /wd/hub/session/a241b6e7-9404-4b99-bb65-c70255abe1ed/elements [39m[32m200[39m [90m148 ms - 124[39m
[35m[HTTP][39m [90m[39m
[35m[HTTP][39m [37m-->[39m [37mGET[39m [37m/wd/hub/session/a241b6e7-9404-4b99-bb65-c70255abe1ed[39m
[35m[HTTP][39m [90m{}[39m
[35m[HTTP][39m [37m<-- GET /wd/hub/session/a241b6e7-9404-4b99-bb65-c70255abe1ed [39m[32m200[39m [90m25 ms - 1133[39m
[35m[HTTP][39m [90m[39m
[35m[HTTP][39m [37m-->[39m [37mGET[39m [37m/wd/hub/session/a241b6e7-9404-4b99-bb65-c70255abe1ed[39m
[35m[HTTP][39m [90m{}[39m
[35m[HTTP][39m [37m<-- GET /wd/hub/session/a241b6e7-9404-4b99-bb65-c70255abe1ed [39m[32m200[39m [90m25 ms - 1133[39m
[35m[HTTP][39m [90m[39m
[35m[HTTP][39m [37m-->[39m [37mGET[39m [37m/wd/hub/session/a241b6e7-9404-4b99-bb65-c70255abe1ed[39m
[35m[HTTP][39m [90m{}[39m
[35m[HTTP][39m [37m<-- GET /wd/hub/session/a241b6e7-9404-4b99-bb65-c70255abe1ed [39m[32m200[39m [90m29 ms - 1133[39m
[35m[HTTP][39m [90m[39m
[35m[HTTP][39m [37m-->[39m [37mGET[39m [37m/wd/hub/session/a241b6e7-9404-4b99-bb65-c70255abe1ed[39m
[35m[HTTP][39m [90m{}[39m
[35m[HTTP][39m [37m<-- GET /wd/hub/session/a241b6e7-9404-4b99-bb65-c70255abe1ed [39m[32m200[39m [90m24 ms - 1133[39m
[35m[HTTP][39m [90m[39m
[35m[HTTP][39m [37m-->[39m [37mGET[39m [37m/wd/hub/session/a241b6e7-9404-4b99-bb65-c70255abe1ed/element/55927a74-9695-429d-b005-2a8248ee196b/location[39m
[35m[HTTP][39m [90m{}[39m
[35m[W3C][39m Driver proxy active, passing request on via HTTP proxy
[35m[JSONWP Proxy][39m Replacing sessionId b21e5e0b-ea25-400f-96e2-d65e9fe1aba3 with a241b6e7-9404-4b99-bb65-c70255abe1ed
[35m[HTTP][39m [37m<-- GET /wd/hub/session/a241b6e7-9404-4b99-bb65-c70255abe1ed/element/55927a74-9695-429d-b005-2a8248ee196b/location [39m[32m200[39m [90m57 ms - 89[39m
[35m[HTTP][39m [90m[39m
[35m[HTTP][39m [37m-->[39m [37mGET[39m [37m/wd/hub/session/a241b6e7-9404-4b99-bb65-c70255abe1ed/element/55927a74-9695-429d-b005-2a8248ee196b/text[39m
[35m[HTTP][39m [90m{}[39m
[35m[W3C][39m Driver proxy active, passing request on via HTTP proxy
[35m[JSONWP Proxy][39m Replacing sessionId b21e5e0b-ea25-400f-96e2-d65e9fe1aba3 with a241b6e7-9404-4b99-bb65-c70255abe1ed
[35m[HTTP][39m [37m<-- GET /wd/hub/session/a241b6e7-9404-4b99-bb65-c70255abe1ed/element/55927a74-9695-429d-b005-2a8248ee196b/text [39m[32m200[39m [90m75 ms - 104[39m
[35m[HTTP][39m [90m[39m
[35m[HTTP][39m [37m-->[39m [37mGET[39m [37m/wd/hub/session/a241b6e7-9404-4b99-bb65-c70255abe1ed/window/current/size[39m
[35m[HTTP][39m [90m{}[39m
[35m[W3C][39m Driver proxy active, passing request on via HTTP proxy
[35m[JSONWP Proxy][39m Replacing sessionId b21e5e0b-ea25-400f-96e2-d65e9fe1aba3 with a241b6e7-9404-4b99-bb65-c70255abe1ed
[35m[HTTP][39m [37m<-- GET /wd/hub/session/a241b6e7-9404-4b99-bb65-c70255abe1ed/window/current/size [39m[32m200[39m [90m40 ms - 100[39m
[35m[HTTP][39m [90m[39m
[35m[HTTP][39m [37m-->[39m [37mPOST[39m [37m/wd/hub/session/a241b6e7-9404-4b99-bb65-c70255abe1ed/elements[39m
[35m[HTTP][39m [90m{"using":"-android uiautomator","value":"new UiSelector().className(\"android.widget.Button\").text(\"Vedi tutti\").resourceId(\"it.sky.msa:id/showAllCategoryButton\").instance(0)"}[39m
[35m[HTTP][39m [37m<-- POST /wd/hub/session/a241b6e7-9404-4b99-bb65-c70255abe1ed/elements [39m[32m200[39m [90m111 ms - 124[39m
[35m[HTTP][39m [90m[39m
[35m[HTTP][39m [37m-->[39m [37mGET[39m [37m/wd/hub/session/a241b6e7-9404-4b99-bb65-c70255abe1ed[39m
[35m[HTTP][39m [90m{}[39m
[35m[HTTP][39m [37m<-- GET /wd/hub/session/a241b6e7-9404-4b99-bb65-c70255abe1ed [39m[32m200[39m [90m31 ms - 1133[39m
[35m[HTTP][39m [90m[39m
[35m[HTTP][39m [37m-->[39m [37mGET[39m [37m/wd/hub/session/a241b6e7-9404-4b99-bb65-c70255abe1ed[39m
[35m[HTTP][39m [90m{}[39m
[35m[HTTP][39m [37m<-- GET /wd/hub/session/a241b6e7-9404-4b99-bb65-c70255abe1ed [39m[32m200[39m [90m29 ms - 1133[39m
[35m[HTTP][39m [90m[39m
[35m[HTTP][39m [37m-->[39m [37mGET[39m [37m/wd/hub/session/a241b6e7-9404-4b99-bb65-c70255abe1ed[39m
[35m[HTTP][39m [90m{}[39m
[35m[HTTP][39m [37m<-- GET /wd/hub/session/a241b6e7-9404-4b99-bb65-c70255abe1ed [39m[32m200[39m [90m24 ms - 1133[39m
[35m[HTTP][39m [90m[39m
[35m[HTTP][39m [37m-->[39m [37mGET[39m [37m/wd/hub/session/a241b6e7-9404-4b99-bb65-c70255abe1ed[39m
[35m[HTTP][39m [90m{}[39m
[35m[HTTP][39m [37m<-- GET /wd/hub/session/a241b6e7-9404-4b99-bb65-c70255abe1ed [39m[32m200[39m [90m23 ms - 1133[39m
[35m[HTTP][39m [90m[39m
[35m[HTTP][39m [37m-->[39m [37mGET[39m [37m/wd/hub/session/a241b6e7-9404-4b99-bb65-c70255abe1ed/element/1e09e328-b726-40fb-9793-2df37e64f29d/location[39m
[35m[HTTP][39m [90m{}[39m
[35m[W3C][39m Driver proxy active, passing request on via HTTP proxy
[35m[JSONWP Proxy][39m Replacing sessionId b21e5e0b-ea25-400f-96e2-d65e9fe1aba3 with a241b6e7-9404-4b99-bb65-c70255abe1ed
[35m[HTTP][39m [37m<-- GET /wd/hub/session/a241b6e7-9404-4b99-bb65-c70255abe1ed/element/1e09e328-b726-40fb-9793-2df37e64f29d/location [39m[32m200[39m [90m50 ms - 90[39m
[35m[HTTP][39m [90m[39m
[35m[HTTP][39m [37m-->[39m [37mPOST[39m [37m/wd/hub/session/a241b6e7-9404-4b99-bb65-c70255abe1ed/touch/perform[39m
[35m[HTTP][39m [90m{"actions":[{"action":"tap","options":{"element":"1e09e328-b726-40fb-9793-2df37e64f29d","x":1,"y":1}}]}[39m
[35m[UiAutomator2][39m calling get location: 1e09e328-b726-40fb-9793-2df37e64f29d
[35m[HTTP][39m [37m<-- POST /wd/hub/session/a241b6e7-9404-4b99-bb65-c70255abe1ed/touch/perform [39m[32m200[39m [90m938 ms - 76[39m
[35m[HTTP][39m [90m[39m
[35m[HTTP][39m [37m-->[39m [37mGET[39m [37m/wd/hub/session/a241b6e7-9404-4b99-bb65-c70255abe1ed/window/current/size[39m
[35m[HTTP][39m [90m{}[39m
[35m[W3C][39m Driver proxy active, passing request on via HTTP proxy
[35m[JSONWP Proxy][39m Replacing sessionId b21e5e0b-ea25-400f-96e2-d65e9fe1aba3 with a241b6e7-9404-4b99-bb65-c70255abe1ed
[35m[HTTP][39m [37m<-- GET /wd/hub/session/a241b6e7-9404-4b99-bb65-c70255abe1ed/window/current/size [39m[32m200[39m [90m33 ms - 100[39m
[35m[HTTP][39m [90m[39m
[35m[HTTP][39m [37m-->[39m [37mPOST[39m [37m/wd/hub/session/a241b6e7-9404-4b99-bb65-c70255abe1ed/elements[39m
[35m[HTTP][39m [90m{"using":"-android uiautomator","value":"new UiSelector().className(\"android.widget.TextView\").resourceId(\"it.sky.msa:id/toolbarTitle\")"}[39m
[35m[HTTP][39m [37m<-- POST /wd/hub/session/a241b6e7-9404-4b99-bb65-c70255abe1ed/elements [39m[32m200[39m [90m97 ms - 124[39m
[35m[HTTP][39m [90m[39m
[35m[HTTP][39m [37m-->[39m [37mGET[39m [37m/wd/hub/session/a241b6e7-9404-4b99-bb65-c70255abe1ed[39m
[35m[HTTP][39m [90m{}[39m
[35m[HTTP][39m [37m<-- GET /wd/hub/session/a241b6e7-9404-4b99-bb65-c70255abe1ed [39m[32m200[39m [90m33 ms - 1133[39m
[35m[HTTP][39m [90m[39m
[35m[HTTP][39m [37m-->[39m [37mGET[39m [37m/wd/hub/session/a241b6e7-9404-4b99-bb65-c70255abe1ed[39m
[35m[HTTP][39m [90m{}[39m
[35m[HTTP][39m [37m<-- GET /wd/hub/session/a241b6e7-9404-4b99-bb65-c70255abe1ed [39m[32m200[39m [90m24 ms - 1133[39m
[35m[HTTP][39m [90m[39m
[35m[HTTP][39m [37m-->[39m [37mGET[39m [37m/wd/hub/session/a241b6e7-9404-4b99-bb65-c70255abe1ed[39m
[35m[HTTP][39m [90m{}[39m
[35m[HTTP][39m [37m<-- GET /wd/hub/session/a241b6e7-9404-4b99-bb65-c70255abe1ed [39m[32m200[39m [90m28 ms - 1133[39m
[35m[HTTP][39m [90m[39m
[35m[HTTP][39m [37m-->[39m [37mGET[39m [37m/wd/hub/session/a241b6e7-9404-4b99-bb65-c70255abe1ed[39m
[35m[HTTP][39m [90m{}[39m
[35m[HTTP][39m [37m<-- GET /wd/hub/session/a241b6e7-9404-4b99-bb65-c70255abe1ed [39m[32m200[39m [90m30 ms - 1133[39m
[35m[HTTP][39m [90m[39m
[35m[HTTP][39m [37m-->[39m [37mGET[39m [37m/wd/hub/session/a241b6e7-9404-4b99-bb65-c70255abe1ed/element/cd02e323-0402-46e7-ade8-c1d3def94a89/location[39m
[35m[HTTP][39m [90m{}[39m
[35m[W3C][39m Driver proxy active, passing request on via HTTP proxy
[35m[JSONWP Proxy][39m Replacing sessionId b21e5e0b-ea25-400f-96e2-d65e9fe1aba3 with a241b6e7-9404-4b99-bb65-c70255abe1ed
[35m[HTTP][39m [37m<-- GET /wd/hub/session/a241b6e7-9404-4b99-bb65-c70255abe1ed/element/cd02e323-0402-46e7-ade8-c1d3def94a89/location [39m[32m200[39m [90m47 ms - 89[39m
[35m[HTTP][39m [90m[39m
[35m[HTTP][39m [37m-->[39m [37mGET[39m [37m/wd/hub/session/a241b6e7-9404-4b99-bb65-c70255abe1ed/element/cd02e323-0402-46e7-ade8-c1d3def94a89/text[39m
[35m[HTTP][39m [90m{}[39m
[35m[W3C][39m Driver proxy active, passing request on via HTTP proxy
[35m[JSONWP Proxy][39m Replacing sessionId b21e5e0b-ea25-400f-96e2-d65e9fe1aba3 with a241b6e7-9404-4b99-bb65-c70255abe1ed
[35m[HTTP][39m [37m<-- GET /wd/hub/session/a241b6e7-9404-4b99-bb65-c70255abe1ed/element/cd02e323-0402-46e7-ade8-c1d3def94a89/text [39m[32m200[39m [90m55 ms - 104[39m
[35m[HTTP][39m [90m[39m
[35m[HTTP][39m [37m-->[39m [37mGET[39m [37m/wd/hub/session/a241b6e7-9404-4b99-bb65-c70255abe1ed/window/current/size[39m
[35m[HTTP][39m [90m{}[39m
[35m[W3C][39m Driver proxy active, passing request on via HTTP proxy
[35m[JSONWP Proxy][39m Replacing sessionId b21e5e0b-ea25-400f-96e2-d65e9fe1aba3 with a241b6e7-9404-4b99-bb65-c70255abe1ed
[35m[HTTP][39m [37m<-- GET /wd/hub/session/a241b6e7-9404-4b99-bb65-c70255abe1ed/window/current/size [39m[32m200[39m [90m63 ms - 100[39m
[35m[HTTP][39m [90m[39m
[35m[HTTP][39m [37m-->[39m [37mPOST[39m [37m/wd/hub/session/a241b6e7-9404-4b99-bb65-c70255abe1ed/elements[39m
[35m[HTTP][39m [90m{"using":"-android uiautomator","value":"new UiSelector().className(\"android.widget.ImageButton\").instance(0)"}[39m
[35m[HTTP][39m [37m<-- POST /wd/hub/session/a241b6e7-9404-4b99-bb65-c70255abe1ed/elements [39m[32m200[39m [90m546 ms - 124[39m
[35m[HTTP][39m [90m[39m
[35m[HTTP][39m [37m-->[39m [37mGET[39m [37m/wd/hub/session/a241b6e7-9404-4b99-bb65-c70255abe1ed[39m
[35m[HTTP][39m [90m{}[39m
[35m[HTTP][39m [37m<-- GET /wd/hub/session/a241b6e7-9404-4b99-bb65-c70255abe1ed [39m[32m200[39m [90m25 ms - 1133[39m
[35m[HTTP][39m [90m[39m
[35m[HTTP][39m [37m-->[39m [37mGET[39m [37m/wd/hub/session/a241b6e7-9404-4b99-bb65-c70255abe1ed[39m
[35m[HTTP][39m [90m{}[39m
[35m[HTTP][39m [37m<-- GET /wd/hub/session/a241b6e7-9404-4b99-bb65-c70255abe1ed [39m[32m200[39m [90m21 ms - 1133[39m
[35m[HTTP][39m [90m[39m
[35m[HTTP][39m [37m-->[39m [37mGET[39m [37m/wd/hub/session/a241b6e7-9404-4b99-bb65-c70255abe1ed[39m
[35m[HTTP][39m [90m{}[39m
[35m[HTTP][39m [37m<-- GET /wd/hub/session/a241b6e7-9404-4b99-bb65-c70255abe1ed [39m[32m200[39m [90m21 ms - 1133[39m
[35m[HTTP][39m [90m[39m
[35m[HTTP][39m [37m-->[39m [37mGET[39m [37m/wd/hub/session/a241b6e7-9404-4b99-bb65-c70255abe1ed[39m
[35m[HTTP][39m [90m{}[39m
[35m[HTTP][39m [37m<-- GET /wd/hub/session/a241b6e7-9404-4b99-bb65-c70255abe1ed [39m[32m200[39m [90m24 ms - 1133[39m
[35m[HTTP][39m [90m[39m
[35m[HTTP][39m [37m-->[39m [37mGET[39m [37m/wd/hub/session/a241b6e7-9404-4b99-bb65-c70255abe1ed/element/8449a7cf-4613-4dcd-81e2-3ca59f362d56/location[39m
[35m[HTTP][39m [90m{}[39m
[35m[W3C][39m Driver proxy active, passing request on via HTTP proxy
[35m[JSONWP Proxy][39m Replacing sessionId b21e5e0b-ea25-400f-96e2-d65e9fe1aba3 with a241b6e7-9404-4b99-bb65-c70255abe1ed
[35m[HTTP][39m [37m<-- GET /wd/hub/session/a241b6e7-9404-4b99-bb65-c70255abe1ed/element/8449a7cf-4613-4dcd-81e2-3ca59f362d56/location [39m[32m200[39m [90m52 ms - 86[39m
[35m[HTTP][39m [90m[39m
[35m[HTTP][39m [37m-->[39m [37mPOST[39m [37m/wd/hub/session/a241b6e7-9404-4b99-bb65-c70255abe1ed/touch/perform[39m
[35m[HTTP][39m [90m{"actions":[{"action":"tap","options":{"element":"8449a7cf-4613-4dcd-81e2-3ca59f362d56","x":1,"y":1}}]}[39m
[35m[UiAutomator2][39m calling get location: 8449a7cf-4613-4dcd-81e2-3ca59f362d56
[35m[HTTP][39m [37m<-- POST /wd/hub/session/a241b6e7-9404-4b99-bb65-c70255abe1ed/touch/perform [39m[32m200[39m [90m969 ms - 76[39m
[35m[HTTP][39m [90m[39m
[35m[HTTP][39m [37m-->[39m [37mDELETE[39m [37m/wd/hub/session/a241b6e7-9404-4b99-bb65-c70255abe1ed[39m
[35m[HTTP][39m [90m{}[39m
[35m[Appium][39m Removing session a241b6e7-9404-4b99-bb65-c70255abe1ed from our master session list
[35m[HTTP][39m [37m<-- DELETE /wd/hub/session/a241b6e7-9404-4b99-bb65-c70255abe1ed [39m[32m200[39m [90m276 ms - 76[39m
[35m[HTTP][39m [90m[39m
