[35m[Appium][39m Welcome to Appium v1.8.1
[35m[Appium][39m Non-default server args:
[35m[Appium][39m   port: 51047
[35m[Appium][39m   loglevel: info
[35m[Appium][39m   chromeDriverPort: 51048
[35m[Appium][39m   tmpDir: C:\Users\marco\AppData\Local\Temp\\Katalon\Appium\Temp1551190253455
[35m[Appium][39m Appium REST http interface listener started on 0.0.0.0:51047
[35m[HTTP][39m [37m-->[39m [37mGET[39m [37m/wd/hub/status[39m
[35m[HTTP][39m [90m{}[39m
[35m[HTTP][39m [37m<-- GET /wd/hub/status [39m[32m200[39m [90m51 ms - 83[39m
[35m[HTTP][39m [90m[39m
[35m[HTTP][39m [37m-->[39m [37mPOST[39m [37m/wd/hub/session[39m
[35m[HTTP][39m [90m{"desiredCapabilities":{"app":"C:\\Users\\MSA-testautomation\\59.apk","autoGrantPermissions":true,"automationName":"uiautomator2","deviceName":"samsung SM-G935F (Android 8.0.0)","fullReset":false,"newCommandTimeout":1800,"noReset":true,"platform":"ANDROID","platformName":"Android","udid":"9885f7504651473733"},"capabilities":{"desiredCapabilities":{"app":"C:\\Users\\MSA-testautomation\\59.apk","autoGrantPermissions":true,"automationName":"uiautomator2","deviceName":"samsung SM-G935F (Android 8.0.0)","fullReset":false,"newCommandTimeout":1800,"noReset":true,"platform":"ANDROID","platformName":"Android","udid":"9885f7504651473733"},"firstMatch":[{"platformName":"android"}]}}[39m
[35m[Appium][39m Could not parse W3C capabilities: 'deviceName' can't be blank. Falling back to JSONWP protocol.
[35m[Appium][39m The following capabilities were provided in the JSONWP desired capabilities that are missing in W3C capabilities: ["app","autoGrantPermissions","automationName","deviceName","fullReset","newCommandTimeout","noReset","platform","platformName","udid"]. Falling back to JSONWP protocol.
[35m[Appium][39m Creating new AndroidUiautomator2Driver (v1.12.0) session
[35m[Appium][39m Capabilities:
[35m[Appium][39m   app: C:\Users\MSA-testautomation\59.apk
[35m[Appium][39m   autoGrantPermissions: true
[35m[Appium][39m   automationName: uiautomator2
[35m[Appium][39m   deviceName: samsung SM-G935F (Android 8.0.0)
[35m[Appium][39m   fullReset: false
[35m[Appium][39m   newCommandTimeout: 1800
[35m[Appium][39m   noReset: true
[35m[Appium][39m   platform: ANDROID
[35m[Appium][39m   platformName: Android
[35m[Appium][39m   udid: 9885f7504651473733
[35m[BaseDriver][39m The following capabilities were provided, but are not recognized by appium: platform.
[35m[BaseDriver][39m Session created with session id: 73dac9ac-68f7-4dbf-956d-f48bf883f765
[35m[BaseDriver][39m Using local app 'C:\Users\MSA-testautomation\59.apk'
[35m[AndroidDriver][39m Java version is: 1.8.0_181
[35m[ADB][39m Checking whether adb is present
[35m[ADB][39m Found 1 'build-tools' folders under 'C:\Users\marco\.katalon\tools\android_sdk' (newest first):
[35m[ADB][39m     C:/Users/marco/.katalon/tools/android_sdk/build-tools/28.0.3
[35m[ADB][39m Using adb.exe from C:\Users\marco\.katalon\tools\android_sdk\platform-tools\adb.exe
[35m[AndroidDriver][39m Retrieving device list
[35m[AndroidDriver][39m Using device: 9885f7504651473733
[35m[ADB][39m Using the alternative activity name detection method because of: Could not find apkanalyzer.bat in C:\Users\marco\.katalon\tools\android_sdk\platform-tools\apkanalyzer.bat,C:\Users\marco\.katalon\tools\android_sdk\emulator\apkanalyzer.bat,C:\Users\marco\.katalon\tools\android_sdk\tools\apkanalyzer.bat,C:\Users\marco\.katalon\tools\android_sdk\tools\bin\apkanalyzer.bat,C:\Users\marco\.katalon\tools\android_sdk\build-tools\28.0.3\apkanalyzer.bat. Do you have the Android SDK installed at 'C:\Users\marco\.katalon\tools\android_sdk'?
[35m[ADB][39m Checking whether aapt is present
[35m[ADB][39m Using aapt.exe from C:\Users\marco\.katalon\tools\android_sdk\build-tools\28.0.3\aapt.exe
[35m[ADB][39m Extracting package and launch activity from manifest
[35m[ADB][39m Package name: 'it.sky.msa'
[35m[ADB][39m Main activity name: 'it.sky.msa.welcome.SplashActivity'
[35m[ADB][39m Getting device platform version
[35m[ADB][39m Using apksigner.bat from C:\Users\marco\.katalon\tools\android_sdk\build-tools\28.0.3\apksigner.bat
[35m[ADB][39m Checking whether zipalign is present
[35m[ADB][39m Using zipalign.exe from C:\Users\marco\.katalon\tools\android_sdk\build-tools\28.0.3\zipalign.exe
[35m[ADB][39m io.appium.uiautomator2.server was successfully uninstalled
[35m[ADB][39m io.appium.uiautomator2.server.test was successfully uninstalled
[35m[AndroidDriver][39m setDeviceLanguageCountry requires language or country.
[35m[AndroidDriver][39m Got language: 'null' and country: 'null'
[35m[ADB][39m Successfully extracted 218 strings from 'C:\Users\MSA-testautomation\59.apk' resources for '(default)' configuration
[35m[UiAutomator2][39m Starting uiautomator2 server 1.12.0
[35m[UiAutomator2][39m Using UIAutomator2 server from 'C:\Users\marco\AppData\Roaming\npm\node_modules\appium\node_modules\appium-uiautomator2-server\apks\appium-uiautomator2-server-v1.12.0.apk' and test from 'C:\Users\marco\AppData\Roaming\npm\node_modules\appium\node_modules\appium-uiautomator2-server\apks\appium-uiautomator2-server-debug-androidTest.apk'
[35m[UiAutomator2][39m Running command: 'adb -s 9885f7504651473733 shell am instrument -w io.appium.uiautomator2.server.test/android.support.test.runner.AndroidJUnitRunner'
[35m[UiAutomator2][39m Waiting up to 20000ms for UiAutomator2 to be online...
[35m[AndroidDriver][39m Screen already unlocked, doing nothing
[35m[UiAutomator2][39m UiAutomator2 did not start the activity we were waiting for, 'it.sky.msa/it.sky.msa.welcome.SplashActivity'. Starting it ourselves
[35m[Appium][39m New AndroidUiautomator2Driver session created successfully, session 73dac9ac-68f7-4dbf-956d-f48bf883f765 added to master session list
[35m[HTTP][39m [37m<-- POST /wd/hub/session [39m[32m200[39m [90m21994 ms - 1133[39m
[35m[HTTP][39m [90m[39m
[35m[HTTP][39m [37m-->[39m [37mGET[39m [37m/wd/hub/status[39m
[35m[HTTP][39m [90m{}[39m
[35m[HTTP][39m [37m<-- GET /wd/hub/status [39m[32m200[39m [90m57 ms - 55[39m
[35m[HTTP][39m [90m[39m
[35m[HTTP][39m [37m-->[39m [37mPOST[39m [37m/wd/hub/session/73dac9ac-68f7-4dbf-956d-f48bf883f765/timeouts[39m
[35m[HTTP][39m [90m{"type":"implicit","ms":30000}[39m
[35m[HTTP][39m [37m<-- POST /wd/hub/session/73dac9ac-68f7-4dbf-956d-f48bf883f765/timeouts [39m[33m400[39m [90m24 ms - 5204[39m
[35m[HTTP][39m [90m[39m
[35m[HTTP][39m [37m-->[39m [37mGET[39m [37m/wd/hub/session/73dac9ac-68f7-4dbf-956d-f48bf883f765/window/current/size[39m
[35m[HTTP][39m [90m{}[39m
[35m[W3C][39m Driver proxy active, passing request on via HTTP proxy
[35m[JSONWP Proxy][39m Replacing sessionId 44215740-a355-4520-a4af-e7afe5395f0d with 73dac9ac-68f7-4dbf-956d-f48bf883f765
[35m[HTTP][39m [37m<-- GET /wd/hub/session/73dac9ac-68f7-4dbf-956d-f48bf883f765/window/current/size [39m[32m200[39m [90m76 ms - 100[39m
[35m[HTTP][39m [90m[39m
[35m[HTTP][39m [37m-->[39m [37mPOST[39m [37m/wd/hub/session/73dac9ac-68f7-4dbf-956d-f48bf883f765/elements[39m
[35m[HTTP][39m [90m{"using":"-android uiautomator","value":"new UiSelector().className(\"android.widget.TextView\").text(\"Guida TV\").resourceId(\"it.sky.msa:id/title\").instance(5)"}[39m
[35m[HTTP][39m [37m<-- POST /wd/hub/session/73dac9ac-68f7-4dbf-956d-f48bf883f765/elements [39m[32m200[39m [90m96 ms - 74[39m
[35m[HTTP][39m [90m[39m
[35m[HTTP][39m [37m-->[39m [37mPOST[39m [37m/wd/hub/session/73dac9ac-68f7-4dbf-956d-f48bf883f765/elements[39m
[35m[HTTP][39m [90m{"using":"-android uiautomator","value":"new UiSelector().className(\"android.widget.TextView\").text(\"Guida TV\").resourceId(\"it.sky.msa:id/title\").instance(5)"}[39m
[35m[HTTP][39m [37m<-- POST /wd/hub/session/73dac9ac-68f7-4dbf-956d-f48bf883f765/elements [39m[32m200[39m [90m77 ms - 74[39m
[35m[HTTP][39m [90m[39m
[35m[HTTP][39m [37m-->[39m [37mPOST[39m [37m/wd/hub/session/73dac9ac-68f7-4dbf-956d-f48bf883f765/elements[39m
[35m[HTTP][39m [90m{"using":"-android uiautomator","value":"new UiSelector().className(\"android.widget.TextView\").text(\"Guida TV\").resourceId(\"it.sky.msa:id/title\").instance(5)"}[39m
[35m[HTTP][39m [37m<-- POST /wd/hub/session/73dac9ac-68f7-4dbf-956d-f48bf883f765/elements [39m[32m200[39m [90m68 ms - 74[39m
[35m[HTTP][39m [90m[39m
[35m[HTTP][39m [37m-->[39m [37mPOST[39m [37m/wd/hub/session/73dac9ac-68f7-4dbf-956d-f48bf883f765/elements[39m
[35m[HTTP][39m [90m{"using":"-android uiautomator","value":"new UiSelector().className(\"android.widget.TextView\").text(\"Guida TV\").resourceId(\"it.sky.msa:id/title\").instance(5)"}[39m
[35m[HTTP][39m [37m<-- POST /wd/hub/session/73dac9ac-68f7-4dbf-956d-f48bf883f765/elements [39m[32m200[39m [90m58 ms - 74[39m
[35m[HTTP][39m [90m[39m
[35m[HTTP][39m [37m-->[39m [37mPOST[39m [37m/wd/hub/session/73dac9ac-68f7-4dbf-956d-f48bf883f765/elements[39m
[35m[HTTP][39m [90m{"using":"-android uiautomator","value":"new UiSelector().className(\"android.widget.TextView\").text(\"Guida TV\").resourceId(\"it.sky.msa:id/title\").instance(5)"}[39m
[35m[HTTP][39m [37m<-- POST /wd/hub/session/73dac9ac-68f7-4dbf-956d-f48bf883f765/elements [39m[32m200[39m [90m64 ms - 74[39m
[35m[HTTP][39m [90m[39m
[35m[HTTP][39m [37m-->[39m [37mPOST[39m [37m/wd/hub/session/73dac9ac-68f7-4dbf-956d-f48bf883f765/elements[39m
[35m[HTTP][39m [90m{"using":"-android uiautomator","value":"new UiSelector().className(\"android.widget.TextView\").text(\"Guida TV\").resourceId(\"it.sky.msa:id/title\").instance(5)"}[39m
[35m[HTTP][39m [37m<-- POST /wd/hub/session/73dac9ac-68f7-4dbf-956d-f48bf883f765/elements [39m[32m200[39m [90m66 ms - 74[39m
[35m[HTTP][39m [90m[39m
[35m[HTTP][39m [37m-->[39m [37mPOST[39m [37m/wd/hub/session/73dac9ac-68f7-4dbf-956d-f48bf883f765/elements[39m
[35m[HTTP][39m [90m{"using":"-android uiautomator","value":"new UiSelector().className(\"android.widget.TextView\").text(\"Guida TV\").resourceId(\"it.sky.msa:id/title\").instance(5)"}[39m
[35m[HTTP][39m [37m<-- POST /wd/hub/session/73dac9ac-68f7-4dbf-956d-f48bf883f765/elements [39m[32m200[39m [90m72 ms - 74[39m
[35m[HTTP][39m [90m[39m
[35m[HTTP][39m [37m-->[39m [37mPOST[39m [37m/wd/hub/session/73dac9ac-68f7-4dbf-956d-f48bf883f765/elements[39m
[35m[HTTP][39m [90m{"using":"-android uiautomator","value":"new UiSelector().className(\"android.widget.TextView\").text(\"Guida TV\").resourceId(\"it.sky.msa:id/title\").instance(5)"}[39m
[35m[HTTP][39m [37m<-- POST /wd/hub/session/73dac9ac-68f7-4dbf-956d-f48bf883f765/elements [39m[32m200[39m [90m64 ms - 74[39m
[35m[HTTP][39m [90m[39m
[35m[HTTP][39m [37m-->[39m [37mPOST[39m [37m/wd/hub/session/73dac9ac-68f7-4dbf-956d-f48bf883f765/elements[39m
[35m[HTTP][39m [90m{"using":"-android uiautomator","value":"new UiSelector().className(\"android.widget.TextView\").text(\"Guida TV\").resourceId(\"it.sky.msa:id/title\").instance(5)"}[39m
[35m[HTTP][39m [37m<-- POST /wd/hub/session/73dac9ac-68f7-4dbf-956d-f48bf883f765/elements [39m[32m200[39m [90m80 ms - 74[39m
[35m[HTTP][39m [90m[39m
[35m[HTTP][39m [37m-->[39m [37mPOST[39m [37m/wd/hub/session/73dac9ac-68f7-4dbf-956d-f48bf883f765/elements[39m
[35m[HTTP][39m [90m{"using":"-android uiautomator","value":"new UiSelector().className(\"android.widget.TextView\").text(\"Guida TV\").resourceId(\"it.sky.msa:id/title\").instance(5)"}[39m
[35m[HTTP][39m [37m<-- POST /wd/hub/session/73dac9ac-68f7-4dbf-956d-f48bf883f765/elements [39m[32m200[39m [90m70 ms - 74[39m
[35m[HTTP][39m [90m[39m
[35m[HTTP][39m [37m-->[39m [37mPOST[39m [37m/wd/hub/session/73dac9ac-68f7-4dbf-956d-f48bf883f765/elements[39m
[35m[HTTP][39m [90m{"using":"-android uiautomator","value":"new UiSelector().className(\"android.widget.TextView\").text(\"Guida TV\").resourceId(\"it.sky.msa:id/title\").instance(5)"}[39m
[35m[HTTP][39m [37m<-- POST /wd/hub/session/73dac9ac-68f7-4dbf-956d-f48bf883f765/elements [39m[32m200[39m [90m78 ms - 74[39m
[35m[HTTP][39m [90m[39m
[35m[HTTP][39m [37m-->[39m [37mPOST[39m [37m/wd/hub/session/73dac9ac-68f7-4dbf-956d-f48bf883f765/elements[39m
[35m[HTTP][39m [90m{"using":"-android uiautomator","value":"new UiSelector().className(\"android.widget.TextView\").text(\"Guida TV\").resourceId(\"it.sky.msa:id/title\").instance(5)"}[39m
[35m[HTTP][39m [37m<-- POST /wd/hub/session/73dac9ac-68f7-4dbf-956d-f48bf883f765/elements [39m[32m200[39m [90m110 ms - 74[39m
[35m[HTTP][39m [90m[39m
[35m[HTTP][39m [37m-->[39m [37mPOST[39m [37m/wd/hub/session/73dac9ac-68f7-4dbf-956d-f48bf883f765/elements[39m
[35m[HTTP][39m [90m{"using":"-android uiautomator","value":"new UiSelector().className(\"android.widget.TextView\").text(\"Guida TV\").resourceId(\"it.sky.msa:id/title\").instance(5)"}[39m
[35m[HTTP][39m [37m<-- POST /wd/hub/session/73dac9ac-68f7-4dbf-956d-f48bf883f765/elements [39m[32m200[39m [90m79 ms - 74[39m
[35m[HTTP][39m [90m[39m
[35m[HTTP][39m [37m-->[39m [37mPOST[39m [37m/wd/hub/session/73dac9ac-68f7-4dbf-956d-f48bf883f765/elements[39m
[35m[HTTP][39m [90m{"using":"-android uiautomator","value":"new UiSelector().className(\"android.widget.TextView\").text(\"Guida TV\").resourceId(\"it.sky.msa:id/title\").instance(5)"}[39m
[35m[HTTP][39m [37m<-- POST /wd/hub/session/73dac9ac-68f7-4dbf-956d-f48bf883f765/elements [39m[32m200[39m [90m77 ms - 74[39m
[35m[HTTP][39m [90m[39m
[35m[HTTP][39m [37m-->[39m [37mPOST[39m [37m/wd/hub/session/73dac9ac-68f7-4dbf-956d-f48bf883f765/elements[39m
[35m[HTTP][39m [90m{"using":"-android uiautomator","value":"new UiSelector().className(\"android.widget.TextView\").text(\"Guida TV\").resourceId(\"it.sky.msa:id/title\").instance(5)"}[39m
[35m[HTTP][39m [37m<-- POST /wd/hub/session/73dac9ac-68f7-4dbf-956d-f48bf883f765/elements [39m[32m200[39m [90m74 ms - 74[39m
[35m[HTTP][39m [90m[39m
[35m[HTTP][39m [37m-->[39m [37mPOST[39m [37m/wd/hub/session/73dac9ac-68f7-4dbf-956d-f48bf883f765/elements[39m
[35m[HTTP][39m [90m{"using":"-android uiautomator","value":"new UiSelector().className(\"android.widget.TextView\").text(\"Guida TV\").resourceId(\"it.sky.msa:id/title\").instance(5)"}[39m
[35m[HTTP][39m [37m<-- POST /wd/hub/session/73dac9ac-68f7-4dbf-956d-f48bf883f765/elements [39m[32m200[39m [90m76 ms - 74[39m
[35m[HTTP][39m [90m[39m
[35m[HTTP][39m [37m-->[39m [37mPOST[39m [37m/wd/hub/session/73dac9ac-68f7-4dbf-956d-f48bf883f765/elements[39m
[35m[HTTP][39m [90m{"using":"-android uiautomator","value":"new UiSelector().className(\"android.widget.TextView\").text(\"Guida TV\").resourceId(\"it.sky.msa:id/title\").instance(5)"}[39m
[35m[HTTP][39m [37m<-- POST /wd/hub/session/73dac9ac-68f7-4dbf-956d-f48bf883f765/elements [39m[32m200[39m [90m70 ms - 74[39m
[35m[HTTP][39m [90m[39m
[35m[HTTP][39m [37m-->[39m [37mPOST[39m [37m/wd/hub/session/73dac9ac-68f7-4dbf-956d-f48bf883f765/elements[39m
[35m[HTTP][39m [90m{"using":"-android uiautomator","value":"new UiSelector().className(\"android.widget.TextView\").text(\"Guida TV\").resourceId(\"it.sky.msa:id/title\").instance(5)"}[39m
[35m[HTTP][39m [37m<-- POST /wd/hub/session/73dac9ac-68f7-4dbf-956d-f48bf883f765/elements [39m[32m200[39m [90m63 ms - 74[39m
[35m[HTTP][39m [90m[39m
[35m[HTTP][39m [37m-->[39m [37mPOST[39m [37m/wd/hub/session/73dac9ac-68f7-4dbf-956d-f48bf883f765/elements[39m
[35m[HTTP][39m [90m{"using":"-android uiautomator","value":"new UiSelector().className(\"android.widget.TextView\").text(\"Guida TV\").resourceId(\"it.sky.msa:id/title\").instance(5)"}[39m
[35m[HTTP][39m [37m<-- POST /wd/hub/session/73dac9ac-68f7-4dbf-956d-f48bf883f765/elements [39m[32m200[39m [90m71 ms - 74[39m
[35m[HTTP][39m [90m[39m
[35m[HTTP][39m [37m-->[39m [37mPOST[39m [37m/wd/hub/session/73dac9ac-68f7-4dbf-956d-f48bf883f765/elements[39m
[35m[HTTP][39m [90m{"using":"-android uiautomator","value":"new UiSelector().className(\"android.widget.TextView\").text(\"Guida TV\").resourceId(\"it.sky.msa:id/title\").instance(5)"}[39m
[35m[HTTP][39m [37m<-- POST /wd/hub/session/73dac9ac-68f7-4dbf-956d-f48bf883f765/elements [39m[32m200[39m [90m70 ms - 74[39m
[35m[HTTP][39m [90m[39m
[35m[HTTP][39m [37m-->[39m [37mPOST[39m [37m/wd/hub/session/73dac9ac-68f7-4dbf-956d-f48bf883f765/elements[39m
[35m[HTTP][39m [90m{"using":"-android uiautomator","value":"new UiSelector().className(\"android.widget.TextView\").text(\"Guida TV\").resourceId(\"it.sky.msa:id/title\").instance(5)"}[39m
[35m[HTTP][39m [37m<-- POST /wd/hub/session/73dac9ac-68f7-4dbf-956d-f48bf883f765/elements [39m[32m200[39m [90m64 ms - 74[39m
[35m[HTTP][39m [90m[39m
[35m[HTTP][39m [37m-->[39m [37mPOST[39m [37m/wd/hub/session/73dac9ac-68f7-4dbf-956d-f48bf883f765/elements[39m
[35m[HTTP][39m [90m{"using":"-android uiautomator","value":"new UiSelector().className(\"android.widget.TextView\").text(\"Guida TV\").resourceId(\"it.sky.msa:id/title\").instance(5)"}[39m
[35m[HTTP][39m [37m<-- POST /wd/hub/session/73dac9ac-68f7-4dbf-956d-f48bf883f765/elements [39m[32m200[39m [90m65 ms - 74[39m
[35m[HTTP][39m [90m[39m
[35m[HTTP][39m [37m-->[39m [37mPOST[39m [37m/wd/hub/session/73dac9ac-68f7-4dbf-956d-f48bf883f765/elements[39m
[35m[HTTP][39m [90m{"using":"-android uiautomator","value":"new UiSelector().className(\"android.widget.TextView\").text(\"Guida TV\").resourceId(\"it.sky.msa:id/title\").instance(5)"}[39m
[35m[HTTP][39m [37m<-- POST /wd/hub/session/73dac9ac-68f7-4dbf-956d-f48bf883f765/elements [39m[32m200[39m [90m68 ms - 74[39m
[35m[HTTP][39m [90m[39m
[35m[HTTP][39m [37m-->[39m [37mPOST[39m [37m/wd/hub/session/73dac9ac-68f7-4dbf-956d-f48bf883f765/elements[39m
[35m[HTTP][39m [90m{"using":"-android uiautomator","value":"new UiSelector().className(\"android.widget.TextView\").text(\"Guida TV\").resourceId(\"it.sky.msa:id/title\").instance(5)"}[39m
[35m[HTTP][39m [37m<-- POST /wd/hub/session/73dac9ac-68f7-4dbf-956d-f48bf883f765/elements [39m[32m200[39m [90m106 ms - 74[39m
[35m[HTTP][39m [90m[39m
[35m[HTTP][39m [37m-->[39m [37mPOST[39m [37m/wd/hub/session/73dac9ac-68f7-4dbf-956d-f48bf883f765/elements[39m
[35m[HTTP][39m [90m{"using":"-android uiautomator","value":"new UiSelector().className(\"android.widget.TextView\").text(\"Guida TV\").resourceId(\"it.sky.msa:id/title\").instance(5)"}[39m
[35m[HTTP][39m [37m<-- POST /wd/hub/session/73dac9ac-68f7-4dbf-956d-f48bf883f765/elements [39m[32m200[39m [90m81 ms - 74[39m
[35m[HTTP][39m [90m[39m
[35m[HTTP][39m [37m-->[39m [37mPOST[39m [37m/wd/hub/session/73dac9ac-68f7-4dbf-956d-f48bf883f765/elements[39m
[35m[HTTP][39m [90m{"using":"-android uiautomator","value":"new UiSelector().className(\"android.widget.TextView\").text(\"Guida TV\").resourceId(\"it.sky.msa:id/title\").instance(5)"}[39m
[35m[HTTP][39m [37m<-- POST /wd/hub/session/73dac9ac-68f7-4dbf-956d-f48bf883f765/elements [39m[32m200[39m [90m72 ms - 74[39m
[35m[HTTP][39m [90m[39m
[35m[HTTP][39m [37m-->[39m [37mPOST[39m [37m/wd/hub/session/73dac9ac-68f7-4dbf-956d-f48bf883f765/elements[39m
[35m[HTTP][39m [90m{"using":"-android uiautomator","value":"new UiSelector().className(\"android.widget.TextView\").text(\"Guida TV\").resourceId(\"it.sky.msa:id/title\").instance(5)"}[39m
[35m[HTTP][39m [37m<-- POST /wd/hub/session/73dac9ac-68f7-4dbf-956d-f48bf883f765/elements [39m[32m200[39m [90m228 ms - 74[39m
[35m[HTTP][39m [90m[39m
[35m[HTTP][39m [37m-->[39m [37mPOST[39m [37m/wd/hub/session/73dac9ac-68f7-4dbf-956d-f48bf883f765/elements[39m
[35m[HTTP][39m [90m{"using":"-android uiautomator","value":"new UiSelector().className(\"android.widget.TextView\").text(\"Guida TV\").resourceId(\"it.sky.msa:id/title\").instance(5)"}[39m
[35m[HTTP][39m [37m<-- POST /wd/hub/session/73dac9ac-68f7-4dbf-956d-f48bf883f765/elements [39m[32m200[39m [90m752 ms - 124[39m
[35m[HTTP][39m [90m[39m
[35m[HTTP][39m [37m-->[39m [37mGET[39m [37m/wd/hub/session/73dac9ac-68f7-4dbf-956d-f48bf883f765[39m
[35m[HTTP][39m [90m{}[39m
[35m[HTTP][39m [37m<-- GET /wd/hub/session/73dac9ac-68f7-4dbf-956d-f48bf883f765 [39m[32m200[39m [90m38 ms - 1133[39m
[35m[HTTP][39m [90m[39m
[35m[HTTP][39m [37m-->[39m [37mGET[39m [37m/wd/hub/session/73dac9ac-68f7-4dbf-956d-f48bf883f765[39m
[35m[HTTP][39m [90m{}[39m
[35m[HTTP][39m [37m<-- GET /wd/hub/session/73dac9ac-68f7-4dbf-956d-f48bf883f765 [39m[32m200[39m [90m32 ms - 1133[39m
[35m[HTTP][39m [90m[39m
[35m[HTTP][39m [37m-->[39m [37mGET[39m [37m/wd/hub/session/73dac9ac-68f7-4dbf-956d-f48bf883f765[39m
[35m[HTTP][39m [90m{}[39m
[35m[HTTP][39m [37m<-- GET /wd/hub/session/73dac9ac-68f7-4dbf-956d-f48bf883f765 [39m[32m200[39m [90m27 ms - 1133[39m
[35m[HTTP][39m [90m[39m
[35m[HTTP][39m [37m-->[39m [37mGET[39m [37m/wd/hub/session/73dac9ac-68f7-4dbf-956d-f48bf883f765[39m
[35m[HTTP][39m [90m{}[39m
[35m[HTTP][39m [37m<-- GET /wd/hub/session/73dac9ac-68f7-4dbf-956d-f48bf883f765 [39m[32m200[39m [90m29 ms - 1133[39m
[35m[HTTP][39m [90m[39m
[35m[HTTP][39m [37m-->[39m [37mGET[39m [37m/wd/hub/session/73dac9ac-68f7-4dbf-956d-f48bf883f765/element/9f1b73d4-7b4b-4627-8f95-ffbf19237681/location[39m
[35m[HTTP][39m [90m{}[39m
[35m[W3C][39m Driver proxy active, passing request on via HTTP proxy
[35m[JSONWP Proxy][39m Replacing sessionId 44215740-a355-4520-a4af-e7afe5395f0d with 73dac9ac-68f7-4dbf-956d-f48bf883f765
[35m[HTTP][39m [37m<-- GET /wd/hub/session/73dac9ac-68f7-4dbf-956d-f48bf883f765/element/9f1b73d4-7b4b-4627-8f95-ffbf19237681/location [39m[32m200[39m [90m66 ms - 90[39m
[35m[HTTP][39m [90m[39m
[35m[HTTP][39m [37m-->[39m [37mPOST[39m [37m/wd/hub/session/73dac9ac-68f7-4dbf-956d-f48bf883f765/touch/perform[39m
[35m[HTTP][39m [90m{"actions":[{"action":"tap","options":{"element":"9f1b73d4-7b4b-4627-8f95-ffbf19237681","x":1,"y":1}}]}[39m
[35m[UiAutomator2][39m calling get location: 9f1b73d4-7b4b-4627-8f95-ffbf19237681
[35m[HTTP][39m [37m<-- POST /wd/hub/session/73dac9ac-68f7-4dbf-956d-f48bf883f765/touch/perform [39m[32m200[39m [90m1101 ms - 76[39m
[35m[HTTP][39m [90m[39m
[35m[HTTP][39m [37m-->[39m [37mGET[39m [37m/wd/hub/session/73dac9ac-68f7-4dbf-956d-f48bf883f765/window/current/size[39m
[35m[HTTP][39m [90m{}[39m
[35m[W3C][39m Driver proxy active, passing request on via HTTP proxy
[35m[JSONWP Proxy][39m Replacing sessionId 44215740-a355-4520-a4af-e7afe5395f0d with 73dac9ac-68f7-4dbf-956d-f48bf883f765
[35m[HTTP][39m [37m<-- GET /wd/hub/session/73dac9ac-68f7-4dbf-956d-f48bf883f765/window/current/size [39m[32m200[39m [90m37 ms - 100[39m
[35m[HTTP][39m [90m[39m
[35m[HTTP][39m [37m-->[39m [37mPOST[39m [37m/wd/hub/session/73dac9ac-68f7-4dbf-956d-f48bf883f765/elements[39m
[35m[HTTP][39m [90m{"using":"-android uiautomator","value":"new UiSelector().className(\"android.widget.TextView\").text(\"GUIDA TV\").resourceId(\"it.sky.msa:id/headerTitle\").instance(0)"}[39m
[35m[HTTP][39m [37m<-- POST /wd/hub/session/73dac9ac-68f7-4dbf-956d-f48bf883f765/elements [39m[32m200[39m [90m506 ms - 124[39m
[35m[HTTP][39m [90m[39m
[35m[HTTP][39m [37m-->[39m [37mGET[39m [37m/wd/hub/session/73dac9ac-68f7-4dbf-956d-f48bf883f765[39m
[35m[HTTP][39m [90m{}[39m
[35m[HTTP][39m [37m<-- GET /wd/hub/session/73dac9ac-68f7-4dbf-956d-f48bf883f765 [39m[32m200[39m [90m43 ms - 1133[39m
[35m[HTTP][39m [90m[39m
[35m[HTTP][39m [37m-->[39m [37mGET[39m [37m/wd/hub/session/73dac9ac-68f7-4dbf-956d-f48bf883f765[39m
[35m[HTTP][39m [90m{}[39m
[35m[HTTP][39m [37m<-- GET /wd/hub/session/73dac9ac-68f7-4dbf-956d-f48bf883f765 [39m[32m200[39m [90m45 ms - 1133[39m
[35m[HTTP][39m [90m[39m
[35m[HTTP][39m [37m-->[39m [37mGET[39m [37m/wd/hub/session/73dac9ac-68f7-4dbf-956d-f48bf883f765[39m
[35m[HTTP][39m [90m{}[39m
[35m[HTTP][39m [37m<-- GET /wd/hub/session/73dac9ac-68f7-4dbf-956d-f48bf883f765 [39m[32m200[39m [90m39 ms - 1133[39m
[35m[HTTP][39m [90m[39m
[35m[HTTP][39m [37m-->[39m [37mGET[39m [37m/wd/hub/session/73dac9ac-68f7-4dbf-956d-f48bf883f765[39m
[35m[HTTP][39m [90m{}[39m
[35m[HTTP][39m [37m<-- GET /wd/hub/session/73dac9ac-68f7-4dbf-956d-f48bf883f765 [39m[32m200[39m [90m30 ms - 1133[39m
[35m[HTTP][39m [90m[39m
[35m[HTTP][39m [37m-->[39m [37mGET[39m [37m/wd/hub/session/73dac9ac-68f7-4dbf-956d-f48bf883f765/element/234a873f-905e-42ae-997d-1d1cb70bbb9b/location[39m
[35m[HTTP][39m [90m{}[39m
[35m[W3C][39m Driver proxy active, passing request on via HTTP proxy
[35m[JSONWP Proxy][39m Replacing sessionId 44215740-a355-4520-a4af-e7afe5395f0d with 73dac9ac-68f7-4dbf-956d-f48bf883f765
[35m[HTTP][39m [37m<-- GET /wd/hub/session/73dac9ac-68f7-4dbf-956d-f48bf883f765/element/234a873f-905e-42ae-997d-1d1cb70bbb9b/location [39m[32m200[39m [90m785 ms - 88[39m
[35m[HTTP][39m [90m[39m
[35m[HTTP][39m [37m-->[39m [37mGET[39m [37m/wd/hub/session/73dac9ac-68f7-4dbf-956d-f48bf883f765/window/current/size[39m
[35m[HTTP][39m [90m{}[39m
[35m[W3C][39m Driver proxy active, passing request on via HTTP proxy
[35m[JSONWP Proxy][39m Replacing sessionId 44215740-a355-4520-a4af-e7afe5395f0d with 73dac9ac-68f7-4dbf-956d-f48bf883f765
[35m[HTTP][39m [37m<-- GET /wd/hub/session/73dac9ac-68f7-4dbf-956d-f48bf883f765/window/current/size [39m[32m200[39m [90m39 ms - 100[39m
[35m[HTTP][39m [90m[39m
[35m[HTTP][39m [37m-->[39m [37mPOST[39m [37m/wd/hub/session/73dac9ac-68f7-4dbf-956d-f48bf883f765/elements[39m
[35m[HTTP][39m [90m{"using":"-android uiautomator","value":"new UiSelector().className(\"android.widget.ImageView\").resourceId(\"it.sky.msa:id/heroImageImageView\").instance(0)"}[39m
[35m[HTTP][39m [37m<-- POST /wd/hub/session/73dac9ac-68f7-4dbf-956d-f48bf883f765/elements [39m[32m200[39m [90m161 ms - 124[39m
[35m[HTTP][39m [90m[39m
[35m[HTTP][39m [37m-->[39m [37mGET[39m [37m/wd/hub/session/73dac9ac-68f7-4dbf-956d-f48bf883f765[39m
[35m[HTTP][39m [90m{}[39m
[35m[HTTP][39m [37m<-- GET /wd/hub/session/73dac9ac-68f7-4dbf-956d-f48bf883f765 [39m[32m200[39m [90m30 ms - 1133[39m
[35m[HTTP][39m [90m[39m
[35m[HTTP][39m [37m-->[39m [37mGET[39m [37m/wd/hub/session/73dac9ac-68f7-4dbf-956d-f48bf883f765[39m
[35m[HTTP][39m [90m{}[39m
[35m[HTTP][39m [37m<-- GET /wd/hub/session/73dac9ac-68f7-4dbf-956d-f48bf883f765 [39m[32m200[39m [90m30 ms - 1133[39m
[35m[HTTP][39m [90m[39m
[35m[HTTP][39m [37m-->[39m [37mGET[39m [37m/wd/hub/session/73dac9ac-68f7-4dbf-956d-f48bf883f765[39m
[35m[HTTP][39m [90m{}[39m
[35m[HTTP][39m [37m<-- GET /wd/hub/session/73dac9ac-68f7-4dbf-956d-f48bf883f765 [39m[32m200[39m [90m32 ms - 1133[39m
[35m[HTTP][39m [90m[39m
[35m[HTTP][39m [37m-->[39m [37mGET[39m [37m/wd/hub/session/73dac9ac-68f7-4dbf-956d-f48bf883f765[39m
[35m[HTTP][39m [90m{}[39m
[35m[HTTP][39m [37m<-- GET /wd/hub/session/73dac9ac-68f7-4dbf-956d-f48bf883f765 [39m[32m200[39m [90m32 ms - 1133[39m
[35m[HTTP][39m [90m[39m
[35m[HTTP][39m [37m-->[39m [37mGET[39m [37m/wd/hub/session/73dac9ac-68f7-4dbf-956d-f48bf883f765/element/94179115-667b-4515-9071-ab566efc0242/location[39m
[35m[HTTP][39m [90m{}[39m
[35m[W3C][39m Driver proxy active, passing request on via HTTP proxy
[35m[JSONWP Proxy][39m Replacing sessionId 44215740-a355-4520-a4af-e7afe5395f0d with 73dac9ac-68f7-4dbf-956d-f48bf883f765
[35m[HTTP][39m [37m<-- GET /wd/hub/session/73dac9ac-68f7-4dbf-956d-f48bf883f765/element/94179115-667b-4515-9071-ab566efc0242/location [39m[32m200[39m [90m67 ms - 87[39m
[35m[HTTP][39m [90m[39m
[35m[HTTP][39m [37m-->[39m [37mGET[39m [37m/wd/hub/session/73dac9ac-68f7-4dbf-956d-f48bf883f765/element/94179115-667b-4515-9071-ab566efc0242/attribute/resourceId[39m
[35m[HTTP][39m [90m{}[39m
[35m[HTTP][39m [37m<-- GET /wd/hub/session/73dac9ac-68f7-4dbf-956d-f48bf883f765/element/94179115-667b-4515-9071-ab566efc0242/attribute/resourceId [39m[32m200[39m [90m60 ms - 106[39m
[35m[HTTP][39m [90m[39m
[35m[HTTP][39m [37m-->[39m [37mGET[39m [37m/wd/hub/session/73dac9ac-68f7-4dbf-956d-f48bf883f765/window/current/size[39m
[35m[HTTP][39m [90m{}[39m
[35m[W3C][39m Driver proxy active, passing request on via HTTP proxy
[35m[JSONWP Proxy][39m Replacing sessionId 44215740-a355-4520-a4af-e7afe5395f0d with 73dac9ac-68f7-4dbf-956d-f48bf883f765
[35m[HTTP][39m [37m<-- GET /wd/hub/session/73dac9ac-68f7-4dbf-956d-f48bf883f765/window/current/size [39m[32m200[39m [90m34 ms - 100[39m
[35m[HTTP][39m [90m[39m
[35m[HTTP][39m [37m-->[39m [37mPOST[39m [37m/wd/hub/session/73dac9ac-68f7-4dbf-956d-f48bf883f765/elements[39m
[35m[HTTP][39m [90m{"using":"-android uiautomator","value":"new UiSelector().className(\"android.widget.TextView\").text(\"IN EVIDENZA\").resourceId(\"it.sky.msa:id/heroPromoTextView\").instance(6)"}[39m
[35m[HTTP][39m [37m<-- POST /wd/hub/session/73dac9ac-68f7-4dbf-956d-f48bf883f765/elements [39m[32m200[39m [90m120 ms - 124[39m
[35m[HTTP][39m [90m[39m
[35m[HTTP][39m [37m-->[39m [37mGET[39m [37m/wd/hub/session/73dac9ac-68f7-4dbf-956d-f48bf883f765[39m
[35m[HTTP][39m [90m{}[39m
[35m[HTTP][39m [37m<-- GET /wd/hub/session/73dac9ac-68f7-4dbf-956d-f48bf883f765 [39m[32m200[39m [90m25 ms - 1133[39m
[35m[HTTP][39m [90m[39m
[35m[HTTP][39m [37m-->[39m [37mGET[39m [37m/wd/hub/session/73dac9ac-68f7-4dbf-956d-f48bf883f765[39m
[35m[HTTP][39m [90m{}[39m
[35m[HTTP][39m [37m<-- GET /wd/hub/session/73dac9ac-68f7-4dbf-956d-f48bf883f765 [39m[32m200[39m [90m28 ms - 1133[39m
[35m[HTTP][39m [90m[39m
[35m[HTTP][39m [37m-->[39m [37mGET[39m [37m/wd/hub/session/73dac9ac-68f7-4dbf-956d-f48bf883f765[39m
[35m[HTTP][39m [90m{}[39m
[35m[HTTP][39m [37m<-- GET /wd/hub/session/73dac9ac-68f7-4dbf-956d-f48bf883f765 [39m[32m200[39m [90m28 ms - 1133[39m
[35m[HTTP][39m [90m[39m
[35m[HTTP][39m [37m-->[39m [37mGET[39m [37m/wd/hub/session/73dac9ac-68f7-4dbf-956d-f48bf883f765[39m
[35m[HTTP][39m [90m{}[39m
[35m[HTTP][39m [37m<-- GET /wd/hub/session/73dac9ac-68f7-4dbf-956d-f48bf883f765 [39m[32m200[39m [90m36 ms - 1133[39m
[35m[HTTP][39m [90m[39m
[35m[HTTP][39m [37m-->[39m [37mGET[39m [37m/wd/hub/session/73dac9ac-68f7-4dbf-956d-f48bf883f765/element/fe1c8aea-4d2c-488e-a035-b3d50b59e8ae/location[39m
[35m[HTTP][39m [90m{}[39m
[35m[W3C][39m Driver proxy active, passing request on via HTTP proxy
[35m[JSONWP Proxy][39m Replacing sessionId 44215740-a355-4520-a4af-e7afe5395f0d with 73dac9ac-68f7-4dbf-956d-f48bf883f765
[35m[HTTP][39m [37m<-- GET /wd/hub/session/73dac9ac-68f7-4dbf-956d-f48bf883f765/element/fe1c8aea-4d2c-488e-a035-b3d50b59e8ae/location [39m[32m200[39m [90m67 ms - 88[39m
[35m[HTTP][39m [90m[39m
[35m[HTTP][39m [37m-->[39m [37mGET[39m [37m/wd/hub/session/73dac9ac-68f7-4dbf-956d-f48bf883f765/element/fe1c8aea-4d2c-488e-a035-b3d50b59e8ae/text[39m
[35m[HTTP][39m [90m{}[39m
[35m[W3C][39m Driver proxy active, passing request on via HTTP proxy
[35m[JSONWP Proxy][39m Replacing sessionId 44215740-a355-4520-a4af-e7afe5395f0d with 73dac9ac-68f7-4dbf-956d-f48bf883f765
[35m[HTTP][39m [37m<-- GET /wd/hub/session/73dac9ac-68f7-4dbf-956d-f48bf883f765/element/fe1c8aea-4d2c-488e-a035-b3d50b59e8ae/text [39m[32m200[39m [90m81 ms - 85[39m
[35m[HTTP][39m [90m[39m
[35m[HTTP][39m [37m-->[39m [37mGET[39m [37m/wd/hub/session/73dac9ac-68f7-4dbf-956d-f48bf883f765/window/current/size[39m
[35m[HTTP][39m [90m{}[39m
[35m[W3C][39m Driver proxy active, passing request on via HTTP proxy
[35m[JSONWP Proxy][39m Replacing sessionId 44215740-a355-4520-a4af-e7afe5395f0d with 73dac9ac-68f7-4dbf-956d-f48bf883f765
[35m[HTTP][39m [37m<-- GET /wd/hub/session/73dac9ac-68f7-4dbf-956d-f48bf883f765/window/current/size [39m[32m200[39m [90m77 ms - 100[39m
[35m[HTTP][39m [90m[39m
[35m[HTTP][39m [37m-->[39m [37mPOST[39m [37m/wd/hub/session/73dac9ac-68f7-4dbf-956d-f48bf883f765/elements[39m
[35m[HTTP][39m [90m{"using":"-android uiautomator","value":"new UiSelector().className(\"android.widget.TextView\").resourceId(\"it.sky.msa:id/heroTitleTextView\").instance(7)"}[39m
[35m[HTTP][39m [37m<-- POST /wd/hub/session/73dac9ac-68f7-4dbf-956d-f48bf883f765/elements [39m[32m200[39m [90m123 ms - 124[39m
[35m[HTTP][39m [90m[39m
[35m[HTTP][39m [37m-->[39m [37mGET[39m [37m/wd/hub/session/73dac9ac-68f7-4dbf-956d-f48bf883f765[39m
[35m[HTTP][39m [90m{}[39m
[35m[HTTP][39m [37m<-- GET /wd/hub/session/73dac9ac-68f7-4dbf-956d-f48bf883f765 [39m[32m200[39m [90m32 ms - 1133[39m
[35m[HTTP][39m [90m[39m
[35m[HTTP][39m [37m-->[39m [37mGET[39m [37m/wd/hub/session/73dac9ac-68f7-4dbf-956d-f48bf883f765[39m
[35m[HTTP][39m [90m{}[39m
[35m[HTTP][39m [37m<-- GET /wd/hub/session/73dac9ac-68f7-4dbf-956d-f48bf883f765 [39m[32m200[39m [90m28 ms - 1133[39m
[35m[HTTP][39m [90m[39m
[35m[HTTP][39m [37m-->[39m [37mGET[39m [37m/wd/hub/session/73dac9ac-68f7-4dbf-956d-f48bf883f765[39m
[35m[HTTP][39m [90m{}[39m
[35m[HTTP][39m [37m<-- GET /wd/hub/session/73dac9ac-68f7-4dbf-956d-f48bf883f765 [39m[32m200[39m [90m29 ms - 1133[39m
[35m[HTTP][39m [90m[39m
[35m[HTTP][39m [37m-->[39m [37mGET[39m [37m/wd/hub/session/73dac9ac-68f7-4dbf-956d-f48bf883f765[39m
[35m[HTTP][39m [90m{}[39m
[35m[HTTP][39m [37m<-- GET /wd/hub/session/73dac9ac-68f7-4dbf-956d-f48bf883f765 [39m[32m200[39m [90m26 ms - 1133[39m
[35m[HTTP][39m [90m[39m
[35m[HTTP][39m [37m-->[39m [37mGET[39m [37m/wd/hub/session/73dac9ac-68f7-4dbf-956d-f48bf883f765/element/45c8b300-69fb-4db4-b047-b63436ac3c81/location[39m
[35m[HTTP][39m [90m{}[39m
[35m[W3C][39m Driver proxy active, passing request on via HTTP proxy
[35m[JSONWP Proxy][39m Replacing sessionId 44215740-a355-4520-a4af-e7afe5395f0d with 73dac9ac-68f7-4dbf-956d-f48bf883f765
[35m[HTTP][39m [37m<-- GET /wd/hub/session/73dac9ac-68f7-4dbf-956d-f48bf883f765/element/45c8b300-69fb-4db4-b047-b63436ac3c81/location [39m[32m200[39m [90m67 ms - 88[39m
[35m[HTTP][39m [90m[39m
[35m[HTTP][39m [37m-->[39m [37mGET[39m [37m/wd/hub/session/73dac9ac-68f7-4dbf-956d-f48bf883f765/window/current/size[39m
[35m[HTTP][39m [90m{}[39m
[35m[W3C][39m Driver proxy active, passing request on via HTTP proxy
[35m[JSONWP Proxy][39m Replacing sessionId 44215740-a355-4520-a4af-e7afe5395f0d with 73dac9ac-68f7-4dbf-956d-f48bf883f765
[35m[HTTP][39m [37m<-- GET /wd/hub/session/73dac9ac-68f7-4dbf-956d-f48bf883f765/window/current/size [39m[32m200[39m [90m29 ms - 100[39m
[35m[HTTP][39m [90m[39m
[35m[HTTP][39m [37m-->[39m [37mPOST[39m [37m/wd/hub/session/73dac9ac-68f7-4dbf-956d-f48bf883f765/elements[39m
[35m[HTTP][39m [90m{"using":"-android uiautomator","value":"new UiSelector().className(\"android.widget.TextView\").resourceId(\"it.sky.msa:id/heroCaptionTextView\").instance(8)"}[39m
[35m[HTTP][39m [37m<-- POST /wd/hub/session/73dac9ac-68f7-4dbf-956d-f48bf883f765/elements [39m[32m200[39m [90m109 ms - 124[39m
[35m[HTTP][39m [90m[39m
[35m[HTTP][39m [37m-->[39m [37mGET[39m [37m/wd/hub/session/73dac9ac-68f7-4dbf-956d-f48bf883f765[39m
[35m[HTTP][39m [90m{}[39m
[35m[HTTP][39m [37m<-- GET /wd/hub/session/73dac9ac-68f7-4dbf-956d-f48bf883f765 [39m[32m200[39m [90m26 ms - 1133[39m
[35m[HTTP][39m [90m[39m
[35m[HTTP][39m [37m-->[39m [37mGET[39m [37m/wd/hub/session/73dac9ac-68f7-4dbf-956d-f48bf883f765[39m
[35m[HTTP][39m [90m{}[39m
[35m[HTTP][39m [37m<-- GET /wd/hub/session/73dac9ac-68f7-4dbf-956d-f48bf883f765 [39m[32m200[39m [90m34 ms - 1133[39m
[35m[HTTP][39m [90m[39m
[35m[HTTP][39m [37m-->[39m [37mGET[39m [37m/wd/hub/session/73dac9ac-68f7-4dbf-956d-f48bf883f765[39m
[35m[HTTP][39m [90m{}[39m
[35m[HTTP][39m [37m<-- GET /wd/hub/session/73dac9ac-68f7-4dbf-956d-f48bf883f765 [39m[32m200[39m [90m41 ms - 1133[39m
[35m[HTTP][39m [90m[39m
[35m[HTTP][39m [37m-->[39m [37mGET[39m [37m/wd/hub/session/73dac9ac-68f7-4dbf-956d-f48bf883f765[39m
[35m[HTTP][39m [90m{}[39m
[35m[HTTP][39m [37m<-- GET /wd/hub/session/73dac9ac-68f7-4dbf-956d-f48bf883f765 [39m[32m200[39m [90m34 ms - 1133[39m
[35m[HTTP][39m [90m[39m
[35m[HTTP][39m [37m-->[39m [37mGET[39m [37m/wd/hub/session/73dac9ac-68f7-4dbf-956d-f48bf883f765/element/10d2c8b8-5efc-402b-8d4b-d9f50e43c9e8/location[39m
[35m[HTTP][39m [90m{}[39m
[35m[W3C][39m Driver proxy active, passing request on via HTTP proxy
[35m[JSONWP Proxy][39m Replacing sessionId 44215740-a355-4520-a4af-e7afe5395f0d with 73dac9ac-68f7-4dbf-956d-f48bf883f765
[35m[HTTP][39m [37m<-- GET /wd/hub/session/73dac9ac-68f7-4dbf-956d-f48bf883f765/element/10d2c8b8-5efc-402b-8d4b-d9f50e43c9e8/location [39m[32m200[39m [90m72 ms - 89[39m
[35m[HTTP][39m [90m[39m
[35m[HTTP][39m [37m-->[39m [37mGET[39m [37m/wd/hub/session/73dac9ac-68f7-4dbf-956d-f48bf883f765/window/current/size[39m
[35m[HTTP][39m [90m{}[39m
[35m[W3C][39m Driver proxy active, passing request on via HTTP proxy
[35m[JSONWP Proxy][39m Replacing sessionId 44215740-a355-4520-a4af-e7afe5395f0d with 73dac9ac-68f7-4dbf-956d-f48bf883f765
[35m[HTTP][39m [37m<-- GET /wd/hub/session/73dac9ac-68f7-4dbf-956d-f48bf883f765/window/current/size [39m[32m200[39m [90m35 ms - 100[39m
[35m[HTTP][39m [90m[39m
[35m[HTTP][39m [37m-->[39m [37mPOST[39m [37m/wd/hub/session/73dac9ac-68f7-4dbf-956d-f48bf883f765/elements[39m
[35m[HTTP][39m [90m{"using":"-android uiautomator","value":"new UiSelector().className(\"android.widget.TextView\").resourceId(\"it.sky.msa:id/heroCaptionTextView\").instance(8)"}[39m
[35m[HTTP][39m [37m<-- POST /wd/hub/session/73dac9ac-68f7-4dbf-956d-f48bf883f765/elements [39m[32m200[39m [90m129 ms - 124[39m
[35m[HTTP][39m [90m[39m
[35m[HTTP][39m [37m-->[39m [37mGET[39m [37m/wd/hub/session/73dac9ac-68f7-4dbf-956d-f48bf883f765[39m
[35m[HTTP][39m [90m{}[39m
[35m[HTTP][39m [37m<-- GET /wd/hub/session/73dac9ac-68f7-4dbf-956d-f48bf883f765 [39m[32m200[39m [90m28 ms - 1133[39m
[35m[HTTP][39m [90m[39m
[35m[HTTP][39m [37m-->[39m [37mGET[39m [37m/wd/hub/session/73dac9ac-68f7-4dbf-956d-f48bf883f765[39m
[35m[HTTP][39m [90m{}[39m
[35m[HTTP][39m [37m<-- GET /wd/hub/session/73dac9ac-68f7-4dbf-956d-f48bf883f765 [39m[32m200[39m [90m29 ms - 1133[39m
[35m[HTTP][39m [90m[39m
[35m[HTTP][39m [37m-->[39m [37mGET[39m [37m/wd/hub/session/73dac9ac-68f7-4dbf-956d-f48bf883f765[39m
[35m[HTTP][39m [90m{}[39m
[35m[HTTP][39m [37m<-- GET /wd/hub/session/73dac9ac-68f7-4dbf-956d-f48bf883f765 [39m[32m200[39m [90m27 ms - 1133[39m
[35m[HTTP][39m [90m[39m
[35m[HTTP][39m [37m-->[39m [37mGET[39m [37m/wd/hub/session/73dac9ac-68f7-4dbf-956d-f48bf883f765[39m
[35m[HTTP][39m [90m{}[39m
[35m[HTTP][39m [37m<-- GET /wd/hub/session/73dac9ac-68f7-4dbf-956d-f48bf883f765 [39m[32m200[39m [90m28 ms - 1133[39m
[35m[HTTP][39m [90m[39m
[35m[HTTP][39m [37m-->[39m [37mGET[39m [37m/wd/hub/session/73dac9ac-68f7-4dbf-956d-f48bf883f765/element/cadfc32d-f161-4748-9d04-2ca92be45a75/location[39m
[35m[HTTP][39m [90m{}[39m
[35m[W3C][39m Driver proxy active, passing request on via HTTP proxy
[35m[JSONWP Proxy][39m Replacing sessionId 44215740-a355-4520-a4af-e7afe5395f0d with 73dac9ac-68f7-4dbf-956d-f48bf883f765
[35m[HTTP][39m [37m<-- GET /wd/hub/session/73dac9ac-68f7-4dbf-956d-f48bf883f765/element/cadfc32d-f161-4748-9d04-2ca92be45a75/location [39m[32m200[39m [90m57 ms - 89[39m
[35m[HTTP][39m [90m[39m
[35m[HTTP][39m [37m-->[39m [37mGET[39m [37m/wd/hub/session/73dac9ac-68f7-4dbf-956d-f48bf883f765/element/cadfc32d-f161-4748-9d04-2ca92be45a75/text[39m
[35m[HTTP][39m [90m{}[39m
[35m[W3C][39m Driver proxy active, passing request on via HTTP proxy
[35m[JSONWP Proxy][39m Replacing sessionId 44215740-a355-4520-a4af-e7afe5395f0d with 73dac9ac-68f7-4dbf-956d-f48bf883f765
[35m[HTTP][39m [37m<-- GET /wd/hub/session/73dac9ac-68f7-4dbf-956d-f48bf883f765/element/cadfc32d-f161-4748-9d04-2ca92be45a75/text [39m[32m200[39m [90m68 ms - 89[39m
[35m[HTTP][39m [90m[39m
[35m[HTTP][39m [37m-->[39m [37mGET[39m [37m/wd/hub/session/73dac9ac-68f7-4dbf-956d-f48bf883f765/context[39m
[35m[HTTP][39m [90m{}[39m
[35m[HTTP][39m [37m<-- GET /wd/hub/session/73dac9ac-68f7-4dbf-956d-f48bf883f765/context [39m[32m200[39m [90m3 ms - 84[39m
[35m[HTTP][39m [90m[39m
[35m[HTTP][39m [37m-->[39m [37mGET[39m [37m/wd/hub/session/73dac9ac-68f7-4dbf-956d-f48bf883f765/contexts[39m
[35m[HTTP][39m [90m{}[39m
[35m[HTTP][39m [37m<-- GET /wd/hub/session/73dac9ac-68f7-4dbf-956d-f48bf883f765/contexts [39m[32m200[39m [90m115 ms - 86[39m
[35m[HTTP][39m [90m[39m
[35m[HTTP][39m [37m-->[39m [37mPOST[39m [37m/wd/hub/session/73dac9ac-68f7-4dbf-956d-f48bf883f765/context[39m
[35m[HTTP][39m [90m{"name":"NATIVE_APP"}[39m
[35m[HTTP][39m [37m<-- POST /wd/hub/session/73dac9ac-68f7-4dbf-956d-f48bf883f765/context [39m[32m200[39m [90m105 ms - 76[39m
[35m[HTTP][39m [90m[39m
[35m[HTTP][39m [37m-->[39m [37mPOST[39m [37m/wd/hub/session/73dac9ac-68f7-4dbf-956d-f48bf883f765/touch/perform[39m
[35m[HTTP][39m [90m{"actions":[{"action":"press","options":{"x":0,"y":200}},{"action":"wait","options":{"ms":500}},{"action":"moveTo","options":{"x":0,"y":1000}}]}[39m
[35m[HTTP][39m [37m<-- POST /wd/hub/session/73dac9ac-68f7-4dbf-956d-f48bf883f765/touch/perform [39m[32m200[39m [90m2161 ms - 76[39m
[35m[HTTP][39m [90m[39m
[35m[HTTP][39m [37m-->[39m [37mPOST[39m [37m/wd/hub/session/73dac9ac-68f7-4dbf-956d-f48bf883f765/context[39m
[35m[HTTP][39m [90m{"name":"NATIVE_APP"}[39m
[35m[HTTP][39m [37m<-- POST /wd/hub/session/73dac9ac-68f7-4dbf-956d-f48bf883f765/context [39m[32m200[39m [90m115 ms - 76[39m
[35m[HTTP][39m [90m[39m
[35m[HTTP][39m [37m-->[39m [37mGET[39m [37m/wd/hub/session/73dac9ac-68f7-4dbf-956d-f48bf883f765/window/current/size[39m
[35m[HTTP][39m [90m{}[39m
[35m[W3C][39m Driver proxy active, passing request on via HTTP proxy
[35m[JSONWP Proxy][39m Replacing sessionId 44215740-a355-4520-a4af-e7afe5395f0d with 73dac9ac-68f7-4dbf-956d-f48bf883f765
[35m[HTTP][39m [37m<-- GET /wd/hub/session/73dac9ac-68f7-4dbf-956d-f48bf883f765/window/current/size [39m[32m200[39m [90m58 ms - 100[39m
[35m[HTTP][39m [90m[39m
[35m[HTTP][39m [37m-->[39m [37mPOST[39m [37m/wd/hub/session/73dac9ac-68f7-4dbf-956d-f48bf883f765/elements[39m
[35m[HTTP][39m [90m{"using":"-android uiautomator","value":"new UiSelector().className(\"android.widget.TextView\").text(\"Scelti per te questa settimana\").resourceId(\"it.sky.msa:id/categoryTitle\").instance(6)"}[39m
[35m[HTTP][39m [37m<-- POST /wd/hub/session/73dac9ac-68f7-4dbf-956d-f48bf883f765/elements [39m[32m200[39m [90m125 ms - 124[39m
[35m[HTTP][39m [90m[39m
[35m[HTTP][39m [37m-->[39m [37mGET[39m [37m/wd/hub/session/73dac9ac-68f7-4dbf-956d-f48bf883f765[39m
[35m[HTTP][39m [90m{}[39m
[35m[HTTP][39m [37m<-- GET /wd/hub/session/73dac9ac-68f7-4dbf-956d-f48bf883f765 [39m[32m200[39m [90m24 ms - 1133[39m
[35m[HTTP][39m [90m[39m
[35m[HTTP][39m [37m-->[39m [37mGET[39m [37m/wd/hub/session/73dac9ac-68f7-4dbf-956d-f48bf883f765[39m
[35m[HTTP][39m [90m{}[39m
[35m[HTTP][39m [37m<-- GET /wd/hub/session/73dac9ac-68f7-4dbf-956d-f48bf883f765 [39m[32m200[39m [90m22 ms - 1133[39m
[35m[HTTP][39m [90m[39m
[35m[HTTP][39m [37m-->[39m [37mGET[39m [37m/wd/hub/session/73dac9ac-68f7-4dbf-956d-f48bf883f765[39m
[35m[HTTP][39m [90m{}[39m
[35m[HTTP][39m [37m<-- GET /wd/hub/session/73dac9ac-68f7-4dbf-956d-f48bf883f765 [39m[32m200[39m [90m23 ms - 1133[39m
[35m[HTTP][39m [90m[39m
[35m[HTTP][39m [37m-->[39m [37mGET[39m [37m/wd/hub/session/73dac9ac-68f7-4dbf-956d-f48bf883f765[39m
[35m[HTTP][39m [90m{}[39m
[35m[HTTP][39m [37m<-- GET /wd/hub/session/73dac9ac-68f7-4dbf-956d-f48bf883f765 [39m[32m200[39m [90m24 ms - 1133[39m
[35m[HTTP][39m [90m[39m
[35m[HTTP][39m [37m-->[39m [37mGET[39m [37m/wd/hub/session/73dac9ac-68f7-4dbf-956d-f48bf883f765/element/bbdb82e6-619c-47f5-91d5-bf88906c6fa3/location[39m
[35m[HTTP][39m [90m{}[39m
[35m[W3C][39m Driver proxy active, passing request on via HTTP proxy
[35m[JSONWP Proxy][39m Replacing sessionId 44215740-a355-4520-a4af-e7afe5395f0d with 73dac9ac-68f7-4dbf-956d-f48bf883f765
[35m[HTTP][39m [37m<-- GET /wd/hub/session/73dac9ac-68f7-4dbf-956d-f48bf883f765/element/bbdb82e6-619c-47f5-91d5-bf88906c6fa3/location [39m[32m200[39m [90m52 ms - 89[39m
[35m[HTTP][39m [90m[39m
[35m[HTTP][39m [37m-->[39m [37mGET[39m [37m/wd/hub/session/73dac9ac-68f7-4dbf-956d-f48bf883f765/element/bbdb82e6-619c-47f5-91d5-bf88906c6fa3/text[39m
[35m[HTTP][39m [90m{}[39m
[35m[W3C][39m Driver proxy active, passing request on via HTTP proxy
[35m[JSONWP Proxy][39m Replacing sessionId 44215740-a355-4520-a4af-e7afe5395f0d with 73dac9ac-68f7-4dbf-956d-f48bf883f765
[35m[HTTP][39m [37m<-- GET /wd/hub/session/73dac9ac-68f7-4dbf-956d-f48bf883f765/element/bbdb82e6-619c-47f5-91d5-bf88906c6fa3/text [39m[32m200[39m [90m71 ms - 104[39m
[35m[HTTP][39m [90m[39m
[35m[HTTP][39m [37m-->[39m [37mGET[39m [37m/wd/hub/session/73dac9ac-68f7-4dbf-956d-f48bf883f765/window/current/size[39m
[35m[HTTP][39m [90m{}[39m
[35m[W3C][39m Driver proxy active, passing request on via HTTP proxy
[35m[JSONWP Proxy][39m Replacing sessionId 44215740-a355-4520-a4af-e7afe5395f0d with 73dac9ac-68f7-4dbf-956d-f48bf883f765
[35m[HTTP][39m [37m<-- GET /wd/hub/session/73dac9ac-68f7-4dbf-956d-f48bf883f765/window/current/size [39m[32m200[39m [90m37 ms - 100[39m
[35m[HTTP][39m [90m[39m
[35m[HTTP][39m [37m-->[39m [37mPOST[39m [37m/wd/hub/session/73dac9ac-68f7-4dbf-956d-f48bf883f765/elements[39m
[35m[HTTP][39m [90m{"using":"-android uiautomator","value":"new UiSelector().className(\"android.widget.TextView\").text(\"Scelti per te questa settimana\").resourceId(\"it.sky.msa:id/categoryTitle\").instance(6)"}[39m
[35m[HTTP][39m [37m<-- POST /wd/hub/session/73dac9ac-68f7-4dbf-956d-f48bf883f765/elements [39m[32m200[39m [90m110 ms - 124[39m
[35m[HTTP][39m [90m[39m
[35m[HTTP][39m [37m-->[39m [37mGET[39m [37m/wd/hub/session/73dac9ac-68f7-4dbf-956d-f48bf883f765[39m
[35m[HTTP][39m [90m{}[39m
[35m[HTTP][39m [37m<-- GET /wd/hub/session/73dac9ac-68f7-4dbf-956d-f48bf883f765 [39m[32m200[39m [90m21 ms - 1133[39m
[35m[HTTP][39m [90m[39m
[35m[HTTP][39m [37m-->[39m [37mGET[39m [37m/wd/hub/session/73dac9ac-68f7-4dbf-956d-f48bf883f765[39m
[35m[HTTP][39m [90m{}[39m
[35m[HTTP][39m [37m<-- GET /wd/hub/session/73dac9ac-68f7-4dbf-956d-f48bf883f765 [39m[32m200[39m [90m21 ms - 1133[39m
[35m[HTTP][39m [90m[39m
[35m[HTTP][39m [37m-->[39m [37mGET[39m [37m/wd/hub/session/73dac9ac-68f7-4dbf-956d-f48bf883f765[39m
[35m[HTTP][39m [90m{}[39m
[35m[HTTP][39m [37m<-- GET /wd/hub/session/73dac9ac-68f7-4dbf-956d-f48bf883f765 [39m[32m200[39m [90m21 ms - 1133[39m
[35m[HTTP][39m [90m[39m
[35m[HTTP][39m [37m-->[39m [37mGET[39m [37m/wd/hub/session/73dac9ac-68f7-4dbf-956d-f48bf883f765[39m
[35m[HTTP][39m [90m{}[39m
[35m[HTTP][39m [37m<-- GET /wd/hub/session/73dac9ac-68f7-4dbf-956d-f48bf883f765 [39m[32m200[39m [90m21 ms - 1133[39m
[35m[HTTP][39m [90m[39m
[35m[HTTP][39m [37m-->[39m [37mGET[39m [37m/wd/hub/session/73dac9ac-68f7-4dbf-956d-f48bf883f765/element/6e4cfc53-7340-4996-9d6f-5c9ddb1229ea/location[39m
[35m[HTTP][39m [90m{}[39m
[35m[W3C][39m Driver proxy active, passing request on via HTTP proxy
[35m[JSONWP Proxy][39m Replacing sessionId 44215740-a355-4520-a4af-e7afe5395f0d with 73dac9ac-68f7-4dbf-956d-f48bf883f765
[35m[HTTP][39m [37m<-- GET /wd/hub/session/73dac9ac-68f7-4dbf-956d-f48bf883f765/element/6e4cfc53-7340-4996-9d6f-5c9ddb1229ea/location [39m[32m200[39m [90m43 ms - 89[39m
[35m[HTTP][39m [90m[39m
[35m[HTTP][39m [37m-->[39m [37mGET[39m [37m/wd/hub/session/73dac9ac-68f7-4dbf-956d-f48bf883f765/element/6e4cfc53-7340-4996-9d6f-5c9ddb1229ea/text[39m
[35m[HTTP][39m [90m{}[39m
[35m[W3C][39m Driver proxy active, passing request on via HTTP proxy
[35m[JSONWP Proxy][39m Replacing sessionId 44215740-a355-4520-a4af-e7afe5395f0d with 73dac9ac-68f7-4dbf-956d-f48bf883f765
[35m[HTTP][39m [37m<-- GET /wd/hub/session/73dac9ac-68f7-4dbf-956d-f48bf883f765/element/6e4cfc53-7340-4996-9d6f-5c9ddb1229ea/text [39m[32m200[39m [90m63 ms - 104[39m
[35m[HTTP][39m [90m[39m
[35m[HTTP][39m [37m-->[39m [37mGET[39m [37m/wd/hub/session/73dac9ac-68f7-4dbf-956d-f48bf883f765/context[39m
[35m[HTTP][39m [90m{}[39m
[35m[HTTP][39m [37m<-- GET /wd/hub/session/73dac9ac-68f7-4dbf-956d-f48bf883f765/context [39m[32m200[39m [90m2 ms - 84[39m
[35m[HTTP][39m [90m[39m
[35m[HTTP][39m [37m-->[39m [37mGET[39m [37m/wd/hub/session/73dac9ac-68f7-4dbf-956d-f48bf883f765/contexts[39m
[35m[HTTP][39m [90m{}[39m
[35m[HTTP][39m [37m<-- GET /wd/hub/session/73dac9ac-68f7-4dbf-956d-f48bf883f765/contexts [39m[32m200[39m [90m120 ms - 86[39m
[35m[HTTP][39m [90m[39m
[35m[HTTP][39m [37m-->[39m [37mPOST[39m [37m/wd/hub/session/73dac9ac-68f7-4dbf-956d-f48bf883f765/context[39m
[35m[HTTP][39m [90m{"name":"NATIVE_APP"}[39m
[35m[HTTP][39m [37m<-- POST /wd/hub/session/73dac9ac-68f7-4dbf-956d-f48bf883f765/context [39m[32m200[39m [90m125 ms - 76[39m
[35m[HTTP][39m [90m[39m
[35m[HTTP][39m [37m-->[39m [37mPOST[39m [37m/wd/hub/session/73dac9ac-68f7-4dbf-956d-f48bf883f765/touch/perform[39m
[35m[HTTP][39m [90m{"actions":[{"action":"press","options":{"x":0,"y":0}},{"action":"wait","options":{"ms":500}},{"action":"moveTo","options":{"x":100,"y":0}}]}[39m
[35m[HTTP][39m [37m<-- POST /wd/hub/session/73dac9ac-68f7-4dbf-956d-f48bf883f765/touch/perform [39m[32m200[39m [90m2144 ms - 76[39m
[35m[HTTP][39m [90m[39m
[35m[HTTP][39m [37m-->[39m [37mPOST[39m [37m/wd/hub/session/73dac9ac-68f7-4dbf-956d-f48bf883f765/context[39m
[35m[HTTP][39m [90m{"name":"NATIVE_APP"}[39m
[35m[HTTP][39m [37m<-- POST /wd/hub/session/73dac9ac-68f7-4dbf-956d-f48bf883f765/context [39m[32m200[39m [90m93 ms - 76[39m
[35m[HTTP][39m [90m[39m
[35m[HTTP][39m [37m-->[39m [37mGET[39m [37m/wd/hub/session/73dac9ac-68f7-4dbf-956d-f48bf883f765/context[39m
[35m[HTTP][39m [90m{}[39m
[35m[HTTP][39m [37m<-- GET /wd/hub/session/73dac9ac-68f7-4dbf-956d-f48bf883f765/context [39m[32m200[39m [90m2 ms - 84[39m
[35m[HTTP][39m [90m[39m
[35m[HTTP][39m [37m-->[39m [37mGET[39m [37m/wd/hub/session/73dac9ac-68f7-4dbf-956d-f48bf883f765/contexts[39m
[35m[HTTP][39m [90m{}[39m
[35m[HTTP][39m [37m<-- GET /wd/hub/session/73dac9ac-68f7-4dbf-956d-f48bf883f765/contexts [39m[32m200[39m [90m131 ms - 86[39m
[35m[HTTP][39m [90m[39m
[35m[HTTP][39m [37m-->[39m [37mPOST[39m [37m/wd/hub/session/73dac9ac-68f7-4dbf-956d-f48bf883f765/context[39m
[35m[HTTP][39m [90m{"name":"NATIVE_APP"}[39m
[35m[HTTP][39m [37m<-- POST /wd/hub/session/73dac9ac-68f7-4dbf-956d-f48bf883f765/context [39m[32m200[39m [90m106 ms - 76[39m
[35m[HTTP][39m [90m[39m
[35m[HTTP][39m [37m-->[39m [37mPOST[39m [37m/wd/hub/session/73dac9ac-68f7-4dbf-956d-f48bf883f765/touch/perform[39m
[35m[HTTP][39m [90m{"actions":[{"action":"press","options":{"x":0,"y":0}},{"action":"wait","options":{"ms":500}},{"action":"moveTo","options":{"x":-100,"y":0}}]}[39m
[35m[HTTP][39m [37m<-- POST /wd/hub/session/73dac9ac-68f7-4dbf-956d-f48bf883f765/touch/perform [39m[32m200[39m [90m2135 ms - 76[39m
[35m[HTTP][39m [90m[39m
[35m[HTTP][39m [37m-->[39m [37mPOST[39m [37m/wd/hub/session/73dac9ac-68f7-4dbf-956d-f48bf883f765/context[39m
[35m[HTTP][39m [90m{"name":"NATIVE_APP"}[39m
[35m[HTTP][39m [37m<-- POST /wd/hub/session/73dac9ac-68f7-4dbf-956d-f48bf883f765/context [39m[32m200[39m [90m103 ms - 76[39m
[35m[HTTP][39m [90m[39m
[35m[HTTP][39m [37m-->[39m [37mGET[39m [37m/wd/hub/session/73dac9ac-68f7-4dbf-956d-f48bf883f765/window/current/size[39m
[35m[HTTP][39m [90m{}[39m
[35m[W3C][39m Driver proxy active, passing request on via HTTP proxy
[35m[JSONWP Proxy][39m Replacing sessionId 44215740-a355-4520-a4af-e7afe5395f0d with 73dac9ac-68f7-4dbf-956d-f48bf883f765
[35m[HTTP][39m [37m<-- GET /wd/hub/session/73dac9ac-68f7-4dbf-956d-f48bf883f765/window/current/size [39m[32m200[39m [90m63 ms - 100[39m
[35m[HTTP][39m [90m[39m
[35m[HTTP][39m [37m-->[39m [37mPOST[39m [37m/wd/hub/session/73dac9ac-68f7-4dbf-956d-f48bf883f765/elements[39m
[35m[HTTP][39m [90m{"using":"-android uiautomator","value":"new UiSelector().className(\"android.widget.Button\").text(\"Vedi tutti\").resourceId(\"it.sky.msa:id/showAllCategoryButton\").instance(0)"}[39m
[35m[HTTP][39m [37m<-- POST /wd/hub/session/73dac9ac-68f7-4dbf-956d-f48bf883f765/elements [39m[32m200[39m [90m156 ms - 124[39m
[35m[HTTP][39m [90m[39m
[35m[HTTP][39m [37m-->[39m [37mGET[39m [37m/wd/hub/session/73dac9ac-68f7-4dbf-956d-f48bf883f765[39m
[35m[HTTP][39m [90m{}[39m
[35m[HTTP][39m [37m<-- GET /wd/hub/session/73dac9ac-68f7-4dbf-956d-f48bf883f765 [39m[32m200[39m [90m25 ms - 1133[39m
[35m[HTTP][39m [90m[39m
[35m[HTTP][39m [37m-->[39m [37mGET[39m [37m/wd/hub/session/73dac9ac-68f7-4dbf-956d-f48bf883f765[39m
[35m[HTTP][39m [90m{}[39m
[35m[HTTP][39m [37m<-- GET /wd/hub/session/73dac9ac-68f7-4dbf-956d-f48bf883f765 [39m[32m200[39m [90m24 ms - 1133[39m
[35m[HTTP][39m [90m[39m
[35m[HTTP][39m [37m-->[39m [37mGET[39m [37m/wd/hub/session/73dac9ac-68f7-4dbf-956d-f48bf883f765[39m
[35m[HTTP][39m [90m{}[39m
[35m[HTTP][39m [37m<-- GET /wd/hub/session/73dac9ac-68f7-4dbf-956d-f48bf883f765 [39m[32m200[39m [90m26 ms - 1133[39m
[35m[HTTP][39m [90m[39m
[35m[HTTP][39m [37m-->[39m [37mGET[39m [37m/wd/hub/session/73dac9ac-68f7-4dbf-956d-f48bf883f765[39m
[35m[HTTP][39m [90m{}[39m
[35m[HTTP][39m [37m<-- GET /wd/hub/session/73dac9ac-68f7-4dbf-956d-f48bf883f765 [39m[32m200[39m [90m23 ms - 1133[39m
[35m[HTTP][39m [90m[39m
[35m[HTTP][39m [37m-->[39m [37mGET[39m [37m/wd/hub/session/73dac9ac-68f7-4dbf-956d-f48bf883f765/element/3286761b-e69d-47f7-a068-42b672d3f05a/location[39m
[35m[HTTP][39m [90m{}[39m
[35m[W3C][39m Driver proxy active, passing request on via HTTP proxy
[35m[JSONWP Proxy][39m Replacing sessionId 44215740-a355-4520-a4af-e7afe5395f0d with 73dac9ac-68f7-4dbf-956d-f48bf883f765
[35m[HTTP][39m [37m<-- GET /wd/hub/session/73dac9ac-68f7-4dbf-956d-f48bf883f765/element/3286761b-e69d-47f7-a068-42b672d3f05a/location [39m[32m200[39m [90m55 ms - 90[39m
[35m[HTTP][39m [90m[39m
[35m[HTTP][39m [37m-->[39m [37mGET[39m [37m/wd/hub/session/73dac9ac-68f7-4dbf-956d-f48bf883f765/element/3286761b-e69d-47f7-a068-42b672d3f05a/text[39m
[35m[HTTP][39m [90m{}[39m
[35m[W3C][39m Driver proxy active, passing request on via HTTP proxy
[35m[JSONWP Proxy][39m Replacing sessionId 44215740-a355-4520-a4af-e7afe5395f0d with 73dac9ac-68f7-4dbf-956d-f48bf883f765
[35m[HTTP][39m [37m<-- GET /wd/hub/session/73dac9ac-68f7-4dbf-956d-f48bf883f765/element/3286761b-e69d-47f7-a068-42b672d3f05a/text [39m[32m200[39m [90m97 ms - 84[39m
[35m[HTTP][39m [90m[39m
[35m[HTTP][39m [37m-->[39m [37mGET[39m [37m/wd/hub/session/73dac9ac-68f7-4dbf-956d-f48bf883f765/window/current/size[39m
[35m[HTTP][39m [90m{}[39m
[35m[W3C][39m Driver proxy active, passing request on via HTTP proxy
[35m[JSONWP Proxy][39m Replacing sessionId 44215740-a355-4520-a4af-e7afe5395f0d with 73dac9ac-68f7-4dbf-956d-f48bf883f765
[35m[HTTP][39m [37m<-- GET /wd/hub/session/73dac9ac-68f7-4dbf-956d-f48bf883f765/window/current/size [39m[32m200[39m [90m33 ms - 100[39m
[35m[HTTP][39m [90m[39m
[35m[HTTP][39m [37m-->[39m [37mPOST[39m [37m/wd/hub/session/73dac9ac-68f7-4dbf-956d-f48bf883f765/elements[39m
[35m[HTTP][39m [90m{"using":"-android uiautomator","value":"new UiSelector().className(\"android.widget.Button\").text(\"Vedi tutti\").resourceId(\"it.sky.msa:id/showAllCategoryButton\").instance(0)"}[39m
[35m[HTTP][39m [37m<-- POST /wd/hub/session/73dac9ac-68f7-4dbf-956d-f48bf883f765/elements [39m[32m200[39m [90m99 ms - 124[39m
[35m[HTTP][39m [90m[39m
[35m[HTTP][39m [37m-->[39m [37mGET[39m [37m/wd/hub/session/73dac9ac-68f7-4dbf-956d-f48bf883f765[39m
[35m[HTTP][39m [90m{}[39m
[35m[HTTP][39m [37m<-- GET /wd/hub/session/73dac9ac-68f7-4dbf-956d-f48bf883f765 [39m[32m200[39m [90m28 ms - 1133[39m
[35m[HTTP][39m [90m[39m
[35m[HTTP][39m [37m-->[39m [37mGET[39m [37m/wd/hub/session/73dac9ac-68f7-4dbf-956d-f48bf883f765[39m
[35m[HTTP][39m [90m{}[39m
[35m[HTTP][39m [37m<-- GET /wd/hub/session/73dac9ac-68f7-4dbf-956d-f48bf883f765 [39m[32m200[39m [90m31 ms - 1133[39m
[35m[HTTP][39m [90m[39m
[35m[HTTP][39m [37m-->[39m [37mGET[39m [37m/wd/hub/session/73dac9ac-68f7-4dbf-956d-f48bf883f765[39m
[35m[HTTP][39m [90m{}[39m
[35m[HTTP][39m [37m<-- GET /wd/hub/session/73dac9ac-68f7-4dbf-956d-f48bf883f765 [39m[32m200[39m [90m31 ms - 1133[39m
[35m[HTTP][39m [90m[39m
[35m[HTTP][39m [37m-->[39m [37mGET[39m [37m/wd/hub/session/73dac9ac-68f7-4dbf-956d-f48bf883f765[39m
[35m[HTTP][39m [90m{}[39m
[35m[HTTP][39m [37m<-- GET /wd/hub/session/73dac9ac-68f7-4dbf-956d-f48bf883f765 [39m[32m200[39m [90m25 ms - 1133[39m
[35m[HTTP][39m [90m[39m
[35m[HTTP][39m [37m-->[39m [37mGET[39m [37m/wd/hub/session/73dac9ac-68f7-4dbf-956d-f48bf883f765/element/33483517-55be-4df6-b73a-b4d2d5bd7bf5/location[39m
[35m[HTTP][39m [90m{}[39m
[35m[W3C][39m Driver proxy active, passing request on via HTTP proxy
[35m[JSONWP Proxy][39m Replacing sessionId 44215740-a355-4520-a4af-e7afe5395f0d with 73dac9ac-68f7-4dbf-956d-f48bf883f765
[35m[HTTP][39m [37m<-- GET /wd/hub/session/73dac9ac-68f7-4dbf-956d-f48bf883f765/element/33483517-55be-4df6-b73a-b4d2d5bd7bf5/location [39m[32m200[39m [90m59 ms - 90[39m
[35m[HTTP][39m [90m[39m
[35m[HTTP][39m [37m-->[39m [37mPOST[39m [37m/wd/hub/session/73dac9ac-68f7-4dbf-956d-f48bf883f765/touch/perform[39m
[35m[HTTP][39m [90m{"actions":[{"action":"tap","options":{"element":"33483517-55be-4df6-b73a-b4d2d5bd7bf5","x":1,"y":1}}]}[39m
[35m[UiAutomator2][39m calling get location: 33483517-55be-4df6-b73a-b4d2d5bd7bf5
[35m[HTTP][39m [37m<-- POST /wd/hub/session/73dac9ac-68f7-4dbf-956d-f48bf883f765/touch/perform [39m[32m200[39m [90m994 ms - 76[39m
[35m[HTTP][39m [90m[39m
[35m[HTTP][39m [37m-->[39m [37mGET[39m [37m/wd/hub/session/73dac9ac-68f7-4dbf-956d-f48bf883f765/context[39m
[35m[HTTP][39m [90m{}[39m
[35m[HTTP][39m [37m<-- GET /wd/hub/session/73dac9ac-68f7-4dbf-956d-f48bf883f765/context [39m[32m200[39m [90m3 ms - 84[39m
[35m[HTTP][39m [90m[39m
[35m[HTTP][39m [37m-->[39m [37mGET[39m [37m/wd/hub/session/73dac9ac-68f7-4dbf-956d-f48bf883f765/contexts[39m
[35m[HTTP][39m [90m{}[39m
[35m[HTTP][39m [37m<-- GET /wd/hub/session/73dac9ac-68f7-4dbf-956d-f48bf883f765/contexts [39m[32m200[39m [90m219 ms - 86[39m
[35m[HTTP][39m [90m[39m
[35m[HTTP][39m [37m-->[39m [37mPOST[39m [37m/wd/hub/session/73dac9ac-68f7-4dbf-956d-f48bf883f765/context[39m
[35m[HTTP][39m [90m{"name":"NATIVE_APP"}[39m
[35m[HTTP][39m [37m<-- POST /wd/hub/session/73dac9ac-68f7-4dbf-956d-f48bf883f765/context [39m[32m200[39m [90m100 ms - 76[39m
[35m[HTTP][39m [90m[39m
[35m[HTTP][39m [37m-->[39m [37mPOST[39m [37m/wd/hub/session/73dac9ac-68f7-4dbf-956d-f48bf883f765/appium/device/press_keycode[39m
[35m[HTTP][39m [90m{"keycode":4}[39m
[35m[HTTP][39m [37m<-- POST /wd/hub/session/73dac9ac-68f7-4dbf-956d-f48bf883f765/appium/device/press_keycode [39m[32m200[39m [90m175 ms - 76[39m
[35m[HTTP][39m [90m[39m
[35m[HTTP][39m [37m-->[39m [37mPOST[39m [37m/wd/hub/session/73dac9ac-68f7-4dbf-956d-f48bf883f765/context[39m
[35m[HTTP][39m [90m{"name":"NATIVE_APP"}[39m
[35m[HTTP][39m [37m<-- POST /wd/hub/session/73dac9ac-68f7-4dbf-956d-f48bf883f765/context [39m[32m200[39m [90m79 ms - 76[39m
[35m[HTTP][39m [90m[39m
[35m[HTTP][39m [37m-->[39m [37mDELETE[39m [37m/wd/hub/session/73dac9ac-68f7-4dbf-956d-f48bf883f765[39m
[35m[HTTP][39m [90m{}[39m
[35m[Appium][39m Removing session 73dac9ac-68f7-4dbf-956d-f48bf883f765 from our master session list
[35m[HTTP][39m [37m<-- DELETE /wd/hub/session/73dac9ac-68f7-4dbf-956d-f48bf883f765 [39m[32m200[39m [90m247 ms - 76[39m
[35m[HTTP][39m [90m[39m
