[35m[Appium][39m Welcome to Appium v1.8.1
[35m[Appium][39m Non-default server args:
[35m[Appium][39m   port: 60174
[35m[Appium][39m   loglevel: info
[35m[Appium][39m   chromeDriverPort: 60175
[35m[Appium][39m   tmpDir: C:\Users\marco\AppData\Local\Temp\\Katalon\Appium\Temp1551199962473
[35m[Appium][39m Appium REST http interface listener started on 0.0.0.0:60174
[35m[HTTP][39m [37m-->[39m [37mGET[39m [37m/wd/hub/status[39m
[35m[HTTP][39m [90m{}[39m
[35m[HTTP][39m [37m<-- GET /wd/hub/status [39m[32m200[39m [90m53 ms - 83[39m
[35m[HTTP][39m [90m[39m
[35m[HTTP][39m [37m-->[39m [37mPOST[39m [37m/wd/hub/session[39m
[35m[HTTP][39m [90m{"desiredCapabilities":{"app":"C:\\Users\\MSA-testautomation\\59.apk","autoGrantPermissions":true,"automationName":"uiautomator2","deviceName":"samsung SM-G935F (Android 8.0.0)","fullReset":false,"newCommandTimeout":1800,"noReset":true,"platform":"ANDROID","platformName":"Android","udid":"9885f7504651473733"},"capabilities":{"desiredCapabilities":{"app":"C:\\Users\\MSA-testautomation\\59.apk","autoGrantPermissions":true,"automationName":"uiautomator2","deviceName":"samsung SM-G935F (Android 8.0.0)","fullReset":false,"newCommandTimeout":1800,"noReset":true,"platform":"ANDROID","platformName":"Android","udid":"9885f7504651473733"},"firstMatch":[{"platformName":"android"}]}}[39m
[35m[Appium][39m Could not parse W3C capabilities: 'deviceName' can't be blank. Falling back to JSONWP protocol.
[35m[Appium][39m The following capabilities were provided in the JSONWP desired capabilities that are missing in W3C capabilities: ["app","autoGrantPermissions","automationName","deviceName","fullReset","newCommandTimeout","noReset","platform","platformName","udid"]. Falling back to JSONWP protocol.
[35m[Appium][39m Creating new AndroidUiautomator2Driver (v1.12.0) session
[35m[Appium][39m Capabilities:
[35m[Appium][39m   app: C:\Users\MSA-testautomation\59.apk
[35m[Appium][39m   autoGrantPermissions: true
[35m[Appium][39m   automationName: uiautomator2
[35m[Appium][39m   deviceName: samsung SM-G935F (Android 8.0.0)
[35m[Appium][39m   fullReset: false
[35m[Appium][39m   newCommandTimeout: 1800
[35m[Appium][39m   noReset: true
[35m[Appium][39m   platform: ANDROID
[35m[Appium][39m   platformName: Android
[35m[Appium][39m   udid: 9885f7504651473733
[35m[BaseDriver][39m The following capabilities were provided, but are not recognized by appium: platform.
[35m[BaseDriver][39m Session created with session id: 7b09e91a-1f5b-4df3-bc40-f0b7211be425
[35m[BaseDriver][39m Using local app 'C:\Users\MSA-testautomation\59.apk'
[35m[AndroidDriver][39m Java version is: 1.8.0_181
[35m[ADB][39m Checking whether adb is present
[35m[ADB][39m Found 1 'build-tools' folders under 'C:\Users\marco\.katalon\tools\android_sdk' (newest first):
[35m[ADB][39m     C:/Users/marco/.katalon/tools/android_sdk/build-tools/28.0.3
[35m[ADB][39m Using adb.exe from C:\Users\marco\.katalon\tools\android_sdk\platform-tools\adb.exe
[35m[AndroidDriver][39m Retrieving device list
[35m[AndroidDriver][39m Using device: 9885f7504651473733
[35m[ADB][39m Using the alternative activity name detection method because of: Could not find apkanalyzer.bat in C:\Users\marco\.katalon\tools\android_sdk\platform-tools\apkanalyzer.bat,C:\Users\marco\.katalon\tools\android_sdk\emulator\apkanalyzer.bat,C:\Users\marco\.katalon\tools\android_sdk\tools\apkanalyzer.bat,C:\Users\marco\.katalon\tools\android_sdk\tools\bin\apkanalyzer.bat,C:\Users\marco\.katalon\tools\android_sdk\build-tools\28.0.3\apkanalyzer.bat. Do you have the Android SDK installed at 'C:\Users\marco\.katalon\tools\android_sdk'?
[35m[ADB][39m Checking whether aapt is present
[35m[ADB][39m Using aapt.exe from C:\Users\marco\.katalon\tools\android_sdk\build-tools\28.0.3\aapt.exe
[35m[ADB][39m Extracting package and launch activity from manifest
[35m[ADB][39m Package name: 'it.sky.msa'
[35m[ADB][39m Main activity name: 'it.sky.msa.welcome.SplashActivity'
[35m[ADB][39m Getting device platform version
[35m[ADB][39m Using apksigner.bat from C:\Users\marco\.katalon\tools\android_sdk\build-tools\28.0.3\apksigner.bat
[35m[ADB][39m Checking whether zipalign is present
[35m[ADB][39m Using zipalign.exe from C:\Users\marco\.katalon\tools\android_sdk\build-tools\28.0.3\zipalign.exe
[35m[ADB][39m io.appium.uiautomator2.server was successfully uninstalled
[35m[ADB][39m io.appium.uiautomator2.server.test was successfully uninstalled
[35m[AndroidDriver][39m setDeviceLanguageCountry requires language or country.
[35m[AndroidDriver][39m Got language: 'null' and country: 'null'
[35m[ADB][39m Successfully extracted 218 strings from 'C:\Users\MSA-testautomation\59.apk' resources for '(default)' configuration
[35m[UiAutomator2][39m Starting uiautomator2 server 1.12.0
[35m[UiAutomator2][39m Using UIAutomator2 server from 'C:\Users\marco\AppData\Roaming\npm\node_modules\appium\node_modules\appium-uiautomator2-server\apks\appium-uiautomator2-server-v1.12.0.apk' and test from 'C:\Users\marco\AppData\Roaming\npm\node_modules\appium\node_modules\appium-uiautomator2-server\apks\appium-uiautomator2-server-debug-androidTest.apk'
[35m[UiAutomator2][39m Running command: 'adb -s 9885f7504651473733 shell am instrument -w io.appium.uiautomator2.server.test/android.support.test.runner.AndroidJUnitRunner'
[35m[UiAutomator2][39m Waiting up to 20000ms for UiAutomator2 to be online...
[35m[AndroidDriver][39m Screen already unlocked, doing nothing
[35m[UiAutomator2][39m UiAutomator2 did not start the activity we were waiting for, 'it.sky.msa/it.sky.msa.welcome.SplashActivity'. Starting it ourselves
[35m[Appium][39m New AndroidUiautomator2Driver session created successfully, session 7b09e91a-1f5b-4df3-bc40-f0b7211be425 added to master session list
[35m[HTTP][39m [37m<-- POST /wd/hub/session [39m[32m200[39m [90m22202 ms - 1133[39m
[35m[HTTP][39m [90m[39m
[35m[HTTP][39m [37m-->[39m [37mGET[39m [37m/wd/hub/status[39m
[35m[HTTP][39m [90m{}[39m
[35m[HTTP][39m [37m<-- GET /wd/hub/status [39m[32m200[39m [90m50 ms - 55[39m
[35m[HTTP][39m [90m[39m
[35m[HTTP][39m [37m-->[39m [37mPOST[39m [37m/wd/hub/session/7b09e91a-1f5b-4df3-bc40-f0b7211be425/timeouts[39m
[35m[HTTP][39m [90m{"type":"implicit","ms":30000}[39m
[35m[HTTP][39m [37m<-- POST /wd/hub/session/7b09e91a-1f5b-4df3-bc40-f0b7211be425/timeouts [39m[33m400[39m [90m27 ms - 5204[39m
[35m[HTTP][39m [90m[39m
[35m[HTTP][39m [37m-->[39m [37mGET[39m [37m/wd/hub/session/7b09e91a-1f5b-4df3-bc40-f0b7211be425/window/current/size[39m
[35m[HTTP][39m [90m{}[39m
[35m[W3C][39m Driver proxy active, passing request on via HTTP proxy
[35m[JSONWP Proxy][39m Replacing sessionId 0f03da95-4c4c-4931-92c6-ae3cb9f6058f with 7b09e91a-1f5b-4df3-bc40-f0b7211be425
[35m[HTTP][39m [37m<-- GET /wd/hub/session/7b09e91a-1f5b-4df3-bc40-f0b7211be425/window/current/size [39m[32m200[39m [90m72 ms - 100[39m
[35m[HTTP][39m [90m[39m
[35m[HTTP][39m [37m-->[39m [37mPOST[39m [37m/wd/hub/session/7b09e91a-1f5b-4df3-bc40-f0b7211be425/elements[39m
[35m[HTTP][39m [90m{"using":"-android uiautomator","value":"new UiSelector().className(\"android.widget.TextView\").text(\"Guida TV\").resourceId(\"it.sky.msa:id/title\").instance(5)"}[39m
[35m[HTTP][39m [37m<-- POST /wd/hub/session/7b09e91a-1f5b-4df3-bc40-f0b7211be425/elements [39m[32m200[39m [90m65 ms - 74[39m
[35m[HTTP][39m [90m[39m
[35m[HTTP][39m [37m-->[39m [37mPOST[39m [37m/wd/hub/session/7b09e91a-1f5b-4df3-bc40-f0b7211be425/elements[39m
[35m[HTTP][39m [90m{"using":"-android uiautomator","value":"new UiSelector().className(\"android.widget.TextView\").text(\"Guida TV\").resourceId(\"it.sky.msa:id/title\").instance(5)"}[39m
[35m[HTTP][39m [37m<-- POST /wd/hub/session/7b09e91a-1f5b-4df3-bc40-f0b7211be425/elements [39m[32m200[39m [90m63 ms - 74[39m
[35m[HTTP][39m [90m[39m
[35m[HTTP][39m [37m-->[39m [37mPOST[39m [37m/wd/hub/session/7b09e91a-1f5b-4df3-bc40-f0b7211be425/elements[39m
[35m[HTTP][39m [90m{"using":"-android uiautomator","value":"new UiSelector().className(\"android.widget.TextView\").text(\"Guida TV\").resourceId(\"it.sky.msa:id/title\").instance(5)"}[39m
[35m[HTTP][39m [37m<-- POST /wd/hub/session/7b09e91a-1f5b-4df3-bc40-f0b7211be425/elements [39m[32m200[39m [90m97 ms - 74[39m
[35m[HTTP][39m [90m[39m
[35m[HTTP][39m [37m-->[39m [37mPOST[39m [37m/wd/hub/session/7b09e91a-1f5b-4df3-bc40-f0b7211be425/elements[39m
[35m[HTTP][39m [90m{"using":"-android uiautomator","value":"new UiSelector().className(\"android.widget.TextView\").text(\"Guida TV\").resourceId(\"it.sky.msa:id/title\").instance(5)"}[39m
[35m[HTTP][39m [37m<-- POST /wd/hub/session/7b09e91a-1f5b-4df3-bc40-f0b7211be425/elements [39m[32m200[39m [90m58 ms - 74[39m
[35m[HTTP][39m [90m[39m
[35m[HTTP][39m [37m-->[39m [37mPOST[39m [37m/wd/hub/session/7b09e91a-1f5b-4df3-bc40-f0b7211be425/elements[39m
[35m[HTTP][39m [90m{"using":"-android uiautomator","value":"new UiSelector().className(\"android.widget.TextView\").text(\"Guida TV\").resourceId(\"it.sky.msa:id/title\").instance(5)"}[39m
[35m[HTTP][39m [37m<-- POST /wd/hub/session/7b09e91a-1f5b-4df3-bc40-f0b7211be425/elements [39m[32m200[39m [90m62 ms - 74[39m
[35m[HTTP][39m [90m[39m
[35m[HTTP][39m [37m-->[39m [37mPOST[39m [37m/wd/hub/session/7b09e91a-1f5b-4df3-bc40-f0b7211be425/elements[39m
[35m[HTTP][39m [90m{"using":"-android uiautomator","value":"new UiSelector().className(\"android.widget.TextView\").text(\"Guida TV\").resourceId(\"it.sky.msa:id/title\").instance(5)"}[39m
[35m[HTTP][39m [37m<-- POST /wd/hub/session/7b09e91a-1f5b-4df3-bc40-f0b7211be425/elements [39m[32m200[39m [90m85 ms - 74[39m
[35m[HTTP][39m [90m[39m
[35m[HTTP][39m [37m-->[39m [37mPOST[39m [37m/wd/hub/session/7b09e91a-1f5b-4df3-bc40-f0b7211be425/elements[39m
[35m[HTTP][39m [90m{"using":"-android uiautomator","value":"new UiSelector().className(\"android.widget.TextView\").text(\"Guida TV\").resourceId(\"it.sky.msa:id/title\").instance(5)"}[39m
[35m[HTTP][39m [37m<-- POST /wd/hub/session/7b09e91a-1f5b-4df3-bc40-f0b7211be425/elements [39m[32m200[39m [90m59 ms - 74[39m
[35m[HTTP][39m [90m[39m
[35m[HTTP][39m [37m-->[39m [37mPOST[39m [37m/wd/hub/session/7b09e91a-1f5b-4df3-bc40-f0b7211be425/elements[39m
[35m[HTTP][39m [90m{"using":"-android uiautomator","value":"new UiSelector().className(\"android.widget.TextView\").text(\"Guida TV\").resourceId(\"it.sky.msa:id/title\").instance(5)"}[39m
[35m[HTTP][39m [37m<-- POST /wd/hub/session/7b09e91a-1f5b-4df3-bc40-f0b7211be425/elements [39m[32m200[39m [90m65 ms - 74[39m
[35m[HTTP][39m [90m[39m
[35m[HTTP][39m [37m-->[39m [37mPOST[39m [37m/wd/hub/session/7b09e91a-1f5b-4df3-bc40-f0b7211be425/elements[39m
[35m[HTTP][39m [90m{"using":"-android uiautomator","value":"new UiSelector().className(\"android.widget.TextView\").text(\"Guida TV\").resourceId(\"it.sky.msa:id/title\").instance(5)"}[39m
[35m[HTTP][39m [37m<-- POST /wd/hub/session/7b09e91a-1f5b-4df3-bc40-f0b7211be425/elements [39m[32m200[39m [90m73 ms - 74[39m
[35m[HTTP][39m [90m[39m
[35m[HTTP][39m [37m-->[39m [37mPOST[39m [37m/wd/hub/session/7b09e91a-1f5b-4df3-bc40-f0b7211be425/elements[39m
[35m[HTTP][39m [90m{"using":"-android uiautomator","value":"new UiSelector().className(\"android.widget.TextView\").text(\"Guida TV\").resourceId(\"it.sky.msa:id/title\").instance(5)"}[39m
[35m[HTTP][39m [37m<-- POST /wd/hub/session/7b09e91a-1f5b-4df3-bc40-f0b7211be425/elements [39m[32m200[39m [90m56 ms - 74[39m
[35m[HTTP][39m [90m[39m
[35m[HTTP][39m [37m-->[39m [37mPOST[39m [37m/wd/hub/session/7b09e91a-1f5b-4df3-bc40-f0b7211be425/elements[39m
[35m[HTTP][39m [90m{"using":"-android uiautomator","value":"new UiSelector().className(\"android.widget.TextView\").text(\"Guida TV\").resourceId(\"it.sky.msa:id/title\").instance(5)"}[39m
[35m[HTTP][39m [37m<-- POST /wd/hub/session/7b09e91a-1f5b-4df3-bc40-f0b7211be425/elements [39m[32m200[39m [90m100 ms - 74[39m
[35m[HTTP][39m [90m[39m
[35m[HTTP][39m [37m-->[39m [37mPOST[39m [37m/wd/hub/session/7b09e91a-1f5b-4df3-bc40-f0b7211be425/elements[39m
[35m[HTTP][39m [90m{"using":"-android uiautomator","value":"new UiSelector().className(\"android.widget.TextView\").text(\"Guida TV\").resourceId(\"it.sky.msa:id/title\").instance(5)"}[39m
[35m[HTTP][39m [37m<-- POST /wd/hub/session/7b09e91a-1f5b-4df3-bc40-f0b7211be425/elements [39m[32m200[39m [90m79 ms - 74[39m
[35m[HTTP][39m [90m[39m
[35m[HTTP][39m [37m-->[39m [37mPOST[39m [37m/wd/hub/session/7b09e91a-1f5b-4df3-bc40-f0b7211be425/elements[39m
[35m[HTTP][39m [90m{"using":"-android uiautomator","value":"new UiSelector().className(\"android.widget.TextView\").text(\"Guida TV\").resourceId(\"it.sky.msa:id/title\").instance(5)"}[39m
[35m[HTTP][39m [37m<-- POST /wd/hub/session/7b09e91a-1f5b-4df3-bc40-f0b7211be425/elements [39m[32m200[39m [90m87 ms - 74[39m
[35m[HTTP][39m [90m[39m
[35m[HTTP][39m [37m-->[39m [37mPOST[39m [37m/wd/hub/session/7b09e91a-1f5b-4df3-bc40-f0b7211be425/elements[39m
[35m[HTTP][39m [90m{"using":"-android uiautomator","value":"new UiSelector().className(\"android.widget.TextView\").text(\"Guida TV\").resourceId(\"it.sky.msa:id/title\").instance(5)"}[39m
[35m[HTTP][39m [37m<-- POST /wd/hub/session/7b09e91a-1f5b-4df3-bc40-f0b7211be425/elements [39m[32m200[39m [90m77 ms - 74[39m
[35m[HTTP][39m [90m[39m
[35m[HTTP][39m [37m-->[39m [37mPOST[39m [37m/wd/hub/session/7b09e91a-1f5b-4df3-bc40-f0b7211be425/elements[39m
[35m[HTTP][39m [90m{"using":"-android uiautomator","value":"new UiSelector().className(\"android.widget.TextView\").text(\"Guida TV\").resourceId(\"it.sky.msa:id/title\").instance(5)"}[39m
[35m[HTTP][39m [37m<-- POST /wd/hub/session/7b09e91a-1f5b-4df3-bc40-f0b7211be425/elements [39m[32m200[39m [90m80 ms - 74[39m
[35m[HTTP][39m [90m[39m
[35m[HTTP][39m [37m-->[39m [37mPOST[39m [37m/wd/hub/session/7b09e91a-1f5b-4df3-bc40-f0b7211be425/elements[39m
[35m[HTTP][39m [90m{"using":"-android uiautomator","value":"new UiSelector().className(\"android.widget.TextView\").text(\"Guida TV\").resourceId(\"it.sky.msa:id/title\").instance(5)"}[39m
[35m[HTTP][39m [37m<-- POST /wd/hub/session/7b09e91a-1f5b-4df3-bc40-f0b7211be425/elements [39m[32m200[39m [90m79 ms - 74[39m
[35m[HTTP][39m [90m[39m
[35m[HTTP][39m [37m-->[39m [37mPOST[39m [37m/wd/hub/session/7b09e91a-1f5b-4df3-bc40-f0b7211be425/elements[39m
[35m[HTTP][39m [90m{"using":"-android uiautomator","value":"new UiSelector().className(\"android.widget.TextView\").text(\"Guida TV\").resourceId(\"it.sky.msa:id/title\").instance(5)"}[39m
[35m[HTTP][39m [37m<-- POST /wd/hub/session/7b09e91a-1f5b-4df3-bc40-f0b7211be425/elements [39m[32m200[39m [90m78 ms - 74[39m
[35m[HTTP][39m [90m[39m
[35m[HTTP][39m [37m-->[39m [37mPOST[39m [37m/wd/hub/session/7b09e91a-1f5b-4df3-bc40-f0b7211be425/elements[39m
[35m[HTTP][39m [90m{"using":"-android uiautomator","value":"new UiSelector().className(\"android.widget.TextView\").text(\"Guida TV\").resourceId(\"it.sky.msa:id/title\").instance(5)"}[39m
[35m[HTTP][39m [37m<-- POST /wd/hub/session/7b09e91a-1f5b-4df3-bc40-f0b7211be425/elements [39m[32m200[39m [90m80 ms - 74[39m
[35m[HTTP][39m [90m[39m
[35m[HTTP][39m [37m-->[39m [37mPOST[39m [37m/wd/hub/session/7b09e91a-1f5b-4df3-bc40-f0b7211be425/elements[39m
[35m[HTTP][39m [90m{"using":"-android uiautomator","value":"new UiSelector().className(\"android.widget.TextView\").text(\"Guida TV\").resourceId(\"it.sky.msa:id/title\").instance(5)"}[39m
[35m[HTTP][39m [37m<-- POST /wd/hub/session/7b09e91a-1f5b-4df3-bc40-f0b7211be425/elements [39m[32m200[39m [90m73 ms - 74[39m
[35m[HTTP][39m [90m[39m
[35m[HTTP][39m [37m-->[39m [37mPOST[39m [37m/wd/hub/session/7b09e91a-1f5b-4df3-bc40-f0b7211be425/elements[39m
[35m[HTTP][39m [90m{"using":"-android uiautomator","value":"new UiSelector().className(\"android.widget.TextView\").text(\"Guida TV\").resourceId(\"it.sky.msa:id/title\").instance(5)"}[39m
[35m[HTTP][39m [37m<-- POST /wd/hub/session/7b09e91a-1f5b-4df3-bc40-f0b7211be425/elements [39m[32m200[39m [90m141 ms - 74[39m
[35m[HTTP][39m [90m[39m
[35m[HTTP][39m [37m-->[39m [37mPOST[39m [37m/wd/hub/session/7b09e91a-1f5b-4df3-bc40-f0b7211be425/elements[39m
[35m[HTTP][39m [90m{"using":"-android uiautomator","value":"new UiSelector().className(\"android.widget.TextView\").text(\"Guida TV\").resourceId(\"it.sky.msa:id/title\").instance(5)"}[39m
[35m[HTTP][39m [37m<-- POST /wd/hub/session/7b09e91a-1f5b-4df3-bc40-f0b7211be425/elements [39m[32m200[39m [90m967 ms - 124[39m
[35m[HTTP][39m [90m[39m
[35m[HTTP][39m [37m-->[39m [37mGET[39m [37m/wd/hub/session/7b09e91a-1f5b-4df3-bc40-f0b7211be425[39m
[35m[HTTP][39m [90m{}[39m
[35m[HTTP][39m [37m<-- GET /wd/hub/session/7b09e91a-1f5b-4df3-bc40-f0b7211be425 [39m[32m200[39m [90m48 ms - 1133[39m
[35m[HTTP][39m [90m[39m
[35m[HTTP][39m [37m-->[39m [37mGET[39m [37m/wd/hub/session/7b09e91a-1f5b-4df3-bc40-f0b7211be425[39m
[35m[HTTP][39m [90m{}[39m
[35m[HTTP][39m [37m<-- GET /wd/hub/session/7b09e91a-1f5b-4df3-bc40-f0b7211be425 [39m[32m200[39m [90m31 ms - 1133[39m
[35m[HTTP][39m [90m[39m
[35m[HTTP][39m [37m-->[39m [37mGET[39m [37m/wd/hub/session/7b09e91a-1f5b-4df3-bc40-f0b7211be425[39m
[35m[HTTP][39m [90m{}[39m
[35m[HTTP][39m [37m<-- GET /wd/hub/session/7b09e91a-1f5b-4df3-bc40-f0b7211be425 [39m[32m200[39m [90m32 ms - 1133[39m
[35m[HTTP][39m [90m[39m
[35m[HTTP][39m [37m-->[39m [37mGET[39m [37m/wd/hub/session/7b09e91a-1f5b-4df3-bc40-f0b7211be425[39m
[35m[HTTP][39m [90m{}[39m
[35m[HTTP][39m [37m<-- GET /wd/hub/session/7b09e91a-1f5b-4df3-bc40-f0b7211be425 [39m[32m200[39m [90m33 ms - 1133[39m
[35m[HTTP][39m [90m[39m
[35m[HTTP][39m [37m-->[39m [37mGET[39m [37m/wd/hub/session/7b09e91a-1f5b-4df3-bc40-f0b7211be425/element/d457a9ce-395a-48ce-8ea5-dfa2f0a4cda9/location[39m
[35m[HTTP][39m [90m{}[39m
[35m[W3C][39m Driver proxy active, passing request on via HTTP proxy
[35m[JSONWP Proxy][39m Replacing sessionId 0f03da95-4c4c-4931-92c6-ae3cb9f6058f with 7b09e91a-1f5b-4df3-bc40-f0b7211be425
[35m[HTTP][39m [37m<-- GET /wd/hub/session/7b09e91a-1f5b-4df3-bc40-f0b7211be425/element/d457a9ce-395a-48ce-8ea5-dfa2f0a4cda9/location [39m[32m200[39m [90m75 ms - 90[39m
[35m[HTTP][39m [90m[39m
[35m[HTTP][39m [37m-->[39m [37mPOST[39m [37m/wd/hub/session/7b09e91a-1f5b-4df3-bc40-f0b7211be425/touch/perform[39m
[35m[HTTP][39m [90m{"actions":[{"action":"tap","options":{"element":"d457a9ce-395a-48ce-8ea5-dfa2f0a4cda9","x":1,"y":1}}]}[39m
[35m[UiAutomator2][39m calling get location: d457a9ce-395a-48ce-8ea5-dfa2f0a4cda9
[35m[HTTP][39m [37m<-- POST /wd/hub/session/7b09e91a-1f5b-4df3-bc40-f0b7211be425/touch/perform [39m[32m200[39m [90m1127 ms - 76[39m
[35m[HTTP][39m [90m[39m
[35m[HTTP][39m [37m-->[39m [37mGET[39m [37m/wd/hub/session/7b09e91a-1f5b-4df3-bc40-f0b7211be425/window/current/size[39m
[35m[HTTP][39m [90m{}[39m
[35m[W3C][39m Driver proxy active, passing request on via HTTP proxy
[35m[JSONWP Proxy][39m Replacing sessionId 0f03da95-4c4c-4931-92c6-ae3cb9f6058f with 7b09e91a-1f5b-4df3-bc40-f0b7211be425
[35m[HTTP][39m [37m<-- GET /wd/hub/session/7b09e91a-1f5b-4df3-bc40-f0b7211be425/window/current/size [39m[32m200[39m [90m83 ms - 100[39m
[35m[HTTP][39m [90m[39m
[35m[HTTP][39m [37m-->[39m [37mPOST[39m [37m/wd/hub/session/7b09e91a-1f5b-4df3-bc40-f0b7211be425/elements[39m
[35m[HTTP][39m [90m{"using":"-android uiautomator","value":"new UiSelector().className(\"android.widget.TextView\").text(\"GUIDA TV\").resourceId(\"it.sky.msa:id/headerTitle\").instance(0)"}[39m
[35m[HTTP][39m [37m<-- POST /wd/hub/session/7b09e91a-1f5b-4df3-bc40-f0b7211be425/elements [39m[32m200[39m [90m995 ms - 124[39m
[35m[HTTP][39m [90m[39m
[35m[HTTP][39m [37m-->[39m [37mGET[39m [37m/wd/hub/session/7b09e91a-1f5b-4df3-bc40-f0b7211be425[39m
[35m[HTTP][39m [90m{}[39m
[35m[HTTP][39m [37m<-- GET /wd/hub/session/7b09e91a-1f5b-4df3-bc40-f0b7211be425 [39m[32m200[39m [90m29 ms - 1133[39m
[35m[HTTP][39m [90m[39m
[35m[HTTP][39m [37m-->[39m [37mGET[39m [37m/wd/hub/session/7b09e91a-1f5b-4df3-bc40-f0b7211be425[39m
[35m[HTTP][39m [90m{}[39m
[35m[HTTP][39m [37m<-- GET /wd/hub/session/7b09e91a-1f5b-4df3-bc40-f0b7211be425 [39m[32m200[39m [90m39 ms - 1133[39m
[35m[HTTP][39m [90m[39m
[35m[HTTP][39m [37m-->[39m [37mGET[39m [37m/wd/hub/session/7b09e91a-1f5b-4df3-bc40-f0b7211be425[39m
[35m[HTTP][39m [90m{}[39m
[35m[HTTP][39m [37m<-- GET /wd/hub/session/7b09e91a-1f5b-4df3-bc40-f0b7211be425 [39m[32m200[39m [90m30 ms - 1133[39m
[35m[HTTP][39m [90m[39m
[35m[HTTP][39m [37m-->[39m [37mGET[39m [37m/wd/hub/session/7b09e91a-1f5b-4df3-bc40-f0b7211be425[39m
[35m[HTTP][39m [90m{}[39m
[35m[HTTP][39m [37m<-- GET /wd/hub/session/7b09e91a-1f5b-4df3-bc40-f0b7211be425 [39m[32m200[39m [90m31 ms - 1133[39m
[35m[HTTP][39m [90m[39m
[35m[HTTP][39m [37m-->[39m [37mGET[39m [37m/wd/hub/session/7b09e91a-1f5b-4df3-bc40-f0b7211be425/element/bce9a91e-5eb2-4e4b-a413-ddb2fca8ba43/location[39m
[35m[HTTP][39m [90m{}[39m
[35m[W3C][39m Driver proxy active, passing request on via HTTP proxy
[35m[JSONWP Proxy][39m Replacing sessionId 0f03da95-4c4c-4931-92c6-ae3cb9f6058f with 7b09e91a-1f5b-4df3-bc40-f0b7211be425
[35m[HTTP][39m [37m<-- GET /wd/hub/session/7b09e91a-1f5b-4df3-bc40-f0b7211be425/element/bce9a91e-5eb2-4e4b-a413-ddb2fca8ba43/location [39m[32m200[39m [90m82 ms - 88[39m
[35m[HTTP][39m [90m[39m
[35m[HTTP][39m [37m-->[39m [37mGET[39m [37m/wd/hub/session/7b09e91a-1f5b-4df3-bc40-f0b7211be425/window/current/size[39m
[35m[HTTP][39m [90m{}[39m
[35m[W3C][39m Driver proxy active, passing request on via HTTP proxy
[35m[JSONWP Proxy][39m Replacing sessionId 0f03da95-4c4c-4931-92c6-ae3cb9f6058f with 7b09e91a-1f5b-4df3-bc40-f0b7211be425
[35m[HTTP][39m [37m<-- GET /wd/hub/session/7b09e91a-1f5b-4df3-bc40-f0b7211be425/window/current/size [39m[32m200[39m [90m38 ms - 100[39m
[35m[HTTP][39m [90m[39m
[35m[HTTP][39m [37m-->[39m [37mPOST[39m [37m/wd/hub/session/7b09e91a-1f5b-4df3-bc40-f0b7211be425/elements[39m
[35m[HTTP][39m [90m{"using":"-android uiautomator","value":"new UiSelector().className(\"android.widget.ImageView\").resourceId(\"it.sky.msa:id/heroImageImageView\").instance(0)"}[39m
[35m[HTTP][39m [37m<-- POST /wd/hub/session/7b09e91a-1f5b-4df3-bc40-f0b7211be425/elements [39m[32m200[39m [90m161 ms - 124[39m
[35m[HTTP][39m [90m[39m
[35m[HTTP][39m [37m-->[39m [37mGET[39m [37m/wd/hub/session/7b09e91a-1f5b-4df3-bc40-f0b7211be425[39m
[35m[HTTP][39m [90m{}[39m
[35m[HTTP][39m [37m<-- GET /wd/hub/session/7b09e91a-1f5b-4df3-bc40-f0b7211be425 [39m[32m200[39m [90m32 ms - 1133[39m
[35m[HTTP][39m [90m[39m
[35m[HTTP][39m [37m-->[39m [37mGET[39m [37m/wd/hub/session/7b09e91a-1f5b-4df3-bc40-f0b7211be425[39m
[35m[HTTP][39m [90m{}[39m
[35m[HTTP][39m [37m<-- GET /wd/hub/session/7b09e91a-1f5b-4df3-bc40-f0b7211be425 [39m[32m200[39m [90m29 ms - 1133[39m
[35m[HTTP][39m [90m[39m
[35m[HTTP][39m [37m-->[39m [37mGET[39m [37m/wd/hub/session/7b09e91a-1f5b-4df3-bc40-f0b7211be425[39m
[35m[HTTP][39m [90m{}[39m
[35m[HTTP][39m [37m<-- GET /wd/hub/session/7b09e91a-1f5b-4df3-bc40-f0b7211be425 [39m[32m200[39m [90m30 ms - 1133[39m
[35m[HTTP][39m [90m[39m
[35m[HTTP][39m [37m-->[39m [37mGET[39m [37m/wd/hub/session/7b09e91a-1f5b-4df3-bc40-f0b7211be425[39m
[35m[HTTP][39m [90m{}[39m
[35m[HTTP][39m [37m<-- GET /wd/hub/session/7b09e91a-1f5b-4df3-bc40-f0b7211be425 [39m[32m200[39m [90m24 ms - 1133[39m
[35m[HTTP][39m [90m[39m
[35m[HTTP][39m [37m-->[39m [37mGET[39m [37m/wd/hub/session/7b09e91a-1f5b-4df3-bc40-f0b7211be425/element/4952d773-01fd-4a5b-9d05-b0b2837d3cd2/location[39m
[35m[HTTP][39m [90m{}[39m
[35m[W3C][39m Driver proxy active, passing request on via HTTP proxy
[35m[JSONWP Proxy][39m Replacing sessionId 0f03da95-4c4c-4931-92c6-ae3cb9f6058f with 7b09e91a-1f5b-4df3-bc40-f0b7211be425
[35m[HTTP][39m [37m<-- GET /wd/hub/session/7b09e91a-1f5b-4df3-bc40-f0b7211be425/element/4952d773-01fd-4a5b-9d05-b0b2837d3cd2/location [39m[32m200[39m [90m61 ms - 87[39m
[35m[HTTP][39m [90m[39m
[35m[HTTP][39m [37m-->[39m [37mGET[39m [37m/wd/hub/session/7b09e91a-1f5b-4df3-bc40-f0b7211be425/element/4952d773-01fd-4a5b-9d05-b0b2837d3cd2/attribute/resourceId[39m
[35m[HTTP][39m [90m{}[39m
[35m[HTTP][39m [37m<-- GET /wd/hub/session/7b09e91a-1f5b-4df3-bc40-f0b7211be425/element/4952d773-01fd-4a5b-9d05-b0b2837d3cd2/attribute/resourceId [39m[32m200[39m [90m62 ms - 106[39m
[35m[HTTP][39m [90m[39m
[35m[HTTP][39m [37m-->[39m [37mGET[39m [37m/wd/hub/session/7b09e91a-1f5b-4df3-bc40-f0b7211be425/window/current/size[39m
[35m[HTTP][39m [90m{}[39m
[35m[W3C][39m Driver proxy active, passing request on via HTTP proxy
[35m[JSONWP Proxy][39m Replacing sessionId 0f03da95-4c4c-4931-92c6-ae3cb9f6058f with 7b09e91a-1f5b-4df3-bc40-f0b7211be425
[35m[HTTP][39m [37m<-- GET /wd/hub/session/7b09e91a-1f5b-4df3-bc40-f0b7211be425/window/current/size [39m[32m200[39m [90m36 ms - 100[39m
[35m[HTTP][39m [90m[39m
[35m[HTTP][39m [37m-->[39m [37mPOST[39m [37m/wd/hub/session/7b09e91a-1f5b-4df3-bc40-f0b7211be425/elements[39m
[35m[HTTP][39m [90m{"using":"-android uiautomator","value":"new UiSelector().className(\"android.widget.TextView\").text(\"IN EVIDENZA\").resourceId(\"it.sky.msa:id/heroPromoTextView\").instance(6)"}[39m
[35m[HTTP][39m [37m<-- POST /wd/hub/session/7b09e91a-1f5b-4df3-bc40-f0b7211be425/elements [39m[32m200[39m [90m150 ms - 124[39m
[35m[HTTP][39m [90m[39m
[35m[HTTP][39m [37m-->[39m [37mGET[39m [37m/wd/hub/session/7b09e91a-1f5b-4df3-bc40-f0b7211be425[39m
[35m[HTTP][39m [90m{}[39m
[35m[HTTP][39m [37m<-- GET /wd/hub/session/7b09e91a-1f5b-4df3-bc40-f0b7211be425 [39m[32m200[39m [90m33 ms - 1133[39m
[35m[HTTP][39m [90m[39m
[35m[HTTP][39m [37m-->[39m [37mGET[39m [37m/wd/hub/session/7b09e91a-1f5b-4df3-bc40-f0b7211be425[39m
[35m[HTTP][39m [90m{}[39m
[35m[HTTP][39m [37m<-- GET /wd/hub/session/7b09e91a-1f5b-4df3-bc40-f0b7211be425 [39m[32m200[39m [90m25 ms - 1133[39m
[35m[HTTP][39m [90m[39m
[35m[HTTP][39m [37m-->[39m [37mGET[39m [37m/wd/hub/session/7b09e91a-1f5b-4df3-bc40-f0b7211be425[39m
[35m[HTTP][39m [90m{}[39m
[35m[HTTP][39m [37m<-- GET /wd/hub/session/7b09e91a-1f5b-4df3-bc40-f0b7211be425 [39m[32m200[39m [90m25 ms - 1133[39m
[35m[HTTP][39m [90m[39m
[35m[HTTP][39m [37m-->[39m [37mGET[39m [37m/wd/hub/session/7b09e91a-1f5b-4df3-bc40-f0b7211be425[39m
[35m[HTTP][39m [90m{}[39m
[35m[HTTP][39m [37m<-- GET /wd/hub/session/7b09e91a-1f5b-4df3-bc40-f0b7211be425 [39m[32m200[39m [90m24 ms - 1133[39m
[35m[HTTP][39m [90m[39m
[35m[HTTP][39m [37m-->[39m [37mGET[39m [37m/wd/hub/session/7b09e91a-1f5b-4df3-bc40-f0b7211be425/element/e9e4067f-0df8-471e-93df-69611444ad7b/location[39m
[35m[HTTP][39m [90m{}[39m
[35m[W3C][39m Driver proxy active, passing request on via HTTP proxy
[35m[JSONWP Proxy][39m Replacing sessionId 0f03da95-4c4c-4931-92c6-ae3cb9f6058f with 7b09e91a-1f5b-4df3-bc40-f0b7211be425
[35m[HTTP][39m [37m<-- GET /wd/hub/session/7b09e91a-1f5b-4df3-bc40-f0b7211be425/element/e9e4067f-0df8-471e-93df-69611444ad7b/location [39m[32m200[39m [90m60 ms - 88[39m
[35m[HTTP][39m [90m[39m
[35m[HTTP][39m [37m-->[39m [37mGET[39m [37m/wd/hub/session/7b09e91a-1f5b-4df3-bc40-f0b7211be425/element/e9e4067f-0df8-471e-93df-69611444ad7b/text[39m
[35m[HTTP][39m [90m{}[39m
[35m[W3C][39m Driver proxy active, passing request on via HTTP proxy
[35m[JSONWP Proxy][39m Replacing sessionId 0f03da95-4c4c-4931-92c6-ae3cb9f6058f with 7b09e91a-1f5b-4df3-bc40-f0b7211be425
[35m[HTTP][39m [37m<-- GET /wd/hub/session/7b09e91a-1f5b-4df3-bc40-f0b7211be425/element/e9e4067f-0df8-471e-93df-69611444ad7b/text [39m[32m200[39m [90m87 ms - 85[39m
[35m[HTTP][39m [90m[39m
[35m[HTTP][39m [37m-->[39m [37mGET[39m [37m/wd/hub/session/7b09e91a-1f5b-4df3-bc40-f0b7211be425/window/current/size[39m
[35m[HTTP][39m [90m{}[39m
[35m[W3C][39m Driver proxy active, passing request on via HTTP proxy
[35m[JSONWP Proxy][39m Replacing sessionId 0f03da95-4c4c-4931-92c6-ae3cb9f6058f with 7b09e91a-1f5b-4df3-bc40-f0b7211be425
[35m[HTTP][39m [37m<-- GET /wd/hub/session/7b09e91a-1f5b-4df3-bc40-f0b7211be425/window/current/size [39m[32m200[39m [90m31 ms - 100[39m
[35m[HTTP][39m [90m[39m
[35m[HTTP][39m [37m-->[39m [37mPOST[39m [37m/wd/hub/session/7b09e91a-1f5b-4df3-bc40-f0b7211be425/elements[39m
[35m[HTTP][39m [90m{"using":"-android uiautomator","value":"new UiSelector().className(\"android.widget.TextView\").resourceId(\"it.sky.msa:id/heroTitleTextView\").instance(7)"}[39m
[35m[HTTP][39m [37m<-- POST /wd/hub/session/7b09e91a-1f5b-4df3-bc40-f0b7211be425/elements [39m[32m200[39m [90m141 ms - 124[39m
[35m[HTTP][39m [90m[39m
[35m[HTTP][39m [37m-->[39m [37mGET[39m [37m/wd/hub/session/7b09e91a-1f5b-4df3-bc40-f0b7211be425[39m
[35m[HTTP][39m [90m{}[39m
[35m[HTTP][39m [37m<-- GET /wd/hub/session/7b09e91a-1f5b-4df3-bc40-f0b7211be425 [39m[32m200[39m [90m26 ms - 1133[39m
[35m[HTTP][39m [90m[39m
[35m[HTTP][39m [37m-->[39m [37mGET[39m [37m/wd/hub/session/7b09e91a-1f5b-4df3-bc40-f0b7211be425[39m
[35m[HTTP][39m [90m{}[39m
[35m[HTTP][39m [37m<-- GET /wd/hub/session/7b09e91a-1f5b-4df3-bc40-f0b7211be425 [39m[32m200[39m [90m25 ms - 1133[39m
[35m[HTTP][39m [90m[39m
[35m[HTTP][39m [37m-->[39m [37mGET[39m [37m/wd/hub/session/7b09e91a-1f5b-4df3-bc40-f0b7211be425[39m
[35m[HTTP][39m [90m{}[39m
[35m[HTTP][39m [37m<-- GET /wd/hub/session/7b09e91a-1f5b-4df3-bc40-f0b7211be425 [39m[32m200[39m [90m29 ms - 1133[39m
[35m[HTTP][39m [90m[39m
[35m[HTTP][39m [37m-->[39m [37mGET[39m [37m/wd/hub/session/7b09e91a-1f5b-4df3-bc40-f0b7211be425[39m
[35m[HTTP][39m [90m{}[39m
[35m[HTTP][39m [37m<-- GET /wd/hub/session/7b09e91a-1f5b-4df3-bc40-f0b7211be425 [39m[32m200[39m [90m28 ms - 1133[39m
[35m[HTTP][39m [90m[39m
[35m[HTTP][39m [37m-->[39m [37mGET[39m [37m/wd/hub/session/7b09e91a-1f5b-4df3-bc40-f0b7211be425/element/6486a0d5-7214-4a4b-bb75-bcc775058303/location[39m
[35m[HTTP][39m [90m{}[39m
[35m[W3C][39m Driver proxy active, passing request on via HTTP proxy
[35m[JSONWP Proxy][39m Replacing sessionId 0f03da95-4c4c-4931-92c6-ae3cb9f6058f with 7b09e91a-1f5b-4df3-bc40-f0b7211be425
[35m[HTTP][39m [37m<-- GET /wd/hub/session/7b09e91a-1f5b-4df3-bc40-f0b7211be425/element/6486a0d5-7214-4a4b-bb75-bcc775058303/location [39m[32m200[39m [90m53 ms - 88[39m
[35m[HTTP][39m [90m[39m
[35m[HTTP][39m [37m-->[39m [37mGET[39m [37m/wd/hub/session/7b09e91a-1f5b-4df3-bc40-f0b7211be425/window/current/size[39m
[35m[HTTP][39m [90m{}[39m
[35m[W3C][39m Driver proxy active, passing request on via HTTP proxy
[35m[JSONWP Proxy][39m Replacing sessionId 0f03da95-4c4c-4931-92c6-ae3cb9f6058f with 7b09e91a-1f5b-4df3-bc40-f0b7211be425
[35m[HTTP][39m [37m<-- GET /wd/hub/session/7b09e91a-1f5b-4df3-bc40-f0b7211be425/window/current/size [39m[32m200[39m [90m31 ms - 100[39m
[35m[HTTP][39m [90m[39m
[35m[HTTP][39m [37m-->[39m [37mPOST[39m [37m/wd/hub/session/7b09e91a-1f5b-4df3-bc40-f0b7211be425/elements[39m
[35m[HTTP][39m [90m{"using":"-android uiautomator","value":"new UiSelector().className(\"android.widget.TextView\").resourceId(\"it.sky.msa:id/heroCaptionTextView\").instance(8)"}[39m
[35m[HTTP][39m [37m<-- POST /wd/hub/session/7b09e91a-1f5b-4df3-bc40-f0b7211be425/elements [39m[32m200[39m [90m102 ms - 124[39m
[35m[HTTP][39m [90m[39m
[35m[HTTP][39m [37m-->[39m [37mGET[39m [37m/wd/hub/session/7b09e91a-1f5b-4df3-bc40-f0b7211be425[39m
[35m[HTTP][39m [90m{}[39m
[35m[HTTP][39m [37m<-- GET /wd/hub/session/7b09e91a-1f5b-4df3-bc40-f0b7211be425 [39m[32m200[39m [90m23 ms - 1133[39m
[35m[HTTP][39m [90m[39m
[35m[HTTP][39m [37m-->[39m [37mGET[39m [37m/wd/hub/session/7b09e91a-1f5b-4df3-bc40-f0b7211be425[39m
[35m[HTTP][39m [90m{}[39m
[35m[HTTP][39m [37m<-- GET /wd/hub/session/7b09e91a-1f5b-4df3-bc40-f0b7211be425 [39m[32m200[39m [90m25 ms - 1133[39m
[35m[HTTP][39m [90m[39m
[35m[HTTP][39m [37m-->[39m [37mGET[39m [37m/wd/hub/session/7b09e91a-1f5b-4df3-bc40-f0b7211be425[39m
[35m[HTTP][39m [90m{}[39m
[35m[HTTP][39m [37m<-- GET /wd/hub/session/7b09e91a-1f5b-4df3-bc40-f0b7211be425 [39m[32m200[39m [90m25 ms - 1133[39m
[35m[HTTP][39m [90m[39m
[35m[HTTP][39m [37m-->[39m [37mGET[39m [37m/wd/hub/session/7b09e91a-1f5b-4df3-bc40-f0b7211be425[39m
[35m[HTTP][39m [90m{}[39m
[35m[HTTP][39m [37m<-- GET /wd/hub/session/7b09e91a-1f5b-4df3-bc40-f0b7211be425 [39m[32m200[39m [90m25 ms - 1133[39m
[35m[HTTP][39m [90m[39m
[35m[HTTP][39m [37m-->[39m [37mGET[39m [37m/wd/hub/session/7b09e91a-1f5b-4df3-bc40-f0b7211be425/element/4b15e63a-ebcb-43d5-9d58-4a549838ffb3/location[39m
[35m[HTTP][39m [90m{}[39m
[35m[W3C][39m Driver proxy active, passing request on via HTTP proxy
[35m[JSONWP Proxy][39m Replacing sessionId 0f03da95-4c4c-4931-92c6-ae3cb9f6058f with 7b09e91a-1f5b-4df3-bc40-f0b7211be425
[35m[HTTP][39m [37m<-- GET /wd/hub/session/7b09e91a-1f5b-4df3-bc40-f0b7211be425/element/4b15e63a-ebcb-43d5-9d58-4a549838ffb3/location [39m[32m200[39m [90m51 ms - 89[39m
[35m[HTTP][39m [90m[39m
[35m[HTTP][39m [37m-->[39m [37mGET[39m [37m/wd/hub/session/7b09e91a-1f5b-4df3-bc40-f0b7211be425/window/current/size[39m
[35m[HTTP][39m [90m{}[39m
[35m[W3C][39m Driver proxy active, passing request on via HTTP proxy
[35m[JSONWP Proxy][39m Replacing sessionId 0f03da95-4c4c-4931-92c6-ae3cb9f6058f with 7b09e91a-1f5b-4df3-bc40-f0b7211be425
[35m[HTTP][39m [37m<-- GET /wd/hub/session/7b09e91a-1f5b-4df3-bc40-f0b7211be425/window/current/size [39m[32m200[39m [90m41 ms - 100[39m
[35m[HTTP][39m [90m[39m
[35m[HTTP][39m [37m-->[39m [37mPOST[39m [37m/wd/hub/session/7b09e91a-1f5b-4df3-bc40-f0b7211be425/elements[39m
[35m[HTTP][39m [90m{"using":"-android uiautomator","value":"new UiSelector().className(\"android.widget.TextView\").resourceId(\"it.sky.msa:id/heroCaptionTextView\").instance(8)"}[39m
[35m[HTTP][39m [37m<-- POST /wd/hub/session/7b09e91a-1f5b-4df3-bc40-f0b7211be425/elements [39m[32m200[39m [90m138 ms - 124[39m
[35m[HTTP][39m [90m[39m
[35m[HTTP][39m [37m-->[39m [37mGET[39m [37m/wd/hub/session/7b09e91a-1f5b-4df3-bc40-f0b7211be425[39m
[35m[HTTP][39m [90m{}[39m
[35m[HTTP][39m [37m<-- GET /wd/hub/session/7b09e91a-1f5b-4df3-bc40-f0b7211be425 [39m[32m200[39m [90m28 ms - 1133[39m
[35m[HTTP][39m [90m[39m
[35m[HTTP][39m [37m-->[39m [37mGET[39m [37m/wd/hub/session/7b09e91a-1f5b-4df3-bc40-f0b7211be425[39m
[35m[HTTP][39m [90m{}[39m
[35m[HTTP][39m [37m<-- GET /wd/hub/session/7b09e91a-1f5b-4df3-bc40-f0b7211be425 [39m[32m200[39m [90m27 ms - 1133[39m
[35m[HTTP][39m [90m[39m
[35m[HTTP][39m [37m-->[39m [37mGET[39m [37m/wd/hub/session/7b09e91a-1f5b-4df3-bc40-f0b7211be425[39m
[35m[HTTP][39m [90m{}[39m
[35m[HTTP][39m [37m<-- GET /wd/hub/session/7b09e91a-1f5b-4df3-bc40-f0b7211be425 [39m[32m200[39m [90m28 ms - 1133[39m
[35m[HTTP][39m [90m[39m
[35m[HTTP][39m [37m-->[39m [37mGET[39m [37m/wd/hub/session/7b09e91a-1f5b-4df3-bc40-f0b7211be425[39m
[35m[HTTP][39m [90m{}[39m
[35m[HTTP][39m [37m<-- GET /wd/hub/session/7b09e91a-1f5b-4df3-bc40-f0b7211be425 [39m[32m200[39m [90m34 ms - 1133[39m
[35m[HTTP][39m [90m[39m
[35m[HTTP][39m [37m-->[39m [37mGET[39m [37m/wd/hub/session/7b09e91a-1f5b-4df3-bc40-f0b7211be425/element/d18a7342-f812-44a5-a61e-e26dcbb8908f/location[39m
[35m[HTTP][39m [90m{}[39m
[35m[W3C][39m Driver proxy active, passing request on via HTTP proxy
[35m[JSONWP Proxy][39m Replacing sessionId 0f03da95-4c4c-4931-92c6-ae3cb9f6058f with 7b09e91a-1f5b-4df3-bc40-f0b7211be425
[35m[HTTP][39m [37m<-- GET /wd/hub/session/7b09e91a-1f5b-4df3-bc40-f0b7211be425/element/d18a7342-f812-44a5-a61e-e26dcbb8908f/location [39m[32m200[39m [90m69 ms - 89[39m
[35m[HTTP][39m [90m[39m
[35m[HTTP][39m [37m-->[39m [37mGET[39m [37m/wd/hub/session/7b09e91a-1f5b-4df3-bc40-f0b7211be425/element/d18a7342-f812-44a5-a61e-e26dcbb8908f/text[39m
[35m[HTTP][39m [90m{}[39m
[35m[W3C][39m Driver proxy active, passing request on via HTTP proxy
[35m[JSONWP Proxy][39m Replacing sessionId 0f03da95-4c4c-4931-92c6-ae3cb9f6058f with 7b09e91a-1f5b-4df3-bc40-f0b7211be425
[35m[HTTP][39m [37m<-- GET /wd/hub/session/7b09e91a-1f5b-4df3-bc40-f0b7211be425/element/d18a7342-f812-44a5-a61e-e26dcbb8908f/text [39m[32m200[39m [90m73 ms - 89[39m
[35m[HTTP][39m [90m[39m
[35m[HTTP][39m [37m-->[39m [37mGET[39m [37m/wd/hub/session/7b09e91a-1f5b-4df3-bc40-f0b7211be425/context[39m
[35m[HTTP][39m [90m{}[39m
[35m[HTTP][39m [37m<-- GET /wd/hub/session/7b09e91a-1f5b-4df3-bc40-f0b7211be425/context [39m[32m200[39m [90m2 ms - 84[39m
[35m[HTTP][39m [90m[39m
[35m[HTTP][39m [37m-->[39m [37mGET[39m [37m/wd/hub/session/7b09e91a-1f5b-4df3-bc40-f0b7211be425/contexts[39m
[35m[HTTP][39m [90m{}[39m
[35m[HTTP][39m [37m<-- GET /wd/hub/session/7b09e91a-1f5b-4df3-bc40-f0b7211be425/contexts [39m[32m200[39m [90m96 ms - 86[39m
[35m[HTTP][39m [90m[39m
[35m[HTTP][39m [37m-->[39m [37mPOST[39m [37m/wd/hub/session/7b09e91a-1f5b-4df3-bc40-f0b7211be425/context[39m
[35m[HTTP][39m [90m{"name":"NATIVE_APP"}[39m
[35m[HTTP][39m [37m<-- POST /wd/hub/session/7b09e91a-1f5b-4df3-bc40-f0b7211be425/context [39m[32m200[39m [90m89 ms - 76[39m
[35m[HTTP][39m [90m[39m
[35m[HTTP][39m [37m-->[39m [37mPOST[39m [37m/wd/hub/session/7b09e91a-1f5b-4df3-bc40-f0b7211be425/touch/perform[39m
[35m[HTTP][39m [90m{"actions":[{"action":"press","options":{"x":0,"y":1000}},{"action":"wait","options":{"ms":500}},{"action":"moveTo","options":{"x":0,"y":200}}]}[39m
[35m[HTTP][39m [37m<-- POST /wd/hub/session/7b09e91a-1f5b-4df3-bc40-f0b7211be425/touch/perform [39m[32m200[39m [90m2154 ms - 76[39m
[35m[HTTP][39m [90m[39m
[35m[HTTP][39m [37m-->[39m [37mPOST[39m [37m/wd/hub/session/7b09e91a-1f5b-4df3-bc40-f0b7211be425/context[39m
[35m[HTTP][39m [90m{"name":"NATIVE_APP"}[39m
[35m[HTTP][39m [37m<-- POST /wd/hub/session/7b09e91a-1f5b-4df3-bc40-f0b7211be425/context [39m[32m200[39m [90m101 ms - 76[39m
[35m[HTTP][39m [90m[39m
[35m[HTTP][39m [37m-->[39m [37mGET[39m [37m/wd/hub/session/7b09e91a-1f5b-4df3-bc40-f0b7211be425/window/current/size[39m
[35m[HTTP][39m [90m{}[39m
[35m[W3C][39m Driver proxy active, passing request on via HTTP proxy
[35m[JSONWP Proxy][39m Replacing sessionId 0f03da95-4c4c-4931-92c6-ae3cb9f6058f with 7b09e91a-1f5b-4df3-bc40-f0b7211be425
[35m[HTTP][39m [37m<-- GET /wd/hub/session/7b09e91a-1f5b-4df3-bc40-f0b7211be425/window/current/size [39m[32m200[39m [90m62 ms - 100[39m
[35m[HTTP][39m [90m[39m
[35m[HTTP][39m [37m-->[39m [37mPOST[39m [37m/wd/hub/session/7b09e91a-1f5b-4df3-bc40-f0b7211be425/elements[39m
[35m[HTTP][39m [90m{"using":"-android uiautomator","value":"new UiSelector().className(\"android.widget.TextView\").text(\"Scelti per te questa settimana\").resourceId(\"it.sky.msa:id/categoryTitle\").instance(6)"}[39m
[35m[HTTP][39m [37m<-- POST /wd/hub/session/7b09e91a-1f5b-4df3-bc40-f0b7211be425/elements [39m[32m200[39m [90m122 ms - 124[39m
[35m[HTTP][39m [90m[39m
[35m[HTTP][39m [37m-->[39m [37mGET[39m [37m/wd/hub/session/7b09e91a-1f5b-4df3-bc40-f0b7211be425[39m
[35m[HTTP][39m [90m{}[39m
[35m[HTTP][39m [37m<-- GET /wd/hub/session/7b09e91a-1f5b-4df3-bc40-f0b7211be425 [39m[32m200[39m [90m28 ms - 1133[39m
[35m[HTTP][39m [90m[39m
[35m[HTTP][39m [37m-->[39m [37mGET[39m [37m/wd/hub/session/7b09e91a-1f5b-4df3-bc40-f0b7211be425[39m
[35m[HTTP][39m [90m{}[39m
[35m[HTTP][39m [37m<-- GET /wd/hub/session/7b09e91a-1f5b-4df3-bc40-f0b7211be425 [39m[32m200[39m [90m28 ms - 1133[39m
[35m[HTTP][39m [90m[39m
[35m[HTTP][39m [37m-->[39m [37mGET[39m [37m/wd/hub/session/7b09e91a-1f5b-4df3-bc40-f0b7211be425[39m
[35m[HTTP][39m [90m{}[39m
[35m[HTTP][39m [37m<-- GET /wd/hub/session/7b09e91a-1f5b-4df3-bc40-f0b7211be425 [39m[32m200[39m [90m28 ms - 1133[39m
[35m[HTTP][39m [90m[39m
[35m[HTTP][39m [37m-->[39m [37mGET[39m [37m/wd/hub/session/7b09e91a-1f5b-4df3-bc40-f0b7211be425[39m
[35m[HTTP][39m [90m{}[39m
[35m[HTTP][39m [37m<-- GET /wd/hub/session/7b09e91a-1f5b-4df3-bc40-f0b7211be425 [39m[32m200[39m [90m25 ms - 1133[39m
[35m[HTTP][39m [90m[39m
[35m[HTTP][39m [37m-->[39m [37mGET[39m [37m/wd/hub/session/7b09e91a-1f5b-4df3-bc40-f0b7211be425/element/559d35c5-8477-49e8-918d-39e3f7f77ae4/location[39m
[35m[HTTP][39m [90m{}[39m
[35m[W3C][39m Driver proxy active, passing request on via HTTP proxy
[35m[JSONWP Proxy][39m Replacing sessionId 0f03da95-4c4c-4931-92c6-ae3cb9f6058f with 7b09e91a-1f5b-4df3-bc40-f0b7211be425
[35m[HTTP][39m [37m<-- GET /wd/hub/session/7b09e91a-1f5b-4df3-bc40-f0b7211be425/element/559d35c5-8477-49e8-918d-39e3f7f77ae4/location [39m[32m200[39m [90m73 ms - 89[39m
[35m[HTTP][39m [90m[39m
[35m[HTTP][39m [37m-->[39m [37mGET[39m [37m/wd/hub/session/7b09e91a-1f5b-4df3-bc40-f0b7211be425/element/559d35c5-8477-49e8-918d-39e3f7f77ae4/text[39m
[35m[HTTP][39m [90m{}[39m
[35m[W3C][39m Driver proxy active, passing request on via HTTP proxy
[35m[JSONWP Proxy][39m Replacing sessionId 0f03da95-4c4c-4931-92c6-ae3cb9f6058f with 7b09e91a-1f5b-4df3-bc40-f0b7211be425
[35m[HTTP][39m [37m<-- GET /wd/hub/session/7b09e91a-1f5b-4df3-bc40-f0b7211be425/element/559d35c5-8477-49e8-918d-39e3f7f77ae4/text [39m[32m200[39m [90m79 ms - 104[39m
[35m[HTTP][39m [90m[39m
[35m[HTTP][39m [37m-->[39m [37mGET[39m [37m/wd/hub/session/7b09e91a-1f5b-4df3-bc40-f0b7211be425/window/current/size[39m
[35m[HTTP][39m [90m{}[39m
[35m[W3C][39m Driver proxy active, passing request on via HTTP proxy
[35m[JSONWP Proxy][39m Replacing sessionId 0f03da95-4c4c-4931-92c6-ae3cb9f6058f with 7b09e91a-1f5b-4df3-bc40-f0b7211be425
[35m[HTTP][39m [37m<-- GET /wd/hub/session/7b09e91a-1f5b-4df3-bc40-f0b7211be425/window/current/size [39m[32m200[39m [90m33 ms - 100[39m
[35m[HTTP][39m [90m[39m
[35m[HTTP][39m [37m-->[39m [37mPOST[39m [37m/wd/hub/session/7b09e91a-1f5b-4df3-bc40-f0b7211be425/elements[39m
[35m[HTTP][39m [90m{"using":"-android uiautomator","value":"new UiSelector().className(\"android.widget.TextView\").text(\"Scelti per te questa settimana\").resourceId(\"it.sky.msa:id/categoryTitle\").instance(6)"}[39m
[35m[HTTP][39m [37m<-- POST /wd/hub/session/7b09e91a-1f5b-4df3-bc40-f0b7211be425/elements [39m[32m200[39m [90m98 ms - 124[39m
[35m[HTTP][39m [90m[39m
[35m[HTTP][39m [37m-->[39m [37mGET[39m [37m/wd/hub/session/7b09e91a-1f5b-4df3-bc40-f0b7211be425[39m
[35m[HTTP][39m [90m{}[39m
[35m[HTTP][39m [37m<-- GET /wd/hub/session/7b09e91a-1f5b-4df3-bc40-f0b7211be425 [39m[32m200[39m [90m23 ms - 1133[39m
[35m[HTTP][39m [90m[39m
[35m[HTTP][39m [37m-->[39m [37mGET[39m [37m/wd/hub/session/7b09e91a-1f5b-4df3-bc40-f0b7211be425[39m
[35m[HTTP][39m [90m{}[39m
[35m[HTTP][39m [37m<-- GET /wd/hub/session/7b09e91a-1f5b-4df3-bc40-f0b7211be425 [39m[32m200[39m [90m21 ms - 1133[39m
[35m[HTTP][39m [90m[39m
[35m[HTTP][39m [37m-->[39m [37mGET[39m [37m/wd/hub/session/7b09e91a-1f5b-4df3-bc40-f0b7211be425[39m
[35m[HTTP][39m [90m{}[39m
[35m[HTTP][39m [37m<-- GET /wd/hub/session/7b09e91a-1f5b-4df3-bc40-f0b7211be425 [39m[32m200[39m [90m21 ms - 1133[39m
[35m[HTTP][39m [90m[39m
[35m[HTTP][39m [37m-->[39m [37mGET[39m [37m/wd/hub/session/7b09e91a-1f5b-4df3-bc40-f0b7211be425[39m
[35m[HTTP][39m [90m{}[39m
[35m[HTTP][39m [37m<-- GET /wd/hub/session/7b09e91a-1f5b-4df3-bc40-f0b7211be425 [39m[32m200[39m [90m21 ms - 1133[39m
[35m[HTTP][39m [90m[39m
[35m[HTTP][39m [37m-->[39m [37mGET[39m [37m/wd/hub/session/7b09e91a-1f5b-4df3-bc40-f0b7211be425/element/f73ab5e3-8769-4708-a9c1-6996f375e99c/location[39m
[35m[HTTP][39m [90m{}[39m
[35m[W3C][39m Driver proxy active, passing request on via HTTP proxy
[35m[JSONWP Proxy][39m Replacing sessionId 0f03da95-4c4c-4931-92c6-ae3cb9f6058f with 7b09e91a-1f5b-4df3-bc40-f0b7211be425
[35m[HTTP][39m [37m<-- GET /wd/hub/session/7b09e91a-1f5b-4df3-bc40-f0b7211be425/element/f73ab5e3-8769-4708-a9c1-6996f375e99c/location [39m[32m200[39m [90m52 ms - 89[39m
[35m[HTTP][39m [90m[39m
[35m[HTTP][39m [37m-->[39m [37mGET[39m [37m/wd/hub/session/7b09e91a-1f5b-4df3-bc40-f0b7211be425/element/f73ab5e3-8769-4708-a9c1-6996f375e99c/text[39m
[35m[HTTP][39m [90m{}[39m
[35m[W3C][39m Driver proxy active, passing request on via HTTP proxy
[35m[JSONWP Proxy][39m Replacing sessionId 0f03da95-4c4c-4931-92c6-ae3cb9f6058f with 7b09e91a-1f5b-4df3-bc40-f0b7211be425
[35m[HTTP][39m [37m<-- GET /wd/hub/session/7b09e91a-1f5b-4df3-bc40-f0b7211be425/element/f73ab5e3-8769-4708-a9c1-6996f375e99c/text [39m[32m200[39m [90m64 ms - 104[39m
[35m[HTTP][39m [90m[39m
[35m[HTTP][39m [37m-->[39m [37mGET[39m [37m/wd/hub/session/7b09e91a-1f5b-4df3-bc40-f0b7211be425/context[39m
[35m[HTTP][39m [90m{}[39m
[35m[HTTP][39m [37m<-- GET /wd/hub/session/7b09e91a-1f5b-4df3-bc40-f0b7211be425/context [39m[32m200[39m [90m3 ms - 84[39m
[35m[HTTP][39m [90m[39m
[35m[HTTP][39m [37m-->[39m [37mGET[39m [37m/wd/hub/session/7b09e91a-1f5b-4df3-bc40-f0b7211be425/contexts[39m
[35m[HTTP][39m [90m{}[39m
[35m[HTTP][39m [37m<-- GET /wd/hub/session/7b09e91a-1f5b-4df3-bc40-f0b7211be425/contexts [39m[32m200[39m [90m80 ms - 86[39m
[35m[HTTP][39m [90m[39m
[35m[HTTP][39m [37m-->[39m [37mPOST[39m [37m/wd/hub/session/7b09e91a-1f5b-4df3-bc40-f0b7211be425/context[39m
[35m[HTTP][39m [90m{"name":"NATIVE_APP"}[39m
[35m[HTTP][39m [37m<-- POST /wd/hub/session/7b09e91a-1f5b-4df3-bc40-f0b7211be425/context [39m[32m200[39m [90m101 ms - 76[39m
[35m[HTTP][39m [90m[39m
[35m[HTTP][39m [37m-->[39m [37mPOST[39m [37m/wd/hub/session/7b09e91a-1f5b-4df3-bc40-f0b7211be425/touch/perform[39m
[35m[HTTP][39m [90m{"actions":[{"action":"press","options":{"x":0,"y":0}},{"action":"wait","options":{"ms":500}},{"action":"moveTo","options":{"x":100,"y":0}}]}[39m
[35m[HTTP][39m [37m<-- POST /wd/hub/session/7b09e91a-1f5b-4df3-bc40-f0b7211be425/touch/perform [39m[32m200[39m [90m2138 ms - 76[39m
[35m[HTTP][39m [90m[39m
[35m[HTTP][39m [37m-->[39m [37mPOST[39m [37m/wd/hub/session/7b09e91a-1f5b-4df3-bc40-f0b7211be425/context[39m
[35m[HTTP][39m [90m{"name":"NATIVE_APP"}[39m
[35m[HTTP][39m [37m<-- POST /wd/hub/session/7b09e91a-1f5b-4df3-bc40-f0b7211be425/context [39m[32m200[39m [90m103 ms - 76[39m
[35m[HTTP][39m [90m[39m
[35m[HTTP][39m [37m-->[39m [37mGET[39m [37m/wd/hub/session/7b09e91a-1f5b-4df3-bc40-f0b7211be425/context[39m
[35m[HTTP][39m [90m{}[39m
[35m[HTTP][39m [37m<-- GET /wd/hub/session/7b09e91a-1f5b-4df3-bc40-f0b7211be425/context [39m[32m200[39m [90m2 ms - 84[39m
[35m[HTTP][39m [90m[39m
[35m[HTTP][39m [37m-->[39m [37mGET[39m [37m/wd/hub/session/7b09e91a-1f5b-4df3-bc40-f0b7211be425/contexts[39m
[35m[HTTP][39m [90m{}[39m
[35m[HTTP][39m [37m<-- GET /wd/hub/session/7b09e91a-1f5b-4df3-bc40-f0b7211be425/contexts [39m[32m200[39m [90m112 ms - 86[39m
[35m[HTTP][39m [90m[39m
[35m[HTTP][39m [37m-->[39m [37mPOST[39m [37m/wd/hub/session/7b09e91a-1f5b-4df3-bc40-f0b7211be425/context[39m
[35m[HTTP][39m [90m{"name":"NATIVE_APP"}[39m
[35m[HTTP][39m [37m<-- POST /wd/hub/session/7b09e91a-1f5b-4df3-bc40-f0b7211be425/context [39m[32m200[39m [90m128 ms - 76[39m
[35m[HTTP][39m [90m[39m
[35m[HTTP][39m [37m-->[39m [37mPOST[39m [37m/wd/hub/session/7b09e91a-1f5b-4df3-bc40-f0b7211be425/touch/perform[39m
[35m[HTTP][39m [90m{"actions":[{"action":"press","options":{"x":0,"y":0}},{"action":"wait","options":{"ms":500}},{"action":"moveTo","options":{"x":-100,"y":0}}]}[39m
[35m[HTTP][39m [37m<-- POST /wd/hub/session/7b09e91a-1f5b-4df3-bc40-f0b7211be425/touch/perform [39m[32m200[39m [90m2138 ms - 76[39m
[35m[HTTP][39m [90m[39m
[35m[HTTP][39m [37m-->[39m [37mPOST[39m [37m/wd/hub/session/7b09e91a-1f5b-4df3-bc40-f0b7211be425/context[39m
[35m[HTTP][39m [90m{"name":"NATIVE_APP"}[39m
[35m[HTTP][39m [37m<-- POST /wd/hub/session/7b09e91a-1f5b-4df3-bc40-f0b7211be425/context [39m[32m200[39m [90m112 ms - 76[39m
[35m[HTTP][39m [90m[39m
[35m[HTTP][39m [37m-->[39m [37mGET[39m [37m/wd/hub/session/7b09e91a-1f5b-4df3-bc40-f0b7211be425/window/current/size[39m
[35m[HTTP][39m [90m{}[39m
[35m[W3C][39m Driver proxy active, passing request on via HTTP proxy
[35m[JSONWP Proxy][39m Replacing sessionId 0f03da95-4c4c-4931-92c6-ae3cb9f6058f with 7b09e91a-1f5b-4df3-bc40-f0b7211be425
[35m[HTTP][39m [37m<-- GET /wd/hub/session/7b09e91a-1f5b-4df3-bc40-f0b7211be425/window/current/size [39m[32m200[39m [90m61 ms - 100[39m
[35m[HTTP][39m [90m[39m
[35m[HTTP][39m [37m-->[39m [37mPOST[39m [37m/wd/hub/session/7b09e91a-1f5b-4df3-bc40-f0b7211be425/elements[39m
[35m[HTTP][39m [90m{"using":"-android uiautomator","value":"new UiSelector().className(\"android.widget.TextView\").text(\"Scelti per te questa settimana\").resourceId(\"it.sky.msa:id/categoryTitle\").instance(6)"}[39m
[35m[HTTP][39m [37m<-- POST /wd/hub/session/7b09e91a-1f5b-4df3-bc40-f0b7211be425/elements [39m[32m200[39m [90m123 ms - 124[39m
[35m[HTTP][39m [90m[39m
[35m[HTTP][39m [37m-->[39m [37mGET[39m [37m/wd/hub/session/7b09e91a-1f5b-4df3-bc40-f0b7211be425[39m
[35m[HTTP][39m [90m{}[39m
[35m[HTTP][39m [37m<-- GET /wd/hub/session/7b09e91a-1f5b-4df3-bc40-f0b7211be425 [39m[32m200[39m [90m25 ms - 1133[39m
[35m[HTTP][39m [90m[39m
[35m[HTTP][39m [37m-->[39m [37mGET[39m [37m/wd/hub/session/7b09e91a-1f5b-4df3-bc40-f0b7211be425[39m
[35m[HTTP][39m [90m{}[39m
[35m[HTTP][39m [37m<-- GET /wd/hub/session/7b09e91a-1f5b-4df3-bc40-f0b7211be425 [39m[32m200[39m [90m26 ms - 1133[39m
[35m[HTTP][39m [90m[39m
[35m[HTTP][39m [37m-->[39m [37mGET[39m [37m/wd/hub/session/7b09e91a-1f5b-4df3-bc40-f0b7211be425[39m
[35m[HTTP][39m [90m{}[39m
[35m[HTTP][39m [37m<-- GET /wd/hub/session/7b09e91a-1f5b-4df3-bc40-f0b7211be425 [39m[32m200[39m [90m29 ms - 1133[39m
[35m[HTTP][39m [90m[39m
[35m[HTTP][39m [37m-->[39m [37mGET[39m [37m/wd/hub/session/7b09e91a-1f5b-4df3-bc40-f0b7211be425[39m
[35m[HTTP][39m [90m{}[39m
[35m[HTTP][39m [37m<-- GET /wd/hub/session/7b09e91a-1f5b-4df3-bc40-f0b7211be425 [39m[32m200[39m [90m28 ms - 1133[39m
[35m[HTTP][39m [90m[39m
[35m[HTTP][39m [37m-->[39m [37mGET[39m [37m/wd/hub/session/7b09e91a-1f5b-4df3-bc40-f0b7211be425/element/6d76a31c-80b1-41d2-be93-1c6c75e1d97a/location[39m
[35m[HTTP][39m [90m{}[39m
[35m[W3C][39m Driver proxy active, passing request on via HTTP proxy
[35m[JSONWP Proxy][39m Replacing sessionId 0f03da95-4c4c-4931-92c6-ae3cb9f6058f with 7b09e91a-1f5b-4df3-bc40-f0b7211be425
[35m[HTTP][39m [37m<-- GET /wd/hub/session/7b09e91a-1f5b-4df3-bc40-f0b7211be425/element/6d76a31c-80b1-41d2-be93-1c6c75e1d97a/location [39m[32m200[39m [90m59 ms - 89[39m
[35m[HTTP][39m [90m[39m
[35m[HTTP][39m [37m-->[39m [37mGET[39m [37m/wd/hub/session/7b09e91a-1f5b-4df3-bc40-f0b7211be425/element/6d76a31c-80b1-41d2-be93-1c6c75e1d97a/size[39m
[35m[HTTP][39m [90m{}[39m
[35m[W3C][39m Driver proxy active, passing request on via HTTP proxy
[35m[JSONWP Proxy][39m Replacing sessionId 0f03da95-4c4c-4931-92c6-ae3cb9f6058f with 7b09e91a-1f5b-4df3-bc40-f0b7211be425
[35m[HTTP][39m [37m<-- GET /wd/hub/session/7b09e91a-1f5b-4df3-bc40-f0b7211be425/element/6d76a31c-80b1-41d2-be93-1c6c75e1d97a/size [39m[32m200[39m [90m52 ms - 98[39m
[35m[HTTP][39m [90m[39m
[35m[HTTP][39m [37m-->[39m [37mGET[39m [37m/wd/hub/session/7b09e91a-1f5b-4df3-bc40-f0b7211be425/window/current/size[39m
[35m[HTTP][39m [90m{}[39m
[35m[W3C][39m Driver proxy active, passing request on via HTTP proxy
[35m[JSONWP Proxy][39m Replacing sessionId 0f03da95-4c4c-4931-92c6-ae3cb9f6058f with 7b09e91a-1f5b-4df3-bc40-f0b7211be425
[35m[HTTP][39m [37m<-- GET /wd/hub/session/7b09e91a-1f5b-4df3-bc40-f0b7211be425/window/current/size [39m[32m200[39m [90m48 ms - 100[39m
[35m[HTTP][39m [90m[39m
[35m[HTTP][39m [37m-->[39m [37mPOST[39m [37m/wd/hub/session/7b09e91a-1f5b-4df3-bc40-f0b7211be425/elements[39m
[35m[HTTP][39m [90m{"using":"-android uiautomator","value":"new UiSelector().className(\"android.widget.TextView\").text(\"Scelti per te questa settimana\").resourceId(\"it.sky.msa:id/categoryTitle\").instance(6)"}[39m
[35m[HTTP][39m [37m<-- POST /wd/hub/session/7b09e91a-1f5b-4df3-bc40-f0b7211be425/elements [39m[32m200[39m [90m109 ms - 124[39m
[35m[HTTP][39m [90m[39m
[35m[HTTP][39m [37m-->[39m [37mGET[39m [37m/wd/hub/session/7b09e91a-1f5b-4df3-bc40-f0b7211be425[39m
[35m[HTTP][39m [90m{}[39m
[35m[HTTP][39m [37m<-- GET /wd/hub/session/7b09e91a-1f5b-4df3-bc40-f0b7211be425 [39m[32m200[39m [90m29 ms - 1133[39m
[35m[HTTP][39m [90m[39m
[35m[HTTP][39m [37m-->[39m [37mGET[39m [37m/wd/hub/session/7b09e91a-1f5b-4df3-bc40-f0b7211be425[39m
[35m[HTTP][39m [90m{}[39m
[35m[HTTP][39m [37m<-- GET /wd/hub/session/7b09e91a-1f5b-4df3-bc40-f0b7211be425 [39m[32m200[39m [90m25 ms - 1133[39m
[35m[HTTP][39m [90m[39m
[35m[HTTP][39m [37m-->[39m [37mGET[39m [37m/wd/hub/session/7b09e91a-1f5b-4df3-bc40-f0b7211be425[39m
[35m[HTTP][39m [90m{}[39m
[35m[HTTP][39m [37m<-- GET /wd/hub/session/7b09e91a-1f5b-4df3-bc40-f0b7211be425 [39m[32m200[39m [90m25 ms - 1133[39m
[35m[HTTP][39m [90m[39m
[35m[HTTP][39m [37m-->[39m [37mGET[39m [37m/wd/hub/session/7b09e91a-1f5b-4df3-bc40-f0b7211be425[39m
[35m[HTTP][39m [90m{}[39m
[35m[HTTP][39m [37m<-- GET /wd/hub/session/7b09e91a-1f5b-4df3-bc40-f0b7211be425 [39m[32m200[39m [90m23 ms - 1133[39m
[35m[HTTP][39m [90m[39m
[35m[HTTP][39m [37m-->[39m [37mGET[39m [37m/wd/hub/session/7b09e91a-1f5b-4df3-bc40-f0b7211be425/element/c5e9d25e-41c3-4a8e-a7a4-1511ebe30298/location[39m
[35m[HTTP][39m [90m{}[39m
[35m[W3C][39m Driver proxy active, passing request on via HTTP proxy
[35m[JSONWP Proxy][39m Replacing sessionId 0f03da95-4c4c-4931-92c6-ae3cb9f6058f with 7b09e91a-1f5b-4df3-bc40-f0b7211be425
[35m[HTTP][39m [37m<-- GET /wd/hub/session/7b09e91a-1f5b-4df3-bc40-f0b7211be425/element/c5e9d25e-41c3-4a8e-a7a4-1511ebe30298/location [39m[32m200[39m [90m44 ms - 89[39m
[35m[HTTP][39m [90m[39m
[35m[HTTP][39m [37m-->[39m [37mGET[39m [37m/wd/hub/session/7b09e91a-1f5b-4df3-bc40-f0b7211be425/element/c5e9d25e-41c3-4a8e-a7a4-1511ebe30298/size[39m
[35m[HTTP][39m [90m{}[39m
[35m[W3C][39m Driver proxy active, passing request on via HTTP proxy
[35m[JSONWP Proxy][39m Replacing sessionId 0f03da95-4c4c-4931-92c6-ae3cb9f6058f with 7b09e91a-1f5b-4df3-bc40-f0b7211be425
[35m[HTTP][39m [37m<-- GET /wd/hub/session/7b09e91a-1f5b-4df3-bc40-f0b7211be425/element/c5e9d25e-41c3-4a8e-a7a4-1511ebe30298/size [39m[32m200[39m [90m46 ms - 98[39m
[35m[HTTP][39m [90m[39m
[35m[HTTP][39m [37m-->[39m [37mGET[39m [37m/wd/hub/session/7b09e91a-1f5b-4df3-bc40-f0b7211be425/window/current/size[39m
[35m[HTTP][39m [90m{}[39m
[35m[W3C][39m Driver proxy active, passing request on via HTTP proxy
[35m[JSONWP Proxy][39m Replacing sessionId 0f03da95-4c4c-4931-92c6-ae3cb9f6058f with 7b09e91a-1f5b-4df3-bc40-f0b7211be425
[35m[HTTP][39m [37m<-- GET /wd/hub/session/7b09e91a-1f5b-4df3-bc40-f0b7211be425/window/current/size [39m[32m200[39m [90m50 ms - 100[39m
[35m[HTTP][39m [90m[39m
[35m[HTTP][39m [37m-->[39m [37mPOST[39m [37m/wd/hub/session/7b09e91a-1f5b-4df3-bc40-f0b7211be425/elements[39m
[35m[HTTP][39m [90m{"using":"-android uiautomator","value":"new UiSelector().className(\"android.widget.TextView\").resourceId(\"it.sky.msa:id/categoryTitle\")"}[39m
[35m[HTTP][39m [37m<-- POST /wd/hub/session/7b09e91a-1f5b-4df3-bc40-f0b7211be425/elements [39m[32m200[39m [90m102 ms - 124[39m
[35m[HTTP][39m [90m[39m
[35m[HTTP][39m [37m-->[39m [37mGET[39m [37m/wd/hub/session/7b09e91a-1f5b-4df3-bc40-f0b7211be425[39m
[35m[HTTP][39m [90m{}[39m
[35m[HTTP][39m [37m<-- GET /wd/hub/session/7b09e91a-1f5b-4df3-bc40-f0b7211be425 [39m[32m200[39m [90m42 ms - 1133[39m
[35m[HTTP][39m [90m[39m
[35m[HTTP][39m [37m-->[39m [37mGET[39m [37m/wd/hub/session/7b09e91a-1f5b-4df3-bc40-f0b7211be425[39m
[35m[HTTP][39m [90m{}[39m
[35m[HTTP][39m [37m<-- GET /wd/hub/session/7b09e91a-1f5b-4df3-bc40-f0b7211be425 [39m[32m200[39m [90m91 ms - 1133[39m
[35m[HTTP][39m [90m[39m
[35m[HTTP][39m [37m-->[39m [37mGET[39m [37m/wd/hub/session/7b09e91a-1f5b-4df3-bc40-f0b7211be425[39m
[35m[HTTP][39m [90m{}[39m
[35m[HTTP][39m [37m<-- GET /wd/hub/session/7b09e91a-1f5b-4df3-bc40-f0b7211be425 [39m[32m200[39m [90m30 ms - 1133[39m
[35m[HTTP][39m [90m[39m
[35m[HTTP][39m [37m-->[39m [37mGET[39m [37m/wd/hub/session/7b09e91a-1f5b-4df3-bc40-f0b7211be425[39m
[35m[HTTP][39m [90m{}[39m
[35m[HTTP][39m [37m<-- GET /wd/hub/session/7b09e91a-1f5b-4df3-bc40-f0b7211be425 [39m[32m200[39m [90m30 ms - 1133[39m
[35m[HTTP][39m [90m[39m
[35m[HTTP][39m [37m-->[39m [37mGET[39m [37m/wd/hub/session/7b09e91a-1f5b-4df3-bc40-f0b7211be425/element/718b3a93-9a17-480d-bee9-7292ceab3500/location[39m
[35m[HTTP][39m [90m{}[39m
[35m[W3C][39m Driver proxy active, passing request on via HTTP proxy
[35m[JSONWP Proxy][39m Replacing sessionId 0f03da95-4c4c-4931-92c6-ae3cb9f6058f with 7b09e91a-1f5b-4df3-bc40-f0b7211be425
[35m[HTTP][39m [37m<-- GET /wd/hub/session/7b09e91a-1f5b-4df3-bc40-f0b7211be425/element/718b3a93-9a17-480d-bee9-7292ceab3500/location [39m[32m200[39m [90m51 ms - 89[39m
[35m[HTTP][39m [90m[39m
[35m[HTTP][39m [37m-->[39m [37mGET[39m [37m/wd/hub/session/7b09e91a-1f5b-4df3-bc40-f0b7211be425/element/718b3a93-9a17-480d-bee9-7292ceab3500/text[39m
[35m[HTTP][39m [90m{}[39m
[35m[W3C][39m Driver proxy active, passing request on via HTTP proxy
[35m[JSONWP Proxy][39m Replacing sessionId 0f03da95-4c4c-4931-92c6-ae3cb9f6058f with 7b09e91a-1f5b-4df3-bc40-f0b7211be425
[35m[HTTP][39m [37m<-- GET /wd/hub/session/7b09e91a-1f5b-4df3-bc40-f0b7211be425/element/718b3a93-9a17-480d-bee9-7292ceab3500/text [39m[32m200[39m [90m77 ms - 104[39m
[35m[HTTP][39m [90m[39m
[35m[HTTP][39m [37m-->[39m [37mGET[39m [37m/wd/hub/session/7b09e91a-1f5b-4df3-bc40-f0b7211be425/window/current/size[39m
[35m[HTTP][39m [90m{}[39m
[35m[W3C][39m Driver proxy active, passing request on via HTTP proxy
[35m[JSONWP Proxy][39m Replacing sessionId 0f03da95-4c4c-4931-92c6-ae3cb9f6058f with 7b09e91a-1f5b-4df3-bc40-f0b7211be425
[35m[HTTP][39m [37m<-- GET /wd/hub/session/7b09e91a-1f5b-4df3-bc40-f0b7211be425/window/current/size [39m[32m200[39m [90m41 ms - 100[39m
[35m[HTTP][39m [90m[39m
[35m[HTTP][39m [37m-->[39m [37mPOST[39m [37m/wd/hub/session/7b09e91a-1f5b-4df3-bc40-f0b7211be425/elements[39m
[35m[HTTP][39m [90m{"using":"-android uiautomator","value":"new UiSelector().className(\"android.widget.Button\").text(\"Vedi tutti\").resourceId(\"it.sky.msa:id/showAllCategoryButton\").instance(0)"}[39m
[35m[HTTP][39m [37m<-- POST /wd/hub/session/7b09e91a-1f5b-4df3-bc40-f0b7211be425/elements [39m[32m200[39m [90m122 ms - 124[39m
[35m[HTTP][39m [90m[39m
[35m[HTTP][39m [37m-->[39m [37mGET[39m [37m/wd/hub/session/7b09e91a-1f5b-4df3-bc40-f0b7211be425[39m
[35m[HTTP][39m [90m{}[39m
[35m[HTTP][39m [37m<-- GET /wd/hub/session/7b09e91a-1f5b-4df3-bc40-f0b7211be425 [39m[32m200[39m [90m27 ms - 1133[39m
[35m[HTTP][39m [90m[39m
[35m[HTTP][39m [37m-->[39m [37mGET[39m [37m/wd/hub/session/7b09e91a-1f5b-4df3-bc40-f0b7211be425[39m
[35m[HTTP][39m [90m{}[39m
[35m[HTTP][39m [37m<-- GET /wd/hub/session/7b09e91a-1f5b-4df3-bc40-f0b7211be425 [39m[32m200[39m [90m26 ms - 1133[39m
[35m[HTTP][39m [90m[39m
[35m[HTTP][39m [37m-->[39m [37mGET[39m [37m/wd/hub/session/7b09e91a-1f5b-4df3-bc40-f0b7211be425[39m
[35m[HTTP][39m [90m{}[39m
[35m[HTTP][39m [37m<-- GET /wd/hub/session/7b09e91a-1f5b-4df3-bc40-f0b7211be425 [39m[32m200[39m [90m24 ms - 1133[39m
[35m[HTTP][39m [90m[39m
[35m[HTTP][39m [37m-->[39m [37mGET[39m [37m/wd/hub/session/7b09e91a-1f5b-4df3-bc40-f0b7211be425[39m
[35m[HTTP][39m [90m{}[39m
[35m[HTTP][39m [37m<-- GET /wd/hub/session/7b09e91a-1f5b-4df3-bc40-f0b7211be425 [39m[32m200[39m [90m24 ms - 1133[39m
[35m[HTTP][39m [90m[39m
[35m[HTTP][39m [37m-->[39m [37mGET[39m [37m/wd/hub/session/7b09e91a-1f5b-4df3-bc40-f0b7211be425/element/0c035f6f-1574-4ad2-9ce7-5e31b33f8f56/location[39m
[35m[HTTP][39m [90m{}[39m
[35m[W3C][39m Driver proxy active, passing request on via HTTP proxy
[35m[JSONWP Proxy][39m Replacing sessionId 0f03da95-4c4c-4931-92c6-ae3cb9f6058f with 7b09e91a-1f5b-4df3-bc40-f0b7211be425
[35m[HTTP][39m [37m<-- GET /wd/hub/session/7b09e91a-1f5b-4df3-bc40-f0b7211be425/element/0c035f6f-1574-4ad2-9ce7-5e31b33f8f56/location [39m[32m200[39m [90m54 ms - 90[39m
[35m[HTTP][39m [90m[39m
[35m[HTTP][39m [37m-->[39m [37mPOST[39m [37m/wd/hub/session/7b09e91a-1f5b-4df3-bc40-f0b7211be425/touch/perform[39m
[35m[HTTP][39m [90m{"actions":[{"action":"tap","options":{"element":"0c035f6f-1574-4ad2-9ce7-5e31b33f8f56","x":1,"y":1}}]}[39m
[35m[UiAutomator2][39m calling get location: 0c035f6f-1574-4ad2-9ce7-5e31b33f8f56
[35m[HTTP][39m [37m<-- POST /wd/hub/session/7b09e91a-1f5b-4df3-bc40-f0b7211be425/touch/perform [39m[32m200[39m [90m935 ms - 76[39m
[35m[HTTP][39m [90m[39m
[35m[HTTP][39m [37m-->[39m [37mGET[39m [37m/wd/hub/session/7b09e91a-1f5b-4df3-bc40-f0b7211be425/window/current/size[39m
[35m[HTTP][39m [90m{}[39m
[35m[W3C][39m Driver proxy active, passing request on via HTTP proxy
[35m[JSONWP Proxy][39m Replacing sessionId 0f03da95-4c4c-4931-92c6-ae3cb9f6058f with 7b09e91a-1f5b-4df3-bc40-f0b7211be425
[35m[HTTP][39m [37m<-- GET /wd/hub/session/7b09e91a-1f5b-4df3-bc40-f0b7211be425/window/current/size [39m[32m200[39m [90m60 ms - 100[39m
[35m[HTTP][39m [90m[39m
[35m[HTTP][39m [37m-->[39m [37mPOST[39m [37m/wd/hub/session/7b09e91a-1f5b-4df3-bc40-f0b7211be425/elements[39m
[35m[HTTP][39m [90m{"using":"-android uiautomator","value":"new UiSelector().className(\"android.widget.TextView\").resourceId(\"it.sky.msa:id/toolbarTitle\")"}[39m
[35m[HTTP][39m [37m<-- POST /wd/hub/session/7b09e91a-1f5b-4df3-bc40-f0b7211be425/elements [39m[32m200[39m [90m91 ms - 124[39m
[35m[HTTP][39m [90m[39m
[35m[HTTP][39m [37m-->[39m [37mGET[39m [37m/wd/hub/session/7b09e91a-1f5b-4df3-bc40-f0b7211be425[39m
[35m[HTTP][39m [90m{}[39m
[35m[HTTP][39m [37m<-- GET /wd/hub/session/7b09e91a-1f5b-4df3-bc40-f0b7211be425 [39m[32m200[39m [90m27 ms - 1133[39m
[35m[HTTP][39m [90m[39m
[35m[HTTP][39m [37m-->[39m [37mGET[39m [37m/wd/hub/session/7b09e91a-1f5b-4df3-bc40-f0b7211be425[39m
[35m[HTTP][39m [90m{}[39m
[35m[HTTP][39m [37m<-- GET /wd/hub/session/7b09e91a-1f5b-4df3-bc40-f0b7211be425 [39m[32m200[39m [90m25 ms - 1133[39m
[35m[HTTP][39m [90m[39m
[35m[HTTP][39m [37m-->[39m [37mGET[39m [37m/wd/hub/session/7b09e91a-1f5b-4df3-bc40-f0b7211be425[39m
[35m[HTTP][39m [90m{}[39m
[35m[HTTP][39m [37m<-- GET /wd/hub/session/7b09e91a-1f5b-4df3-bc40-f0b7211be425 [39m[32m200[39m [90m25 ms - 1133[39m
[35m[HTTP][39m [90m[39m
[35m[HTTP][39m [37m-->[39m [37mGET[39m [37m/wd/hub/session/7b09e91a-1f5b-4df3-bc40-f0b7211be425[39m
[35m[HTTP][39m [90m{}[39m
[35m[HTTP][39m [37m<-- GET /wd/hub/session/7b09e91a-1f5b-4df3-bc40-f0b7211be425 [39m[32m200[39m [90m31 ms - 1133[39m
[35m[HTTP][39m [90m[39m
[35m[HTTP][39m [37m-->[39m [37mGET[39m [37m/wd/hub/session/7b09e91a-1f5b-4df3-bc40-f0b7211be425/element/c19ee200-ae68-46e6-8021-1ffeb2874ed2/location[39m
[35m[HTTP][39m [90m{}[39m
[35m[W3C][39m Driver proxy active, passing request on via HTTP proxy
[35m[JSONWP Proxy][39m Replacing sessionId 0f03da95-4c4c-4931-92c6-ae3cb9f6058f with 7b09e91a-1f5b-4df3-bc40-f0b7211be425
[35m[HTTP][39m [37m<-- GET /wd/hub/session/7b09e91a-1f5b-4df3-bc40-f0b7211be425/element/c19ee200-ae68-46e6-8021-1ffeb2874ed2/location [39m[32m200[39m [90m52 ms - 89[39m
[35m[HTTP][39m [90m[39m
[35m[HTTP][39m [37m-->[39m [37mGET[39m [37m/wd/hub/session/7b09e91a-1f5b-4df3-bc40-f0b7211be425/element/c19ee200-ae68-46e6-8021-1ffeb2874ed2/text[39m
[35m[HTTP][39m [90m{}[39m
[35m[W3C][39m Driver proxy active, passing request on via HTTP proxy
[35m[JSONWP Proxy][39m Replacing sessionId 0f03da95-4c4c-4931-92c6-ae3cb9f6058f with 7b09e91a-1f5b-4df3-bc40-f0b7211be425
[35m[HTTP][39m [37m<-- GET /wd/hub/session/7b09e91a-1f5b-4df3-bc40-f0b7211be425/element/c19ee200-ae68-46e6-8021-1ffeb2874ed2/text [39m[32m200[39m [90m51 ms - 104[39m
[35m[HTTP][39m [90m[39m
[35m[HTTP][39m [37m-->[39m [37mGET[39m [37m/wd/hub/session/7b09e91a-1f5b-4df3-bc40-f0b7211be425/window/current/size[39m
[35m[HTTP][39m [90m{}[39m
[35m[W3C][39m Driver proxy active, passing request on via HTTP proxy
[35m[JSONWP Proxy][39m Replacing sessionId 0f03da95-4c4c-4931-92c6-ae3cb9f6058f with 7b09e91a-1f5b-4df3-bc40-f0b7211be425
[35m[HTTP][39m [37m<-- GET /wd/hub/session/7b09e91a-1f5b-4df3-bc40-f0b7211be425/window/current/size [39m[32m200[39m [90m35 ms - 100[39m
[35m[HTTP][39m [90m[39m
[35m[HTTP][39m [37m-->[39m [37mPOST[39m [37m/wd/hub/session/7b09e91a-1f5b-4df3-bc40-f0b7211be425/elements[39m
[35m[HTTP][39m [90m{"using":"-android uiautomator","value":"new UiSelector().className(\"android.widget.ImageButton\").instance(0)"}[39m
[35m[HTTP][39m [37m<-- POST /wd/hub/session/7b09e91a-1f5b-4df3-bc40-f0b7211be425/elements [39m[32m200[39m [90m365 ms - 124[39m
[35m[HTTP][39m [90m[39m
[35m[HTTP][39m [37m-->[39m [37mGET[39m [37m/wd/hub/session/7b09e91a-1f5b-4df3-bc40-f0b7211be425[39m
[35m[HTTP][39m [90m{}[39m
[35m[HTTP][39m [37m<-- GET /wd/hub/session/7b09e91a-1f5b-4df3-bc40-f0b7211be425 [39m[32m200[39m [90m27 ms - 1133[39m
[35m[HTTP][39m [90m[39m
[35m[HTTP][39m [37m-->[39m [37mGET[39m [37m/wd/hub/session/7b09e91a-1f5b-4df3-bc40-f0b7211be425[39m
[35m[HTTP][39m [90m{}[39m
[35m[HTTP][39m [37m<-- GET /wd/hub/session/7b09e91a-1f5b-4df3-bc40-f0b7211be425 [39m[32m200[39m [90m27 ms - 1133[39m
[35m[HTTP][39m [90m[39m
[35m[HTTP][39m [37m-->[39m [37mGET[39m [37m/wd/hub/session/7b09e91a-1f5b-4df3-bc40-f0b7211be425[39m
[35m[HTTP][39m [90m{}[39m
[35m[HTTP][39m [37m<-- GET /wd/hub/session/7b09e91a-1f5b-4df3-bc40-f0b7211be425 [39m[32m200[39m [90m25 ms - 1133[39m
[35m[HTTP][39m [90m[39m
[35m[HTTP][39m [37m-->[39m [37mGET[39m [37m/wd/hub/session/7b09e91a-1f5b-4df3-bc40-f0b7211be425[39m
[35m[HTTP][39m [90m{}[39m
[35m[HTTP][39m [37m<-- GET /wd/hub/session/7b09e91a-1f5b-4df3-bc40-f0b7211be425 [39m[32m200[39m [90m27 ms - 1133[39m
[35m[HTTP][39m [90m[39m
[35m[HTTP][39m [37m-->[39m [37mGET[39m [37m/wd/hub/session/7b09e91a-1f5b-4df3-bc40-f0b7211be425/element/85e155d8-ed76-484f-9e84-6a6b63ec1bbf/location[39m
[35m[HTTP][39m [90m{}[39m
[35m[W3C][39m Driver proxy active, passing request on via HTTP proxy
[35m[JSONWP Proxy][39m Replacing sessionId 0f03da95-4c4c-4931-92c6-ae3cb9f6058f with 7b09e91a-1f5b-4df3-bc40-f0b7211be425
[35m[HTTP][39m [37m<-- GET /wd/hub/session/7b09e91a-1f5b-4df3-bc40-f0b7211be425/element/85e155d8-ed76-484f-9e84-6a6b63ec1bbf/location [39m[32m200[39m [90m57 ms - 86[39m
[35m[HTTP][39m [90m[39m
[35m[HTTP][39m [37m-->[39m [37mPOST[39m [37m/wd/hub/session/7b09e91a-1f5b-4df3-bc40-f0b7211be425/touch/perform[39m
[35m[HTTP][39m [90m{"actions":[{"action":"tap","options":{"element":"85e155d8-ed76-484f-9e84-6a6b63ec1bbf","x":1,"y":1}}]}[39m
[35m[UiAutomator2][39m calling get location: 85e155d8-ed76-484f-9e84-6a6b63ec1bbf
[35m[HTTP][39m [37m<-- POST /wd/hub/session/7b09e91a-1f5b-4df3-bc40-f0b7211be425/touch/perform [39m[32m200[39m [90m984 ms - 76[39m
[35m[HTTP][39m [90m[39m
[35m[HTTP][39m [37m-->[39m [37mDELETE[39m [37m/wd/hub/session/7b09e91a-1f5b-4df3-bc40-f0b7211be425[39m
[35m[HTTP][39m [90m{}[39m
[35m[Appium][39m Removing session 7b09e91a-1f5b-4df3-bc40-f0b7211be425 from our master session list
[35m[HTTP][39m [37m<-- DELETE /wd/hub/session/7b09e91a-1f5b-4df3-bc40-f0b7211be425 [39m[32m200[39m [90m330 ms - 76[39m
[35m[HTTP][39m [90m[39m
