[35m[Appium][39m Welcome to Appium v1.8.1
[35m[Appium][39m Non-default server args:
[35m[Appium][39m   port: 62912
[35m[Appium][39m   loglevel: info
[35m[Appium][39m   chromeDriverPort: 62913
[35m[Appium][39m   tmpDir: C:\Users\marco\AppData\Local\Temp\\Katalon\Appium\Temp1551186248328
[35m[Appium][39m Appium REST http interface listener started on 0.0.0.0:62912
[35m[HTTP][39m [37m-->[39m [37mGET[39m [37m/wd/hub/status[39m
[35m[HTTP][39m [90m{}[39m
[35m[HTTP][39m [37m<-- GET /wd/hub/status [39m[32m200[39m [90m49 ms - 83[39m
[35m[HTTP][39m [90m[39m
[35m[HTTP][39m [37m-->[39m [37mPOST[39m [37m/wd/hub/session[39m
[35m[HTTP][39m [90m{"desiredCapabilities":{"app":"C:\\Users\\MSA-testautomation\\59.apk","autoGrantPermissions":true,"automationName":"uiautomator2","deviceName":"samsung SM-G935F (Android 8.0.0)","fullReset":false,"newCommandTimeout":1800,"noReset":true,"platform":"ANDROID","platformName":"Android","udid":"9885f7504651473733"},"capabilities":{"desiredCapabilities":{"app":"C:\\Users\\MSA-testautomation\\59.apk","autoGrantPermissions":true,"automationName":"uiautomator2","deviceName":"samsung SM-G935F (Android 8.0.0)","fullReset":false,"newCommandTimeout":1800,"noReset":true,"platform":"ANDROID","platformName":"Android","udid":"9885f7504651473733"},"firstMatch":[{"platformName":"android"}]}}[39m
[35m[Appium][39m Could not parse W3C capabilities: 'deviceName' can't be blank. Falling back to JSONWP protocol.
[35m[Appium][39m The following capabilities were provided in the JSONWP desired capabilities that are missing in W3C capabilities: ["app","autoGrantPermissions","automationName","deviceName","fullReset","newCommandTimeout","noReset","platform","platformName","udid"]. Falling back to JSONWP protocol.
[35m[Appium][39m Creating new AndroidUiautomator2Driver (v1.12.0) session
[35m[Appium][39m Capabilities:
[35m[Appium][39m   app: C:\Users\MSA-testautomation\59.apk
[35m[Appium][39m   autoGrantPermissions: true
[35m[Appium][39m   automationName: uiautomator2
[35m[Appium][39m   deviceName: samsung SM-G935F (Android 8.0.0)
[35m[Appium][39m   fullReset: false
[35m[Appium][39m   newCommandTimeout: 1800
[35m[Appium][39m   noReset: true
[35m[Appium][39m   platform: ANDROID
[35m[Appium][39m   platformName: Android
[35m[Appium][39m   udid: 9885f7504651473733
[35m[BaseDriver][39m The following capabilities were provided, but are not recognized by appium: platform.
[35m[BaseDriver][39m Session created with session id: c3ae60b8-cbb7-4997-9d13-e6e72b1b788a
[35m[BaseDriver][39m Using local app 'C:\Users\MSA-testautomation\59.apk'
[35m[AndroidDriver][39m Java version is: 1.8.0_181
[35m[ADB][39m Checking whether adb is present
[35m[ADB][39m Found 1 'build-tools' folders under 'C:\Users\marco\.katalon\tools\android_sdk' (newest first):
[35m[ADB][39m     C:/Users/marco/.katalon/tools/android_sdk/build-tools/28.0.3
[35m[ADB][39m Using adb.exe from C:\Users\marco\.katalon\tools\android_sdk\platform-tools\adb.exe
[35m[AndroidDriver][39m Retrieving device list
[35m[AndroidDriver][39m Using device: 9885f7504651473733
[35m[ADB][39m Using the alternative activity name detection method because of: Could not find apkanalyzer.bat in C:\Users\marco\.katalon\tools\android_sdk\platform-tools\apkanalyzer.bat,C:\Users\marco\.katalon\tools\android_sdk\emulator\apkanalyzer.bat,C:\Users\marco\.katalon\tools\android_sdk\tools\apkanalyzer.bat,C:\Users\marco\.katalon\tools\android_sdk\tools\bin\apkanalyzer.bat,C:\Users\marco\.katalon\tools\android_sdk\build-tools\28.0.3\apkanalyzer.bat. Do you have the Android SDK installed at 'C:\Users\marco\.katalon\tools\android_sdk'?
[35m[ADB][39m Checking whether aapt is present
[35m[ADB][39m Using aapt.exe from C:\Users\marco\.katalon\tools\android_sdk\build-tools\28.0.3\aapt.exe
[35m[ADB][39m Extracting package and launch activity from manifest
[35m[ADB][39m Package name: 'it.sky.msa'
[35m[ADB][39m Main activity name: 'it.sky.msa.welcome.SplashActivity'
[35m[ADB][39m Getting device platform version
[35m[ADB][39m Using apksigner.bat from C:\Users\marco\.katalon\tools\android_sdk\build-tools\28.0.3\apksigner.bat
[35m[ADB][39m Checking whether zipalign is present
[35m[ADB][39m Using zipalign.exe from C:\Users\marco\.katalon\tools\android_sdk\build-tools\28.0.3\zipalign.exe
[35m[ADB][39m io.appium.uiautomator2.server was successfully uninstalled
[35m[ADB][39m io.appium.uiautomator2.server.test was successfully uninstalled
[35m[AndroidDriver][39m setDeviceLanguageCountry requires language or country.
[35m[AndroidDriver][39m Got language: 'null' and country: 'null'
[35m[ADB][39m Successfully extracted 218 strings from 'C:\Users\MSA-testautomation\59.apk' resources for '(default)' configuration
[35m[UiAutomator2][39m Starting uiautomator2 server 1.12.0
[35m[UiAutomator2][39m Using UIAutomator2 server from 'C:\Users\marco\AppData\Roaming\npm\node_modules\appium\node_modules\appium-uiautomator2-server\apks\appium-uiautomator2-server-v1.12.0.apk' and test from 'C:\Users\marco\AppData\Roaming\npm\node_modules\appium\node_modules\appium-uiautomator2-server\apks\appium-uiautomator2-server-debug-androidTest.apk'
[35m[UiAutomator2][39m Running command: 'adb -s 9885f7504651473733 shell am instrument -w io.appium.uiautomator2.server.test/android.support.test.runner.AndroidJUnitRunner'
[35m[UiAutomator2][39m Waiting up to 20000ms for UiAutomator2 to be online...
[35m[AndroidDriver][39m Screen already unlocked, doing nothing
[35m[UiAutomator2][39m UiAutomator2 did not start the activity we were waiting for, 'it.sky.msa/it.sky.msa.welcome.SplashActivity'. Starting it ourselves
[35m[Appium][39m New AndroidUiautomator2Driver session created successfully, session c3ae60b8-cbb7-4997-9d13-e6e72b1b788a added to master session list
[35m[HTTP][39m [37m<-- POST /wd/hub/session [39m[32m200[39m [90m24283 ms - 1133[39m
[35m[HTTP][39m [90m[39m
[35m[HTTP][39m [37m-->[39m [37mGET[39m [37m/wd/hub/status[39m
[35m[HTTP][39m [90m{}[39m
[35m[HTTP][39m [37m<-- GET /wd/hub/status [39m[32m200[39m [90m44 ms - 55[39m
[35m[HTTP][39m [90m[39m
[35m[HTTP][39m [37m-->[39m [37mPOST[39m [37m/wd/hub/session/c3ae60b8-cbb7-4997-9d13-e6e72b1b788a/timeouts[39m
[35m[HTTP][39m [90m{"type":"implicit","ms":30000}[39m
[35m[HTTP][39m [37m<-- POST /wd/hub/session/c3ae60b8-cbb7-4997-9d13-e6e72b1b788a/timeouts [39m[33m400[39m [90m22 ms - 5204[39m
[35m[HTTP][39m [90m[39m
[35m[HTTP][39m [37m-->[39m [37mGET[39m [37m/wd/hub/session/c3ae60b8-cbb7-4997-9d13-e6e72b1b788a/window/current/size[39m
[35m[HTTP][39m [90m{}[39m
[35m[W3C][39m Driver proxy active, passing request on via HTTP proxy
[35m[JSONWP Proxy][39m Replacing sessionId d2fbd12c-8861-40df-8570-09a7f81a6cf1 with c3ae60b8-cbb7-4997-9d13-e6e72b1b788a
[35m[HTTP][39m [37m<-- GET /wd/hub/session/c3ae60b8-cbb7-4997-9d13-e6e72b1b788a/window/current/size [39m[32m200[39m [90m79 ms - 100[39m
[35m[HTTP][39m [90m[39m
[35m[HTTP][39m [37m-->[39m [37mPOST[39m [37m/wd/hub/session/c3ae60b8-cbb7-4997-9d13-e6e72b1b788a/elements[39m
[35m[HTTP][39m [90m{"using":"-android uiautomator","value":"new UiSelector().className(\"android.widget.TextView\").text(\"Guida TV\").resourceId(\"it.sky.msa:id/title\").instance(5)"}[39m
[35m[HTTP][39m [37m<-- POST /wd/hub/session/c3ae60b8-cbb7-4997-9d13-e6e72b1b788a/elements [39m[32m200[39m [90m195 ms - 74[39m
[35m[HTTP][39m [90m[39m
[35m[HTTP][39m [37m-->[39m [37mPOST[39m [37m/wd/hub/session/c3ae60b8-cbb7-4997-9d13-e6e72b1b788a/elements[39m
[35m[HTTP][39m [90m{"using":"-android uiautomator","value":"new UiSelector().className(\"android.widget.TextView\").text(\"Guida TV\").resourceId(\"it.sky.msa:id/title\").instance(5)"}[39m
[35m[HTTP][39m [37m<-- POST /wd/hub/session/c3ae60b8-cbb7-4997-9d13-e6e72b1b788a/elements [39m[32m200[39m [90m481 ms - 74[39m
[35m[HTTP][39m [90m[39m
[35m[HTTP][39m [37m-->[39m [37mPOST[39m [37m/wd/hub/session/c3ae60b8-cbb7-4997-9d13-e6e72b1b788a/elements[39m
[35m[HTTP][39m [90m{"using":"-android uiautomator","value":"new UiSelector().className(\"android.widget.TextView\").text(\"Guida TV\").resourceId(\"it.sky.msa:id/title\").instance(5)"}[39m
[35m[HTTP][39m [37m<-- POST /wd/hub/session/c3ae60b8-cbb7-4997-9d13-e6e72b1b788a/elements [39m[32m200[39m [90m68 ms - 74[39m
[35m[HTTP][39m [90m[39m
[35m[HTTP][39m [37m-->[39m [37mPOST[39m [37m/wd/hub/session/c3ae60b8-cbb7-4997-9d13-e6e72b1b788a/elements[39m
[35m[HTTP][39m [90m{"using":"-android uiautomator","value":"new UiSelector().className(\"android.widget.TextView\").text(\"Guida TV\").resourceId(\"it.sky.msa:id/title\").instance(5)"}[39m
[35m[HTTP][39m [37m<-- POST /wd/hub/session/c3ae60b8-cbb7-4997-9d13-e6e72b1b788a/elements [39m[32m200[39m [90m82 ms - 74[39m
[35m[HTTP][39m [90m[39m
[35m[HTTP][39m [37m-->[39m [37mPOST[39m [37m/wd/hub/session/c3ae60b8-cbb7-4997-9d13-e6e72b1b788a/elements[39m
[35m[HTTP][39m [90m{"using":"-android uiautomator","value":"new UiSelector().className(\"android.widget.TextView\").text(\"Guida TV\").resourceId(\"it.sky.msa:id/title\").instance(5)"}[39m
[35m[HTTP][39m [37m<-- POST /wd/hub/session/c3ae60b8-cbb7-4997-9d13-e6e72b1b788a/elements [39m[32m200[39m [90m72 ms - 74[39m
[35m[HTTP][39m [90m[39m
[35m[HTTP][39m [37m-->[39m [37mPOST[39m [37m/wd/hub/session/c3ae60b8-cbb7-4997-9d13-e6e72b1b788a/elements[39m
[35m[HTTP][39m [90m{"using":"-android uiautomator","value":"new UiSelector().className(\"android.widget.TextView\").text(\"Guida TV\").resourceId(\"it.sky.msa:id/title\").instance(5)"}[39m
[35m[HTTP][39m [37m<-- POST /wd/hub/session/c3ae60b8-cbb7-4997-9d13-e6e72b1b788a/elements [39m[32m200[39m [90m59 ms - 74[39m
[35m[HTTP][39m [90m[39m
[35m[HTTP][39m [37m-->[39m [37mPOST[39m [37m/wd/hub/session/c3ae60b8-cbb7-4997-9d13-e6e72b1b788a/elements[39m
[35m[HTTP][39m [90m{"using":"-android uiautomator","value":"new UiSelector().className(\"android.widget.TextView\").text(\"Guida TV\").resourceId(\"it.sky.msa:id/title\").instance(5)"}[39m
[35m[HTTP][39m [37m<-- POST /wd/hub/session/c3ae60b8-cbb7-4997-9d13-e6e72b1b788a/elements [39m[32m200[39m [90m72 ms - 74[39m
[35m[HTTP][39m [90m[39m
[35m[HTTP][39m [37m-->[39m [37mPOST[39m [37m/wd/hub/session/c3ae60b8-cbb7-4997-9d13-e6e72b1b788a/elements[39m
[35m[HTTP][39m [90m{"using":"-android uiautomator","value":"new UiSelector().className(\"android.widget.TextView\").text(\"Guida TV\").resourceId(\"it.sky.msa:id/title\").instance(5)"}[39m
[35m[HTTP][39m [37m<-- POST /wd/hub/session/c3ae60b8-cbb7-4997-9d13-e6e72b1b788a/elements [39m[32m200[39m [90m1462 ms - 124[39m
[35m[HTTP][39m [90m[39m
[35m[HTTP][39m [37m-->[39m [37mGET[39m [37m/wd/hub/session/c3ae60b8-cbb7-4997-9d13-e6e72b1b788a[39m
[35m[HTTP][39m [90m{}[39m
[35m[HTTP][39m [37m<-- GET /wd/hub/session/c3ae60b8-cbb7-4997-9d13-e6e72b1b788a [39m[32m200[39m [90m32 ms - 1133[39m
[35m[HTTP][39m [90m[39m
[35m[HTTP][39m [37m-->[39m [37mGET[39m [37m/wd/hub/session/c3ae60b8-cbb7-4997-9d13-e6e72b1b788a[39m
[35m[HTTP][39m [90m{}[39m
[35m[HTTP][39m [37m<-- GET /wd/hub/session/c3ae60b8-cbb7-4997-9d13-e6e72b1b788a [39m[32m200[39m [90m33 ms - 1133[39m
[35m[HTTP][39m [90m[39m
[35m[HTTP][39m [37m-->[39m [37mGET[39m [37m/wd/hub/session/c3ae60b8-cbb7-4997-9d13-e6e72b1b788a[39m
[35m[HTTP][39m [90m{}[39m
[35m[HTTP][39m [37m<-- GET /wd/hub/session/c3ae60b8-cbb7-4997-9d13-e6e72b1b788a [39m[32m200[39m [90m34 ms - 1133[39m
[35m[HTTP][39m [90m[39m
[35m[HTTP][39m [37m-->[39m [37mGET[39m [37m/wd/hub/session/c3ae60b8-cbb7-4997-9d13-e6e72b1b788a[39m
[35m[HTTP][39m [90m{}[39m
[35m[HTTP][39m [37m<-- GET /wd/hub/session/c3ae60b8-cbb7-4997-9d13-e6e72b1b788a [39m[32m200[39m [90m28 ms - 1133[39m
[35m[HTTP][39m [90m[39m
[35m[HTTP][39m [37m-->[39m [37mGET[39m [37m/wd/hub/session/c3ae60b8-cbb7-4997-9d13-e6e72b1b788a/element/a3f0c2e5-c767-4667-8f06-17a5195780c9/location[39m
[35m[HTTP][39m [90m{}[39m
[35m[W3C][39m Driver proxy active, passing request on via HTTP proxy
[35m[JSONWP Proxy][39m Replacing sessionId d2fbd12c-8861-40df-8570-09a7f81a6cf1 with c3ae60b8-cbb7-4997-9d13-e6e72b1b788a
[35m[HTTP][39m [37m<-- GET /wd/hub/session/c3ae60b8-cbb7-4997-9d13-e6e72b1b788a/element/a3f0c2e5-c767-4667-8f06-17a5195780c9/location [39m[32m200[39m [90m85 ms - 90[39m
[35m[HTTP][39m [90m[39m
[35m[HTTP][39m [37m-->[39m [37mPOST[39m [37m/wd/hub/session/c3ae60b8-cbb7-4997-9d13-e6e72b1b788a/touch/perform[39m
[35m[HTTP][39m [90m{"actions":[{"action":"tap","options":{"element":"a3f0c2e5-c767-4667-8f06-17a5195780c9","x":1,"y":1}}]}[39m
[35m[UiAutomator2][39m calling get location: a3f0c2e5-c767-4667-8f06-17a5195780c9
[35m[HTTP][39m [37m<-- POST /wd/hub/session/c3ae60b8-cbb7-4997-9d13-e6e72b1b788a/touch/perform [39m[32m200[39m [90m1137 ms - 76[39m
[35m[HTTP][39m [90m[39m
[35m[HTTP][39m [37m-->[39m [37mGET[39m [37m/wd/hub/session/c3ae60b8-cbb7-4997-9d13-e6e72b1b788a/window/current/size[39m
[35m[HTTP][39m [90m{}[39m
[35m[W3C][39m Driver proxy active, passing request on via HTTP proxy
[35m[JSONWP Proxy][39m Replacing sessionId d2fbd12c-8861-40df-8570-09a7f81a6cf1 with c3ae60b8-cbb7-4997-9d13-e6e72b1b788a
[35m[HTTP][39m [37m<-- GET /wd/hub/session/c3ae60b8-cbb7-4997-9d13-e6e72b1b788a/window/current/size [39m[32m200[39m [90m55 ms - 100[39m
[35m[HTTP][39m [90m[39m
[35m[HTTP][39m [37m-->[39m [37mPOST[39m [37m/wd/hub/session/c3ae60b8-cbb7-4997-9d13-e6e72b1b788a/elements[39m
[35m[HTTP][39m [90m{"using":"-android uiautomator","value":"new UiSelector().className(\"android.widget.TextView\").text(\"GUIDA TV\").resourceId(\"it.sky.msa:id/headerTitle\").instance(0)"}[39m
[35m[HTTP][39m [37m<-- POST /wd/hub/session/c3ae60b8-cbb7-4997-9d13-e6e72b1b788a/elements [39m[32m200[39m [90m830 ms - 124[39m
[35m[HTTP][39m [90m[39m
[35m[HTTP][39m [37m-->[39m [37mGET[39m [37m/wd/hub/session/c3ae60b8-cbb7-4997-9d13-e6e72b1b788a[39m
[35m[HTTP][39m [90m{}[39m
[35m[HTTP][39m [37m<-- GET /wd/hub/session/c3ae60b8-cbb7-4997-9d13-e6e72b1b788a [39m[32m200[39m [90m40 ms - 1133[39m
[35m[HTTP][39m [90m[39m
[35m[HTTP][39m [37m-->[39m [37mGET[39m [37m/wd/hub/session/c3ae60b8-cbb7-4997-9d13-e6e72b1b788a[39m
[35m[HTTP][39m [90m{}[39m
[35m[HTTP][39m [37m<-- GET /wd/hub/session/c3ae60b8-cbb7-4997-9d13-e6e72b1b788a [39m[32m200[39m [90m29 ms - 1133[39m
[35m[HTTP][39m [90m[39m
[35m[HTTP][39m [37m-->[39m [37mGET[39m [37m/wd/hub/session/c3ae60b8-cbb7-4997-9d13-e6e72b1b788a[39m
[35m[HTTP][39m [90m{}[39m
[35m[HTTP][39m [37m<-- GET /wd/hub/session/c3ae60b8-cbb7-4997-9d13-e6e72b1b788a [39m[32m200[39m [90m33 ms - 1133[39m
[35m[HTTP][39m [90m[39m
[35m[HTTP][39m [37m-->[39m [37mGET[39m [37m/wd/hub/session/c3ae60b8-cbb7-4997-9d13-e6e72b1b788a[39m
[35m[HTTP][39m [90m{}[39m
[35m[HTTP][39m [37m<-- GET /wd/hub/session/c3ae60b8-cbb7-4997-9d13-e6e72b1b788a [39m[32m200[39m [90m35 ms - 1133[39m
[35m[HTTP][39m [90m[39m
[35m[HTTP][39m [37m-->[39m [37mGET[39m [37m/wd/hub/session/c3ae60b8-cbb7-4997-9d13-e6e72b1b788a/element/d3ec985b-0c37-4820-bfe7-d78f0098c6d5/location[39m
[35m[HTTP][39m [90m{}[39m
[35m[W3C][39m Driver proxy active, passing request on via HTTP proxy
[35m[JSONWP Proxy][39m Replacing sessionId d2fbd12c-8861-40df-8570-09a7f81a6cf1 with c3ae60b8-cbb7-4997-9d13-e6e72b1b788a
[35m[HTTP][39m [37m<-- GET /wd/hub/session/c3ae60b8-cbb7-4997-9d13-e6e72b1b788a/element/d3ec985b-0c37-4820-bfe7-d78f0098c6d5/location [39m[32m200[39m [90m62 ms - 88[39m
[35m[HTTP][39m [90m[39m
[35m[HTTP][39m [37m-->[39m [37mGET[39m [37m/wd/hub/session/c3ae60b8-cbb7-4997-9d13-e6e72b1b788a/window/current/size[39m
[35m[HTTP][39m [90m{}[39m
[35m[W3C][39m Driver proxy active, passing request on via HTTP proxy
[35m[JSONWP Proxy][39m Replacing sessionId d2fbd12c-8861-40df-8570-09a7f81a6cf1 with c3ae60b8-cbb7-4997-9d13-e6e72b1b788a
[35m[HTTP][39m [37m<-- GET /wd/hub/session/c3ae60b8-cbb7-4997-9d13-e6e72b1b788a/window/current/size [39m[32m200[39m [90m71 ms - 100[39m
[35m[HTTP][39m [90m[39m
[35m[HTTP][39m [37m-->[39m [37mPOST[39m [37m/wd/hub/session/c3ae60b8-cbb7-4997-9d13-e6e72b1b788a/elements[39m
[35m[HTTP][39m [90m{"using":"-android uiautomator","value":"new UiSelector().className(\"android.widget.ImageView\").resourceId(\"it.sky.msa:id/heroImageImageView\").instance(0)"}[39m
[35m[HTTP][39m [37m<-- POST /wd/hub/session/c3ae60b8-cbb7-4997-9d13-e6e72b1b788a/elements [39m[32m200[39m [90m167 ms - 124[39m
[35m[HTTP][39m [90m[39m
[35m[HTTP][39m [37m-->[39m [37mGET[39m [37m/wd/hub/session/c3ae60b8-cbb7-4997-9d13-e6e72b1b788a[39m
[35m[HTTP][39m [90m{}[39m
[35m[HTTP][39m [37m<-- GET /wd/hub/session/c3ae60b8-cbb7-4997-9d13-e6e72b1b788a [39m[32m200[39m [90m40 ms - 1133[39m
[35m[HTTP][39m [90m[39m
[35m[HTTP][39m [37m-->[39m [37mGET[39m [37m/wd/hub/session/c3ae60b8-cbb7-4997-9d13-e6e72b1b788a[39m
[35m[HTTP][39m [90m{}[39m
[35m[HTTP][39m [37m<-- GET /wd/hub/session/c3ae60b8-cbb7-4997-9d13-e6e72b1b788a [39m[32m200[39m [90m31 ms - 1133[39m
[35m[HTTP][39m [90m[39m
[35m[HTTP][39m [37m-->[39m [37mGET[39m [37m/wd/hub/session/c3ae60b8-cbb7-4997-9d13-e6e72b1b788a[39m
[35m[HTTP][39m [90m{}[39m
[35m[HTTP][39m [37m<-- GET /wd/hub/session/c3ae60b8-cbb7-4997-9d13-e6e72b1b788a [39m[32m200[39m [90m30 ms - 1133[39m
[35m[HTTP][39m [90m[39m
[35m[HTTP][39m [37m-->[39m [37mGET[39m [37m/wd/hub/session/c3ae60b8-cbb7-4997-9d13-e6e72b1b788a[39m
[35m[HTTP][39m [90m{}[39m
[35m[HTTP][39m [37m<-- GET /wd/hub/session/c3ae60b8-cbb7-4997-9d13-e6e72b1b788a [39m[32m200[39m [90m26 ms - 1133[39m
[35m[HTTP][39m [90m[39m
[35m[HTTP][39m [37m-->[39m [37mGET[39m [37m/wd/hub/session/c3ae60b8-cbb7-4997-9d13-e6e72b1b788a/element/3d454ce6-a090-4437-ae8d-8da9c7d5f63a/location[39m
[35m[HTTP][39m [90m{}[39m
[35m[W3C][39m Driver proxy active, passing request on via HTTP proxy
[35m[JSONWP Proxy][39m Replacing sessionId d2fbd12c-8861-40df-8570-09a7f81a6cf1 with c3ae60b8-cbb7-4997-9d13-e6e72b1b788a
[35m[HTTP][39m [37m<-- GET /wd/hub/session/c3ae60b8-cbb7-4997-9d13-e6e72b1b788a/element/3d454ce6-a090-4437-ae8d-8da9c7d5f63a/location [39m[32m200[39m [90m59 ms - 87[39m
[35m[HTTP][39m [90m[39m
[35m[HTTP][39m [37m-->[39m [37mGET[39m [37m/wd/hub/session/c3ae60b8-cbb7-4997-9d13-e6e72b1b788a/element/3d454ce6-a090-4437-ae8d-8da9c7d5f63a/attribute/resourceId[39m
[35m[HTTP][39m [90m{}[39m
[35m[HTTP][39m [37m<-- GET /wd/hub/session/c3ae60b8-cbb7-4997-9d13-e6e72b1b788a/element/3d454ce6-a090-4437-ae8d-8da9c7d5f63a/attribute/resourceId [39m[32m200[39m [90m60 ms - 106[39m
[35m[HTTP][39m [90m[39m
[35m[HTTP][39m [37m-->[39m [37mGET[39m [37m/wd/hub/session/c3ae60b8-cbb7-4997-9d13-e6e72b1b788a/window/current/size[39m
[35m[HTTP][39m [90m{}[39m
[35m[W3C][39m Driver proxy active, passing request on via HTTP proxy
[35m[JSONWP Proxy][39m Replacing sessionId d2fbd12c-8861-40df-8570-09a7f81a6cf1 with c3ae60b8-cbb7-4997-9d13-e6e72b1b788a
[35m[HTTP][39m [37m<-- GET /wd/hub/session/c3ae60b8-cbb7-4997-9d13-e6e72b1b788a/window/current/size [39m[32m200[39m [90m38 ms - 100[39m
[35m[HTTP][39m [90m[39m
[35m[HTTP][39m [37m-->[39m [37mPOST[39m [37m/wd/hub/session/c3ae60b8-cbb7-4997-9d13-e6e72b1b788a/elements[39m
[35m[HTTP][39m [90m{"using":"-android uiautomator","value":"new UiSelector().className(\"android.widget.TextView\").text(\"IN EVIDENZA\").resourceId(\"it.sky.msa:id/heroPromoTextView\").instance(6)"}[39m
[35m[HTTP][39m [37m<-- POST /wd/hub/session/c3ae60b8-cbb7-4997-9d13-e6e72b1b788a/elements [39m[32m200[39m [90m156 ms - 124[39m
[35m[HTTP][39m [90m[39m
[35m[HTTP][39m [37m-->[39m [37mGET[39m [37m/wd/hub/session/c3ae60b8-cbb7-4997-9d13-e6e72b1b788a[39m
[35m[HTTP][39m [90m{}[39m
[35m[HTTP][39m [37m<-- GET /wd/hub/session/c3ae60b8-cbb7-4997-9d13-e6e72b1b788a [39m[32m200[39m [90m26 ms - 1133[39m
[35m[HTTP][39m [90m[39m
[35m[HTTP][39m [37m-->[39m [37mGET[39m [37m/wd/hub/session/c3ae60b8-cbb7-4997-9d13-e6e72b1b788a[39m
[35m[HTTP][39m [90m{}[39m
[35m[HTTP][39m [37m<-- GET /wd/hub/session/c3ae60b8-cbb7-4997-9d13-e6e72b1b788a [39m[32m200[39m [90m26 ms - 1133[39m
[35m[HTTP][39m [90m[39m
[35m[HTTP][39m [37m-->[39m [37mGET[39m [37m/wd/hub/session/c3ae60b8-cbb7-4997-9d13-e6e72b1b788a[39m
[35m[HTTP][39m [90m{}[39m
[35m[HTTP][39m [37m<-- GET /wd/hub/session/c3ae60b8-cbb7-4997-9d13-e6e72b1b788a [39m[32m200[39m [90m28 ms - 1133[39m
[35m[HTTP][39m [90m[39m
[35m[HTTP][39m [37m-->[39m [37mGET[39m [37m/wd/hub/session/c3ae60b8-cbb7-4997-9d13-e6e72b1b788a[39m
[35m[HTTP][39m [90m{}[39m
[35m[HTTP][39m [37m<-- GET /wd/hub/session/c3ae60b8-cbb7-4997-9d13-e6e72b1b788a [39m[32m200[39m [90m28 ms - 1133[39m
[35m[HTTP][39m [90m[39m
[35m[HTTP][39m [37m-->[39m [37mGET[39m [37m/wd/hub/session/c3ae60b8-cbb7-4997-9d13-e6e72b1b788a/element/04818889-baf4-408c-b4ff-23b1b2ef7a17/location[39m
[35m[HTTP][39m [90m{}[39m
[35m[W3C][39m Driver proxy active, passing request on via HTTP proxy
[35m[JSONWP Proxy][39m Replacing sessionId d2fbd12c-8861-40df-8570-09a7f81a6cf1 with c3ae60b8-cbb7-4997-9d13-e6e72b1b788a
[35m[HTTP][39m [37m<-- GET /wd/hub/session/c3ae60b8-cbb7-4997-9d13-e6e72b1b788a/element/04818889-baf4-408c-b4ff-23b1b2ef7a17/location [39m[32m200[39m [90m50 ms - 88[39m
[35m[HTTP][39m [90m[39m
[35m[HTTP][39m [37m-->[39m [37mGET[39m [37m/wd/hub/session/c3ae60b8-cbb7-4997-9d13-e6e72b1b788a/element/04818889-baf4-408c-b4ff-23b1b2ef7a17/text[39m
[35m[HTTP][39m [90m{}[39m
[35m[W3C][39m Driver proxy active, passing request on via HTTP proxy
[35m[JSONWP Proxy][39m Replacing sessionId d2fbd12c-8861-40df-8570-09a7f81a6cf1 with c3ae60b8-cbb7-4997-9d13-e6e72b1b788a
[35m[HTTP][39m [37m<-- GET /wd/hub/session/c3ae60b8-cbb7-4997-9d13-e6e72b1b788a/element/04818889-baf4-408c-b4ff-23b1b2ef7a17/text [39m[32m200[39m [90m85 ms - 85[39m
[35m[HTTP][39m [90m[39m
[35m[HTTP][39m [37m-->[39m [37mGET[39m [37m/wd/hub/session/c3ae60b8-cbb7-4997-9d13-e6e72b1b788a/window/current/size[39m
[35m[HTTP][39m [90m{}[39m
[35m[W3C][39m Driver proxy active, passing request on via HTTP proxy
[35m[JSONWP Proxy][39m Replacing sessionId d2fbd12c-8861-40df-8570-09a7f81a6cf1 with c3ae60b8-cbb7-4997-9d13-e6e72b1b788a
[35m[HTTP][39m [37m<-- GET /wd/hub/session/c3ae60b8-cbb7-4997-9d13-e6e72b1b788a/window/current/size [39m[32m200[39m [90m44 ms - 100[39m
[35m[HTTP][39m [90m[39m
[35m[HTTP][39m [37m-->[39m [37mPOST[39m [37m/wd/hub/session/c3ae60b8-cbb7-4997-9d13-e6e72b1b788a/elements[39m
[35m[HTTP][39m [90m{"using":"-android uiautomator","value":"new UiSelector().className(\"android.widget.TextView\").resourceId(\"it.sky.msa:id/heroTitleTextView\").instance(7)"}[39m
[35m[HTTP][39m [37m<-- POST /wd/hub/session/c3ae60b8-cbb7-4997-9d13-e6e72b1b788a/elements [39m[32m200[39m [90m139 ms - 124[39m
[35m[HTTP][39m [90m[39m
[35m[HTTP][39m [37m-->[39m [37mGET[39m [37m/wd/hub/session/c3ae60b8-cbb7-4997-9d13-e6e72b1b788a[39m
[35m[HTTP][39m [90m{}[39m
[35m[HTTP][39m [37m<-- GET /wd/hub/session/c3ae60b8-cbb7-4997-9d13-e6e72b1b788a [39m[32m200[39m [90m30 ms - 1133[39m
[35m[HTTP][39m [90m[39m
[35m[HTTP][39m [37m-->[39m [37mGET[39m [37m/wd/hub/session/c3ae60b8-cbb7-4997-9d13-e6e72b1b788a[39m
[35m[HTTP][39m [90m{}[39m
[35m[HTTP][39m [37m<-- GET /wd/hub/session/c3ae60b8-cbb7-4997-9d13-e6e72b1b788a [39m[32m200[39m [90m28 ms - 1133[39m
[35m[HTTP][39m [90m[39m
[35m[HTTP][39m [37m-->[39m [37mGET[39m [37m/wd/hub/session/c3ae60b8-cbb7-4997-9d13-e6e72b1b788a[39m
[35m[HTTP][39m [90m{}[39m
[35m[HTTP][39m [37m<-- GET /wd/hub/session/c3ae60b8-cbb7-4997-9d13-e6e72b1b788a [39m[32m200[39m [90m26 ms - 1133[39m
[35m[HTTP][39m [90m[39m
[35m[HTTP][39m [37m-->[39m [37mGET[39m [37m/wd/hub/session/c3ae60b8-cbb7-4997-9d13-e6e72b1b788a[39m
[35m[HTTP][39m [90m{}[39m
[35m[HTTP][39m [37m<-- GET /wd/hub/session/c3ae60b8-cbb7-4997-9d13-e6e72b1b788a [39m[32m200[39m [90m27 ms - 1133[39m
[35m[HTTP][39m [90m[39m
[35m[HTTP][39m [37m-->[39m [37mGET[39m [37m/wd/hub/session/c3ae60b8-cbb7-4997-9d13-e6e72b1b788a/element/826fe24e-f437-4ad3-bb5e-6951c020abae/location[39m
[35m[HTTP][39m [90m{}[39m
[35m[W3C][39m Driver proxy active, passing request on via HTTP proxy
[35m[JSONWP Proxy][39m Replacing sessionId d2fbd12c-8861-40df-8570-09a7f81a6cf1 with c3ae60b8-cbb7-4997-9d13-e6e72b1b788a
[35m[HTTP][39m [37m<-- GET /wd/hub/session/c3ae60b8-cbb7-4997-9d13-e6e72b1b788a/element/826fe24e-f437-4ad3-bb5e-6951c020abae/location [39m[32m200[39m [90m70 ms - 88[39m
[35m[HTTP][39m [90m[39m
[35m[HTTP][39m [37m-->[39m [37mGET[39m [37m/wd/hub/session/c3ae60b8-cbb7-4997-9d13-e6e72b1b788a/window/current/size[39m
[35m[HTTP][39m [90m{}[39m
[35m[W3C][39m Driver proxy active, passing request on via HTTP proxy
[35m[JSONWP Proxy][39m Replacing sessionId d2fbd12c-8861-40df-8570-09a7f81a6cf1 with c3ae60b8-cbb7-4997-9d13-e6e72b1b788a
[35m[HTTP][39m [37m<-- GET /wd/hub/session/c3ae60b8-cbb7-4997-9d13-e6e72b1b788a/window/current/size [39m[32m200[39m [90m42 ms - 100[39m
[35m[HTTP][39m [90m[39m
[35m[HTTP][39m [37m-->[39m [37mPOST[39m [37m/wd/hub/session/c3ae60b8-cbb7-4997-9d13-e6e72b1b788a/elements[39m
[35m[HTTP][39m [90m{"using":"-android uiautomator","value":"new UiSelector().className(\"android.widget.TextView\").resourceId(\"it.sky.msa:id/heroCaptionTextView\").instance(8)"}[39m
[35m[HTTP][39m [37m<-- POST /wd/hub/session/c3ae60b8-cbb7-4997-9d13-e6e72b1b788a/elements [39m[32m200[39m [90m124 ms - 124[39m
[35m[HTTP][39m [90m[39m
[35m[HTTP][39m [37m-->[39m [37mGET[39m [37m/wd/hub/session/c3ae60b8-cbb7-4997-9d13-e6e72b1b788a[39m
[35m[HTTP][39m [90m{}[39m
[35m[HTTP][39m [37m<-- GET /wd/hub/session/c3ae60b8-cbb7-4997-9d13-e6e72b1b788a [39m[32m200[39m [90m29 ms - 1133[39m
[35m[HTTP][39m [90m[39m
[35m[HTTP][39m [37m-->[39m [37mGET[39m [37m/wd/hub/session/c3ae60b8-cbb7-4997-9d13-e6e72b1b788a[39m
[35m[HTTP][39m [90m{}[39m
[35m[HTTP][39m [37m<-- GET /wd/hub/session/c3ae60b8-cbb7-4997-9d13-e6e72b1b788a [39m[32m200[39m [90m24 ms - 1133[39m
[35m[HTTP][39m [90m[39m
[35m[HTTP][39m [37m-->[39m [37mGET[39m [37m/wd/hub/session/c3ae60b8-cbb7-4997-9d13-e6e72b1b788a[39m
[35m[HTTP][39m [90m{}[39m
[35m[HTTP][39m [37m<-- GET /wd/hub/session/c3ae60b8-cbb7-4997-9d13-e6e72b1b788a [39m[32m200[39m [90m27 ms - 1133[39m
[35m[HTTP][39m [90m[39m
[35m[HTTP][39m [37m-->[39m [37mGET[39m [37m/wd/hub/session/c3ae60b8-cbb7-4997-9d13-e6e72b1b788a[39m
[35m[HTTP][39m [90m{}[39m
[35m[HTTP][39m [37m<-- GET /wd/hub/session/c3ae60b8-cbb7-4997-9d13-e6e72b1b788a [39m[32m200[39m [90m31 ms - 1133[39m
[35m[HTTP][39m [90m[39m
[35m[HTTP][39m [37m-->[39m [37mGET[39m [37m/wd/hub/session/c3ae60b8-cbb7-4997-9d13-e6e72b1b788a/element/76f8c755-c07a-4618-8af3-0ae86e2366fa/location[39m
[35m[HTTP][39m [90m{}[39m
[35m[W3C][39m Driver proxy active, passing request on via HTTP proxy
[35m[JSONWP Proxy][39m Replacing sessionId d2fbd12c-8861-40df-8570-09a7f81a6cf1 with c3ae60b8-cbb7-4997-9d13-e6e72b1b788a
[35m[HTTP][39m [37m<-- GET /wd/hub/session/c3ae60b8-cbb7-4997-9d13-e6e72b1b788a/element/76f8c755-c07a-4618-8af3-0ae86e2366fa/location [39m[32m200[39m [90m63 ms - 89[39m
[35m[HTTP][39m [90m[39m
[35m[HTTP][39m [37m-->[39m [37mGET[39m [37m/wd/hub/session/c3ae60b8-cbb7-4997-9d13-e6e72b1b788a/window/current/size[39m
[35m[HTTP][39m [90m{}[39m
[35m[W3C][39m Driver proxy active, passing request on via HTTP proxy
[35m[JSONWP Proxy][39m Replacing sessionId d2fbd12c-8861-40df-8570-09a7f81a6cf1 with c3ae60b8-cbb7-4997-9d13-e6e72b1b788a
[35m[HTTP][39m [37m<-- GET /wd/hub/session/c3ae60b8-cbb7-4997-9d13-e6e72b1b788a/window/current/size [39m[32m200[39m [90m38 ms - 100[39m
[35m[HTTP][39m [90m[39m
[35m[HTTP][39m [37m-->[39m [37mPOST[39m [37m/wd/hub/session/c3ae60b8-cbb7-4997-9d13-e6e72b1b788a/elements[39m
[35m[HTTP][39m [90m{"using":"-android uiautomator","value":"new UiSelector().className(\"android.widget.TextView\").resourceId(\"it.sky.msa:id/heroCaptionTextView\").instance(8)"}[39m
[35m[HTTP][39m [37m<-- POST /wd/hub/session/c3ae60b8-cbb7-4997-9d13-e6e72b1b788a/elements [39m[32m200[39m [90m111 ms - 124[39m
[35m[HTTP][39m [90m[39m
[35m[HTTP][39m [37m-->[39m [37mGET[39m [37m/wd/hub/session/c3ae60b8-cbb7-4997-9d13-e6e72b1b788a[39m
[35m[HTTP][39m [90m{}[39m
[35m[HTTP][39m [37m<-- GET /wd/hub/session/c3ae60b8-cbb7-4997-9d13-e6e72b1b788a [39m[32m200[39m [90m25 ms - 1133[39m
[35m[HTTP][39m [90m[39m
[35m[HTTP][39m [37m-->[39m [37mGET[39m [37m/wd/hub/session/c3ae60b8-cbb7-4997-9d13-e6e72b1b788a[39m
[35m[HTTP][39m [90m{}[39m
[35m[HTTP][39m [37m<-- GET /wd/hub/session/c3ae60b8-cbb7-4997-9d13-e6e72b1b788a [39m[32m200[39m [90m25 ms - 1133[39m
[35m[HTTP][39m [90m[39m
[35m[HTTP][39m [37m-->[39m [37mGET[39m [37m/wd/hub/session/c3ae60b8-cbb7-4997-9d13-e6e72b1b788a[39m
[35m[HTTP][39m [90m{}[39m
[35m[HTTP][39m [37m<-- GET /wd/hub/session/c3ae60b8-cbb7-4997-9d13-e6e72b1b788a [39m[32m200[39m [90m37 ms - 1133[39m
[35m[HTTP][39m [90m[39m
[35m[HTTP][39m [37m-->[39m [37mGET[39m [37m/wd/hub/session/c3ae60b8-cbb7-4997-9d13-e6e72b1b788a[39m
[35m[HTTP][39m [90m{}[39m
[35m[HTTP][39m [37m<-- GET /wd/hub/session/c3ae60b8-cbb7-4997-9d13-e6e72b1b788a [39m[32m200[39m [90m35 ms - 1133[39m
[35m[HTTP][39m [90m[39m
[35m[HTTP][39m [37m-->[39m [37mGET[39m [37m/wd/hub/session/c3ae60b8-cbb7-4997-9d13-e6e72b1b788a/element/cb9e6619-0c8e-417f-929b-d22ed7eec748/location[39m
[35m[HTTP][39m [90m{}[39m
[35m[W3C][39m Driver proxy active, passing request on via HTTP proxy
[35m[JSONWP Proxy][39m Replacing sessionId d2fbd12c-8861-40df-8570-09a7f81a6cf1 with c3ae60b8-cbb7-4997-9d13-e6e72b1b788a
[35m[HTTP][39m [37m<-- GET /wd/hub/session/c3ae60b8-cbb7-4997-9d13-e6e72b1b788a/element/cb9e6619-0c8e-417f-929b-d22ed7eec748/location [39m[32m200[39m [90m52 ms - 89[39m
[35m[HTTP][39m [90m[39m
[35m[HTTP][39m [37m-->[39m [37mGET[39m [37m/wd/hub/session/c3ae60b8-cbb7-4997-9d13-e6e72b1b788a/element/cb9e6619-0c8e-417f-929b-d22ed7eec748/text[39m
[35m[HTTP][39m [90m{}[39m
[35m[W3C][39m Driver proxy active, passing request on via HTTP proxy
[35m[JSONWP Proxy][39m Replacing sessionId d2fbd12c-8861-40df-8570-09a7f81a6cf1 with c3ae60b8-cbb7-4997-9d13-e6e72b1b788a
[35m[HTTP][39m [37m<-- GET /wd/hub/session/c3ae60b8-cbb7-4997-9d13-e6e72b1b788a/element/cb9e6619-0c8e-417f-929b-d22ed7eec748/text [39m[32m200[39m [90m57 ms - 89[39m
[35m[HTTP][39m [90m[39m
[35m[HTTP][39m [37m-->[39m [37mDELETE[39m [37m/wd/hub/session/c3ae60b8-cbb7-4997-9d13-e6e72b1b788a[39m
[35m[HTTP][39m [90m{}[39m
[35m[Appium][39m Removing session c3ae60b8-cbb7-4997-9d13-e6e72b1b788a from our master session list
[35m[HTTP][39m [37m<-- DELETE /wd/hub/session/c3ae60b8-cbb7-4997-9d13-e6e72b1b788a [39m[32m200[39m [90m276 ms - 76[39m
[35m[HTTP][39m [90m[39m
